[2024-04-06T23:09:36.402+0000] {processor.py:161} INFO - Started process (PID=68388) to work on /home/malangdataguy/miniconda3/envs/airflow_mdg/lib/python3.8/site-packages/airflow/example_dags/example_dag_decorator.py
[2024-04-06T23:09:36.403+0000] {processor.py:830} INFO - Processing file /home/malangdataguy/miniconda3/envs/airflow_mdg/lib/python3.8/site-packages/airflow/example_dags/example_dag_decorator.py for tasks to queue
[2024-04-06T23:09:36.405+0000] {logging_mixin.py:188} INFO - [2024-04-06T23:09:36.404+0000] {dagbag.py:540} INFO - Filling up the DagBag from /home/malangdataguy/miniconda3/envs/airflow_mdg/lib/python3.8/site-packages/airflow/example_dags/example_dag_decorator.py
[2024-04-06T23:09:36.528+0000] {processor.py:840} INFO - DAG(s) 'example_dag_decorator' retrieved from /home/malangdataguy/miniconda3/envs/airflow_mdg/lib/python3.8/site-packages/airflow/example_dags/example_dag_decorator.py
[2024-04-06T23:09:36.666+0000] {logging_mixin.py:188} INFO - [2024-04-06T23:09:36.666+0000] {dag.py:3047} INFO - Sync 1 DAGs
[2024-04-06T23:09:36.681+0000] {logging_mixin.py:188} INFO - [2024-04-06T23:09:36.680+0000] {dag.py:3834} INFO - Setting next_dagrun for example_dag_decorator to None, run_after=None
[2024-04-06T23:09:36.712+0000] {processor.py:183} INFO - Processing /home/malangdataguy/miniconda3/envs/airflow_mdg/lib/python3.8/site-packages/airflow/example_dags/example_dag_decorator.py took 0.317 seconds
[2024-04-06T23:10:31.002+0000] {processor.py:161} INFO - Started process (PID=68438) to work on /home/malangdataguy/miniconda3/envs/airflow_mdg/lib/python3.8/site-packages/airflow/example_dags/example_dag_decorator.py
[2024-04-06T23:10:31.005+0000] {processor.py:830} INFO - Processing file /home/malangdataguy/miniconda3/envs/airflow_mdg/lib/python3.8/site-packages/airflow/example_dags/example_dag_decorator.py for tasks to queue
[2024-04-06T23:10:31.007+0000] {logging_mixin.py:188} INFO - [2024-04-06T23:10:31.006+0000] {dagbag.py:540} INFO - Filling up the DagBag from /home/malangdataguy/miniconda3/envs/airflow_mdg/lib/python3.8/site-packages/airflow/example_dags/example_dag_decorator.py
[2024-04-06T23:10:31.120+0000] {processor.py:840} INFO - DAG(s) 'example_dag_decorator' retrieved from /home/malangdataguy/miniconda3/envs/airflow_mdg/lib/python3.8/site-packages/airflow/example_dags/example_dag_decorator.py
[2024-04-06T23:10:31.258+0000] {logging_mixin.py:188} INFO - [2024-04-06T23:10:31.258+0000] {dag.py:3047} INFO - Sync 1 DAGs
[2024-04-06T23:10:31.273+0000] {logging_mixin.py:188} INFO - [2024-04-06T23:10:31.272+0000] {dag.py:3834} INFO - Setting next_dagrun for example_dag_decorator to None, run_after=None
[2024-04-06T23:10:31.310+0000] {processor.py:183} INFO - Processing /home/malangdataguy/miniconda3/envs/airflow_mdg/lib/python3.8/site-packages/airflow/example_dags/example_dag_decorator.py took 0.313 seconds
[2024-04-06T23:11:20.293+0000] {processor.py:161} INFO - Started process (PID=68498) to work on /home/malangdataguy/miniconda3/envs/airflow_mdg/lib/python3.8/site-packages/airflow/example_dags/example_dag_decorator.py
[2024-04-06T23:11:20.296+0000] {processor.py:830} INFO - Processing file /home/malangdataguy/miniconda3/envs/airflow_mdg/lib/python3.8/site-packages/airflow/example_dags/example_dag_decorator.py for tasks to queue
[2024-04-06T23:11:20.298+0000] {logging_mixin.py:188} INFO - [2024-04-06T23:11:20.297+0000] {dagbag.py:540} INFO - Filling up the DagBag from /home/malangdataguy/miniconda3/envs/airflow_mdg/lib/python3.8/site-packages/airflow/example_dags/example_dag_decorator.py
[2024-04-06T23:11:20.417+0000] {processor.py:840} INFO - DAG(s) 'example_dag_decorator' retrieved from /home/malangdataguy/miniconda3/envs/airflow_mdg/lib/python3.8/site-packages/airflow/example_dags/example_dag_decorator.py
[2024-04-06T23:11:20.544+0000] {logging_mixin.py:188} INFO - [2024-04-06T23:11:20.544+0000] {dag.py:3047} INFO - Sync 1 DAGs
[2024-04-06T23:11:20.558+0000] {logging_mixin.py:188} INFO - [2024-04-06T23:11:20.557+0000] {dag.py:3834} INFO - Setting next_dagrun for example_dag_decorator to None, run_after=None
[2024-04-06T23:11:20.595+0000] {processor.py:183} INFO - Processing /home/malangdataguy/miniconda3/envs/airflow_mdg/lib/python3.8/site-packages/airflow/example_dags/example_dag_decorator.py took 0.308 seconds
[2024-04-06T23:12:21.699+0000] {processor.py:161} INFO - Started process (PID=68560) to work on /home/malangdataguy/miniconda3/envs/airflow_mdg/lib/python3.8/site-packages/airflow/example_dags/example_dag_decorator.py
[2024-04-06T23:12:21.702+0000] {processor.py:830} INFO - Processing file /home/malangdataguy/miniconda3/envs/airflow_mdg/lib/python3.8/site-packages/airflow/example_dags/example_dag_decorator.py for tasks to queue
[2024-04-06T23:12:21.703+0000] {logging_mixin.py:188} INFO - [2024-04-06T23:12:21.703+0000] {dagbag.py:540} INFO - Filling up the DagBag from /home/malangdataguy/miniconda3/envs/airflow_mdg/lib/python3.8/site-packages/airflow/example_dags/example_dag_decorator.py
[2024-04-06T23:12:21.813+0000] {processor.py:840} INFO - DAG(s) 'example_dag_decorator' retrieved from /home/malangdataguy/miniconda3/envs/airflow_mdg/lib/python3.8/site-packages/airflow/example_dags/example_dag_decorator.py
[2024-04-06T23:12:21.934+0000] {logging_mixin.py:188} INFO - [2024-04-06T23:12:21.934+0000] {dag.py:3047} INFO - Sync 1 DAGs
[2024-04-06T23:12:21.949+0000] {logging_mixin.py:188} INFO - [2024-04-06T23:12:21.948+0000] {dag.py:3834} INFO - Setting next_dagrun for example_dag_decorator to None, run_after=None
[2024-04-06T23:12:21.983+0000] {processor.py:183} INFO - Processing /home/malangdataguy/miniconda3/envs/airflow_mdg/lib/python3.8/site-packages/airflow/example_dags/example_dag_decorator.py took 0.289 seconds
[2024-04-06T23:13:22.426+0000] {processor.py:161} INFO - Started process (PID=68621) to work on /home/malangdataguy/miniconda3/envs/airflow_mdg/lib/python3.8/site-packages/airflow/example_dags/example_dag_decorator.py
[2024-04-06T23:13:22.428+0000] {processor.py:830} INFO - Processing file /home/malangdataguy/miniconda3/envs/airflow_mdg/lib/python3.8/site-packages/airflow/example_dags/example_dag_decorator.py for tasks to queue
[2024-04-06T23:13:22.430+0000] {logging_mixin.py:188} INFO - [2024-04-06T23:13:22.429+0000] {dagbag.py:540} INFO - Filling up the DagBag from /home/malangdataguy/miniconda3/envs/airflow_mdg/lib/python3.8/site-packages/airflow/example_dags/example_dag_decorator.py
[2024-04-06T23:13:22.532+0000] {processor.py:840} INFO - DAG(s) 'example_dag_decorator' retrieved from /home/malangdataguy/miniconda3/envs/airflow_mdg/lib/python3.8/site-packages/airflow/example_dags/example_dag_decorator.py
[2024-04-06T23:13:22.644+0000] {logging_mixin.py:188} INFO - [2024-04-06T23:13:22.643+0000] {dag.py:3047} INFO - Sync 1 DAGs
[2024-04-06T23:13:22.655+0000] {logging_mixin.py:188} INFO - [2024-04-06T23:13:22.655+0000] {dag.py:3834} INFO - Setting next_dagrun for example_dag_decorator to None, run_after=None
[2024-04-06T23:13:22.684+0000] {processor.py:183} INFO - Processing /home/malangdataguy/miniconda3/envs/airflow_mdg/lib/python3.8/site-packages/airflow/example_dags/example_dag_decorator.py took 0.263 seconds
[2024-04-06T23:14:25.726+0000] {processor.py:161} INFO - Started process (PID=68686) to work on /home/malangdataguy/miniconda3/envs/airflow_mdg/lib/python3.8/site-packages/airflow/example_dags/example_dag_decorator.py
[2024-04-06T23:14:25.729+0000] {processor.py:830} INFO - Processing file /home/malangdataguy/miniconda3/envs/airflow_mdg/lib/python3.8/site-packages/airflow/example_dags/example_dag_decorator.py for tasks to queue
[2024-04-06T23:14:25.730+0000] {logging_mixin.py:188} INFO - [2024-04-06T23:14:25.729+0000] {dagbag.py:540} INFO - Filling up the DagBag from /home/malangdataguy/miniconda3/envs/airflow_mdg/lib/python3.8/site-packages/airflow/example_dags/example_dag_decorator.py
[2024-04-06T23:14:25.836+0000] {processor.py:840} INFO - DAG(s) 'example_dag_decorator' retrieved from /home/malangdataguy/miniconda3/envs/airflow_mdg/lib/python3.8/site-packages/airflow/example_dags/example_dag_decorator.py
[2024-04-06T23:14:25.962+0000] {logging_mixin.py:188} INFO - [2024-04-06T23:14:25.961+0000] {dag.py:3047} INFO - Sync 1 DAGs
[2024-04-06T23:14:25.975+0000] {logging_mixin.py:188} INFO - [2024-04-06T23:14:25.975+0000] {dag.py:3834} INFO - Setting next_dagrun for example_dag_decorator to None, run_after=None
[2024-04-06T23:14:26.007+0000] {processor.py:183} INFO - Processing /home/malangdataguy/miniconda3/envs/airflow_mdg/lib/python3.8/site-packages/airflow/example_dags/example_dag_decorator.py took 0.289 seconds
[2024-04-06T23:15:25.411+0000] {processor.py:161} INFO - Started process (PID=68747) to work on /home/malangdataguy/miniconda3/envs/airflow_mdg/lib/python3.8/site-packages/airflow/example_dags/example_dag_decorator.py
[2024-04-06T23:15:25.415+0000] {processor.py:830} INFO - Processing file /home/malangdataguy/miniconda3/envs/airflow_mdg/lib/python3.8/site-packages/airflow/example_dags/example_dag_decorator.py for tasks to queue
[2024-04-06T23:15:25.417+0000] {logging_mixin.py:188} INFO - [2024-04-06T23:15:25.416+0000] {dagbag.py:540} INFO - Filling up the DagBag from /home/malangdataguy/miniconda3/envs/airflow_mdg/lib/python3.8/site-packages/airflow/example_dags/example_dag_decorator.py
[2024-04-06T23:15:25.543+0000] {processor.py:840} INFO - DAG(s) 'example_dag_decorator' retrieved from /home/malangdataguy/miniconda3/envs/airflow_mdg/lib/python3.8/site-packages/airflow/example_dags/example_dag_decorator.py
[2024-04-06T23:15:25.575+0000] {logging_mixin.py:188} INFO - [2024-04-06T23:15:25.574+0000] {dag.py:3047} INFO - Sync 1 DAGs
[2024-04-06T23:15:25.593+0000] {logging_mixin.py:188} INFO - [2024-04-06T23:15:25.593+0000] {dag.py:3834} INFO - Setting next_dagrun for example_dag_decorator to None, run_after=None
[2024-04-06T23:15:25.626+0000] {processor.py:183} INFO - Processing /home/malangdataguy/miniconda3/envs/airflow_mdg/lib/python3.8/site-packages/airflow/example_dags/example_dag_decorator.py took 0.221 seconds
[2024-04-06T23:16:23.170+0000] {processor.py:161} INFO - Started process (PID=68809) to work on /home/malangdataguy/miniconda3/envs/airflow_mdg/lib/python3.8/site-packages/airflow/example_dags/example_dag_decorator.py
[2024-04-06T23:16:23.172+0000] {processor.py:830} INFO - Processing file /home/malangdataguy/miniconda3/envs/airflow_mdg/lib/python3.8/site-packages/airflow/example_dags/example_dag_decorator.py for tasks to queue
[2024-04-06T23:16:23.174+0000] {logging_mixin.py:188} INFO - [2024-04-06T23:16:23.173+0000] {dagbag.py:540} INFO - Filling up the DagBag from /home/malangdataguy/miniconda3/envs/airflow_mdg/lib/python3.8/site-packages/airflow/example_dags/example_dag_decorator.py
[2024-04-06T23:16:23.282+0000] {processor.py:840} INFO - DAG(s) 'example_dag_decorator' retrieved from /home/malangdataguy/miniconda3/envs/airflow_mdg/lib/python3.8/site-packages/airflow/example_dags/example_dag_decorator.py
[2024-04-06T23:16:23.403+0000] {logging_mixin.py:188} INFO - [2024-04-06T23:16:23.403+0000] {dag.py:3047} INFO - Sync 1 DAGs
[2024-04-06T23:16:23.416+0000] {logging_mixin.py:188} INFO - [2024-04-06T23:16:23.416+0000] {dag.py:3834} INFO - Setting next_dagrun for example_dag_decorator to None, run_after=None
[2024-04-06T23:16:23.451+0000] {processor.py:183} INFO - Processing /home/malangdataguy/miniconda3/envs/airflow_mdg/lib/python3.8/site-packages/airflow/example_dags/example_dag_decorator.py took 0.286 seconds
[2024-04-06T23:17:22.157+0000] {processor.py:161} INFO - Started process (PID=68877) to work on /home/malangdataguy/miniconda3/envs/airflow_mdg/lib/python3.8/site-packages/airflow/example_dags/example_dag_decorator.py
[2024-04-06T23:17:22.160+0000] {processor.py:830} INFO - Processing file /home/malangdataguy/miniconda3/envs/airflow_mdg/lib/python3.8/site-packages/airflow/example_dags/example_dag_decorator.py for tasks to queue
[2024-04-06T23:17:22.162+0000] {logging_mixin.py:188} INFO - [2024-04-06T23:17:22.162+0000] {dagbag.py:540} INFO - Filling up the DagBag from /home/malangdataguy/miniconda3/envs/airflow_mdg/lib/python3.8/site-packages/airflow/example_dags/example_dag_decorator.py
[2024-04-06T23:17:22.277+0000] {processor.py:840} INFO - DAG(s) 'example_dag_decorator' retrieved from /home/malangdataguy/miniconda3/envs/airflow_mdg/lib/python3.8/site-packages/airflow/example_dags/example_dag_decorator.py
[2024-04-06T23:17:22.405+0000] {logging_mixin.py:188} INFO - [2024-04-06T23:17:22.404+0000] {dag.py:3047} INFO - Sync 1 DAGs
[2024-04-06T23:17:22.417+0000] {logging_mixin.py:188} INFO - [2024-04-06T23:17:22.417+0000] {dag.py:3834} INFO - Setting next_dagrun for example_dag_decorator to None, run_after=None
[2024-04-06T23:17:22.453+0000] {processor.py:183} INFO - Processing /home/malangdataguy/miniconda3/envs/airflow_mdg/lib/python3.8/site-packages/airflow/example_dags/example_dag_decorator.py took 0.301 seconds
[2024-04-06T23:18:26.410+0000] {processor.py:161} INFO - Started process (PID=68942) to work on /home/malangdataguy/miniconda3/envs/airflow_mdg/lib/python3.8/site-packages/airflow/example_dags/example_dag_decorator.py
[2024-04-06T23:18:26.413+0000] {processor.py:830} INFO - Processing file /home/malangdataguy/miniconda3/envs/airflow_mdg/lib/python3.8/site-packages/airflow/example_dags/example_dag_decorator.py for tasks to queue
[2024-04-06T23:18:26.414+0000] {logging_mixin.py:188} INFO - [2024-04-06T23:18:26.414+0000] {dagbag.py:540} INFO - Filling up the DagBag from /home/malangdataguy/miniconda3/envs/airflow_mdg/lib/python3.8/site-packages/airflow/example_dags/example_dag_decorator.py
[2024-04-06T23:18:26.527+0000] {processor.py:840} INFO - DAG(s) 'example_dag_decorator' retrieved from /home/malangdataguy/miniconda3/envs/airflow_mdg/lib/python3.8/site-packages/airflow/example_dags/example_dag_decorator.py
[2024-04-06T23:18:26.651+0000] {logging_mixin.py:188} INFO - [2024-04-06T23:18:26.650+0000] {dag.py:3047} INFO - Sync 1 DAGs
[2024-04-06T23:18:26.664+0000] {logging_mixin.py:188} INFO - [2024-04-06T23:18:26.663+0000] {dag.py:3834} INFO - Setting next_dagrun for example_dag_decorator to None, run_after=None
[2024-04-06T23:18:26.697+0000] {processor.py:183} INFO - Processing /home/malangdataguy/miniconda3/envs/airflow_mdg/lib/python3.8/site-packages/airflow/example_dags/example_dag_decorator.py took 0.292 seconds
[2024-04-06T23:19:27.124+0000] {processor.py:161} INFO - Started process (PID=69003) to work on /home/malangdataguy/miniconda3/envs/airflow_mdg/lib/python3.8/site-packages/airflow/example_dags/example_dag_decorator.py
[2024-04-06T23:19:27.131+0000] {processor.py:830} INFO - Processing file /home/malangdataguy/miniconda3/envs/airflow_mdg/lib/python3.8/site-packages/airflow/example_dags/example_dag_decorator.py for tasks to queue
[2024-04-06T23:19:27.136+0000] {logging_mixin.py:188} INFO - [2024-04-06T23:19:27.132+0000] {dagbag.py:540} INFO - Filling up the DagBag from /home/malangdataguy/miniconda3/envs/airflow_mdg/lib/python3.8/site-packages/airflow/example_dags/example_dag_decorator.py
[2024-04-06T23:19:27.416+0000] {processor.py:840} INFO - DAG(s) 'example_dag_decorator' retrieved from /home/malangdataguy/miniconda3/envs/airflow_mdg/lib/python3.8/site-packages/airflow/example_dags/example_dag_decorator.py
[2024-04-06T23:19:27.738+0000] {logging_mixin.py:188} INFO - [2024-04-06T23:19:27.737+0000] {dag.py:3047} INFO - Sync 1 DAGs
[2024-04-06T23:19:27.771+0000] {logging_mixin.py:188} INFO - [2024-04-06T23:19:27.771+0000] {dag.py:3834} INFO - Setting next_dagrun for example_dag_decorator to None, run_after=None
[2024-04-06T23:19:27.829+0000] {processor.py:183} INFO - Processing /home/malangdataguy/miniconda3/envs/airflow_mdg/lib/python3.8/site-packages/airflow/example_dags/example_dag_decorator.py took 0.722 seconds
[2024-04-06T23:20:14.763+0000] {processor.py:161} INFO - Started process (PID=69048) to work on /home/malangdataguy/miniconda3/envs/airflow_mdg/lib/python3.8/site-packages/airflow/example_dags/example_dag_decorator.py
[2024-04-06T23:20:14.765+0000] {processor.py:830} INFO - Processing file /home/malangdataguy/miniconda3/envs/airflow_mdg/lib/python3.8/site-packages/airflow/example_dags/example_dag_decorator.py for tasks to queue
[2024-04-06T23:20:14.767+0000] {logging_mixin.py:188} INFO - [2024-04-06T23:20:14.766+0000] {dagbag.py:540} INFO - Filling up the DagBag from /home/malangdataguy/miniconda3/envs/airflow_mdg/lib/python3.8/site-packages/airflow/example_dags/example_dag_decorator.py
[2024-04-06T23:20:14.882+0000] {processor.py:840} INFO - DAG(s) 'example_dag_decorator' retrieved from /home/malangdataguy/miniconda3/envs/airflow_mdg/lib/python3.8/site-packages/airflow/example_dags/example_dag_decorator.py
[2024-04-06T23:20:14.912+0000] {logging_mixin.py:188} INFO - [2024-04-06T23:20:14.912+0000] {dag.py:3047} INFO - Sync 1 DAGs
[2024-04-06T23:20:14.926+0000] {logging_mixin.py:188} INFO - [2024-04-06T23:20:14.926+0000] {dag.py:3834} INFO - Setting next_dagrun for example_dag_decorator to None, run_after=None
[2024-04-06T23:20:14.955+0000] {processor.py:183} INFO - Processing /home/malangdataguy/miniconda3/envs/airflow_mdg/lib/python3.8/site-packages/airflow/example_dags/example_dag_decorator.py took 0.198 seconds
[2024-04-06T23:21:00.423+0000] {processor.py:161} INFO - Started process (PID=69094) to work on /home/malangdataguy/miniconda3/envs/airflow_mdg/lib/python3.8/site-packages/airflow/example_dags/example_dag_decorator.py
[2024-04-06T23:21:00.426+0000] {processor.py:830} INFO - Processing file /home/malangdataguy/miniconda3/envs/airflow_mdg/lib/python3.8/site-packages/airflow/example_dags/example_dag_decorator.py for tasks to queue
[2024-04-06T23:21:00.427+0000] {logging_mixin.py:188} INFO - [2024-04-06T23:21:00.427+0000] {dagbag.py:540} INFO - Filling up the DagBag from /home/malangdataguy/miniconda3/envs/airflow_mdg/lib/python3.8/site-packages/airflow/example_dags/example_dag_decorator.py
[2024-04-06T23:21:00.539+0000] {processor.py:840} INFO - DAG(s) 'example_dag_decorator' retrieved from /home/malangdataguy/miniconda3/envs/airflow_mdg/lib/python3.8/site-packages/airflow/example_dags/example_dag_decorator.py
[2024-04-06T23:21:00.572+0000] {logging_mixin.py:188} INFO - [2024-04-06T23:21:00.572+0000] {dag.py:3047} INFO - Sync 1 DAGs
[2024-04-06T23:21:00.592+0000] {logging_mixin.py:188} INFO - [2024-04-06T23:21:00.592+0000] {dag.py:3834} INFO - Setting next_dagrun for example_dag_decorator to None, run_after=None
[2024-04-06T23:21:00.624+0000] {processor.py:183} INFO - Processing /home/malangdataguy/miniconda3/envs/airflow_mdg/lib/python3.8/site-packages/airflow/example_dags/example_dag_decorator.py took 0.207 seconds
[2024-04-06T23:22:00.086+0000] {processor.py:161} INFO - Started process (PID=69155) to work on /home/malangdataguy/miniconda3/envs/airflow_mdg/lib/python3.8/site-packages/airflow/example_dags/example_dag_decorator.py
[2024-04-06T23:22:00.089+0000] {processor.py:830} INFO - Processing file /home/malangdataguy/miniconda3/envs/airflow_mdg/lib/python3.8/site-packages/airflow/example_dags/example_dag_decorator.py for tasks to queue
[2024-04-06T23:22:00.090+0000] {logging_mixin.py:188} INFO - [2024-04-06T23:22:00.090+0000] {dagbag.py:540} INFO - Filling up the DagBag from /home/malangdataguy/miniconda3/envs/airflow_mdg/lib/python3.8/site-packages/airflow/example_dags/example_dag_decorator.py
[2024-04-06T23:22:00.192+0000] {processor.py:840} INFO - DAG(s) 'example_dag_decorator' retrieved from /home/malangdataguy/miniconda3/envs/airflow_mdg/lib/python3.8/site-packages/airflow/example_dags/example_dag_decorator.py
[2024-04-06T23:22:00.304+0000] {logging_mixin.py:188} INFO - [2024-04-06T23:22:00.304+0000] {dag.py:3047} INFO - Sync 1 DAGs
[2024-04-06T23:22:00.316+0000] {logging_mixin.py:188} INFO - [2024-04-06T23:22:00.315+0000] {dag.py:3834} INFO - Setting next_dagrun for example_dag_decorator to None, run_after=None
[2024-04-06T23:22:00.345+0000] {processor.py:183} INFO - Processing /home/malangdataguy/miniconda3/envs/airflow_mdg/lib/python3.8/site-packages/airflow/example_dags/example_dag_decorator.py took 0.264 seconds
[2024-04-06T23:40:44.236+0000] {processor.py:161} INFO - Started process (PID=69301) to work on /home/malangdataguy/miniconda3/envs/airflow_mdg/lib/python3.8/site-packages/airflow/example_dags/example_dag_decorator.py
[2024-04-06T23:40:44.239+0000] {processor.py:830} INFO - Processing file /home/malangdataguy/miniconda3/envs/airflow_mdg/lib/python3.8/site-packages/airflow/example_dags/example_dag_decorator.py for tasks to queue
[2024-04-06T23:40:44.241+0000] {logging_mixin.py:188} INFO - [2024-04-06T23:40:44.240+0000] {dagbag.py:540} INFO - Filling up the DagBag from /home/malangdataguy/miniconda3/envs/airflow_mdg/lib/python3.8/site-packages/airflow/example_dags/example_dag_decorator.py
[2024-04-06T23:40:44.361+0000] {processor.py:840} INFO - DAG(s) 'example_dag_decorator' retrieved from /home/malangdataguy/miniconda3/envs/airflow_mdg/lib/python3.8/site-packages/airflow/example_dags/example_dag_decorator.py
[2024-04-06T23:40:44.484+0000] {logging_mixin.py:188} INFO - [2024-04-06T23:40:44.484+0000] {dag.py:3047} INFO - Sync 1 DAGs
[2024-04-06T23:40:44.497+0000] {logging_mixin.py:188} INFO - [2024-04-06T23:40:44.497+0000] {dag.py:3834} INFO - Setting next_dagrun for example_dag_decorator to None, run_after=None
[2024-04-06T23:40:44.524+0000] {processor.py:183} INFO - Processing /home/malangdataguy/miniconda3/envs/airflow_mdg/lib/python3.8/site-packages/airflow/example_dags/example_dag_decorator.py took 0.294 seconds
[2024-04-06T23:41:35.363+0000] {processor.py:161} INFO - Started process (PID=69351) to work on /home/malangdataguy/miniconda3/envs/airflow_mdg/lib/python3.8/site-packages/airflow/example_dags/example_dag_decorator.py
[2024-04-06T23:41:35.366+0000] {processor.py:830} INFO - Processing file /home/malangdataguy/miniconda3/envs/airflow_mdg/lib/python3.8/site-packages/airflow/example_dags/example_dag_decorator.py for tasks to queue
[2024-04-06T23:41:35.368+0000] {logging_mixin.py:188} INFO - [2024-04-06T23:41:35.367+0000] {dagbag.py:540} INFO - Filling up the DagBag from /home/malangdataguy/miniconda3/envs/airflow_mdg/lib/python3.8/site-packages/airflow/example_dags/example_dag_decorator.py
[2024-04-06T23:41:35.488+0000] {processor.py:840} INFO - DAG(s) 'example_dag_decorator' retrieved from /home/malangdataguy/miniconda3/envs/airflow_mdg/lib/python3.8/site-packages/airflow/example_dags/example_dag_decorator.py
[2024-04-06T23:41:35.615+0000] {logging_mixin.py:188} INFO - [2024-04-06T23:41:35.615+0000] {dag.py:3047} INFO - Sync 1 DAGs
[2024-04-06T23:41:35.629+0000] {logging_mixin.py:188} INFO - [2024-04-06T23:41:35.629+0000] {dag.py:3834} INFO - Setting next_dagrun for example_dag_decorator to None, run_after=None
[2024-04-06T23:41:35.663+0000] {processor.py:183} INFO - Processing /home/malangdataguy/miniconda3/envs/airflow_mdg/lib/python3.8/site-packages/airflow/example_dags/example_dag_decorator.py took 0.305 seconds
[2024-04-06T23:42:27.208+0000] {processor.py:161} INFO - Started process (PID=69401) to work on /home/malangdataguy/miniconda3/envs/airflow_mdg/lib/python3.8/site-packages/airflow/example_dags/example_dag_decorator.py
[2024-04-06T23:42:27.210+0000] {processor.py:830} INFO - Processing file /home/malangdataguy/miniconda3/envs/airflow_mdg/lib/python3.8/site-packages/airflow/example_dags/example_dag_decorator.py for tasks to queue
[2024-04-06T23:42:27.212+0000] {logging_mixin.py:188} INFO - [2024-04-06T23:42:27.211+0000] {dagbag.py:540} INFO - Filling up the DagBag from /home/malangdataguy/miniconda3/envs/airflow_mdg/lib/python3.8/site-packages/airflow/example_dags/example_dag_decorator.py
[2024-04-06T23:42:27.319+0000] {processor.py:840} INFO - DAG(s) 'example_dag_decorator' retrieved from /home/malangdataguy/miniconda3/envs/airflow_mdg/lib/python3.8/site-packages/airflow/example_dags/example_dag_decorator.py
[2024-04-06T23:42:27.432+0000] {logging_mixin.py:188} INFO - [2024-04-06T23:42:27.432+0000] {dag.py:3047} INFO - Sync 1 DAGs
[2024-04-06T23:42:27.444+0000] {logging_mixin.py:188} INFO - [2024-04-06T23:42:27.443+0000] {dag.py:3834} INFO - Setting next_dagrun for example_dag_decorator to None, run_after=None
[2024-04-06T23:42:27.475+0000] {processor.py:183} INFO - Processing /home/malangdataguy/miniconda3/envs/airflow_mdg/lib/python3.8/site-packages/airflow/example_dags/example_dag_decorator.py took 0.273 seconds
[2024-04-06T23:43:32.836+0000] {processor.py:161} INFO - Started process (PID=69467) to work on /home/malangdataguy/miniconda3/envs/airflow_mdg/lib/python3.8/site-packages/airflow/example_dags/example_dag_decorator.py
[2024-04-06T23:43:32.839+0000] {processor.py:830} INFO - Processing file /home/malangdataguy/miniconda3/envs/airflow_mdg/lib/python3.8/site-packages/airflow/example_dags/example_dag_decorator.py for tasks to queue
[2024-04-06T23:43:32.840+0000] {logging_mixin.py:188} INFO - [2024-04-06T23:43:32.839+0000] {dagbag.py:540} INFO - Filling up the DagBag from /home/malangdataguy/miniconda3/envs/airflow_mdg/lib/python3.8/site-packages/airflow/example_dags/example_dag_decorator.py
[2024-04-06T23:43:32.946+0000] {processor.py:840} INFO - DAG(s) 'example_dag_decorator' retrieved from /home/malangdataguy/miniconda3/envs/airflow_mdg/lib/python3.8/site-packages/airflow/example_dags/example_dag_decorator.py
[2024-04-06T23:43:33.056+0000] {logging_mixin.py:188} INFO - [2024-04-06T23:43:33.056+0000] {dag.py:3047} INFO - Sync 1 DAGs
[2024-04-06T23:43:33.067+0000] {logging_mixin.py:188} INFO - [2024-04-06T23:43:33.067+0000] {dag.py:3834} INFO - Setting next_dagrun for example_dag_decorator to None, run_after=None
[2024-04-06T23:43:33.097+0000] {processor.py:183} INFO - Processing /home/malangdataguy/miniconda3/envs/airflow_mdg/lib/python3.8/site-packages/airflow/example_dags/example_dag_decorator.py took 0.267 seconds
[2024-04-06T23:44:39.031+0000] {processor.py:161} INFO - Started process (PID=69549) to work on /home/malangdataguy/miniconda3/envs/airflow_mdg/lib/python3.8/site-packages/airflow/example_dags/example_dag_decorator.py
[2024-04-06T23:44:39.033+0000] {processor.py:830} INFO - Processing file /home/malangdataguy/miniconda3/envs/airflow_mdg/lib/python3.8/site-packages/airflow/example_dags/example_dag_decorator.py for tasks to queue
[2024-04-06T23:44:39.034+0000] {logging_mixin.py:188} INFO - [2024-04-06T23:44:39.034+0000] {dagbag.py:540} INFO - Filling up the DagBag from /home/malangdataguy/miniconda3/envs/airflow_mdg/lib/python3.8/site-packages/airflow/example_dags/example_dag_decorator.py
[2024-04-06T23:44:39.137+0000] {processor.py:840} INFO - DAG(s) 'example_dag_decorator' retrieved from /home/malangdataguy/miniconda3/envs/airflow_mdg/lib/python3.8/site-packages/airflow/example_dags/example_dag_decorator.py
[2024-04-06T23:44:39.249+0000] {logging_mixin.py:188} INFO - [2024-04-06T23:44:39.249+0000] {dag.py:3047} INFO - Sync 1 DAGs
[2024-04-06T23:44:39.261+0000] {logging_mixin.py:188} INFO - [2024-04-06T23:44:39.261+0000] {dag.py:3834} INFO - Setting next_dagrun for example_dag_decorator to None, run_after=None
[2024-04-06T23:44:39.289+0000] {processor.py:183} INFO - Processing /home/malangdataguy/miniconda3/envs/airflow_mdg/lib/python3.8/site-packages/airflow/example_dags/example_dag_decorator.py took 0.263 seconds
[2024-04-06T23:45:42.386+0000] {processor.py:161} INFO - Started process (PID=69617) to work on /home/malangdataguy/miniconda3/envs/airflow_mdg/lib/python3.8/site-packages/airflow/example_dags/example_dag_decorator.py
[2024-04-06T23:45:42.389+0000] {processor.py:830} INFO - Processing file /home/malangdataguy/miniconda3/envs/airflow_mdg/lib/python3.8/site-packages/airflow/example_dags/example_dag_decorator.py for tasks to queue
[2024-04-06T23:45:42.391+0000] {logging_mixin.py:188} INFO - [2024-04-06T23:45:42.390+0000] {dagbag.py:540} INFO - Filling up the DagBag from /home/malangdataguy/miniconda3/envs/airflow_mdg/lib/python3.8/site-packages/airflow/example_dags/example_dag_decorator.py
[2024-04-06T23:45:42.499+0000] {processor.py:840} INFO - DAG(s) 'example_dag_decorator' retrieved from /home/malangdataguy/miniconda3/envs/airflow_mdg/lib/python3.8/site-packages/airflow/example_dags/example_dag_decorator.py
[2024-04-06T23:45:42.614+0000] {logging_mixin.py:188} INFO - [2024-04-06T23:45:42.614+0000] {dag.py:3047} INFO - Sync 1 DAGs
[2024-04-06T23:45:42.626+0000] {logging_mixin.py:188} INFO - [2024-04-06T23:45:42.625+0000] {dag.py:3834} INFO - Setting next_dagrun for example_dag_decorator to None, run_after=None
[2024-04-06T23:45:42.653+0000] {processor.py:183} INFO - Processing /home/malangdataguy/miniconda3/envs/airflow_mdg/lib/python3.8/site-packages/airflow/example_dags/example_dag_decorator.py took 0.273 seconds
[2024-04-06T23:46:42.947+0000] {processor.py:161} INFO - Started process (PID=69696) to work on /home/malangdataguy/miniconda3/envs/airflow_mdg/lib/python3.8/site-packages/airflow/example_dags/example_dag_decorator.py
[2024-04-06T23:46:42.950+0000] {processor.py:830} INFO - Processing file /home/malangdataguy/miniconda3/envs/airflow_mdg/lib/python3.8/site-packages/airflow/example_dags/example_dag_decorator.py for tasks to queue
[2024-04-06T23:46:42.952+0000] {logging_mixin.py:188} INFO - [2024-04-06T23:46:42.951+0000] {dagbag.py:540} INFO - Filling up the DagBag from /home/malangdataguy/miniconda3/envs/airflow_mdg/lib/python3.8/site-packages/airflow/example_dags/example_dag_decorator.py
[2024-04-06T23:46:43.054+0000] {processor.py:840} INFO - DAG(s) 'example_dag_decorator' retrieved from /home/malangdataguy/miniconda3/envs/airflow_mdg/lib/python3.8/site-packages/airflow/example_dags/example_dag_decorator.py
[2024-04-06T23:46:43.081+0000] {logging_mixin.py:188} INFO - [2024-04-06T23:46:43.080+0000] {dag.py:3047} INFO - Sync 1 DAGs
[2024-04-06T23:46:43.094+0000] {logging_mixin.py:188} INFO - [2024-04-06T23:46:43.094+0000] {dag.py:3834} INFO - Setting next_dagrun for example_dag_decorator to None, run_after=None
[2024-04-06T23:46:43.122+0000] {processor.py:183} INFO - Processing /home/malangdataguy/miniconda3/envs/airflow_mdg/lib/python3.8/site-packages/airflow/example_dags/example_dag_decorator.py took 0.180 seconds
[2024-04-06T23:47:41.112+0000] {processor.py:161} INFO - Started process (PID=69772) to work on /home/malangdataguy/miniconda3/envs/airflow_mdg/lib/python3.8/site-packages/airflow/example_dags/example_dag_decorator.py
[2024-04-06T23:47:41.114+0000] {processor.py:830} INFO - Processing file /home/malangdataguy/miniconda3/envs/airflow_mdg/lib/python3.8/site-packages/airflow/example_dags/example_dag_decorator.py for tasks to queue
[2024-04-06T23:47:41.115+0000] {logging_mixin.py:188} INFO - [2024-04-06T23:47:41.115+0000] {dagbag.py:540} INFO - Filling up the DagBag from /home/malangdataguy/miniconda3/envs/airflow_mdg/lib/python3.8/site-packages/airflow/example_dags/example_dag_decorator.py
[2024-04-06T23:47:41.218+0000] {processor.py:840} INFO - DAG(s) 'example_dag_decorator' retrieved from /home/malangdataguy/miniconda3/envs/airflow_mdg/lib/python3.8/site-packages/airflow/example_dags/example_dag_decorator.py
[2024-04-06T23:47:41.331+0000] {logging_mixin.py:188} INFO - [2024-04-06T23:47:41.331+0000] {dag.py:3047} INFO - Sync 1 DAGs
[2024-04-06T23:47:41.342+0000] {logging_mixin.py:188} INFO - [2024-04-06T23:47:41.342+0000] {dag.py:3834} INFO - Setting next_dagrun for example_dag_decorator to None, run_after=None
[2024-04-06T23:47:41.369+0000] {processor.py:183} INFO - Processing /home/malangdataguy/miniconda3/envs/airflow_mdg/lib/python3.8/site-packages/airflow/example_dags/example_dag_decorator.py took 0.262 seconds
[2024-04-06T23:48:44.503+0000] {processor.py:161} INFO - Started process (PID=69840) to work on /home/malangdataguy/miniconda3/envs/airflow_mdg/lib/python3.8/site-packages/airflow/example_dags/example_dag_decorator.py
[2024-04-06T23:48:44.506+0000] {processor.py:830} INFO - Processing file /home/malangdataguy/miniconda3/envs/airflow_mdg/lib/python3.8/site-packages/airflow/example_dags/example_dag_decorator.py for tasks to queue
[2024-04-06T23:48:44.508+0000] {logging_mixin.py:188} INFO - [2024-04-06T23:48:44.507+0000] {dagbag.py:540} INFO - Filling up the DagBag from /home/malangdataguy/miniconda3/envs/airflow_mdg/lib/python3.8/site-packages/airflow/example_dags/example_dag_decorator.py
[2024-04-06T23:48:44.620+0000] {processor.py:840} INFO - DAG(s) 'example_dag_decorator' retrieved from /home/malangdataguy/miniconda3/envs/airflow_mdg/lib/python3.8/site-packages/airflow/example_dags/example_dag_decorator.py
[2024-04-06T23:48:44.743+0000] {logging_mixin.py:188} INFO - [2024-04-06T23:48:44.742+0000] {dag.py:3047} INFO - Sync 1 DAGs
[2024-04-06T23:48:44.754+0000] {logging_mixin.py:188} INFO - [2024-04-06T23:48:44.753+0000] {dag.py:3834} INFO - Setting next_dagrun for example_dag_decorator to None, run_after=None
[2024-04-06T23:48:44.780+0000] {processor.py:183} INFO - Processing /home/malangdataguy/miniconda3/envs/airflow_mdg/lib/python3.8/site-packages/airflow/example_dags/example_dag_decorator.py took 0.283 seconds
[2024-04-06T23:49:48.594+0000] {processor.py:161} INFO - Started process (PID=69905) to work on /home/malangdataguy/miniconda3/envs/airflow_mdg/lib/python3.8/site-packages/airflow/example_dags/example_dag_decorator.py
[2024-04-06T23:49:48.597+0000] {processor.py:830} INFO - Processing file /home/malangdataguy/miniconda3/envs/airflow_mdg/lib/python3.8/site-packages/airflow/example_dags/example_dag_decorator.py for tasks to queue
[2024-04-06T23:49:48.599+0000] {logging_mixin.py:188} INFO - [2024-04-06T23:49:48.598+0000] {dagbag.py:540} INFO - Filling up the DagBag from /home/malangdataguy/miniconda3/envs/airflow_mdg/lib/python3.8/site-packages/airflow/example_dags/example_dag_decorator.py
[2024-04-06T23:49:48.712+0000] {processor.py:840} INFO - DAG(s) 'example_dag_decorator' retrieved from /home/malangdataguy/miniconda3/envs/airflow_mdg/lib/python3.8/site-packages/airflow/example_dags/example_dag_decorator.py
[2024-04-06T23:49:48.856+0000] {logging_mixin.py:188} INFO - [2024-04-06T23:49:48.855+0000] {dag.py:3047} INFO - Sync 1 DAGs
[2024-04-06T23:49:48.868+0000] {logging_mixin.py:188} INFO - [2024-04-06T23:49:48.868+0000] {dag.py:3834} INFO - Setting next_dagrun for example_dag_decorator to None, run_after=None
[2024-04-06T23:49:48.901+0000] {processor.py:183} INFO - Processing /home/malangdataguy/miniconda3/envs/airflow_mdg/lib/python3.8/site-packages/airflow/example_dags/example_dag_decorator.py took 0.312 seconds
[2024-04-06T23:50:46.355+0000] {processor.py:161} INFO - Started process (PID=69963) to work on /home/malangdataguy/miniconda3/envs/airflow_mdg/lib/python3.8/site-packages/airflow/example_dags/example_dag_decorator.py
[2024-04-06T23:50:46.358+0000] {processor.py:830} INFO - Processing file /home/malangdataguy/miniconda3/envs/airflow_mdg/lib/python3.8/site-packages/airflow/example_dags/example_dag_decorator.py for tasks to queue
[2024-04-06T23:50:46.359+0000] {logging_mixin.py:188} INFO - [2024-04-06T23:50:46.359+0000] {dagbag.py:540} INFO - Filling up the DagBag from /home/malangdataguy/miniconda3/envs/airflow_mdg/lib/python3.8/site-packages/airflow/example_dags/example_dag_decorator.py
[2024-04-06T23:50:46.468+0000] {processor.py:840} INFO - DAG(s) 'example_dag_decorator' retrieved from /home/malangdataguy/miniconda3/envs/airflow_mdg/lib/python3.8/site-packages/airflow/example_dags/example_dag_decorator.py
[2024-04-06T23:50:46.597+0000] {logging_mixin.py:188} INFO - [2024-04-06T23:50:46.597+0000] {dag.py:3047} INFO - Sync 1 DAGs
[2024-04-06T23:50:46.609+0000] {logging_mixin.py:188} INFO - [2024-04-06T23:50:46.609+0000] {dag.py:3834} INFO - Setting next_dagrun for example_dag_decorator to None, run_after=None
[2024-04-06T23:50:46.637+0000] {processor.py:183} INFO - Processing /home/malangdataguy/miniconda3/envs/airflow_mdg/lib/python3.8/site-packages/airflow/example_dags/example_dag_decorator.py took 0.289 seconds
[2024-04-06T23:51:51.136+0000] {processor.py:161} INFO - Started process (PID=70031) to work on /home/malangdataguy/miniconda3/envs/airflow_mdg/lib/python3.8/site-packages/airflow/example_dags/example_dag_decorator.py
[2024-04-06T23:51:51.139+0000] {processor.py:830} INFO - Processing file /home/malangdataguy/miniconda3/envs/airflow_mdg/lib/python3.8/site-packages/airflow/example_dags/example_dag_decorator.py for tasks to queue
[2024-04-06T23:51:51.141+0000] {logging_mixin.py:188} INFO - [2024-04-06T23:51:51.140+0000] {dagbag.py:540} INFO - Filling up the DagBag from /home/malangdataguy/miniconda3/envs/airflow_mdg/lib/python3.8/site-packages/airflow/example_dags/example_dag_decorator.py
[2024-04-06T23:51:51.253+0000] {processor.py:840} INFO - DAG(s) 'example_dag_decorator' retrieved from /home/malangdataguy/miniconda3/envs/airflow_mdg/lib/python3.8/site-packages/airflow/example_dags/example_dag_decorator.py
[2024-04-06T23:51:51.284+0000] {logging_mixin.py:188} INFO - [2024-04-06T23:51:51.283+0000] {dag.py:3047} INFO - Sync 1 DAGs
[2024-04-06T23:51:51.300+0000] {logging_mixin.py:188} INFO - [2024-04-06T23:51:51.299+0000] {dag.py:3834} INFO - Setting next_dagrun for example_dag_decorator to None, run_after=None
[2024-04-06T23:51:51.337+0000] {processor.py:183} INFO - Processing /home/malangdataguy/miniconda3/envs/airflow_mdg/lib/python3.8/site-packages/airflow/example_dags/example_dag_decorator.py took 0.207 seconds
[2024-04-06T23:52:56.857+0000] {processor.py:161} INFO - Started process (PID=70096) to work on /home/malangdataguy/miniconda3/envs/airflow_mdg/lib/python3.8/site-packages/airflow/example_dags/example_dag_decorator.py
[2024-04-06T23:52:56.860+0000] {processor.py:830} INFO - Processing file /home/malangdataguy/miniconda3/envs/airflow_mdg/lib/python3.8/site-packages/airflow/example_dags/example_dag_decorator.py for tasks to queue
[2024-04-06T23:52:56.862+0000] {logging_mixin.py:188} INFO - [2024-04-06T23:52:56.861+0000] {dagbag.py:540} INFO - Filling up the DagBag from /home/malangdataguy/miniconda3/envs/airflow_mdg/lib/python3.8/site-packages/airflow/example_dags/example_dag_decorator.py
[2024-04-06T23:52:56.970+0000] {processor.py:840} INFO - DAG(s) 'example_dag_decorator' retrieved from /home/malangdataguy/miniconda3/envs/airflow_mdg/lib/python3.8/site-packages/airflow/example_dags/example_dag_decorator.py
[2024-04-06T23:52:57.098+0000] {logging_mixin.py:188} INFO - [2024-04-06T23:52:57.097+0000] {dag.py:3047} INFO - Sync 1 DAGs
[2024-04-06T23:52:57.114+0000] {logging_mixin.py:188} INFO - [2024-04-06T23:52:57.113+0000] {dag.py:3834} INFO - Setting next_dagrun for example_dag_decorator to None, run_after=None
[2024-04-06T23:52:57.147+0000] {processor.py:183} INFO - Processing /home/malangdataguy/miniconda3/envs/airflow_mdg/lib/python3.8/site-packages/airflow/example_dags/example_dag_decorator.py took 0.296 seconds
[2024-04-06T23:54:04.858+0000] {processor.py:161} INFO - Started process (PID=70183) to work on /home/malangdataguy/miniconda3/envs/airflow_mdg/lib/python3.8/site-packages/airflow/example_dags/example_dag_decorator.py
[2024-04-06T23:54:04.860+0000] {processor.py:830} INFO - Processing file /home/malangdataguy/miniconda3/envs/airflow_mdg/lib/python3.8/site-packages/airflow/example_dags/example_dag_decorator.py for tasks to queue
[2024-04-06T23:54:04.862+0000] {logging_mixin.py:188} INFO - [2024-04-06T23:54:04.861+0000] {dagbag.py:540} INFO - Filling up the DagBag from /home/malangdataguy/miniconda3/envs/airflow_mdg/lib/python3.8/site-packages/airflow/example_dags/example_dag_decorator.py
[2024-04-06T23:54:04.965+0000] {processor.py:840} INFO - DAG(s) 'example_dag_decorator' retrieved from /home/malangdataguy/miniconda3/envs/airflow_mdg/lib/python3.8/site-packages/airflow/example_dags/example_dag_decorator.py
[2024-04-06T23:54:04.992+0000] {logging_mixin.py:188} INFO - [2024-04-06T23:54:04.991+0000] {dag.py:3047} INFO - Sync 1 DAGs
[2024-04-06T23:54:05.007+0000] {logging_mixin.py:188} INFO - [2024-04-06T23:54:05.007+0000] {dag.py:3834} INFO - Setting next_dagrun for example_dag_decorator to None, run_after=None
[2024-04-06T23:54:05.041+0000] {processor.py:183} INFO - Processing /home/malangdataguy/miniconda3/envs/airflow_mdg/lib/python3.8/site-packages/airflow/example_dags/example_dag_decorator.py took 0.189 seconds
[2024-04-06T23:55:07.045+0000] {processor.py:161} INFO - Started process (PID=70264) to work on /home/malangdataguy/miniconda3/envs/airflow_mdg/lib/python3.8/site-packages/airflow/example_dags/example_dag_decorator.py
[2024-04-06T23:55:07.048+0000] {processor.py:830} INFO - Processing file /home/malangdataguy/miniconda3/envs/airflow_mdg/lib/python3.8/site-packages/airflow/example_dags/example_dag_decorator.py for tasks to queue
[2024-04-06T23:55:07.049+0000] {logging_mixin.py:188} INFO - [2024-04-06T23:55:07.049+0000] {dagbag.py:540} INFO - Filling up the DagBag from /home/malangdataguy/miniconda3/envs/airflow_mdg/lib/python3.8/site-packages/airflow/example_dags/example_dag_decorator.py
[2024-04-06T23:55:07.157+0000] {processor.py:840} INFO - DAG(s) 'example_dag_decorator' retrieved from /home/malangdataguy/miniconda3/envs/airflow_mdg/lib/python3.8/site-packages/airflow/example_dags/example_dag_decorator.py
[2024-04-06T23:55:07.279+0000] {logging_mixin.py:188} INFO - [2024-04-06T23:55:07.279+0000] {dag.py:3047} INFO - Sync 1 DAGs
[2024-04-06T23:55:07.291+0000] {logging_mixin.py:188} INFO - [2024-04-06T23:55:07.291+0000] {dag.py:3834} INFO - Setting next_dagrun for example_dag_decorator to None, run_after=None
[2024-04-06T23:55:07.320+0000] {processor.py:183} INFO - Processing /home/malangdataguy/miniconda3/envs/airflow_mdg/lib/python3.8/site-packages/airflow/example_dags/example_dag_decorator.py took 0.280 seconds
