[2024-04-06T23:09:14.237+0000] {processor.py:161} INFO - Started process (PID=68366) to work on /home/malangdataguy/miniconda3/envs/airflow_mdg/lib/python3.8/site-packages/airflow/example_dags/example_task_group.py
[2024-04-06T23:09:14.239+0000] {processor.py:830} INFO - Processing file /home/malangdataguy/miniconda3/envs/airflow_mdg/lib/python3.8/site-packages/airflow/example_dags/example_task_group.py for tasks to queue
[2024-04-06T23:09:14.240+0000] {logging_mixin.py:188} INFO - [2024-04-06T23:09:14.239+0000] {dagbag.py:540} INFO - Filling up the DagBag from /home/malangdataguy/miniconda3/envs/airflow_mdg/lib/python3.8/site-packages/airflow/example_dags/example_task_group.py
[2024-04-06T23:09:14.254+0000] {processor.py:840} INFO - DAG(s) 'example_task_group' retrieved from /home/malangdataguy/miniconda3/envs/airflow_mdg/lib/python3.8/site-packages/airflow/example_dags/example_task_group.py
[2024-04-06T23:09:14.266+0000] {logging_mixin.py:188} INFO - [2024-04-06T23:09:14.266+0000] {dag.py:3047} INFO - Sync 1 DAGs
[2024-04-06T23:09:14.291+0000] {logging_mixin.py:188} INFO - [2024-04-06T23:09:14.291+0000] {dag.py:3834} INFO - Setting next_dagrun for example_task_group to 2024-04-05 00:00:00+00:00, run_after=2024-04-06 00:00:00+00:00
[2024-04-06T23:09:14.321+0000] {processor.py:183} INFO - Processing /home/malangdataguy/miniconda3/envs/airflow_mdg/lib/python3.8/site-packages/airflow/example_dags/example_task_group.py took 0.088 seconds
[2024-04-06T23:10:05.500+0000] {processor.py:161} INFO - Started process (PID=68416) to work on /home/malangdataguy/miniconda3/envs/airflow_mdg/lib/python3.8/site-packages/airflow/example_dags/example_task_group.py
[2024-04-06T23:10:05.503+0000] {processor.py:830} INFO - Processing file /home/malangdataguy/miniconda3/envs/airflow_mdg/lib/python3.8/site-packages/airflow/example_dags/example_task_group.py for tasks to queue
[2024-04-06T23:10:05.504+0000] {logging_mixin.py:188} INFO - [2024-04-06T23:10:05.503+0000] {dagbag.py:540} INFO - Filling up the DagBag from /home/malangdataguy/miniconda3/envs/airflow_mdg/lib/python3.8/site-packages/airflow/example_dags/example_task_group.py
[2024-04-06T23:10:05.516+0000] {processor.py:840} INFO - DAG(s) 'example_task_group' retrieved from /home/malangdataguy/miniconda3/envs/airflow_mdg/lib/python3.8/site-packages/airflow/example_dags/example_task_group.py
[2024-04-06T23:10:05.633+0000] {logging_mixin.py:188} INFO - [2024-04-06T23:10:05.633+0000] {dag.py:3047} INFO - Sync 1 DAGs
[2024-04-06T23:10:05.656+0000] {logging_mixin.py:188} INFO - [2024-04-06T23:10:05.655+0000] {dag.py:3834} INFO - Setting next_dagrun for example_task_group to 2024-04-05 00:00:00+00:00, run_after=2024-04-06 00:00:00+00:00
[2024-04-06T23:10:05.687+0000] {processor.py:183} INFO - Processing /home/malangdataguy/miniconda3/envs/airflow_mdg/lib/python3.8/site-packages/airflow/example_dags/example_task_group.py took 0.192 seconds
[2024-04-06T23:10:52.961+0000] {processor.py:161} INFO - Started process (PID=68471) to work on /home/malangdataguy/miniconda3/envs/airflow_mdg/lib/python3.8/site-packages/airflow/example_dags/example_task_group.py
[2024-04-06T23:10:52.964+0000] {processor.py:830} INFO - Processing file /home/malangdataguy/miniconda3/envs/airflow_mdg/lib/python3.8/site-packages/airflow/example_dags/example_task_group.py for tasks to queue
[2024-04-06T23:10:52.965+0000] {logging_mixin.py:188} INFO - [2024-04-06T23:10:52.964+0000] {dagbag.py:540} INFO - Filling up the DagBag from /home/malangdataguy/miniconda3/envs/airflow_mdg/lib/python3.8/site-packages/airflow/example_dags/example_task_group.py
[2024-04-06T23:10:52.976+0000] {processor.py:840} INFO - DAG(s) 'example_task_group' retrieved from /home/malangdataguy/miniconda3/envs/airflow_mdg/lib/python3.8/site-packages/airflow/example_dags/example_task_group.py
[2024-04-06T23:10:53.002+0000] {logging_mixin.py:188} INFO - [2024-04-06T23:10:53.001+0000] {dag.py:3047} INFO - Sync 1 DAGs
[2024-04-06T23:10:53.027+0000] {logging_mixin.py:188} INFO - [2024-04-06T23:10:53.026+0000] {dag.py:3834} INFO - Setting next_dagrun for example_task_group to 2024-04-05 00:00:00+00:00, run_after=2024-04-06 00:00:00+00:00
[2024-04-06T23:10:53.055+0000] {processor.py:183} INFO - Processing /home/malangdataguy/miniconda3/envs/airflow_mdg/lib/python3.8/site-packages/airflow/example_dags/example_task_group.py took 0.099 seconds
[2024-04-06T23:11:43.088+0000] {processor.py:161} INFO - Started process (PID=68521) to work on /home/malangdataguy/miniconda3/envs/airflow_mdg/lib/python3.8/site-packages/airflow/example_dags/example_task_group.py
[2024-04-06T23:11:43.091+0000] {processor.py:830} INFO - Processing file /home/malangdataguy/miniconda3/envs/airflow_mdg/lib/python3.8/site-packages/airflow/example_dags/example_task_group.py for tasks to queue
[2024-04-06T23:11:43.093+0000] {logging_mixin.py:188} INFO - [2024-04-06T23:11:43.092+0000] {dagbag.py:540} INFO - Filling up the DagBag from /home/malangdataguy/miniconda3/envs/airflow_mdg/lib/python3.8/site-packages/airflow/example_dags/example_task_group.py
[2024-04-06T23:11:43.106+0000] {processor.py:840} INFO - DAG(s) 'example_task_group' retrieved from /home/malangdataguy/miniconda3/envs/airflow_mdg/lib/python3.8/site-packages/airflow/example_dags/example_task_group.py
[2024-04-06T23:11:43.134+0000] {logging_mixin.py:188} INFO - [2024-04-06T23:11:43.133+0000] {dag.py:3047} INFO - Sync 1 DAGs
[2024-04-06T23:11:43.161+0000] {logging_mixin.py:188} INFO - [2024-04-06T23:11:43.160+0000] {dag.py:3834} INFO - Setting next_dagrun for example_task_group to 2024-04-05 00:00:00+00:00, run_after=2024-04-06 00:00:00+00:00
[2024-04-06T23:11:43.194+0000] {processor.py:183} INFO - Processing /home/malangdataguy/miniconda3/envs/airflow_mdg/lib/python3.8/site-packages/airflow/example_dags/example_task_group.py took 0.111 seconds
[2024-04-06T23:12:28.323+0000] {processor.py:161} INFO - Started process (PID=68566) to work on /home/malangdataguy/miniconda3/envs/airflow_mdg/lib/python3.8/site-packages/airflow/example_dags/example_task_group.py
[2024-04-06T23:12:28.326+0000] {processor.py:830} INFO - Processing file /home/malangdataguy/miniconda3/envs/airflow_mdg/lib/python3.8/site-packages/airflow/example_dags/example_task_group.py for tasks to queue
[2024-04-06T23:12:28.327+0000] {logging_mixin.py:188} INFO - [2024-04-06T23:12:28.327+0000] {dagbag.py:540} INFO - Filling up the DagBag from /home/malangdataguy/miniconda3/envs/airflow_mdg/lib/python3.8/site-packages/airflow/example_dags/example_task_group.py
[2024-04-06T23:12:28.340+0000] {processor.py:840} INFO - DAG(s) 'example_task_group' retrieved from /home/malangdataguy/miniconda3/envs/airflow_mdg/lib/python3.8/site-packages/airflow/example_dags/example_task_group.py
[2024-04-06T23:12:28.370+0000] {logging_mixin.py:188} INFO - [2024-04-06T23:12:28.370+0000] {dag.py:3047} INFO - Sync 1 DAGs
[2024-04-06T23:12:28.398+0000] {logging_mixin.py:188} INFO - [2024-04-06T23:12:28.398+0000] {dag.py:3834} INFO - Setting next_dagrun for example_task_group to 2024-04-05 00:00:00+00:00, run_after=2024-04-06 00:00:00+00:00
[2024-04-06T23:12:28.431+0000] {processor.py:183} INFO - Processing /home/malangdataguy/miniconda3/envs/airflow_mdg/lib/python3.8/site-packages/airflow/example_dags/example_task_group.py took 0.113 seconds
[2024-04-06T23:13:08.820+0000] {processor.py:161} INFO - Started process (PID=68608) to work on /home/malangdataguy/miniconda3/envs/airflow_mdg/lib/python3.8/site-packages/airflow/example_dags/example_task_group.py
[2024-04-06T23:13:08.823+0000] {processor.py:830} INFO - Processing file /home/malangdataguy/miniconda3/envs/airflow_mdg/lib/python3.8/site-packages/airflow/example_dags/example_task_group.py for tasks to queue
[2024-04-06T23:13:08.824+0000] {logging_mixin.py:188} INFO - [2024-04-06T23:13:08.823+0000] {dagbag.py:540} INFO - Filling up the DagBag from /home/malangdataguy/miniconda3/envs/airflow_mdg/lib/python3.8/site-packages/airflow/example_dags/example_task_group.py
[2024-04-06T23:13:08.835+0000] {processor.py:840} INFO - DAG(s) 'example_task_group' retrieved from /home/malangdataguy/miniconda3/envs/airflow_mdg/lib/python3.8/site-packages/airflow/example_dags/example_task_group.py
[2024-04-06T23:13:08.859+0000] {logging_mixin.py:188} INFO - [2024-04-06T23:13:08.859+0000] {dag.py:3047} INFO - Sync 1 DAGs
[2024-04-06T23:13:08.886+0000] {logging_mixin.py:188} INFO - [2024-04-06T23:13:08.886+0000] {dag.py:3834} INFO - Setting next_dagrun for example_task_group to 2024-04-05 00:00:00+00:00, run_after=2024-04-06 00:00:00+00:00
[2024-04-06T23:13:08.915+0000] {processor.py:183} INFO - Processing /home/malangdataguy/miniconda3/envs/airflow_mdg/lib/python3.8/site-packages/airflow/example_dags/example_task_group.py took 0.099 seconds
[2024-04-06T23:13:49.554+0000] {processor.py:161} INFO - Started process (PID=68651) to work on /home/malangdataguy/miniconda3/envs/airflow_mdg/lib/python3.8/site-packages/airflow/example_dags/example_task_group.py
[2024-04-06T23:13:49.557+0000] {processor.py:830} INFO - Processing file /home/malangdataguy/miniconda3/envs/airflow_mdg/lib/python3.8/site-packages/airflow/example_dags/example_task_group.py for tasks to queue
[2024-04-06T23:13:49.559+0000] {logging_mixin.py:188} INFO - [2024-04-06T23:13:49.558+0000] {dagbag.py:540} INFO - Filling up the DagBag from /home/malangdataguy/miniconda3/envs/airflow_mdg/lib/python3.8/site-packages/airflow/example_dags/example_task_group.py
[2024-04-06T23:13:49.572+0000] {processor.py:840} INFO - DAG(s) 'example_task_group' retrieved from /home/malangdataguy/miniconda3/envs/airflow_mdg/lib/python3.8/site-packages/airflow/example_dags/example_task_group.py
[2024-04-06T23:13:49.598+0000] {logging_mixin.py:188} INFO - [2024-04-06T23:13:49.597+0000] {dag.py:3047} INFO - Sync 1 DAGs
[2024-04-06T23:13:49.622+0000] {logging_mixin.py:188} INFO - [2024-04-06T23:13:49.621+0000] {dag.py:3834} INFO - Setting next_dagrun for example_task_group to 2024-04-05 00:00:00+00:00, run_after=2024-04-06 00:00:00+00:00
[2024-04-06T23:13:49.649+0000] {processor.py:183} INFO - Processing /home/malangdataguy/miniconda3/envs/airflow_mdg/lib/python3.8/site-packages/airflow/example_dags/example_task_group.py took 0.100 seconds
[2024-04-06T23:14:32.707+0000] {processor.py:161} INFO - Started process (PID=68692) to work on /home/malangdataguy/miniconda3/envs/airflow_mdg/lib/python3.8/site-packages/airflow/example_dags/example_task_group.py
[2024-04-06T23:14:32.709+0000] {processor.py:830} INFO - Processing file /home/malangdataguy/miniconda3/envs/airflow_mdg/lib/python3.8/site-packages/airflow/example_dags/example_task_group.py for tasks to queue
[2024-04-06T23:14:32.710+0000] {logging_mixin.py:188} INFO - [2024-04-06T23:14:32.710+0000] {dagbag.py:540} INFO - Filling up the DagBag from /home/malangdataguy/miniconda3/envs/airflow_mdg/lib/python3.8/site-packages/airflow/example_dags/example_task_group.py
[2024-04-06T23:14:32.721+0000] {processor.py:840} INFO - DAG(s) 'example_task_group' retrieved from /home/malangdataguy/miniconda3/envs/airflow_mdg/lib/python3.8/site-packages/airflow/example_dags/example_task_group.py
[2024-04-06T23:14:32.743+0000] {logging_mixin.py:188} INFO - [2024-04-06T23:14:32.743+0000] {dag.py:3047} INFO - Sync 1 DAGs
[2024-04-06T23:14:32.767+0000] {logging_mixin.py:188} INFO - [2024-04-06T23:14:32.767+0000] {dag.py:3834} INFO - Setting next_dagrun for example_task_group to 2024-04-05 00:00:00+00:00, run_after=2024-04-06 00:00:00+00:00
[2024-04-06T23:14:32.796+0000] {processor.py:183} INFO - Processing /home/malangdataguy/miniconda3/envs/airflow_mdg/lib/python3.8/site-packages/airflow/example_dags/example_task_group.py took 0.093 seconds
[2024-04-06T23:15:13.028+0000] {processor.py:161} INFO - Started process (PID=68735) to work on /home/malangdataguy/miniconda3/envs/airflow_mdg/lib/python3.8/site-packages/airflow/example_dags/example_task_group.py
[2024-04-06T23:15:13.031+0000] {processor.py:830} INFO - Processing file /home/malangdataguy/miniconda3/envs/airflow_mdg/lib/python3.8/site-packages/airflow/example_dags/example_task_group.py for tasks to queue
[2024-04-06T23:15:13.033+0000] {logging_mixin.py:188} INFO - [2024-04-06T23:15:13.032+0000] {dagbag.py:540} INFO - Filling up the DagBag from /home/malangdataguy/miniconda3/envs/airflow_mdg/lib/python3.8/site-packages/airflow/example_dags/example_task_group.py
[2024-04-06T23:15:13.045+0000] {processor.py:840} INFO - DAG(s) 'example_task_group' retrieved from /home/malangdataguy/miniconda3/envs/airflow_mdg/lib/python3.8/site-packages/airflow/example_dags/example_task_group.py
[2024-04-06T23:15:13.070+0000] {logging_mixin.py:188} INFO - [2024-04-06T23:15:13.070+0000] {dag.py:3047} INFO - Sync 1 DAGs
[2024-04-06T23:15:13.098+0000] {logging_mixin.py:188} INFO - [2024-04-06T23:15:13.097+0000] {dag.py:3834} INFO - Setting next_dagrun for example_task_group to 2024-04-05 00:00:00+00:00, run_after=2024-04-06 00:00:00+00:00
[2024-04-06T23:15:13.127+0000] {processor.py:183} INFO - Processing /home/malangdataguy/miniconda3/envs/airflow_mdg/lib/python3.8/site-packages/airflow/example_dags/example_task_group.py took 0.104 seconds
[2024-04-06T23:15:53.173+0000] {processor.py:161} INFO - Started process (PID=68777) to work on /home/malangdataguy/miniconda3/envs/airflow_mdg/lib/python3.8/site-packages/airflow/example_dags/example_task_group.py
[2024-04-06T23:15:53.176+0000] {processor.py:830} INFO - Processing file /home/malangdataguy/miniconda3/envs/airflow_mdg/lib/python3.8/site-packages/airflow/example_dags/example_task_group.py for tasks to queue
[2024-04-06T23:15:53.177+0000] {logging_mixin.py:188} INFO - [2024-04-06T23:15:53.177+0000] {dagbag.py:540} INFO - Filling up the DagBag from /home/malangdataguy/miniconda3/envs/airflow_mdg/lib/python3.8/site-packages/airflow/example_dags/example_task_group.py
[2024-04-06T23:15:53.191+0000] {processor.py:840} INFO - DAG(s) 'example_task_group' retrieved from /home/malangdataguy/miniconda3/envs/airflow_mdg/lib/python3.8/site-packages/airflow/example_dags/example_task_group.py
[2024-04-06T23:15:53.218+0000] {logging_mixin.py:188} INFO - [2024-04-06T23:15:53.218+0000] {dag.py:3047} INFO - Sync 1 DAGs
[2024-04-06T23:15:53.247+0000] {logging_mixin.py:188} INFO - [2024-04-06T23:15:53.247+0000] {dag.py:3834} INFO - Setting next_dagrun for example_task_group to 2024-04-05 00:00:00+00:00, run_after=2024-04-06 00:00:00+00:00
[2024-04-06T23:15:53.279+0000] {processor.py:183} INFO - Processing /home/malangdataguy/miniconda3/envs/airflow_mdg/lib/python3.8/site-packages/airflow/example_dags/example_task_group.py took 0.112 seconds
[2024-04-06T23:16:31.434+0000] {processor.py:161} INFO - Started process (PID=68817) to work on /home/malangdataguy/miniconda3/envs/airflow_mdg/lib/python3.8/site-packages/airflow/example_dags/example_task_group.py
[2024-04-06T23:16:31.437+0000] {processor.py:830} INFO - Processing file /home/malangdataguy/miniconda3/envs/airflow_mdg/lib/python3.8/site-packages/airflow/example_dags/example_task_group.py for tasks to queue
[2024-04-06T23:16:31.439+0000] {logging_mixin.py:188} INFO - [2024-04-06T23:16:31.438+0000] {dagbag.py:540} INFO - Filling up the DagBag from /home/malangdataguy/miniconda3/envs/airflow_mdg/lib/python3.8/site-packages/airflow/example_dags/example_task_group.py
[2024-04-06T23:16:31.452+0000] {processor.py:840} INFO - DAG(s) 'example_task_group' retrieved from /home/malangdataguy/miniconda3/envs/airflow_mdg/lib/python3.8/site-packages/airflow/example_dags/example_task_group.py
[2024-04-06T23:16:31.480+0000] {logging_mixin.py:188} INFO - [2024-04-06T23:16:31.479+0000] {dag.py:3047} INFO - Sync 1 DAGs
[2024-04-06T23:16:31.510+0000] {logging_mixin.py:188} INFO - [2024-04-06T23:16:31.510+0000] {dag.py:3834} INFO - Setting next_dagrun for example_task_group to 2024-04-05 00:00:00+00:00, run_after=2024-04-06 00:00:00+00:00
[2024-04-06T23:16:31.541+0000] {processor.py:183} INFO - Processing /home/malangdataguy/miniconda3/envs/airflow_mdg/lib/python3.8/site-packages/airflow/example_dags/example_task_group.py took 0.112 seconds
[2024-04-06T23:17:10.479+0000] {processor.py:161} INFO - Started process (PID=68860) to work on /home/malangdataguy/miniconda3/envs/airflow_mdg/lib/python3.8/site-packages/airflow/example_dags/example_task_group.py
[2024-04-06T23:17:10.482+0000] {processor.py:830} INFO - Processing file /home/malangdataguy/miniconda3/envs/airflow_mdg/lib/python3.8/site-packages/airflow/example_dags/example_task_group.py for tasks to queue
[2024-04-06T23:17:10.483+0000] {logging_mixin.py:188} INFO - [2024-04-06T23:17:10.483+0000] {dagbag.py:540} INFO - Filling up the DagBag from /home/malangdataguy/miniconda3/envs/airflow_mdg/lib/python3.8/site-packages/airflow/example_dags/example_task_group.py
[2024-04-06T23:17:10.495+0000] {processor.py:840} INFO - DAG(s) 'example_task_group' retrieved from /home/malangdataguy/miniconda3/envs/airflow_mdg/lib/python3.8/site-packages/airflow/example_dags/example_task_group.py
[2024-04-06T23:17:10.518+0000] {logging_mixin.py:188} INFO - [2024-04-06T23:17:10.518+0000] {dag.py:3047} INFO - Sync 1 DAGs
[2024-04-06T23:17:10.541+0000] {logging_mixin.py:188} INFO - [2024-04-06T23:17:10.541+0000] {dag.py:3834} INFO - Setting next_dagrun for example_task_group to 2024-04-05 00:00:00+00:00, run_after=2024-04-06 00:00:00+00:00
[2024-04-06T23:17:10.569+0000] {processor.py:183} INFO - Processing /home/malangdataguy/miniconda3/envs/airflow_mdg/lib/python3.8/site-packages/airflow/example_dags/example_task_group.py took 0.094 seconds
[2024-04-06T23:17:54.481+0000] {processor.py:161} INFO - Started process (PID=68908) to work on /home/malangdataguy/miniconda3/envs/airflow_mdg/lib/python3.8/site-packages/airflow/example_dags/example_task_group.py
[2024-04-06T23:17:54.484+0000] {processor.py:830} INFO - Processing file /home/malangdataguy/miniconda3/envs/airflow_mdg/lib/python3.8/site-packages/airflow/example_dags/example_task_group.py for tasks to queue
[2024-04-06T23:17:54.486+0000] {logging_mixin.py:188} INFO - [2024-04-06T23:17:54.485+0000] {dagbag.py:540} INFO - Filling up the DagBag from /home/malangdataguy/miniconda3/envs/airflow_mdg/lib/python3.8/site-packages/airflow/example_dags/example_task_group.py
[2024-04-06T23:17:54.499+0000] {processor.py:840} INFO - DAG(s) 'example_task_group' retrieved from /home/malangdataguy/miniconda3/envs/airflow_mdg/lib/python3.8/site-packages/airflow/example_dags/example_task_group.py
[2024-04-06T23:17:54.527+0000] {logging_mixin.py:188} INFO - [2024-04-06T23:17:54.527+0000] {dag.py:3047} INFO - Sync 1 DAGs
[2024-04-06T23:17:54.555+0000] {logging_mixin.py:188} INFO - [2024-04-06T23:17:54.554+0000] {dag.py:3834} INFO - Setting next_dagrun for example_task_group to 2024-04-05 00:00:00+00:00, run_after=2024-04-06 00:00:00+00:00
[2024-04-06T23:17:54.588+0000] {processor.py:183} INFO - Processing /home/malangdataguy/miniconda3/envs/airflow_mdg/lib/python3.8/site-packages/airflow/example_dags/example_task_group.py took 0.112 seconds
[2024-04-06T23:18:36.640+0000] {processor.py:161} INFO - Started process (PID=68951) to work on /home/malangdataguy/miniconda3/envs/airflow_mdg/lib/python3.8/site-packages/airflow/example_dags/example_task_group.py
[2024-04-06T23:18:36.643+0000] {processor.py:830} INFO - Processing file /home/malangdataguy/miniconda3/envs/airflow_mdg/lib/python3.8/site-packages/airflow/example_dags/example_task_group.py for tasks to queue
[2024-04-06T23:18:36.645+0000] {logging_mixin.py:188} INFO - [2024-04-06T23:18:36.644+0000] {dagbag.py:540} INFO - Filling up the DagBag from /home/malangdataguy/miniconda3/envs/airflow_mdg/lib/python3.8/site-packages/airflow/example_dags/example_task_group.py
[2024-04-06T23:18:36.659+0000] {processor.py:840} INFO - DAG(s) 'example_task_group' retrieved from /home/malangdataguy/miniconda3/envs/airflow_mdg/lib/python3.8/site-packages/airflow/example_dags/example_task_group.py
[2024-04-06T23:18:36.687+0000] {logging_mixin.py:188} INFO - [2024-04-06T23:18:36.687+0000] {dag.py:3047} INFO - Sync 1 DAGs
[2024-04-06T23:18:36.716+0000] {logging_mixin.py:188} INFO - [2024-04-06T23:18:36.716+0000] {dag.py:3834} INFO - Setting next_dagrun for example_task_group to 2024-04-05 00:00:00+00:00, run_after=2024-04-06 00:00:00+00:00
[2024-04-06T23:18:36.754+0000] {processor.py:183} INFO - Processing /home/malangdataguy/miniconda3/envs/airflow_mdg/lib/python3.8/site-packages/airflow/example_dags/example_task_group.py took 0.119 seconds
[2024-04-06T23:19:16.426+0000] {processor.py:161} INFO - Started process (PID=68992) to work on /home/malangdataguy/miniconda3/envs/airflow_mdg/lib/python3.8/site-packages/airflow/example_dags/example_task_group.py
[2024-04-06T23:19:16.429+0000] {processor.py:830} INFO - Processing file /home/malangdataguy/miniconda3/envs/airflow_mdg/lib/python3.8/site-packages/airflow/example_dags/example_task_group.py for tasks to queue
[2024-04-06T23:19:16.431+0000] {logging_mixin.py:188} INFO - [2024-04-06T23:19:16.430+0000] {dagbag.py:540} INFO - Filling up the DagBag from /home/malangdataguy/miniconda3/envs/airflow_mdg/lib/python3.8/site-packages/airflow/example_dags/example_task_group.py
[2024-04-06T23:19:16.442+0000] {processor.py:840} INFO - DAG(s) 'example_task_group' retrieved from /home/malangdataguy/miniconda3/envs/airflow_mdg/lib/python3.8/site-packages/airflow/example_dags/example_task_group.py
[2024-04-06T23:19:16.465+0000] {logging_mixin.py:188} INFO - [2024-04-06T23:19:16.465+0000] {dag.py:3047} INFO - Sync 1 DAGs
[2024-04-06T23:19:16.490+0000] {logging_mixin.py:188} INFO - [2024-04-06T23:19:16.490+0000] {dag.py:3834} INFO - Setting next_dagrun for example_task_group to 2024-04-05 00:00:00+00:00, run_after=2024-04-06 00:00:00+00:00
[2024-04-06T23:19:16.517+0000] {processor.py:183} INFO - Processing /home/malangdataguy/miniconda3/envs/airflow_mdg/lib/python3.8/site-packages/airflow/example_dags/example_task_group.py took 0.096 seconds
[2024-04-06T23:20:02.771+0000] {processor.py:161} INFO - Started process (PID=69036) to work on /home/malangdataguy/miniconda3/envs/airflow_mdg/lib/python3.8/site-packages/airflow/example_dags/example_task_group.py
[2024-04-06T23:20:02.773+0000] {processor.py:830} INFO - Processing file /home/malangdataguy/miniconda3/envs/airflow_mdg/lib/python3.8/site-packages/airflow/example_dags/example_task_group.py for tasks to queue
[2024-04-06T23:20:02.775+0000] {logging_mixin.py:188} INFO - [2024-04-06T23:20:02.774+0000] {dagbag.py:540} INFO - Filling up the DagBag from /home/malangdataguy/miniconda3/envs/airflow_mdg/lib/python3.8/site-packages/airflow/example_dags/example_task_group.py
[2024-04-06T23:20:02.789+0000] {processor.py:840} INFO - DAG(s) 'example_task_group' retrieved from /home/malangdataguy/miniconda3/envs/airflow_mdg/lib/python3.8/site-packages/airflow/example_dags/example_task_group.py
[2024-04-06T23:20:02.818+0000] {logging_mixin.py:188} INFO - [2024-04-06T23:20:02.817+0000] {dag.py:3047} INFO - Sync 1 DAGs
[2024-04-06T23:20:02.848+0000] {logging_mixin.py:188} INFO - [2024-04-06T23:20:02.848+0000] {dag.py:3834} INFO - Setting next_dagrun for example_task_group to 2024-04-05 00:00:00+00:00, run_after=2024-04-06 00:00:00+00:00
[2024-04-06T23:20:02.882+0000] {processor.py:183} INFO - Processing /home/malangdataguy/miniconda3/envs/airflow_mdg/lib/python3.8/site-packages/airflow/example_dags/example_task_group.py took 0.116 seconds
[2024-04-06T23:20:48.210+0000] {processor.py:161} INFO - Started process (PID=69082) to work on /home/malangdataguy/miniconda3/envs/airflow_mdg/lib/python3.8/site-packages/airflow/example_dags/example_task_group.py
[2024-04-06T23:20:48.213+0000] {processor.py:830} INFO - Processing file /home/malangdataguy/miniconda3/envs/airflow_mdg/lib/python3.8/site-packages/airflow/example_dags/example_task_group.py for tasks to queue
[2024-04-06T23:20:48.214+0000] {logging_mixin.py:188} INFO - [2024-04-06T23:20:48.214+0000] {dagbag.py:540} INFO - Filling up the DagBag from /home/malangdataguy/miniconda3/envs/airflow_mdg/lib/python3.8/site-packages/airflow/example_dags/example_task_group.py
[2024-04-06T23:20:48.226+0000] {processor.py:840} INFO - DAG(s) 'example_task_group' retrieved from /home/malangdataguy/miniconda3/envs/airflow_mdg/lib/python3.8/site-packages/airflow/example_dags/example_task_group.py
[2024-04-06T23:20:48.252+0000] {logging_mixin.py:188} INFO - [2024-04-06T23:20:48.251+0000] {dag.py:3047} INFO - Sync 1 DAGs
[2024-04-06T23:20:48.277+0000] {logging_mixin.py:188} INFO - [2024-04-06T23:20:48.276+0000] {dag.py:3834} INFO - Setting next_dagrun for example_task_group to 2024-04-05 00:00:00+00:00, run_after=2024-04-06 00:00:00+00:00
[2024-04-06T23:20:48.305+0000] {processor.py:183} INFO - Processing /home/malangdataguy/miniconda3/envs/airflow_mdg/lib/python3.8/site-packages/airflow/example_dags/example_task_group.py took 0.100 seconds
[2024-04-06T23:21:28.747+0000] {processor.py:161} INFO - Started process (PID=69124) to work on /home/malangdataguy/miniconda3/envs/airflow_mdg/lib/python3.8/site-packages/airflow/example_dags/example_task_group.py
[2024-04-06T23:21:28.749+0000] {processor.py:830} INFO - Processing file /home/malangdataguy/miniconda3/envs/airflow_mdg/lib/python3.8/site-packages/airflow/example_dags/example_task_group.py for tasks to queue
[2024-04-06T23:21:28.751+0000] {logging_mixin.py:188} INFO - [2024-04-06T23:21:28.750+0000] {dagbag.py:540} INFO - Filling up the DagBag from /home/malangdataguy/miniconda3/envs/airflow_mdg/lib/python3.8/site-packages/airflow/example_dags/example_task_group.py
[2024-04-06T23:21:28.764+0000] {processor.py:840} INFO - DAG(s) 'example_task_group' retrieved from /home/malangdataguy/miniconda3/envs/airflow_mdg/lib/python3.8/site-packages/airflow/example_dags/example_task_group.py
[2024-04-06T23:21:28.792+0000] {logging_mixin.py:188} INFO - [2024-04-06T23:21:28.792+0000] {dag.py:3047} INFO - Sync 1 DAGs
[2024-04-06T23:21:28.820+0000] {logging_mixin.py:188} INFO - [2024-04-06T23:21:28.820+0000] {dag.py:3834} INFO - Setting next_dagrun for example_task_group to 2024-04-05 00:00:00+00:00, run_after=2024-04-06 00:00:00+00:00
[2024-04-06T23:21:28.857+0000] {processor.py:183} INFO - Processing /home/malangdataguy/miniconda3/envs/airflow_mdg/lib/python3.8/site-packages/airflow/example_dags/example_task_group.py took 0.115 seconds
[2024-04-06T23:22:11.037+0000] {processor.py:161} INFO - Started process (PID=69165) to work on /home/malangdataguy/miniconda3/envs/airflow_mdg/lib/python3.8/site-packages/airflow/example_dags/example_task_group.py
[2024-04-06T23:22:11.041+0000] {processor.py:830} INFO - Processing file /home/malangdataguy/miniconda3/envs/airflow_mdg/lib/python3.8/site-packages/airflow/example_dags/example_task_group.py for tasks to queue
[2024-04-06T23:22:11.042+0000] {logging_mixin.py:188} INFO - [2024-04-06T23:22:11.042+0000] {dagbag.py:540} INFO - Filling up the DagBag from /home/malangdataguy/miniconda3/envs/airflow_mdg/lib/python3.8/site-packages/airflow/example_dags/example_task_group.py
[2024-04-06T23:22:11.056+0000] {processor.py:840} INFO - DAG(s) 'example_task_group' retrieved from /home/malangdataguy/miniconda3/envs/airflow_mdg/lib/python3.8/site-packages/airflow/example_dags/example_task_group.py
[2024-04-06T23:22:11.086+0000] {logging_mixin.py:188} INFO - [2024-04-06T23:22:11.086+0000] {dag.py:3047} INFO - Sync 1 DAGs
[2024-04-06T23:22:11.119+0000] {logging_mixin.py:188} INFO - [2024-04-06T23:22:11.118+0000] {dag.py:3834} INFO - Setting next_dagrun for example_task_group to 2024-04-05 00:00:00+00:00, run_after=2024-04-06 00:00:00+00:00
[2024-04-06T23:22:11.154+0000] {processor.py:183} INFO - Processing /home/malangdataguy/miniconda3/envs/airflow_mdg/lib/python3.8/site-packages/airflow/example_dags/example_task_group.py took 0.123 seconds
[2024-04-06T23:40:18.675+0000] {processor.py:161} INFO - Started process (PID=69279) to work on /home/malangdataguy/miniconda3/envs/airflow_mdg/lib/python3.8/site-packages/airflow/example_dags/example_task_group.py
[2024-04-06T23:40:18.678+0000] {processor.py:830} INFO - Processing file /home/malangdataguy/miniconda3/envs/airflow_mdg/lib/python3.8/site-packages/airflow/example_dags/example_task_group.py for tasks to queue
[2024-04-06T23:40:18.679+0000] {logging_mixin.py:188} INFO - [2024-04-06T23:40:18.679+0000] {dagbag.py:540} INFO - Filling up the DagBag from /home/malangdataguy/miniconda3/envs/airflow_mdg/lib/python3.8/site-packages/airflow/example_dags/example_task_group.py
[2024-04-06T23:40:18.695+0000] {processor.py:840} INFO - DAG(s) 'example_task_group' retrieved from /home/malangdataguy/miniconda3/envs/airflow_mdg/lib/python3.8/site-packages/airflow/example_dags/example_task_group.py
[2024-04-06T23:40:18.724+0000] {logging_mixin.py:188} INFO - [2024-04-06T23:40:18.724+0000] {dag.py:3047} INFO - Sync 1 DAGs
[2024-04-06T23:40:18.755+0000] {logging_mixin.py:188} INFO - [2024-04-06T23:40:18.755+0000] {dag.py:3834} INFO - Setting next_dagrun for example_task_group to 2024-04-05 00:00:00+00:00, run_after=2024-04-06 00:00:00+00:00
[2024-04-06T23:40:18.789+0000] {processor.py:183} INFO - Processing /home/malangdataguy/miniconda3/envs/airflow_mdg/lib/python3.8/site-packages/airflow/example_dags/example_task_group.py took 0.119 seconds
[2024-04-06T23:41:12.009+0000] {processor.py:161} INFO - Started process (PID=69329) to work on /home/malangdataguy/miniconda3/envs/airflow_mdg/lib/python3.8/site-packages/airflow/example_dags/example_task_group.py
[2024-04-06T23:41:12.012+0000] {processor.py:830} INFO - Processing file /home/malangdataguy/miniconda3/envs/airflow_mdg/lib/python3.8/site-packages/airflow/example_dags/example_task_group.py for tasks to queue
[2024-04-06T23:41:12.014+0000] {logging_mixin.py:188} INFO - [2024-04-06T23:41:12.013+0000] {dagbag.py:540} INFO - Filling up the DagBag from /home/malangdataguy/miniconda3/envs/airflow_mdg/lib/python3.8/site-packages/airflow/example_dags/example_task_group.py
[2024-04-06T23:41:12.028+0000] {processor.py:840} INFO - DAG(s) 'example_task_group' retrieved from /home/malangdataguy/miniconda3/envs/airflow_mdg/lib/python3.8/site-packages/airflow/example_dags/example_task_group.py
[2024-04-06T23:41:12.057+0000] {logging_mixin.py:188} INFO - [2024-04-06T23:41:12.056+0000] {dag.py:3047} INFO - Sync 1 DAGs
[2024-04-06T23:41:12.089+0000] {logging_mixin.py:188} INFO - [2024-04-06T23:41:12.088+0000] {dag.py:3834} INFO - Setting next_dagrun for example_task_group to 2024-04-05 00:00:00+00:00, run_after=2024-04-06 00:00:00+00:00
[2024-04-06T23:41:12.120+0000] {processor.py:183} INFO - Processing /home/malangdataguy/miniconda3/envs/airflow_mdg/lib/python3.8/site-packages/airflow/example_dags/example_task_group.py took 0.116 seconds
[2024-04-06T23:41:56.222+0000] {processor.py:161} INFO - Started process (PID=69371) to work on /home/malangdataguy/miniconda3/envs/airflow_mdg/lib/python3.8/site-packages/airflow/example_dags/example_task_group.py
[2024-04-06T23:41:56.224+0000] {processor.py:830} INFO - Processing file /home/malangdataguy/miniconda3/envs/airflow_mdg/lib/python3.8/site-packages/airflow/example_dags/example_task_group.py for tasks to queue
[2024-04-06T23:41:56.226+0000] {logging_mixin.py:188} INFO - [2024-04-06T23:41:56.225+0000] {dagbag.py:540} INFO - Filling up the DagBag from /home/malangdataguy/miniconda3/envs/airflow_mdg/lib/python3.8/site-packages/airflow/example_dags/example_task_group.py
[2024-04-06T23:41:56.242+0000] {processor.py:840} INFO - DAG(s) 'example_task_group' retrieved from /home/malangdataguy/miniconda3/envs/airflow_mdg/lib/python3.8/site-packages/airflow/example_dags/example_task_group.py
[2024-04-06T23:41:56.271+0000] {logging_mixin.py:188} INFO - [2024-04-06T23:41:56.271+0000] {dag.py:3047} INFO - Sync 1 DAGs
[2024-04-06T23:41:56.302+0000] {logging_mixin.py:188} INFO - [2024-04-06T23:41:56.301+0000] {dag.py:3834} INFO - Setting next_dagrun for example_task_group to 2024-04-05 00:00:00+00:00, run_after=2024-04-06 00:00:00+00:00
[2024-04-06T23:41:56.337+0000] {processor.py:183} INFO - Processing /home/malangdataguy/miniconda3/envs/airflow_mdg/lib/python3.8/site-packages/airflow/example_dags/example_task_group.py took 0.121 seconds
[2024-04-06T23:42:40.741+0000] {processor.py:161} INFO - Started process (PID=69415) to work on /home/malangdataguy/miniconda3/envs/airflow_mdg/lib/python3.8/site-packages/airflow/example_dags/example_task_group.py
[2024-04-06T23:42:40.744+0000] {processor.py:830} INFO - Processing file /home/malangdataguy/miniconda3/envs/airflow_mdg/lib/python3.8/site-packages/airflow/example_dags/example_task_group.py for tasks to queue
[2024-04-06T23:42:40.746+0000] {logging_mixin.py:188} INFO - [2024-04-06T23:42:40.745+0000] {dagbag.py:540} INFO - Filling up the DagBag from /home/malangdataguy/miniconda3/envs/airflow_mdg/lib/python3.8/site-packages/airflow/example_dags/example_task_group.py
[2024-04-06T23:42:40.759+0000] {processor.py:840} INFO - DAG(s) 'example_task_group' retrieved from /home/malangdataguy/miniconda3/envs/airflow_mdg/lib/python3.8/site-packages/airflow/example_dags/example_task_group.py
[2024-04-06T23:42:40.788+0000] {logging_mixin.py:188} INFO - [2024-04-06T23:42:40.787+0000] {dag.py:3047} INFO - Sync 1 DAGs
[2024-04-06T23:42:40.818+0000] {logging_mixin.py:188} INFO - [2024-04-06T23:42:40.818+0000] {dag.py:3834} INFO - Setting next_dagrun for example_task_group to 2024-04-05 00:00:00+00:00, run_after=2024-04-06 00:00:00+00:00
[2024-04-06T23:42:40.856+0000] {processor.py:183} INFO - Processing /home/malangdataguy/miniconda3/envs/airflow_mdg/lib/python3.8/site-packages/airflow/example_dags/example_task_group.py took 0.120 seconds
[2024-04-06T23:43:23.990+0000] {processor.py:161} INFO - Started process (PID=69459) to work on /home/malangdataguy/miniconda3/envs/airflow_mdg/lib/python3.8/site-packages/airflow/example_dags/example_task_group.py
[2024-04-06T23:43:23.992+0000] {processor.py:830} INFO - Processing file /home/malangdataguy/miniconda3/envs/airflow_mdg/lib/python3.8/site-packages/airflow/example_dags/example_task_group.py for tasks to queue
[2024-04-06T23:43:23.994+0000] {logging_mixin.py:188} INFO - [2024-04-06T23:43:23.993+0000] {dagbag.py:540} INFO - Filling up the DagBag from /home/malangdataguy/miniconda3/envs/airflow_mdg/lib/python3.8/site-packages/airflow/example_dags/example_task_group.py
[2024-04-06T23:43:24.005+0000] {processor.py:840} INFO - DAG(s) 'example_task_group' retrieved from /home/malangdataguy/miniconda3/envs/airflow_mdg/lib/python3.8/site-packages/airflow/example_dags/example_task_group.py
[2024-04-06T23:43:24.029+0000] {logging_mixin.py:188} INFO - [2024-04-06T23:43:24.029+0000] {dag.py:3047} INFO - Sync 1 DAGs
[2024-04-06T23:43:24.054+0000] {logging_mixin.py:188} INFO - [2024-04-06T23:43:24.054+0000] {dag.py:3834} INFO - Setting next_dagrun for example_task_group to 2024-04-05 00:00:00+00:00, run_after=2024-04-06 00:00:00+00:00
[2024-04-06T23:43:24.086+0000] {processor.py:183} INFO - Processing /home/malangdataguy/miniconda3/envs/airflow_mdg/lib/python3.8/site-packages/airflow/example_dags/example_task_group.py took 0.101 seconds
[2024-04-06T23:44:08.995+0000] {processor.py:161} INFO - Started process (PID=69518) to work on /home/malangdataguy/miniconda3/envs/airflow_mdg/lib/python3.8/site-packages/airflow/example_dags/example_task_group.py
[2024-04-06T23:44:08.997+0000] {processor.py:830} INFO - Processing file /home/malangdataguy/miniconda3/envs/airflow_mdg/lib/python3.8/site-packages/airflow/example_dags/example_task_group.py for tasks to queue
[2024-04-06T23:44:08.999+0000] {logging_mixin.py:188} INFO - [2024-04-06T23:44:08.998+0000] {dagbag.py:540} INFO - Filling up the DagBag from /home/malangdataguy/miniconda3/envs/airflow_mdg/lib/python3.8/site-packages/airflow/example_dags/example_task_group.py
[2024-04-06T23:44:09.011+0000] {processor.py:840} INFO - DAG(s) 'example_task_group' retrieved from /home/malangdataguy/miniconda3/envs/airflow_mdg/lib/python3.8/site-packages/airflow/example_dags/example_task_group.py
[2024-04-06T23:44:09.035+0000] {logging_mixin.py:188} INFO - [2024-04-06T23:44:09.035+0000] {dag.py:3047} INFO - Sync 1 DAGs
[2024-04-06T23:44:09.061+0000] {logging_mixin.py:188} INFO - [2024-04-06T23:44:09.060+0000] {dag.py:3834} INFO - Setting next_dagrun for example_task_group to 2024-04-05 00:00:00+00:00, run_after=2024-04-06 00:00:00+00:00
[2024-04-06T23:44:09.091+0000] {processor.py:183} INFO - Processing /home/malangdataguy/miniconda3/envs/airflow_mdg/lib/python3.8/site-packages/airflow/example_dags/example_task_group.py took 0.101 seconds
[2024-04-06T23:44:52.621+0000] {processor.py:161} INFO - Started process (PID=69565) to work on /home/malangdataguy/miniconda3/envs/airflow_mdg/lib/python3.8/site-packages/airflow/example_dags/example_task_group.py
[2024-04-06T23:44:52.624+0000] {processor.py:830} INFO - Processing file /home/malangdataguy/miniconda3/envs/airflow_mdg/lib/python3.8/site-packages/airflow/example_dags/example_task_group.py for tasks to queue
[2024-04-06T23:44:52.625+0000] {logging_mixin.py:188} INFO - [2024-04-06T23:44:52.625+0000] {dagbag.py:540} INFO - Filling up the DagBag from /home/malangdataguy/miniconda3/envs/airflow_mdg/lib/python3.8/site-packages/airflow/example_dags/example_task_group.py
[2024-04-06T23:44:52.638+0000] {processor.py:840} INFO - DAG(s) 'example_task_group' retrieved from /home/malangdataguy/miniconda3/envs/airflow_mdg/lib/python3.8/site-packages/airflow/example_dags/example_task_group.py
[2024-04-06T23:44:52.665+0000] {logging_mixin.py:188} INFO - [2024-04-06T23:44:52.664+0000] {dag.py:3047} INFO - Sync 1 DAGs
[2024-04-06T23:44:52.692+0000] {logging_mixin.py:188} INFO - [2024-04-06T23:44:52.692+0000] {dag.py:3834} INFO - Setting next_dagrun for example_task_group to 2024-04-05 00:00:00+00:00, run_after=2024-04-06 00:00:00+00:00
[2024-04-06T23:44:52.722+0000] {processor.py:183} INFO - Processing /home/malangdataguy/miniconda3/envs/airflow_mdg/lib/python3.8/site-packages/airflow/example_dags/example_task_group.py took 0.106 seconds
[2024-04-06T23:45:34.530+0000] {processor.py:161} INFO - Started process (PID=69609) to work on /home/malangdataguy/miniconda3/envs/airflow_mdg/lib/python3.8/site-packages/airflow/example_dags/example_task_group.py
[2024-04-06T23:45:34.532+0000] {processor.py:830} INFO - Processing file /home/malangdataguy/miniconda3/envs/airflow_mdg/lib/python3.8/site-packages/airflow/example_dags/example_task_group.py for tasks to queue
[2024-04-06T23:45:34.534+0000] {logging_mixin.py:188} INFO - [2024-04-06T23:45:34.533+0000] {dagbag.py:540} INFO - Filling up the DagBag from /home/malangdataguy/miniconda3/envs/airflow_mdg/lib/python3.8/site-packages/airflow/example_dags/example_task_group.py
[2024-04-06T23:45:34.544+0000] {processor.py:840} INFO - DAG(s) 'example_task_group' retrieved from /home/malangdataguy/miniconda3/envs/airflow_mdg/lib/python3.8/site-packages/airflow/example_dags/example_task_group.py
[2024-04-06T23:45:34.566+0000] {logging_mixin.py:188} INFO - [2024-04-06T23:45:34.566+0000] {dag.py:3047} INFO - Sync 1 DAGs
[2024-04-06T23:45:34.590+0000] {logging_mixin.py:188} INFO - [2024-04-06T23:45:34.590+0000] {dag.py:3834} INFO - Setting next_dagrun for example_task_group to 2024-04-05 00:00:00+00:00, run_after=2024-04-06 00:00:00+00:00
[2024-04-06T23:45:34.616+0000] {processor.py:183} INFO - Processing /home/malangdataguy/miniconda3/envs/airflow_mdg/lib/python3.8/site-packages/airflow/example_dags/example_task_group.py took 0.090 seconds
[2024-04-06T23:46:15.776+0000] {processor.py:161} INFO - Started process (PID=69653) to work on /home/malangdataguy/miniconda3/envs/airflow_mdg/lib/python3.8/site-packages/airflow/example_dags/example_task_group.py
[2024-04-06T23:46:15.779+0000] {processor.py:830} INFO - Processing file /home/malangdataguy/miniconda3/envs/airflow_mdg/lib/python3.8/site-packages/airflow/example_dags/example_task_group.py for tasks to queue
[2024-04-06T23:46:15.780+0000] {logging_mixin.py:188} INFO - [2024-04-06T23:46:15.780+0000] {dagbag.py:540} INFO - Filling up the DagBag from /home/malangdataguy/miniconda3/envs/airflow_mdg/lib/python3.8/site-packages/airflow/example_dags/example_task_group.py
[2024-04-06T23:46:15.794+0000] {processor.py:840} INFO - DAG(s) 'example_task_group' retrieved from /home/malangdataguy/miniconda3/envs/airflow_mdg/lib/python3.8/site-packages/airflow/example_dags/example_task_group.py
[2024-04-06T23:46:15.822+0000] {logging_mixin.py:188} INFO - [2024-04-06T23:46:15.821+0000] {dag.py:3047} INFO - Sync 1 DAGs
[2024-04-06T23:46:15.851+0000] {logging_mixin.py:188} INFO - [2024-04-06T23:46:15.851+0000] {dag.py:3834} INFO - Setting next_dagrun for example_task_group to 2024-04-05 00:00:00+00:00, run_after=2024-04-06 00:00:00+00:00
[2024-04-06T23:46:15.885+0000] {processor.py:183} INFO - Processing /home/malangdataguy/miniconda3/envs/airflow_mdg/lib/python3.8/site-packages/airflow/example_dags/example_task_group.py took 0.114 seconds
[2024-04-06T23:47:05.495+0000] {processor.py:161} INFO - Started process (PID=69734) to work on /home/malangdataguy/miniconda3/envs/airflow_mdg/lib/python3.8/site-packages/airflow/example_dags/example_task_group.py
[2024-04-06T23:47:05.497+0000] {processor.py:830} INFO - Processing file /home/malangdataguy/miniconda3/envs/airflow_mdg/lib/python3.8/site-packages/airflow/example_dags/example_task_group.py for tasks to queue
[2024-04-06T23:47:05.499+0000] {logging_mixin.py:188} INFO - [2024-04-06T23:47:05.498+0000] {dagbag.py:540} INFO - Filling up the DagBag from /home/malangdataguy/miniconda3/envs/airflow_mdg/lib/python3.8/site-packages/airflow/example_dags/example_task_group.py
[2024-04-06T23:47:05.512+0000] {processor.py:840} INFO - DAG(s) 'example_task_group' retrieved from /home/malangdataguy/miniconda3/envs/airflow_mdg/lib/python3.8/site-packages/airflow/example_dags/example_task_group.py
[2024-04-06T23:47:05.540+0000] {logging_mixin.py:188} INFO - [2024-04-06T23:47:05.540+0000] {dag.py:3047} INFO - Sync 1 DAGs
[2024-04-06T23:47:05.570+0000] {logging_mixin.py:188} INFO - [2024-04-06T23:47:05.569+0000] {dag.py:3834} INFO - Setting next_dagrun for example_task_group to 2024-04-05 00:00:00+00:00, run_after=2024-04-06 00:00:00+00:00
[2024-04-06T23:47:05.604+0000] {processor.py:183} INFO - Processing /home/malangdataguy/miniconda3/envs/airflow_mdg/lib/python3.8/site-packages/airflow/example_dags/example_task_group.py took 0.114 seconds
[2024-04-06T23:47:44.965+0000] {processor.py:161} INFO - Started process (PID=69775) to work on /home/malangdataguy/miniconda3/envs/airflow_mdg/lib/python3.8/site-packages/airflow/example_dags/example_task_group.py
[2024-04-06T23:47:44.968+0000] {processor.py:830} INFO - Processing file /home/malangdataguy/miniconda3/envs/airflow_mdg/lib/python3.8/site-packages/airflow/example_dags/example_task_group.py for tasks to queue
[2024-04-06T23:47:44.970+0000] {logging_mixin.py:188} INFO - [2024-04-06T23:47:44.969+0000] {dagbag.py:540} INFO - Filling up the DagBag from /home/malangdataguy/miniconda3/envs/airflow_mdg/lib/python3.8/site-packages/airflow/example_dags/example_task_group.py
[2024-04-06T23:47:44.983+0000] {processor.py:840} INFO - DAG(s) 'example_task_group' retrieved from /home/malangdataguy/miniconda3/envs/airflow_mdg/lib/python3.8/site-packages/airflow/example_dags/example_task_group.py
[2024-04-06T23:47:45.011+0000] {logging_mixin.py:188} INFO - [2024-04-06T23:47:45.010+0000] {dag.py:3047} INFO - Sync 1 DAGs
[2024-04-06T23:47:45.039+0000] {logging_mixin.py:188} INFO - [2024-04-06T23:47:45.039+0000] {dag.py:3834} INFO - Setting next_dagrun for example_task_group to 2024-04-05 00:00:00+00:00, run_after=2024-04-06 00:00:00+00:00
[2024-04-06T23:47:45.074+0000] {processor.py:183} INFO - Processing /home/malangdataguy/miniconda3/envs/airflow_mdg/lib/python3.8/site-packages/airflow/example_dags/example_task_group.py took 0.114 seconds
[2024-04-06T23:48:27.994+0000] {processor.py:161} INFO - Started process (PID=69823) to work on /home/malangdataguy/miniconda3/envs/airflow_mdg/lib/python3.8/site-packages/airflow/example_dags/example_task_group.py
[2024-04-06T23:48:27.997+0000] {processor.py:830} INFO - Processing file /home/malangdataguy/miniconda3/envs/airflow_mdg/lib/python3.8/site-packages/airflow/example_dags/example_task_group.py for tasks to queue
[2024-04-06T23:48:27.998+0000] {logging_mixin.py:188} INFO - [2024-04-06T23:48:27.998+0000] {dagbag.py:540} INFO - Filling up the DagBag from /home/malangdataguy/miniconda3/envs/airflow_mdg/lib/python3.8/site-packages/airflow/example_dags/example_task_group.py
[2024-04-06T23:48:28.012+0000] {processor.py:840} INFO - DAG(s) 'example_task_group' retrieved from /home/malangdataguy/miniconda3/envs/airflow_mdg/lib/python3.8/site-packages/airflow/example_dags/example_task_group.py
[2024-04-06T23:48:28.039+0000] {logging_mixin.py:188} INFO - [2024-04-06T23:48:28.039+0000] {dag.py:3047} INFO - Sync 1 DAGs
[2024-04-06T23:48:28.070+0000] {logging_mixin.py:188} INFO - [2024-04-06T23:48:28.069+0000] {dag.py:3834} INFO - Setting next_dagrun for example_task_group to 2024-04-05 00:00:00+00:00, run_after=2024-04-06 00:00:00+00:00
[2024-04-06T23:48:28.108+0000] {processor.py:183} INFO - Processing /home/malangdataguy/miniconda3/envs/airflow_mdg/lib/python3.8/site-packages/airflow/example_dags/example_task_group.py took 0.119 seconds
[2024-04-06T23:49:10.039+0000] {processor.py:161} INFO - Started process (PID=69864) to work on /home/malangdataguy/miniconda3/envs/airflow_mdg/lib/python3.8/site-packages/airflow/example_dags/example_task_group.py
[2024-04-06T23:49:10.041+0000] {processor.py:830} INFO - Processing file /home/malangdataguy/miniconda3/envs/airflow_mdg/lib/python3.8/site-packages/airflow/example_dags/example_task_group.py for tasks to queue
[2024-04-06T23:49:10.043+0000] {logging_mixin.py:188} INFO - [2024-04-06T23:49:10.042+0000] {dagbag.py:540} INFO - Filling up the DagBag from /home/malangdataguy/miniconda3/envs/airflow_mdg/lib/python3.8/site-packages/airflow/example_dags/example_task_group.py
[2024-04-06T23:49:10.055+0000] {processor.py:840} INFO - DAG(s) 'example_task_group' retrieved from /home/malangdataguy/miniconda3/envs/airflow_mdg/lib/python3.8/site-packages/airflow/example_dags/example_task_group.py
[2024-04-06T23:49:10.081+0000] {logging_mixin.py:188} INFO - [2024-04-06T23:49:10.080+0000] {dag.py:3047} INFO - Sync 1 DAGs
[2024-04-06T23:49:10.107+0000] {logging_mixin.py:188} INFO - [2024-04-06T23:49:10.107+0000] {dag.py:3834} INFO - Setting next_dagrun for example_task_group to 2024-04-05 00:00:00+00:00, run_after=2024-04-06 00:00:00+00:00
[2024-04-06T23:49:10.135+0000] {processor.py:183} INFO - Processing /home/malangdataguy/miniconda3/envs/airflow_mdg/lib/python3.8/site-packages/airflow/example_dags/example_task_group.py took 0.102 seconds
[2024-04-06T23:49:53.039+0000] {processor.py:161} INFO - Started process (PID=69910) to work on /home/malangdataguy/miniconda3/envs/airflow_mdg/lib/python3.8/site-packages/airflow/example_dags/example_task_group.py
[2024-04-06T23:49:53.042+0000] {processor.py:830} INFO - Processing file /home/malangdataguy/miniconda3/envs/airflow_mdg/lib/python3.8/site-packages/airflow/example_dags/example_task_group.py for tasks to queue
[2024-04-06T23:49:53.044+0000] {logging_mixin.py:188} INFO - [2024-04-06T23:49:53.043+0000] {dagbag.py:540} INFO - Filling up the DagBag from /home/malangdataguy/miniconda3/envs/airflow_mdg/lib/python3.8/site-packages/airflow/example_dags/example_task_group.py
[2024-04-06T23:49:53.058+0000] {processor.py:840} INFO - DAG(s) 'example_task_group' retrieved from /home/malangdataguy/miniconda3/envs/airflow_mdg/lib/python3.8/site-packages/airflow/example_dags/example_task_group.py
[2024-04-06T23:49:53.085+0000] {logging_mixin.py:188} INFO - [2024-04-06T23:49:53.085+0000] {dag.py:3047} INFO - Sync 1 DAGs
[2024-04-06T23:49:53.117+0000] {logging_mixin.py:188} INFO - [2024-04-06T23:49:53.116+0000] {dag.py:3834} INFO - Setting next_dagrun for example_task_group to 2024-04-05 00:00:00+00:00, run_after=2024-04-06 00:00:00+00:00
[2024-04-06T23:49:53.153+0000] {processor.py:183} INFO - Processing /home/malangdataguy/miniconda3/envs/airflow_mdg/lib/python3.8/site-packages/airflow/example_dags/example_task_group.py took 0.120 seconds
[2024-04-06T23:50:31.272+0000] {processor.py:161} INFO - Started process (PID=69949) to work on /home/malangdataguy/miniconda3/envs/airflow_mdg/lib/python3.8/site-packages/airflow/example_dags/example_task_group.py
[2024-04-06T23:50:31.275+0000] {processor.py:830} INFO - Processing file /home/malangdataguy/miniconda3/envs/airflow_mdg/lib/python3.8/site-packages/airflow/example_dags/example_task_group.py for tasks to queue
[2024-04-06T23:50:31.277+0000] {logging_mixin.py:188} INFO - [2024-04-06T23:50:31.276+0000] {dagbag.py:540} INFO - Filling up the DagBag from /home/malangdataguy/miniconda3/envs/airflow_mdg/lib/python3.8/site-packages/airflow/example_dags/example_task_group.py
[2024-04-06T23:50:31.290+0000] {processor.py:840} INFO - DAG(s) 'example_task_group' retrieved from /home/malangdataguy/miniconda3/envs/airflow_mdg/lib/python3.8/site-packages/airflow/example_dags/example_task_group.py
[2024-04-06T23:50:31.317+0000] {logging_mixin.py:188} INFO - [2024-04-06T23:50:31.317+0000] {dag.py:3047} INFO - Sync 1 DAGs
[2024-04-06T23:50:31.346+0000] {logging_mixin.py:188} INFO - [2024-04-06T23:50:31.346+0000] {dag.py:3834} INFO - Setting next_dagrun for example_task_group to 2024-04-05 00:00:00+00:00, run_after=2024-04-06 00:00:00+00:00
[2024-04-06T23:50:31.383+0000] {processor.py:183} INFO - Processing /home/malangdataguy/miniconda3/envs/airflow_mdg/lib/python3.8/site-packages/airflow/example_dags/example_task_group.py took 0.116 seconds
[2024-04-06T23:51:15.086+0000] {processor.py:161} INFO - Started process (PID=69992) to work on /home/malangdataguy/miniconda3/envs/airflow_mdg/lib/python3.8/site-packages/airflow/example_dags/example_task_group.py
[2024-04-06T23:51:15.089+0000] {processor.py:830} INFO - Processing file /home/malangdataguy/miniconda3/envs/airflow_mdg/lib/python3.8/site-packages/airflow/example_dags/example_task_group.py for tasks to queue
[2024-04-06T23:51:15.091+0000] {logging_mixin.py:188} INFO - [2024-04-06T23:51:15.090+0000] {dagbag.py:540} INFO - Filling up the DagBag from /home/malangdataguy/miniconda3/envs/airflow_mdg/lib/python3.8/site-packages/airflow/example_dags/example_task_group.py
[2024-04-06T23:51:15.105+0000] {processor.py:840} INFO - DAG(s) 'example_task_group' retrieved from /home/malangdataguy/miniconda3/envs/airflow_mdg/lib/python3.8/site-packages/airflow/example_dags/example_task_group.py
[2024-04-06T23:51:15.133+0000] {logging_mixin.py:188} INFO - [2024-04-06T23:51:15.133+0000] {dag.py:3047} INFO - Sync 1 DAGs
[2024-04-06T23:51:15.166+0000] {logging_mixin.py:188} INFO - [2024-04-06T23:51:15.165+0000] {dag.py:3834} INFO - Setting next_dagrun for example_task_group to 2024-04-05 00:00:00+00:00, run_after=2024-04-06 00:00:00+00:00
[2024-04-06T23:51:15.203+0000] {processor.py:183} INFO - Processing /home/malangdataguy/miniconda3/envs/airflow_mdg/lib/python3.8/site-packages/airflow/example_dags/example_task_group.py took 0.123 seconds
[2024-04-06T23:51:58.552+0000] {processor.py:161} INFO - Started process (PID=70037) to work on /home/malangdataguy/miniconda3/envs/airflow_mdg/lib/python3.8/site-packages/airflow/example_dags/example_task_group.py
[2024-04-06T23:51:58.555+0000] {processor.py:830} INFO - Processing file /home/malangdataguy/miniconda3/envs/airflow_mdg/lib/python3.8/site-packages/airflow/example_dags/example_task_group.py for tasks to queue
[2024-04-06T23:51:58.557+0000] {logging_mixin.py:188} INFO - [2024-04-06T23:51:58.556+0000] {dagbag.py:540} INFO - Filling up the DagBag from /home/malangdataguy/miniconda3/envs/airflow_mdg/lib/python3.8/site-packages/airflow/example_dags/example_task_group.py
[2024-04-06T23:51:58.570+0000] {processor.py:840} INFO - DAG(s) 'example_task_group' retrieved from /home/malangdataguy/miniconda3/envs/airflow_mdg/lib/python3.8/site-packages/airflow/example_dags/example_task_group.py
[2024-04-06T23:51:58.598+0000] {logging_mixin.py:188} INFO - [2024-04-06T23:51:58.598+0000] {dag.py:3047} INFO - Sync 1 DAGs
[2024-04-06T23:51:58.628+0000] {logging_mixin.py:188} INFO - [2024-04-06T23:51:58.628+0000] {dag.py:3834} INFO - Setting next_dagrun for example_task_group to 2024-04-05 00:00:00+00:00, run_after=2024-04-06 00:00:00+00:00
[2024-04-06T23:51:58.661+0000] {processor.py:183} INFO - Processing /home/malangdataguy/miniconda3/envs/airflow_mdg/lib/python3.8/site-packages/airflow/example_dags/example_task_group.py took 0.115 seconds
[2024-04-06T23:52:41.510+0000] {processor.py:161} INFO - Started process (PID=70082) to work on /home/malangdataguy/miniconda3/envs/airflow_mdg/lib/python3.8/site-packages/airflow/example_dags/example_task_group.py
[2024-04-06T23:52:41.513+0000] {processor.py:830} INFO - Processing file /home/malangdataguy/miniconda3/envs/airflow_mdg/lib/python3.8/site-packages/airflow/example_dags/example_task_group.py for tasks to queue
[2024-04-06T23:52:41.515+0000] {logging_mixin.py:188} INFO - [2024-04-06T23:52:41.514+0000] {dagbag.py:540} INFO - Filling up the DagBag from /home/malangdataguy/miniconda3/envs/airflow_mdg/lib/python3.8/site-packages/airflow/example_dags/example_task_group.py
[2024-04-06T23:52:41.528+0000] {processor.py:840} INFO - DAG(s) 'example_task_group' retrieved from /home/malangdataguy/miniconda3/envs/airflow_mdg/lib/python3.8/site-packages/airflow/example_dags/example_task_group.py
[2024-04-06T23:52:41.556+0000] {logging_mixin.py:188} INFO - [2024-04-06T23:52:41.556+0000] {dag.py:3047} INFO - Sync 1 DAGs
[2024-04-06T23:52:41.584+0000] {logging_mixin.py:188} INFO - [2024-04-06T23:52:41.583+0000] {dag.py:3834} INFO - Setting next_dagrun for example_task_group to 2024-04-05 00:00:00+00:00, run_after=2024-04-06 00:00:00+00:00
[2024-04-06T23:52:41.616+0000] {processor.py:183} INFO - Processing /home/malangdataguy/miniconda3/envs/airflow_mdg/lib/python3.8/site-packages/airflow/example_dags/example_task_group.py took 0.111 seconds
[2024-04-06T23:53:26.893+0000] {processor.py:161} INFO - Started process (PID=70127) to work on /home/malangdataguy/miniconda3/envs/airflow_mdg/lib/python3.8/site-packages/airflow/example_dags/example_task_group.py
[2024-04-06T23:53:26.896+0000] {processor.py:830} INFO - Processing file /home/malangdataguy/miniconda3/envs/airflow_mdg/lib/python3.8/site-packages/airflow/example_dags/example_task_group.py for tasks to queue
[2024-04-06T23:53:26.898+0000] {logging_mixin.py:188} INFO - [2024-04-06T23:53:26.897+0000] {dagbag.py:540} INFO - Filling up the DagBag from /home/malangdataguy/miniconda3/envs/airflow_mdg/lib/python3.8/site-packages/airflow/example_dags/example_task_group.py
[2024-04-06T23:53:26.909+0000] {processor.py:840} INFO - DAG(s) 'example_task_group' retrieved from /home/malangdataguy/miniconda3/envs/airflow_mdg/lib/python3.8/site-packages/airflow/example_dags/example_task_group.py
[2024-04-06T23:53:26.933+0000] {logging_mixin.py:188} INFO - [2024-04-06T23:53:26.933+0000] {dag.py:3047} INFO - Sync 1 DAGs
[2024-04-06T23:53:26.958+0000] {logging_mixin.py:188} INFO - [2024-04-06T23:53:26.958+0000] {dag.py:3834} INFO - Setting next_dagrun for example_task_group to 2024-04-05 00:00:00+00:00, run_after=2024-04-06 00:00:00+00:00
[2024-04-06T23:53:26.988+0000] {processor.py:183} INFO - Processing /home/malangdataguy/miniconda3/envs/airflow_mdg/lib/python3.8/site-packages/airflow/example_dags/example_task_group.py took 0.100 seconds
[2024-04-06T23:54:11.089+0000] {processor.py:161} INFO - Started process (PID=70206) to work on /home/malangdataguy/miniconda3/envs/airflow_mdg/lib/python3.8/site-packages/airflow/example_dags/example_task_group.py
[2024-04-06T23:54:11.092+0000] {processor.py:830} INFO - Processing file /home/malangdataguy/miniconda3/envs/airflow_mdg/lib/python3.8/site-packages/airflow/example_dags/example_task_group.py for tasks to queue
[2024-04-06T23:54:11.093+0000] {logging_mixin.py:188} INFO - [2024-04-06T23:54:11.093+0000] {dagbag.py:540} INFO - Filling up the DagBag from /home/malangdataguy/miniconda3/envs/airflow_mdg/lib/python3.8/site-packages/airflow/example_dags/example_task_group.py
[2024-04-06T23:54:11.106+0000] {processor.py:840} INFO - DAG(s) 'example_task_group' retrieved from /home/malangdataguy/miniconda3/envs/airflow_mdg/lib/python3.8/site-packages/airflow/example_dags/example_task_group.py
[2024-04-06T23:54:11.130+0000] {logging_mixin.py:188} INFO - [2024-04-06T23:54:11.129+0000] {dag.py:3047} INFO - Sync 1 DAGs
[2024-04-06T23:54:11.155+0000] {logging_mixin.py:188} INFO - [2024-04-06T23:54:11.155+0000] {dag.py:3834} INFO - Setting next_dagrun for example_task_group to 2024-04-05 00:00:00+00:00, run_after=2024-04-06 00:00:00+00:00
[2024-04-06T23:54:11.184+0000] {processor.py:183} INFO - Processing /home/malangdataguy/miniconda3/envs/airflow_mdg/lib/python3.8/site-packages/airflow/example_dags/example_task_group.py took 0.100 seconds
[2024-04-06T23:54:52.739+0000] {processor.py:161} INFO - Started process (PID=70250) to work on /home/malangdataguy/miniconda3/envs/airflow_mdg/lib/python3.8/site-packages/airflow/example_dags/example_task_group.py
[2024-04-06T23:54:52.741+0000] {processor.py:830} INFO - Processing file /home/malangdataguy/miniconda3/envs/airflow_mdg/lib/python3.8/site-packages/airflow/example_dags/example_task_group.py for tasks to queue
[2024-04-06T23:54:52.742+0000] {logging_mixin.py:188} INFO - [2024-04-06T23:54:52.742+0000] {dagbag.py:540} INFO - Filling up the DagBag from /home/malangdataguy/miniconda3/envs/airflow_mdg/lib/python3.8/site-packages/airflow/example_dags/example_task_group.py
[2024-04-06T23:54:52.753+0000] {processor.py:840} INFO - DAG(s) 'example_task_group' retrieved from /home/malangdataguy/miniconda3/envs/airflow_mdg/lib/python3.8/site-packages/airflow/example_dags/example_task_group.py
[2024-04-06T23:54:52.777+0000] {logging_mixin.py:188} INFO - [2024-04-06T23:54:52.777+0000] {dag.py:3047} INFO - Sync 1 DAGs
[2024-04-06T23:54:52.801+0000] {logging_mixin.py:188} INFO - [2024-04-06T23:54:52.801+0000] {dag.py:3834} INFO - Setting next_dagrun for example_task_group to 2024-04-05 00:00:00+00:00, run_after=2024-04-06 00:00:00+00:00
[2024-04-06T23:54:52.828+0000] {processor.py:183} INFO - Processing /home/malangdataguy/miniconda3/envs/airflow_mdg/lib/python3.8/site-packages/airflow/example_dags/example_task_group.py took 0.093 seconds
[2024-04-06T23:55:34.582+0000] {processor.py:161} INFO - Started process (PID=70292) to work on /home/malangdataguy/miniconda3/envs/airflow_mdg/lib/python3.8/site-packages/airflow/example_dags/example_task_group.py
[2024-04-06T23:55:34.584+0000] {processor.py:830} INFO - Processing file /home/malangdataguy/miniconda3/envs/airflow_mdg/lib/python3.8/site-packages/airflow/example_dags/example_task_group.py for tasks to queue
[2024-04-06T23:55:34.586+0000] {logging_mixin.py:188} INFO - [2024-04-06T23:55:34.585+0000] {dagbag.py:540} INFO - Filling up the DagBag from /home/malangdataguy/miniconda3/envs/airflow_mdg/lib/python3.8/site-packages/airflow/example_dags/example_task_group.py
[2024-04-06T23:55:34.597+0000] {processor.py:840} INFO - DAG(s) 'example_task_group' retrieved from /home/malangdataguy/miniconda3/envs/airflow_mdg/lib/python3.8/site-packages/airflow/example_dags/example_task_group.py
[2024-04-06T23:55:34.621+0000] {logging_mixin.py:188} INFO - [2024-04-06T23:55:34.620+0000] {dag.py:3047} INFO - Sync 1 DAGs
[2024-04-06T23:55:34.646+0000] {logging_mixin.py:188} INFO - [2024-04-06T23:55:34.646+0000] {dag.py:3834} INFO - Setting next_dagrun for example_task_group to 2024-04-05 00:00:00+00:00, run_after=2024-04-06 00:00:00+00:00
[2024-04-06T23:55:34.678+0000] {processor.py:183} INFO - Processing /home/malangdataguy/miniconda3/envs/airflow_mdg/lib/python3.8/site-packages/airflow/example_dags/example_task_group.py took 0.101 seconds
