[2024-04-06T23:09:26.110+0000] {processor.py:161} INFO - Started process (PID=68378) to work on /home/malangdataguy/miniconda3/envs/airflow_mdg/lib/python3.8/site-packages/airflow/example_dags/example_short_circuit_decorator.py
[2024-04-06T23:09:26.112+0000] {processor.py:830} INFO - Processing file /home/malangdataguy/miniconda3/envs/airflow_mdg/lib/python3.8/site-packages/airflow/example_dags/example_short_circuit_decorator.py for tasks to queue
[2024-04-06T23:09:26.113+0000] {logging_mixin.py:188} INFO - [2024-04-06T23:09:26.113+0000] {dagbag.py:540} INFO - Filling up the DagBag from /home/malangdataguy/miniconda3/envs/airflow_mdg/lib/python3.8/site-packages/airflow/example_dags/example_short_circuit_decorator.py
[2024-04-06T23:09:26.128+0000] {processor.py:840} INFO - DAG(s) 'example_short_circuit_decorator' retrieved from /home/malangdataguy/miniconda3/envs/airflow_mdg/lib/python3.8/site-packages/airflow/example_dags/example_short_circuit_decorator.py
[2024-04-06T23:09:26.265+0000] {logging_mixin.py:188} INFO - [2024-04-06T23:09:26.265+0000] {dag.py:3047} INFO - Sync 1 DAGs
[2024-04-06T23:09:26.289+0000] {logging_mixin.py:188} INFO - [2024-04-06T23:09:26.289+0000] {dag.py:3834} INFO - Setting next_dagrun for example_short_circuit_decorator to 2024-04-05 00:00:00+00:00, run_after=2024-04-06 00:00:00+00:00
[2024-04-06T23:09:26.323+0000] {processor.py:183} INFO - Processing /home/malangdataguy/miniconda3/envs/airflow_mdg/lib/python3.8/site-packages/airflow/example_dags/example_short_circuit_decorator.py took 0.218 seconds
[2024-04-06T23:10:20.244+0000] {processor.py:161} INFO - Started process (PID=68428) to work on /home/malangdataguy/miniconda3/envs/airflow_mdg/lib/python3.8/site-packages/airflow/example_dags/example_short_circuit_decorator.py
[2024-04-06T23:10:20.247+0000] {processor.py:830} INFO - Processing file /home/malangdataguy/miniconda3/envs/airflow_mdg/lib/python3.8/site-packages/airflow/example_dags/example_short_circuit_decorator.py for tasks to queue
[2024-04-06T23:10:20.248+0000] {logging_mixin.py:188} INFO - [2024-04-06T23:10:20.248+0000] {dagbag.py:540} INFO - Filling up the DagBag from /home/malangdataguy/miniconda3/envs/airflow_mdg/lib/python3.8/site-packages/airflow/example_dags/example_short_circuit_decorator.py
[2024-04-06T23:10:20.262+0000] {processor.py:840} INFO - DAG(s) 'example_short_circuit_decorator' retrieved from /home/malangdataguy/miniconda3/envs/airflow_mdg/lib/python3.8/site-packages/airflow/example_dags/example_short_circuit_decorator.py
[2024-04-06T23:10:20.287+0000] {logging_mixin.py:188} INFO - [2024-04-06T23:10:20.286+0000] {dag.py:3047} INFO - Sync 1 DAGs
[2024-04-06T23:10:20.310+0000] {logging_mixin.py:188} INFO - [2024-04-06T23:10:20.310+0000] {dag.py:3834} INFO - Setting next_dagrun for example_short_circuit_decorator to 2024-04-05 00:00:00+00:00, run_after=2024-04-06 00:00:00+00:00
[2024-04-06T23:10:20.339+0000] {processor.py:183} INFO - Processing /home/malangdataguy/miniconda3/envs/airflow_mdg/lib/python3.8/site-packages/airflow/example_dags/example_short_circuit_decorator.py took 0.099 seconds
[2024-04-06T23:11:08.828+0000] {processor.py:161} INFO - Started process (PID=68488) to work on /home/malangdataguy/miniconda3/envs/airflow_mdg/lib/python3.8/site-packages/airflow/example_dags/example_short_circuit_decorator.py
[2024-04-06T23:11:08.831+0000] {processor.py:830} INFO - Processing file /home/malangdataguy/miniconda3/envs/airflow_mdg/lib/python3.8/site-packages/airflow/example_dags/example_short_circuit_decorator.py for tasks to queue
[2024-04-06T23:11:08.833+0000] {logging_mixin.py:188} INFO - [2024-04-06T23:11:08.832+0000] {dagbag.py:540} INFO - Filling up the DagBag from /home/malangdataguy/miniconda3/envs/airflow_mdg/lib/python3.8/site-packages/airflow/example_dags/example_short_circuit_decorator.py
[2024-04-06T23:11:08.850+0000] {processor.py:840} INFO - DAG(s) 'example_short_circuit_decorator' retrieved from /home/malangdataguy/miniconda3/envs/airflow_mdg/lib/python3.8/site-packages/airflow/example_dags/example_short_circuit_decorator.py
[2024-04-06T23:11:08.884+0000] {logging_mixin.py:188} INFO - [2024-04-06T23:11:08.884+0000] {dag.py:3047} INFO - Sync 1 DAGs
[2024-04-06T23:11:08.918+0000] {logging_mixin.py:188} INFO - [2024-04-06T23:11:08.918+0000] {dag.py:3834} INFO - Setting next_dagrun for example_short_circuit_decorator to 2024-04-05 00:00:00+00:00, run_after=2024-04-06 00:00:00+00:00
[2024-04-06T23:11:08.955+0000] {processor.py:183} INFO - Processing /home/malangdataguy/miniconda3/envs/airflow_mdg/lib/python3.8/site-packages/airflow/example_dags/example_short_circuit_decorator.py took 0.132 seconds
[2024-04-06T23:11:56.106+0000] {processor.py:161} INFO - Started process (PID=68534) to work on /home/malangdataguy/miniconda3/envs/airflow_mdg/lib/python3.8/site-packages/airflow/example_dags/example_short_circuit_decorator.py
[2024-04-06T23:11:56.109+0000] {processor.py:830} INFO - Processing file /home/malangdataguy/miniconda3/envs/airflow_mdg/lib/python3.8/site-packages/airflow/example_dags/example_short_circuit_decorator.py for tasks to queue
[2024-04-06T23:11:56.111+0000] {logging_mixin.py:188} INFO - [2024-04-06T23:11:56.110+0000] {dagbag.py:540} INFO - Filling up the DagBag from /home/malangdataguy/miniconda3/envs/airflow_mdg/lib/python3.8/site-packages/airflow/example_dags/example_short_circuit_decorator.py
[2024-04-06T23:11:56.126+0000] {processor.py:840} INFO - DAG(s) 'example_short_circuit_decorator' retrieved from /home/malangdataguy/miniconda3/envs/airflow_mdg/lib/python3.8/site-packages/airflow/example_dags/example_short_circuit_decorator.py
[2024-04-06T23:11:56.154+0000] {logging_mixin.py:188} INFO - [2024-04-06T23:11:56.153+0000] {dag.py:3047} INFO - Sync 1 DAGs
[2024-04-06T23:11:56.182+0000] {logging_mixin.py:188} INFO - [2024-04-06T23:11:56.181+0000] {dag.py:3834} INFO - Setting next_dagrun for example_short_circuit_decorator to 2024-04-05 00:00:00+00:00, run_after=2024-04-06 00:00:00+00:00
[2024-04-06T23:11:56.217+0000] {processor.py:183} INFO - Processing /home/malangdataguy/miniconda3/envs/airflow_mdg/lib/python3.8/site-packages/airflow/example_dags/example_short_circuit_decorator.py took 0.117 seconds
[2024-04-06T23:12:40.977+0000] {processor.py:161} INFO - Started process (PID=68578) to work on /home/malangdataguy/miniconda3/envs/airflow_mdg/lib/python3.8/site-packages/airflow/example_dags/example_short_circuit_decorator.py
[2024-04-06T23:12:40.981+0000] {processor.py:830} INFO - Processing file /home/malangdataguy/miniconda3/envs/airflow_mdg/lib/python3.8/site-packages/airflow/example_dags/example_short_circuit_decorator.py for tasks to queue
[2024-04-06T23:12:40.983+0000] {logging_mixin.py:188} INFO - [2024-04-06T23:12:40.982+0000] {dagbag.py:540} INFO - Filling up the DagBag from /home/malangdataguy/miniconda3/envs/airflow_mdg/lib/python3.8/site-packages/airflow/example_dags/example_short_circuit_decorator.py
[2024-04-06T23:12:40.998+0000] {processor.py:840} INFO - DAG(s) 'example_short_circuit_decorator' retrieved from /home/malangdataguy/miniconda3/envs/airflow_mdg/lib/python3.8/site-packages/airflow/example_dags/example_short_circuit_decorator.py
[2024-04-06T23:12:41.024+0000] {logging_mixin.py:188} INFO - [2024-04-06T23:12:41.024+0000] {dag.py:3047} INFO - Sync 1 DAGs
[2024-04-06T23:12:41.050+0000] {logging_mixin.py:188} INFO - [2024-04-06T23:12:41.050+0000] {dag.py:3834} INFO - Setting next_dagrun for example_short_circuit_decorator to 2024-04-05 00:00:00+00:00, run_after=2024-04-06 00:00:00+00:00
[2024-04-06T23:12:41.084+0000] {processor.py:183} INFO - Processing /home/malangdataguy/miniconda3/envs/airflow_mdg/lib/python3.8/site-packages/airflow/example_dags/example_short_circuit_decorator.py took 0.112 seconds
[2024-04-06T23:13:39.300+0000] {processor.py:161} INFO - Started process (PID=68641) to work on /home/malangdataguy/miniconda3/envs/airflow_mdg/lib/python3.8/site-packages/airflow/example_dags/example_short_circuit_decorator.py
[2024-04-06T23:13:39.302+0000] {processor.py:830} INFO - Processing file /home/malangdataguy/miniconda3/envs/airflow_mdg/lib/python3.8/site-packages/airflow/example_dags/example_short_circuit_decorator.py for tasks to queue
[2024-04-06T23:13:39.303+0000] {logging_mixin.py:188} INFO - [2024-04-06T23:13:39.303+0000] {dagbag.py:540} INFO - Filling up the DagBag from /home/malangdataguy/miniconda3/envs/airflow_mdg/lib/python3.8/site-packages/airflow/example_dags/example_short_circuit_decorator.py
[2024-04-06T23:13:39.316+0000] {processor.py:840} INFO - DAG(s) 'example_short_circuit_decorator' retrieved from /home/malangdataguy/miniconda3/envs/airflow_mdg/lib/python3.8/site-packages/airflow/example_dags/example_short_circuit_decorator.py
[2024-04-06T23:13:39.340+0000] {logging_mixin.py:188} INFO - [2024-04-06T23:13:39.339+0000] {dag.py:3047} INFO - Sync 1 DAGs
[2024-04-06T23:13:39.364+0000] {logging_mixin.py:188} INFO - [2024-04-06T23:13:39.363+0000] {dag.py:3834} INFO - Setting next_dagrun for example_short_circuit_decorator to 2024-04-05 00:00:00+00:00, run_after=2024-04-06 00:00:00+00:00
[2024-04-06T23:13:39.394+0000] {processor.py:183} INFO - Processing /home/malangdataguy/miniconda3/envs/airflow_mdg/lib/python3.8/site-packages/airflow/example_dags/example_short_circuit_decorator.py took 0.099 seconds
[2024-04-06T23:14:22.536+0000] {processor.py:161} INFO - Started process (PID=68683) to work on /home/malangdataguy/miniconda3/envs/airflow_mdg/lib/python3.8/site-packages/airflow/example_dags/example_short_circuit_decorator.py
[2024-04-06T23:14:22.538+0000] {processor.py:830} INFO - Processing file /home/malangdataguy/miniconda3/envs/airflow_mdg/lib/python3.8/site-packages/airflow/example_dags/example_short_circuit_decorator.py for tasks to queue
[2024-04-06T23:14:22.540+0000] {logging_mixin.py:188} INFO - [2024-04-06T23:14:22.539+0000] {dagbag.py:540} INFO - Filling up the DagBag from /home/malangdataguy/miniconda3/envs/airflow_mdg/lib/python3.8/site-packages/airflow/example_dags/example_short_circuit_decorator.py
[2024-04-06T23:14:22.553+0000] {processor.py:840} INFO - DAG(s) 'example_short_circuit_decorator' retrieved from /home/malangdataguy/miniconda3/envs/airflow_mdg/lib/python3.8/site-packages/airflow/example_dags/example_short_circuit_decorator.py
[2024-04-06T23:14:22.577+0000] {logging_mixin.py:188} INFO - [2024-04-06T23:14:22.577+0000] {dag.py:3047} INFO - Sync 1 DAGs
[2024-04-06T23:14:22.603+0000] {logging_mixin.py:188} INFO - [2024-04-06T23:14:22.602+0000] {dag.py:3834} INFO - Setting next_dagrun for example_short_circuit_decorator to 2024-04-05 00:00:00+00:00, run_after=2024-04-06 00:00:00+00:00
[2024-04-06T23:14:22.630+0000] {processor.py:183} INFO - Processing /home/malangdataguy/miniconda3/envs/airflow_mdg/lib/python3.8/site-packages/airflow/example_dags/example_short_circuit_decorator.py took 0.098 seconds
[2024-04-06T23:15:04.646+0000] {processor.py:161} INFO - Started process (PID=68726) to work on /home/malangdataguy/miniconda3/envs/airflow_mdg/lib/python3.8/site-packages/airflow/example_dags/example_short_circuit_decorator.py
[2024-04-06T23:15:04.649+0000] {processor.py:830} INFO - Processing file /home/malangdataguy/miniconda3/envs/airflow_mdg/lib/python3.8/site-packages/airflow/example_dags/example_short_circuit_decorator.py for tasks to queue
[2024-04-06T23:15:04.650+0000] {logging_mixin.py:188} INFO - [2024-04-06T23:15:04.650+0000] {dagbag.py:540} INFO - Filling up the DagBag from /home/malangdataguy/miniconda3/envs/airflow_mdg/lib/python3.8/site-packages/airflow/example_dags/example_short_circuit_decorator.py
[2024-04-06T23:15:04.666+0000] {processor.py:840} INFO - DAG(s) 'example_short_circuit_decorator' retrieved from /home/malangdataguy/miniconda3/envs/airflow_mdg/lib/python3.8/site-packages/airflow/example_dags/example_short_circuit_decorator.py
[2024-04-06T23:15:04.691+0000] {logging_mixin.py:188} INFO - [2024-04-06T23:15:04.690+0000] {dag.py:3047} INFO - Sync 1 DAGs
[2024-04-06T23:15:04.715+0000] {logging_mixin.py:188} INFO - [2024-04-06T23:15:04.714+0000] {dag.py:3834} INFO - Setting next_dagrun for example_short_circuit_decorator to 2024-04-05 00:00:00+00:00, run_after=2024-04-06 00:00:00+00:00
[2024-04-06T23:15:04.742+0000] {processor.py:183} INFO - Processing /home/malangdataguy/miniconda3/envs/airflow_mdg/lib/python3.8/site-packages/airflow/example_dags/example_short_circuit_decorator.py took 0.100 seconds
[2024-04-06T23:16:02.168+0000] {processor.py:161} INFO - Started process (PID=68786) to work on /home/malangdataguy/miniconda3/envs/airflow_mdg/lib/python3.8/site-packages/airflow/example_dags/example_short_circuit_decorator.py
[2024-04-06T23:16:02.170+0000] {processor.py:830} INFO - Processing file /home/malangdataguy/miniconda3/envs/airflow_mdg/lib/python3.8/site-packages/airflow/example_dags/example_short_circuit_decorator.py for tasks to queue
[2024-04-06T23:16:02.171+0000] {logging_mixin.py:188} INFO - [2024-04-06T23:16:02.171+0000] {dagbag.py:540} INFO - Filling up the DagBag from /home/malangdataguy/miniconda3/envs/airflow_mdg/lib/python3.8/site-packages/airflow/example_dags/example_short_circuit_decorator.py
[2024-04-06T23:16:02.184+0000] {processor.py:840} INFO - DAG(s) 'example_short_circuit_decorator' retrieved from /home/malangdataguy/miniconda3/envs/airflow_mdg/lib/python3.8/site-packages/airflow/example_dags/example_short_circuit_decorator.py
[2024-04-06T23:16:02.209+0000] {logging_mixin.py:188} INFO - [2024-04-06T23:16:02.209+0000] {dag.py:3047} INFO - Sync 1 DAGs
[2024-04-06T23:16:02.233+0000] {logging_mixin.py:188} INFO - [2024-04-06T23:16:02.233+0000] {dag.py:3834} INFO - Setting next_dagrun for example_short_circuit_decorator to 2024-04-05 00:00:00+00:00, run_after=2024-04-06 00:00:00+00:00
[2024-04-06T23:16:02.263+0000] {processor.py:183} INFO - Processing /home/malangdataguy/miniconda3/envs/airflow_mdg/lib/python3.8/site-packages/airflow/example_dags/example_short_circuit_decorator.py took 0.100 seconds
[2024-04-06T23:16:57.692+0000] {processor.py:161} INFO - Started process (PID=68845) to work on /home/malangdataguy/miniconda3/envs/airflow_mdg/lib/python3.8/site-packages/airflow/example_dags/example_short_circuit_decorator.py
[2024-04-06T23:16:57.695+0000] {processor.py:830} INFO - Processing file /home/malangdataguy/miniconda3/envs/airflow_mdg/lib/python3.8/site-packages/airflow/example_dags/example_short_circuit_decorator.py for tasks to queue
[2024-04-06T23:16:57.696+0000] {logging_mixin.py:188} INFO - [2024-04-06T23:16:57.696+0000] {dagbag.py:540} INFO - Filling up the DagBag from /home/malangdataguy/miniconda3/envs/airflow_mdg/lib/python3.8/site-packages/airflow/example_dags/example_short_circuit_decorator.py
[2024-04-06T23:16:57.710+0000] {processor.py:840} INFO - DAG(s) 'example_short_circuit_decorator' retrieved from /home/malangdataguy/miniconda3/envs/airflow_mdg/lib/python3.8/site-packages/airflow/example_dags/example_short_circuit_decorator.py
[2024-04-06T23:16:57.735+0000] {logging_mixin.py:188} INFO - [2024-04-06T23:16:57.735+0000] {dag.py:3047} INFO - Sync 1 DAGs
[2024-04-06T23:16:57.760+0000] {logging_mixin.py:188} INFO - [2024-04-06T23:16:57.760+0000] {dag.py:3834} INFO - Setting next_dagrun for example_short_circuit_decorator to 2024-04-05 00:00:00+00:00, run_after=2024-04-06 00:00:00+00:00
[2024-04-06T23:16:57.787+0000] {processor.py:183} INFO - Processing /home/malangdataguy/miniconda3/envs/airflow_mdg/lib/python3.8/site-packages/airflow/example_dags/example_short_circuit_decorator.py took 0.100 seconds
[2024-04-06T23:17:39.135+0000] {processor.py:161} INFO - Started process (PID=68894) to work on /home/malangdataguy/miniconda3/envs/airflow_mdg/lib/python3.8/site-packages/airflow/example_dags/example_short_circuit_decorator.py
[2024-04-06T23:17:39.137+0000] {processor.py:830} INFO - Processing file /home/malangdataguy/miniconda3/envs/airflow_mdg/lib/python3.8/site-packages/airflow/example_dags/example_short_circuit_decorator.py for tasks to queue
[2024-04-06T23:17:39.139+0000] {logging_mixin.py:188} INFO - [2024-04-06T23:17:39.138+0000] {dagbag.py:540} INFO - Filling up the DagBag from /home/malangdataguy/miniconda3/envs/airflow_mdg/lib/python3.8/site-packages/airflow/example_dags/example_short_circuit_decorator.py
[2024-04-06T23:17:39.158+0000] {processor.py:840} INFO - DAG(s) 'example_short_circuit_decorator' retrieved from /home/malangdataguy/miniconda3/envs/airflow_mdg/lib/python3.8/site-packages/airflow/example_dags/example_short_circuit_decorator.py
[2024-04-06T23:17:39.183+0000] {logging_mixin.py:188} INFO - [2024-04-06T23:17:39.183+0000] {dag.py:3047} INFO - Sync 1 DAGs
[2024-04-06T23:17:39.208+0000] {logging_mixin.py:188} INFO - [2024-04-06T23:17:39.208+0000] {dag.py:3834} INFO - Setting next_dagrun for example_short_circuit_decorator to 2024-04-05 00:00:00+00:00, run_after=2024-04-06 00:00:00+00:00
[2024-04-06T23:17:39.235+0000] {processor.py:183} INFO - Processing /home/malangdataguy/miniconda3/envs/airflow_mdg/lib/python3.8/site-packages/airflow/example_dags/example_short_circuit_decorator.py took 0.105 seconds
[2024-04-06T23:18:22.109+0000] {processor.py:161} INFO - Started process (PID=68937) to work on /home/malangdataguy/miniconda3/envs/airflow_mdg/lib/python3.8/site-packages/airflow/example_dags/example_short_circuit_decorator.py
[2024-04-06T23:18:22.112+0000] {processor.py:830} INFO - Processing file /home/malangdataguy/miniconda3/envs/airflow_mdg/lib/python3.8/site-packages/airflow/example_dags/example_short_circuit_decorator.py for tasks to queue
[2024-04-06T23:18:22.114+0000] {logging_mixin.py:188} INFO - [2024-04-06T23:18:22.113+0000] {dagbag.py:540} INFO - Filling up the DagBag from /home/malangdataguy/miniconda3/envs/airflow_mdg/lib/python3.8/site-packages/airflow/example_dags/example_short_circuit_decorator.py
[2024-04-06T23:18:22.130+0000] {processor.py:840} INFO - DAG(s) 'example_short_circuit_decorator' retrieved from /home/malangdataguy/miniconda3/envs/airflow_mdg/lib/python3.8/site-packages/airflow/example_dags/example_short_circuit_decorator.py
[2024-04-06T23:18:22.159+0000] {logging_mixin.py:188} INFO - [2024-04-06T23:18:22.159+0000] {dag.py:3047} INFO - Sync 1 DAGs
[2024-04-06T23:18:22.188+0000] {logging_mixin.py:188} INFO - [2024-04-06T23:18:22.187+0000] {dag.py:3834} INFO - Setting next_dagrun for example_short_circuit_decorator to 2024-04-05 00:00:00+00:00, run_after=2024-04-06 00:00:00+00:00
[2024-04-06T23:18:22.221+0000] {processor.py:183} INFO - Processing /home/malangdataguy/miniconda3/envs/airflow_mdg/lib/python3.8/site-packages/airflow/example_dags/example_short_circuit_decorator.py took 0.118 seconds
[2024-04-06T23:19:03.714+0000] {processor.py:161} INFO - Started process (PID=68979) to work on /home/malangdataguy/miniconda3/envs/airflow_mdg/lib/python3.8/site-packages/airflow/example_dags/example_short_circuit_decorator.py
[2024-04-06T23:19:03.717+0000] {processor.py:830} INFO - Processing file /home/malangdataguy/miniconda3/envs/airflow_mdg/lib/python3.8/site-packages/airflow/example_dags/example_short_circuit_decorator.py for tasks to queue
[2024-04-06T23:19:03.718+0000] {logging_mixin.py:188} INFO - [2024-04-06T23:19:03.717+0000] {dagbag.py:540} INFO - Filling up the DagBag from /home/malangdataguy/miniconda3/envs/airflow_mdg/lib/python3.8/site-packages/airflow/example_dags/example_short_circuit_decorator.py
[2024-04-06T23:19:03.732+0000] {processor.py:840} INFO - DAG(s) 'example_short_circuit_decorator' retrieved from /home/malangdataguy/miniconda3/envs/airflow_mdg/lib/python3.8/site-packages/airflow/example_dags/example_short_circuit_decorator.py
[2024-04-06T23:19:03.760+0000] {logging_mixin.py:188} INFO - [2024-04-06T23:19:03.760+0000] {dag.py:3047} INFO - Sync 1 DAGs
[2024-04-06T23:19:03.791+0000] {logging_mixin.py:188} INFO - [2024-04-06T23:19:03.791+0000] {dag.py:3834} INFO - Setting next_dagrun for example_short_circuit_decorator to 2024-04-05 00:00:00+00:00, run_after=2024-04-06 00:00:00+00:00
[2024-04-06T23:19:03.818+0000] {processor.py:183} INFO - Processing /home/malangdataguy/miniconda3/envs/airflow_mdg/lib/python3.8/site-packages/airflow/example_dags/example_short_circuit_decorator.py took 0.110 seconds
[2024-04-06T23:19:49.348+0000] {processor.py:161} INFO - Started process (PID=69023) to work on /home/malangdataguy/miniconda3/envs/airflow_mdg/lib/python3.8/site-packages/airflow/example_dags/example_short_circuit_decorator.py
[2024-04-06T23:19:49.351+0000] {processor.py:830} INFO - Processing file /home/malangdataguy/miniconda3/envs/airflow_mdg/lib/python3.8/site-packages/airflow/example_dags/example_short_circuit_decorator.py for tasks to queue
[2024-04-06T23:19:49.353+0000] {logging_mixin.py:188} INFO - [2024-04-06T23:19:49.352+0000] {dagbag.py:540} INFO - Filling up the DagBag from /home/malangdataguy/miniconda3/envs/airflow_mdg/lib/python3.8/site-packages/airflow/example_dags/example_short_circuit_decorator.py
[2024-04-06T23:19:49.368+0000] {processor.py:840} INFO - DAG(s) 'example_short_circuit_decorator' retrieved from /home/malangdataguy/miniconda3/envs/airflow_mdg/lib/python3.8/site-packages/airflow/example_dags/example_short_circuit_decorator.py
[2024-04-06T23:19:49.393+0000] {logging_mixin.py:188} INFO - [2024-04-06T23:19:49.393+0000] {dag.py:3047} INFO - Sync 1 DAGs
[2024-04-06T23:19:49.418+0000] {logging_mixin.py:188} INFO - [2024-04-06T23:19:49.418+0000] {dag.py:3834} INFO - Setting next_dagrun for example_short_circuit_decorator to 2024-04-05 00:00:00+00:00, run_after=2024-04-06 00:00:00+00:00
[2024-04-06T23:19:49.453+0000] {processor.py:183} INFO - Processing /home/malangdataguy/miniconda3/envs/airflow_mdg/lib/python3.8/site-packages/airflow/example_dags/example_short_circuit_decorator.py took 0.109 seconds
[2024-04-06T23:20:36.443+0000] {processor.py:161} INFO - Started process (PID=69069) to work on /home/malangdataguy/miniconda3/envs/airflow_mdg/lib/python3.8/site-packages/airflow/example_dags/example_short_circuit_decorator.py
[2024-04-06T23:20:36.445+0000] {processor.py:830} INFO - Processing file /home/malangdataguy/miniconda3/envs/airflow_mdg/lib/python3.8/site-packages/airflow/example_dags/example_short_circuit_decorator.py for tasks to queue
[2024-04-06T23:20:36.447+0000] {logging_mixin.py:188} INFO - [2024-04-06T23:20:36.446+0000] {dagbag.py:540} INFO - Filling up the DagBag from /home/malangdataguy/miniconda3/envs/airflow_mdg/lib/python3.8/site-packages/airflow/example_dags/example_short_circuit_decorator.py
[2024-04-06T23:20:36.461+0000] {processor.py:840} INFO - DAG(s) 'example_short_circuit_decorator' retrieved from /home/malangdataguy/miniconda3/envs/airflow_mdg/lib/python3.8/site-packages/airflow/example_dags/example_short_circuit_decorator.py
[2024-04-06T23:20:36.488+0000] {logging_mixin.py:188} INFO - [2024-04-06T23:20:36.487+0000] {dag.py:3047} INFO - Sync 1 DAGs
[2024-04-06T23:20:36.513+0000] {logging_mixin.py:188} INFO - [2024-04-06T23:20:36.512+0000] {dag.py:3834} INFO - Setting next_dagrun for example_short_circuit_decorator to 2024-04-05 00:00:00+00:00, run_after=2024-04-06 00:00:00+00:00
[2024-04-06T23:20:36.543+0000] {processor.py:183} INFO - Processing /home/malangdataguy/miniconda3/envs/airflow_mdg/lib/python3.8/site-packages/airflow/example_dags/example_short_circuit_decorator.py took 0.105 seconds
[2024-04-06T23:21:35.048+0000] {processor.py:161} INFO - Started process (PID=69130) to work on /home/malangdataguy/miniconda3/envs/airflow_mdg/lib/python3.8/site-packages/airflow/example_dags/example_short_circuit_decorator.py
[2024-04-06T23:21:35.051+0000] {processor.py:830} INFO - Processing file /home/malangdataguy/miniconda3/envs/airflow_mdg/lib/python3.8/site-packages/airflow/example_dags/example_short_circuit_decorator.py for tasks to queue
[2024-04-06T23:21:35.053+0000] {logging_mixin.py:188} INFO - [2024-04-06T23:21:35.052+0000] {dagbag.py:540} INFO - Filling up the DagBag from /home/malangdataguy/miniconda3/envs/airflow_mdg/lib/python3.8/site-packages/airflow/example_dags/example_short_circuit_decorator.py
[2024-04-06T23:21:35.069+0000] {processor.py:840} INFO - DAG(s) 'example_short_circuit_decorator' retrieved from /home/malangdataguy/miniconda3/envs/airflow_mdg/lib/python3.8/site-packages/airflow/example_dags/example_short_circuit_decorator.py
[2024-04-06T23:21:35.099+0000] {logging_mixin.py:188} INFO - [2024-04-06T23:21:35.099+0000] {dag.py:3047} INFO - Sync 1 DAGs
[2024-04-06T23:21:35.128+0000] {logging_mixin.py:188} INFO - [2024-04-06T23:21:35.127+0000] {dag.py:3834} INFO - Setting next_dagrun for example_short_circuit_decorator to 2024-04-05 00:00:00+00:00, run_after=2024-04-06 00:00:00+00:00
[2024-04-06T23:21:35.159+0000] {processor.py:183} INFO - Processing /home/malangdataguy/miniconda3/envs/airflow_mdg/lib/python3.8/site-packages/airflow/example_dags/example_short_circuit_decorator.py took 0.117 seconds
[2024-04-06T23:22:20.188+0000] {processor.py:161} INFO - Started process (PID=69174) to work on /home/malangdataguy/miniconda3/envs/airflow_mdg/lib/python3.8/site-packages/airflow/example_dags/example_short_circuit_decorator.py
[2024-04-06T23:22:20.191+0000] {processor.py:830} INFO - Processing file /home/malangdataguy/miniconda3/envs/airflow_mdg/lib/python3.8/site-packages/airflow/example_dags/example_short_circuit_decorator.py for tasks to queue
[2024-04-06T23:22:20.192+0000] {logging_mixin.py:188} INFO - [2024-04-06T23:22:20.192+0000] {dagbag.py:540} INFO - Filling up the DagBag from /home/malangdataguy/miniconda3/envs/airflow_mdg/lib/python3.8/site-packages/airflow/example_dags/example_short_circuit_decorator.py
[2024-04-06T23:22:20.205+0000] {processor.py:840} INFO - DAG(s) 'example_short_circuit_decorator' retrieved from /home/malangdataguy/miniconda3/envs/airflow_mdg/lib/python3.8/site-packages/airflow/example_dags/example_short_circuit_decorator.py
[2024-04-06T23:22:20.230+0000] {logging_mixin.py:188} INFO - [2024-04-06T23:22:20.229+0000] {dag.py:3047} INFO - Sync 1 DAGs
[2024-04-06T23:22:20.255+0000] {logging_mixin.py:188} INFO - [2024-04-06T23:22:20.254+0000] {dag.py:3834} INFO - Setting next_dagrun for example_short_circuit_decorator to 2024-04-05 00:00:00+00:00, run_after=2024-04-06 00:00:00+00:00
[2024-04-06T23:22:20.287+0000] {processor.py:183} INFO - Processing /home/malangdataguy/miniconda3/envs/airflow_mdg/lib/python3.8/site-packages/airflow/example_dags/example_short_circuit_decorator.py took 0.104 seconds
[2024-04-06T23:40:33.764+0000] {processor.py:161} INFO - Started process (PID=69291) to work on /home/malangdataguy/miniconda3/envs/airflow_mdg/lib/python3.8/site-packages/airflow/example_dags/example_short_circuit_decorator.py
[2024-04-06T23:40:33.767+0000] {processor.py:830} INFO - Processing file /home/malangdataguy/miniconda3/envs/airflow_mdg/lib/python3.8/site-packages/airflow/example_dags/example_short_circuit_decorator.py for tasks to queue
[2024-04-06T23:40:33.769+0000] {logging_mixin.py:188} INFO - [2024-04-06T23:40:33.768+0000] {dagbag.py:540} INFO - Filling up the DagBag from /home/malangdataguy/miniconda3/envs/airflow_mdg/lib/python3.8/site-packages/airflow/example_dags/example_short_circuit_decorator.py
[2024-04-06T23:40:33.784+0000] {processor.py:840} INFO - DAG(s) 'example_short_circuit_decorator' retrieved from /home/malangdataguy/miniconda3/envs/airflow_mdg/lib/python3.8/site-packages/airflow/example_dags/example_short_circuit_decorator.py
[2024-04-06T23:40:33.815+0000] {logging_mixin.py:188} INFO - [2024-04-06T23:40:33.815+0000] {dag.py:3047} INFO - Sync 1 DAGs
[2024-04-06T23:40:33.845+0000] {logging_mixin.py:188} INFO - [2024-04-06T23:40:33.845+0000] {dag.py:3834} INFO - Setting next_dagrun for example_short_circuit_decorator to 2024-04-05 00:00:00+00:00, run_after=2024-04-06 00:00:00+00:00
[2024-04-06T23:40:33.876+0000] {processor.py:183} INFO - Processing /home/malangdataguy/miniconda3/envs/airflow_mdg/lib/python3.8/site-packages/airflow/example_dags/example_short_circuit_decorator.py took 0.117 seconds
[2024-04-06T23:41:24.744+0000] {processor.py:161} INFO - Started process (PID=69341) to work on /home/malangdataguy/miniconda3/envs/airflow_mdg/lib/python3.8/site-packages/airflow/example_dags/example_short_circuit_decorator.py
[2024-04-06T23:41:24.747+0000] {processor.py:830} INFO - Processing file /home/malangdataguy/miniconda3/envs/airflow_mdg/lib/python3.8/site-packages/airflow/example_dags/example_short_circuit_decorator.py for tasks to queue
[2024-04-06T23:41:24.749+0000] {logging_mixin.py:188} INFO - [2024-04-06T23:41:24.748+0000] {dagbag.py:540} INFO - Filling up the DagBag from /home/malangdataguy/miniconda3/envs/airflow_mdg/lib/python3.8/site-packages/airflow/example_dags/example_short_circuit_decorator.py
[2024-04-06T23:41:24.768+0000] {processor.py:840} INFO - DAG(s) 'example_short_circuit_decorator' retrieved from /home/malangdataguy/miniconda3/envs/airflow_mdg/lib/python3.8/site-packages/airflow/example_dags/example_short_circuit_decorator.py
[2024-04-06T23:41:24.800+0000] {logging_mixin.py:188} INFO - [2024-04-06T23:41:24.799+0000] {dag.py:3047} INFO - Sync 1 DAGs
[2024-04-06T23:41:24.831+0000] {logging_mixin.py:188} INFO - [2024-04-06T23:41:24.831+0000] {dag.py:3834} INFO - Setting next_dagrun for example_short_circuit_decorator to 2024-04-05 00:00:00+00:00, run_after=2024-04-06 00:00:00+00:00
[2024-04-06T23:41:24.871+0000] {processor.py:183} INFO - Processing /home/malangdataguy/miniconda3/envs/airflow_mdg/lib/python3.8/site-packages/airflow/example_dags/example_short_circuit_decorator.py took 0.132 seconds
[2024-04-06T23:42:16.782+0000] {processor.py:161} INFO - Started process (PID=69391) to work on /home/malangdataguy/miniconda3/envs/airflow_mdg/lib/python3.8/site-packages/airflow/example_dags/example_short_circuit_decorator.py
[2024-04-06T23:42:16.784+0000] {processor.py:830} INFO - Processing file /home/malangdataguy/miniconda3/envs/airflow_mdg/lib/python3.8/site-packages/airflow/example_dags/example_short_circuit_decorator.py for tasks to queue
[2024-04-06T23:42:16.786+0000] {logging_mixin.py:188} INFO - [2024-04-06T23:42:16.785+0000] {dagbag.py:540} INFO - Filling up the DagBag from /home/malangdataguy/miniconda3/envs/airflow_mdg/lib/python3.8/site-packages/airflow/example_dags/example_short_circuit_decorator.py
[2024-04-06T23:42:16.800+0000] {processor.py:840} INFO - DAG(s) 'example_short_circuit_decorator' retrieved from /home/malangdataguy/miniconda3/envs/airflow_mdg/lib/python3.8/site-packages/airflow/example_dags/example_short_circuit_decorator.py
[2024-04-06T23:42:16.826+0000] {logging_mixin.py:188} INFO - [2024-04-06T23:42:16.826+0000] {dag.py:3047} INFO - Sync 1 DAGs
[2024-04-06T23:42:16.853+0000] {logging_mixin.py:188} INFO - [2024-04-06T23:42:16.852+0000] {dag.py:3834} INFO - Setting next_dagrun for example_short_circuit_decorator to 2024-04-05 00:00:00+00:00, run_after=2024-04-06 00:00:00+00:00
[2024-04-06T23:42:16.883+0000] {processor.py:183} INFO - Processing /home/malangdataguy/miniconda3/envs/airflow_mdg/lib/python3.8/site-packages/airflow/example_dags/example_short_circuit_decorator.py took 0.106 seconds
[2024-04-06T23:42:59.993+0000] {processor.py:161} INFO - Started process (PID=69435) to work on /home/malangdataguy/miniconda3/envs/airflow_mdg/lib/python3.8/site-packages/airflow/example_dags/example_short_circuit_decorator.py
[2024-04-06T23:42:59.995+0000] {processor.py:830} INFO - Processing file /home/malangdataguy/miniconda3/envs/airflow_mdg/lib/python3.8/site-packages/airflow/example_dags/example_short_circuit_decorator.py for tasks to queue
[2024-04-06T23:42:59.997+0000] {logging_mixin.py:188} INFO - [2024-04-06T23:42:59.996+0000] {dagbag.py:540} INFO - Filling up the DagBag from /home/malangdataguy/miniconda3/envs/airflow_mdg/lib/python3.8/site-packages/airflow/example_dags/example_short_circuit_decorator.py
[2024-04-06T23:43:00.011+0000] {processor.py:840} INFO - DAG(s) 'example_short_circuit_decorator' retrieved from /home/malangdataguy/miniconda3/envs/airflow_mdg/lib/python3.8/site-packages/airflow/example_dags/example_short_circuit_decorator.py
[2024-04-06T23:43:00.036+0000] {logging_mixin.py:188} INFO - [2024-04-06T23:43:00.036+0000] {dag.py:3047} INFO - Sync 1 DAGs
[2024-04-06T23:43:00.065+0000] {logging_mixin.py:188} INFO - [2024-04-06T23:43:00.064+0000] {dag.py:3834} INFO - Setting next_dagrun for example_short_circuit_decorator to 2024-04-05 00:00:00+00:00, run_after=2024-04-06 00:00:00+00:00
[2024-04-06T23:43:00.097+0000] {processor.py:183} INFO - Processing /home/malangdataguy/miniconda3/envs/airflow_mdg/lib/python3.8/site-packages/airflow/example_dags/example_short_circuit_decorator.py took 0.110 seconds
[2024-04-06T23:43:45.600+0000] {processor.py:161} INFO - Started process (PID=69490) to work on /home/malangdataguy/miniconda3/envs/airflow_mdg/lib/python3.8/site-packages/airflow/example_dags/example_short_circuit_decorator.py
[2024-04-06T23:43:45.602+0000] {processor.py:830} INFO - Processing file /home/malangdataguy/miniconda3/envs/airflow_mdg/lib/python3.8/site-packages/airflow/example_dags/example_short_circuit_decorator.py for tasks to queue
[2024-04-06T23:43:45.603+0000] {logging_mixin.py:188} INFO - [2024-04-06T23:43:45.603+0000] {dagbag.py:540} INFO - Filling up the DagBag from /home/malangdataguy/miniconda3/envs/airflow_mdg/lib/python3.8/site-packages/airflow/example_dags/example_short_circuit_decorator.py
[2024-04-06T23:43:45.617+0000] {processor.py:840} INFO - DAG(s) 'example_short_circuit_decorator' retrieved from /home/malangdataguy/miniconda3/envs/airflow_mdg/lib/python3.8/site-packages/airflow/example_dags/example_short_circuit_decorator.py
[2024-04-06T23:43:45.642+0000] {logging_mixin.py:188} INFO - [2024-04-06T23:43:45.641+0000] {dag.py:3047} INFO - Sync 1 DAGs
[2024-04-06T23:43:45.665+0000] {logging_mixin.py:188} INFO - [2024-04-06T23:43:45.665+0000] {dag.py:3834} INFO - Setting next_dagrun for example_short_circuit_decorator to 2024-04-05 00:00:00+00:00, run_after=2024-04-06 00:00:00+00:00
[2024-04-06T23:43:45.697+0000] {processor.py:183} INFO - Processing /home/malangdataguy/miniconda3/envs/airflow_mdg/lib/python3.8/site-packages/airflow/example_dags/example_short_circuit_decorator.py took 0.102 seconds
[2024-04-06T23:44:29.968+0000] {processor.py:161} INFO - Started process (PID=69540) to work on /home/malangdataguy/miniconda3/envs/airflow_mdg/lib/python3.8/site-packages/airflow/example_dags/example_short_circuit_decorator.py
[2024-04-06T23:44:29.970+0000] {processor.py:830} INFO - Processing file /home/malangdataguy/miniconda3/envs/airflow_mdg/lib/python3.8/site-packages/airflow/example_dags/example_short_circuit_decorator.py for tasks to queue
[2024-04-06T23:44:29.972+0000] {logging_mixin.py:188} INFO - [2024-04-06T23:44:29.971+0000] {dagbag.py:540} INFO - Filling up the DagBag from /home/malangdataguy/miniconda3/envs/airflow_mdg/lib/python3.8/site-packages/airflow/example_dags/example_short_circuit_decorator.py
[2024-04-06T23:44:29.988+0000] {processor.py:840} INFO - DAG(s) 'example_short_circuit_decorator' retrieved from /home/malangdataguy/miniconda3/envs/airflow_mdg/lib/python3.8/site-packages/airflow/example_dags/example_short_circuit_decorator.py
[2024-04-06T23:44:30.015+0000] {logging_mixin.py:188} INFO - [2024-04-06T23:44:30.015+0000] {dag.py:3047} INFO - Sync 1 DAGs
[2024-04-06T23:44:30.044+0000] {logging_mixin.py:188} INFO - [2024-04-06T23:44:30.043+0000] {dag.py:3834} INFO - Setting next_dagrun for example_short_circuit_decorator to 2024-04-05 00:00:00+00:00, run_after=2024-04-06 00:00:00+00:00
[2024-04-06T23:44:30.076+0000] {processor.py:183} INFO - Processing /home/malangdataguy/miniconda3/envs/airflow_mdg/lib/python3.8/site-packages/airflow/example_dags/example_short_circuit_decorator.py took 0.114 seconds
[2024-04-06T23:45:12.881+0000] {processor.py:161} INFO - Started process (PID=69586) to work on /home/malangdataguy/miniconda3/envs/airflow_mdg/lib/python3.8/site-packages/airflow/example_dags/example_short_circuit_decorator.py
[2024-04-06T23:45:12.883+0000] {processor.py:830} INFO - Processing file /home/malangdataguy/miniconda3/envs/airflow_mdg/lib/python3.8/site-packages/airflow/example_dags/example_short_circuit_decorator.py for tasks to queue
[2024-04-06T23:45:12.885+0000] {logging_mixin.py:188} INFO - [2024-04-06T23:45:12.884+0000] {dagbag.py:540} INFO - Filling up the DagBag from /home/malangdataguy/miniconda3/envs/airflow_mdg/lib/python3.8/site-packages/airflow/example_dags/example_short_circuit_decorator.py
[2024-04-06T23:45:12.900+0000] {processor.py:840} INFO - DAG(s) 'example_short_circuit_decorator' retrieved from /home/malangdataguy/miniconda3/envs/airflow_mdg/lib/python3.8/site-packages/airflow/example_dags/example_short_circuit_decorator.py
[2024-04-06T23:45:12.927+0000] {logging_mixin.py:188} INFO - [2024-04-06T23:45:12.927+0000] {dag.py:3047} INFO - Sync 1 DAGs
[2024-04-06T23:45:12.954+0000] {logging_mixin.py:188} INFO - [2024-04-06T23:45:12.954+0000] {dag.py:3834} INFO - Setting next_dagrun for example_short_circuit_decorator to 2024-04-05 00:00:00+00:00, run_after=2024-04-06 00:00:00+00:00
[2024-04-06T23:45:12.984+0000] {processor.py:183} INFO - Processing /home/malangdataguy/miniconda3/envs/airflow_mdg/lib/python3.8/site-packages/airflow/example_dags/example_short_circuit_decorator.py took 0.109 seconds
[2024-04-06T23:45:56.019+0000] {processor.py:161} INFO - Started process (PID=69631) to work on /home/malangdataguy/miniconda3/envs/airflow_mdg/lib/python3.8/site-packages/airflow/example_dags/example_short_circuit_decorator.py
[2024-04-06T23:45:56.022+0000] {processor.py:830} INFO - Processing file /home/malangdataguy/miniconda3/envs/airflow_mdg/lib/python3.8/site-packages/airflow/example_dags/example_short_circuit_decorator.py for tasks to queue
[2024-04-06T23:45:56.023+0000] {logging_mixin.py:188} INFO - [2024-04-06T23:45:56.022+0000] {dagbag.py:540} INFO - Filling up the DagBag from /home/malangdataguy/miniconda3/envs/airflow_mdg/lib/python3.8/site-packages/airflow/example_dags/example_short_circuit_decorator.py
[2024-04-06T23:45:56.037+0000] {processor.py:840} INFO - DAG(s) 'example_short_circuit_decorator' retrieved from /home/malangdataguy/miniconda3/envs/airflow_mdg/lib/python3.8/site-packages/airflow/example_dags/example_short_circuit_decorator.py
[2024-04-06T23:45:56.062+0000] {logging_mixin.py:188} INFO - [2024-04-06T23:45:56.062+0000] {dag.py:3047} INFO - Sync 1 DAGs
[2024-04-06T23:45:56.087+0000] {logging_mixin.py:188} INFO - [2024-04-06T23:45:56.086+0000] {dag.py:3834} INFO - Setting next_dagrun for example_short_circuit_decorator to 2024-04-05 00:00:00+00:00, run_after=2024-04-06 00:00:00+00:00
[2024-04-06T23:45:56.116+0000] {processor.py:183} INFO - Processing /home/malangdataguy/miniconda3/envs/airflow_mdg/lib/python3.8/site-packages/airflow/example_dags/example_short_circuit_decorator.py took 0.102 seconds
[2024-04-06T23:46:37.341+0000] {processor.py:161} INFO - Started process (PID=69690) to work on /home/malangdataguy/miniconda3/envs/airflow_mdg/lib/python3.8/site-packages/airflow/example_dags/example_short_circuit_decorator.py
[2024-04-06T23:46:37.344+0000] {processor.py:830} INFO - Processing file /home/malangdataguy/miniconda3/envs/airflow_mdg/lib/python3.8/site-packages/airflow/example_dags/example_short_circuit_decorator.py for tasks to queue
[2024-04-06T23:46:37.345+0000] {logging_mixin.py:188} INFO - [2024-04-06T23:46:37.344+0000] {dagbag.py:540} INFO - Filling up the DagBag from /home/malangdataguy/miniconda3/envs/airflow_mdg/lib/python3.8/site-packages/airflow/example_dags/example_short_circuit_decorator.py
[2024-04-06T23:46:37.360+0000] {processor.py:840} INFO - DAG(s) 'example_short_circuit_decorator' retrieved from /home/malangdataguy/miniconda3/envs/airflow_mdg/lib/python3.8/site-packages/airflow/example_dags/example_short_circuit_decorator.py
[2024-04-06T23:46:37.386+0000] {logging_mixin.py:188} INFO - [2024-04-06T23:46:37.386+0000] {dag.py:3047} INFO - Sync 1 DAGs
[2024-04-06T23:46:37.413+0000] {logging_mixin.py:188} INFO - [2024-04-06T23:46:37.412+0000] {dag.py:3834} INFO - Setting next_dagrun for example_short_circuit_decorator to 2024-04-05 00:00:00+00:00, run_after=2024-04-06 00:00:00+00:00
[2024-04-06T23:46:37.441+0000] {processor.py:183} INFO - Processing /home/malangdataguy/miniconda3/envs/airflow_mdg/lib/python3.8/site-packages/airflow/example_dags/example_short_circuit_decorator.py took 0.105 seconds
[2024-04-06T23:47:34.698+0000] {processor.py:161} INFO - Started process (PID=69766) to work on /home/malangdataguy/miniconda3/envs/airflow_mdg/lib/python3.8/site-packages/airflow/example_dags/example_short_circuit_decorator.py
[2024-04-06T23:47:34.701+0000] {processor.py:830} INFO - Processing file /home/malangdataguy/miniconda3/envs/airflow_mdg/lib/python3.8/site-packages/airflow/example_dags/example_short_circuit_decorator.py for tasks to queue
[2024-04-06T23:47:34.703+0000] {logging_mixin.py:188} INFO - [2024-04-06T23:47:34.702+0000] {dagbag.py:540} INFO - Filling up the DagBag from /home/malangdataguy/miniconda3/envs/airflow_mdg/lib/python3.8/site-packages/airflow/example_dags/example_short_circuit_decorator.py
[2024-04-06T23:47:34.719+0000] {processor.py:840} INFO - DAG(s) 'example_short_circuit_decorator' retrieved from /home/malangdataguy/miniconda3/envs/airflow_mdg/lib/python3.8/site-packages/airflow/example_dags/example_short_circuit_decorator.py
[2024-04-06T23:47:34.751+0000] {logging_mixin.py:188} INFO - [2024-04-06T23:47:34.750+0000] {dag.py:3047} INFO - Sync 1 DAGs
[2024-04-06T23:47:34.780+0000] {logging_mixin.py:188} INFO - [2024-04-06T23:47:34.779+0000] {dag.py:3834} INFO - Setting next_dagrun for example_short_circuit_decorator to 2024-04-05 00:00:00+00:00, run_after=2024-04-06 00:00:00+00:00
[2024-04-06T23:47:34.814+0000] {processor.py:183} INFO - Processing /home/malangdataguy/miniconda3/envs/airflow_mdg/lib/python3.8/site-packages/airflow/example_dags/example_short_circuit_decorator.py took 0.121 seconds
[2024-04-06T23:48:17.465+0000] {processor.py:161} INFO - Started process (PID=69813) to work on /home/malangdataguy/miniconda3/envs/airflow_mdg/lib/python3.8/site-packages/airflow/example_dags/example_short_circuit_decorator.py
[2024-04-06T23:48:17.468+0000] {processor.py:830} INFO - Processing file /home/malangdataguy/miniconda3/envs/airflow_mdg/lib/python3.8/site-packages/airflow/example_dags/example_short_circuit_decorator.py for tasks to queue
[2024-04-06T23:48:17.470+0000] {logging_mixin.py:188} INFO - [2024-04-06T23:48:17.469+0000] {dagbag.py:540} INFO - Filling up the DagBag from /home/malangdataguy/miniconda3/envs/airflow_mdg/lib/python3.8/site-packages/airflow/example_dags/example_short_circuit_decorator.py
[2024-04-06T23:48:17.486+0000] {processor.py:840} INFO - DAG(s) 'example_short_circuit_decorator' retrieved from /home/malangdataguy/miniconda3/envs/airflow_mdg/lib/python3.8/site-packages/airflow/example_dags/example_short_circuit_decorator.py
[2024-04-06T23:48:17.514+0000] {logging_mixin.py:188} INFO - [2024-04-06T23:48:17.514+0000] {dag.py:3047} INFO - Sync 1 DAGs
[2024-04-06T23:48:17.542+0000] {logging_mixin.py:188} INFO - [2024-04-06T23:48:17.541+0000] {dag.py:3834} INFO - Setting next_dagrun for example_short_circuit_decorator to 2024-04-05 00:00:00+00:00, run_after=2024-04-06 00:00:00+00:00
[2024-04-06T23:48:17.575+0000] {processor.py:183} INFO - Processing /home/malangdataguy/miniconda3/envs/airflow_mdg/lib/python3.8/site-packages/airflow/example_dags/example_short_circuit_decorator.py took 0.115 seconds
[2024-04-06T23:49:21.768+0000] {processor.py:161} INFO - Started process (PID=69875) to work on /home/malangdataguy/miniconda3/envs/airflow_mdg/lib/python3.8/site-packages/airflow/example_dags/example_short_circuit_decorator.py
[2024-04-06T23:49:21.771+0000] {processor.py:830} INFO - Processing file /home/malangdataguy/miniconda3/envs/airflow_mdg/lib/python3.8/site-packages/airflow/example_dags/example_short_circuit_decorator.py for tasks to queue
[2024-04-06T23:49:21.772+0000] {logging_mixin.py:188} INFO - [2024-04-06T23:49:21.772+0000] {dagbag.py:540} INFO - Filling up the DagBag from /home/malangdataguy/miniconda3/envs/airflow_mdg/lib/python3.8/site-packages/airflow/example_dags/example_short_circuit_decorator.py
[2024-04-06T23:49:21.788+0000] {processor.py:840} INFO - DAG(s) 'example_short_circuit_decorator' retrieved from /home/malangdataguy/miniconda3/envs/airflow_mdg/lib/python3.8/site-packages/airflow/example_dags/example_short_circuit_decorator.py
[2024-04-06T23:49:21.816+0000] {logging_mixin.py:188} INFO - [2024-04-06T23:49:21.815+0000] {dag.py:3047} INFO - Sync 1 DAGs
[2024-04-06T23:49:21.845+0000] {logging_mixin.py:188} INFO - [2024-04-06T23:49:21.844+0000] {dag.py:3834} INFO - Setting next_dagrun for example_short_circuit_decorator to 2024-04-05 00:00:00+00:00, run_after=2024-04-06 00:00:00+00:00
[2024-04-06T23:49:21.878+0000] {processor.py:183} INFO - Processing /home/malangdataguy/miniconda3/envs/airflow_mdg/lib/python3.8/site-packages/airflow/example_dags/example_short_circuit_decorator.py took 0.117 seconds
[2024-04-06T23:50:04.624+0000] {processor.py:161} INFO - Started process (PID=69921) to work on /home/malangdataguy/miniconda3/envs/airflow_mdg/lib/python3.8/site-packages/airflow/example_dags/example_short_circuit_decorator.py
[2024-04-06T23:50:04.627+0000] {processor.py:830} INFO - Processing file /home/malangdataguy/miniconda3/envs/airflow_mdg/lib/python3.8/site-packages/airflow/example_dags/example_short_circuit_decorator.py for tasks to queue
[2024-04-06T23:50:04.629+0000] {logging_mixin.py:188} INFO - [2024-04-06T23:50:04.628+0000] {dagbag.py:540} INFO - Filling up the DagBag from /home/malangdataguy/miniconda3/envs/airflow_mdg/lib/python3.8/site-packages/airflow/example_dags/example_short_circuit_decorator.py
[2024-04-06T23:50:04.645+0000] {processor.py:840} INFO - DAG(s) 'example_short_circuit_decorator' retrieved from /home/malangdataguy/miniconda3/envs/airflow_mdg/lib/python3.8/site-packages/airflow/example_dags/example_short_circuit_decorator.py
[2024-04-06T23:50:04.675+0000] {logging_mixin.py:188} INFO - [2024-04-06T23:50:04.675+0000] {dag.py:3047} INFO - Sync 1 DAGs
[2024-04-06T23:50:04.707+0000] {logging_mixin.py:188} INFO - [2024-04-06T23:50:04.707+0000] {dag.py:3834} INFO - Setting next_dagrun for example_short_circuit_decorator to 2024-04-05 00:00:00+00:00, run_after=2024-04-06 00:00:00+00:00
[2024-04-06T23:50:04.744+0000] {processor.py:183} INFO - Processing /home/malangdataguy/miniconda3/envs/airflow_mdg/lib/python3.8/site-packages/airflow/example_dags/example_short_circuit_decorator.py took 0.125 seconds
[2024-04-06T23:51:02.155+0000] {processor.py:161} INFO - Started process (PID=69980) to work on /home/malangdataguy/miniconda3/envs/airflow_mdg/lib/python3.8/site-packages/airflow/example_dags/example_short_circuit_decorator.py
[2024-04-06T23:51:02.158+0000] {processor.py:830} INFO - Processing file /home/malangdataguy/miniconda3/envs/airflow_mdg/lib/python3.8/site-packages/airflow/example_dags/example_short_circuit_decorator.py for tasks to queue
[2024-04-06T23:51:02.159+0000] {logging_mixin.py:188} INFO - [2024-04-06T23:51:02.158+0000] {dagbag.py:540} INFO - Filling up the DagBag from /home/malangdataguy/miniconda3/envs/airflow_mdg/lib/python3.8/site-packages/airflow/example_dags/example_short_circuit_decorator.py
[2024-04-06T23:51:02.173+0000] {processor.py:840} INFO - DAG(s) 'example_short_circuit_decorator' retrieved from /home/malangdataguy/miniconda3/envs/airflow_mdg/lib/python3.8/site-packages/airflow/example_dags/example_short_circuit_decorator.py
[2024-04-06T23:51:02.198+0000] {logging_mixin.py:188} INFO - [2024-04-06T23:51:02.197+0000] {dag.py:3047} INFO - Sync 1 DAGs
[2024-04-06T23:51:02.224+0000] {logging_mixin.py:188} INFO - [2024-04-06T23:51:02.224+0000] {dag.py:3834} INFO - Setting next_dagrun for example_short_circuit_decorator to 2024-04-05 00:00:00+00:00, run_after=2024-04-06 00:00:00+00:00
[2024-04-06T23:51:02.252+0000] {processor.py:183} INFO - Processing /home/malangdataguy/miniconda3/envs/airflow_mdg/lib/python3.8/site-packages/airflow/example_dags/example_short_circuit_decorator.py took 0.102 seconds
[2024-04-06T23:51:47.115+0000] {processor.py:161} INFO - Started process (PID=70025) to work on /home/malangdataguy/miniconda3/envs/airflow_mdg/lib/python3.8/site-packages/airflow/example_dags/example_short_circuit_decorator.py
[2024-04-06T23:51:47.118+0000] {processor.py:830} INFO - Processing file /home/malangdataguy/miniconda3/envs/airflow_mdg/lib/python3.8/site-packages/airflow/example_dags/example_short_circuit_decorator.py for tasks to queue
[2024-04-06T23:51:47.119+0000] {logging_mixin.py:188} INFO - [2024-04-06T23:51:47.119+0000] {dagbag.py:540} INFO - Filling up the DagBag from /home/malangdataguy/miniconda3/envs/airflow_mdg/lib/python3.8/site-packages/airflow/example_dags/example_short_circuit_decorator.py
[2024-04-06T23:51:47.133+0000] {processor.py:840} INFO - DAG(s) 'example_short_circuit_decorator' retrieved from /home/malangdataguy/miniconda3/envs/airflow_mdg/lib/python3.8/site-packages/airflow/example_dags/example_short_circuit_decorator.py
[2024-04-06T23:51:47.158+0000] {logging_mixin.py:188} INFO - [2024-04-06T23:51:47.157+0000] {dag.py:3047} INFO - Sync 1 DAGs
[2024-04-06T23:51:47.182+0000] {logging_mixin.py:188} INFO - [2024-04-06T23:51:47.182+0000] {dag.py:3834} INFO - Setting next_dagrun for example_short_circuit_decorator to 2024-04-05 00:00:00+00:00, run_after=2024-04-06 00:00:00+00:00
[2024-04-06T23:51:47.216+0000] {processor.py:183} INFO - Processing /home/malangdataguy/miniconda3/envs/airflow_mdg/lib/python3.8/site-packages/airflow/example_dags/example_short_circuit_decorator.py took 0.105 seconds
[2024-04-06T23:52:30.625+0000] {processor.py:161} INFO - Started process (PID=70071) to work on /home/malangdataguy/miniconda3/envs/airflow_mdg/lib/python3.8/site-packages/airflow/example_dags/example_short_circuit_decorator.py
[2024-04-06T23:52:30.628+0000] {processor.py:830} INFO - Processing file /home/malangdataguy/miniconda3/envs/airflow_mdg/lib/python3.8/site-packages/airflow/example_dags/example_short_circuit_decorator.py for tasks to queue
[2024-04-06T23:52:30.630+0000] {logging_mixin.py:188} INFO - [2024-04-06T23:52:30.629+0000] {dagbag.py:540} INFO - Filling up the DagBag from /home/malangdataguy/miniconda3/envs/airflow_mdg/lib/python3.8/site-packages/airflow/example_dags/example_short_circuit_decorator.py
[2024-04-06T23:52:30.646+0000] {processor.py:840} INFO - DAG(s) 'example_short_circuit_decorator' retrieved from /home/malangdataguy/miniconda3/envs/airflow_mdg/lib/python3.8/site-packages/airflow/example_dags/example_short_circuit_decorator.py
[2024-04-06T23:52:30.675+0000] {logging_mixin.py:188} INFO - [2024-04-06T23:52:30.675+0000] {dag.py:3047} INFO - Sync 1 DAGs
[2024-04-06T23:52:30.706+0000] {logging_mixin.py:188} INFO - [2024-04-06T23:52:30.705+0000] {dag.py:3834} INFO - Setting next_dagrun for example_short_circuit_decorator to 2024-04-05 00:00:00+00:00, run_after=2024-04-06 00:00:00+00:00
[2024-04-06T23:52:30.743+0000] {processor.py:183} INFO - Processing /home/malangdataguy/miniconda3/envs/airflow_mdg/lib/python3.8/site-packages/airflow/example_dags/example_short_circuit_decorator.py took 0.124 seconds
[2024-04-06T23:53:13.869+0000] {processor.py:161} INFO - Started process (PID=70113) to work on /home/malangdataguy/miniconda3/envs/airflow_mdg/lib/python3.8/site-packages/airflow/example_dags/example_short_circuit_decorator.py
[2024-04-06T23:53:13.872+0000] {processor.py:830} INFO - Processing file /home/malangdataguy/miniconda3/envs/airflow_mdg/lib/python3.8/site-packages/airflow/example_dags/example_short_circuit_decorator.py for tasks to queue
[2024-04-06T23:53:13.873+0000] {logging_mixin.py:188} INFO - [2024-04-06T23:53:13.873+0000] {dagbag.py:540} INFO - Filling up the DagBag from /home/malangdataguy/miniconda3/envs/airflow_mdg/lib/python3.8/site-packages/airflow/example_dags/example_short_circuit_decorator.py
[2024-04-06T23:53:13.888+0000] {processor.py:840} INFO - DAG(s) 'example_short_circuit_decorator' retrieved from /home/malangdataguy/miniconda3/envs/airflow_mdg/lib/python3.8/site-packages/airflow/example_dags/example_short_circuit_decorator.py
[2024-04-06T23:53:13.913+0000] {logging_mixin.py:188} INFO - [2024-04-06T23:53:13.913+0000] {dag.py:3047} INFO - Sync 1 DAGs
[2024-04-06T23:53:13.938+0000] {logging_mixin.py:188} INFO - [2024-04-06T23:53:13.937+0000] {dag.py:3834} INFO - Setting next_dagrun for example_short_circuit_decorator to 2024-04-05 00:00:00+00:00, run_after=2024-04-06 00:00:00+00:00
[2024-04-06T23:53:13.966+0000] {processor.py:183} INFO - Processing /home/malangdataguy/miniconda3/envs/airflow_mdg/lib/python3.8/site-packages/airflow/example_dags/example_short_circuit_decorator.py took 0.102 seconds
[2024-04-06T23:53:59.727+0000] {processor.py:161} INFO - Started process (PID=70174) to work on /home/malangdataguy/miniconda3/envs/airflow_mdg/lib/python3.8/site-packages/airflow/example_dags/example_short_circuit_decorator.py
[2024-04-06T23:53:59.730+0000] {processor.py:830} INFO - Processing file /home/malangdataguy/miniconda3/envs/airflow_mdg/lib/python3.8/site-packages/airflow/example_dags/example_short_circuit_decorator.py for tasks to queue
[2024-04-06T23:53:59.731+0000] {logging_mixin.py:188} INFO - [2024-04-06T23:53:59.731+0000] {dagbag.py:540} INFO - Filling up the DagBag from /home/malangdataguy/miniconda3/envs/airflow_mdg/lib/python3.8/site-packages/airflow/example_dags/example_short_circuit_decorator.py
[2024-04-06T23:53:59.748+0000] {processor.py:840} INFO - DAG(s) 'example_short_circuit_decorator' retrieved from /home/malangdataguy/miniconda3/envs/airflow_mdg/lib/python3.8/site-packages/airflow/example_dags/example_short_circuit_decorator.py
[2024-04-06T23:53:59.777+0000] {logging_mixin.py:188} INFO - [2024-04-06T23:53:59.776+0000] {dag.py:3047} INFO - Sync 1 DAGs
[2024-04-06T23:53:59.805+0000] {logging_mixin.py:188} INFO - [2024-04-06T23:53:59.804+0000] {dag.py:3834} INFO - Setting next_dagrun for example_short_circuit_decorator to 2024-04-05 00:00:00+00:00, run_after=2024-04-06 00:00:00+00:00
[2024-04-06T23:53:59.838+0000] {processor.py:183} INFO - Processing /home/malangdataguy/miniconda3/envs/airflow_mdg/lib/python3.8/site-packages/airflow/example_dags/example_short_circuit_decorator.py took 0.117 seconds
[2024-04-06T23:54:42.420+0000] {processor.py:161} INFO - Started process (PID=70240) to work on /home/malangdataguy/miniconda3/envs/airflow_mdg/lib/python3.8/site-packages/airflow/example_dags/example_short_circuit_decorator.py
[2024-04-06T23:54:42.422+0000] {processor.py:830} INFO - Processing file /home/malangdataguy/miniconda3/envs/airflow_mdg/lib/python3.8/site-packages/airflow/example_dags/example_short_circuit_decorator.py for tasks to queue
[2024-04-06T23:54:42.423+0000] {logging_mixin.py:188} INFO - [2024-04-06T23:54:42.423+0000] {dagbag.py:540} INFO - Filling up the DagBag from /home/malangdataguy/miniconda3/envs/airflow_mdg/lib/python3.8/site-packages/airflow/example_dags/example_short_circuit_decorator.py
[2024-04-06T23:54:42.438+0000] {processor.py:840} INFO - DAG(s) 'example_short_circuit_decorator' retrieved from /home/malangdataguy/miniconda3/envs/airflow_mdg/lib/python3.8/site-packages/airflow/example_dags/example_short_circuit_decorator.py
[2024-04-06T23:54:42.465+0000] {logging_mixin.py:188} INFO - [2024-04-06T23:54:42.464+0000] {dag.py:3047} INFO - Sync 1 DAGs
[2024-04-06T23:54:42.491+0000] {logging_mixin.py:188} INFO - [2024-04-06T23:54:42.491+0000] {dag.py:3834} INFO - Setting next_dagrun for example_short_circuit_decorator to 2024-04-05 00:00:00+00:00, run_after=2024-04-06 00:00:00+00:00
[2024-04-06T23:54:42.520+0000] {processor.py:183} INFO - Processing /home/malangdataguy/miniconda3/envs/airflow_mdg/lib/python3.8/site-packages/airflow/example_dags/example_short_circuit_decorator.py took 0.106 seconds
[2024-04-06T23:55:43.550+0000] {processor.py:161} INFO - Started process (PID=70301) to work on /home/malangdataguy/miniconda3/envs/airflow_mdg/lib/python3.8/site-packages/airflow/example_dags/example_short_circuit_decorator.py
[2024-04-06T23:55:43.553+0000] {processor.py:830} INFO - Processing file /home/malangdataguy/miniconda3/envs/airflow_mdg/lib/python3.8/site-packages/airflow/example_dags/example_short_circuit_decorator.py for tasks to queue
[2024-04-06T23:55:43.555+0000] {logging_mixin.py:188} INFO - [2024-04-06T23:55:43.554+0000] {dagbag.py:540} INFO - Filling up the DagBag from /home/malangdataguy/miniconda3/envs/airflow_mdg/lib/python3.8/site-packages/airflow/example_dags/example_short_circuit_decorator.py
[2024-04-06T23:55:43.572+0000] {processor.py:840} INFO - DAG(s) 'example_short_circuit_decorator' retrieved from /home/malangdataguy/miniconda3/envs/airflow_mdg/lib/python3.8/site-packages/airflow/example_dags/example_short_circuit_decorator.py
[2024-04-06T23:55:43.602+0000] {logging_mixin.py:188} INFO - [2024-04-06T23:55:43.601+0000] {dag.py:3047} INFO - Sync 1 DAGs
[2024-04-06T23:55:43.632+0000] {logging_mixin.py:188} INFO - [2024-04-06T23:55:43.631+0000] {dag.py:3834} INFO - Setting next_dagrun for example_short_circuit_decorator to 2024-04-05 00:00:00+00:00, run_after=2024-04-06 00:00:00+00:00
[2024-04-06T23:55:43.664+0000] {processor.py:183} INFO - Processing /home/malangdataguy/miniconda3/envs/airflow_mdg/lib/python3.8/site-packages/airflow/example_dags/example_short_circuit_decorator.py took 0.119 seconds
