[2024-04-06T23:09:44.250+0000] {processor.py:161} INFO - Started process (PID=68394) to work on /home/malangdataguy/miniconda3/envs/airflow_mdg/lib/python3.8/site-packages/airflow/example_dags/example_nested_branch_dag.py
[2024-04-06T23:09:44.252+0000] {processor.py:830} INFO - Processing file /home/malangdataguy/miniconda3/envs/airflow_mdg/lib/python3.8/site-packages/airflow/example_dags/example_nested_branch_dag.py for tasks to queue
[2024-04-06T23:09:44.253+0000] {logging_mixin.py:188} INFO - [2024-04-06T23:09:44.253+0000] {dagbag.py:540} INFO - Filling up the DagBag from /home/malangdataguy/miniconda3/envs/airflow_mdg/lib/python3.8/site-packages/airflow/example_dags/example_nested_branch_dag.py
[2024-04-06T23:09:44.269+0000] {processor.py:840} INFO - DAG(s) 'example_nested_branch_dag' retrieved from /home/malangdataguy/miniconda3/envs/airflow_mdg/lib/python3.8/site-packages/airflow/example_dags/example_nested_branch_dag.py
[2024-04-06T23:09:44.393+0000] {logging_mixin.py:188} INFO - [2024-04-06T23:09:44.392+0000] {dag.py:3047} INFO - Sync 1 DAGs
[2024-04-06T23:09:44.421+0000] {logging_mixin.py:188} INFO - [2024-04-06T23:09:44.421+0000] {dag.py:3834} INFO - Setting next_dagrun for example_nested_branch_dag to 2024-04-05 00:00:00+00:00, run_after=2024-04-06 00:00:00+00:00
[2024-04-06T23:09:44.451+0000] {processor.py:183} INFO - Processing /home/malangdataguy/miniconda3/envs/airflow_mdg/lib/python3.8/site-packages/airflow/example_dags/example_nested_branch_dag.py took 0.207 seconds
[2024-04-06T23:10:37.136+0000] {processor.py:161} INFO - Started process (PID=68444) to work on /home/malangdataguy/miniconda3/envs/airflow_mdg/lib/python3.8/site-packages/airflow/example_dags/example_nested_branch_dag.py
[2024-04-06T23:10:37.139+0000] {processor.py:830} INFO - Processing file /home/malangdataguy/miniconda3/envs/airflow_mdg/lib/python3.8/site-packages/airflow/example_dags/example_nested_branch_dag.py for tasks to queue
[2024-04-06T23:10:37.141+0000] {logging_mixin.py:188} INFO - [2024-04-06T23:10:37.140+0000] {dagbag.py:540} INFO - Filling up the DagBag from /home/malangdataguy/miniconda3/envs/airflow_mdg/lib/python3.8/site-packages/airflow/example_dags/example_nested_branch_dag.py
[2024-04-06T23:10:37.157+0000] {processor.py:840} INFO - DAG(s) 'example_nested_branch_dag' retrieved from /home/malangdataguy/miniconda3/envs/airflow_mdg/lib/python3.8/site-packages/airflow/example_dags/example_nested_branch_dag.py
[2024-04-06T23:10:37.185+0000] {logging_mixin.py:188} INFO - [2024-04-06T23:10:37.184+0000] {dag.py:3047} INFO - Sync 1 DAGs
[2024-04-06T23:10:37.215+0000] {logging_mixin.py:188} INFO - [2024-04-06T23:10:37.214+0000] {dag.py:3834} INFO - Setting next_dagrun for example_nested_branch_dag to 2024-04-05 00:00:00+00:00, run_after=2024-04-06 00:00:00+00:00
[2024-04-06T23:10:37.249+0000] {processor.py:183} INFO - Processing /home/malangdataguy/miniconda3/envs/airflow_mdg/lib/python3.8/site-packages/airflow/example_dags/example_nested_branch_dag.py took 0.119 seconds
[2024-04-06T23:11:36.214+0000] {processor.py:161} INFO - Started process (PID=68515) to work on /home/malangdataguy/miniconda3/envs/airflow_mdg/lib/python3.8/site-packages/airflow/example_dags/example_nested_branch_dag.py
[2024-04-06T23:11:36.217+0000] {processor.py:830} INFO - Processing file /home/malangdataguy/miniconda3/envs/airflow_mdg/lib/python3.8/site-packages/airflow/example_dags/example_nested_branch_dag.py for tasks to queue
[2024-04-06T23:11:36.218+0000] {logging_mixin.py:188} INFO - [2024-04-06T23:11:36.217+0000] {dagbag.py:540} INFO - Filling up the DagBag from /home/malangdataguy/miniconda3/envs/airflow_mdg/lib/python3.8/site-packages/airflow/example_dags/example_nested_branch_dag.py
[2024-04-06T23:11:36.232+0000] {processor.py:840} INFO - DAG(s) 'example_nested_branch_dag' retrieved from /home/malangdataguy/miniconda3/envs/airflow_mdg/lib/python3.8/site-packages/airflow/example_dags/example_nested_branch_dag.py
[2024-04-06T23:11:36.256+0000] {logging_mixin.py:188} INFO - [2024-04-06T23:11:36.256+0000] {dag.py:3047} INFO - Sync 1 DAGs
[2024-04-06T23:11:36.281+0000] {logging_mixin.py:188} INFO - [2024-04-06T23:11:36.280+0000] {dag.py:3834} INFO - Setting next_dagrun for example_nested_branch_dag to 2024-04-05 00:00:00+00:00, run_after=2024-04-06 00:00:00+00:00
[2024-04-06T23:11:36.309+0000] {processor.py:183} INFO - Processing /home/malangdataguy/miniconda3/envs/airflow_mdg/lib/python3.8/site-packages/airflow/example_dags/example_nested_branch_dag.py took 0.099 seconds
[2024-04-06T23:12:42.732+0000] {processor.py:161} INFO - Started process (PID=68580) to work on /home/malangdataguy/miniconda3/envs/airflow_mdg/lib/python3.8/site-packages/airflow/example_dags/example_nested_branch_dag.py
[2024-04-06T23:12:42.734+0000] {processor.py:830} INFO - Processing file /home/malangdataguy/miniconda3/envs/airflow_mdg/lib/python3.8/site-packages/airflow/example_dags/example_nested_branch_dag.py for tasks to queue
[2024-04-06T23:12:42.736+0000] {logging_mixin.py:188} INFO - [2024-04-06T23:12:42.735+0000] {dagbag.py:540} INFO - Filling up the DagBag from /home/malangdataguy/miniconda3/envs/airflow_mdg/lib/python3.8/site-packages/airflow/example_dags/example_nested_branch_dag.py
[2024-04-06T23:12:42.750+0000] {processor.py:840} INFO - DAG(s) 'example_nested_branch_dag' retrieved from /home/malangdataguy/miniconda3/envs/airflow_mdg/lib/python3.8/site-packages/airflow/example_dags/example_nested_branch_dag.py
[2024-04-06T23:12:42.774+0000] {logging_mixin.py:188} INFO - [2024-04-06T23:12:42.774+0000] {dag.py:3047} INFO - Sync 1 DAGs
[2024-04-06T23:12:42.800+0000] {logging_mixin.py:188} INFO - [2024-04-06T23:12:42.800+0000] {dag.py:3834} INFO - Setting next_dagrun for example_nested_branch_dag to 2024-04-05 00:00:00+00:00, run_after=2024-04-06 00:00:00+00:00
[2024-04-06T23:12:42.827+0000] {processor.py:183} INFO - Processing /home/malangdataguy/miniconda3/envs/airflow_mdg/lib/python3.8/site-packages/airflow/example_dags/example_nested_branch_dag.py took 0.100 seconds
[2024-04-06T23:13:43.646+0000] {processor.py:161} INFO - Started process (PID=68645) to work on /home/malangdataguy/miniconda3/envs/airflow_mdg/lib/python3.8/site-packages/airflow/example_dags/example_nested_branch_dag.py
[2024-04-06T23:13:43.648+0000] {processor.py:830} INFO - Processing file /home/malangdataguy/miniconda3/envs/airflow_mdg/lib/python3.8/site-packages/airflow/example_dags/example_nested_branch_dag.py for tasks to queue
[2024-04-06T23:13:43.650+0000] {logging_mixin.py:188} INFO - [2024-04-06T23:13:43.650+0000] {dagbag.py:540} INFO - Filling up the DagBag from /home/malangdataguy/miniconda3/envs/airflow_mdg/lib/python3.8/site-packages/airflow/example_dags/example_nested_branch_dag.py
[2024-04-06T23:13:43.666+0000] {processor.py:840} INFO - DAG(s) 'example_nested_branch_dag' retrieved from /home/malangdataguy/miniconda3/envs/airflow_mdg/lib/python3.8/site-packages/airflow/example_dags/example_nested_branch_dag.py
[2024-04-06T23:13:43.695+0000] {logging_mixin.py:188} INFO - [2024-04-06T23:13:43.694+0000] {dag.py:3047} INFO - Sync 1 DAGs
[2024-04-06T23:13:43.724+0000] {logging_mixin.py:188} INFO - [2024-04-06T23:13:43.724+0000] {dag.py:3834} INFO - Setting next_dagrun for example_nested_branch_dag to 2024-04-05 00:00:00+00:00, run_after=2024-04-06 00:00:00+00:00
[2024-04-06T23:13:43.757+0000] {processor.py:183} INFO - Processing /home/malangdataguy/miniconda3/envs/airflow_mdg/lib/python3.8/site-packages/airflow/example_dags/example_nested_branch_dag.py took 0.117 seconds
[2024-04-06T23:14:48.185+0000] {processor.py:161} INFO - Started process (PID=68708) to work on /home/malangdataguy/miniconda3/envs/airflow_mdg/lib/python3.8/site-packages/airflow/example_dags/example_nested_branch_dag.py
[2024-04-06T23:14:48.188+0000] {processor.py:830} INFO - Processing file /home/malangdataguy/miniconda3/envs/airflow_mdg/lib/python3.8/site-packages/airflow/example_dags/example_nested_branch_dag.py for tasks to queue
[2024-04-06T23:14:48.190+0000] {logging_mixin.py:188} INFO - [2024-04-06T23:14:48.189+0000] {dagbag.py:540} INFO - Filling up the DagBag from /home/malangdataguy/miniconda3/envs/airflow_mdg/lib/python3.8/site-packages/airflow/example_dags/example_nested_branch_dag.py
[2024-04-06T23:14:48.206+0000] {processor.py:840} INFO - DAG(s) 'example_nested_branch_dag' retrieved from /home/malangdataguy/miniconda3/envs/airflow_mdg/lib/python3.8/site-packages/airflow/example_dags/example_nested_branch_dag.py
[2024-04-06T23:14:48.236+0000] {logging_mixin.py:188} INFO - [2024-04-06T23:14:48.235+0000] {dag.py:3047} INFO - Sync 1 DAGs
[2024-04-06T23:14:48.266+0000] {logging_mixin.py:188} INFO - [2024-04-06T23:14:48.265+0000] {dag.py:3834} INFO - Setting next_dagrun for example_nested_branch_dag to 2024-04-05 00:00:00+00:00, run_after=2024-04-06 00:00:00+00:00
[2024-04-06T23:14:48.299+0000] {processor.py:183} INFO - Processing /home/malangdataguy/miniconda3/envs/airflow_mdg/lib/python3.8/site-packages/airflow/example_dags/example_nested_branch_dag.py took 0.119 seconds
[2024-04-06T23:15:44.807+0000] {processor.py:161} INFO - Started process (PID=68767) to work on /home/malangdataguy/miniconda3/envs/airflow_mdg/lib/python3.8/site-packages/airflow/example_dags/example_nested_branch_dag.py
[2024-04-06T23:15:44.810+0000] {processor.py:830} INFO - Processing file /home/malangdataguy/miniconda3/envs/airflow_mdg/lib/python3.8/site-packages/airflow/example_dags/example_nested_branch_dag.py for tasks to queue
[2024-04-06T23:15:44.811+0000] {logging_mixin.py:188} INFO - [2024-04-06T23:15:44.810+0000] {dagbag.py:540} INFO - Filling up the DagBag from /home/malangdataguy/miniconda3/envs/airflow_mdg/lib/python3.8/site-packages/airflow/example_dags/example_nested_branch_dag.py
[2024-04-06T23:15:44.825+0000] {processor.py:840} INFO - DAG(s) 'example_nested_branch_dag' retrieved from /home/malangdataguy/miniconda3/envs/airflow_mdg/lib/python3.8/site-packages/airflow/example_dags/example_nested_branch_dag.py
[2024-04-06T23:15:44.850+0000] {logging_mixin.py:188} INFO - [2024-04-06T23:15:44.849+0000] {dag.py:3047} INFO - Sync 1 DAGs
[2024-04-06T23:15:44.876+0000] {logging_mixin.py:188} INFO - [2024-04-06T23:15:44.875+0000] {dag.py:3834} INFO - Setting next_dagrun for example_nested_branch_dag to 2024-04-05 00:00:00+00:00, run_after=2024-04-06 00:00:00+00:00
[2024-04-06T23:15:44.905+0000] {processor.py:183} INFO - Processing /home/malangdataguy/miniconda3/envs/airflow_mdg/lib/python3.8/site-packages/airflow/example_dags/example_nested_branch_dag.py took 0.103 seconds
[2024-04-06T23:16:41.348+0000] {processor.py:161} INFO - Started process (PID=68827) to work on /home/malangdataguy/miniconda3/envs/airflow_mdg/lib/python3.8/site-packages/airflow/example_dags/example_nested_branch_dag.py
[2024-04-06T23:16:41.351+0000] {processor.py:830} INFO - Processing file /home/malangdataguy/miniconda3/envs/airflow_mdg/lib/python3.8/site-packages/airflow/example_dags/example_nested_branch_dag.py for tasks to queue
[2024-04-06T23:16:41.352+0000] {logging_mixin.py:188} INFO - [2024-04-06T23:16:41.352+0000] {dagbag.py:540} INFO - Filling up the DagBag from /home/malangdataguy/miniconda3/envs/airflow_mdg/lib/python3.8/site-packages/airflow/example_dags/example_nested_branch_dag.py
[2024-04-06T23:16:41.368+0000] {processor.py:840} INFO - DAG(s) 'example_nested_branch_dag' retrieved from /home/malangdataguy/miniconda3/envs/airflow_mdg/lib/python3.8/site-packages/airflow/example_dags/example_nested_branch_dag.py
[2024-04-06T23:16:41.397+0000] {logging_mixin.py:188} INFO - [2024-04-06T23:16:41.397+0000] {dag.py:3047} INFO - Sync 1 DAGs
[2024-04-06T23:16:41.427+0000] {logging_mixin.py:188} INFO - [2024-04-06T23:16:41.426+0000] {dag.py:3834} INFO - Setting next_dagrun for example_nested_branch_dag to 2024-04-05 00:00:00+00:00, run_after=2024-04-06 00:00:00+00:00
[2024-04-06T23:16:41.461+0000] {processor.py:183} INFO - Processing /home/malangdataguy/miniconda3/envs/airflow_mdg/lib/python3.8/site-packages/airflow/example_dags/example_nested_branch_dag.py took 0.119 seconds
[2024-04-06T23:17:44.311+0000] {processor.py:161} INFO - Started process (PID=68899) to work on /home/malangdataguy/miniconda3/envs/airflow_mdg/lib/python3.8/site-packages/airflow/example_dags/example_nested_branch_dag.py
[2024-04-06T23:17:44.314+0000] {processor.py:830} INFO - Processing file /home/malangdataguy/miniconda3/envs/airflow_mdg/lib/python3.8/site-packages/airflow/example_dags/example_nested_branch_dag.py for tasks to queue
[2024-04-06T23:17:44.315+0000] {logging_mixin.py:188} INFO - [2024-04-06T23:17:44.315+0000] {dagbag.py:540} INFO - Filling up the DagBag from /home/malangdataguy/miniconda3/envs/airflow_mdg/lib/python3.8/site-packages/airflow/example_dags/example_nested_branch_dag.py
[2024-04-06T23:17:44.330+0000] {processor.py:840} INFO - DAG(s) 'example_nested_branch_dag' retrieved from /home/malangdataguy/miniconda3/envs/airflow_mdg/lib/python3.8/site-packages/airflow/example_dags/example_nested_branch_dag.py
[2024-04-06T23:17:44.356+0000] {logging_mixin.py:188} INFO - [2024-04-06T23:17:44.355+0000] {dag.py:3047} INFO - Sync 1 DAGs
[2024-04-06T23:17:44.382+0000] {logging_mixin.py:188} INFO - [2024-04-06T23:17:44.381+0000] {dag.py:3834} INFO - Setting next_dagrun for example_nested_branch_dag to 2024-04-05 00:00:00+00:00, run_after=2024-04-06 00:00:00+00:00
[2024-04-06T23:17:44.409+0000] {processor.py:183} INFO - Processing /home/malangdataguy/miniconda3/envs/airflow_mdg/lib/python3.8/site-packages/airflow/example_dags/example_nested_branch_dag.py took 0.103 seconds
[2024-04-06T23:18:47.031+0000] {processor.py:161} INFO - Started process (PID=68962) to work on /home/malangdataguy/miniconda3/envs/airflow_mdg/lib/python3.8/site-packages/airflow/example_dags/example_nested_branch_dag.py
[2024-04-06T23:18:47.034+0000] {processor.py:830} INFO - Processing file /home/malangdataguy/miniconda3/envs/airflow_mdg/lib/python3.8/site-packages/airflow/example_dags/example_nested_branch_dag.py for tasks to queue
[2024-04-06T23:18:47.035+0000] {logging_mixin.py:188} INFO - [2024-04-06T23:18:47.034+0000] {dagbag.py:540} INFO - Filling up the DagBag from /home/malangdataguy/miniconda3/envs/airflow_mdg/lib/python3.8/site-packages/airflow/example_dags/example_nested_branch_dag.py
[2024-04-06T23:18:47.050+0000] {processor.py:840} INFO - DAG(s) 'example_nested_branch_dag' retrieved from /home/malangdataguy/miniconda3/envs/airflow_mdg/lib/python3.8/site-packages/airflow/example_dags/example_nested_branch_dag.py
[2024-04-06T23:18:47.074+0000] {logging_mixin.py:188} INFO - [2024-04-06T23:18:47.074+0000] {dag.py:3047} INFO - Sync 1 DAGs
[2024-04-06T23:18:47.100+0000] {logging_mixin.py:188} INFO - [2024-04-06T23:18:47.100+0000] {dag.py:3834} INFO - Setting next_dagrun for example_nested_branch_dag to 2024-04-05 00:00:00+00:00, run_after=2024-04-06 00:00:00+00:00
[2024-04-06T23:18:47.128+0000] {processor.py:183} INFO - Processing /home/malangdataguy/miniconda3/envs/airflow_mdg/lib/python3.8/site-packages/airflow/example_dags/example_nested_branch_dag.py took 0.102 seconds
[2024-04-06T23:19:53.396+0000] {processor.py:161} INFO - Started process (PID=69027) to work on /home/malangdataguy/miniconda3/envs/airflow_mdg/lib/python3.8/site-packages/airflow/example_dags/example_nested_branch_dag.py
[2024-04-06T23:19:53.399+0000] {processor.py:830} INFO - Processing file /home/malangdataguy/miniconda3/envs/airflow_mdg/lib/python3.8/site-packages/airflow/example_dags/example_nested_branch_dag.py for tasks to queue
[2024-04-06T23:19:53.400+0000] {logging_mixin.py:188} INFO - [2024-04-06T23:19:53.400+0000] {dagbag.py:540} INFO - Filling up the DagBag from /home/malangdataguy/miniconda3/envs/airflow_mdg/lib/python3.8/site-packages/airflow/example_dags/example_nested_branch_dag.py
[2024-04-06T23:19:53.417+0000] {processor.py:840} INFO - DAG(s) 'example_nested_branch_dag' retrieved from /home/malangdataguy/miniconda3/envs/airflow_mdg/lib/python3.8/site-packages/airflow/example_dags/example_nested_branch_dag.py
[2024-04-06T23:19:53.446+0000] {logging_mixin.py:188} INFO - [2024-04-06T23:19:53.446+0000] {dag.py:3047} INFO - Sync 1 DAGs
[2024-04-06T23:19:53.477+0000] {logging_mixin.py:188} INFO - [2024-04-06T23:19:53.477+0000] {dag.py:3834} INFO - Setting next_dagrun for example_nested_branch_dag to 2024-04-05 00:00:00+00:00, run_after=2024-04-06 00:00:00+00:00
[2024-04-06T23:19:53.510+0000] {processor.py:183} INFO - Processing /home/malangdataguy/miniconda3/envs/airflow_mdg/lib/python3.8/site-packages/airflow/example_dags/example_nested_branch_dag.py took 0.120 seconds
[2024-04-06T23:21:00.827+0000] {processor.py:161} INFO - Started process (PID=69095) to work on /home/malangdataguy/miniconda3/envs/airflow_mdg/lib/python3.8/site-packages/airflow/example_dags/example_nested_branch_dag.py
[2024-04-06T23:21:00.829+0000] {processor.py:830} INFO - Processing file /home/malangdataguy/miniconda3/envs/airflow_mdg/lib/python3.8/site-packages/airflow/example_dags/example_nested_branch_dag.py for tasks to queue
[2024-04-06T23:21:00.831+0000] {logging_mixin.py:188} INFO - [2024-04-06T23:21:00.830+0000] {dagbag.py:540} INFO - Filling up the DagBag from /home/malangdataguy/miniconda3/envs/airflow_mdg/lib/python3.8/site-packages/airflow/example_dags/example_nested_branch_dag.py
[2024-04-06T23:21:00.845+0000] {processor.py:840} INFO - DAG(s) 'example_nested_branch_dag' retrieved from /home/malangdataguy/miniconda3/envs/airflow_mdg/lib/python3.8/site-packages/airflow/example_dags/example_nested_branch_dag.py
[2024-04-06T23:21:00.870+0000] {logging_mixin.py:188} INFO - [2024-04-06T23:21:00.870+0000] {dag.py:3047} INFO - Sync 1 DAGs
[2024-04-06T23:21:00.896+0000] {logging_mixin.py:188} INFO - [2024-04-06T23:21:00.896+0000] {dag.py:3834} INFO - Setting next_dagrun for example_nested_branch_dag to 2024-04-05 00:00:00+00:00, run_after=2024-04-06 00:00:00+00:00
[2024-04-06T23:21:00.925+0000] {processor.py:183} INFO - Processing /home/malangdataguy/miniconda3/envs/airflow_mdg/lib/python3.8/site-packages/airflow/example_dags/example_nested_branch_dag.py took 0.103 seconds
[2024-04-06T23:22:01.440+0000] {processor.py:161} INFO - Started process (PID=69156) to work on /home/malangdataguy/miniconda3/envs/airflow_mdg/lib/python3.8/site-packages/airflow/example_dags/example_nested_branch_dag.py
[2024-04-06T23:22:01.443+0000] {processor.py:830} INFO - Processing file /home/malangdataguy/miniconda3/envs/airflow_mdg/lib/python3.8/site-packages/airflow/example_dags/example_nested_branch_dag.py for tasks to queue
[2024-04-06T23:22:01.444+0000] {logging_mixin.py:188} INFO - [2024-04-06T23:22:01.444+0000] {dagbag.py:540} INFO - Filling up the DagBag from /home/malangdataguy/miniconda3/envs/airflow_mdg/lib/python3.8/site-packages/airflow/example_dags/example_nested_branch_dag.py
[2024-04-06T23:22:01.461+0000] {processor.py:840} INFO - DAG(s) 'example_nested_branch_dag' retrieved from /home/malangdataguy/miniconda3/envs/airflow_mdg/lib/python3.8/site-packages/airflow/example_dags/example_nested_branch_dag.py
[2024-04-06T23:22:01.492+0000] {logging_mixin.py:188} INFO - [2024-04-06T23:22:01.491+0000] {dag.py:3047} INFO - Sync 1 DAGs
[2024-04-06T23:22:01.525+0000] {logging_mixin.py:188} INFO - [2024-04-06T23:22:01.524+0000] {dag.py:3834} INFO - Setting next_dagrun for example_nested_branch_dag to 2024-04-05 00:00:00+00:00, run_after=2024-04-06 00:00:00+00:00
[2024-04-06T23:22:01.559+0000] {processor.py:183} INFO - Processing /home/malangdataguy/miniconda3/envs/airflow_mdg/lib/python3.8/site-packages/airflow/example_dags/example_nested_branch_dag.py took 0.125 seconds
[2024-04-06T23:40:50.638+0000] {processor.py:161} INFO - Started process (PID=69307) to work on /home/malangdataguy/miniconda3/envs/airflow_mdg/lib/python3.8/site-packages/airflow/example_dags/example_nested_branch_dag.py
[2024-04-06T23:40:50.641+0000] {processor.py:830} INFO - Processing file /home/malangdataguy/miniconda3/envs/airflow_mdg/lib/python3.8/site-packages/airflow/example_dags/example_nested_branch_dag.py for tasks to queue
[2024-04-06T23:40:50.643+0000] {logging_mixin.py:188} INFO - [2024-04-06T23:40:50.642+0000] {dagbag.py:540} INFO - Filling up the DagBag from /home/malangdataguy/miniconda3/envs/airflow_mdg/lib/python3.8/site-packages/airflow/example_dags/example_nested_branch_dag.py
[2024-04-06T23:40:50.658+0000] {processor.py:840} INFO - DAG(s) 'example_nested_branch_dag' retrieved from /home/malangdataguy/miniconda3/envs/airflow_mdg/lib/python3.8/site-packages/airflow/example_dags/example_nested_branch_dag.py
[2024-04-06T23:40:50.682+0000] {logging_mixin.py:188} INFO - [2024-04-06T23:40:50.682+0000] {dag.py:3047} INFO - Sync 1 DAGs
[2024-04-06T23:40:50.709+0000] {logging_mixin.py:188} INFO - [2024-04-06T23:40:50.708+0000] {dag.py:3834} INFO - Setting next_dagrun for example_nested_branch_dag to 2024-04-05 00:00:00+00:00, run_after=2024-04-06 00:00:00+00:00
[2024-04-06T23:40:50.740+0000] {processor.py:183} INFO - Processing /home/malangdataguy/miniconda3/envs/airflow_mdg/lib/python3.8/site-packages/airflow/example_dags/example_nested_branch_dag.py took 0.106 seconds
[2024-04-06T23:41:42.090+0000] {processor.py:161} INFO - Started process (PID=69357) to work on /home/malangdataguy/miniconda3/envs/airflow_mdg/lib/python3.8/site-packages/airflow/example_dags/example_nested_branch_dag.py
[2024-04-06T23:41:42.093+0000] {processor.py:830} INFO - Processing file /home/malangdataguy/miniconda3/envs/airflow_mdg/lib/python3.8/site-packages/airflow/example_dags/example_nested_branch_dag.py for tasks to queue
[2024-04-06T23:41:42.095+0000] {logging_mixin.py:188} INFO - [2024-04-06T23:41:42.094+0000] {dagbag.py:540} INFO - Filling up the DagBag from /home/malangdataguy/miniconda3/envs/airflow_mdg/lib/python3.8/site-packages/airflow/example_dags/example_nested_branch_dag.py
[2024-04-06T23:41:42.111+0000] {processor.py:840} INFO - DAG(s) 'example_nested_branch_dag' retrieved from /home/malangdataguy/miniconda3/envs/airflow_mdg/lib/python3.8/site-packages/airflow/example_dags/example_nested_branch_dag.py
[2024-04-06T23:41:42.140+0000] {logging_mixin.py:188} INFO - [2024-04-06T23:41:42.140+0000] {dag.py:3047} INFO - Sync 1 DAGs
[2024-04-06T23:41:42.170+0000] {logging_mixin.py:188} INFO - [2024-04-06T23:41:42.169+0000] {dag.py:3834} INFO - Setting next_dagrun for example_nested_branch_dag to 2024-04-05 00:00:00+00:00, run_after=2024-04-06 00:00:00+00:00
[2024-04-06T23:41:42.204+0000] {processor.py:183} INFO - Processing /home/malangdataguy/miniconda3/envs/airflow_mdg/lib/python3.8/site-packages/airflow/example_dags/example_nested_branch_dag.py took 0.119 seconds
[2024-04-06T23:42:48.187+0000] {processor.py:161} INFO - Started process (PID=69423) to work on /home/malangdataguy/miniconda3/envs/airflow_mdg/lib/python3.8/site-packages/airflow/example_dags/example_nested_branch_dag.py
[2024-04-06T23:42:48.189+0000] {processor.py:830} INFO - Processing file /home/malangdataguy/miniconda3/envs/airflow_mdg/lib/python3.8/site-packages/airflow/example_dags/example_nested_branch_dag.py for tasks to queue
[2024-04-06T23:42:48.191+0000] {logging_mixin.py:188} INFO - [2024-04-06T23:42:48.190+0000] {dagbag.py:540} INFO - Filling up the DagBag from /home/malangdataguy/miniconda3/envs/airflow_mdg/lib/python3.8/site-packages/airflow/example_dags/example_nested_branch_dag.py
[2024-04-06T23:42:48.205+0000] {processor.py:840} INFO - DAG(s) 'example_nested_branch_dag' retrieved from /home/malangdataguy/miniconda3/envs/airflow_mdg/lib/python3.8/site-packages/airflow/example_dags/example_nested_branch_dag.py
[2024-04-06T23:42:48.230+0000] {logging_mixin.py:188} INFO - [2024-04-06T23:42:48.230+0000] {dag.py:3047} INFO - Sync 1 DAGs
[2024-04-06T23:42:48.258+0000] {logging_mixin.py:188} INFO - [2024-04-06T23:42:48.258+0000] {dag.py:3834} INFO - Setting next_dagrun for example_nested_branch_dag to 2024-04-05 00:00:00+00:00, run_after=2024-04-06 00:00:00+00:00
[2024-04-06T23:42:48.289+0000] {processor.py:183} INFO - Processing /home/malangdataguy/miniconda3/envs/airflow_mdg/lib/python3.8/site-packages/airflow/example_dags/example_nested_branch_dag.py took 0.108 seconds
[2024-04-06T23:43:55.597+0000] {processor.py:161} INFO - Started process (PID=69503) to work on /home/malangdataguy/miniconda3/envs/airflow_mdg/lib/python3.8/site-packages/airflow/example_dags/example_nested_branch_dag.py
[2024-04-06T23:43:55.600+0000] {processor.py:830} INFO - Processing file /home/malangdataguy/miniconda3/envs/airflow_mdg/lib/python3.8/site-packages/airflow/example_dags/example_nested_branch_dag.py for tasks to queue
[2024-04-06T23:43:55.601+0000] {logging_mixin.py:188} INFO - [2024-04-06T23:43:55.601+0000] {dagbag.py:540} INFO - Filling up the DagBag from /home/malangdataguy/miniconda3/envs/airflow_mdg/lib/python3.8/site-packages/airflow/example_dags/example_nested_branch_dag.py
[2024-04-06T23:43:55.616+0000] {processor.py:840} INFO - DAG(s) 'example_nested_branch_dag' retrieved from /home/malangdataguy/miniconda3/envs/airflow_mdg/lib/python3.8/site-packages/airflow/example_dags/example_nested_branch_dag.py
[2024-04-06T23:43:55.641+0000] {logging_mixin.py:188} INFO - [2024-04-06T23:43:55.640+0000] {dag.py:3047} INFO - Sync 1 DAGs
[2024-04-06T23:43:55.666+0000] {logging_mixin.py:188} INFO - [2024-04-06T23:43:55.666+0000] {dag.py:3834} INFO - Setting next_dagrun for example_nested_branch_dag to 2024-04-05 00:00:00+00:00, run_after=2024-04-06 00:00:00+00:00
[2024-04-06T23:43:55.694+0000] {processor.py:183} INFO - Processing /home/malangdataguy/miniconda3/envs/airflow_mdg/lib/python3.8/site-packages/airflow/example_dags/example_nested_branch_dag.py took 0.102 seconds
[2024-04-06T23:44:59.968+0000] {processor.py:161} INFO - Started process (PID=69573) to work on /home/malangdataguy/miniconda3/envs/airflow_mdg/lib/python3.8/site-packages/airflow/example_dags/example_nested_branch_dag.py
[2024-04-06T23:44:59.970+0000] {processor.py:830} INFO - Processing file /home/malangdataguy/miniconda3/envs/airflow_mdg/lib/python3.8/site-packages/airflow/example_dags/example_nested_branch_dag.py for tasks to queue
[2024-04-06T23:44:59.972+0000] {logging_mixin.py:188} INFO - [2024-04-06T23:44:59.971+0000] {dagbag.py:540} INFO - Filling up the DagBag from /home/malangdataguy/miniconda3/envs/airflow_mdg/lib/python3.8/site-packages/airflow/example_dags/example_nested_branch_dag.py
[2024-04-06T23:44:59.985+0000] {processor.py:840} INFO - DAG(s) 'example_nested_branch_dag' retrieved from /home/malangdataguy/miniconda3/envs/airflow_mdg/lib/python3.8/site-packages/airflow/example_dags/example_nested_branch_dag.py
[2024-04-06T23:45:00.008+0000] {logging_mixin.py:188} INFO - [2024-04-06T23:45:00.008+0000] {dag.py:3047} INFO - Sync 1 DAGs
[2024-04-06T23:45:00.033+0000] {logging_mixin.py:188} INFO - [2024-04-06T23:45:00.032+0000] {dag.py:3834} INFO - Setting next_dagrun for example_nested_branch_dag to 2024-04-05 00:00:00+00:00, run_after=2024-04-06 00:00:00+00:00
[2024-04-06T23:45:00.059+0000] {processor.py:183} INFO - Processing /home/malangdataguy/miniconda3/envs/airflow_mdg/lib/python3.8/site-packages/airflow/example_dags/example_nested_branch_dag.py took 0.096 seconds
[2024-04-06T23:46:03.015+0000] {processor.py:161} INFO - Started process (PID=69638) to work on /home/malangdataguy/miniconda3/envs/airflow_mdg/lib/python3.8/site-packages/airflow/example_dags/example_nested_branch_dag.py
[2024-04-06T23:46:03.017+0000] {processor.py:830} INFO - Processing file /home/malangdataguy/miniconda3/envs/airflow_mdg/lib/python3.8/site-packages/airflow/example_dags/example_nested_branch_dag.py for tasks to queue
[2024-04-06T23:46:03.020+0000] {logging_mixin.py:188} INFO - [2024-04-06T23:46:03.019+0000] {dagbag.py:540} INFO - Filling up the DagBag from /home/malangdataguy/miniconda3/envs/airflow_mdg/lib/python3.8/site-packages/airflow/example_dags/example_nested_branch_dag.py
[2024-04-06T23:46:03.039+0000] {processor.py:840} INFO - DAG(s) 'example_nested_branch_dag' retrieved from /home/malangdataguy/miniconda3/envs/airflow_mdg/lib/python3.8/site-packages/airflow/example_dags/example_nested_branch_dag.py
[2024-04-06T23:46:03.078+0000] {logging_mixin.py:188} INFO - [2024-04-06T23:46:03.077+0000] {dag.py:3047} INFO - Sync 1 DAGs
[2024-04-06T23:46:03.130+0000] {logging_mixin.py:188} INFO - [2024-04-06T23:46:03.129+0000] {dag.py:3834} INFO - Setting next_dagrun for example_nested_branch_dag to 2024-04-05 00:00:00+00:00, run_after=2024-04-06 00:00:00+00:00
[2024-04-06T23:46:03.226+0000] {processor.py:183} INFO - Processing /home/malangdataguy/miniconda3/envs/airflow_mdg/lib/python3.8/site-packages/airflow/example_dags/example_nested_branch_dag.py took 0.218 seconds
[2024-04-06T23:47:00.937+0000] {processor.py:161} INFO - Started process (PID=69730) to work on /home/malangdataguy/miniconda3/envs/airflow_mdg/lib/python3.8/site-packages/airflow/example_dags/example_nested_branch_dag.py
[2024-04-06T23:47:00.939+0000] {processor.py:830} INFO - Processing file /home/malangdataguy/miniconda3/envs/airflow_mdg/lib/python3.8/site-packages/airflow/example_dags/example_nested_branch_dag.py for tasks to queue
[2024-04-06T23:47:00.941+0000] {logging_mixin.py:188} INFO - [2024-04-06T23:47:00.940+0000] {dagbag.py:540} INFO - Filling up the DagBag from /home/malangdataguy/miniconda3/envs/airflow_mdg/lib/python3.8/site-packages/airflow/example_dags/example_nested_branch_dag.py
[2024-04-06T23:47:00.956+0000] {processor.py:840} INFO - DAG(s) 'example_nested_branch_dag' retrieved from /home/malangdataguy/miniconda3/envs/airflow_mdg/lib/python3.8/site-packages/airflow/example_dags/example_nested_branch_dag.py
[2024-04-06T23:47:00.980+0000] {logging_mixin.py:188} INFO - [2024-04-06T23:47:00.980+0000] {dag.py:3047} INFO - Sync 1 DAGs
[2024-04-06T23:47:01.008+0000] {logging_mixin.py:188} INFO - [2024-04-06T23:47:01.008+0000] {dag.py:3834} INFO - Setting next_dagrun for example_nested_branch_dag to 2024-04-05 00:00:00+00:00, run_after=2024-04-06 00:00:00+00:00
[2024-04-06T23:47:01.036+0000] {processor.py:183} INFO - Processing /home/malangdataguy/miniconda3/envs/airflow_mdg/lib/python3.8/site-packages/airflow/example_dags/example_nested_branch_dag.py took 0.104 seconds
[2024-04-06T23:48:03.192+0000] {processor.py:161} INFO - Started process (PID=69797) to work on /home/malangdataguy/miniconda3/envs/airflow_mdg/lib/python3.8/site-packages/airflow/example_dags/example_nested_branch_dag.py
[2024-04-06T23:48:03.194+0000] {processor.py:830} INFO - Processing file /home/malangdataguy/miniconda3/envs/airflow_mdg/lib/python3.8/site-packages/airflow/example_dags/example_nested_branch_dag.py for tasks to queue
[2024-04-06T23:48:03.196+0000] {logging_mixin.py:188} INFO - [2024-04-06T23:48:03.195+0000] {dagbag.py:540} INFO - Filling up the DagBag from /home/malangdataguy/miniconda3/envs/airflow_mdg/lib/python3.8/site-packages/airflow/example_dags/example_nested_branch_dag.py
[2024-04-06T23:48:03.212+0000] {processor.py:840} INFO - DAG(s) 'example_nested_branch_dag' retrieved from /home/malangdataguy/miniconda3/envs/airflow_mdg/lib/python3.8/site-packages/airflow/example_dags/example_nested_branch_dag.py
[2024-04-06T23:48:03.240+0000] {logging_mixin.py:188} INFO - [2024-04-06T23:48:03.239+0000] {dag.py:3047} INFO - Sync 1 DAGs
[2024-04-06T23:48:03.268+0000] {logging_mixin.py:188} INFO - [2024-04-06T23:48:03.268+0000] {dag.py:3834} INFO - Setting next_dagrun for example_nested_branch_dag to 2024-04-05 00:00:00+00:00, run_after=2024-04-06 00:00:00+00:00
[2024-04-06T23:48:03.304+0000] {processor.py:183} INFO - Processing /home/malangdataguy/miniconda3/envs/airflow_mdg/lib/python3.8/site-packages/airflow/example_dags/example_nested_branch_dag.py took 0.118 seconds
[2024-04-06T23:49:05.356+0000] {processor.py:161} INFO - Started process (PID=69860) to work on /home/malangdataguy/miniconda3/envs/airflow_mdg/lib/python3.8/site-packages/airflow/example_dags/example_nested_branch_dag.py
[2024-04-06T23:49:05.359+0000] {processor.py:830} INFO - Processing file /home/malangdataguy/miniconda3/envs/airflow_mdg/lib/python3.8/site-packages/airflow/example_dags/example_nested_branch_dag.py for tasks to queue
[2024-04-06T23:49:05.360+0000] {logging_mixin.py:188} INFO - [2024-04-06T23:49:05.359+0000] {dagbag.py:540} INFO - Filling up the DagBag from /home/malangdataguy/miniconda3/envs/airflow_mdg/lib/python3.8/site-packages/airflow/example_dags/example_nested_branch_dag.py
[2024-04-06T23:49:05.373+0000] {processor.py:840} INFO - DAG(s) 'example_nested_branch_dag' retrieved from /home/malangdataguy/miniconda3/envs/airflow_mdg/lib/python3.8/site-packages/airflow/example_dags/example_nested_branch_dag.py
[2024-04-06T23:49:05.398+0000] {logging_mixin.py:188} INFO - [2024-04-06T23:49:05.397+0000] {dag.py:3047} INFO - Sync 1 DAGs
[2024-04-06T23:49:05.422+0000] {logging_mixin.py:188} INFO - [2024-04-06T23:49:05.422+0000] {dag.py:3834} INFO - Setting next_dagrun for example_nested_branch_dag to 2024-04-05 00:00:00+00:00, run_after=2024-04-06 00:00:00+00:00
[2024-04-06T23:49:05.451+0000] {processor.py:183} INFO - Processing /home/malangdataguy/miniconda3/envs/airflow_mdg/lib/python3.8/site-packages/airflow/example_dags/example_nested_branch_dag.py took 0.100 seconds
[2024-04-06T23:50:07.563+0000] {processor.py:161} INFO - Started process (PID=69924) to work on /home/malangdataguy/miniconda3/envs/airflow_mdg/lib/python3.8/site-packages/airflow/example_dags/example_nested_branch_dag.py
[2024-04-06T23:50:07.565+0000] {processor.py:830} INFO - Processing file /home/malangdataguy/miniconda3/envs/airflow_mdg/lib/python3.8/site-packages/airflow/example_dags/example_nested_branch_dag.py for tasks to queue
[2024-04-06T23:50:07.567+0000] {logging_mixin.py:188} INFO - [2024-04-06T23:50:07.566+0000] {dagbag.py:540} INFO - Filling up the DagBag from /home/malangdataguy/miniconda3/envs/airflow_mdg/lib/python3.8/site-packages/airflow/example_dags/example_nested_branch_dag.py
[2024-04-06T23:50:07.583+0000] {processor.py:840} INFO - DAG(s) 'example_nested_branch_dag' retrieved from /home/malangdataguy/miniconda3/envs/airflow_mdg/lib/python3.8/site-packages/airflow/example_dags/example_nested_branch_dag.py
[2024-04-06T23:50:07.609+0000] {logging_mixin.py:188} INFO - [2024-04-06T23:50:07.608+0000] {dag.py:3047} INFO - Sync 1 DAGs
[2024-04-06T23:50:07.635+0000] {logging_mixin.py:188} INFO - [2024-04-06T23:50:07.635+0000] {dag.py:3834} INFO - Setting next_dagrun for example_nested_branch_dag to 2024-04-05 00:00:00+00:00, run_after=2024-04-06 00:00:00+00:00
[2024-04-06T23:50:07.666+0000] {processor.py:183} INFO - Processing /home/malangdataguy/miniconda3/envs/airflow_mdg/lib/python3.8/site-packages/airflow/example_dags/example_nested_branch_dag.py took 0.108 seconds
[2024-04-06T23:51:08.672+0000] {processor.py:161} INFO - Started process (PID=69986) to work on /home/malangdataguy/miniconda3/envs/airflow_mdg/lib/python3.8/site-packages/airflow/example_dags/example_nested_branch_dag.py
[2024-04-06T23:51:08.674+0000] {processor.py:830} INFO - Processing file /home/malangdataguy/miniconda3/envs/airflow_mdg/lib/python3.8/site-packages/airflow/example_dags/example_nested_branch_dag.py for tasks to queue
[2024-04-06T23:51:08.676+0000] {logging_mixin.py:188} INFO - [2024-04-06T23:51:08.675+0000] {dagbag.py:540} INFO - Filling up the DagBag from /home/malangdataguy/miniconda3/envs/airflow_mdg/lib/python3.8/site-packages/airflow/example_dags/example_nested_branch_dag.py
[2024-04-06T23:51:08.689+0000] {processor.py:840} INFO - DAG(s) 'example_nested_branch_dag' retrieved from /home/malangdataguy/miniconda3/envs/airflow_mdg/lib/python3.8/site-packages/airflow/example_dags/example_nested_branch_dag.py
[2024-04-06T23:51:08.717+0000] {logging_mixin.py:188} INFO - [2024-04-06T23:51:08.717+0000] {dag.py:3047} INFO - Sync 1 DAGs
[2024-04-06T23:51:08.744+0000] {logging_mixin.py:188} INFO - [2024-04-06T23:51:08.744+0000] {dag.py:3834} INFO - Setting next_dagrun for example_nested_branch_dag to 2024-04-05 00:00:00+00:00, run_after=2024-04-06 00:00:00+00:00
[2024-04-06T23:51:08.774+0000] {processor.py:183} INFO - Processing /home/malangdataguy/miniconda3/envs/airflow_mdg/lib/python3.8/site-packages/airflow/example_dags/example_nested_branch_dag.py took 0.106 seconds
[2024-04-06T23:52:14.356+0000] {processor.py:161} INFO - Started process (PID=70054) to work on /home/malangdataguy/miniconda3/envs/airflow_mdg/lib/python3.8/site-packages/airflow/example_dags/example_nested_branch_dag.py
[2024-04-06T23:52:14.358+0000] {processor.py:830} INFO - Processing file /home/malangdataguy/miniconda3/envs/airflow_mdg/lib/python3.8/site-packages/airflow/example_dags/example_nested_branch_dag.py for tasks to queue
[2024-04-06T23:52:14.360+0000] {logging_mixin.py:188} INFO - [2024-04-06T23:52:14.359+0000] {dagbag.py:540} INFO - Filling up the DagBag from /home/malangdataguy/miniconda3/envs/airflow_mdg/lib/python3.8/site-packages/airflow/example_dags/example_nested_branch_dag.py
[2024-04-06T23:52:14.376+0000] {processor.py:840} INFO - DAG(s) 'example_nested_branch_dag' retrieved from /home/malangdataguy/miniconda3/envs/airflow_mdg/lib/python3.8/site-packages/airflow/example_dags/example_nested_branch_dag.py
[2024-04-06T23:52:14.405+0000] {logging_mixin.py:188} INFO - [2024-04-06T23:52:14.405+0000] {dag.py:3047} INFO - Sync 1 DAGs
[2024-04-06T23:52:14.436+0000] {logging_mixin.py:188} INFO - [2024-04-06T23:52:14.436+0000] {dag.py:3834} INFO - Setting next_dagrun for example_nested_branch_dag to 2024-04-05 00:00:00+00:00, run_after=2024-04-06 00:00:00+00:00
[2024-04-06T23:52:14.469+0000] {processor.py:183} INFO - Processing /home/malangdataguy/miniconda3/envs/airflow_mdg/lib/python3.8/site-packages/airflow/example_dags/example_nested_branch_dag.py took 0.119 seconds
[2024-04-06T23:53:20.301+0000] {processor.py:161} INFO - Started process (PID=70121) to work on /home/malangdataguy/miniconda3/envs/airflow_mdg/lib/python3.8/site-packages/airflow/example_dags/example_nested_branch_dag.py
[2024-04-06T23:53:20.304+0000] {processor.py:830} INFO - Processing file /home/malangdataguy/miniconda3/envs/airflow_mdg/lib/python3.8/site-packages/airflow/example_dags/example_nested_branch_dag.py for tasks to queue
[2024-04-06T23:53:20.306+0000] {logging_mixin.py:188} INFO - [2024-04-06T23:53:20.305+0000] {dagbag.py:540} INFO - Filling up the DagBag from /home/malangdataguy/miniconda3/envs/airflow_mdg/lib/python3.8/site-packages/airflow/example_dags/example_nested_branch_dag.py
[2024-04-06T23:53:20.322+0000] {processor.py:840} INFO - DAG(s) 'example_nested_branch_dag' retrieved from /home/malangdataguy/miniconda3/envs/airflow_mdg/lib/python3.8/site-packages/airflow/example_dags/example_nested_branch_dag.py
[2024-04-06T23:53:20.350+0000] {logging_mixin.py:188} INFO - [2024-04-06T23:53:20.350+0000] {dag.py:3047} INFO - Sync 1 DAGs
[2024-04-06T23:53:20.380+0000] {logging_mixin.py:188} INFO - [2024-04-06T23:53:20.379+0000] {dag.py:3834} INFO - Setting next_dagrun for example_nested_branch_dag to 2024-04-05 00:00:00+00:00, run_after=2024-04-06 00:00:00+00:00
[2024-04-06T23:53:20.412+0000] {processor.py:183} INFO - Processing /home/malangdataguy/miniconda3/envs/airflow_mdg/lib/python3.8/site-packages/airflow/example_dags/example_nested_branch_dag.py took 0.117 seconds
[2024-04-06T23:54:25.714+0000] {processor.py:161} INFO - Started process (PID=70223) to work on /home/malangdataguy/miniconda3/envs/airflow_mdg/lib/python3.8/site-packages/airflow/example_dags/example_nested_branch_dag.py
[2024-04-06T23:54:25.716+0000] {processor.py:830} INFO - Processing file /home/malangdataguy/miniconda3/envs/airflow_mdg/lib/python3.8/site-packages/airflow/example_dags/example_nested_branch_dag.py for tasks to queue
[2024-04-06T23:54:25.718+0000] {logging_mixin.py:188} INFO - [2024-04-06T23:54:25.717+0000] {dagbag.py:540} INFO - Filling up the DagBag from /home/malangdataguy/miniconda3/envs/airflow_mdg/lib/python3.8/site-packages/airflow/example_dags/example_nested_branch_dag.py
[2024-04-06T23:54:25.734+0000] {processor.py:840} INFO - DAG(s) 'example_nested_branch_dag' retrieved from /home/malangdataguy/miniconda3/envs/airflow_mdg/lib/python3.8/site-packages/airflow/example_dags/example_nested_branch_dag.py
[2024-04-06T23:54:25.762+0000] {logging_mixin.py:188} INFO - [2024-04-06T23:54:25.762+0000] {dag.py:3047} INFO - Sync 1 DAGs
[2024-04-06T23:54:25.794+0000] {logging_mixin.py:188} INFO - [2024-04-06T23:54:25.794+0000] {dag.py:3834} INFO - Setting next_dagrun for example_nested_branch_dag to 2024-04-05 00:00:00+00:00, run_after=2024-04-06 00:00:00+00:00
[2024-04-06T23:54:25.826+0000] {processor.py:183} INFO - Processing /home/malangdataguy/miniconda3/envs/airflow_mdg/lib/python3.8/site-packages/airflow/example_dags/example_nested_branch_dag.py took 0.118 seconds
[2024-04-06T23:55:28.006+0000] {processor.py:161} INFO - Started process (PID=70286) to work on /home/malangdataguy/miniconda3/envs/airflow_mdg/lib/python3.8/site-packages/airflow/example_dags/example_nested_branch_dag.py
[2024-04-06T23:55:28.009+0000] {processor.py:830} INFO - Processing file /home/malangdataguy/miniconda3/envs/airflow_mdg/lib/python3.8/site-packages/airflow/example_dags/example_nested_branch_dag.py for tasks to queue
[2024-04-06T23:55:28.010+0000] {logging_mixin.py:188} INFO - [2024-04-06T23:55:28.010+0000] {dagbag.py:540} INFO - Filling up the DagBag from /home/malangdataguy/miniconda3/envs/airflow_mdg/lib/python3.8/site-packages/airflow/example_dags/example_nested_branch_dag.py
[2024-04-06T23:55:28.024+0000] {processor.py:840} INFO - DAG(s) 'example_nested_branch_dag' retrieved from /home/malangdataguy/miniconda3/envs/airflow_mdg/lib/python3.8/site-packages/airflow/example_dags/example_nested_branch_dag.py
[2024-04-06T23:55:28.050+0000] {logging_mixin.py:188} INFO - [2024-04-06T23:55:28.050+0000] {dag.py:3047} INFO - Sync 1 DAGs
[2024-04-06T23:55:28.080+0000] {logging_mixin.py:188} INFO - [2024-04-06T23:55:28.080+0000] {dag.py:3834} INFO - Setting next_dagrun for example_nested_branch_dag to 2024-04-05 00:00:00+00:00, run_after=2024-04-06 00:00:00+00:00
[2024-04-06T23:55:28.111+0000] {processor.py:183} INFO - Processing /home/malangdataguy/miniconda3/envs/airflow_mdg/lib/python3.8/site-packages/airflow/example_dags/example_nested_branch_dag.py took 0.110 seconds
