[2024-04-06T23:09:19.581+0000] {processor.py:161} INFO - Started process (PID=68372) to work on /home/malangdataguy/miniconda3/envs/airflow_mdg/lib/python3.8/site-packages/airflow/example_dags/example_sensors.py
[2024-04-06T23:09:19.583+0000] {processor.py:830} INFO - Processing file /home/malangdataguy/miniconda3/envs/airflow_mdg/lib/python3.8/site-packages/airflow/example_dags/example_sensors.py for tasks to queue
[2024-04-06T23:09:19.584+0000] {logging_mixin.py:188} INFO - [2024-04-06T23:09:19.584+0000] {dagbag.py:540} INFO - Filling up the DagBag from /home/malangdataguy/miniconda3/envs/airflow_mdg/lib/python3.8/site-packages/airflow/example_dags/example_sensors.py
[2024-04-06T23:09:19.600+0000] {processor.py:840} INFO - DAG(s) 'example_sensors' retrieved from /home/malangdataguy/miniconda3/envs/airflow_mdg/lib/python3.8/site-packages/airflow/example_dags/example_sensors.py
[2024-04-06T23:09:19.613+0000] {logging_mixin.py:188} INFO - [2024-04-06T23:09:19.613+0000] {dag.py:3047} INFO - Sync 1 DAGs
[2024-04-06T23:09:19.629+0000] {logging_mixin.py:188} INFO - [2024-04-06T23:09:19.628+0000] {dag.py:3834} INFO - Setting next_dagrun for example_sensors to None, run_after=None
[2024-04-06T23:09:19.666+0000] {processor.py:183} INFO - Processing /home/malangdataguy/miniconda3/envs/airflow_mdg/lib/python3.8/site-packages/airflow/example_dags/example_sensors.py took 0.090 seconds
[2024-04-06T23:10:12.958+0000] {processor.py:161} INFO - Started process (PID=68422) to work on /home/malangdataguy/miniconda3/envs/airflow_mdg/lib/python3.8/site-packages/airflow/example_dags/example_sensors.py
[2024-04-06T23:10:12.961+0000] {processor.py:830} INFO - Processing file /home/malangdataguy/miniconda3/envs/airflow_mdg/lib/python3.8/site-packages/airflow/example_dags/example_sensors.py for tasks to queue
[2024-04-06T23:10:12.963+0000] {logging_mixin.py:188} INFO - [2024-04-06T23:10:12.962+0000] {dagbag.py:540} INFO - Filling up the DagBag from /home/malangdataguy/miniconda3/envs/airflow_mdg/lib/python3.8/site-packages/airflow/example_dags/example_sensors.py
[2024-04-06T23:10:12.978+0000] {processor.py:840} INFO - DAG(s) 'example_sensors' retrieved from /home/malangdataguy/miniconda3/envs/airflow_mdg/lib/python3.8/site-packages/airflow/example_dags/example_sensors.py
[2024-04-06T23:10:13.111+0000] {logging_mixin.py:188} INFO - [2024-04-06T23:10:13.111+0000] {dag.py:3047} INFO - Sync 1 DAGs
[2024-04-06T23:10:13.123+0000] {logging_mixin.py:188} INFO - [2024-04-06T23:10:13.122+0000] {dag.py:3834} INFO - Setting next_dagrun for example_sensors to None, run_after=None
[2024-04-06T23:10:13.155+0000] {processor.py:183} INFO - Processing /home/malangdataguy/miniconda3/envs/airflow_mdg/lib/python3.8/site-packages/airflow/example_dags/example_sensors.py took 0.203 seconds
[2024-04-06T23:11:03.729+0000] {processor.py:161} INFO - Started process (PID=68482) to work on /home/malangdataguy/miniconda3/envs/airflow_mdg/lib/python3.8/site-packages/airflow/example_dags/example_sensors.py
[2024-04-06T23:11:03.732+0000] {processor.py:830} INFO - Processing file /home/malangdataguy/miniconda3/envs/airflow_mdg/lib/python3.8/site-packages/airflow/example_dags/example_sensors.py for tasks to queue
[2024-04-06T23:11:03.733+0000] {logging_mixin.py:188} INFO - [2024-04-06T23:11:03.733+0000] {dagbag.py:540} INFO - Filling up the DagBag from /home/malangdataguy/miniconda3/envs/airflow_mdg/lib/python3.8/site-packages/airflow/example_dags/example_sensors.py
[2024-04-06T23:11:03.748+0000] {processor.py:840} INFO - DAG(s) 'example_sensors' retrieved from /home/malangdataguy/miniconda3/envs/airflow_mdg/lib/python3.8/site-packages/airflow/example_dags/example_sensors.py
[2024-04-06T23:11:03.779+0000] {logging_mixin.py:188} INFO - [2024-04-06T23:11:03.778+0000] {dag.py:3047} INFO - Sync 1 DAGs
[2024-04-06T23:11:03.796+0000] {logging_mixin.py:188} INFO - [2024-04-06T23:11:03.796+0000] {dag.py:3834} INFO - Setting next_dagrun for example_sensors to None, run_after=None
[2024-04-06T23:11:03.831+0000] {processor.py:183} INFO - Processing /home/malangdataguy/miniconda3/envs/airflow_mdg/lib/python3.8/site-packages/airflow/example_dags/example_sensors.py took 0.108 seconds
[2024-04-06T23:11:50.608+0000] {processor.py:161} INFO - Started process (PID=68527) to work on /home/malangdataguy/miniconda3/envs/airflow_mdg/lib/python3.8/site-packages/airflow/example_dags/example_sensors.py
[2024-04-06T23:11:50.611+0000] {processor.py:830} INFO - Processing file /home/malangdataguy/miniconda3/envs/airflow_mdg/lib/python3.8/site-packages/airflow/example_dags/example_sensors.py for tasks to queue
[2024-04-06T23:11:50.612+0000] {logging_mixin.py:188} INFO - [2024-04-06T23:11:50.612+0000] {dagbag.py:540} INFO - Filling up the DagBag from /home/malangdataguy/miniconda3/envs/airflow_mdg/lib/python3.8/site-packages/airflow/example_dags/example_sensors.py
[2024-04-06T23:11:50.625+0000] {processor.py:840} INFO - DAG(s) 'example_sensors' retrieved from /home/malangdataguy/miniconda3/envs/airflow_mdg/lib/python3.8/site-packages/airflow/example_dags/example_sensors.py
[2024-04-06T23:11:50.654+0000] {logging_mixin.py:188} INFO - [2024-04-06T23:11:50.654+0000] {dag.py:3047} INFO - Sync 1 DAGs
[2024-04-06T23:11:50.670+0000] {logging_mixin.py:188} INFO - [2024-04-06T23:11:50.670+0000] {dag.py:3834} INFO - Setting next_dagrun for example_sensors to None, run_after=None
[2024-04-06T23:11:50.699+0000] {processor.py:183} INFO - Processing /home/malangdataguy/miniconda3/envs/airflow_mdg/lib/python3.8/site-packages/airflow/example_dags/example_sensors.py took 0.096 seconds
[2024-04-06T23:12:34.730+0000] {processor.py:161} INFO - Started process (PID=68572) to work on /home/malangdataguy/miniconda3/envs/airflow_mdg/lib/python3.8/site-packages/airflow/example_dags/example_sensors.py
[2024-04-06T23:12:34.733+0000] {processor.py:830} INFO - Processing file /home/malangdataguy/miniconda3/envs/airflow_mdg/lib/python3.8/site-packages/airflow/example_dags/example_sensors.py for tasks to queue
[2024-04-06T23:12:34.734+0000] {logging_mixin.py:188} INFO - [2024-04-06T23:12:34.734+0000] {dagbag.py:540} INFO - Filling up the DagBag from /home/malangdataguy/miniconda3/envs/airflow_mdg/lib/python3.8/site-packages/airflow/example_dags/example_sensors.py
[2024-04-06T23:12:34.748+0000] {processor.py:840} INFO - DAG(s) 'example_sensors' retrieved from /home/malangdataguy/miniconda3/envs/airflow_mdg/lib/python3.8/site-packages/airflow/example_dags/example_sensors.py
[2024-04-06T23:12:34.777+0000] {logging_mixin.py:188} INFO - [2024-04-06T23:12:34.776+0000] {dag.py:3047} INFO - Sync 1 DAGs
[2024-04-06T23:12:34.791+0000] {logging_mixin.py:188} INFO - [2024-04-06T23:12:34.791+0000] {dag.py:3834} INFO - Setting next_dagrun for example_sensors to None, run_after=None
[2024-04-06T23:12:34.819+0000] {processor.py:183} INFO - Processing /home/malangdataguy/miniconda3/envs/airflow_mdg/lib/python3.8/site-packages/airflow/example_dags/example_sensors.py took 0.094 seconds
[2024-04-06T23:13:15.239+0000] {processor.py:161} INFO - Started process (PID=68614) to work on /home/malangdataguy/miniconda3/envs/airflow_mdg/lib/python3.8/site-packages/airflow/example_dags/example_sensors.py
[2024-04-06T23:13:15.242+0000] {processor.py:830} INFO - Processing file /home/malangdataguy/miniconda3/envs/airflow_mdg/lib/python3.8/site-packages/airflow/example_dags/example_sensors.py for tasks to queue
[2024-04-06T23:13:15.243+0000] {logging_mixin.py:188} INFO - [2024-04-06T23:13:15.243+0000] {dagbag.py:540} INFO - Filling up the DagBag from /home/malangdataguy/miniconda3/envs/airflow_mdg/lib/python3.8/site-packages/airflow/example_dags/example_sensors.py
[2024-04-06T23:13:15.258+0000] {processor.py:840} INFO - DAG(s) 'example_sensors' retrieved from /home/malangdataguy/miniconda3/envs/airflow_mdg/lib/python3.8/site-packages/airflow/example_dags/example_sensors.py
[2024-04-06T23:13:15.290+0000] {logging_mixin.py:188} INFO - [2024-04-06T23:13:15.290+0000] {dag.py:3047} INFO - Sync 1 DAGs
[2024-04-06T23:13:15.309+0000] {logging_mixin.py:188} INFO - [2024-04-06T23:13:15.309+0000] {dag.py:3834} INFO - Setting next_dagrun for example_sensors to None, run_after=None
[2024-04-06T23:13:15.345+0000] {processor.py:183} INFO - Processing /home/malangdataguy/miniconda3/envs/airflow_mdg/lib/python3.8/site-packages/airflow/example_dags/example_sensors.py took 0.112 seconds
[2024-04-06T23:13:55.665+0000] {processor.py:161} INFO - Started process (PID=68657) to work on /home/malangdataguy/miniconda3/envs/airflow_mdg/lib/python3.8/site-packages/airflow/example_dags/example_sensors.py
[2024-04-06T23:13:55.668+0000] {processor.py:830} INFO - Processing file /home/malangdataguy/miniconda3/envs/airflow_mdg/lib/python3.8/site-packages/airflow/example_dags/example_sensors.py for tasks to queue
[2024-04-06T23:13:55.670+0000] {logging_mixin.py:188} INFO - [2024-04-06T23:13:55.669+0000] {dagbag.py:540} INFO - Filling up the DagBag from /home/malangdataguy/miniconda3/envs/airflow_mdg/lib/python3.8/site-packages/airflow/example_dags/example_sensors.py
[2024-04-06T23:13:55.686+0000] {processor.py:840} INFO - DAG(s) 'example_sensors' retrieved from /home/malangdataguy/miniconda3/envs/airflow_mdg/lib/python3.8/site-packages/airflow/example_dags/example_sensors.py
[2024-04-06T23:13:55.718+0000] {logging_mixin.py:188} INFO - [2024-04-06T23:13:55.718+0000] {dag.py:3047} INFO - Sync 1 DAGs
[2024-04-06T23:13:55.735+0000] {logging_mixin.py:188} INFO - [2024-04-06T23:13:55.734+0000] {dag.py:3834} INFO - Setting next_dagrun for example_sensors to None, run_after=None
[2024-04-06T23:13:55.764+0000] {processor.py:183} INFO - Processing /home/malangdataguy/miniconda3/envs/airflow_mdg/lib/python3.8/site-packages/airflow/example_dags/example_sensors.py took 0.104 seconds
[2024-04-06T23:14:38.580+0000] {processor.py:161} INFO - Started process (PID=68698) to work on /home/malangdataguy/miniconda3/envs/airflow_mdg/lib/python3.8/site-packages/airflow/example_dags/example_sensors.py
[2024-04-06T23:14:38.583+0000] {processor.py:830} INFO - Processing file /home/malangdataguy/miniconda3/envs/airflow_mdg/lib/python3.8/site-packages/airflow/example_dags/example_sensors.py for tasks to queue
[2024-04-06T23:14:38.585+0000] {logging_mixin.py:188} INFO - [2024-04-06T23:14:38.584+0000] {dagbag.py:540} INFO - Filling up the DagBag from /home/malangdataguy/miniconda3/envs/airflow_mdg/lib/python3.8/site-packages/airflow/example_dags/example_sensors.py
[2024-04-06T23:14:38.600+0000] {processor.py:840} INFO - DAG(s) 'example_sensors' retrieved from /home/malangdataguy/miniconda3/envs/airflow_mdg/lib/python3.8/site-packages/airflow/example_dags/example_sensors.py
[2024-04-06T23:14:38.634+0000] {logging_mixin.py:188} INFO - [2024-04-06T23:14:38.634+0000] {dag.py:3047} INFO - Sync 1 DAGs
[2024-04-06T23:14:38.650+0000] {logging_mixin.py:188} INFO - [2024-04-06T23:14:38.650+0000] {dag.py:3834} INFO - Setting next_dagrun for example_sensors to None, run_after=None
[2024-04-06T23:14:38.684+0000] {processor.py:183} INFO - Processing /home/malangdataguy/miniconda3/envs/airflow_mdg/lib/python3.8/site-packages/airflow/example_dags/example_sensors.py took 0.110 seconds
[2024-04-06T23:15:19.457+0000] {processor.py:161} INFO - Started process (PID=68741) to work on /home/malangdataguy/miniconda3/envs/airflow_mdg/lib/python3.8/site-packages/airflow/example_dags/example_sensors.py
[2024-04-06T23:15:19.460+0000] {processor.py:830} INFO - Processing file /home/malangdataguy/miniconda3/envs/airflow_mdg/lib/python3.8/site-packages/airflow/example_dags/example_sensors.py for tasks to queue
[2024-04-06T23:15:19.462+0000] {logging_mixin.py:188} INFO - [2024-04-06T23:15:19.461+0000] {dagbag.py:540} INFO - Filling up the DagBag from /home/malangdataguy/miniconda3/envs/airflow_mdg/lib/python3.8/site-packages/airflow/example_dags/example_sensors.py
[2024-04-06T23:15:19.477+0000] {processor.py:840} INFO - DAG(s) 'example_sensors' retrieved from /home/malangdataguy/miniconda3/envs/airflow_mdg/lib/python3.8/site-packages/airflow/example_dags/example_sensors.py
[2024-04-06T23:15:19.509+0000] {logging_mixin.py:188} INFO - [2024-04-06T23:15:19.509+0000] {dag.py:3047} INFO - Sync 1 DAGs
[2024-04-06T23:15:19.526+0000] {logging_mixin.py:188} INFO - [2024-04-06T23:15:19.525+0000] {dag.py:3834} INFO - Setting next_dagrun for example_sensors to None, run_after=None
[2024-04-06T23:15:19.562+0000] {processor.py:183} INFO - Processing /home/malangdataguy/miniconda3/envs/airflow_mdg/lib/python3.8/site-packages/airflow/example_dags/example_sensors.py took 0.111 seconds
[2024-04-06T23:15:59.966+0000] {processor.py:161} INFO - Started process (PID=68783) to work on /home/malangdataguy/miniconda3/envs/airflow_mdg/lib/python3.8/site-packages/airflow/example_dags/example_sensors.py
[2024-04-06T23:15:59.968+0000] {processor.py:830} INFO - Processing file /home/malangdataguy/miniconda3/envs/airflow_mdg/lib/python3.8/site-packages/airflow/example_dags/example_sensors.py for tasks to queue
[2024-04-06T23:15:59.970+0000] {logging_mixin.py:188} INFO - [2024-04-06T23:15:59.969+0000] {dagbag.py:540} INFO - Filling up the DagBag from /home/malangdataguy/miniconda3/envs/airflow_mdg/lib/python3.8/site-packages/airflow/example_dags/example_sensors.py
[2024-04-06T23:15:59.986+0000] {processor.py:840} INFO - DAG(s) 'example_sensors' retrieved from /home/malangdataguy/miniconda3/envs/airflow_mdg/lib/python3.8/site-packages/airflow/example_dags/example_sensors.py
[2024-04-06T23:16:00.017+0000] {logging_mixin.py:188} INFO - [2024-04-06T23:16:00.017+0000] {dag.py:3047} INFO - Sync 1 DAGs
[2024-04-06T23:16:00.033+0000] {logging_mixin.py:188} INFO - [2024-04-06T23:16:00.032+0000] {dag.py:3834} INFO - Setting next_dagrun for example_sensors to None, run_after=None
[2024-04-06T23:16:00.066+0000] {processor.py:183} INFO - Processing /home/malangdataguy/miniconda3/envs/airflow_mdg/lib/python3.8/site-packages/airflow/example_dags/example_sensors.py took 0.106 seconds
[2024-04-06T23:16:54.948+0000] {processor.py:161} INFO - Started process (PID=68842) to work on /home/malangdataguy/miniconda3/envs/airflow_mdg/lib/python3.8/site-packages/airflow/example_dags/example_sensors.py
[2024-04-06T23:16:54.951+0000] {processor.py:830} INFO - Processing file /home/malangdataguy/miniconda3/envs/airflow_mdg/lib/python3.8/site-packages/airflow/example_dags/example_sensors.py for tasks to queue
[2024-04-06T23:16:54.952+0000] {logging_mixin.py:188} INFO - [2024-04-06T23:16:54.951+0000] {dagbag.py:540} INFO - Filling up the DagBag from /home/malangdataguy/miniconda3/envs/airflow_mdg/lib/python3.8/site-packages/airflow/example_dags/example_sensors.py
[2024-04-06T23:16:54.967+0000] {processor.py:840} INFO - DAG(s) 'example_sensors' retrieved from /home/malangdataguy/miniconda3/envs/airflow_mdg/lib/python3.8/site-packages/airflow/example_dags/example_sensors.py
[2024-04-06T23:16:54.998+0000] {logging_mixin.py:188} INFO - [2024-04-06T23:16:54.997+0000] {dag.py:3047} INFO - Sync 1 DAGs
[2024-04-06T23:16:55.014+0000] {logging_mixin.py:188} INFO - [2024-04-06T23:16:55.013+0000] {dag.py:3834} INFO - Setting next_dagrun for example_sensors to None, run_after=None
[2024-04-06T23:16:55.044+0000] {processor.py:183} INFO - Processing /home/malangdataguy/miniconda3/envs/airflow_mdg/lib/python3.8/site-packages/airflow/example_dags/example_sensors.py took 0.102 seconds
[2024-04-06T23:17:35.857+0000] {processor.py:161} INFO - Started process (PID=68891) to work on /home/malangdataguy/miniconda3/envs/airflow_mdg/lib/python3.8/site-packages/airflow/example_dags/example_sensors.py
[2024-04-06T23:17:35.860+0000] {processor.py:830} INFO - Processing file /home/malangdataguy/miniconda3/envs/airflow_mdg/lib/python3.8/site-packages/airflow/example_dags/example_sensors.py for tasks to queue
[2024-04-06T23:17:35.861+0000] {logging_mixin.py:188} INFO - [2024-04-06T23:17:35.861+0000] {dagbag.py:540} INFO - Filling up the DagBag from /home/malangdataguy/miniconda3/envs/airflow_mdg/lib/python3.8/site-packages/airflow/example_dags/example_sensors.py
[2024-04-06T23:17:35.875+0000] {processor.py:840} INFO - DAG(s) 'example_sensors' retrieved from /home/malangdataguy/miniconda3/envs/airflow_mdg/lib/python3.8/site-packages/airflow/example_dags/example_sensors.py
[2024-04-06T23:17:35.902+0000] {logging_mixin.py:188} INFO - [2024-04-06T23:17:35.901+0000] {dag.py:3047} INFO - Sync 1 DAGs
[2024-04-06T23:17:35.917+0000] {logging_mixin.py:188} INFO - [2024-04-06T23:17:35.917+0000] {dag.py:3834} INFO - Setting next_dagrun for example_sensors to None, run_after=None
[2024-04-06T23:17:35.945+0000] {processor.py:183} INFO - Processing /home/malangdataguy/miniconda3/envs/airflow_mdg/lib/python3.8/site-packages/airflow/example_dags/example_sensors.py took 0.093 seconds
[2024-04-06T23:18:19.241+0000] {processor.py:161} INFO - Started process (PID=68934) to work on /home/malangdataguy/miniconda3/envs/airflow_mdg/lib/python3.8/site-packages/airflow/example_dags/example_sensors.py
[2024-04-06T23:18:19.243+0000] {processor.py:830} INFO - Processing file /home/malangdataguy/miniconda3/envs/airflow_mdg/lib/python3.8/site-packages/airflow/example_dags/example_sensors.py for tasks to queue
[2024-04-06T23:18:19.245+0000] {logging_mixin.py:188} INFO - [2024-04-06T23:18:19.244+0000] {dagbag.py:540} INFO - Filling up the DagBag from /home/malangdataguy/miniconda3/envs/airflow_mdg/lib/python3.8/site-packages/airflow/example_dags/example_sensors.py
[2024-04-06T23:18:19.260+0000] {processor.py:840} INFO - DAG(s) 'example_sensors' retrieved from /home/malangdataguy/miniconda3/envs/airflow_mdg/lib/python3.8/site-packages/airflow/example_dags/example_sensors.py
[2024-04-06T23:18:19.290+0000] {logging_mixin.py:188} INFO - [2024-04-06T23:18:19.290+0000] {dag.py:3047} INFO - Sync 1 DAGs
[2024-04-06T23:18:19.305+0000] {logging_mixin.py:188} INFO - [2024-04-06T23:18:19.305+0000] {dag.py:3834} INFO - Setting next_dagrun for example_sensors to None, run_after=None
[2024-04-06T23:18:19.337+0000] {processor.py:183} INFO - Processing /home/malangdataguy/miniconda3/envs/airflow_mdg/lib/python3.8/site-packages/airflow/example_dags/example_sensors.py took 0.102 seconds
[2024-04-06T23:18:59.951+0000] {processor.py:161} INFO - Started process (PID=68976) to work on /home/malangdataguy/miniconda3/envs/airflow_mdg/lib/python3.8/site-packages/airflow/example_dags/example_sensors.py
[2024-04-06T23:18:59.955+0000] {processor.py:830} INFO - Processing file /home/malangdataguy/miniconda3/envs/airflow_mdg/lib/python3.8/site-packages/airflow/example_dags/example_sensors.py for tasks to queue
[2024-04-06T23:18:59.956+0000] {logging_mixin.py:188} INFO - [2024-04-06T23:18:59.956+0000] {dagbag.py:540} INFO - Filling up the DagBag from /home/malangdataguy/miniconda3/envs/airflow_mdg/lib/python3.8/site-packages/airflow/example_dags/example_sensors.py
[2024-04-06T23:18:59.972+0000] {processor.py:840} INFO - DAG(s) 'example_sensors' retrieved from /home/malangdataguy/miniconda3/envs/airflow_mdg/lib/python3.8/site-packages/airflow/example_dags/example_sensors.py
[2024-04-06T23:19:00.006+0000] {logging_mixin.py:188} INFO - [2024-04-06T23:19:00.005+0000] {dag.py:3047} INFO - Sync 1 DAGs
[2024-04-06T23:19:00.023+0000] {logging_mixin.py:188} INFO - [2024-04-06T23:19:00.022+0000] {dag.py:3834} INFO - Setting next_dagrun for example_sensors to None, run_after=None
[2024-04-06T23:19:00.061+0000] {processor.py:183} INFO - Processing /home/malangdataguy/miniconda3/envs/airflow_mdg/lib/python3.8/site-packages/airflow/example_dags/example_sensors.py took 0.115 seconds
[2024-04-06T23:19:43.009+0000] {processor.py:161} INFO - Started process (PID=69017) to work on /home/malangdataguy/miniconda3/envs/airflow_mdg/lib/python3.8/site-packages/airflow/example_dags/example_sensors.py
[2024-04-06T23:19:43.013+0000] {processor.py:830} INFO - Processing file /home/malangdataguy/miniconda3/envs/airflow_mdg/lib/python3.8/site-packages/airflow/example_dags/example_sensors.py for tasks to queue
[2024-04-06T23:19:43.016+0000] {logging_mixin.py:188} INFO - [2024-04-06T23:19:43.015+0000] {dagbag.py:540} INFO - Filling up the DagBag from /home/malangdataguy/miniconda3/envs/airflow_mdg/lib/python3.8/site-packages/airflow/example_dags/example_sensors.py
[2024-04-06T23:19:43.043+0000] {processor.py:840} INFO - DAG(s) 'example_sensors' retrieved from /home/malangdataguy/miniconda3/envs/airflow_mdg/lib/python3.8/site-packages/airflow/example_dags/example_sensors.py
[2024-04-06T23:19:43.095+0000] {logging_mixin.py:188} INFO - [2024-04-06T23:19:43.094+0000] {dag.py:3047} INFO - Sync 1 DAGs
[2024-04-06T23:19:43.121+0000] {logging_mixin.py:188} INFO - [2024-04-06T23:19:43.121+0000] {dag.py:3834} INFO - Setting next_dagrun for example_sensors to None, run_after=None
[2024-04-06T23:19:43.170+0000] {processor.py:183} INFO - Processing /home/malangdataguy/miniconda3/envs/airflow_mdg/lib/python3.8/site-packages/airflow/example_dags/example_sensors.py took 0.172 seconds
[2024-04-06T23:20:30.006+0000] {processor.py:161} INFO - Started process (PID=69063) to work on /home/malangdataguy/miniconda3/envs/airflow_mdg/lib/python3.8/site-packages/airflow/example_dags/example_sensors.py
[2024-04-06T23:20:30.009+0000] {processor.py:830} INFO - Processing file /home/malangdataguy/miniconda3/envs/airflow_mdg/lib/python3.8/site-packages/airflow/example_dags/example_sensors.py for tasks to queue
[2024-04-06T23:20:30.010+0000] {logging_mixin.py:188} INFO - [2024-04-06T23:20:30.010+0000] {dagbag.py:540} INFO - Filling up the DagBag from /home/malangdataguy/miniconda3/envs/airflow_mdg/lib/python3.8/site-packages/airflow/example_dags/example_sensors.py
[2024-04-06T23:20:30.024+0000] {processor.py:840} INFO - DAG(s) 'example_sensors' retrieved from /home/malangdataguy/miniconda3/envs/airflow_mdg/lib/python3.8/site-packages/airflow/example_dags/example_sensors.py
[2024-04-06T23:20:30.051+0000] {logging_mixin.py:188} INFO - [2024-04-06T23:20:30.051+0000] {dag.py:3047} INFO - Sync 1 DAGs
[2024-04-06T23:20:30.066+0000] {logging_mixin.py:188} INFO - [2024-04-06T23:20:30.066+0000] {dag.py:3834} INFO - Setting next_dagrun for example_sensors to None, run_after=None
[2024-04-06T23:20:30.096+0000] {processor.py:183} INFO - Processing /home/malangdataguy/miniconda3/envs/airflow_mdg/lib/python3.8/site-packages/airflow/example_dags/example_sensors.py took 0.094 seconds
[2024-04-06T23:21:12.230+0000] {processor.py:161} INFO - Started process (PID=69109) to work on /home/malangdataguy/miniconda3/envs/airflow_mdg/lib/python3.8/site-packages/airflow/example_dags/example_sensors.py
[2024-04-06T23:21:12.233+0000] {processor.py:830} INFO - Processing file /home/malangdataguy/miniconda3/envs/airflow_mdg/lib/python3.8/site-packages/airflow/example_dags/example_sensors.py for tasks to queue
[2024-04-06T23:21:12.234+0000] {logging_mixin.py:188} INFO - [2024-04-06T23:21:12.234+0000] {dagbag.py:540} INFO - Filling up the DagBag from /home/malangdataguy/miniconda3/envs/airflow_mdg/lib/python3.8/site-packages/airflow/example_dags/example_sensors.py
[2024-04-06T23:21:12.247+0000] {processor.py:840} INFO - DAG(s) 'example_sensors' retrieved from /home/malangdataguy/miniconda3/envs/airflow_mdg/lib/python3.8/site-packages/airflow/example_dags/example_sensors.py
[2024-04-06T23:21:12.278+0000] {logging_mixin.py:188} INFO - [2024-04-06T23:21:12.277+0000] {dag.py:3047} INFO - Sync 1 DAGs
[2024-04-06T23:21:12.295+0000] {logging_mixin.py:188} INFO - [2024-04-06T23:21:12.294+0000] {dag.py:3834} INFO - Setting next_dagrun for example_sensors to None, run_after=None
[2024-04-06T23:21:12.328+0000] {processor.py:183} INFO - Processing /home/malangdataguy/miniconda3/envs/airflow_mdg/lib/python3.8/site-packages/airflow/example_dags/example_sensors.py took 0.103 seconds
[2024-04-06T23:21:51.752+0000] {processor.py:161} INFO - Started process (PID=69147) to work on /home/malangdataguy/miniconda3/envs/airflow_mdg/lib/python3.8/site-packages/airflow/example_dags/example_sensors.py
[2024-04-06T23:21:51.755+0000] {processor.py:830} INFO - Processing file /home/malangdataguy/miniconda3/envs/airflow_mdg/lib/python3.8/site-packages/airflow/example_dags/example_sensors.py for tasks to queue
[2024-04-06T23:21:51.757+0000] {logging_mixin.py:188} INFO - [2024-04-06T23:21:51.756+0000] {dagbag.py:540} INFO - Filling up the DagBag from /home/malangdataguy/miniconda3/envs/airflow_mdg/lib/python3.8/site-packages/airflow/example_dags/example_sensors.py
[2024-04-06T23:21:51.772+0000] {processor.py:840} INFO - DAG(s) 'example_sensors' retrieved from /home/malangdataguy/miniconda3/envs/airflow_mdg/lib/python3.8/site-packages/airflow/example_dags/example_sensors.py
[2024-04-06T23:21:51.803+0000] {logging_mixin.py:188} INFO - [2024-04-06T23:21:51.802+0000] {dag.py:3047} INFO - Sync 1 DAGs
[2024-04-06T23:21:51.820+0000] {logging_mixin.py:188} INFO - [2024-04-06T23:21:51.819+0000] {dag.py:3834} INFO - Setting next_dagrun for example_sensors to None, run_after=None
[2024-04-06T23:21:51.853+0000] {processor.py:183} INFO - Processing /home/malangdataguy/miniconda3/envs/airflow_mdg/lib/python3.8/site-packages/airflow/example_dags/example_sensors.py took 0.106 seconds
[2024-04-06T23:40:26.218+0000] {processor.py:161} INFO - Started process (PID=69285) to work on /home/malangdataguy/miniconda3/envs/airflow_mdg/lib/python3.8/site-packages/airflow/example_dags/example_sensors.py
[2024-04-06T23:40:26.220+0000] {processor.py:830} INFO - Processing file /home/malangdataguy/miniconda3/envs/airflow_mdg/lib/python3.8/site-packages/airflow/example_dags/example_sensors.py for tasks to queue
[2024-04-06T23:40:26.222+0000] {logging_mixin.py:188} INFO - [2024-04-06T23:40:26.221+0000] {dagbag.py:540} INFO - Filling up the DagBag from /home/malangdataguy/miniconda3/envs/airflow_mdg/lib/python3.8/site-packages/airflow/example_dags/example_sensors.py
[2024-04-06T23:40:26.240+0000] {processor.py:840} INFO - DAG(s) 'example_sensors' retrieved from /home/malangdataguy/miniconda3/envs/airflow_mdg/lib/python3.8/site-packages/airflow/example_dags/example_sensors.py
[2024-04-06T23:40:26.273+0000] {logging_mixin.py:188} INFO - [2024-04-06T23:40:26.273+0000] {dag.py:3047} INFO - Sync 1 DAGs
[2024-04-06T23:40:26.291+0000] {logging_mixin.py:188} INFO - [2024-04-06T23:40:26.291+0000] {dag.py:3834} INFO - Setting next_dagrun for example_sensors to None, run_after=None
[2024-04-06T23:40:26.326+0000] {processor.py:183} INFO - Processing /home/malangdataguy/miniconda3/envs/airflow_mdg/lib/python3.8/site-packages/airflow/example_dags/example_sensors.py took 0.114 seconds
[2024-04-06T23:41:18.407+0000] {processor.py:161} INFO - Started process (PID=69335) to work on /home/malangdataguy/miniconda3/envs/airflow_mdg/lib/python3.8/site-packages/airflow/example_dags/example_sensors.py
[2024-04-06T23:41:18.410+0000] {processor.py:830} INFO - Processing file /home/malangdataguy/miniconda3/envs/airflow_mdg/lib/python3.8/site-packages/airflow/example_dags/example_sensors.py for tasks to queue
[2024-04-06T23:41:18.411+0000] {logging_mixin.py:188} INFO - [2024-04-06T23:41:18.410+0000] {dagbag.py:540} INFO - Filling up the DagBag from /home/malangdataguy/miniconda3/envs/airflow_mdg/lib/python3.8/site-packages/airflow/example_dags/example_sensors.py
[2024-04-06T23:41:18.425+0000] {processor.py:840} INFO - DAG(s) 'example_sensors' retrieved from /home/malangdataguy/miniconda3/envs/airflow_mdg/lib/python3.8/site-packages/airflow/example_dags/example_sensors.py
[2024-04-06T23:41:18.452+0000] {logging_mixin.py:188} INFO - [2024-04-06T23:41:18.452+0000] {dag.py:3047} INFO - Sync 1 DAGs
[2024-04-06T23:41:18.466+0000] {logging_mixin.py:188} INFO - [2024-04-06T23:41:18.465+0000] {dag.py:3834} INFO - Setting next_dagrun for example_sensors to None, run_after=None
[2024-04-06T23:41:18.493+0000] {processor.py:183} INFO - Processing /home/malangdataguy/miniconda3/envs/airflow_mdg/lib/python3.8/site-packages/airflow/example_dags/example_sensors.py took 0.091 seconds
[2024-04-06T23:42:10.232+0000] {processor.py:161} INFO - Started process (PID=69385) to work on /home/malangdataguy/miniconda3/envs/airflow_mdg/lib/python3.8/site-packages/airflow/example_dags/example_sensors.py
[2024-04-06T23:42:10.235+0000] {processor.py:830} INFO - Processing file /home/malangdataguy/miniconda3/envs/airflow_mdg/lib/python3.8/site-packages/airflow/example_dags/example_sensors.py for tasks to queue
[2024-04-06T23:42:10.237+0000] {logging_mixin.py:188} INFO - [2024-04-06T23:42:10.236+0000] {dagbag.py:540} INFO - Filling up the DagBag from /home/malangdataguy/miniconda3/envs/airflow_mdg/lib/python3.8/site-packages/airflow/example_dags/example_sensors.py
[2024-04-06T23:42:10.252+0000] {processor.py:840} INFO - DAG(s) 'example_sensors' retrieved from /home/malangdataguy/miniconda3/envs/airflow_mdg/lib/python3.8/site-packages/airflow/example_dags/example_sensors.py
[2024-04-06T23:42:10.285+0000] {logging_mixin.py:188} INFO - [2024-04-06T23:42:10.284+0000] {dag.py:3047} INFO - Sync 1 DAGs
[2024-04-06T23:42:10.302+0000] {logging_mixin.py:188} INFO - [2024-04-06T23:42:10.301+0000] {dag.py:3834} INFO - Setting next_dagrun for example_sensors to None, run_after=None
[2024-04-06T23:42:10.337+0000] {processor.py:183} INFO - Processing /home/malangdataguy/miniconda3/envs/airflow_mdg/lib/python3.8/site-packages/airflow/example_dags/example_sensors.py took 0.110 seconds
[2024-04-06T23:42:53.799+0000] {processor.py:161} INFO - Started process (PID=69429) to work on /home/malangdataguy/miniconda3/envs/airflow_mdg/lib/python3.8/site-packages/airflow/example_dags/example_sensors.py
[2024-04-06T23:42:53.801+0000] {processor.py:830} INFO - Processing file /home/malangdataguy/miniconda3/envs/airflow_mdg/lib/python3.8/site-packages/airflow/example_dags/example_sensors.py for tasks to queue
[2024-04-06T23:42:53.803+0000] {logging_mixin.py:188} INFO - [2024-04-06T23:42:53.802+0000] {dagbag.py:540} INFO - Filling up the DagBag from /home/malangdataguy/miniconda3/envs/airflow_mdg/lib/python3.8/site-packages/airflow/example_dags/example_sensors.py
[2024-04-06T23:42:53.815+0000] {processor.py:840} INFO - DAG(s) 'example_sensors' retrieved from /home/malangdataguy/miniconda3/envs/airflow_mdg/lib/python3.8/site-packages/airflow/example_dags/example_sensors.py
[2024-04-06T23:42:53.841+0000] {logging_mixin.py:188} INFO - [2024-04-06T23:42:53.841+0000] {dag.py:3047} INFO - Sync 1 DAGs
[2024-04-06T23:42:53.855+0000] {logging_mixin.py:188} INFO - [2024-04-06T23:42:53.855+0000] {dag.py:3834} INFO - Setting next_dagrun for example_sensors to None, run_after=None
[2024-04-06T23:42:53.887+0000] {processor.py:183} INFO - Processing /home/malangdataguy/miniconda3/envs/airflow_mdg/lib/python3.8/site-packages/airflow/example_dags/example_sensors.py took 0.092 seconds
[2024-04-06T23:43:39.088+0000] {processor.py:161} INFO - Started process (PID=69483) to work on /home/malangdataguy/miniconda3/envs/airflow_mdg/lib/python3.8/site-packages/airflow/example_dags/example_sensors.py
[2024-04-06T23:43:39.090+0000] {processor.py:830} INFO - Processing file /home/malangdataguy/miniconda3/envs/airflow_mdg/lib/python3.8/site-packages/airflow/example_dags/example_sensors.py for tasks to queue
[2024-04-06T23:43:39.091+0000] {logging_mixin.py:188} INFO - [2024-04-06T23:43:39.091+0000] {dagbag.py:540} INFO - Filling up the DagBag from /home/malangdataguy/miniconda3/envs/airflow_mdg/lib/python3.8/site-packages/airflow/example_dags/example_sensors.py
[2024-04-06T23:43:39.105+0000] {processor.py:840} INFO - DAG(s) 'example_sensors' retrieved from /home/malangdataguy/miniconda3/envs/airflow_mdg/lib/python3.8/site-packages/airflow/example_dags/example_sensors.py
[2024-04-06T23:43:39.133+0000] {logging_mixin.py:188} INFO - [2024-04-06T23:43:39.132+0000] {dag.py:3047} INFO - Sync 1 DAGs
[2024-04-06T23:43:39.147+0000] {logging_mixin.py:188} INFO - [2024-04-06T23:43:39.147+0000] {dag.py:3834} INFO - Setting next_dagrun for example_sensors to None, run_after=None
[2024-04-06T23:43:39.179+0000] {processor.py:183} INFO - Processing /home/malangdataguy/miniconda3/envs/airflow_mdg/lib/python3.8/site-packages/airflow/example_dags/example_sensors.py took 0.096 seconds
[2024-04-06T23:44:23.453+0000] {processor.py:161} INFO - Started process (PID=69534) to work on /home/malangdataguy/miniconda3/envs/airflow_mdg/lib/python3.8/site-packages/airflow/example_dags/example_sensors.py
[2024-04-06T23:44:23.456+0000] {processor.py:830} INFO - Processing file /home/malangdataguy/miniconda3/envs/airflow_mdg/lib/python3.8/site-packages/airflow/example_dags/example_sensors.py for tasks to queue
[2024-04-06T23:44:23.458+0000] {logging_mixin.py:188} INFO - [2024-04-06T23:44:23.457+0000] {dagbag.py:540} INFO - Filling up the DagBag from /home/malangdataguy/miniconda3/envs/airflow_mdg/lib/python3.8/site-packages/airflow/example_dags/example_sensors.py
[2024-04-06T23:44:23.472+0000] {processor.py:840} INFO - DAG(s) 'example_sensors' retrieved from /home/malangdataguy/miniconda3/envs/airflow_mdg/lib/python3.8/site-packages/airflow/example_dags/example_sensors.py
[2024-04-06T23:44:23.503+0000] {logging_mixin.py:188} INFO - [2024-04-06T23:44:23.502+0000] {dag.py:3047} INFO - Sync 1 DAGs
[2024-04-06T23:44:23.521+0000] {logging_mixin.py:188} INFO - [2024-04-06T23:44:23.521+0000] {dag.py:3834} INFO - Setting next_dagrun for example_sensors to None, run_after=None
[2024-04-06T23:44:23.555+0000] {processor.py:183} INFO - Processing /home/malangdataguy/miniconda3/envs/airflow_mdg/lib/python3.8/site-packages/airflow/example_dags/example_sensors.py took 0.107 seconds
[2024-04-06T23:45:06.285+0000] {processor.py:161} INFO - Started process (PID=69580) to work on /home/malangdataguy/miniconda3/envs/airflow_mdg/lib/python3.8/site-packages/airflow/example_dags/example_sensors.py
[2024-04-06T23:45:06.288+0000] {processor.py:830} INFO - Processing file /home/malangdataguy/miniconda3/envs/airflow_mdg/lib/python3.8/site-packages/airflow/example_dags/example_sensors.py for tasks to queue
[2024-04-06T23:45:06.289+0000] {logging_mixin.py:188} INFO - [2024-04-06T23:45:06.289+0000] {dagbag.py:540} INFO - Filling up the DagBag from /home/malangdataguy/miniconda3/envs/airflow_mdg/lib/python3.8/site-packages/airflow/example_dags/example_sensors.py
[2024-04-06T23:45:06.305+0000] {processor.py:840} INFO - DAG(s) 'example_sensors' retrieved from /home/malangdataguy/miniconda3/envs/airflow_mdg/lib/python3.8/site-packages/airflow/example_dags/example_sensors.py
[2024-04-06T23:45:06.336+0000] {logging_mixin.py:188} INFO - [2024-04-06T23:45:06.336+0000] {dag.py:3047} INFO - Sync 1 DAGs
[2024-04-06T23:45:06.352+0000] {logging_mixin.py:188} INFO - [2024-04-06T23:45:06.352+0000] {dag.py:3834} INFO - Setting next_dagrun for example_sensors to None, run_after=None
[2024-04-06T23:45:06.386+0000] {processor.py:183} INFO - Processing /home/malangdataguy/miniconda3/envs/airflow_mdg/lib/python3.8/site-packages/airflow/example_dags/example_sensors.py took 0.107 seconds
[2024-04-06T23:45:49.508+0000] {processor.py:161} INFO - Started process (PID=69623) to work on /home/malangdataguy/miniconda3/envs/airflow_mdg/lib/python3.8/site-packages/airflow/example_dags/example_sensors.py
[2024-04-06T23:45:49.511+0000] {processor.py:830} INFO - Processing file /home/malangdataguy/miniconda3/envs/airflow_mdg/lib/python3.8/site-packages/airflow/example_dags/example_sensors.py for tasks to queue
[2024-04-06T23:45:49.513+0000] {logging_mixin.py:188} INFO - [2024-04-06T23:45:49.512+0000] {dagbag.py:540} INFO - Filling up the DagBag from /home/malangdataguy/miniconda3/envs/airflow_mdg/lib/python3.8/site-packages/airflow/example_dags/example_sensors.py
[2024-04-06T23:45:49.527+0000] {processor.py:840} INFO - DAG(s) 'example_sensors' retrieved from /home/malangdataguy/miniconda3/envs/airflow_mdg/lib/python3.8/site-packages/airflow/example_dags/example_sensors.py
[2024-04-06T23:45:49.555+0000] {logging_mixin.py:188} INFO - [2024-04-06T23:45:49.555+0000] {dag.py:3047} INFO - Sync 1 DAGs
[2024-04-06T23:45:49.571+0000] {logging_mixin.py:188} INFO - [2024-04-06T23:45:49.571+0000] {dag.py:3834} INFO - Setting next_dagrun for example_sensors to None, run_after=None
[2024-04-06T23:45:49.603+0000] {processor.py:183} INFO - Processing /home/malangdataguy/miniconda3/envs/airflow_mdg/lib/python3.8/site-packages/airflow/example_dags/example_sensors.py took 0.100 seconds
[2024-04-06T23:46:30.528+0000] {processor.py:161} INFO - Started process (PID=69667) to work on /home/malangdataguy/miniconda3/envs/airflow_mdg/lib/python3.8/site-packages/airflow/example_dags/example_sensors.py
[2024-04-06T23:46:30.530+0000] {processor.py:830} INFO - Processing file /home/malangdataguy/miniconda3/envs/airflow_mdg/lib/python3.8/site-packages/airflow/example_dags/example_sensors.py for tasks to queue
[2024-04-06T23:46:30.531+0000] {logging_mixin.py:188} INFO - [2024-04-06T23:46:30.531+0000] {dagbag.py:540} INFO - Filling up the DagBag from /home/malangdataguy/miniconda3/envs/airflow_mdg/lib/python3.8/site-packages/airflow/example_dags/example_sensors.py
[2024-04-06T23:46:30.545+0000] {processor.py:840} INFO - DAG(s) 'example_sensors' retrieved from /home/malangdataguy/miniconda3/envs/airflow_mdg/lib/python3.8/site-packages/airflow/example_dags/example_sensors.py
[2024-04-06T23:46:30.572+0000] {logging_mixin.py:188} INFO - [2024-04-06T23:46:30.571+0000] {dag.py:3047} INFO - Sync 1 DAGs
[2024-04-06T23:46:30.586+0000] {logging_mixin.py:188} INFO - [2024-04-06T23:46:30.586+0000] {dag.py:3834} INFO - Setting next_dagrun for example_sensors to None, run_after=None
[2024-04-06T23:46:30.617+0000] {processor.py:183} INFO - Processing /home/malangdataguy/miniconda3/envs/airflow_mdg/lib/python3.8/site-packages/airflow/example_dags/example_sensors.py took 0.094 seconds
[2024-04-06T23:47:11.223+0000] {processor.py:161} INFO - Started process (PID=69740) to work on /home/malangdataguy/miniconda3/envs/airflow_mdg/lib/python3.8/site-packages/airflow/example_dags/example_sensors.py
[2024-04-06T23:47:11.225+0000] {processor.py:830} INFO - Processing file /home/malangdataguy/miniconda3/envs/airflow_mdg/lib/python3.8/site-packages/airflow/example_dags/example_sensors.py for tasks to queue
[2024-04-06T23:47:11.226+0000] {logging_mixin.py:188} INFO - [2024-04-06T23:47:11.226+0000] {dagbag.py:540} INFO - Filling up the DagBag from /home/malangdataguy/miniconda3/envs/airflow_mdg/lib/python3.8/site-packages/airflow/example_dags/example_sensors.py
[2024-04-06T23:47:11.239+0000] {processor.py:840} INFO - DAG(s) 'example_sensors' retrieved from /home/malangdataguy/miniconda3/envs/airflow_mdg/lib/python3.8/site-packages/airflow/example_dags/example_sensors.py
[2024-04-06T23:47:11.266+0000] {logging_mixin.py:188} INFO - [2024-04-06T23:47:11.266+0000] {dag.py:3047} INFO - Sync 1 DAGs
[2024-04-06T23:47:11.280+0000] {logging_mixin.py:188} INFO - [2024-04-06T23:47:11.280+0000] {dag.py:3834} INFO - Setting next_dagrun for example_sensors to None, run_after=None
[2024-04-06T23:47:11.308+0000] {processor.py:183} INFO - Processing /home/malangdataguy/miniconda3/envs/airflow_mdg/lib/python3.8/site-packages/airflow/example_dags/example_sensors.py took 0.090 seconds
[2024-04-06T23:47:51.499+0000] {processor.py:161} INFO - Started process (PID=69781) to work on /home/malangdataguy/miniconda3/envs/airflow_mdg/lib/python3.8/site-packages/airflow/example_dags/example_sensors.py
[2024-04-06T23:47:51.502+0000] {processor.py:830} INFO - Processing file /home/malangdataguy/miniconda3/envs/airflow_mdg/lib/python3.8/site-packages/airflow/example_dags/example_sensors.py for tasks to queue
[2024-04-06T23:47:51.504+0000] {logging_mixin.py:188} INFO - [2024-04-06T23:47:51.503+0000] {dagbag.py:540} INFO - Filling up the DagBag from /home/malangdataguy/miniconda3/envs/airflow_mdg/lib/python3.8/site-packages/airflow/example_dags/example_sensors.py
[2024-04-06T23:47:51.519+0000] {processor.py:840} INFO - DAG(s) 'example_sensors' retrieved from /home/malangdataguy/miniconda3/envs/airflow_mdg/lib/python3.8/site-packages/airflow/example_dags/example_sensors.py
[2024-04-06T23:47:51.551+0000] {logging_mixin.py:188} INFO - [2024-04-06T23:47:51.550+0000] {dag.py:3047} INFO - Sync 1 DAGs
[2024-04-06T23:47:51.567+0000] {logging_mixin.py:188} INFO - [2024-04-06T23:47:51.567+0000] {dag.py:3834} INFO - Setting next_dagrun for example_sensors to None, run_after=None
[2024-04-06T23:47:51.601+0000] {processor.py:183} INFO - Processing /home/malangdataguy/miniconda3/envs/airflow_mdg/lib/python3.8/site-packages/airflow/example_dags/example_sensors.py took 0.108 seconds
[2024-04-06T23:48:34.534+0000] {processor.py:161} INFO - Started process (PID=69829) to work on /home/malangdataguy/miniconda3/envs/airflow_mdg/lib/python3.8/site-packages/airflow/example_dags/example_sensors.py
[2024-04-06T23:48:34.537+0000] {processor.py:830} INFO - Processing file /home/malangdataguy/miniconda3/envs/airflow_mdg/lib/python3.8/site-packages/airflow/example_dags/example_sensors.py for tasks to queue
[2024-04-06T23:48:34.539+0000] {logging_mixin.py:188} INFO - [2024-04-06T23:48:34.538+0000] {dagbag.py:540} INFO - Filling up the DagBag from /home/malangdataguy/miniconda3/envs/airflow_mdg/lib/python3.8/site-packages/airflow/example_dags/example_sensors.py
[2024-04-06T23:48:34.565+0000] {processor.py:840} INFO - DAG(s) 'example_sensors' retrieved from /home/malangdataguy/miniconda3/envs/airflow_mdg/lib/python3.8/site-packages/airflow/example_dags/example_sensors.py
[2024-04-06T23:48:34.615+0000] {logging_mixin.py:188} INFO - [2024-04-06T23:48:34.614+0000] {dag.py:3047} INFO - Sync 1 DAGs
[2024-04-06T23:48:34.635+0000] {logging_mixin.py:188} INFO - [2024-04-06T23:48:34.635+0000] {dag.py:3834} INFO - Setting next_dagrun for example_sensors to None, run_after=None
[2024-04-06T23:48:34.746+0000] {processor.py:183} INFO - Processing /home/malangdataguy/miniconda3/envs/airflow_mdg/lib/python3.8/site-packages/airflow/example_dags/example_sensors.py took 0.225 seconds
[2024-04-06T23:49:16.357+0000] {processor.py:161} INFO - Started process (PID=69870) to work on /home/malangdataguy/miniconda3/envs/airflow_mdg/lib/python3.8/site-packages/airflow/example_dags/example_sensors.py
[2024-04-06T23:49:16.360+0000] {processor.py:830} INFO - Processing file /home/malangdataguy/miniconda3/envs/airflow_mdg/lib/python3.8/site-packages/airflow/example_dags/example_sensors.py for tasks to queue
[2024-04-06T23:49:16.362+0000] {logging_mixin.py:188} INFO - [2024-04-06T23:49:16.361+0000] {dagbag.py:540} INFO - Filling up the DagBag from /home/malangdataguy/miniconda3/envs/airflow_mdg/lib/python3.8/site-packages/airflow/example_dags/example_sensors.py
[2024-04-06T23:49:16.379+0000] {processor.py:840} INFO - DAG(s) 'example_sensors' retrieved from /home/malangdataguy/miniconda3/envs/airflow_mdg/lib/python3.8/site-packages/airflow/example_dags/example_sensors.py
[2024-04-06T23:49:16.413+0000] {logging_mixin.py:188} INFO - [2024-04-06T23:49:16.413+0000] {dag.py:3047} INFO - Sync 1 DAGs
[2024-04-06T23:49:16.430+0000] {logging_mixin.py:188} INFO - [2024-04-06T23:49:16.430+0000] {dag.py:3834} INFO - Setting next_dagrun for example_sensors to None, run_after=None
[2024-04-06T23:49:16.461+0000] {processor.py:183} INFO - Processing /home/malangdataguy/miniconda3/envs/airflow_mdg/lib/python3.8/site-packages/airflow/example_dags/example_sensors.py took 0.109 seconds
[2024-04-06T23:49:58.848+0000] {processor.py:161} INFO - Started process (PID=69916) to work on /home/malangdataguy/miniconda3/envs/airflow_mdg/lib/python3.8/site-packages/airflow/example_dags/example_sensors.py
[2024-04-06T23:49:58.851+0000] {processor.py:830} INFO - Processing file /home/malangdataguy/miniconda3/envs/airflow_mdg/lib/python3.8/site-packages/airflow/example_dags/example_sensors.py for tasks to queue
[2024-04-06T23:49:58.853+0000] {logging_mixin.py:188} INFO - [2024-04-06T23:49:58.852+0000] {dagbag.py:540} INFO - Filling up the DagBag from /home/malangdataguy/miniconda3/envs/airflow_mdg/lib/python3.8/site-packages/airflow/example_dags/example_sensors.py
[2024-04-06T23:49:58.868+0000] {processor.py:840} INFO - DAG(s) 'example_sensors' retrieved from /home/malangdataguy/miniconda3/envs/airflow_mdg/lib/python3.8/site-packages/airflow/example_dags/example_sensors.py
[2024-04-06T23:49:58.900+0000] {logging_mixin.py:188} INFO - [2024-04-06T23:49:58.900+0000] {dag.py:3047} INFO - Sync 1 DAGs
[2024-04-06T23:49:58.916+0000] {logging_mixin.py:188} INFO - [2024-04-06T23:49:58.915+0000] {dag.py:3834} INFO - Setting next_dagrun for example_sensors to None, run_after=None
[2024-04-06T23:49:58.952+0000] {processor.py:183} INFO - Processing /home/malangdataguy/miniconda3/envs/airflow_mdg/lib/python3.8/site-packages/airflow/example_dags/example_sensors.py took 0.109 seconds
[2024-04-06T23:50:38.410+0000] {processor.py:161} INFO - Started process (PID=69955) to work on /home/malangdataguy/miniconda3/envs/airflow_mdg/lib/python3.8/site-packages/airflow/example_dags/example_sensors.py
[2024-04-06T23:50:38.413+0000] {processor.py:830} INFO - Processing file /home/malangdataguy/miniconda3/envs/airflow_mdg/lib/python3.8/site-packages/airflow/example_dags/example_sensors.py for tasks to queue
[2024-04-06T23:50:38.414+0000] {logging_mixin.py:188} INFO - [2024-04-06T23:50:38.414+0000] {dagbag.py:540} INFO - Filling up the DagBag from /home/malangdataguy/miniconda3/envs/airflow_mdg/lib/python3.8/site-packages/airflow/example_dags/example_sensors.py
[2024-04-06T23:50:38.428+0000] {processor.py:840} INFO - DAG(s) 'example_sensors' retrieved from /home/malangdataguy/miniconda3/envs/airflow_mdg/lib/python3.8/site-packages/airflow/example_dags/example_sensors.py
[2024-04-06T23:50:38.457+0000] {logging_mixin.py:188} INFO - [2024-04-06T23:50:38.456+0000] {dag.py:3047} INFO - Sync 1 DAGs
[2024-04-06T23:50:38.472+0000] {logging_mixin.py:188} INFO - [2024-04-06T23:50:38.472+0000] {dag.py:3834} INFO - Setting next_dagrun for example_sensors to None, run_after=None
[2024-04-06T23:50:38.504+0000] {processor.py:183} INFO - Processing /home/malangdataguy/miniconda3/envs/airflow_mdg/lib/python3.8/site-packages/airflow/example_dags/example_sensors.py took 0.099 seconds
[2024-04-06T23:51:20.680+0000] {processor.py:161} INFO - Started process (PID=70000) to work on /home/malangdataguy/miniconda3/envs/airflow_mdg/lib/python3.8/site-packages/airflow/example_dags/example_sensors.py
[2024-04-06T23:51:20.683+0000] {processor.py:830} INFO - Processing file /home/malangdataguy/miniconda3/envs/airflow_mdg/lib/python3.8/site-packages/airflow/example_dags/example_sensors.py for tasks to queue
[2024-04-06T23:51:20.684+0000] {logging_mixin.py:188} INFO - [2024-04-06T23:51:20.684+0000] {dagbag.py:540} INFO - Filling up the DagBag from /home/malangdataguy/miniconda3/envs/airflow_mdg/lib/python3.8/site-packages/airflow/example_dags/example_sensors.py
[2024-04-06T23:51:20.698+0000] {processor.py:840} INFO - DAG(s) 'example_sensors' retrieved from /home/malangdataguy/miniconda3/envs/airflow_mdg/lib/python3.8/site-packages/airflow/example_dags/example_sensors.py
[2024-04-06T23:51:20.730+0000] {logging_mixin.py:188} INFO - [2024-04-06T23:51:20.729+0000] {dag.py:3047} INFO - Sync 1 DAGs
[2024-04-06T23:51:20.745+0000] {logging_mixin.py:188} INFO - [2024-04-06T23:51:20.744+0000] {dag.py:3834} INFO - Setting next_dagrun for example_sensors to None, run_after=None
[2024-04-06T23:51:20.776+0000] {processor.py:183} INFO - Processing /home/malangdataguy/miniconda3/envs/airflow_mdg/lib/python3.8/site-packages/airflow/example_dags/example_sensors.py took 0.101 seconds
[2024-04-06T23:52:04.266+0000] {processor.py:161} INFO - Started process (PID=70043) to work on /home/malangdataguy/miniconda3/envs/airflow_mdg/lib/python3.8/site-packages/airflow/example_dags/example_sensors.py
[2024-04-06T23:52:04.269+0000] {processor.py:830} INFO - Processing file /home/malangdataguy/miniconda3/envs/airflow_mdg/lib/python3.8/site-packages/airflow/example_dags/example_sensors.py for tasks to queue
[2024-04-06T23:52:04.270+0000] {logging_mixin.py:188} INFO - [2024-04-06T23:52:04.270+0000] {dagbag.py:540} INFO - Filling up the DagBag from /home/malangdataguy/miniconda3/envs/airflow_mdg/lib/python3.8/site-packages/airflow/example_dags/example_sensors.py
[2024-04-06T23:52:04.285+0000] {processor.py:840} INFO - DAG(s) 'example_sensors' retrieved from /home/malangdataguy/miniconda3/envs/airflow_mdg/lib/python3.8/site-packages/airflow/example_dags/example_sensors.py
[2024-04-06T23:52:04.314+0000] {logging_mixin.py:188} INFO - [2024-04-06T23:52:04.314+0000] {dag.py:3047} INFO - Sync 1 DAGs
[2024-04-06T23:52:04.331+0000] {logging_mixin.py:188} INFO - [2024-04-06T23:52:04.330+0000] {dag.py:3834} INFO - Setting next_dagrun for example_sensors to None, run_after=None
[2024-04-06T23:52:04.363+0000] {processor.py:183} INFO - Processing /home/malangdataguy/miniconda3/envs/airflow_mdg/lib/python3.8/site-packages/airflow/example_dags/example_sensors.py took 0.102 seconds
[2024-04-06T23:52:47.934+0000] {processor.py:161} INFO - Started process (PID=70088) to work on /home/malangdataguy/miniconda3/envs/airflow_mdg/lib/python3.8/site-packages/airflow/example_dags/example_sensors.py
[2024-04-06T23:52:47.936+0000] {processor.py:830} INFO - Processing file /home/malangdataguy/miniconda3/envs/airflow_mdg/lib/python3.8/site-packages/airflow/example_dags/example_sensors.py for tasks to queue
[2024-04-06T23:52:47.938+0000] {logging_mixin.py:188} INFO - [2024-04-06T23:52:47.937+0000] {dagbag.py:540} INFO - Filling up the DagBag from /home/malangdataguy/miniconda3/envs/airflow_mdg/lib/python3.8/site-packages/airflow/example_dags/example_sensors.py
[2024-04-06T23:52:47.950+0000] {processor.py:840} INFO - DAG(s) 'example_sensors' retrieved from /home/malangdataguy/miniconda3/envs/airflow_mdg/lib/python3.8/site-packages/airflow/example_dags/example_sensors.py
[2024-04-06T23:52:47.982+0000] {logging_mixin.py:188} INFO - [2024-04-06T23:52:47.981+0000] {dag.py:3047} INFO - Sync 1 DAGs
[2024-04-06T23:52:47.997+0000] {logging_mixin.py:188} INFO - [2024-04-06T23:52:47.997+0000] {dag.py:3834} INFO - Setting next_dagrun for example_sensors to None, run_after=None
[2024-04-06T23:52:48.027+0000] {processor.py:183} INFO - Processing /home/malangdataguy/miniconda3/envs/airflow_mdg/lib/python3.8/site-packages/airflow/example_dags/example_sensors.py took 0.098 seconds
[2024-04-06T23:53:33.403+0000] {processor.py:161} INFO - Started process (PID=70136) to work on /home/malangdataguy/miniconda3/envs/airflow_mdg/lib/python3.8/site-packages/airflow/example_dags/example_sensors.py
[2024-04-06T23:53:33.405+0000] {processor.py:830} INFO - Processing file /home/malangdataguy/miniconda3/envs/airflow_mdg/lib/python3.8/site-packages/airflow/example_dags/example_sensors.py for tasks to queue
[2024-04-06T23:53:33.407+0000] {logging_mixin.py:188} INFO - [2024-04-06T23:53:33.406+0000] {dagbag.py:540} INFO - Filling up the DagBag from /home/malangdataguy/miniconda3/envs/airflow_mdg/lib/python3.8/site-packages/airflow/example_dags/example_sensors.py
[2024-04-06T23:53:33.419+0000] {processor.py:840} INFO - DAG(s) 'example_sensors' retrieved from /home/malangdataguy/miniconda3/envs/airflow_mdg/lib/python3.8/site-packages/airflow/example_dags/example_sensors.py
[2024-04-06T23:53:33.446+0000] {logging_mixin.py:188} INFO - [2024-04-06T23:53:33.446+0000] {dag.py:3047} INFO - Sync 1 DAGs
[2024-04-06T23:53:33.462+0000] {logging_mixin.py:188} INFO - [2024-04-06T23:53:33.462+0000] {dag.py:3834} INFO - Setting next_dagrun for example_sensors to None, run_after=None
[2024-04-06T23:53:33.491+0000] {processor.py:183} INFO - Processing /home/malangdataguy/miniconda3/envs/airflow_mdg/lib/python3.8/site-packages/airflow/example_dags/example_sensors.py took 0.092 seconds
[2024-04-06T23:54:16.548+0000] {processor.py:161} INFO - Started process (PID=70212) to work on /home/malangdataguy/miniconda3/envs/airflow_mdg/lib/python3.8/site-packages/airflow/example_dags/example_sensors.py
[2024-04-06T23:54:16.550+0000] {processor.py:830} INFO - Processing file /home/malangdataguy/miniconda3/envs/airflow_mdg/lib/python3.8/site-packages/airflow/example_dags/example_sensors.py for tasks to queue
[2024-04-06T23:54:16.552+0000] {logging_mixin.py:188} INFO - [2024-04-06T23:54:16.551+0000] {dagbag.py:540} INFO - Filling up the DagBag from /home/malangdataguy/miniconda3/envs/airflow_mdg/lib/python3.8/site-packages/airflow/example_dags/example_sensors.py
[2024-04-06T23:54:16.565+0000] {processor.py:840} INFO - DAG(s) 'example_sensors' retrieved from /home/malangdataguy/miniconda3/envs/airflow_mdg/lib/python3.8/site-packages/airflow/example_dags/example_sensors.py
[2024-04-06T23:54:16.593+0000] {logging_mixin.py:188} INFO - [2024-04-06T23:54:16.592+0000] {dag.py:3047} INFO - Sync 1 DAGs
[2024-04-06T23:54:16.607+0000] {logging_mixin.py:188} INFO - [2024-04-06T23:54:16.607+0000] {dag.py:3834} INFO - Setting next_dagrun for example_sensors to None, run_after=None
[2024-04-06T23:54:16.637+0000] {processor.py:183} INFO - Processing /home/malangdataguy/miniconda3/envs/airflow_mdg/lib/python3.8/site-packages/airflow/example_dags/example_sensors.py took 0.094 seconds
[2024-04-06T23:54:59.055+0000] {processor.py:161} INFO - Started process (PID=70256) to work on /home/malangdataguy/miniconda3/envs/airflow_mdg/lib/python3.8/site-packages/airflow/example_dags/example_sensors.py
[2024-04-06T23:54:59.058+0000] {processor.py:830} INFO - Processing file /home/malangdataguy/miniconda3/envs/airflow_mdg/lib/python3.8/site-packages/airflow/example_dags/example_sensors.py for tasks to queue
[2024-04-06T23:54:59.059+0000] {logging_mixin.py:188} INFO - [2024-04-06T23:54:59.059+0000] {dagbag.py:540} INFO - Filling up the DagBag from /home/malangdataguy/miniconda3/envs/airflow_mdg/lib/python3.8/site-packages/airflow/example_dags/example_sensors.py
[2024-04-06T23:54:59.074+0000] {processor.py:840} INFO - DAG(s) 'example_sensors' retrieved from /home/malangdataguy/miniconda3/envs/airflow_mdg/lib/python3.8/site-packages/airflow/example_dags/example_sensors.py
[2024-04-06T23:54:59.104+0000] {logging_mixin.py:188} INFO - [2024-04-06T23:54:59.104+0000] {dag.py:3047} INFO - Sync 1 DAGs
[2024-04-06T23:54:59.121+0000] {logging_mixin.py:188} INFO - [2024-04-06T23:54:59.121+0000] {dag.py:3834} INFO - Setting next_dagrun for example_sensors to None, run_after=None
[2024-04-06T23:54:59.155+0000] {processor.py:183} INFO - Processing /home/malangdataguy/miniconda3/envs/airflow_mdg/lib/python3.8/site-packages/airflow/example_dags/example_sensors.py took 0.106 seconds
[2024-04-06T23:55:40.805+0000] {processor.py:161} INFO - Started process (PID=70298) to work on /home/malangdataguy/miniconda3/envs/airflow_mdg/lib/python3.8/site-packages/airflow/example_dags/example_sensors.py
[2024-04-06T23:55:40.807+0000] {processor.py:830} INFO - Processing file /home/malangdataguy/miniconda3/envs/airflow_mdg/lib/python3.8/site-packages/airflow/example_dags/example_sensors.py for tasks to queue
[2024-04-06T23:55:40.809+0000] {logging_mixin.py:188} INFO - [2024-04-06T23:55:40.808+0000] {dagbag.py:540} INFO - Filling up the DagBag from /home/malangdataguy/miniconda3/envs/airflow_mdg/lib/python3.8/site-packages/airflow/example_dags/example_sensors.py
[2024-04-06T23:55:40.822+0000] {processor.py:840} INFO - DAG(s) 'example_sensors' retrieved from /home/malangdataguy/miniconda3/envs/airflow_mdg/lib/python3.8/site-packages/airflow/example_dags/example_sensors.py
[2024-04-06T23:55:40.850+0000] {logging_mixin.py:188} INFO - [2024-04-06T23:55:40.849+0000] {dag.py:3047} INFO - Sync 1 DAGs
[2024-04-06T23:55:40.864+0000] {logging_mixin.py:188} INFO - [2024-04-06T23:55:40.864+0000] {dag.py:3834} INFO - Setting next_dagrun for example_sensors to None, run_after=None
[2024-04-06T23:55:40.895+0000] {processor.py:183} INFO - Processing /home/malangdataguy/miniconda3/envs/airflow_mdg/lib/python3.8/site-packages/airflow/example_dags/example_sensors.py took 0.096 seconds
