[2024-04-06T23:09:24.394+0000] {processor.py:161} INFO - Started process (PID=68376) to work on /home/malangdataguy/miniconda3/envs/airflow_mdg/lib/python3.8/site-packages/airflow/example_dags/example_trigger_target_dag.py
[2024-04-06T23:09:24.396+0000] {processor.py:830} INFO - Processing file /home/malangdataguy/miniconda3/envs/airflow_mdg/lib/python3.8/site-packages/airflow/example_dags/example_trigger_target_dag.py for tasks to queue
[2024-04-06T23:09:24.397+0000] {logging_mixin.py:188} INFO - [2024-04-06T23:09:24.397+0000] {dagbag.py:540} INFO - Filling up the DagBag from /home/malangdataguy/miniconda3/envs/airflow_mdg/lib/python3.8/site-packages/airflow/example_dags/example_trigger_target_dag.py
[2024-04-06T23:09:24.409+0000] {processor.py:840} INFO - DAG(s) 'example_trigger_target_dag' retrieved from /home/malangdataguy/miniconda3/envs/airflow_mdg/lib/python3.8/site-packages/airflow/example_dags/example_trigger_target_dag.py
[2024-04-06T23:09:24.531+0000] {logging_mixin.py:188} INFO - [2024-04-06T23:09:24.531+0000] {dag.py:3047} INFO - Sync 1 DAGs
[2024-04-06T23:09:24.542+0000] {logging_mixin.py:188} INFO - [2024-04-06T23:09:24.542+0000] {dag.py:3834} INFO - Setting next_dagrun for example_trigger_target_dag to None, run_after=None
[2024-04-06T23:09:24.572+0000] {processor.py:183} INFO - Processing /home/malangdataguy/miniconda3/envs/airflow_mdg/lib/python3.8/site-packages/airflow/example_dags/example_trigger_target_dag.py took 0.182 seconds
[2024-04-06T23:10:18.069+0000] {processor.py:161} INFO - Started process (PID=68426) to work on /home/malangdataguy/miniconda3/envs/airflow_mdg/lib/python3.8/site-packages/airflow/example_dags/example_trigger_target_dag.py
[2024-04-06T23:10:18.072+0000] {processor.py:830} INFO - Processing file /home/malangdataguy/miniconda3/envs/airflow_mdg/lib/python3.8/site-packages/airflow/example_dags/example_trigger_target_dag.py for tasks to queue
[2024-04-06T23:10:18.073+0000] {logging_mixin.py:188} INFO - [2024-04-06T23:10:18.072+0000] {dagbag.py:540} INFO - Filling up the DagBag from /home/malangdataguy/miniconda3/envs/airflow_mdg/lib/python3.8/site-packages/airflow/example_dags/example_trigger_target_dag.py
[2024-04-06T23:10:18.084+0000] {processor.py:840} INFO - DAG(s) 'example_trigger_target_dag' retrieved from /home/malangdataguy/miniconda3/envs/airflow_mdg/lib/python3.8/site-packages/airflow/example_dags/example_trigger_target_dag.py
[2024-04-06T23:10:18.110+0000] {logging_mixin.py:188} INFO - [2024-04-06T23:10:18.110+0000] {dag.py:3047} INFO - Sync 1 DAGs
[2024-04-06T23:10:18.127+0000] {logging_mixin.py:188} INFO - [2024-04-06T23:10:18.126+0000] {dag.py:3834} INFO - Setting next_dagrun for example_trigger_target_dag to None, run_after=None
[2024-04-06T23:10:18.158+0000] {processor.py:183} INFO - Processing /home/malangdataguy/miniconda3/envs/airflow_mdg/lib/python3.8/site-packages/airflow/example_dags/example_trigger_target_dag.py took 0.095 seconds
[2024-04-06T23:11:06.426+0000] {processor.py:161} INFO - Started process (PID=68486) to work on /home/malangdataguy/miniconda3/envs/airflow_mdg/lib/python3.8/site-packages/airflow/example_dags/example_trigger_target_dag.py
[2024-04-06T23:11:06.429+0000] {processor.py:830} INFO - Processing file /home/malangdataguy/miniconda3/envs/airflow_mdg/lib/python3.8/site-packages/airflow/example_dags/example_trigger_target_dag.py for tasks to queue
[2024-04-06T23:11:06.430+0000] {logging_mixin.py:188} INFO - [2024-04-06T23:11:06.430+0000] {dagbag.py:540} INFO - Filling up the DagBag from /home/malangdataguy/miniconda3/envs/airflow_mdg/lib/python3.8/site-packages/airflow/example_dags/example_trigger_target_dag.py
[2024-04-06T23:11:06.440+0000] {processor.py:840} INFO - DAG(s) 'example_trigger_target_dag' retrieved from /home/malangdataguy/miniconda3/envs/airflow_mdg/lib/python3.8/site-packages/airflow/example_dags/example_trigger_target_dag.py
[2024-04-06T23:11:06.463+0000] {logging_mixin.py:188} INFO - [2024-04-06T23:11:06.463+0000] {dag.py:3047} INFO - Sync 1 DAGs
[2024-04-06T23:11:06.479+0000] {logging_mixin.py:188} INFO - [2024-04-06T23:11:06.478+0000] {dag.py:3834} INFO - Setting next_dagrun for example_trigger_target_dag to None, run_after=None
[2024-04-06T23:11:06.507+0000] {processor.py:183} INFO - Processing /home/malangdataguy/miniconda3/envs/airflow_mdg/lib/python3.8/site-packages/airflow/example_dags/example_trigger_target_dag.py took 0.086 seconds
[2024-04-06T23:11:53.863+0000] {processor.py:161} INFO - Started process (PID=68532) to work on /home/malangdataguy/miniconda3/envs/airflow_mdg/lib/python3.8/site-packages/airflow/example_dags/example_trigger_target_dag.py
[2024-04-06T23:11:53.866+0000] {processor.py:830} INFO - Processing file /home/malangdataguy/miniconda3/envs/airflow_mdg/lib/python3.8/site-packages/airflow/example_dags/example_trigger_target_dag.py for tasks to queue
[2024-04-06T23:11:53.867+0000] {logging_mixin.py:188} INFO - [2024-04-06T23:11:53.867+0000] {dagbag.py:540} INFO - Filling up the DagBag from /home/malangdataguy/miniconda3/envs/airflow_mdg/lib/python3.8/site-packages/airflow/example_dags/example_trigger_target_dag.py
[2024-04-06T23:11:53.876+0000] {processor.py:840} INFO - DAG(s) 'example_trigger_target_dag' retrieved from /home/malangdataguy/miniconda3/envs/airflow_mdg/lib/python3.8/site-packages/airflow/example_dags/example_trigger_target_dag.py
[2024-04-06T23:11:53.897+0000] {logging_mixin.py:188} INFO - [2024-04-06T23:11:53.897+0000] {dag.py:3047} INFO - Sync 1 DAGs
[2024-04-06T23:11:53.911+0000] {logging_mixin.py:188} INFO - [2024-04-06T23:11:53.910+0000] {dag.py:3834} INFO - Setting next_dagrun for example_trigger_target_dag to None, run_after=None
[2024-04-06T23:11:53.939+0000] {processor.py:183} INFO - Processing /home/malangdataguy/miniconda3/envs/airflow_mdg/lib/python3.8/site-packages/airflow/example_dags/example_trigger_target_dag.py took 0.080 seconds
[2024-04-06T23:12:38.575+0000] {processor.py:161} INFO - Started process (PID=68576) to work on /home/malangdataguy/miniconda3/envs/airflow_mdg/lib/python3.8/site-packages/airflow/example_dags/example_trigger_target_dag.py
[2024-04-06T23:12:38.578+0000] {processor.py:830} INFO - Processing file /home/malangdataguy/miniconda3/envs/airflow_mdg/lib/python3.8/site-packages/airflow/example_dags/example_trigger_target_dag.py for tasks to queue
[2024-04-06T23:12:38.580+0000] {logging_mixin.py:188} INFO - [2024-04-06T23:12:38.579+0000] {dagbag.py:540} INFO - Filling up the DagBag from /home/malangdataguy/miniconda3/envs/airflow_mdg/lib/python3.8/site-packages/airflow/example_dags/example_trigger_target_dag.py
[2024-04-06T23:12:38.589+0000] {processor.py:840} INFO - DAG(s) 'example_trigger_target_dag' retrieved from /home/malangdataguy/miniconda3/envs/airflow_mdg/lib/python3.8/site-packages/airflow/example_dags/example_trigger_target_dag.py
[2024-04-06T23:12:38.610+0000] {logging_mixin.py:188} INFO - [2024-04-06T23:12:38.610+0000] {dag.py:3047} INFO - Sync 1 DAGs
[2024-04-06T23:12:38.624+0000] {logging_mixin.py:188} INFO - [2024-04-06T23:12:38.623+0000] {dag.py:3834} INFO - Setting next_dagrun for example_trigger_target_dag to None, run_after=None
[2024-04-06T23:12:38.653+0000] {processor.py:183} INFO - Processing /home/malangdataguy/miniconda3/envs/airflow_mdg/lib/python3.8/site-packages/airflow/example_dags/example_trigger_target_dag.py took 0.082 seconds
[2024-04-06T23:13:19.241+0000] {processor.py:161} INFO - Started process (PID=68618) to work on /home/malangdataguy/miniconda3/envs/airflow_mdg/lib/python3.8/site-packages/airflow/example_dags/example_trigger_target_dag.py
[2024-04-06T23:13:19.244+0000] {processor.py:830} INFO - Processing file /home/malangdataguy/miniconda3/envs/airflow_mdg/lib/python3.8/site-packages/airflow/example_dags/example_trigger_target_dag.py for tasks to queue
[2024-04-06T23:13:19.246+0000] {logging_mixin.py:188} INFO - [2024-04-06T23:13:19.245+0000] {dagbag.py:540} INFO - Filling up the DagBag from /home/malangdataguy/miniconda3/envs/airflow_mdg/lib/python3.8/site-packages/airflow/example_dags/example_trigger_target_dag.py
[2024-04-06T23:13:19.256+0000] {processor.py:840} INFO - DAG(s) 'example_trigger_target_dag' retrieved from /home/malangdataguy/miniconda3/envs/airflow_mdg/lib/python3.8/site-packages/airflow/example_dags/example_trigger_target_dag.py
[2024-04-06T23:13:19.285+0000] {logging_mixin.py:188} INFO - [2024-04-06T23:13:19.284+0000] {dag.py:3047} INFO - Sync 1 DAGs
[2024-04-06T23:13:19.304+0000] {logging_mixin.py:188} INFO - [2024-04-06T23:13:19.303+0000] {dag.py:3834} INFO - Setting next_dagrun for example_trigger_target_dag to None, run_after=None
[2024-04-06T23:13:19.339+0000] {processor.py:183} INFO - Processing /home/malangdataguy/miniconda3/envs/airflow_mdg/lib/python3.8/site-packages/airflow/example_dags/example_trigger_target_dag.py took 0.104 seconds
[2024-04-06T23:13:59.806+0000] {processor.py:161} INFO - Started process (PID=68661) to work on /home/malangdataguy/miniconda3/envs/airflow_mdg/lib/python3.8/site-packages/airflow/example_dags/example_trigger_target_dag.py
[2024-04-06T23:13:59.809+0000] {processor.py:830} INFO - Processing file /home/malangdataguy/miniconda3/envs/airflow_mdg/lib/python3.8/site-packages/airflow/example_dags/example_trigger_target_dag.py for tasks to queue
[2024-04-06T23:13:59.811+0000] {logging_mixin.py:188} INFO - [2024-04-06T23:13:59.810+0000] {dagbag.py:540} INFO - Filling up the DagBag from /home/malangdataguy/miniconda3/envs/airflow_mdg/lib/python3.8/site-packages/airflow/example_dags/example_trigger_target_dag.py
[2024-04-06T23:13:59.822+0000] {processor.py:840} INFO - DAG(s) 'example_trigger_target_dag' retrieved from /home/malangdataguy/miniconda3/envs/airflow_mdg/lib/python3.8/site-packages/airflow/example_dags/example_trigger_target_dag.py
[2024-04-06T23:13:59.846+0000] {logging_mixin.py:188} INFO - [2024-04-06T23:13:59.845+0000] {dag.py:3047} INFO - Sync 1 DAGs
[2024-04-06T23:13:59.860+0000] {logging_mixin.py:188} INFO - [2024-04-06T23:13:59.859+0000] {dag.py:3834} INFO - Setting next_dagrun for example_trigger_target_dag to None, run_after=None
[2024-04-06T23:13:59.886+0000] {processor.py:183} INFO - Processing /home/malangdataguy/miniconda3/envs/airflow_mdg/lib/python3.8/site-packages/airflow/example_dags/example_trigger_target_dag.py took 0.086 seconds
[2024-04-06T23:14:41.864+0000] {processor.py:161} INFO - Started process (PID=68702) to work on /home/malangdataguy/miniconda3/envs/airflow_mdg/lib/python3.8/site-packages/airflow/example_dags/example_trigger_target_dag.py
[2024-04-06T23:14:41.867+0000] {processor.py:830} INFO - Processing file /home/malangdataguy/miniconda3/envs/airflow_mdg/lib/python3.8/site-packages/airflow/example_dags/example_trigger_target_dag.py for tasks to queue
[2024-04-06T23:14:41.868+0000] {logging_mixin.py:188} INFO - [2024-04-06T23:14:41.868+0000] {dagbag.py:540} INFO - Filling up the DagBag from /home/malangdataguy/miniconda3/envs/airflow_mdg/lib/python3.8/site-packages/airflow/example_dags/example_trigger_target_dag.py
[2024-04-06T23:14:41.877+0000] {processor.py:840} INFO - DAG(s) 'example_trigger_target_dag' retrieved from /home/malangdataguy/miniconda3/envs/airflow_mdg/lib/python3.8/site-packages/airflow/example_dags/example_trigger_target_dag.py
[2024-04-06T23:14:41.899+0000] {logging_mixin.py:188} INFO - [2024-04-06T23:14:41.899+0000] {dag.py:3047} INFO - Sync 1 DAGs
[2024-04-06T23:14:41.913+0000] {logging_mixin.py:188} INFO - [2024-04-06T23:14:41.913+0000] {dag.py:3834} INFO - Setting next_dagrun for example_trigger_target_dag to None, run_after=None
[2024-04-06T23:14:41.939+0000] {processor.py:183} INFO - Processing /home/malangdataguy/miniconda3/envs/airflow_mdg/lib/python3.8/site-packages/airflow/example_dags/example_trigger_target_dag.py took 0.080 seconds
[2024-04-06T23:15:23.452+0000] {processor.py:161} INFO - Started process (PID=68745) to work on /home/malangdataguy/miniconda3/envs/airflow_mdg/lib/python3.8/site-packages/airflow/example_dags/example_trigger_target_dag.py
[2024-04-06T23:15:23.455+0000] {processor.py:830} INFO - Processing file /home/malangdataguy/miniconda3/envs/airflow_mdg/lib/python3.8/site-packages/airflow/example_dags/example_trigger_target_dag.py for tasks to queue
[2024-04-06T23:15:23.457+0000] {logging_mixin.py:188} INFO - [2024-04-06T23:15:23.456+0000] {dagbag.py:540} INFO - Filling up the DagBag from /home/malangdataguy/miniconda3/envs/airflow_mdg/lib/python3.8/site-packages/airflow/example_dags/example_trigger_target_dag.py
[2024-04-06T23:15:23.468+0000] {processor.py:840} INFO - DAG(s) 'example_trigger_target_dag' retrieved from /home/malangdataguy/miniconda3/envs/airflow_mdg/lib/python3.8/site-packages/airflow/example_dags/example_trigger_target_dag.py
[2024-04-06T23:15:23.493+0000] {logging_mixin.py:188} INFO - [2024-04-06T23:15:23.492+0000] {dag.py:3047} INFO - Sync 1 DAGs
[2024-04-06T23:15:23.508+0000] {logging_mixin.py:188} INFO - [2024-04-06T23:15:23.507+0000] {dag.py:3834} INFO - Setting next_dagrun for example_trigger_target_dag to None, run_after=None
[2024-04-06T23:15:23.541+0000] {processor.py:183} INFO - Processing /home/malangdataguy/miniconda3/envs/airflow_mdg/lib/python3.8/site-packages/airflow/example_dags/example_trigger_target_dag.py took 0.094 seconds
[2024-04-06T23:16:21.006+0000] {processor.py:161} INFO - Started process (PID=68806) to work on /home/malangdataguy/miniconda3/envs/airflow_mdg/lib/python3.8/site-packages/airflow/example_dags/example_trigger_target_dag.py
[2024-04-06T23:16:21.009+0000] {processor.py:830} INFO - Processing file /home/malangdataguy/miniconda3/envs/airflow_mdg/lib/python3.8/site-packages/airflow/example_dags/example_trigger_target_dag.py for tasks to queue
[2024-04-06T23:16:21.011+0000] {logging_mixin.py:188} INFO - [2024-04-06T23:16:21.010+0000] {dagbag.py:540} INFO - Filling up the DagBag from /home/malangdataguy/miniconda3/envs/airflow_mdg/lib/python3.8/site-packages/airflow/example_dags/example_trigger_target_dag.py
[2024-04-06T23:16:21.022+0000] {processor.py:840} INFO - DAG(s) 'example_trigger_target_dag' retrieved from /home/malangdataguy/miniconda3/envs/airflow_mdg/lib/python3.8/site-packages/airflow/example_dags/example_trigger_target_dag.py
[2024-04-06T23:16:21.048+0000] {logging_mixin.py:188} INFO - [2024-04-06T23:16:21.048+0000] {dag.py:3047} INFO - Sync 1 DAGs
[2024-04-06T23:16:21.064+0000] {logging_mixin.py:188} INFO - [2024-04-06T23:16:21.064+0000] {dag.py:3834} INFO - Setting next_dagrun for example_trigger_target_dag to None, run_after=None
[2024-04-06T23:16:21.099+0000] {processor.py:183} INFO - Processing /home/malangdataguy/miniconda3/envs/airflow_mdg/lib/python3.8/site-packages/airflow/example_dags/example_trigger_target_dag.py took 0.098 seconds
[2024-04-06T23:17:18.391+0000] {processor.py:161} INFO - Started process (PID=68868) to work on /home/malangdataguy/miniconda3/envs/airflow_mdg/lib/python3.8/site-packages/airflow/example_dags/example_trigger_target_dag.py
[2024-04-06T23:17:18.394+0000] {processor.py:830} INFO - Processing file /home/malangdataguy/miniconda3/envs/airflow_mdg/lib/python3.8/site-packages/airflow/example_dags/example_trigger_target_dag.py for tasks to queue
[2024-04-06T23:17:18.396+0000] {logging_mixin.py:188} INFO - [2024-04-06T23:17:18.395+0000] {dagbag.py:540} INFO - Filling up the DagBag from /home/malangdataguy/miniconda3/envs/airflow_mdg/lib/python3.8/site-packages/airflow/example_dags/example_trigger_target_dag.py
[2024-04-06T23:17:18.407+0000] {processor.py:840} INFO - DAG(s) 'example_trigger_target_dag' retrieved from /home/malangdataguy/miniconda3/envs/airflow_mdg/lib/python3.8/site-packages/airflow/example_dags/example_trigger_target_dag.py
[2024-04-06T23:17:18.435+0000] {logging_mixin.py:188} INFO - [2024-04-06T23:17:18.435+0000] {dag.py:3047} INFO - Sync 1 DAGs
[2024-04-06T23:17:18.452+0000] {logging_mixin.py:188} INFO - [2024-04-06T23:17:18.451+0000] {dag.py:3834} INFO - Setting next_dagrun for example_trigger_target_dag to None, run_after=None
[2024-04-06T23:17:18.486+0000] {processor.py:183} INFO - Processing /home/malangdataguy/miniconda3/envs/airflow_mdg/lib/python3.8/site-packages/airflow/example_dags/example_trigger_target_dag.py took 0.101 seconds
[2024-04-06T23:18:02.627+0000] {processor.py:161} INFO - Started process (PID=68916) to work on /home/malangdataguy/miniconda3/envs/airflow_mdg/lib/python3.8/site-packages/airflow/example_dags/example_trigger_target_dag.py
[2024-04-06T23:18:02.630+0000] {processor.py:830} INFO - Processing file /home/malangdataguy/miniconda3/envs/airflow_mdg/lib/python3.8/site-packages/airflow/example_dags/example_trigger_target_dag.py for tasks to queue
[2024-04-06T23:18:02.631+0000] {logging_mixin.py:188} INFO - [2024-04-06T23:18:02.631+0000] {dagbag.py:540} INFO - Filling up the DagBag from /home/malangdataguy/miniconda3/envs/airflow_mdg/lib/python3.8/site-packages/airflow/example_dags/example_trigger_target_dag.py
[2024-04-06T23:18:02.644+0000] {processor.py:840} INFO - DAG(s) 'example_trigger_target_dag' retrieved from /home/malangdataguy/miniconda3/envs/airflow_mdg/lib/python3.8/site-packages/airflow/example_dags/example_trigger_target_dag.py
[2024-04-06T23:18:02.673+0000] {logging_mixin.py:188} INFO - [2024-04-06T23:18:02.672+0000] {dag.py:3047} INFO - Sync 1 DAGs
[2024-04-06T23:18:02.689+0000] {logging_mixin.py:188} INFO - [2024-04-06T23:18:02.689+0000] {dag.py:3834} INFO - Setting next_dagrun for example_trigger_target_dag to None, run_after=None
[2024-04-06T23:18:02.724+0000] {processor.py:183} INFO - Processing /home/malangdataguy/miniconda3/envs/airflow_mdg/lib/python3.8/site-packages/airflow/example_dags/example_trigger_target_dag.py took 0.102 seconds
[2024-04-06T23:18:45.531+0000] {processor.py:161} INFO - Started process (PID=68960) to work on /home/malangdataguy/miniconda3/envs/airflow_mdg/lib/python3.8/site-packages/airflow/example_dags/example_trigger_target_dag.py
[2024-04-06T23:18:45.533+0000] {processor.py:830} INFO - Processing file /home/malangdataguy/miniconda3/envs/airflow_mdg/lib/python3.8/site-packages/airflow/example_dags/example_trigger_target_dag.py for tasks to queue
[2024-04-06T23:18:45.535+0000] {logging_mixin.py:188} INFO - [2024-04-06T23:18:45.534+0000] {dagbag.py:540} INFO - Filling up the DagBag from /home/malangdataguy/miniconda3/envs/airflow_mdg/lib/python3.8/site-packages/airflow/example_dags/example_trigger_target_dag.py
[2024-04-06T23:18:45.546+0000] {processor.py:840} INFO - DAG(s) 'example_trigger_target_dag' retrieved from /home/malangdataguy/miniconda3/envs/airflow_mdg/lib/python3.8/site-packages/airflow/example_dags/example_trigger_target_dag.py
[2024-04-06T23:18:45.572+0000] {logging_mixin.py:188} INFO - [2024-04-06T23:18:45.572+0000] {dag.py:3047} INFO - Sync 1 DAGs
[2024-04-06T23:18:45.589+0000] {logging_mixin.py:188} INFO - [2024-04-06T23:18:45.588+0000] {dag.py:3834} INFO - Setting next_dagrun for example_trigger_target_dag to None, run_after=None
[2024-04-06T23:18:45.622+0000] {processor.py:183} INFO - Processing /home/malangdataguy/miniconda3/envs/airflow_mdg/lib/python3.8/site-packages/airflow/example_dags/example_trigger_target_dag.py took 0.097 seconds
[2024-04-06T23:19:47.089+0000] {processor.py:161} INFO - Started process (PID=69021) to work on /home/malangdataguy/miniconda3/envs/airflow_mdg/lib/python3.8/site-packages/airflow/example_dags/example_trigger_target_dag.py
[2024-04-06T23:19:47.091+0000] {processor.py:830} INFO - Processing file /home/malangdataguy/miniconda3/envs/airflow_mdg/lib/python3.8/site-packages/airflow/example_dags/example_trigger_target_dag.py for tasks to queue
[2024-04-06T23:19:47.093+0000] {logging_mixin.py:188} INFO - [2024-04-06T23:19:47.092+0000] {dagbag.py:540} INFO - Filling up the DagBag from /home/malangdataguy/miniconda3/envs/airflow_mdg/lib/python3.8/site-packages/airflow/example_dags/example_trigger_target_dag.py
[2024-04-06T23:19:47.103+0000] {processor.py:840} INFO - DAG(s) 'example_trigger_target_dag' retrieved from /home/malangdataguy/miniconda3/envs/airflow_mdg/lib/python3.8/site-packages/airflow/example_dags/example_trigger_target_dag.py
[2024-04-06T23:19:47.126+0000] {logging_mixin.py:188} INFO - [2024-04-06T23:19:47.126+0000] {dag.py:3047} INFO - Sync 1 DAGs
[2024-04-06T23:19:47.140+0000] {logging_mixin.py:188} INFO - [2024-04-06T23:19:47.140+0000] {dag.py:3834} INFO - Setting next_dagrun for example_trigger_target_dag to None, run_after=None
[2024-04-06T23:19:47.173+0000] {processor.py:183} INFO - Processing /home/malangdataguy/miniconda3/envs/airflow_mdg/lib/python3.8/site-packages/airflow/example_dags/example_trigger_target_dag.py took 0.089 seconds
[2024-04-06T23:20:33.941+0000] {processor.py:161} INFO - Started process (PID=69067) to work on /home/malangdataguy/miniconda3/envs/airflow_mdg/lib/python3.8/site-packages/airflow/example_dags/example_trigger_target_dag.py
[2024-04-06T23:20:33.943+0000] {processor.py:830} INFO - Processing file /home/malangdataguy/miniconda3/envs/airflow_mdg/lib/python3.8/site-packages/airflow/example_dags/example_trigger_target_dag.py for tasks to queue
[2024-04-06T23:20:33.945+0000] {logging_mixin.py:188} INFO - [2024-04-06T23:20:33.944+0000] {dagbag.py:540} INFO - Filling up the DagBag from /home/malangdataguy/miniconda3/envs/airflow_mdg/lib/python3.8/site-packages/airflow/example_dags/example_trigger_target_dag.py
[2024-04-06T23:20:33.956+0000] {processor.py:840} INFO - DAG(s) 'example_trigger_target_dag' retrieved from /home/malangdataguy/miniconda3/envs/airflow_mdg/lib/python3.8/site-packages/airflow/example_dags/example_trigger_target_dag.py
[2024-04-06T23:20:33.982+0000] {logging_mixin.py:188} INFO - [2024-04-06T23:20:33.982+0000] {dag.py:3047} INFO - Sync 1 DAGs
[2024-04-06T23:20:33.999+0000] {logging_mixin.py:188} INFO - [2024-04-06T23:20:33.999+0000] {dag.py:3834} INFO - Setting next_dagrun for example_trigger_target_dag to None, run_after=None
[2024-04-06T23:20:34.036+0000] {processor.py:183} INFO - Processing /home/malangdataguy/miniconda3/envs/airflow_mdg/lib/python3.8/site-packages/airflow/example_dags/example_trigger_target_dag.py took 0.101 seconds
[2024-04-06T23:21:16.921+0000] {processor.py:161} INFO - Started process (PID=69113) to work on /home/malangdataguy/miniconda3/envs/airflow_mdg/lib/python3.8/site-packages/airflow/example_dags/example_trigger_target_dag.py
[2024-04-06T23:21:16.924+0000] {processor.py:830} INFO - Processing file /home/malangdataguy/miniconda3/envs/airflow_mdg/lib/python3.8/site-packages/airflow/example_dags/example_trigger_target_dag.py for tasks to queue
[2024-04-06T23:21:16.926+0000] {logging_mixin.py:188} INFO - [2024-04-06T23:21:16.925+0000] {dagbag.py:540} INFO - Filling up the DagBag from /home/malangdataguy/miniconda3/envs/airflow_mdg/lib/python3.8/site-packages/airflow/example_dags/example_trigger_target_dag.py
[2024-04-06T23:21:16.937+0000] {processor.py:840} INFO - DAG(s) 'example_trigger_target_dag' retrieved from /home/malangdataguy/miniconda3/envs/airflow_mdg/lib/python3.8/site-packages/airflow/example_dags/example_trigger_target_dag.py
[2024-04-06T23:21:16.965+0000] {logging_mixin.py:188} INFO - [2024-04-06T23:21:16.964+0000] {dag.py:3047} INFO - Sync 1 DAGs
[2024-04-06T23:21:16.982+0000] {logging_mixin.py:188} INFO - [2024-04-06T23:21:16.982+0000] {dag.py:3834} INFO - Setting next_dagrun for example_trigger_target_dag to None, run_after=None
[2024-04-06T23:21:17.018+0000] {processor.py:183} INFO - Processing /home/malangdataguy/miniconda3/envs/airflow_mdg/lib/python3.8/site-packages/airflow/example_dags/example_trigger_target_dag.py took 0.102 seconds
[2024-04-06T23:22:17.839+0000] {processor.py:161} INFO - Started process (PID=69172) to work on /home/malangdataguy/miniconda3/envs/airflow_mdg/lib/python3.8/site-packages/airflow/example_dags/example_trigger_target_dag.py
[2024-04-06T23:22:17.842+0000] {processor.py:830} INFO - Processing file /home/malangdataguy/miniconda3/envs/airflow_mdg/lib/python3.8/site-packages/airflow/example_dags/example_trigger_target_dag.py for tasks to queue
[2024-04-06T23:22:17.844+0000] {logging_mixin.py:188} INFO - [2024-04-06T23:22:17.843+0000] {dagbag.py:540} INFO - Filling up the DagBag from /home/malangdataguy/miniconda3/envs/airflow_mdg/lib/python3.8/site-packages/airflow/example_dags/example_trigger_target_dag.py
[2024-04-06T23:22:17.856+0000] {processor.py:840} INFO - DAG(s) 'example_trigger_target_dag' retrieved from /home/malangdataguy/miniconda3/envs/airflow_mdg/lib/python3.8/site-packages/airflow/example_dags/example_trigger_target_dag.py
[2024-04-06T23:22:17.884+0000] {logging_mixin.py:188} INFO - [2024-04-06T23:22:17.884+0000] {dag.py:3047} INFO - Sync 1 DAGs
[2024-04-06T23:22:17.902+0000] {logging_mixin.py:188} INFO - [2024-04-06T23:22:17.901+0000] {dag.py:3834} INFO - Setting next_dagrun for example_trigger_target_dag to None, run_after=None
[2024-04-06T23:22:17.936+0000] {processor.py:183} INFO - Processing /home/malangdataguy/miniconda3/envs/airflow_mdg/lib/python3.8/site-packages/airflow/example_dags/example_trigger_target_dag.py took 0.102 seconds
[2024-04-06T23:40:31.246+0000] {processor.py:161} INFO - Started process (PID=69289) to work on /home/malangdataguy/miniconda3/envs/airflow_mdg/lib/python3.8/site-packages/airflow/example_dags/example_trigger_target_dag.py
[2024-04-06T23:40:31.249+0000] {processor.py:830} INFO - Processing file /home/malangdataguy/miniconda3/envs/airflow_mdg/lib/python3.8/site-packages/airflow/example_dags/example_trigger_target_dag.py for tasks to queue
[2024-04-06T23:40:31.251+0000] {logging_mixin.py:188} INFO - [2024-04-06T23:40:31.250+0000] {dagbag.py:540} INFO - Filling up the DagBag from /home/malangdataguy/miniconda3/envs/airflow_mdg/lib/python3.8/site-packages/airflow/example_dags/example_trigger_target_dag.py
[2024-04-06T23:40:31.264+0000] {processor.py:840} INFO - DAG(s) 'example_trigger_target_dag' retrieved from /home/malangdataguy/miniconda3/envs/airflow_mdg/lib/python3.8/site-packages/airflow/example_dags/example_trigger_target_dag.py
[2024-04-06T23:40:31.292+0000] {logging_mixin.py:188} INFO - [2024-04-06T23:40:31.292+0000] {dag.py:3047} INFO - Sync 1 DAGs
[2024-04-06T23:40:31.310+0000] {logging_mixin.py:188} INFO - [2024-04-06T23:40:31.310+0000] {dag.py:3834} INFO - Setting next_dagrun for example_trigger_target_dag to None, run_after=None
[2024-04-06T23:40:31.343+0000] {processor.py:183} INFO - Processing /home/malangdataguy/miniconda3/envs/airflow_mdg/lib/python3.8/site-packages/airflow/example_dags/example_trigger_target_dag.py took 0.102 seconds
[2024-04-06T23:41:22.435+0000] {processor.py:161} INFO - Started process (PID=69339) to work on /home/malangdataguy/miniconda3/envs/airflow_mdg/lib/python3.8/site-packages/airflow/example_dags/example_trigger_target_dag.py
[2024-04-06T23:41:22.437+0000] {processor.py:830} INFO - Processing file /home/malangdataguy/miniconda3/envs/airflow_mdg/lib/python3.8/site-packages/airflow/example_dags/example_trigger_target_dag.py for tasks to queue
[2024-04-06T23:41:22.439+0000] {logging_mixin.py:188} INFO - [2024-04-06T23:41:22.438+0000] {dagbag.py:540} INFO - Filling up the DagBag from /home/malangdataguy/miniconda3/envs/airflow_mdg/lib/python3.8/site-packages/airflow/example_dags/example_trigger_target_dag.py
[2024-04-06T23:41:22.450+0000] {processor.py:840} INFO - DAG(s) 'example_trigger_target_dag' retrieved from /home/malangdataguy/miniconda3/envs/airflow_mdg/lib/python3.8/site-packages/airflow/example_dags/example_trigger_target_dag.py
[2024-04-06T23:41:22.477+0000] {logging_mixin.py:188} INFO - [2024-04-06T23:41:22.477+0000] {dag.py:3047} INFO - Sync 1 DAGs
[2024-04-06T23:41:22.492+0000] {logging_mixin.py:188} INFO - [2024-04-06T23:41:22.491+0000] {dag.py:3834} INFO - Setting next_dagrun for example_trigger_target_dag to None, run_after=None
[2024-04-06T23:41:22.525+0000] {processor.py:183} INFO - Processing /home/malangdataguy/miniconda3/envs/airflow_mdg/lib/python3.8/site-packages/airflow/example_dags/example_trigger_target_dag.py took 0.095 seconds
[2024-04-06T23:42:14.285+0000] {processor.py:161} INFO - Started process (PID=69389) to work on /home/malangdataguy/miniconda3/envs/airflow_mdg/lib/python3.8/site-packages/airflow/example_dags/example_trigger_target_dag.py
[2024-04-06T23:42:14.288+0000] {processor.py:830} INFO - Processing file /home/malangdataguy/miniconda3/envs/airflow_mdg/lib/python3.8/site-packages/airflow/example_dags/example_trigger_target_dag.py for tasks to queue
[2024-04-06T23:42:14.290+0000] {logging_mixin.py:188} INFO - [2024-04-06T23:42:14.289+0000] {dagbag.py:540} INFO - Filling up the DagBag from /home/malangdataguy/miniconda3/envs/airflow_mdg/lib/python3.8/site-packages/airflow/example_dags/example_trigger_target_dag.py
[2024-04-06T23:42:14.301+0000] {processor.py:840} INFO - DAG(s) 'example_trigger_target_dag' retrieved from /home/malangdataguy/miniconda3/envs/airflow_mdg/lib/python3.8/site-packages/airflow/example_dags/example_trigger_target_dag.py
[2024-04-06T23:42:14.328+0000] {logging_mixin.py:188} INFO - [2024-04-06T23:42:14.327+0000] {dag.py:3047} INFO - Sync 1 DAGs
[2024-04-06T23:42:14.345+0000] {logging_mixin.py:188} INFO - [2024-04-06T23:42:14.344+0000] {dag.py:3834} INFO - Setting next_dagrun for example_trigger_target_dag to None, run_after=None
[2024-04-06T23:42:14.381+0000] {processor.py:183} INFO - Processing /home/malangdataguy/miniconda3/envs/airflow_mdg/lib/python3.8/site-packages/airflow/example_dags/example_trigger_target_dag.py took 0.101 seconds
[2024-04-06T23:42:58.486+0000] {processor.py:161} INFO - Started process (PID=69433) to work on /home/malangdataguy/miniconda3/envs/airflow_mdg/lib/python3.8/site-packages/airflow/example_dags/example_trigger_target_dag.py
[2024-04-06T23:42:58.489+0000] {processor.py:830} INFO - Processing file /home/malangdataguy/miniconda3/envs/airflow_mdg/lib/python3.8/site-packages/airflow/example_dags/example_trigger_target_dag.py for tasks to queue
[2024-04-06T23:42:58.491+0000] {logging_mixin.py:188} INFO - [2024-04-06T23:42:58.490+0000] {dagbag.py:540} INFO - Filling up the DagBag from /home/malangdataguy/miniconda3/envs/airflow_mdg/lib/python3.8/site-packages/airflow/example_dags/example_trigger_target_dag.py
[2024-04-06T23:42:58.502+0000] {processor.py:840} INFO - DAG(s) 'example_trigger_target_dag' retrieved from /home/malangdataguy/miniconda3/envs/airflow_mdg/lib/python3.8/site-packages/airflow/example_dags/example_trigger_target_dag.py
[2024-04-06T23:42:58.529+0000] {logging_mixin.py:188} INFO - [2024-04-06T23:42:58.528+0000] {dag.py:3047} INFO - Sync 1 DAGs
[2024-04-06T23:42:58.546+0000] {logging_mixin.py:188} INFO - [2024-04-06T23:42:58.545+0000] {dag.py:3834} INFO - Setting next_dagrun for example_trigger_target_dag to None, run_after=None
[2024-04-06T23:42:58.578+0000] {processor.py:183} INFO - Processing /home/malangdataguy/miniconda3/envs/airflow_mdg/lib/python3.8/site-packages/airflow/example_dags/example_trigger_target_dag.py took 0.098 seconds
[2024-04-06T23:43:44.102+0000] {processor.py:161} INFO - Started process (PID=69488) to work on /home/malangdataguy/miniconda3/envs/airflow_mdg/lib/python3.8/site-packages/airflow/example_dags/example_trigger_target_dag.py
[2024-04-06T23:43:44.104+0000] {processor.py:830} INFO - Processing file /home/malangdataguy/miniconda3/envs/airflow_mdg/lib/python3.8/site-packages/airflow/example_dags/example_trigger_target_dag.py for tasks to queue
[2024-04-06T23:43:44.106+0000] {logging_mixin.py:188} INFO - [2024-04-06T23:43:44.105+0000] {dagbag.py:540} INFO - Filling up the DagBag from /home/malangdataguy/miniconda3/envs/airflow_mdg/lib/python3.8/site-packages/airflow/example_dags/example_trigger_target_dag.py
[2024-04-06T23:43:44.115+0000] {processor.py:840} INFO - DAG(s) 'example_trigger_target_dag' retrieved from /home/malangdataguy/miniconda3/envs/airflow_mdg/lib/python3.8/site-packages/airflow/example_dags/example_trigger_target_dag.py
[2024-04-06T23:43:44.137+0000] {logging_mixin.py:188} INFO - [2024-04-06T23:43:44.137+0000] {dag.py:3047} INFO - Sync 1 DAGs
[2024-04-06T23:43:44.152+0000] {logging_mixin.py:188} INFO - [2024-04-06T23:43:44.151+0000] {dag.py:3834} INFO - Setting next_dagrun for example_trigger_target_dag to None, run_after=None
[2024-04-06T23:43:44.180+0000] {processor.py:183} INFO - Processing /home/malangdataguy/miniconda3/envs/airflow_mdg/lib/python3.8/site-packages/airflow/example_dags/example_trigger_target_dag.py took 0.083 seconds
[2024-04-06T23:44:27.451+0000] {processor.py:161} INFO - Started process (PID=69538) to work on /home/malangdataguy/miniconda3/envs/airflow_mdg/lib/python3.8/site-packages/airflow/example_dags/example_trigger_target_dag.py
[2024-04-06T23:44:27.454+0000] {processor.py:830} INFO - Processing file /home/malangdataguy/miniconda3/envs/airflow_mdg/lib/python3.8/site-packages/airflow/example_dags/example_trigger_target_dag.py for tasks to queue
[2024-04-06T23:44:27.455+0000] {logging_mixin.py:188} INFO - [2024-04-06T23:44:27.455+0000] {dagbag.py:540} INFO - Filling up the DagBag from /home/malangdataguy/miniconda3/envs/airflow_mdg/lib/python3.8/site-packages/airflow/example_dags/example_trigger_target_dag.py
[2024-04-06T23:44:27.466+0000] {processor.py:840} INFO - DAG(s) 'example_trigger_target_dag' retrieved from /home/malangdataguy/miniconda3/envs/airflow_mdg/lib/python3.8/site-packages/airflow/example_dags/example_trigger_target_dag.py
[2024-04-06T23:44:27.493+0000] {logging_mixin.py:188} INFO - [2024-04-06T23:44:27.493+0000] {dag.py:3047} INFO - Sync 1 DAGs
[2024-04-06T23:44:27.511+0000] {logging_mixin.py:188} INFO - [2024-04-06T23:44:27.510+0000] {dag.py:3834} INFO - Setting next_dagrun for example_trigger_target_dag to None, run_after=None
[2024-04-06T23:44:27.546+0000] {processor.py:183} INFO - Processing /home/malangdataguy/miniconda3/envs/airflow_mdg/lib/python3.8/site-packages/airflow/example_dags/example_trigger_target_dag.py took 0.101 seconds
[2024-04-06T23:45:10.406+0000] {processor.py:161} INFO - Started process (PID=69584) to work on /home/malangdataguy/miniconda3/envs/airflow_mdg/lib/python3.8/site-packages/airflow/example_dags/example_trigger_target_dag.py
[2024-04-06T23:45:10.409+0000] {processor.py:830} INFO - Processing file /home/malangdataguy/miniconda3/envs/airflow_mdg/lib/python3.8/site-packages/airflow/example_dags/example_trigger_target_dag.py for tasks to queue
[2024-04-06T23:45:10.410+0000] {logging_mixin.py:188} INFO - [2024-04-06T23:45:10.410+0000] {dagbag.py:540} INFO - Filling up the DagBag from /home/malangdataguy/miniconda3/envs/airflow_mdg/lib/python3.8/site-packages/airflow/example_dags/example_trigger_target_dag.py
[2024-04-06T23:45:10.422+0000] {processor.py:840} INFO - DAG(s) 'example_trigger_target_dag' retrieved from /home/malangdataguy/miniconda3/envs/airflow_mdg/lib/python3.8/site-packages/airflow/example_dags/example_trigger_target_dag.py
[2024-04-06T23:45:10.448+0000] {logging_mixin.py:188} INFO - [2024-04-06T23:45:10.447+0000] {dag.py:3047} INFO - Sync 1 DAGs
[2024-04-06T23:45:10.465+0000] {logging_mixin.py:188} INFO - [2024-04-06T23:45:10.464+0000] {dag.py:3834} INFO - Setting next_dagrun for example_trigger_target_dag to None, run_after=None
[2024-04-06T23:45:10.500+0000] {processor.py:183} INFO - Processing /home/malangdataguy/miniconda3/envs/airflow_mdg/lib/python3.8/site-packages/airflow/example_dags/example_trigger_target_dag.py took 0.099 seconds
[2024-04-06T23:45:53.992+0000] {processor.py:161} INFO - Started process (PID=69629) to work on /home/malangdataguy/miniconda3/envs/airflow_mdg/lib/python3.8/site-packages/airflow/example_dags/example_trigger_target_dag.py
[2024-04-06T23:45:53.995+0000] {processor.py:830} INFO - Processing file /home/malangdataguy/miniconda3/envs/airflow_mdg/lib/python3.8/site-packages/airflow/example_dags/example_trigger_target_dag.py for tasks to queue
[2024-04-06T23:45:53.997+0000] {logging_mixin.py:188} INFO - [2024-04-06T23:45:53.996+0000] {dagbag.py:540} INFO - Filling up the DagBag from /home/malangdataguy/miniconda3/envs/airflow_mdg/lib/python3.8/site-packages/airflow/example_dags/example_trigger_target_dag.py
[2024-04-06T23:45:54.008+0000] {processor.py:840} INFO - DAG(s) 'example_trigger_target_dag' retrieved from /home/malangdataguy/miniconda3/envs/airflow_mdg/lib/python3.8/site-packages/airflow/example_dags/example_trigger_target_dag.py
[2024-04-06T23:45:54.035+0000] {logging_mixin.py:188} INFO - [2024-04-06T23:45:54.034+0000] {dag.py:3047} INFO - Sync 1 DAGs
[2024-04-06T23:45:54.051+0000] {logging_mixin.py:188} INFO - [2024-04-06T23:45:54.051+0000] {dag.py:3834} INFO - Setting next_dagrun for example_trigger_target_dag to None, run_after=None
[2024-04-06T23:45:54.086+0000] {processor.py:183} INFO - Processing /home/malangdataguy/miniconda3/envs/airflow_mdg/lib/python3.8/site-packages/airflow/example_dags/example_trigger_target_dag.py took 0.100 seconds
[2024-04-06T23:46:34.943+0000] {processor.py:161} INFO - Started process (PID=69688) to work on /home/malangdataguy/miniconda3/envs/airflow_mdg/lib/python3.8/site-packages/airflow/example_dags/example_trigger_target_dag.py
[2024-04-06T23:46:34.945+0000] {processor.py:830} INFO - Processing file /home/malangdataguy/miniconda3/envs/airflow_mdg/lib/python3.8/site-packages/airflow/example_dags/example_trigger_target_dag.py for tasks to queue
[2024-04-06T23:46:34.947+0000] {logging_mixin.py:188} INFO - [2024-04-06T23:46:34.946+0000] {dagbag.py:540} INFO - Filling up the DagBag from /home/malangdataguy/miniconda3/envs/airflow_mdg/lib/python3.8/site-packages/airflow/example_dags/example_trigger_target_dag.py
[2024-04-06T23:46:34.955+0000] {processor.py:840} INFO - DAG(s) 'example_trigger_target_dag' retrieved from /home/malangdataguy/miniconda3/envs/airflow_mdg/lib/python3.8/site-packages/airflow/example_dags/example_trigger_target_dag.py
[2024-04-06T23:46:34.976+0000] {logging_mixin.py:188} INFO - [2024-04-06T23:46:34.976+0000] {dag.py:3047} INFO - Sync 1 DAGs
[2024-04-06T23:46:34.991+0000] {logging_mixin.py:188} INFO - [2024-04-06T23:46:34.991+0000] {dag.py:3834} INFO - Setting next_dagrun for example_trigger_target_dag to None, run_after=None
[2024-04-06T23:46:35.018+0000] {processor.py:183} INFO - Processing /home/malangdataguy/miniconda3/envs/airflow_mdg/lib/python3.8/site-packages/airflow/example_dags/example_trigger_target_dag.py took 0.079 seconds
[2024-04-06T23:47:14.490+0000] {processor.py:161} INFO - Started process (PID=69744) to work on /home/malangdataguy/miniconda3/envs/airflow_mdg/lib/python3.8/site-packages/airflow/example_dags/example_trigger_target_dag.py
[2024-04-06T23:47:14.492+0000] {processor.py:830} INFO - Processing file /home/malangdataguy/miniconda3/envs/airflow_mdg/lib/python3.8/site-packages/airflow/example_dags/example_trigger_target_dag.py for tasks to queue
[2024-04-06T23:47:14.493+0000] {logging_mixin.py:188} INFO - [2024-04-06T23:47:14.493+0000] {dagbag.py:540} INFO - Filling up the DagBag from /home/malangdataguy/miniconda3/envs/airflow_mdg/lib/python3.8/site-packages/airflow/example_dags/example_trigger_target_dag.py
[2024-04-06T23:47:14.502+0000] {processor.py:840} INFO - DAG(s) 'example_trigger_target_dag' retrieved from /home/malangdataguy/miniconda3/envs/airflow_mdg/lib/python3.8/site-packages/airflow/example_dags/example_trigger_target_dag.py
[2024-04-06T23:47:14.525+0000] {logging_mixin.py:188} INFO - [2024-04-06T23:47:14.525+0000] {dag.py:3047} INFO - Sync 1 DAGs
[2024-04-06T23:47:14.539+0000] {logging_mixin.py:188} INFO - [2024-04-06T23:47:14.538+0000] {dag.py:3834} INFO - Setting next_dagrun for example_trigger_target_dag to None, run_after=None
[2024-04-06T23:47:14.566+0000] {processor.py:183} INFO - Processing /home/malangdataguy/miniconda3/envs/airflow_mdg/lib/python3.8/site-packages/airflow/example_dags/example_trigger_target_dag.py took 0.081 seconds
[2024-04-06T23:47:55.493+0000] {processor.py:161} INFO - Started process (PID=69785) to work on /home/malangdataguy/miniconda3/envs/airflow_mdg/lib/python3.8/site-packages/airflow/example_dags/example_trigger_target_dag.py
[2024-04-06T23:47:55.495+0000] {processor.py:830} INFO - Processing file /home/malangdataguy/miniconda3/envs/airflow_mdg/lib/python3.8/site-packages/airflow/example_dags/example_trigger_target_dag.py for tasks to queue
[2024-04-06T23:47:55.497+0000] {logging_mixin.py:188} INFO - [2024-04-06T23:47:55.496+0000] {dagbag.py:540} INFO - Filling up the DagBag from /home/malangdataguy/miniconda3/envs/airflow_mdg/lib/python3.8/site-packages/airflow/example_dags/example_trigger_target_dag.py
[2024-04-06T23:47:55.506+0000] {processor.py:840} INFO - DAG(s) 'example_trigger_target_dag' retrieved from /home/malangdataguy/miniconda3/envs/airflow_mdg/lib/python3.8/site-packages/airflow/example_dags/example_trigger_target_dag.py
[2024-04-06T23:47:55.531+0000] {logging_mixin.py:188} INFO - [2024-04-06T23:47:55.530+0000] {dag.py:3047} INFO - Sync 1 DAGs
[2024-04-06T23:47:55.546+0000] {logging_mixin.py:188} INFO - [2024-04-06T23:47:55.546+0000] {dag.py:3834} INFO - Setting next_dagrun for example_trigger_target_dag to None, run_after=None
[2024-04-06T23:47:55.577+0000] {processor.py:183} INFO - Processing /home/malangdataguy/miniconda3/envs/airflow_mdg/lib/python3.8/site-packages/airflow/example_dags/example_trigger_target_dag.py took 0.089 seconds
[2024-04-06T23:48:38.528+0000] {processor.py:161} INFO - Started process (PID=69834) to work on /home/malangdataguy/miniconda3/envs/airflow_mdg/lib/python3.8/site-packages/airflow/example_dags/example_trigger_target_dag.py
[2024-04-06T23:48:38.531+0000] {processor.py:830} INFO - Processing file /home/malangdataguy/miniconda3/envs/airflow_mdg/lib/python3.8/site-packages/airflow/example_dags/example_trigger_target_dag.py for tasks to queue
[2024-04-06T23:48:38.532+0000] {logging_mixin.py:188} INFO - [2024-04-06T23:48:38.532+0000] {dagbag.py:540} INFO - Filling up the DagBag from /home/malangdataguy/miniconda3/envs/airflow_mdg/lib/python3.8/site-packages/airflow/example_dags/example_trigger_target_dag.py
[2024-04-06T23:48:38.542+0000] {processor.py:840} INFO - DAG(s) 'example_trigger_target_dag' retrieved from /home/malangdataguy/miniconda3/envs/airflow_mdg/lib/python3.8/site-packages/airflow/example_dags/example_trigger_target_dag.py
[2024-04-06T23:48:38.564+0000] {logging_mixin.py:188} INFO - [2024-04-06T23:48:38.564+0000] {dag.py:3047} INFO - Sync 1 DAGs
[2024-04-06T23:48:38.579+0000] {logging_mixin.py:188} INFO - [2024-04-06T23:48:38.579+0000] {dag.py:3834} INFO - Setting next_dagrun for example_trigger_target_dag to None, run_after=None
[2024-04-06T23:48:38.609+0000] {processor.py:183} INFO - Processing /home/malangdataguy/miniconda3/envs/airflow_mdg/lib/python3.8/site-packages/airflow/example_dags/example_trigger_target_dag.py took 0.086 seconds
[2024-04-06T23:49:20.618+0000] {processor.py:161} INFO - Started process (PID=69874) to work on /home/malangdataguy/miniconda3/envs/airflow_mdg/lib/python3.8/site-packages/airflow/example_dags/example_trigger_target_dag.py
[2024-04-06T23:49:20.620+0000] {processor.py:830} INFO - Processing file /home/malangdataguy/miniconda3/envs/airflow_mdg/lib/python3.8/site-packages/airflow/example_dags/example_trigger_target_dag.py for tasks to queue
[2024-04-06T23:49:20.622+0000] {logging_mixin.py:188} INFO - [2024-04-06T23:49:20.621+0000] {dagbag.py:540} INFO - Filling up the DagBag from /home/malangdataguy/miniconda3/envs/airflow_mdg/lib/python3.8/site-packages/airflow/example_dags/example_trigger_target_dag.py
[2024-04-06T23:49:20.631+0000] {processor.py:840} INFO - DAG(s) 'example_trigger_target_dag' retrieved from /home/malangdataguy/miniconda3/envs/airflow_mdg/lib/python3.8/site-packages/airflow/example_dags/example_trigger_target_dag.py
[2024-04-06T23:49:20.655+0000] {logging_mixin.py:188} INFO - [2024-04-06T23:49:20.655+0000] {dag.py:3047} INFO - Sync 1 DAGs
[2024-04-06T23:49:20.670+0000] {logging_mixin.py:188} INFO - [2024-04-06T23:49:20.670+0000] {dag.py:3834} INFO - Setting next_dagrun for example_trigger_target_dag to None, run_after=None
[2024-04-06T23:49:20.699+0000] {processor.py:183} INFO - Processing /home/malangdataguy/miniconda3/envs/airflow_mdg/lib/python3.8/site-packages/airflow/example_dags/example_trigger_target_dag.py took 0.087 seconds
[2024-04-06T23:50:03.374+0000] {processor.py:161} INFO - Started process (PID=69920) to work on /home/malangdataguy/miniconda3/envs/airflow_mdg/lib/python3.8/site-packages/airflow/example_dags/example_trigger_target_dag.py
[2024-04-06T23:50:03.377+0000] {processor.py:830} INFO - Processing file /home/malangdataguy/miniconda3/envs/airflow_mdg/lib/python3.8/site-packages/airflow/example_dags/example_trigger_target_dag.py for tasks to queue
[2024-04-06T23:50:03.379+0000] {logging_mixin.py:188} INFO - [2024-04-06T23:50:03.378+0000] {dagbag.py:540} INFO - Filling up the DagBag from /home/malangdataguy/miniconda3/envs/airflow_mdg/lib/python3.8/site-packages/airflow/example_dags/example_trigger_target_dag.py
[2024-04-06T23:50:03.390+0000] {processor.py:840} INFO - DAG(s) 'example_trigger_target_dag' retrieved from /home/malangdataguy/miniconda3/envs/airflow_mdg/lib/python3.8/site-packages/airflow/example_dags/example_trigger_target_dag.py
[2024-04-06T23:50:03.416+0000] {logging_mixin.py:188} INFO - [2024-04-06T23:50:03.416+0000] {dag.py:3047} INFO - Sync 1 DAGs
[2024-04-06T23:50:03.433+0000] {logging_mixin.py:188} INFO - [2024-04-06T23:50:03.432+0000] {dag.py:3834} INFO - Setting next_dagrun for example_trigger_target_dag to None, run_after=None
[2024-04-06T23:50:03.466+0000] {processor.py:183} INFO - Processing /home/malangdataguy/miniconda3/envs/airflow_mdg/lib/python3.8/site-packages/airflow/example_dags/example_trigger_target_dag.py took 0.098 seconds
[2024-04-06T23:51:01.725+0000] {processor.py:161} INFO - Started process (PID=69979) to work on /home/malangdataguy/miniconda3/envs/airflow_mdg/lib/python3.8/site-packages/airflow/example_dags/example_trigger_target_dag.py
[2024-04-06T23:51:01.727+0000] {processor.py:830} INFO - Processing file /home/malangdataguy/miniconda3/envs/airflow_mdg/lib/python3.8/site-packages/airflow/example_dags/example_trigger_target_dag.py for tasks to queue
[2024-04-06T23:51:01.729+0000] {logging_mixin.py:188} INFO - [2024-04-06T23:51:01.728+0000] {dagbag.py:540} INFO - Filling up the DagBag from /home/malangdataguy/miniconda3/envs/airflow_mdg/lib/python3.8/site-packages/airflow/example_dags/example_trigger_target_dag.py
[2024-04-06T23:51:01.740+0000] {processor.py:840} INFO - DAG(s) 'example_trigger_target_dag' retrieved from /home/malangdataguy/miniconda3/envs/airflow_mdg/lib/python3.8/site-packages/airflow/example_dags/example_trigger_target_dag.py
[2024-04-06T23:51:01.768+0000] {logging_mixin.py:188} INFO - [2024-04-06T23:51:01.767+0000] {dag.py:3047} INFO - Sync 1 DAGs
[2024-04-06T23:51:01.785+0000] {logging_mixin.py:188} INFO - [2024-04-06T23:51:01.785+0000] {dag.py:3834} INFO - Setting next_dagrun for example_trigger_target_dag to None, run_after=None
[2024-04-06T23:51:01.820+0000] {processor.py:183} INFO - Processing /home/malangdataguy/miniconda3/envs/airflow_mdg/lib/python3.8/site-packages/airflow/example_dags/example_trigger_target_dag.py took 0.101 seconds
[2024-04-06T23:51:45.970+0000] {processor.py:161} INFO - Started process (PID=70024) to work on /home/malangdataguy/miniconda3/envs/airflow_mdg/lib/python3.8/site-packages/airflow/example_dags/example_trigger_target_dag.py
[2024-04-06T23:51:45.973+0000] {processor.py:830} INFO - Processing file /home/malangdataguy/miniconda3/envs/airflow_mdg/lib/python3.8/site-packages/airflow/example_dags/example_trigger_target_dag.py for tasks to queue
[2024-04-06T23:51:45.974+0000] {logging_mixin.py:188} INFO - [2024-04-06T23:51:45.973+0000] {dagbag.py:540} INFO - Filling up the DagBag from /home/malangdataguy/miniconda3/envs/airflow_mdg/lib/python3.8/site-packages/airflow/example_dags/example_trigger_target_dag.py
[2024-04-06T23:51:45.984+0000] {processor.py:840} INFO - DAG(s) 'example_trigger_target_dag' retrieved from /home/malangdataguy/miniconda3/envs/airflow_mdg/lib/python3.8/site-packages/airflow/example_dags/example_trigger_target_dag.py
[2024-04-06T23:51:46.009+0000] {logging_mixin.py:188} INFO - [2024-04-06T23:51:46.009+0000] {dag.py:3047} INFO - Sync 1 DAGs
[2024-04-06T23:51:46.024+0000] {logging_mixin.py:188} INFO - [2024-04-06T23:51:46.023+0000] {dag.py:3834} INFO - Setting next_dagrun for example_trigger_target_dag to None, run_after=None
[2024-04-06T23:51:46.051+0000] {processor.py:183} INFO - Processing /home/malangdataguy/miniconda3/envs/airflow_mdg/lib/python3.8/site-packages/airflow/example_dags/example_trigger_target_dag.py took 0.086 seconds
[2024-04-06T23:52:29.478+0000] {processor.py:161} INFO - Started process (PID=70070) to work on /home/malangdataguy/miniconda3/envs/airflow_mdg/lib/python3.8/site-packages/airflow/example_dags/example_trigger_target_dag.py
[2024-04-06T23:52:29.481+0000] {processor.py:830} INFO - Processing file /home/malangdataguy/miniconda3/envs/airflow_mdg/lib/python3.8/site-packages/airflow/example_dags/example_trigger_target_dag.py for tasks to queue
[2024-04-06T23:52:29.482+0000] {logging_mixin.py:188} INFO - [2024-04-06T23:52:29.482+0000] {dagbag.py:540} INFO - Filling up the DagBag from /home/malangdataguy/miniconda3/envs/airflow_mdg/lib/python3.8/site-packages/airflow/example_dags/example_trigger_target_dag.py
[2024-04-06T23:52:29.492+0000] {processor.py:840} INFO - DAG(s) 'example_trigger_target_dag' retrieved from /home/malangdataguy/miniconda3/envs/airflow_mdg/lib/python3.8/site-packages/airflow/example_dags/example_trigger_target_dag.py
[2024-04-06T23:52:29.514+0000] {logging_mixin.py:188} INFO - [2024-04-06T23:52:29.514+0000] {dag.py:3047} INFO - Sync 1 DAGs
[2024-04-06T23:52:29.530+0000] {logging_mixin.py:188} INFO - [2024-04-06T23:52:29.529+0000] {dag.py:3834} INFO - Setting next_dagrun for example_trigger_target_dag to None, run_after=None
[2024-04-06T23:52:29.558+0000] {processor.py:183} INFO - Processing /home/malangdataguy/miniconda3/envs/airflow_mdg/lib/python3.8/site-packages/airflow/example_dags/example_trigger_target_dag.py took 0.085 seconds
[2024-04-06T23:53:12.606+0000] {processor.py:161} INFO - Started process (PID=70112) to work on /home/malangdataguy/miniconda3/envs/airflow_mdg/lib/python3.8/site-packages/airflow/example_dags/example_trigger_target_dag.py
[2024-04-06T23:53:12.609+0000] {processor.py:830} INFO - Processing file /home/malangdataguy/miniconda3/envs/airflow_mdg/lib/python3.8/site-packages/airflow/example_dags/example_trigger_target_dag.py for tasks to queue
[2024-04-06T23:53:12.611+0000] {logging_mixin.py:188} INFO - [2024-04-06T23:53:12.610+0000] {dagbag.py:540} INFO - Filling up the DagBag from /home/malangdataguy/miniconda3/envs/airflow_mdg/lib/python3.8/site-packages/airflow/example_dags/example_trigger_target_dag.py
[2024-04-06T23:53:12.624+0000] {processor.py:840} INFO - DAG(s) 'example_trigger_target_dag' retrieved from /home/malangdataguy/miniconda3/envs/airflow_mdg/lib/python3.8/site-packages/airflow/example_dags/example_trigger_target_dag.py
[2024-04-06T23:53:12.657+0000] {logging_mixin.py:188} INFO - [2024-04-06T23:53:12.656+0000] {dag.py:3047} INFO - Sync 1 DAGs
[2024-04-06T23:53:12.676+0000] {logging_mixin.py:188} INFO - [2024-04-06T23:53:12.675+0000] {dag.py:3834} INFO - Setting next_dagrun for example_trigger_target_dag to None, run_after=None
[2024-04-06T23:53:12.713+0000] {processor.py:183} INFO - Processing /home/malangdataguy/miniconda3/envs/airflow_mdg/lib/python3.8/site-packages/airflow/example_dags/example_trigger_target_dag.py took 0.113 seconds
[2024-04-06T23:53:58.477+0000] {processor.py:161} INFO - Started process (PID=70173) to work on /home/malangdataguy/miniconda3/envs/airflow_mdg/lib/python3.8/site-packages/airflow/example_dags/example_trigger_target_dag.py
[2024-04-06T23:53:58.481+0000] {processor.py:830} INFO - Processing file /home/malangdataguy/miniconda3/envs/airflow_mdg/lib/python3.8/site-packages/airflow/example_dags/example_trigger_target_dag.py for tasks to queue
[2024-04-06T23:53:58.482+0000] {logging_mixin.py:188} INFO - [2024-04-06T23:53:58.482+0000] {dagbag.py:540} INFO - Filling up the DagBag from /home/malangdataguy/miniconda3/envs/airflow_mdg/lib/python3.8/site-packages/airflow/example_dags/example_trigger_target_dag.py
[2024-04-06T23:53:58.493+0000] {processor.py:840} INFO - DAG(s) 'example_trigger_target_dag' retrieved from /home/malangdataguy/miniconda3/envs/airflow_mdg/lib/python3.8/site-packages/airflow/example_dags/example_trigger_target_dag.py
[2024-04-06T23:53:58.521+0000] {logging_mixin.py:188} INFO - [2024-04-06T23:53:58.520+0000] {dag.py:3047} INFO - Sync 1 DAGs
[2024-04-06T23:53:58.538+0000] {logging_mixin.py:188} INFO - [2024-04-06T23:53:58.538+0000] {dag.py:3834} INFO - Setting next_dagrun for example_trigger_target_dag to None, run_after=None
[2024-04-06T23:53:58.572+0000] {processor.py:183} INFO - Processing /home/malangdataguy/miniconda3/envs/airflow_mdg/lib/python3.8/site-packages/airflow/example_dags/example_trigger_target_dag.py took 0.101 seconds
[2024-04-06T23:54:41.154+0000] {processor.py:161} INFO - Started process (PID=70239) to work on /home/malangdataguy/miniconda3/envs/airflow_mdg/lib/python3.8/site-packages/airflow/example_dags/example_trigger_target_dag.py
[2024-04-06T23:54:41.156+0000] {processor.py:830} INFO - Processing file /home/malangdataguy/miniconda3/envs/airflow_mdg/lib/python3.8/site-packages/airflow/example_dags/example_trigger_target_dag.py for tasks to queue
[2024-04-06T23:54:41.158+0000] {logging_mixin.py:188} INFO - [2024-04-06T23:54:41.157+0000] {dagbag.py:540} INFO - Filling up the DagBag from /home/malangdataguy/miniconda3/envs/airflow_mdg/lib/python3.8/site-packages/airflow/example_dags/example_trigger_target_dag.py
[2024-04-06T23:54:41.170+0000] {processor.py:840} INFO - DAG(s) 'example_trigger_target_dag' retrieved from /home/malangdataguy/miniconda3/envs/airflow_mdg/lib/python3.8/site-packages/airflow/example_dags/example_trigger_target_dag.py
[2024-04-06T23:54:41.197+0000] {logging_mixin.py:188} INFO - [2024-04-06T23:54:41.196+0000] {dag.py:3047} INFO - Sync 1 DAGs
[2024-04-06T23:54:41.215+0000] {logging_mixin.py:188} INFO - [2024-04-06T23:54:41.214+0000] {dag.py:3834} INFO - Setting next_dagrun for example_trigger_target_dag to None, run_after=None
[2024-04-06T23:54:41.250+0000] {processor.py:183} INFO - Processing /home/malangdataguy/miniconda3/envs/airflow_mdg/lib/python3.8/site-packages/airflow/example_dags/example_trigger_target_dag.py took 0.102 seconds
[2024-04-06T23:55:41.959+0000] {processor.py:161} INFO - Started process (PID=70299) to work on /home/malangdataguy/miniconda3/envs/airflow_mdg/lib/python3.8/site-packages/airflow/example_dags/example_trigger_target_dag.py
[2024-04-06T23:55:41.962+0000] {processor.py:830} INFO - Processing file /home/malangdataguy/miniconda3/envs/airflow_mdg/lib/python3.8/site-packages/airflow/example_dags/example_trigger_target_dag.py for tasks to queue
[2024-04-06T23:55:41.964+0000] {logging_mixin.py:188} INFO - [2024-04-06T23:55:41.963+0000] {dagbag.py:540} INFO - Filling up the DagBag from /home/malangdataguy/miniconda3/envs/airflow_mdg/lib/python3.8/site-packages/airflow/example_dags/example_trigger_target_dag.py
[2024-04-06T23:55:41.975+0000] {processor.py:840} INFO - DAG(s) 'example_trigger_target_dag' retrieved from /home/malangdataguy/miniconda3/envs/airflow_mdg/lib/python3.8/site-packages/airflow/example_dags/example_trigger_target_dag.py
[2024-04-06T23:55:42.001+0000] {logging_mixin.py:188} INFO - [2024-04-06T23:55:42.000+0000] {dag.py:3047} INFO - Sync 1 DAGs
[2024-04-06T23:55:42.017+0000] {logging_mixin.py:188} INFO - [2024-04-06T23:55:42.017+0000] {dag.py:3834} INFO - Setting next_dagrun for example_trigger_target_dag to None, run_after=None
[2024-04-06T23:55:42.053+0000] {processor.py:183} INFO - Processing /home/malangdataguy/miniconda3/envs/airflow_mdg/lib/python3.8/site-packages/airflow/example_dags/example_trigger_target_dag.py took 0.099 seconds
