[2024-04-06T23:09:35.137+0000] {processor.py:161} INFO - Started process (PID=68387) to work on /home/malangdataguy/miniconda3/envs/airflow_mdg/lib/python3.8/site-packages/airflow/example_dags/example_dynamic_task_mapping.py
[2024-04-06T23:09:35.138+0000] {processor.py:830} INFO - Processing file /home/malangdataguy/miniconda3/envs/airflow_mdg/lib/python3.8/site-packages/airflow/example_dags/example_dynamic_task_mapping.py for tasks to queue
[2024-04-06T23:09:35.139+0000] {logging_mixin.py:188} INFO - [2024-04-06T23:09:35.139+0000] {dagbag.py:540} INFO - Filling up the DagBag from /home/malangdataguy/miniconda3/envs/airflow_mdg/lib/python3.8/site-packages/airflow/example_dags/example_dynamic_task_mapping.py
[2024-04-06T23:09:35.149+0000] {processor.py:840} INFO - DAG(s) 'example_dynamic_task_mapping' retrieved from /home/malangdataguy/miniconda3/envs/airflow_mdg/lib/python3.8/site-packages/airflow/example_dags/example_dynamic_task_mapping.py
[2024-04-06T23:09:35.260+0000] {logging_mixin.py:188} INFO - [2024-04-06T23:09:35.259+0000] {dag.py:3047} INFO - Sync 1 DAGs
[2024-04-06T23:09:35.283+0000] {logging_mixin.py:188} INFO - [2024-04-06T23:09:35.282+0000] {dag.py:3834} INFO - Setting next_dagrun for example_dynamic_task_mapping to 2022-03-04 00:00:00+00:00, run_after=2022-03-05 00:00:00+00:00
[2024-04-06T23:09:35.309+0000] {processor.py:183} INFO - Processing /home/malangdataguy/miniconda3/envs/airflow_mdg/lib/python3.8/site-packages/airflow/example_dags/example_dynamic_task_mapping.py took 0.177 seconds
[2024-04-06T23:10:29.842+0000] {processor.py:161} INFO - Started process (PID=68437) to work on /home/malangdataguy/miniconda3/envs/airflow_mdg/lib/python3.8/site-packages/airflow/example_dags/example_dynamic_task_mapping.py
[2024-04-06T23:10:29.846+0000] {processor.py:830} INFO - Processing file /home/malangdataguy/miniconda3/envs/airflow_mdg/lib/python3.8/site-packages/airflow/example_dags/example_dynamic_task_mapping.py for tasks to queue
[2024-04-06T23:10:29.848+0000] {logging_mixin.py:188} INFO - [2024-04-06T23:10:29.847+0000] {dagbag.py:540} INFO - Filling up the DagBag from /home/malangdataguy/miniconda3/envs/airflow_mdg/lib/python3.8/site-packages/airflow/example_dags/example_dynamic_task_mapping.py
[2024-04-06T23:10:29.859+0000] {processor.py:840} INFO - DAG(s) 'example_dynamic_task_mapping' retrieved from /home/malangdataguy/miniconda3/envs/airflow_mdg/lib/python3.8/site-packages/airflow/example_dags/example_dynamic_task_mapping.py
[2024-04-06T23:10:29.880+0000] {logging_mixin.py:188} INFO - [2024-04-06T23:10:29.880+0000] {dag.py:3047} INFO - Sync 1 DAGs
[2024-04-06T23:10:29.904+0000] {logging_mixin.py:188} INFO - [2024-04-06T23:10:29.903+0000] {dag.py:3834} INFO - Setting next_dagrun for example_dynamic_task_mapping to 2022-03-04 00:00:00+00:00, run_after=2022-03-05 00:00:00+00:00
[2024-04-06T23:10:29.932+0000] {processor.py:183} INFO - Processing /home/malangdataguy/miniconda3/envs/airflow_mdg/lib/python3.8/site-packages/airflow/example_dags/example_dynamic_task_mapping.py took 0.094 seconds
[2024-04-06T23:11:19.026+0000] {processor.py:161} INFO - Started process (PID=68497) to work on /home/malangdataguy/miniconda3/envs/airflow_mdg/lib/python3.8/site-packages/airflow/example_dags/example_dynamic_task_mapping.py
[2024-04-06T23:11:19.028+0000] {processor.py:830} INFO - Processing file /home/malangdataguy/miniconda3/envs/airflow_mdg/lib/python3.8/site-packages/airflow/example_dags/example_dynamic_task_mapping.py for tasks to queue
[2024-04-06T23:11:19.030+0000] {logging_mixin.py:188} INFO - [2024-04-06T23:11:19.029+0000] {dagbag.py:540} INFO - Filling up the DagBag from /home/malangdataguy/miniconda3/envs/airflow_mdg/lib/python3.8/site-packages/airflow/example_dags/example_dynamic_task_mapping.py
[2024-04-06T23:11:19.042+0000] {processor.py:840} INFO - DAG(s) 'example_dynamic_task_mapping' retrieved from /home/malangdataguy/miniconda3/envs/airflow_mdg/lib/python3.8/site-packages/airflow/example_dags/example_dynamic_task_mapping.py
[2024-04-06T23:11:19.066+0000] {logging_mixin.py:188} INFO - [2024-04-06T23:11:19.066+0000] {dag.py:3047} INFO - Sync 1 DAGs
[2024-04-06T23:11:19.093+0000] {logging_mixin.py:188} INFO - [2024-04-06T23:11:19.092+0000] {dag.py:3834} INFO - Setting next_dagrun for example_dynamic_task_mapping to 2022-03-04 00:00:00+00:00, run_after=2022-03-05 00:00:00+00:00
[2024-04-06T23:11:19.123+0000] {processor.py:183} INFO - Processing /home/malangdataguy/miniconda3/envs/airflow_mdg/lib/python3.8/site-packages/airflow/example_dags/example_dynamic_task_mapping.py took 0.102 seconds
[2024-04-06T23:12:20.716+0000] {processor.py:161} INFO - Started process (PID=68559) to work on /home/malangdataguy/miniconda3/envs/airflow_mdg/lib/python3.8/site-packages/airflow/example_dags/example_dynamic_task_mapping.py
[2024-04-06T23:12:20.719+0000] {processor.py:830} INFO - Processing file /home/malangdataguy/miniconda3/envs/airflow_mdg/lib/python3.8/site-packages/airflow/example_dags/example_dynamic_task_mapping.py for tasks to queue
[2024-04-06T23:12:20.721+0000] {logging_mixin.py:188} INFO - [2024-04-06T23:12:20.720+0000] {dagbag.py:540} INFO - Filling up the DagBag from /home/malangdataguy/miniconda3/envs/airflow_mdg/lib/python3.8/site-packages/airflow/example_dags/example_dynamic_task_mapping.py
[2024-04-06T23:12:20.734+0000] {processor.py:840} INFO - DAG(s) 'example_dynamic_task_mapping' retrieved from /home/malangdataguy/miniconda3/envs/airflow_mdg/lib/python3.8/site-packages/airflow/example_dags/example_dynamic_task_mapping.py
[2024-04-06T23:12:20.762+0000] {logging_mixin.py:188} INFO - [2024-04-06T23:12:20.761+0000] {dag.py:3047} INFO - Sync 1 DAGs
[2024-04-06T23:12:20.791+0000] {logging_mixin.py:188} INFO - [2024-04-06T23:12:20.791+0000] {dag.py:3834} INFO - Setting next_dagrun for example_dynamic_task_mapping to 2022-03-04 00:00:00+00:00, run_after=2022-03-05 00:00:00+00:00
[2024-04-06T23:12:20.830+0000] {processor.py:183} INFO - Processing /home/malangdataguy/miniconda3/envs/airflow_mdg/lib/python3.8/site-packages/airflow/example_dags/example_dynamic_task_mapping.py took 0.120 seconds
[2024-04-06T23:13:21.759+0000] {processor.py:161} INFO - Started process (PID=68620) to work on /home/malangdataguy/miniconda3/envs/airflow_mdg/lib/python3.8/site-packages/airflow/example_dags/example_dynamic_task_mapping.py
[2024-04-06T23:13:21.762+0000] {processor.py:830} INFO - Processing file /home/malangdataguy/miniconda3/envs/airflow_mdg/lib/python3.8/site-packages/airflow/example_dags/example_dynamic_task_mapping.py for tasks to queue
[2024-04-06T23:13:21.764+0000] {logging_mixin.py:188} INFO - [2024-04-06T23:13:21.763+0000] {dagbag.py:540} INFO - Filling up the DagBag from /home/malangdataguy/miniconda3/envs/airflow_mdg/lib/python3.8/site-packages/airflow/example_dags/example_dynamic_task_mapping.py
[2024-04-06T23:13:21.777+0000] {processor.py:840} INFO - DAG(s) 'example_dynamic_task_mapping' retrieved from /home/malangdataguy/miniconda3/envs/airflow_mdg/lib/python3.8/site-packages/airflow/example_dags/example_dynamic_task_mapping.py
[2024-04-06T23:13:21.802+0000] {logging_mixin.py:188} INFO - [2024-04-06T23:13:21.801+0000] {dag.py:3047} INFO - Sync 1 DAGs
[2024-04-06T23:13:21.830+0000] {logging_mixin.py:188} INFO - [2024-04-06T23:13:21.830+0000] {dag.py:3834} INFO - Setting next_dagrun for example_dynamic_task_mapping to 2022-03-04 00:00:00+00:00, run_after=2022-03-05 00:00:00+00:00
[2024-04-06T23:13:21.862+0000] {processor.py:183} INFO - Processing /home/malangdataguy/miniconda3/envs/airflow_mdg/lib/python3.8/site-packages/airflow/example_dags/example_dynamic_task_mapping.py took 0.108 seconds
[2024-04-06T23:14:24.574+0000] {processor.py:161} INFO - Started process (PID=68685) to work on /home/malangdataguy/miniconda3/envs/airflow_mdg/lib/python3.8/site-packages/airflow/example_dags/example_dynamic_task_mapping.py
[2024-04-06T23:14:24.576+0000] {processor.py:830} INFO - Processing file /home/malangdataguy/miniconda3/envs/airflow_mdg/lib/python3.8/site-packages/airflow/example_dags/example_dynamic_task_mapping.py for tasks to queue
[2024-04-06T23:14:24.578+0000] {logging_mixin.py:188} INFO - [2024-04-06T23:14:24.577+0000] {dagbag.py:540} INFO - Filling up the DagBag from /home/malangdataguy/miniconda3/envs/airflow_mdg/lib/python3.8/site-packages/airflow/example_dags/example_dynamic_task_mapping.py
[2024-04-06T23:14:24.589+0000] {processor.py:840} INFO - DAG(s) 'example_dynamic_task_mapping' retrieved from /home/malangdataguy/miniconda3/envs/airflow_mdg/lib/python3.8/site-packages/airflow/example_dags/example_dynamic_task_mapping.py
[2024-04-06T23:14:24.610+0000] {logging_mixin.py:188} INFO - [2024-04-06T23:14:24.610+0000] {dag.py:3047} INFO - Sync 1 DAGs
[2024-04-06T23:14:24.635+0000] {logging_mixin.py:188} INFO - [2024-04-06T23:14:24.635+0000] {dag.py:3834} INFO - Setting next_dagrun for example_dynamic_task_mapping to 2022-03-04 00:00:00+00:00, run_after=2022-03-05 00:00:00+00:00
[2024-04-06T23:14:24.662+0000] {processor.py:183} INFO - Processing /home/malangdataguy/miniconda3/envs/airflow_mdg/lib/python3.8/site-packages/airflow/example_dags/example_dynamic_task_mapping.py took 0.092 seconds
[2024-04-06T23:15:24.151+0000] {processor.py:161} INFO - Started process (PID=68746) to work on /home/malangdataguy/miniconda3/envs/airflow_mdg/lib/python3.8/site-packages/airflow/example_dags/example_dynamic_task_mapping.py
[2024-04-06T23:15:24.154+0000] {processor.py:830} INFO - Processing file /home/malangdataguy/miniconda3/envs/airflow_mdg/lib/python3.8/site-packages/airflow/example_dags/example_dynamic_task_mapping.py for tasks to queue
[2024-04-06T23:15:24.156+0000] {logging_mixin.py:188} INFO - [2024-04-06T23:15:24.156+0000] {dagbag.py:540} INFO - Filling up the DagBag from /home/malangdataguy/miniconda3/envs/airflow_mdg/lib/python3.8/site-packages/airflow/example_dags/example_dynamic_task_mapping.py
[2024-04-06T23:15:24.170+0000] {processor.py:840} INFO - DAG(s) 'example_dynamic_task_mapping' retrieved from /home/malangdataguy/miniconda3/envs/airflow_mdg/lib/python3.8/site-packages/airflow/example_dags/example_dynamic_task_mapping.py
[2024-04-06T23:15:24.200+0000] {logging_mixin.py:188} INFO - [2024-04-06T23:15:24.200+0000] {dag.py:3047} INFO - Sync 1 DAGs
[2024-04-06T23:15:24.230+0000] {logging_mixin.py:188} INFO - [2024-04-06T23:15:24.229+0000] {dag.py:3834} INFO - Setting next_dagrun for example_dynamic_task_mapping to 2022-03-04 00:00:00+00:00, run_after=2022-03-05 00:00:00+00:00
[2024-04-06T23:15:24.267+0000] {processor.py:183} INFO - Processing /home/malangdataguy/miniconda3/envs/airflow_mdg/lib/python3.8/site-packages/airflow/example_dags/example_dynamic_task_mapping.py took 0.122 seconds
[2024-04-06T23:16:22.614+0000] {processor.py:161} INFO - Started process (PID=68808) to work on /home/malangdataguy/miniconda3/envs/airflow_mdg/lib/python3.8/site-packages/airflow/example_dags/example_dynamic_task_mapping.py
[2024-04-06T23:16:22.616+0000] {processor.py:830} INFO - Processing file /home/malangdataguy/miniconda3/envs/airflow_mdg/lib/python3.8/site-packages/airflow/example_dags/example_dynamic_task_mapping.py for tasks to queue
[2024-04-06T23:16:22.618+0000] {logging_mixin.py:188} INFO - [2024-04-06T23:16:22.617+0000] {dagbag.py:540} INFO - Filling up the DagBag from /home/malangdataguy/miniconda3/envs/airflow_mdg/lib/python3.8/site-packages/airflow/example_dags/example_dynamic_task_mapping.py
[2024-04-06T23:16:22.628+0000] {processor.py:840} INFO - DAG(s) 'example_dynamic_task_mapping' retrieved from /home/malangdataguy/miniconda3/envs/airflow_mdg/lib/python3.8/site-packages/airflow/example_dags/example_dynamic_task_mapping.py
[2024-04-06T23:16:22.651+0000] {logging_mixin.py:188} INFO - [2024-04-06T23:16:22.650+0000] {dag.py:3047} INFO - Sync 1 DAGs
[2024-04-06T23:16:22.676+0000] {logging_mixin.py:188} INFO - [2024-04-06T23:16:22.676+0000] {dag.py:3834} INFO - Setting next_dagrun for example_dynamic_task_mapping to 2022-03-04 00:00:00+00:00, run_after=2022-03-05 00:00:00+00:00
[2024-04-06T23:16:22.705+0000] {processor.py:183} INFO - Processing /home/malangdataguy/miniconda3/envs/airflow_mdg/lib/python3.8/site-packages/airflow/example_dags/example_dynamic_task_mapping.py took 0.096 seconds
[2024-04-06T23:17:20.904+0000] {processor.py:161} INFO - Started process (PID=68870) to work on /home/malangdataguy/miniconda3/envs/airflow_mdg/lib/python3.8/site-packages/airflow/example_dags/example_dynamic_task_mapping.py
[2024-04-06T23:17:20.909+0000] {processor.py:830} INFO - Processing file /home/malangdataguy/miniconda3/envs/airflow_mdg/lib/python3.8/site-packages/airflow/example_dags/example_dynamic_task_mapping.py for tasks to queue
[2024-04-06T23:17:20.911+0000] {logging_mixin.py:188} INFO - [2024-04-06T23:17:20.910+0000] {dagbag.py:540} INFO - Filling up the DagBag from /home/malangdataguy/miniconda3/envs/airflow_mdg/lib/python3.8/site-packages/airflow/example_dags/example_dynamic_task_mapping.py
[2024-04-06T23:17:20.923+0000] {processor.py:840} INFO - DAG(s) 'example_dynamic_task_mapping' retrieved from /home/malangdataguy/miniconda3/envs/airflow_mdg/lib/python3.8/site-packages/airflow/example_dags/example_dynamic_task_mapping.py
[2024-04-06T23:17:20.950+0000] {logging_mixin.py:188} INFO - [2024-04-06T23:17:20.950+0000] {dag.py:3047} INFO - Sync 1 DAGs
[2024-04-06T23:17:20.978+0000] {logging_mixin.py:188} INFO - [2024-04-06T23:17:20.978+0000] {dag.py:3834} INFO - Setting next_dagrun for example_dynamic_task_mapping to 2022-03-04 00:00:00+00:00, run_after=2022-03-05 00:00:00+00:00
[2024-04-06T23:17:21.012+0000] {processor.py:183} INFO - Processing /home/malangdataguy/miniconda3/envs/airflow_mdg/lib/python3.8/site-packages/airflow/example_dags/example_dynamic_task_mapping.py took 0.113 seconds
[2024-04-06T23:18:26.108+0000] {processor.py:161} INFO - Started process (PID=68941) to work on /home/malangdataguy/miniconda3/envs/airflow_mdg/lib/python3.8/site-packages/airflow/example_dags/example_dynamic_task_mapping.py
[2024-04-06T23:18:26.111+0000] {processor.py:830} INFO - Processing file /home/malangdataguy/miniconda3/envs/airflow_mdg/lib/python3.8/site-packages/airflow/example_dags/example_dynamic_task_mapping.py for tasks to queue
[2024-04-06T23:18:26.112+0000] {logging_mixin.py:188} INFO - [2024-04-06T23:18:26.112+0000] {dagbag.py:540} INFO - Filling up the DagBag from /home/malangdataguy/miniconda3/envs/airflow_mdg/lib/python3.8/site-packages/airflow/example_dags/example_dynamic_task_mapping.py
[2024-04-06T23:18:26.125+0000] {processor.py:840} INFO - DAG(s) 'example_dynamic_task_mapping' retrieved from /home/malangdataguy/miniconda3/envs/airflow_mdg/lib/python3.8/site-packages/airflow/example_dags/example_dynamic_task_mapping.py
[2024-04-06T23:18:26.150+0000] {logging_mixin.py:188} INFO - [2024-04-06T23:18:26.150+0000] {dag.py:3047} INFO - Sync 1 DAGs
[2024-04-06T23:18:26.181+0000] {logging_mixin.py:188} INFO - [2024-04-06T23:18:26.181+0000] {dag.py:3834} INFO - Setting next_dagrun for example_dynamic_task_mapping to 2022-03-04 00:00:00+00:00, run_after=2022-03-05 00:00:00+00:00
[2024-04-06T23:18:26.214+0000] {processor.py:183} INFO - Processing /home/malangdataguy/miniconda3/envs/airflow_mdg/lib/python3.8/site-packages/airflow/example_dags/example_dynamic_task_mapping.py took 0.112 seconds
[2024-04-06T23:19:25.709+0000] {processor.py:161} INFO - Started process (PID=69001) to work on /home/malangdataguy/miniconda3/envs/airflow_mdg/lib/python3.8/site-packages/airflow/example_dags/example_dynamic_task_mapping.py
[2024-04-06T23:19:25.712+0000] {processor.py:830} INFO - Processing file /home/malangdataguy/miniconda3/envs/airflow_mdg/lib/python3.8/site-packages/airflow/example_dags/example_dynamic_task_mapping.py for tasks to queue
[2024-04-06T23:19:25.714+0000] {logging_mixin.py:188} INFO - [2024-04-06T23:19:25.713+0000] {dagbag.py:540} INFO - Filling up the DagBag from /home/malangdataguy/miniconda3/envs/airflow_mdg/lib/python3.8/site-packages/airflow/example_dags/example_dynamic_task_mapping.py
[2024-04-06T23:19:25.727+0000] {processor.py:840} INFO - DAG(s) 'example_dynamic_task_mapping' retrieved from /home/malangdataguy/miniconda3/envs/airflow_mdg/lib/python3.8/site-packages/airflow/example_dags/example_dynamic_task_mapping.py
[2024-04-06T23:19:25.753+0000] {logging_mixin.py:188} INFO - [2024-04-06T23:19:25.753+0000] {dag.py:3047} INFO - Sync 1 DAGs
[2024-04-06T23:19:25.821+0000] {logging_mixin.py:188} INFO - [2024-04-06T23:19:25.820+0000] {dag.py:3834} INFO - Setting next_dagrun for example_dynamic_task_mapping to 2022-03-04 00:00:00+00:00, run_after=2022-03-05 00:00:00+00:00
[2024-04-06T23:19:25.902+0000] {processor.py:183} INFO - Processing /home/malangdataguy/miniconda3/envs/airflow_mdg/lib/python3.8/site-packages/airflow/example_dags/example_dynamic_task_mapping.py took 0.199 seconds
[2024-04-06T23:20:13.513+0000] {processor.py:161} INFO - Started process (PID=69047) to work on /home/malangdataguy/miniconda3/envs/airflow_mdg/lib/python3.8/site-packages/airflow/example_dags/example_dynamic_task_mapping.py
[2024-04-06T23:20:13.516+0000] {processor.py:830} INFO - Processing file /home/malangdataguy/miniconda3/envs/airflow_mdg/lib/python3.8/site-packages/airflow/example_dags/example_dynamic_task_mapping.py for tasks to queue
[2024-04-06T23:20:13.518+0000] {logging_mixin.py:188} INFO - [2024-04-06T23:20:13.517+0000] {dagbag.py:540} INFO - Filling up the DagBag from /home/malangdataguy/miniconda3/envs/airflow_mdg/lib/python3.8/site-packages/airflow/example_dags/example_dynamic_task_mapping.py
[2024-04-06T23:20:13.531+0000] {processor.py:840} INFO - DAG(s) 'example_dynamic_task_mapping' retrieved from /home/malangdataguy/miniconda3/envs/airflow_mdg/lib/python3.8/site-packages/airflow/example_dags/example_dynamic_task_mapping.py
[2024-04-06T23:20:13.558+0000] {logging_mixin.py:188} INFO - [2024-04-06T23:20:13.558+0000] {dag.py:3047} INFO - Sync 1 DAGs
[2024-04-06T23:20:13.587+0000] {logging_mixin.py:188} INFO - [2024-04-06T23:20:13.587+0000] {dag.py:3834} INFO - Setting next_dagrun for example_dynamic_task_mapping to 2022-03-04 00:00:00+00:00, run_after=2022-03-05 00:00:00+00:00
[2024-04-06T23:20:13.618+0000] {processor.py:183} INFO - Processing /home/malangdataguy/miniconda3/envs/airflow_mdg/lib/python3.8/site-packages/airflow/example_dags/example_dynamic_task_mapping.py took 0.110 seconds
[2024-04-06T23:20:59.267+0000] {processor.py:161} INFO - Started process (PID=69093) to work on /home/malangdataguy/miniconda3/envs/airflow_mdg/lib/python3.8/site-packages/airflow/example_dags/example_dynamic_task_mapping.py
[2024-04-06T23:20:59.269+0000] {processor.py:830} INFO - Processing file /home/malangdataguy/miniconda3/envs/airflow_mdg/lib/python3.8/site-packages/airflow/example_dags/example_dynamic_task_mapping.py for tasks to queue
[2024-04-06T23:20:59.271+0000] {logging_mixin.py:188} INFO - [2024-04-06T23:20:59.270+0000] {dagbag.py:540} INFO - Filling up the DagBag from /home/malangdataguy/miniconda3/envs/airflow_mdg/lib/python3.8/site-packages/airflow/example_dags/example_dynamic_task_mapping.py
[2024-04-06T23:20:59.281+0000] {processor.py:840} INFO - DAG(s) 'example_dynamic_task_mapping' retrieved from /home/malangdataguy/miniconda3/envs/airflow_mdg/lib/python3.8/site-packages/airflow/example_dags/example_dynamic_task_mapping.py
[2024-04-06T23:20:59.303+0000] {logging_mixin.py:188} INFO - [2024-04-06T23:20:59.303+0000] {dag.py:3047} INFO - Sync 1 DAGs
[2024-04-06T23:20:59.328+0000] {logging_mixin.py:188} INFO - [2024-04-06T23:20:59.327+0000] {dag.py:3834} INFO - Setting next_dagrun for example_dynamic_task_mapping to 2022-03-04 00:00:00+00:00, run_after=2022-03-05 00:00:00+00:00
[2024-04-06T23:20:59.356+0000] {processor.py:183} INFO - Processing /home/malangdataguy/miniconda3/envs/airflow_mdg/lib/python3.8/site-packages/airflow/example_dags/example_dynamic_task_mapping.py took 0.094 seconds
[2024-04-06T23:21:59.518+0000] {processor.py:161} INFO - Started process (PID=69154) to work on /home/malangdataguy/miniconda3/envs/airflow_mdg/lib/python3.8/site-packages/airflow/example_dags/example_dynamic_task_mapping.py
[2024-04-06T23:21:59.521+0000] {processor.py:830} INFO - Processing file /home/malangdataguy/miniconda3/envs/airflow_mdg/lib/python3.8/site-packages/airflow/example_dags/example_dynamic_task_mapping.py for tasks to queue
[2024-04-06T23:21:59.522+0000] {logging_mixin.py:188} INFO - [2024-04-06T23:21:59.522+0000] {dagbag.py:540} INFO - Filling up the DagBag from /home/malangdataguy/miniconda3/envs/airflow_mdg/lib/python3.8/site-packages/airflow/example_dags/example_dynamic_task_mapping.py
[2024-04-06T23:21:59.533+0000] {processor.py:840} INFO - DAG(s) 'example_dynamic_task_mapping' retrieved from /home/malangdataguy/miniconda3/envs/airflow_mdg/lib/python3.8/site-packages/airflow/example_dags/example_dynamic_task_mapping.py
[2024-04-06T23:21:59.554+0000] {logging_mixin.py:188} INFO - [2024-04-06T23:21:59.554+0000] {dag.py:3047} INFO - Sync 1 DAGs
[2024-04-06T23:21:59.581+0000] {logging_mixin.py:188} INFO - [2024-04-06T23:21:59.580+0000] {dag.py:3834} INFO - Setting next_dagrun for example_dynamic_task_mapping to 2022-03-04 00:00:00+00:00, run_after=2022-03-05 00:00:00+00:00
[2024-04-06T23:21:59.608+0000] {processor.py:183} INFO - Processing /home/malangdataguy/miniconda3/envs/airflow_mdg/lib/python3.8/site-packages/airflow/example_dags/example_dynamic_task_mapping.py took 0.095 seconds
[2024-04-06T23:40:42.973+0000] {processor.py:161} INFO - Started process (PID=69300) to work on /home/malangdataguy/miniconda3/envs/airflow_mdg/lib/python3.8/site-packages/airflow/example_dags/example_dynamic_task_mapping.py
[2024-04-06T23:40:42.975+0000] {processor.py:830} INFO - Processing file /home/malangdataguy/miniconda3/envs/airflow_mdg/lib/python3.8/site-packages/airflow/example_dags/example_dynamic_task_mapping.py for tasks to queue
[2024-04-06T23:40:42.976+0000] {logging_mixin.py:188} INFO - [2024-04-06T23:40:42.976+0000] {dagbag.py:540} INFO - Filling up the DagBag from /home/malangdataguy/miniconda3/envs/airflow_mdg/lib/python3.8/site-packages/airflow/example_dags/example_dynamic_task_mapping.py
[2024-04-06T23:40:42.987+0000] {processor.py:840} INFO - DAG(s) 'example_dynamic_task_mapping' retrieved from /home/malangdataguy/miniconda3/envs/airflow_mdg/lib/python3.8/site-packages/airflow/example_dags/example_dynamic_task_mapping.py
[2024-04-06T23:40:43.009+0000] {logging_mixin.py:188} INFO - [2024-04-06T23:40:43.009+0000] {dag.py:3047} INFO - Sync 1 DAGs
[2024-04-06T23:40:43.033+0000] {logging_mixin.py:188} INFO - [2024-04-06T23:40:43.033+0000] {dag.py:3834} INFO - Setting next_dagrun for example_dynamic_task_mapping to 2022-03-04 00:00:00+00:00, run_after=2022-03-05 00:00:00+00:00
[2024-04-06T23:40:43.066+0000] {processor.py:183} INFO - Processing /home/malangdataguy/miniconda3/envs/airflow_mdg/lib/python3.8/site-packages/airflow/example_dags/example_dynamic_task_mapping.py took 0.098 seconds
[2024-04-06T23:41:34.112+0000] {processor.py:161} INFO - Started process (PID=69350) to work on /home/malangdataguy/miniconda3/envs/airflow_mdg/lib/python3.8/site-packages/airflow/example_dags/example_dynamic_task_mapping.py
[2024-04-06T23:41:34.115+0000] {processor.py:830} INFO - Processing file /home/malangdataguy/miniconda3/envs/airflow_mdg/lib/python3.8/site-packages/airflow/example_dags/example_dynamic_task_mapping.py for tasks to queue
[2024-04-06T23:41:34.117+0000] {logging_mixin.py:188} INFO - [2024-04-06T23:41:34.116+0000] {dagbag.py:540} INFO - Filling up the DagBag from /home/malangdataguy/miniconda3/envs/airflow_mdg/lib/python3.8/site-packages/airflow/example_dags/example_dynamic_task_mapping.py
[2024-04-06T23:41:34.130+0000] {processor.py:840} INFO - DAG(s) 'example_dynamic_task_mapping' retrieved from /home/malangdataguy/miniconda3/envs/airflow_mdg/lib/python3.8/site-packages/airflow/example_dags/example_dynamic_task_mapping.py
[2024-04-06T23:41:34.156+0000] {logging_mixin.py:188} INFO - [2024-04-06T23:41:34.155+0000] {dag.py:3047} INFO - Sync 1 DAGs
[2024-04-06T23:41:34.184+0000] {logging_mixin.py:188} INFO - [2024-04-06T23:41:34.184+0000] {dag.py:3834} INFO - Setting next_dagrun for example_dynamic_task_mapping to 2022-03-04 00:00:00+00:00, run_after=2022-03-05 00:00:00+00:00
[2024-04-06T23:41:34.216+0000] {processor.py:183} INFO - Processing /home/malangdataguy/miniconda3/envs/airflow_mdg/lib/python3.8/site-packages/airflow/example_dags/example_dynamic_task_mapping.py took 0.109 seconds
[2024-04-06T23:42:26.724+0000] {processor.py:161} INFO - Started process (PID=69400) to work on /home/malangdataguy/miniconda3/envs/airflow_mdg/lib/python3.8/site-packages/airflow/example_dags/example_dynamic_task_mapping.py
[2024-04-06T23:42:26.727+0000] {processor.py:830} INFO - Processing file /home/malangdataguy/miniconda3/envs/airflow_mdg/lib/python3.8/site-packages/airflow/example_dags/example_dynamic_task_mapping.py for tasks to queue
[2024-04-06T23:42:26.729+0000] {logging_mixin.py:188} INFO - [2024-04-06T23:42:26.728+0000] {dagbag.py:540} INFO - Filling up the DagBag from /home/malangdataguy/miniconda3/envs/airflow_mdg/lib/python3.8/site-packages/airflow/example_dags/example_dynamic_task_mapping.py
[2024-04-06T23:42:26.742+0000] {processor.py:840} INFO - DAG(s) 'example_dynamic_task_mapping' retrieved from /home/malangdataguy/miniconda3/envs/airflow_mdg/lib/python3.8/site-packages/airflow/example_dags/example_dynamic_task_mapping.py
[2024-04-06T23:42:26.770+0000] {logging_mixin.py:188} INFO - [2024-04-06T23:42:26.769+0000] {dag.py:3047} INFO - Sync 1 DAGs
[2024-04-06T23:42:26.799+0000] {logging_mixin.py:188} INFO - [2024-04-06T23:42:26.799+0000] {dag.py:3834} INFO - Setting next_dagrun for example_dynamic_task_mapping to 2022-03-04 00:00:00+00:00, run_after=2022-03-05 00:00:00+00:00
[2024-04-06T23:42:26.839+0000] {processor.py:183} INFO - Processing /home/malangdataguy/miniconda3/envs/airflow_mdg/lib/python3.8/site-packages/airflow/example_dags/example_dynamic_task_mapping.py took 0.120 seconds
[2024-04-06T23:43:31.590+0000] {processor.py:161} INFO - Started process (PID=69466) to work on /home/malangdataguy/miniconda3/envs/airflow_mdg/lib/python3.8/site-packages/airflow/example_dags/example_dynamic_task_mapping.py
[2024-04-06T23:43:31.592+0000] {processor.py:830} INFO - Processing file /home/malangdataguy/miniconda3/envs/airflow_mdg/lib/python3.8/site-packages/airflow/example_dags/example_dynamic_task_mapping.py for tasks to queue
[2024-04-06T23:43:31.594+0000] {logging_mixin.py:188} INFO - [2024-04-06T23:43:31.594+0000] {dagbag.py:540} INFO - Filling up the DagBag from /home/malangdataguy/miniconda3/envs/airflow_mdg/lib/python3.8/site-packages/airflow/example_dags/example_dynamic_task_mapping.py
[2024-04-06T23:43:31.607+0000] {processor.py:840} INFO - DAG(s) 'example_dynamic_task_mapping' retrieved from /home/malangdataguy/miniconda3/envs/airflow_mdg/lib/python3.8/site-packages/airflow/example_dags/example_dynamic_task_mapping.py
[2024-04-06T23:43:31.634+0000] {logging_mixin.py:188} INFO - [2024-04-06T23:43:31.634+0000] {dag.py:3047} INFO - Sync 1 DAGs
[2024-04-06T23:43:31.662+0000] {logging_mixin.py:188} INFO - [2024-04-06T23:43:31.662+0000] {dag.py:3834} INFO - Setting next_dagrun for example_dynamic_task_mapping to 2022-03-04 00:00:00+00:00, run_after=2022-03-05 00:00:00+00:00
[2024-04-06T23:43:31.694+0000] {processor.py:183} INFO - Processing /home/malangdataguy/miniconda3/envs/airflow_mdg/lib/python3.8/site-packages/airflow/example_dags/example_dynamic_task_mapping.py took 0.110 seconds
[2024-04-06T23:44:37.873+0000] {processor.py:161} INFO - Started process (PID=69548) to work on /home/malangdataguy/miniconda3/envs/airflow_mdg/lib/python3.8/site-packages/airflow/example_dags/example_dynamic_task_mapping.py
[2024-04-06T23:44:37.876+0000] {processor.py:830} INFO - Processing file /home/malangdataguy/miniconda3/envs/airflow_mdg/lib/python3.8/site-packages/airflow/example_dags/example_dynamic_task_mapping.py for tasks to queue
[2024-04-06T23:44:37.877+0000] {logging_mixin.py:188} INFO - [2024-04-06T23:44:37.877+0000] {dagbag.py:540} INFO - Filling up the DagBag from /home/malangdataguy/miniconda3/envs/airflow_mdg/lib/python3.8/site-packages/airflow/example_dags/example_dynamic_task_mapping.py
[2024-04-06T23:44:37.887+0000] {processor.py:840} INFO - DAG(s) 'example_dynamic_task_mapping' retrieved from /home/malangdataguy/miniconda3/envs/airflow_mdg/lib/python3.8/site-packages/airflow/example_dags/example_dynamic_task_mapping.py
[2024-04-06T23:44:37.908+0000] {logging_mixin.py:188} INFO - [2024-04-06T23:44:37.908+0000] {dag.py:3047} INFO - Sync 1 DAGs
[2024-04-06T23:44:37.931+0000] {logging_mixin.py:188} INFO - [2024-04-06T23:44:37.931+0000] {dag.py:3834} INFO - Setting next_dagrun for example_dynamic_task_mapping to 2022-03-04 00:00:00+00:00, run_after=2022-03-05 00:00:00+00:00
[2024-04-06T23:44:37.957+0000] {processor.py:183} INFO - Processing /home/malangdataguy/miniconda3/envs/airflow_mdg/lib/python3.8/site-packages/airflow/example_dags/example_dynamic_task_mapping.py took 0.088 seconds
[2024-04-06T23:45:41.800+0000] {processor.py:161} INFO - Started process (PID=69616) to work on /home/malangdataguy/miniconda3/envs/airflow_mdg/lib/python3.8/site-packages/airflow/example_dags/example_dynamic_task_mapping.py
[2024-04-06T23:45:41.803+0000] {processor.py:830} INFO - Processing file /home/malangdataguy/miniconda3/envs/airflow_mdg/lib/python3.8/site-packages/airflow/example_dags/example_dynamic_task_mapping.py for tasks to queue
[2024-04-06T23:45:41.804+0000] {logging_mixin.py:188} INFO - [2024-04-06T23:45:41.804+0000] {dagbag.py:540} INFO - Filling up the DagBag from /home/malangdataguy/miniconda3/envs/airflow_mdg/lib/python3.8/site-packages/airflow/example_dags/example_dynamic_task_mapping.py
[2024-04-06T23:45:41.817+0000] {processor.py:840} INFO - DAG(s) 'example_dynamic_task_mapping' retrieved from /home/malangdataguy/miniconda3/envs/airflow_mdg/lib/python3.8/site-packages/airflow/example_dags/example_dynamic_task_mapping.py
[2024-04-06T23:45:41.842+0000] {logging_mixin.py:188} INFO - [2024-04-06T23:45:41.842+0000] {dag.py:3047} INFO - Sync 1 DAGs
[2024-04-06T23:45:41.871+0000] {logging_mixin.py:188} INFO - [2024-04-06T23:45:41.871+0000] {dag.py:3834} INFO - Setting next_dagrun for example_dynamic_task_mapping to 2022-03-04 00:00:00+00:00, run_after=2022-03-05 00:00:00+00:00
[2024-04-06T23:45:41.902+0000] {processor.py:183} INFO - Processing /home/malangdataguy/miniconda3/envs/airflow_mdg/lib/python3.8/site-packages/airflow/example_dags/example_dynamic_task_mapping.py took 0.107 seconds
[2024-04-06T23:46:42.600+0000] {processor.py:161} INFO - Started process (PID=69695) to work on /home/malangdataguy/miniconda3/envs/airflow_mdg/lib/python3.8/site-packages/airflow/example_dags/example_dynamic_task_mapping.py
[2024-04-06T23:46:42.603+0000] {processor.py:830} INFO - Processing file /home/malangdataguy/miniconda3/envs/airflow_mdg/lib/python3.8/site-packages/airflow/example_dags/example_dynamic_task_mapping.py for tasks to queue
[2024-04-06T23:46:42.604+0000] {logging_mixin.py:188} INFO - [2024-04-06T23:46:42.603+0000] {dagbag.py:540} INFO - Filling up the DagBag from /home/malangdataguy/miniconda3/envs/airflow_mdg/lib/python3.8/site-packages/airflow/example_dags/example_dynamic_task_mapping.py
[2024-04-06T23:46:42.616+0000] {processor.py:840} INFO - DAG(s) 'example_dynamic_task_mapping' retrieved from /home/malangdataguy/miniconda3/envs/airflow_mdg/lib/python3.8/site-packages/airflow/example_dags/example_dynamic_task_mapping.py
[2024-04-06T23:46:42.640+0000] {logging_mixin.py:188} INFO - [2024-04-06T23:46:42.640+0000] {dag.py:3047} INFO - Sync 1 DAGs
[2024-04-06T23:46:42.667+0000] {logging_mixin.py:188} INFO - [2024-04-06T23:46:42.667+0000] {dag.py:3834} INFO - Setting next_dagrun for example_dynamic_task_mapping to 2022-03-04 00:00:00+00:00, run_after=2022-03-05 00:00:00+00:00
[2024-04-06T23:46:42.696+0000] {processor.py:183} INFO - Processing /home/malangdataguy/miniconda3/envs/airflow_mdg/lib/python3.8/site-packages/airflow/example_dags/example_dynamic_task_mapping.py took 0.102 seconds
[2024-04-06T23:47:39.956+0000] {processor.py:161} INFO - Started process (PID=69771) to work on /home/malangdataguy/miniconda3/envs/airflow_mdg/lib/python3.8/site-packages/airflow/example_dags/example_dynamic_task_mapping.py
[2024-04-06T23:47:39.959+0000] {processor.py:830} INFO - Processing file /home/malangdataguy/miniconda3/envs/airflow_mdg/lib/python3.8/site-packages/airflow/example_dags/example_dynamic_task_mapping.py for tasks to queue
[2024-04-06T23:47:39.960+0000] {logging_mixin.py:188} INFO - [2024-04-06T23:47:39.960+0000] {dagbag.py:540} INFO - Filling up the DagBag from /home/malangdataguy/miniconda3/envs/airflow_mdg/lib/python3.8/site-packages/airflow/example_dags/example_dynamic_task_mapping.py
[2024-04-06T23:47:39.971+0000] {processor.py:840} INFO - DAG(s) 'example_dynamic_task_mapping' retrieved from /home/malangdataguy/miniconda3/envs/airflow_mdg/lib/python3.8/site-packages/airflow/example_dags/example_dynamic_task_mapping.py
[2024-04-06T23:47:39.992+0000] {logging_mixin.py:188} INFO - [2024-04-06T23:47:39.991+0000] {dag.py:3047} INFO - Sync 1 DAGs
[2024-04-06T23:47:40.016+0000] {logging_mixin.py:188} INFO - [2024-04-06T23:47:40.016+0000] {dag.py:3834} INFO - Setting next_dagrun for example_dynamic_task_mapping to 2022-03-04 00:00:00+00:00, run_after=2022-03-05 00:00:00+00:00
[2024-04-06T23:47:40.043+0000] {processor.py:183} INFO - Processing /home/malangdataguy/miniconda3/envs/airflow_mdg/lib/python3.8/site-packages/airflow/example_dags/example_dynamic_task_mapping.py took 0.091 seconds
[2024-04-06T23:48:43.698+0000] {processor.py:161} INFO - Started process (PID=69839) to work on /home/malangdataguy/miniconda3/envs/airflow_mdg/lib/python3.8/site-packages/airflow/example_dags/example_dynamic_task_mapping.py
[2024-04-06T23:48:43.700+0000] {processor.py:830} INFO - Processing file /home/malangdataguy/miniconda3/envs/airflow_mdg/lib/python3.8/site-packages/airflow/example_dags/example_dynamic_task_mapping.py for tasks to queue
[2024-04-06T23:48:43.702+0000] {logging_mixin.py:188} INFO - [2024-04-06T23:48:43.701+0000] {dagbag.py:540} INFO - Filling up the DagBag from /home/malangdataguy/miniconda3/envs/airflow_mdg/lib/python3.8/site-packages/airflow/example_dags/example_dynamic_task_mapping.py
[2024-04-06T23:48:43.713+0000] {processor.py:840} INFO - DAG(s) 'example_dynamic_task_mapping' retrieved from /home/malangdataguy/miniconda3/envs/airflow_mdg/lib/python3.8/site-packages/airflow/example_dags/example_dynamic_task_mapping.py
[2024-04-06T23:48:43.737+0000] {logging_mixin.py:188} INFO - [2024-04-06T23:48:43.737+0000] {dag.py:3047} INFO - Sync 1 DAGs
[2024-04-06T23:48:43.764+0000] {logging_mixin.py:188} INFO - [2024-04-06T23:48:43.764+0000] {dag.py:3834} INFO - Setting next_dagrun for example_dynamic_task_mapping to 2022-03-04 00:00:00+00:00, run_after=2022-03-05 00:00:00+00:00
[2024-04-06T23:48:43.793+0000] {processor.py:183} INFO - Processing /home/malangdataguy/miniconda3/envs/airflow_mdg/lib/python3.8/site-packages/airflow/example_dags/example_dynamic_task_mapping.py took 0.101 seconds
[2024-04-06T23:49:47.435+0000] {processor.py:161} INFO - Started process (PID=69903) to work on /home/malangdataguy/miniconda3/envs/airflow_mdg/lib/python3.8/site-packages/airflow/example_dags/example_dynamic_task_mapping.py
[2024-04-06T23:49:47.437+0000] {processor.py:830} INFO - Processing file /home/malangdataguy/miniconda3/envs/airflow_mdg/lib/python3.8/site-packages/airflow/example_dags/example_dynamic_task_mapping.py for tasks to queue
[2024-04-06T23:49:47.439+0000] {logging_mixin.py:188} INFO - [2024-04-06T23:49:47.438+0000] {dagbag.py:540} INFO - Filling up the DagBag from /home/malangdataguy/miniconda3/envs/airflow_mdg/lib/python3.8/site-packages/airflow/example_dags/example_dynamic_task_mapping.py
[2024-04-06T23:49:47.450+0000] {processor.py:840} INFO - DAG(s) 'example_dynamic_task_mapping' retrieved from /home/malangdataguy/miniconda3/envs/airflow_mdg/lib/python3.8/site-packages/airflow/example_dags/example_dynamic_task_mapping.py
[2024-04-06T23:49:47.471+0000] {logging_mixin.py:188} INFO - [2024-04-06T23:49:47.471+0000] {dag.py:3047} INFO - Sync 1 DAGs
[2024-04-06T23:49:47.497+0000] {logging_mixin.py:188} INFO - [2024-04-06T23:49:47.497+0000] {dag.py:3834} INFO - Setting next_dagrun for example_dynamic_task_mapping to 2022-03-04 00:00:00+00:00, run_after=2022-03-05 00:00:00+00:00
[2024-04-06T23:49:47.526+0000] {processor.py:183} INFO - Processing /home/malangdataguy/miniconda3/envs/airflow_mdg/lib/python3.8/site-packages/airflow/example_dags/example_dynamic_task_mapping.py took 0.096 seconds
[2024-04-06T23:50:46.003+0000] {processor.py:161} INFO - Started process (PID=69962) to work on /home/malangdataguy/miniconda3/envs/airflow_mdg/lib/python3.8/site-packages/airflow/example_dags/example_dynamic_task_mapping.py
[2024-04-06T23:50:46.006+0000] {processor.py:830} INFO - Processing file /home/malangdataguy/miniconda3/envs/airflow_mdg/lib/python3.8/site-packages/airflow/example_dags/example_dynamic_task_mapping.py for tasks to queue
[2024-04-06T23:50:46.007+0000] {logging_mixin.py:188} INFO - [2024-04-06T23:50:46.007+0000] {dagbag.py:540} INFO - Filling up the DagBag from /home/malangdataguy/miniconda3/envs/airflow_mdg/lib/python3.8/site-packages/airflow/example_dags/example_dynamic_task_mapping.py
[2024-04-06T23:50:46.020+0000] {processor.py:840} INFO - DAG(s) 'example_dynamic_task_mapping' retrieved from /home/malangdataguy/miniconda3/envs/airflow_mdg/lib/python3.8/site-packages/airflow/example_dags/example_dynamic_task_mapping.py
[2024-04-06T23:50:46.045+0000] {logging_mixin.py:188} INFO - [2024-04-06T23:50:46.045+0000] {dag.py:3047} INFO - Sync 1 DAGs
[2024-04-06T23:50:46.077+0000] {logging_mixin.py:188} INFO - [2024-04-06T23:50:46.077+0000] {dag.py:3834} INFO - Setting next_dagrun for example_dynamic_task_mapping to 2022-03-04 00:00:00+00:00, run_after=2022-03-05 00:00:00+00:00
[2024-04-06T23:50:46.110+0000] {processor.py:183} INFO - Processing /home/malangdataguy/miniconda3/envs/airflow_mdg/lib/python3.8/site-packages/airflow/example_dags/example_dynamic_task_mapping.py took 0.113 seconds
[2024-04-06T23:51:49.884+0000] {processor.py:161} INFO - Started process (PID=70028) to work on /home/malangdataguy/miniconda3/envs/airflow_mdg/lib/python3.8/site-packages/airflow/example_dags/example_dynamic_task_mapping.py
[2024-04-06T23:51:49.887+0000] {processor.py:830} INFO - Processing file /home/malangdataguy/miniconda3/envs/airflow_mdg/lib/python3.8/site-packages/airflow/example_dags/example_dynamic_task_mapping.py for tasks to queue
[2024-04-06T23:51:49.888+0000] {logging_mixin.py:188} INFO - [2024-04-06T23:51:49.888+0000] {dagbag.py:540} INFO - Filling up the DagBag from /home/malangdataguy/miniconda3/envs/airflow_mdg/lib/python3.8/site-packages/airflow/example_dags/example_dynamic_task_mapping.py
[2024-04-06T23:51:49.900+0000] {processor.py:840} INFO - DAG(s) 'example_dynamic_task_mapping' retrieved from /home/malangdataguy/miniconda3/envs/airflow_mdg/lib/python3.8/site-packages/airflow/example_dags/example_dynamic_task_mapping.py
[2024-04-06T23:51:49.923+0000] {logging_mixin.py:188} INFO - [2024-04-06T23:51:49.922+0000] {dag.py:3047} INFO - Sync 1 DAGs
[2024-04-06T23:51:49.948+0000] {logging_mixin.py:188} INFO - [2024-04-06T23:51:49.948+0000] {dag.py:3834} INFO - Setting next_dagrun for example_dynamic_task_mapping to 2022-03-04 00:00:00+00:00, run_after=2022-03-05 00:00:00+00:00
[2024-04-06T23:51:49.977+0000] {processor.py:183} INFO - Processing /home/malangdataguy/miniconda3/envs/airflow_mdg/lib/python3.8/site-packages/airflow/example_dags/example_dynamic_task_mapping.py took 0.099 seconds
[2024-04-06T23:52:55.605+0000] {processor.py:161} INFO - Started process (PID=70095) to work on /home/malangdataguy/miniconda3/envs/airflow_mdg/lib/python3.8/site-packages/airflow/example_dags/example_dynamic_task_mapping.py
[2024-04-06T23:52:55.608+0000] {processor.py:830} INFO - Processing file /home/malangdataguy/miniconda3/envs/airflow_mdg/lib/python3.8/site-packages/airflow/example_dags/example_dynamic_task_mapping.py for tasks to queue
[2024-04-06T23:52:55.609+0000] {logging_mixin.py:188} INFO - [2024-04-06T23:52:55.609+0000] {dagbag.py:540} INFO - Filling up the DagBag from /home/malangdataguy/miniconda3/envs/airflow_mdg/lib/python3.8/site-packages/airflow/example_dags/example_dynamic_task_mapping.py
[2024-04-06T23:52:55.622+0000] {processor.py:840} INFO - DAG(s) 'example_dynamic_task_mapping' retrieved from /home/malangdataguy/miniconda3/envs/airflow_mdg/lib/python3.8/site-packages/airflow/example_dags/example_dynamic_task_mapping.py
[2024-04-06T23:52:55.647+0000] {logging_mixin.py:188} INFO - [2024-04-06T23:52:55.647+0000] {dag.py:3047} INFO - Sync 1 DAGs
[2024-04-06T23:52:55.675+0000] {logging_mixin.py:188} INFO - [2024-04-06T23:52:55.675+0000] {dag.py:3834} INFO - Setting next_dagrun for example_dynamic_task_mapping to 2022-03-04 00:00:00+00:00, run_after=2022-03-05 00:00:00+00:00
[2024-04-06T23:52:55.707+0000] {processor.py:183} INFO - Processing /home/malangdataguy/miniconda3/envs/airflow_mdg/lib/python3.8/site-packages/airflow/example_dags/example_dynamic_task_mapping.py took 0.108 seconds
[2024-04-06T23:54:03.715+0000] {processor.py:161} INFO - Started process (PID=70182) to work on /home/malangdataguy/miniconda3/envs/airflow_mdg/lib/python3.8/site-packages/airflow/example_dags/example_dynamic_task_mapping.py
[2024-04-06T23:54:03.717+0000] {processor.py:830} INFO - Processing file /home/malangdataguy/miniconda3/envs/airflow_mdg/lib/python3.8/site-packages/airflow/example_dags/example_dynamic_task_mapping.py for tasks to queue
[2024-04-06T23:54:03.719+0000] {logging_mixin.py:188} INFO - [2024-04-06T23:54:03.718+0000] {dagbag.py:540} INFO - Filling up the DagBag from /home/malangdataguy/miniconda3/envs/airflow_mdg/lib/python3.8/site-packages/airflow/example_dags/example_dynamic_task_mapping.py
[2024-04-06T23:54:03.731+0000] {processor.py:840} INFO - DAG(s) 'example_dynamic_task_mapping' retrieved from /home/malangdataguy/miniconda3/envs/airflow_mdg/lib/python3.8/site-packages/airflow/example_dags/example_dynamic_task_mapping.py
[2024-04-06T23:54:03.755+0000] {logging_mixin.py:188} INFO - [2024-04-06T23:54:03.754+0000] {dag.py:3047} INFO - Sync 1 DAGs
[2024-04-06T23:54:03.782+0000] {logging_mixin.py:188} INFO - [2024-04-06T23:54:03.782+0000] {dag.py:3834} INFO - Setting next_dagrun for example_dynamic_task_mapping to 2022-03-04 00:00:00+00:00, run_after=2022-03-05 00:00:00+00:00
[2024-04-06T23:54:03.812+0000] {processor.py:183} INFO - Processing /home/malangdataguy/miniconda3/envs/airflow_mdg/lib/python3.8/site-packages/airflow/example_dags/example_dynamic_task_mapping.py took 0.103 seconds
[2024-04-06T23:55:05.792+0000] {processor.py:161} INFO - Started process (PID=70263) to work on /home/malangdataguy/miniconda3/envs/airflow_mdg/lib/python3.8/site-packages/airflow/example_dags/example_dynamic_task_mapping.py
[2024-04-06T23:55:05.795+0000] {processor.py:830} INFO - Processing file /home/malangdataguy/miniconda3/envs/airflow_mdg/lib/python3.8/site-packages/airflow/example_dags/example_dynamic_task_mapping.py for tasks to queue
[2024-04-06T23:55:05.797+0000] {logging_mixin.py:188} INFO - [2024-04-06T23:55:05.796+0000] {dagbag.py:540} INFO - Filling up the DagBag from /home/malangdataguy/miniconda3/envs/airflow_mdg/lib/python3.8/site-packages/airflow/example_dags/example_dynamic_task_mapping.py
[2024-04-06T23:55:05.811+0000] {processor.py:840} INFO - DAG(s) 'example_dynamic_task_mapping' retrieved from /home/malangdataguy/miniconda3/envs/airflow_mdg/lib/python3.8/site-packages/airflow/example_dags/example_dynamic_task_mapping.py
[2024-04-06T23:55:05.838+0000] {logging_mixin.py:188} INFO - [2024-04-06T23:55:05.838+0000] {dag.py:3047} INFO - Sync 1 DAGs
[2024-04-06T23:55:05.871+0000] {logging_mixin.py:188} INFO - [2024-04-06T23:55:05.870+0000] {dag.py:3834} INFO - Setting next_dagrun for example_dynamic_task_mapping to 2022-03-04 00:00:00+00:00, run_after=2022-03-05 00:00:00+00:00
[2024-04-06T23:55:05.907+0000] {processor.py:183} INFO - Processing /home/malangdataguy/miniconda3/envs/airflow_mdg/lib/python3.8/site-packages/airflow/example_dags/example_dynamic_task_mapping.py took 0.121 seconds
