[2024-04-06T23:09:24.744+0000] {processor.py:161} INFO - Started process (PID=68377) to work on /home/malangdataguy/miniconda3/envs/airflow_mdg/lib/python3.8/site-packages/airflow/example_dags/example_subdag_operator.py
[2024-04-06T23:09:24.745+0000] {processor.py:830} INFO - Processing file /home/malangdataguy/miniconda3/envs/airflow_mdg/lib/python3.8/site-packages/airflow/example_dags/example_subdag_operator.py for tasks to queue
[2024-04-06T23:09:24.746+0000] {logging_mixin.py:188} INFO - [2024-04-06T23:09:24.746+0000] {dagbag.py:540} INFO - Filling up the DagBag from /home/malangdataguy/miniconda3/envs/airflow_mdg/lib/python3.8/site-packages/airflow/example_dags/example_subdag_operator.py
[2024-04-06T23:09:24.777+0000] {processor.py:840} INFO - DAG(s) 'example_subdag_operator.section-1', 'example_subdag_operator.section-2', 'example_subdag_operator' retrieved from /home/malangdataguy/miniconda3/envs/airflow_mdg/lib/python3.8/site-packages/airflow/example_dags/example_subdag_operator.py
[2024-04-06T23:09:24.895+0000] {logging_mixin.py:188} INFO - [2024-04-06T23:09:24.894+0000] {dag.py:3047} INFO - Sync 3 DAGs
[2024-04-06T23:09:24.914+0000] {logging_mixin.py:188} INFO - [2024-04-06T23:09:24.914+0000] {dag.py:3834} INFO - Setting next_dagrun for example_subdag_operator to 2022-01-01 00:00:00+00:00, run_after=2022-01-01 00:00:00+00:00
[2024-04-06T23:09:24.917+0000] {logging_mixin.py:188} INFO - [2024-04-06T23:09:24.917+0000] {dag.py:3834} INFO - Setting next_dagrun for example_subdag_operator.section-1 to None, run_after=None
[2024-04-06T23:09:24.918+0000] {logging_mixin.py:188} INFO - [2024-04-06T23:09:24.918+0000] {dag.py:3834} INFO - Setting next_dagrun for example_subdag_operator.section-2 to None, run_after=None
[2024-04-06T23:09:24.927+0000] {logging_mixin.py:188} INFO - [2024-04-06T23:09:24.926+0000] {dag.py:3047} INFO - Sync 2 DAGs
[2024-04-06T23:09:24.932+0000] {logging_mixin.py:188} INFO - [2024-04-06T23:09:24.932+0000] {dag.py:3834} INFO - Setting next_dagrun for example_subdag_operator.section-1 to None, run_after=None
[2024-04-06T23:09:24.932+0000] {logging_mixin.py:188} INFO - [2024-04-06T23:09:24.932+0000] {dag.py:3834} INFO - Setting next_dagrun for example_subdag_operator.section-2 to None, run_after=None
[2024-04-06T23:09:24.953+0000] {processor.py:183} INFO - Processing /home/malangdataguy/miniconda3/envs/airflow_mdg/lib/python3.8/site-packages/airflow/example_dags/example_subdag_operator.py took 0.214 seconds
[2024-04-06T23:10:19.223+0000] {processor.py:161} INFO - Started process (PID=68427) to work on /home/malangdataguy/miniconda3/envs/airflow_mdg/lib/python3.8/site-packages/airflow/example_dags/example_subdag_operator.py
[2024-04-06T23:10:19.226+0000] {processor.py:830} INFO - Processing file /home/malangdataguy/miniconda3/envs/airflow_mdg/lib/python3.8/site-packages/airflow/example_dags/example_subdag_operator.py for tasks to queue
[2024-04-06T23:10:19.227+0000] {logging_mixin.py:188} INFO - [2024-04-06T23:10:19.227+0000] {dagbag.py:540} INFO - Filling up the DagBag from /home/malangdataguy/miniconda3/envs/airflow_mdg/lib/python3.8/site-packages/airflow/example_dags/example_subdag_operator.py
[2024-04-06T23:10:19.259+0000] {processor.py:840} INFO - DAG(s) 'example_subdag_operator.section-1', 'example_subdag_operator.section-2', 'example_subdag_operator' retrieved from /home/malangdataguy/miniconda3/envs/airflow_mdg/lib/python3.8/site-packages/airflow/example_dags/example_subdag_operator.py
[2024-04-06T23:10:19.283+0000] {logging_mixin.py:188} INFO - [2024-04-06T23:10:19.283+0000] {dag.py:3047} INFO - Sync 3 DAGs
[2024-04-06T23:10:19.309+0000] {logging_mixin.py:188} INFO - [2024-04-06T23:10:19.308+0000] {dag.py:3834} INFO - Setting next_dagrun for example_subdag_operator to 2022-01-01 00:00:00+00:00, run_after=2022-01-01 00:00:00+00:00
[2024-04-06T23:10:19.313+0000] {logging_mixin.py:188} INFO - [2024-04-06T23:10:19.312+0000] {dag.py:3834} INFO - Setting next_dagrun for example_subdag_operator.section-1 to None, run_after=None
[2024-04-06T23:10:19.314+0000] {logging_mixin.py:188} INFO - [2024-04-06T23:10:19.314+0000] {dag.py:3834} INFO - Setting next_dagrun for example_subdag_operator.section-2 to None, run_after=None
[2024-04-06T23:10:19.322+0000] {logging_mixin.py:188} INFO - [2024-04-06T23:10:19.321+0000] {dag.py:3047} INFO - Sync 2 DAGs
[2024-04-06T23:10:19.327+0000] {logging_mixin.py:188} INFO - [2024-04-06T23:10:19.326+0000] {dag.py:3834} INFO - Setting next_dagrun for example_subdag_operator.section-1 to None, run_after=None
[2024-04-06T23:10:19.327+0000] {logging_mixin.py:188} INFO - [2024-04-06T23:10:19.327+0000] {dag.py:3834} INFO - Setting next_dagrun for example_subdag_operator.section-2 to None, run_after=None
[2024-04-06T23:10:19.349+0000] {processor.py:183} INFO - Processing /home/malangdataguy/miniconda3/envs/airflow_mdg/lib/python3.8/site-packages/airflow/example_dags/example_subdag_operator.py took 0.131 seconds
[2024-04-06T23:11:07.576+0000] {processor.py:161} INFO - Started process (PID=68487) to work on /home/malangdataguy/miniconda3/envs/airflow_mdg/lib/python3.8/site-packages/airflow/example_dags/example_subdag_operator.py
[2024-04-06T23:11:07.579+0000] {processor.py:830} INFO - Processing file /home/malangdataguy/miniconda3/envs/airflow_mdg/lib/python3.8/site-packages/airflow/example_dags/example_subdag_operator.py for tasks to queue
[2024-04-06T23:11:07.581+0000] {logging_mixin.py:188} INFO - [2024-04-06T23:11:07.580+0000] {dagbag.py:540} INFO - Filling up the DagBag from /home/malangdataguy/miniconda3/envs/airflow_mdg/lib/python3.8/site-packages/airflow/example_dags/example_subdag_operator.py
[2024-04-06T23:11:07.615+0000] {processor.py:840} INFO - DAG(s) 'example_subdag_operator.section-1', 'example_subdag_operator.section-2', 'example_subdag_operator' retrieved from /home/malangdataguy/miniconda3/envs/airflow_mdg/lib/python3.8/site-packages/airflow/example_dags/example_subdag_operator.py
[2024-04-06T23:11:07.636+0000] {logging_mixin.py:188} INFO - [2024-04-06T23:11:07.636+0000] {dag.py:3047} INFO - Sync 3 DAGs
[2024-04-06T23:11:07.662+0000] {logging_mixin.py:188} INFO - [2024-04-06T23:11:07.662+0000] {dag.py:3834} INFO - Setting next_dagrun for example_subdag_operator to 2022-01-01 00:00:00+00:00, run_after=2022-01-01 00:00:00+00:00
[2024-04-06T23:11:07.667+0000] {logging_mixin.py:188} INFO - [2024-04-06T23:11:07.666+0000] {dag.py:3834} INFO - Setting next_dagrun for example_subdag_operator.section-1 to None, run_after=None
[2024-04-06T23:11:07.668+0000] {logging_mixin.py:188} INFO - [2024-04-06T23:11:07.668+0000] {dag.py:3834} INFO - Setting next_dagrun for example_subdag_operator.section-2 to None, run_after=None
[2024-04-06T23:11:07.676+0000] {logging_mixin.py:188} INFO - [2024-04-06T23:11:07.675+0000] {dag.py:3047} INFO - Sync 2 DAGs
[2024-04-06T23:11:07.681+0000] {logging_mixin.py:188} INFO - [2024-04-06T23:11:07.680+0000] {dag.py:3834} INFO - Setting next_dagrun for example_subdag_operator.section-1 to None, run_after=None
[2024-04-06T23:11:07.681+0000] {logging_mixin.py:188} INFO - [2024-04-06T23:11:07.681+0000] {dag.py:3834} INFO - Setting next_dagrun for example_subdag_operator.section-2 to None, run_after=None
[2024-04-06T23:11:07.703+0000] {processor.py:183} INFO - Processing /home/malangdataguy/miniconda3/envs/airflow_mdg/lib/python3.8/site-packages/airflow/example_dags/example_subdag_operator.py took 0.132 seconds
[2024-04-06T23:11:55.008+0000] {processor.py:161} INFO - Started process (PID=68533) to work on /home/malangdataguy/miniconda3/envs/airflow_mdg/lib/python3.8/site-packages/airflow/example_dags/example_subdag_operator.py
[2024-04-06T23:11:55.010+0000] {processor.py:830} INFO - Processing file /home/malangdataguy/miniconda3/envs/airflow_mdg/lib/python3.8/site-packages/airflow/example_dags/example_subdag_operator.py for tasks to queue
[2024-04-06T23:11:55.011+0000] {logging_mixin.py:188} INFO - [2024-04-06T23:11:55.011+0000] {dagbag.py:540} INFO - Filling up the DagBag from /home/malangdataguy/miniconda3/envs/airflow_mdg/lib/python3.8/site-packages/airflow/example_dags/example_subdag_operator.py
[2024-04-06T23:11:55.040+0000] {processor.py:840} INFO - DAG(s) 'example_subdag_operator.section-1', 'example_subdag_operator.section-2', 'example_subdag_operator' retrieved from /home/malangdataguy/miniconda3/envs/airflow_mdg/lib/python3.8/site-packages/airflow/example_dags/example_subdag_operator.py
[2024-04-06T23:11:55.061+0000] {logging_mixin.py:188} INFO - [2024-04-06T23:11:55.061+0000] {dag.py:3047} INFO - Sync 3 DAGs
[2024-04-06T23:11:55.085+0000] {logging_mixin.py:188} INFO - [2024-04-06T23:11:55.084+0000] {dag.py:3834} INFO - Setting next_dagrun for example_subdag_operator to 2022-01-01 00:00:00+00:00, run_after=2022-01-01 00:00:00+00:00
[2024-04-06T23:11:55.089+0000] {logging_mixin.py:188} INFO - [2024-04-06T23:11:55.088+0000] {dag.py:3834} INFO - Setting next_dagrun for example_subdag_operator.section-1 to None, run_after=None
[2024-04-06T23:11:55.090+0000] {logging_mixin.py:188} INFO - [2024-04-06T23:11:55.090+0000] {dag.py:3834} INFO - Setting next_dagrun for example_subdag_operator.section-2 to None, run_after=None
[2024-04-06T23:11:55.097+0000] {logging_mixin.py:188} INFO - [2024-04-06T23:11:55.097+0000] {dag.py:3047} INFO - Sync 2 DAGs
[2024-04-06T23:11:55.103+0000] {logging_mixin.py:188} INFO - [2024-04-06T23:11:55.103+0000] {dag.py:3834} INFO - Setting next_dagrun for example_subdag_operator.section-1 to None, run_after=None
[2024-04-06T23:11:55.104+0000] {logging_mixin.py:188} INFO - [2024-04-06T23:11:55.103+0000] {dag.py:3834} INFO - Setting next_dagrun for example_subdag_operator.section-2 to None, run_after=None
[2024-04-06T23:11:55.125+0000] {processor.py:183} INFO - Processing /home/malangdataguy/miniconda3/envs/airflow_mdg/lib/python3.8/site-packages/airflow/example_dags/example_subdag_operator.py took 0.122 seconds
[2024-04-06T23:12:39.725+0000] {processor.py:161} INFO - Started process (PID=68577) to work on /home/malangdataguy/miniconda3/envs/airflow_mdg/lib/python3.8/site-packages/airflow/example_dags/example_subdag_operator.py
[2024-04-06T23:12:39.728+0000] {processor.py:830} INFO - Processing file /home/malangdataguy/miniconda3/envs/airflow_mdg/lib/python3.8/site-packages/airflow/example_dags/example_subdag_operator.py for tasks to queue
[2024-04-06T23:12:39.730+0000] {logging_mixin.py:188} INFO - [2024-04-06T23:12:39.729+0000] {dagbag.py:540} INFO - Filling up the DagBag from /home/malangdataguy/miniconda3/envs/airflow_mdg/lib/python3.8/site-packages/airflow/example_dags/example_subdag_operator.py
[2024-04-06T23:12:39.765+0000] {processor.py:840} INFO - DAG(s) 'example_subdag_operator.section-1', 'example_subdag_operator.section-2', 'example_subdag_operator' retrieved from /home/malangdataguy/miniconda3/envs/airflow_mdg/lib/python3.8/site-packages/airflow/example_dags/example_subdag_operator.py
[2024-04-06T23:12:39.789+0000] {logging_mixin.py:188} INFO - [2024-04-06T23:12:39.788+0000] {dag.py:3047} INFO - Sync 3 DAGs
[2024-04-06T23:12:39.818+0000] {logging_mixin.py:188} INFO - [2024-04-06T23:12:39.818+0000] {dag.py:3834} INFO - Setting next_dagrun for example_subdag_operator to 2022-01-01 00:00:00+00:00, run_after=2022-01-01 00:00:00+00:00
[2024-04-06T23:12:39.823+0000] {logging_mixin.py:188} INFO - [2024-04-06T23:12:39.823+0000] {dag.py:3834} INFO - Setting next_dagrun for example_subdag_operator.section-1 to None, run_after=None
[2024-04-06T23:12:39.825+0000] {logging_mixin.py:188} INFO - [2024-04-06T23:12:39.824+0000] {dag.py:3834} INFO - Setting next_dagrun for example_subdag_operator.section-2 to None, run_after=None
[2024-04-06T23:12:39.834+0000] {logging_mixin.py:188} INFO - [2024-04-06T23:12:39.834+0000] {dag.py:3047} INFO - Sync 2 DAGs
[2024-04-06T23:12:39.841+0000] {logging_mixin.py:188} INFO - [2024-04-06T23:12:39.840+0000] {dag.py:3834} INFO - Setting next_dagrun for example_subdag_operator.section-1 to None, run_after=None
[2024-04-06T23:12:39.841+0000] {logging_mixin.py:188} INFO - [2024-04-06T23:12:39.841+0000] {dag.py:3834} INFO - Setting next_dagrun for example_subdag_operator.section-2 to None, run_after=None
[2024-04-06T23:12:39.866+0000] {processor.py:183} INFO - Processing /home/malangdataguy/miniconda3/envs/airflow_mdg/lib/python3.8/site-packages/airflow/example_dags/example_subdag_operator.py took 0.146 seconds
[2024-04-06T23:13:38.921+0000] {processor.py:161} INFO - Started process (PID=68640) to work on /home/malangdataguy/miniconda3/envs/airflow_mdg/lib/python3.8/site-packages/airflow/example_dags/example_subdag_operator.py
[2024-04-06T23:13:38.924+0000] {processor.py:830} INFO - Processing file /home/malangdataguy/miniconda3/envs/airflow_mdg/lib/python3.8/site-packages/airflow/example_dags/example_subdag_operator.py for tasks to queue
[2024-04-06T23:13:38.926+0000] {logging_mixin.py:188} INFO - [2024-04-06T23:13:38.925+0000] {dagbag.py:540} INFO - Filling up the DagBag from /home/malangdataguy/miniconda3/envs/airflow_mdg/lib/python3.8/site-packages/airflow/example_dags/example_subdag_operator.py
[2024-04-06T23:13:38.954+0000] {processor.py:840} INFO - DAG(s) 'example_subdag_operator.section-1', 'example_subdag_operator.section-2', 'example_subdag_operator' retrieved from /home/malangdataguy/miniconda3/envs/airflow_mdg/lib/python3.8/site-packages/airflow/example_dags/example_subdag_operator.py
[2024-04-06T23:13:38.974+0000] {logging_mixin.py:188} INFO - [2024-04-06T23:13:38.974+0000] {dag.py:3047} INFO - Sync 3 DAGs
[2024-04-06T23:13:38.998+0000] {logging_mixin.py:188} INFO - [2024-04-06T23:13:38.998+0000] {dag.py:3834} INFO - Setting next_dagrun for example_subdag_operator to 2022-01-01 00:00:00+00:00, run_after=2022-01-01 00:00:00+00:00
[2024-04-06T23:13:39.002+0000] {logging_mixin.py:188} INFO - [2024-04-06T23:13:39.001+0000] {dag.py:3834} INFO - Setting next_dagrun for example_subdag_operator.section-1 to None, run_after=None
[2024-04-06T23:13:39.003+0000] {logging_mixin.py:188} INFO - [2024-04-06T23:13:39.003+0000] {dag.py:3834} INFO - Setting next_dagrun for example_subdag_operator.section-2 to None, run_after=None
[2024-04-06T23:13:39.010+0000] {logging_mixin.py:188} INFO - [2024-04-06T23:13:39.009+0000] {dag.py:3047} INFO - Sync 2 DAGs
[2024-04-06T23:13:39.014+0000] {logging_mixin.py:188} INFO - [2024-04-06T23:13:39.014+0000] {dag.py:3834} INFO - Setting next_dagrun for example_subdag_operator.section-1 to None, run_after=None
[2024-04-06T23:13:39.015+0000] {logging_mixin.py:188} INFO - [2024-04-06T23:13:39.015+0000] {dag.py:3834} INFO - Setting next_dagrun for example_subdag_operator.section-2 to None, run_after=None
[2024-04-06T23:13:39.033+0000] {processor.py:183} INFO - Processing /home/malangdataguy/miniconda3/envs/airflow_mdg/lib/python3.8/site-packages/airflow/example_dags/example_subdag_operator.py took 0.116 seconds
[2024-04-06T23:14:21.276+0000] {processor.py:161} INFO - Started process (PID=68682) to work on /home/malangdataguy/miniconda3/envs/airflow_mdg/lib/python3.8/site-packages/airflow/example_dags/example_subdag_operator.py
[2024-04-06T23:14:21.279+0000] {processor.py:830} INFO - Processing file /home/malangdataguy/miniconda3/envs/airflow_mdg/lib/python3.8/site-packages/airflow/example_dags/example_subdag_operator.py for tasks to queue
[2024-04-06T23:14:21.280+0000] {logging_mixin.py:188} INFO - [2024-04-06T23:14:21.280+0000] {dagbag.py:540} INFO - Filling up the DagBag from /home/malangdataguy/miniconda3/envs/airflow_mdg/lib/python3.8/site-packages/airflow/example_dags/example_subdag_operator.py
[2024-04-06T23:14:21.310+0000] {processor.py:840} INFO - DAG(s) 'example_subdag_operator.section-1', 'example_subdag_operator.section-2', 'example_subdag_operator' retrieved from /home/malangdataguy/miniconda3/envs/airflow_mdg/lib/python3.8/site-packages/airflow/example_dags/example_subdag_operator.py
[2024-04-06T23:14:21.329+0000] {logging_mixin.py:188} INFO - [2024-04-06T23:14:21.329+0000] {dag.py:3047} INFO - Sync 3 DAGs
[2024-04-06T23:14:21.354+0000] {logging_mixin.py:188} INFO - [2024-04-06T23:14:21.354+0000] {dag.py:3834} INFO - Setting next_dagrun for example_subdag_operator to 2022-01-01 00:00:00+00:00, run_after=2022-01-01 00:00:00+00:00
[2024-04-06T23:14:21.358+0000] {logging_mixin.py:188} INFO - [2024-04-06T23:14:21.358+0000] {dag.py:3834} INFO - Setting next_dagrun for example_subdag_operator.section-1 to None, run_after=None
[2024-04-06T23:14:21.359+0000] {logging_mixin.py:188} INFO - [2024-04-06T23:14:21.359+0000] {dag.py:3834} INFO - Setting next_dagrun for example_subdag_operator.section-2 to None, run_after=None
[2024-04-06T23:14:21.367+0000] {logging_mixin.py:188} INFO - [2024-04-06T23:14:21.366+0000] {dag.py:3047} INFO - Sync 2 DAGs
[2024-04-06T23:14:21.372+0000] {logging_mixin.py:188} INFO - [2024-04-06T23:14:21.371+0000] {dag.py:3834} INFO - Setting next_dagrun for example_subdag_operator.section-1 to None, run_after=None
[2024-04-06T23:14:21.372+0000] {logging_mixin.py:188} INFO - [2024-04-06T23:14:21.372+0000] {dag.py:3834} INFO - Setting next_dagrun for example_subdag_operator.section-2 to None, run_after=None
[2024-04-06T23:14:21.392+0000] {processor.py:183} INFO - Processing /home/malangdataguy/miniconda3/envs/airflow_mdg/lib/python3.8/site-packages/airflow/example_dags/example_subdag_operator.py took 0.121 seconds
[2024-04-06T23:15:03.863+0000] {processor.py:161} INFO - Started process (PID=68725) to work on /home/malangdataguy/miniconda3/envs/airflow_mdg/lib/python3.8/site-packages/airflow/example_dags/example_subdag_operator.py
[2024-04-06T23:15:03.865+0000] {processor.py:830} INFO - Processing file /home/malangdataguy/miniconda3/envs/airflow_mdg/lib/python3.8/site-packages/airflow/example_dags/example_subdag_operator.py for tasks to queue
[2024-04-06T23:15:03.867+0000] {logging_mixin.py:188} INFO - [2024-04-06T23:15:03.866+0000] {dagbag.py:540} INFO - Filling up the DagBag from /home/malangdataguy/miniconda3/envs/airflow_mdg/lib/python3.8/site-packages/airflow/example_dags/example_subdag_operator.py
[2024-04-06T23:15:03.900+0000] {processor.py:840} INFO - DAG(s) 'example_subdag_operator.section-1', 'example_subdag_operator.section-2', 'example_subdag_operator' retrieved from /home/malangdataguy/miniconda3/envs/airflow_mdg/lib/python3.8/site-packages/airflow/example_dags/example_subdag_operator.py
[2024-04-06T23:15:03.920+0000] {logging_mixin.py:188} INFO - [2024-04-06T23:15:03.920+0000] {dag.py:3047} INFO - Sync 3 DAGs
[2024-04-06T23:15:03.945+0000] {logging_mixin.py:188} INFO - [2024-04-06T23:15:03.945+0000] {dag.py:3834} INFO - Setting next_dagrun for example_subdag_operator to 2022-01-01 00:00:00+00:00, run_after=2022-01-01 00:00:00+00:00
[2024-04-06T23:15:03.951+0000] {logging_mixin.py:188} INFO - [2024-04-06T23:15:03.951+0000] {dag.py:3834} INFO - Setting next_dagrun for example_subdag_operator.section-1 to None, run_after=None
[2024-04-06T23:15:03.953+0000] {logging_mixin.py:188} INFO - [2024-04-06T23:15:03.952+0000] {dag.py:3834} INFO - Setting next_dagrun for example_subdag_operator.section-2 to None, run_after=None
[2024-04-06T23:15:03.960+0000] {logging_mixin.py:188} INFO - [2024-04-06T23:15:03.960+0000] {dag.py:3047} INFO - Sync 2 DAGs
[2024-04-06T23:15:03.967+0000] {logging_mixin.py:188} INFO - [2024-04-06T23:15:03.966+0000] {dag.py:3834} INFO - Setting next_dagrun for example_subdag_operator.section-1 to None, run_after=None
[2024-04-06T23:15:03.967+0000] {logging_mixin.py:188} INFO - [2024-04-06T23:15:03.967+0000] {dag.py:3834} INFO - Setting next_dagrun for example_subdag_operator.section-2 to None, run_after=None
[2024-04-06T23:15:03.993+0000] {processor.py:183} INFO - Processing /home/malangdataguy/miniconda3/envs/airflow_mdg/lib/python3.8/site-packages/airflow/example_dags/example_subdag_operator.py took 0.136 seconds
[2024-04-06T23:16:01.769+0000] {processor.py:161} INFO - Started process (PID=68785) to work on /home/malangdataguy/miniconda3/envs/airflow_mdg/lib/python3.8/site-packages/airflow/example_dags/example_subdag_operator.py
[2024-04-06T23:16:01.772+0000] {processor.py:830} INFO - Processing file /home/malangdataguy/miniconda3/envs/airflow_mdg/lib/python3.8/site-packages/airflow/example_dags/example_subdag_operator.py for tasks to queue
[2024-04-06T23:16:01.774+0000] {logging_mixin.py:188} INFO - [2024-04-06T23:16:01.773+0000] {dagbag.py:540} INFO - Filling up the DagBag from /home/malangdataguy/miniconda3/envs/airflow_mdg/lib/python3.8/site-packages/airflow/example_dags/example_subdag_operator.py
[2024-04-06T23:16:01.804+0000] {processor.py:840} INFO - DAG(s) 'example_subdag_operator.section-1', 'example_subdag_operator.section-2', 'example_subdag_operator' retrieved from /home/malangdataguy/miniconda3/envs/airflow_mdg/lib/python3.8/site-packages/airflow/example_dags/example_subdag_operator.py
[2024-04-06T23:16:01.824+0000] {logging_mixin.py:188} INFO - [2024-04-06T23:16:01.824+0000] {dag.py:3047} INFO - Sync 3 DAGs
[2024-04-06T23:16:01.847+0000] {logging_mixin.py:188} INFO - [2024-04-06T23:16:01.847+0000] {dag.py:3834} INFO - Setting next_dagrun for example_subdag_operator to 2022-01-01 00:00:00+00:00, run_after=2022-01-01 00:00:00+00:00
[2024-04-06T23:16:01.852+0000] {logging_mixin.py:188} INFO - [2024-04-06T23:16:01.851+0000] {dag.py:3834} INFO - Setting next_dagrun for example_subdag_operator.section-1 to None, run_after=None
[2024-04-06T23:16:01.853+0000] {logging_mixin.py:188} INFO - [2024-04-06T23:16:01.853+0000] {dag.py:3834} INFO - Setting next_dagrun for example_subdag_operator.section-2 to None, run_after=None
[2024-04-06T23:16:01.861+0000] {logging_mixin.py:188} INFO - [2024-04-06T23:16:01.861+0000] {dag.py:3047} INFO - Sync 2 DAGs
[2024-04-06T23:16:01.866+0000] {logging_mixin.py:188} INFO - [2024-04-06T23:16:01.866+0000] {dag.py:3834} INFO - Setting next_dagrun for example_subdag_operator.section-1 to None, run_after=None
[2024-04-06T23:16:01.867+0000] {logging_mixin.py:188} INFO - [2024-04-06T23:16:01.867+0000] {dag.py:3834} INFO - Setting next_dagrun for example_subdag_operator.section-2 to None, run_after=None
[2024-04-06T23:16:01.888+0000] {processor.py:183} INFO - Processing /home/malangdataguy/miniconda3/envs/airflow_mdg/lib/python3.8/site-packages/airflow/example_dags/example_subdag_operator.py took 0.124 seconds
[2024-04-06T23:16:56.602+0000] {processor.py:161} INFO - Started process (PID=68844) to work on /home/malangdataguy/miniconda3/envs/airflow_mdg/lib/python3.8/site-packages/airflow/example_dags/example_subdag_operator.py
[2024-04-06T23:16:56.608+0000] {processor.py:830} INFO - Processing file /home/malangdataguy/miniconda3/envs/airflow_mdg/lib/python3.8/site-packages/airflow/example_dags/example_subdag_operator.py for tasks to queue
[2024-04-06T23:16:56.609+0000] {logging_mixin.py:188} INFO - [2024-04-06T23:16:56.609+0000] {dagbag.py:540} INFO - Filling up the DagBag from /home/malangdataguy/miniconda3/envs/airflow_mdg/lib/python3.8/site-packages/airflow/example_dags/example_subdag_operator.py
[2024-04-06T23:16:56.641+0000] {processor.py:840} INFO - DAG(s) 'example_subdag_operator.section-1', 'example_subdag_operator.section-2', 'example_subdag_operator' retrieved from /home/malangdataguy/miniconda3/envs/airflow_mdg/lib/python3.8/site-packages/airflow/example_dags/example_subdag_operator.py
[2024-04-06T23:16:56.664+0000] {logging_mixin.py:188} INFO - [2024-04-06T23:16:56.663+0000] {dag.py:3047} INFO - Sync 3 DAGs
[2024-04-06T23:16:56.690+0000] {logging_mixin.py:188} INFO - [2024-04-06T23:16:56.689+0000] {dag.py:3834} INFO - Setting next_dagrun for example_subdag_operator to 2022-01-01 00:00:00+00:00, run_after=2022-01-01 00:00:00+00:00
[2024-04-06T23:16:56.694+0000] {logging_mixin.py:188} INFO - [2024-04-06T23:16:56.694+0000] {dag.py:3834} INFO - Setting next_dagrun for example_subdag_operator.section-1 to None, run_after=None
[2024-04-06T23:16:56.695+0000] {logging_mixin.py:188} INFO - [2024-04-06T23:16:56.695+0000] {dag.py:3834} INFO - Setting next_dagrun for example_subdag_operator.section-2 to None, run_after=None
[2024-04-06T23:16:56.703+0000] {logging_mixin.py:188} INFO - [2024-04-06T23:16:56.703+0000] {dag.py:3047} INFO - Sync 2 DAGs
[2024-04-06T23:16:56.708+0000] {logging_mixin.py:188} INFO - [2024-04-06T23:16:56.708+0000] {dag.py:3834} INFO - Setting next_dagrun for example_subdag_operator.section-1 to None, run_after=None
[2024-04-06T23:16:56.709+0000] {logging_mixin.py:188} INFO - [2024-04-06T23:16:56.709+0000] {dag.py:3834} INFO - Setting next_dagrun for example_subdag_operator.section-2 to None, run_after=None
[2024-04-06T23:16:56.729+0000] {processor.py:183} INFO - Processing /home/malangdataguy/miniconda3/envs/airflow_mdg/lib/python3.8/site-packages/airflow/example_dags/example_subdag_operator.py took 0.133 seconds
[2024-04-06T23:17:38.259+0000] {processor.py:161} INFO - Started process (PID=68893) to work on /home/malangdataguy/miniconda3/envs/airflow_mdg/lib/python3.8/site-packages/airflow/example_dags/example_subdag_operator.py
[2024-04-06T23:17:38.262+0000] {processor.py:830} INFO - Processing file /home/malangdataguy/miniconda3/envs/airflow_mdg/lib/python3.8/site-packages/airflow/example_dags/example_subdag_operator.py for tasks to queue
[2024-04-06T23:17:38.263+0000] {logging_mixin.py:188} INFO - [2024-04-06T23:17:38.263+0000] {dagbag.py:540} INFO - Filling up the DagBag from /home/malangdataguy/miniconda3/envs/airflow_mdg/lib/python3.8/site-packages/airflow/example_dags/example_subdag_operator.py
[2024-04-06T23:17:38.297+0000] {processor.py:840} INFO - DAG(s) 'example_subdag_operator.section-1', 'example_subdag_operator.section-2', 'example_subdag_operator' retrieved from /home/malangdataguy/miniconda3/envs/airflow_mdg/lib/python3.8/site-packages/airflow/example_dags/example_subdag_operator.py
[2024-04-06T23:17:38.318+0000] {logging_mixin.py:188} INFO - [2024-04-06T23:17:38.318+0000] {dag.py:3047} INFO - Sync 3 DAGs
[2024-04-06T23:17:38.346+0000] {logging_mixin.py:188} INFO - [2024-04-06T23:17:38.345+0000] {dag.py:3834} INFO - Setting next_dagrun for example_subdag_operator to 2022-01-01 00:00:00+00:00, run_after=2022-01-01 00:00:00+00:00
[2024-04-06T23:17:38.350+0000] {logging_mixin.py:188} INFO - [2024-04-06T23:17:38.350+0000] {dag.py:3834} INFO - Setting next_dagrun for example_subdag_operator.section-1 to None, run_after=None
[2024-04-06T23:17:38.352+0000] {logging_mixin.py:188} INFO - [2024-04-06T23:17:38.351+0000] {dag.py:3834} INFO - Setting next_dagrun for example_subdag_operator.section-2 to None, run_after=None
[2024-04-06T23:17:38.360+0000] {logging_mixin.py:188} INFO - [2024-04-06T23:17:38.360+0000] {dag.py:3047} INFO - Sync 2 DAGs
[2024-04-06T23:17:38.366+0000] {logging_mixin.py:188} INFO - [2024-04-06T23:17:38.365+0000] {dag.py:3834} INFO - Setting next_dagrun for example_subdag_operator.section-1 to None, run_after=None
[2024-04-06T23:17:38.366+0000] {logging_mixin.py:188} INFO - [2024-04-06T23:17:38.366+0000] {dag.py:3834} INFO - Setting next_dagrun for example_subdag_operator.section-2 to None, run_after=None
[2024-04-06T23:17:38.387+0000] {processor.py:183} INFO - Processing /home/malangdataguy/miniconda3/envs/airflow_mdg/lib/python3.8/site-packages/airflow/example_dags/example_subdag_operator.py took 0.134 seconds
[2024-04-06T23:18:20.844+0000] {processor.py:161} INFO - Started process (PID=68936) to work on /home/malangdataguy/miniconda3/envs/airflow_mdg/lib/python3.8/site-packages/airflow/example_dags/example_subdag_operator.py
[2024-04-06T23:18:20.847+0000] {processor.py:830} INFO - Processing file /home/malangdataguy/miniconda3/envs/airflow_mdg/lib/python3.8/site-packages/airflow/example_dags/example_subdag_operator.py for tasks to queue
[2024-04-06T23:18:20.849+0000] {logging_mixin.py:188} INFO - [2024-04-06T23:18:20.848+0000] {dagbag.py:540} INFO - Filling up the DagBag from /home/malangdataguy/miniconda3/envs/airflow_mdg/lib/python3.8/site-packages/airflow/example_dags/example_subdag_operator.py
[2024-04-06T23:18:20.882+0000] {processor.py:840} INFO - DAG(s) 'example_subdag_operator.section-1', 'example_subdag_operator.section-2', 'example_subdag_operator' retrieved from /home/malangdataguy/miniconda3/envs/airflow_mdg/lib/python3.8/site-packages/airflow/example_dags/example_subdag_operator.py
[2024-04-06T23:18:20.904+0000] {logging_mixin.py:188} INFO - [2024-04-06T23:18:20.904+0000] {dag.py:3047} INFO - Sync 3 DAGs
[2024-04-06T23:18:20.931+0000] {logging_mixin.py:188} INFO - [2024-04-06T23:18:20.931+0000] {dag.py:3834} INFO - Setting next_dagrun for example_subdag_operator to 2022-01-01 00:00:00+00:00, run_after=2022-01-01 00:00:00+00:00
[2024-04-06T23:18:20.936+0000] {logging_mixin.py:188} INFO - [2024-04-06T23:18:20.935+0000] {dag.py:3834} INFO - Setting next_dagrun for example_subdag_operator.section-1 to None, run_after=None
[2024-04-06T23:18:20.937+0000] {logging_mixin.py:188} INFO - [2024-04-06T23:18:20.937+0000] {dag.py:3834} INFO - Setting next_dagrun for example_subdag_operator.section-2 to None, run_after=None
[2024-04-06T23:18:20.945+0000] {logging_mixin.py:188} INFO - [2024-04-06T23:18:20.944+0000] {dag.py:3047} INFO - Sync 2 DAGs
[2024-04-06T23:18:20.950+0000] {logging_mixin.py:188} INFO - [2024-04-06T23:18:20.949+0000] {dag.py:3834} INFO - Setting next_dagrun for example_subdag_operator.section-1 to None, run_after=None
[2024-04-06T23:18:20.950+0000] {logging_mixin.py:188} INFO - [2024-04-06T23:18:20.950+0000] {dag.py:3834} INFO - Setting next_dagrun for example_subdag_operator.section-2 to None, run_after=None
[2024-04-06T23:18:20.970+0000] {processor.py:183} INFO - Processing /home/malangdataguy/miniconda3/envs/airflow_mdg/lib/python3.8/site-packages/airflow/example_dags/example_subdag_operator.py took 0.131 seconds
[2024-04-06T23:19:02.448+0000] {processor.py:161} INFO - Started process (PID=68978) to work on /home/malangdataguy/miniconda3/envs/airflow_mdg/lib/python3.8/site-packages/airflow/example_dags/example_subdag_operator.py
[2024-04-06T23:19:02.451+0000] {processor.py:830} INFO - Processing file /home/malangdataguy/miniconda3/envs/airflow_mdg/lib/python3.8/site-packages/airflow/example_dags/example_subdag_operator.py for tasks to queue
[2024-04-06T23:19:02.453+0000] {logging_mixin.py:188} INFO - [2024-04-06T23:19:02.452+0000] {dagbag.py:540} INFO - Filling up the DagBag from /home/malangdataguy/miniconda3/envs/airflow_mdg/lib/python3.8/site-packages/airflow/example_dags/example_subdag_operator.py
[2024-04-06T23:19:02.489+0000] {processor.py:840} INFO - DAG(s) 'example_subdag_operator.section-1', 'example_subdag_operator.section-2', 'example_subdag_operator' retrieved from /home/malangdataguy/miniconda3/envs/airflow_mdg/lib/python3.8/site-packages/airflow/example_dags/example_subdag_operator.py
[2024-04-06T23:19:02.511+0000] {logging_mixin.py:188} INFO - [2024-04-06T23:19:02.511+0000] {dag.py:3047} INFO - Sync 3 DAGs
[2024-04-06T23:19:02.539+0000] {logging_mixin.py:188} INFO - [2024-04-06T23:19:02.539+0000] {dag.py:3834} INFO - Setting next_dagrun for example_subdag_operator to 2022-01-01 00:00:00+00:00, run_after=2022-01-01 00:00:00+00:00
[2024-04-06T23:19:02.544+0000] {logging_mixin.py:188} INFO - [2024-04-06T23:19:02.543+0000] {dag.py:3834} INFO - Setting next_dagrun for example_subdag_operator.section-1 to None, run_after=None
[2024-04-06T23:19:02.546+0000] {logging_mixin.py:188} INFO - [2024-04-06T23:19:02.545+0000] {dag.py:3834} INFO - Setting next_dagrun for example_subdag_operator.section-2 to None, run_after=None
[2024-04-06T23:19:02.555+0000] {logging_mixin.py:188} INFO - [2024-04-06T23:19:02.554+0000] {dag.py:3047} INFO - Sync 2 DAGs
[2024-04-06T23:19:02.561+0000] {logging_mixin.py:188} INFO - [2024-04-06T23:19:02.561+0000] {dag.py:3834} INFO - Setting next_dagrun for example_subdag_operator.section-1 to None, run_after=None
[2024-04-06T23:19:02.562+0000] {logging_mixin.py:188} INFO - [2024-04-06T23:19:02.562+0000] {dag.py:3834} INFO - Setting next_dagrun for example_subdag_operator.section-2 to None, run_after=None
[2024-04-06T23:19:02.585+0000] {processor.py:183} INFO - Processing /home/malangdataguy/miniconda3/envs/airflow_mdg/lib/python3.8/site-packages/airflow/example_dags/example_subdag_operator.py took 0.142 seconds
[2024-04-06T23:19:48.235+0000] {processor.py:161} INFO - Started process (PID=69022) to work on /home/malangdataguy/miniconda3/envs/airflow_mdg/lib/python3.8/site-packages/airflow/example_dags/example_subdag_operator.py
[2024-04-06T23:19:48.238+0000] {processor.py:830} INFO - Processing file /home/malangdataguy/miniconda3/envs/airflow_mdg/lib/python3.8/site-packages/airflow/example_dags/example_subdag_operator.py for tasks to queue
[2024-04-06T23:19:48.239+0000] {logging_mixin.py:188} INFO - [2024-04-06T23:19:48.239+0000] {dagbag.py:540} INFO - Filling up the DagBag from /home/malangdataguy/miniconda3/envs/airflow_mdg/lib/python3.8/site-packages/airflow/example_dags/example_subdag_operator.py
[2024-04-06T23:19:48.280+0000] {processor.py:840} INFO - DAG(s) 'example_subdag_operator.section-1', 'example_subdag_operator.section-2', 'example_subdag_operator' retrieved from /home/malangdataguy/miniconda3/envs/airflow_mdg/lib/python3.8/site-packages/airflow/example_dags/example_subdag_operator.py
[2024-04-06T23:19:48.306+0000] {logging_mixin.py:188} INFO - [2024-04-06T23:19:48.306+0000] {dag.py:3047} INFO - Sync 3 DAGs
[2024-04-06T23:19:48.337+0000] {logging_mixin.py:188} INFO - [2024-04-06T23:19:48.337+0000] {dag.py:3834} INFO - Setting next_dagrun for example_subdag_operator to 2022-01-01 00:00:00+00:00, run_after=2022-01-01 00:00:00+00:00
[2024-04-06T23:19:48.342+0000] {logging_mixin.py:188} INFO - [2024-04-06T23:19:48.342+0000] {dag.py:3834} INFO - Setting next_dagrun for example_subdag_operator.section-1 to None, run_after=None
[2024-04-06T23:19:48.343+0000] {logging_mixin.py:188} INFO - [2024-04-06T23:19:48.343+0000] {dag.py:3834} INFO - Setting next_dagrun for example_subdag_operator.section-2 to None, run_after=None
[2024-04-06T23:19:48.352+0000] {logging_mixin.py:188} INFO - [2024-04-06T23:19:48.352+0000] {dag.py:3047} INFO - Sync 2 DAGs
[2024-04-06T23:19:48.358+0000] {logging_mixin.py:188} INFO - [2024-04-06T23:19:48.357+0000] {dag.py:3834} INFO - Setting next_dagrun for example_subdag_operator.section-1 to None, run_after=None
[2024-04-06T23:19:48.358+0000] {logging_mixin.py:188} INFO - [2024-04-06T23:19:48.358+0000] {dag.py:3834} INFO - Setting next_dagrun for example_subdag_operator.section-2 to None, run_after=None
[2024-04-06T23:19:48.381+0000] {processor.py:183} INFO - Processing /home/malangdataguy/miniconda3/envs/airflow_mdg/lib/python3.8/site-packages/airflow/example_dags/example_subdag_operator.py took 0.150 seconds
[2024-04-06T23:20:35.190+0000] {processor.py:161} INFO - Started process (PID=69068) to work on /home/malangdataguy/miniconda3/envs/airflow_mdg/lib/python3.8/site-packages/airflow/example_dags/example_subdag_operator.py
[2024-04-06T23:20:35.193+0000] {processor.py:830} INFO - Processing file /home/malangdataguy/miniconda3/envs/airflow_mdg/lib/python3.8/site-packages/airflow/example_dags/example_subdag_operator.py for tasks to queue
[2024-04-06T23:20:35.194+0000] {logging_mixin.py:188} INFO - [2024-04-06T23:20:35.194+0000] {dagbag.py:540} INFO - Filling up the DagBag from /home/malangdataguy/miniconda3/envs/airflow_mdg/lib/python3.8/site-packages/airflow/example_dags/example_subdag_operator.py
[2024-04-06T23:20:35.230+0000] {processor.py:840} INFO - DAG(s) 'example_subdag_operator.section-1', 'example_subdag_operator.section-2', 'example_subdag_operator' retrieved from /home/malangdataguy/miniconda3/envs/airflow_mdg/lib/python3.8/site-packages/airflow/example_dags/example_subdag_operator.py
[2024-04-06T23:20:35.255+0000] {logging_mixin.py:188} INFO - [2024-04-06T23:20:35.255+0000] {dag.py:3047} INFO - Sync 3 DAGs
[2024-04-06T23:20:35.284+0000] {logging_mixin.py:188} INFO - [2024-04-06T23:20:35.284+0000] {dag.py:3834} INFO - Setting next_dagrun for example_subdag_operator to 2022-01-01 00:00:00+00:00, run_after=2022-01-01 00:00:00+00:00
[2024-04-06T23:20:35.289+0000] {logging_mixin.py:188} INFO - [2024-04-06T23:20:35.289+0000] {dag.py:3834} INFO - Setting next_dagrun for example_subdag_operator.section-1 to None, run_after=None
[2024-04-06T23:20:35.291+0000] {logging_mixin.py:188} INFO - [2024-04-06T23:20:35.291+0000] {dag.py:3834} INFO - Setting next_dagrun for example_subdag_operator.section-2 to None, run_after=None
[2024-04-06T23:20:35.300+0000] {logging_mixin.py:188} INFO - [2024-04-06T23:20:35.300+0000] {dag.py:3047} INFO - Sync 2 DAGs
[2024-04-06T23:20:35.307+0000] {logging_mixin.py:188} INFO - [2024-04-06T23:20:35.306+0000] {dag.py:3834} INFO - Setting next_dagrun for example_subdag_operator.section-1 to None, run_after=None
[2024-04-06T23:20:35.307+0000] {logging_mixin.py:188} INFO - [2024-04-06T23:20:35.307+0000] {dag.py:3834} INFO - Setting next_dagrun for example_subdag_operator.section-2 to None, run_after=None
[2024-04-06T23:20:35.332+0000] {processor.py:183} INFO - Processing /home/malangdataguy/miniconda3/envs/airflow_mdg/lib/python3.8/site-packages/airflow/example_dags/example_subdag_operator.py took 0.148 seconds
[2024-04-06T23:21:18.165+0000] {processor.py:161} INFO - Started process (PID=69114) to work on /home/malangdataguy/miniconda3/envs/airflow_mdg/lib/python3.8/site-packages/airflow/example_dags/example_subdag_operator.py
[2024-04-06T23:21:18.168+0000] {processor.py:830} INFO - Processing file /home/malangdataguy/miniconda3/envs/airflow_mdg/lib/python3.8/site-packages/airflow/example_dags/example_subdag_operator.py for tasks to queue
[2024-04-06T23:21:18.170+0000] {logging_mixin.py:188} INFO - [2024-04-06T23:21:18.169+0000] {dagbag.py:540} INFO - Filling up the DagBag from /home/malangdataguy/miniconda3/envs/airflow_mdg/lib/python3.8/site-packages/airflow/example_dags/example_subdag_operator.py
[2024-04-06T23:21:18.200+0000] {processor.py:840} INFO - DAG(s) 'example_subdag_operator.section-1', 'example_subdag_operator.section-2', 'example_subdag_operator' retrieved from /home/malangdataguy/miniconda3/envs/airflow_mdg/lib/python3.8/site-packages/airflow/example_dags/example_subdag_operator.py
[2024-04-06T23:21:18.220+0000] {logging_mixin.py:188} INFO - [2024-04-06T23:21:18.220+0000] {dag.py:3047} INFO - Sync 3 DAGs
[2024-04-06T23:21:18.244+0000] {logging_mixin.py:188} INFO - [2024-04-06T23:21:18.244+0000] {dag.py:3834} INFO - Setting next_dagrun for example_subdag_operator to 2022-01-01 00:00:00+00:00, run_after=2022-01-01 00:00:00+00:00
[2024-04-06T23:21:18.248+0000] {logging_mixin.py:188} INFO - [2024-04-06T23:21:18.248+0000] {dag.py:3834} INFO - Setting next_dagrun for example_subdag_operator.section-1 to None, run_after=None
[2024-04-06T23:21:18.249+0000] {logging_mixin.py:188} INFO - [2024-04-06T23:21:18.249+0000] {dag.py:3834} INFO - Setting next_dagrun for example_subdag_operator.section-2 to None, run_after=None
[2024-04-06T23:21:18.256+0000] {logging_mixin.py:188} INFO - [2024-04-06T23:21:18.256+0000] {dag.py:3047} INFO - Sync 2 DAGs
[2024-04-06T23:21:18.261+0000] {logging_mixin.py:188} INFO - [2024-04-06T23:21:18.261+0000] {dag.py:3834} INFO - Setting next_dagrun for example_subdag_operator.section-1 to None, run_after=None
[2024-04-06T23:21:18.262+0000] {logging_mixin.py:188} INFO - [2024-04-06T23:21:18.262+0000] {dag.py:3834} INFO - Setting next_dagrun for example_subdag_operator.section-2 to None, run_after=None
[2024-04-06T23:21:18.284+0000] {processor.py:183} INFO - Processing /home/malangdataguy/miniconda3/envs/airflow_mdg/lib/python3.8/site-packages/airflow/example_dags/example_subdag_operator.py took 0.124 seconds
[2024-04-06T23:22:19.090+0000] {processor.py:161} INFO - Started process (PID=69173) to work on /home/malangdataguy/miniconda3/envs/airflow_mdg/lib/python3.8/site-packages/airflow/example_dags/example_subdag_operator.py
[2024-04-06T23:22:19.094+0000] {processor.py:830} INFO - Processing file /home/malangdataguy/miniconda3/envs/airflow_mdg/lib/python3.8/site-packages/airflow/example_dags/example_subdag_operator.py for tasks to queue
[2024-04-06T23:22:19.095+0000] {logging_mixin.py:188} INFO - [2024-04-06T23:22:19.095+0000] {dagbag.py:540} INFO - Filling up the DagBag from /home/malangdataguy/miniconda3/envs/airflow_mdg/lib/python3.8/site-packages/airflow/example_dags/example_subdag_operator.py
[2024-04-06T23:22:19.129+0000] {processor.py:840} INFO - DAG(s) 'example_subdag_operator.section-1', 'example_subdag_operator.section-2', 'example_subdag_operator' retrieved from /home/malangdataguy/miniconda3/envs/airflow_mdg/lib/python3.8/site-packages/airflow/example_dags/example_subdag_operator.py
[2024-04-06T23:22:19.150+0000] {logging_mixin.py:188} INFO - [2024-04-06T23:22:19.150+0000] {dag.py:3047} INFO - Sync 3 DAGs
[2024-04-06T23:22:19.180+0000] {logging_mixin.py:188} INFO - [2024-04-06T23:22:19.179+0000] {dag.py:3834} INFO - Setting next_dagrun for example_subdag_operator to 2022-01-01 00:00:00+00:00, run_after=2022-01-01 00:00:00+00:00
[2024-04-06T23:22:19.184+0000] {logging_mixin.py:188} INFO - [2024-04-06T23:22:19.184+0000] {dag.py:3834} INFO - Setting next_dagrun for example_subdag_operator.section-1 to None, run_after=None
[2024-04-06T23:22:19.186+0000] {logging_mixin.py:188} INFO - [2024-04-06T23:22:19.185+0000] {dag.py:3834} INFO - Setting next_dagrun for example_subdag_operator.section-2 to None, run_after=None
[2024-04-06T23:22:19.195+0000] {logging_mixin.py:188} INFO - [2024-04-06T23:22:19.194+0000] {dag.py:3047} INFO - Sync 2 DAGs
[2024-04-06T23:22:19.201+0000] {logging_mixin.py:188} INFO - [2024-04-06T23:22:19.201+0000] {dag.py:3834} INFO - Setting next_dagrun for example_subdag_operator.section-1 to None, run_after=None
[2024-04-06T23:22:19.202+0000] {logging_mixin.py:188} INFO - [2024-04-06T23:22:19.202+0000] {dag.py:3834} INFO - Setting next_dagrun for example_subdag_operator.section-2 to None, run_after=None
[2024-04-06T23:22:19.227+0000] {processor.py:183} INFO - Processing /home/malangdataguy/miniconda3/envs/airflow_mdg/lib/python3.8/site-packages/airflow/example_dags/example_subdag_operator.py took 0.142 seconds
[2024-04-06T23:40:32.499+0000] {processor.py:161} INFO - Started process (PID=69290) to work on /home/malangdataguy/miniconda3/envs/airflow_mdg/lib/python3.8/site-packages/airflow/example_dags/example_subdag_operator.py
[2024-04-06T23:40:32.502+0000] {processor.py:830} INFO - Processing file /home/malangdataguy/miniconda3/envs/airflow_mdg/lib/python3.8/site-packages/airflow/example_dags/example_subdag_operator.py for tasks to queue
[2024-04-06T23:40:32.503+0000] {logging_mixin.py:188} INFO - [2024-04-06T23:40:32.503+0000] {dagbag.py:540} INFO - Filling up the DagBag from /home/malangdataguy/miniconda3/envs/airflow_mdg/lib/python3.8/site-packages/airflow/example_dags/example_subdag_operator.py
[2024-04-06T23:40:32.538+0000] {processor.py:840} INFO - DAG(s) 'example_subdag_operator.section-1', 'example_subdag_operator.section-2', 'example_subdag_operator' retrieved from /home/malangdataguy/miniconda3/envs/airflow_mdg/lib/python3.8/site-packages/airflow/example_dags/example_subdag_operator.py
[2024-04-06T23:40:32.563+0000] {logging_mixin.py:188} INFO - [2024-04-06T23:40:32.563+0000] {dag.py:3047} INFO - Sync 3 DAGs
[2024-04-06T23:40:32.594+0000] {logging_mixin.py:188} INFO - [2024-04-06T23:40:32.593+0000] {dag.py:3834} INFO - Setting next_dagrun for example_subdag_operator to 2022-01-01 00:00:00+00:00, run_after=2022-01-01 00:00:00+00:00
[2024-04-06T23:40:32.599+0000] {logging_mixin.py:188} INFO - [2024-04-06T23:40:32.598+0000] {dag.py:3834} INFO - Setting next_dagrun for example_subdag_operator.section-1 to None, run_after=None
[2024-04-06T23:40:32.600+0000] {logging_mixin.py:188} INFO - [2024-04-06T23:40:32.600+0000] {dag.py:3834} INFO - Setting next_dagrun for example_subdag_operator.section-2 to None, run_after=None
[2024-04-06T23:40:32.608+0000] {logging_mixin.py:188} INFO - [2024-04-06T23:40:32.608+0000] {dag.py:3047} INFO - Sync 2 DAGs
[2024-04-06T23:40:32.614+0000] {logging_mixin.py:188} INFO - [2024-04-06T23:40:32.614+0000] {dag.py:3834} INFO - Setting next_dagrun for example_subdag_operator.section-1 to None, run_after=None
[2024-04-06T23:40:32.615+0000] {logging_mixin.py:188} INFO - [2024-04-06T23:40:32.615+0000] {dag.py:3834} INFO - Setting next_dagrun for example_subdag_operator.section-2 to None, run_after=None
[2024-04-06T23:40:32.638+0000] {processor.py:183} INFO - Processing /home/malangdataguy/miniconda3/envs/airflow_mdg/lib/python3.8/site-packages/airflow/example_dags/example_subdag_operator.py took 0.145 seconds
[2024-04-06T23:41:23.489+0000] {processor.py:161} INFO - Started process (PID=69340) to work on /home/malangdataguy/miniconda3/envs/airflow_mdg/lib/python3.8/site-packages/airflow/example_dags/example_subdag_operator.py
[2024-04-06T23:41:23.492+0000] {processor.py:830} INFO - Processing file /home/malangdataguy/miniconda3/envs/airflow_mdg/lib/python3.8/site-packages/airflow/example_dags/example_subdag_operator.py for tasks to queue
[2024-04-06T23:41:23.494+0000] {logging_mixin.py:188} INFO - [2024-04-06T23:41:23.493+0000] {dagbag.py:540} INFO - Filling up the DagBag from /home/malangdataguy/miniconda3/envs/airflow_mdg/lib/python3.8/site-packages/airflow/example_dags/example_subdag_operator.py
[2024-04-06T23:41:23.530+0000] {processor.py:840} INFO - DAG(s) 'example_subdag_operator.section-1', 'example_subdag_operator.section-2', 'example_subdag_operator' retrieved from /home/malangdataguy/miniconda3/envs/airflow_mdg/lib/python3.8/site-packages/airflow/example_dags/example_subdag_operator.py
[2024-04-06T23:41:23.560+0000] {logging_mixin.py:188} INFO - [2024-04-06T23:41:23.559+0000] {dag.py:3047} INFO - Sync 3 DAGs
[2024-04-06T23:41:23.589+0000] {logging_mixin.py:188} INFO - [2024-04-06T23:41:23.589+0000] {dag.py:3834} INFO - Setting next_dagrun for example_subdag_operator to 2022-01-01 00:00:00+00:00, run_after=2022-01-01 00:00:00+00:00
[2024-04-06T23:41:23.595+0000] {logging_mixin.py:188} INFO - [2024-04-06T23:41:23.594+0000] {dag.py:3834} INFO - Setting next_dagrun for example_subdag_operator.section-1 to None, run_after=None
[2024-04-06T23:41:23.596+0000] {logging_mixin.py:188} INFO - [2024-04-06T23:41:23.596+0000] {dag.py:3834} INFO - Setting next_dagrun for example_subdag_operator.section-2 to None, run_after=None
[2024-04-06T23:41:23.606+0000] {logging_mixin.py:188} INFO - [2024-04-06T23:41:23.606+0000] {dag.py:3047} INFO - Sync 2 DAGs
[2024-04-06T23:41:23.612+0000] {logging_mixin.py:188} INFO - [2024-04-06T23:41:23.612+0000] {dag.py:3834} INFO - Setting next_dagrun for example_subdag_operator.section-1 to None, run_after=None
[2024-04-06T23:41:23.613+0000] {logging_mixin.py:188} INFO - [2024-04-06T23:41:23.613+0000] {dag.py:3834} INFO - Setting next_dagrun for example_subdag_operator.section-2 to None, run_after=None
[2024-04-06T23:41:23.636+0000] {processor.py:183} INFO - Processing /home/malangdataguy/miniconda3/envs/airflow_mdg/lib/python3.8/site-packages/airflow/example_dags/example_subdag_operator.py took 0.153 seconds
[2024-04-06T23:42:15.534+0000] {processor.py:161} INFO - Started process (PID=69390) to work on /home/malangdataguy/miniconda3/envs/airflow_mdg/lib/python3.8/site-packages/airflow/example_dags/example_subdag_operator.py
[2024-04-06T23:42:15.537+0000] {processor.py:830} INFO - Processing file /home/malangdataguy/miniconda3/envs/airflow_mdg/lib/python3.8/site-packages/airflow/example_dags/example_subdag_operator.py for tasks to queue
[2024-04-06T23:42:15.538+0000] {logging_mixin.py:188} INFO - [2024-04-06T23:42:15.537+0000] {dagbag.py:540} INFO - Filling up the DagBag from /home/malangdataguy/miniconda3/envs/airflow_mdg/lib/python3.8/site-packages/airflow/example_dags/example_subdag_operator.py
[2024-04-06T23:42:15.569+0000] {processor.py:840} INFO - DAG(s) 'example_subdag_operator.section-1', 'example_subdag_operator.section-2', 'example_subdag_operator' retrieved from /home/malangdataguy/miniconda3/envs/airflow_mdg/lib/python3.8/site-packages/airflow/example_dags/example_subdag_operator.py
[2024-04-06T23:42:15.591+0000] {logging_mixin.py:188} INFO - [2024-04-06T23:42:15.591+0000] {dag.py:3047} INFO - Sync 3 DAGs
[2024-04-06T23:42:15.615+0000] {logging_mixin.py:188} INFO - [2024-04-06T23:42:15.615+0000] {dag.py:3834} INFO - Setting next_dagrun for example_subdag_operator to 2022-01-01 00:00:00+00:00, run_after=2022-01-01 00:00:00+00:00
[2024-04-06T23:42:15.619+0000] {logging_mixin.py:188} INFO - [2024-04-06T23:42:15.619+0000] {dag.py:3834} INFO - Setting next_dagrun for example_subdag_operator.section-1 to None, run_after=None
[2024-04-06T23:42:15.621+0000] {logging_mixin.py:188} INFO - [2024-04-06T23:42:15.620+0000] {dag.py:3834} INFO - Setting next_dagrun for example_subdag_operator.section-2 to None, run_after=None
[2024-04-06T23:42:15.628+0000] {logging_mixin.py:188} INFO - [2024-04-06T23:42:15.627+0000] {dag.py:3047} INFO - Sync 2 DAGs
[2024-04-06T23:42:15.632+0000] {logging_mixin.py:188} INFO - [2024-04-06T23:42:15.632+0000] {dag.py:3834} INFO - Setting next_dagrun for example_subdag_operator.section-1 to None, run_after=None
[2024-04-06T23:42:15.633+0000] {logging_mixin.py:188} INFO - [2024-04-06T23:42:15.633+0000] {dag.py:3834} INFO - Setting next_dagrun for example_subdag_operator.section-2 to None, run_after=None
[2024-04-06T23:42:15.653+0000] {processor.py:183} INFO - Processing /home/malangdataguy/miniconda3/envs/airflow_mdg/lib/python3.8/site-packages/airflow/example_dags/example_subdag_operator.py took 0.124 seconds
[2024-04-06T23:42:58.959+0000] {processor.py:161} INFO - Started process (PID=69434) to work on /home/malangdataguy/miniconda3/envs/airflow_mdg/lib/python3.8/site-packages/airflow/example_dags/example_subdag_operator.py
[2024-04-06T23:42:58.961+0000] {processor.py:830} INFO - Processing file /home/malangdataguy/miniconda3/envs/airflow_mdg/lib/python3.8/site-packages/airflow/example_dags/example_subdag_operator.py for tasks to queue
[2024-04-06T23:42:58.963+0000] {logging_mixin.py:188} INFO - [2024-04-06T23:42:58.962+0000] {dagbag.py:540} INFO - Filling up the DagBag from /home/malangdataguy/miniconda3/envs/airflow_mdg/lib/python3.8/site-packages/airflow/example_dags/example_subdag_operator.py
[2024-04-06T23:42:58.993+0000] {processor.py:840} INFO - DAG(s) 'example_subdag_operator.section-1', 'example_subdag_operator.section-2', 'example_subdag_operator' retrieved from /home/malangdataguy/miniconda3/envs/airflow_mdg/lib/python3.8/site-packages/airflow/example_dags/example_subdag_operator.py
[2024-04-06T23:42:59.013+0000] {logging_mixin.py:188} INFO - [2024-04-06T23:42:59.013+0000] {dag.py:3047} INFO - Sync 3 DAGs
[2024-04-06T23:42:59.037+0000] {logging_mixin.py:188} INFO - [2024-04-06T23:42:59.036+0000] {dag.py:3834} INFO - Setting next_dagrun for example_subdag_operator to 2022-01-01 00:00:00+00:00, run_after=2022-01-01 00:00:00+00:00
[2024-04-06T23:42:59.046+0000] {logging_mixin.py:188} INFO - [2024-04-06T23:42:59.046+0000] {dag.py:3834} INFO - Setting next_dagrun for example_subdag_operator.section-1 to None, run_after=None
[2024-04-06T23:42:59.047+0000] {logging_mixin.py:188} INFO - [2024-04-06T23:42:59.047+0000] {dag.py:3834} INFO - Setting next_dagrun for example_subdag_operator.section-2 to None, run_after=None
[2024-04-06T23:42:59.055+0000] {logging_mixin.py:188} INFO - [2024-04-06T23:42:59.054+0000] {dag.py:3047} INFO - Sync 2 DAGs
[2024-04-06T23:42:59.061+0000] {logging_mixin.py:188} INFO - [2024-04-06T23:42:59.061+0000] {dag.py:3834} INFO - Setting next_dagrun for example_subdag_operator.section-1 to None, run_after=None
[2024-04-06T23:42:59.062+0000] {logging_mixin.py:188} INFO - [2024-04-06T23:42:59.061+0000] {dag.py:3834} INFO - Setting next_dagrun for example_subdag_operator.section-2 to None, run_after=None
[2024-04-06T23:42:59.083+0000] {processor.py:183} INFO - Processing /home/malangdataguy/miniconda3/envs/airflow_mdg/lib/python3.8/site-packages/airflow/example_dags/example_subdag_operator.py took 0.129 seconds
[2024-04-06T23:43:45.246+0000] {processor.py:161} INFO - Started process (PID=69489) to work on /home/malangdataguy/miniconda3/envs/airflow_mdg/lib/python3.8/site-packages/airflow/example_dags/example_subdag_operator.py
[2024-04-06T23:43:45.248+0000] {processor.py:830} INFO - Processing file /home/malangdataguy/miniconda3/envs/airflow_mdg/lib/python3.8/site-packages/airflow/example_dags/example_subdag_operator.py for tasks to queue
[2024-04-06T23:43:45.249+0000] {logging_mixin.py:188} INFO - [2024-04-06T23:43:45.249+0000] {dagbag.py:540} INFO - Filling up the DagBag from /home/malangdataguy/miniconda3/envs/airflow_mdg/lib/python3.8/site-packages/airflow/example_dags/example_subdag_operator.py
[2024-04-06T23:43:45.278+0000] {processor.py:840} INFO - DAG(s) 'example_subdag_operator.section-1', 'example_subdag_operator.section-2', 'example_subdag_operator' retrieved from /home/malangdataguy/miniconda3/envs/airflow_mdg/lib/python3.8/site-packages/airflow/example_dags/example_subdag_operator.py
[2024-04-06T23:43:45.296+0000] {logging_mixin.py:188} INFO - [2024-04-06T23:43:45.296+0000] {dag.py:3047} INFO - Sync 3 DAGs
[2024-04-06T23:43:45.319+0000] {logging_mixin.py:188} INFO - [2024-04-06T23:43:45.319+0000] {dag.py:3834} INFO - Setting next_dagrun for example_subdag_operator to 2022-01-01 00:00:00+00:00, run_after=2022-01-01 00:00:00+00:00
[2024-04-06T23:43:45.323+0000] {logging_mixin.py:188} INFO - [2024-04-06T23:43:45.323+0000] {dag.py:3834} INFO - Setting next_dagrun for example_subdag_operator.section-1 to None, run_after=None
[2024-04-06T23:43:45.324+0000] {logging_mixin.py:188} INFO - [2024-04-06T23:43:45.324+0000] {dag.py:3834} INFO - Setting next_dagrun for example_subdag_operator.section-2 to None, run_after=None
[2024-04-06T23:43:45.331+0000] {logging_mixin.py:188} INFO - [2024-04-06T23:43:45.331+0000] {dag.py:3047} INFO - Sync 2 DAGs
[2024-04-06T23:43:45.336+0000] {logging_mixin.py:188} INFO - [2024-04-06T23:43:45.335+0000] {dag.py:3834} INFO - Setting next_dagrun for example_subdag_operator.section-1 to None, run_after=None
[2024-04-06T23:43:45.336+0000] {logging_mixin.py:188} INFO - [2024-04-06T23:43:45.336+0000] {dag.py:3834} INFO - Setting next_dagrun for example_subdag_operator.section-2 to None, run_after=None
[2024-04-06T23:43:45.355+0000] {processor.py:183} INFO - Processing /home/malangdataguy/miniconda3/envs/airflow_mdg/lib/python3.8/site-packages/airflow/example_dags/example_subdag_operator.py took 0.114 seconds
[2024-04-06T23:44:28.718+0000] {processor.py:161} INFO - Started process (PID=69539) to work on /home/malangdataguy/miniconda3/envs/airflow_mdg/lib/python3.8/site-packages/airflow/example_dags/example_subdag_operator.py
[2024-04-06T23:44:28.720+0000] {processor.py:830} INFO - Processing file /home/malangdataguy/miniconda3/envs/airflow_mdg/lib/python3.8/site-packages/airflow/example_dags/example_subdag_operator.py for tasks to queue
[2024-04-06T23:44:28.722+0000] {logging_mixin.py:188} INFO - [2024-04-06T23:44:28.721+0000] {dagbag.py:540} INFO - Filling up the DagBag from /home/malangdataguy/miniconda3/envs/airflow_mdg/lib/python3.8/site-packages/airflow/example_dags/example_subdag_operator.py
[2024-04-06T23:44:28.755+0000] {processor.py:840} INFO - DAG(s) 'example_subdag_operator.section-1', 'example_subdag_operator.section-2', 'example_subdag_operator' retrieved from /home/malangdataguy/miniconda3/envs/airflow_mdg/lib/python3.8/site-packages/airflow/example_dags/example_subdag_operator.py
[2024-04-06T23:44:28.776+0000] {logging_mixin.py:188} INFO - [2024-04-06T23:44:28.776+0000] {dag.py:3047} INFO - Sync 3 DAGs
[2024-04-06T23:44:28.803+0000] {logging_mixin.py:188} INFO - [2024-04-06T23:44:28.803+0000] {dag.py:3834} INFO - Setting next_dagrun for example_subdag_operator to 2022-01-01 00:00:00+00:00, run_after=2022-01-01 00:00:00+00:00
[2024-04-06T23:44:28.807+0000] {logging_mixin.py:188} INFO - [2024-04-06T23:44:28.807+0000] {dag.py:3834} INFO - Setting next_dagrun for example_subdag_operator.section-1 to None, run_after=None
[2024-04-06T23:44:28.809+0000] {logging_mixin.py:188} INFO - [2024-04-06T23:44:28.809+0000] {dag.py:3834} INFO - Setting next_dagrun for example_subdag_operator.section-2 to None, run_after=None
[2024-04-06T23:44:28.817+0000] {logging_mixin.py:188} INFO - [2024-04-06T23:44:28.816+0000] {dag.py:3047} INFO - Sync 2 DAGs
[2024-04-06T23:44:28.822+0000] {logging_mixin.py:188} INFO - [2024-04-06T23:44:28.821+0000] {dag.py:3834} INFO - Setting next_dagrun for example_subdag_operator.section-1 to None, run_after=None
[2024-04-06T23:44:28.822+0000] {logging_mixin.py:188} INFO - [2024-04-06T23:44:28.822+0000] {dag.py:3834} INFO - Setting next_dagrun for example_subdag_operator.section-2 to None, run_after=None
[2024-04-06T23:44:28.844+0000] {processor.py:183} INFO - Processing /home/malangdataguy/miniconda3/envs/airflow_mdg/lib/python3.8/site-packages/airflow/example_dags/example_subdag_operator.py took 0.131 seconds
[2024-04-06T23:45:11.622+0000] {processor.py:161} INFO - Started process (PID=69585) to work on /home/malangdataguy/miniconda3/envs/airflow_mdg/lib/python3.8/site-packages/airflow/example_dags/example_subdag_operator.py
[2024-04-06T23:45:11.624+0000] {processor.py:830} INFO - Processing file /home/malangdataguy/miniconda3/envs/airflow_mdg/lib/python3.8/site-packages/airflow/example_dags/example_subdag_operator.py for tasks to queue
[2024-04-06T23:45:11.626+0000] {logging_mixin.py:188} INFO - [2024-04-06T23:45:11.625+0000] {dagbag.py:540} INFO - Filling up the DagBag from /home/malangdataguy/miniconda3/envs/airflow_mdg/lib/python3.8/site-packages/airflow/example_dags/example_subdag_operator.py
[2024-04-06T23:45:11.655+0000] {processor.py:840} INFO - DAG(s) 'example_subdag_operator.section-1', 'example_subdag_operator.section-2', 'example_subdag_operator' retrieved from /home/malangdataguy/miniconda3/envs/airflow_mdg/lib/python3.8/site-packages/airflow/example_dags/example_subdag_operator.py
[2024-04-06T23:45:11.674+0000] {logging_mixin.py:188} INFO - [2024-04-06T23:45:11.674+0000] {dag.py:3047} INFO - Sync 3 DAGs
[2024-04-06T23:45:11.700+0000] {logging_mixin.py:188} INFO - [2024-04-06T23:45:11.700+0000] {dag.py:3834} INFO - Setting next_dagrun for example_subdag_operator to 2022-01-01 00:00:00+00:00, run_after=2022-01-01 00:00:00+00:00
[2024-04-06T23:45:11.705+0000] {logging_mixin.py:188} INFO - [2024-04-06T23:45:11.704+0000] {dag.py:3834} INFO - Setting next_dagrun for example_subdag_operator.section-1 to None, run_after=None
[2024-04-06T23:45:11.706+0000] {logging_mixin.py:188} INFO - [2024-04-06T23:45:11.706+0000] {dag.py:3834} INFO - Setting next_dagrun for example_subdag_operator.section-2 to None, run_after=None
[2024-04-06T23:45:11.713+0000] {logging_mixin.py:188} INFO - [2024-04-06T23:45:11.713+0000] {dag.py:3047} INFO - Sync 2 DAGs
[2024-04-06T23:45:11.718+0000] {logging_mixin.py:188} INFO - [2024-04-06T23:45:11.718+0000] {dag.py:3834} INFO - Setting next_dagrun for example_subdag_operator.section-1 to None, run_after=None
[2024-04-06T23:45:11.718+0000] {logging_mixin.py:188} INFO - [2024-04-06T23:45:11.718+0000] {dag.py:3834} INFO - Setting next_dagrun for example_subdag_operator.section-2 to None, run_after=None
[2024-04-06T23:45:11.739+0000] {processor.py:183} INFO - Processing /home/malangdataguy/miniconda3/envs/airflow_mdg/lib/python3.8/site-packages/airflow/example_dags/example_subdag_operator.py took 0.122 seconds
[2024-04-06T23:45:55.245+0000] {processor.py:161} INFO - Started process (PID=69630) to work on /home/malangdataguy/miniconda3/envs/airflow_mdg/lib/python3.8/site-packages/airflow/example_dags/example_subdag_operator.py
[2024-04-06T23:45:55.248+0000] {processor.py:830} INFO - Processing file /home/malangdataguy/miniconda3/envs/airflow_mdg/lib/python3.8/site-packages/airflow/example_dags/example_subdag_operator.py for tasks to queue
[2024-04-06T23:45:55.249+0000] {logging_mixin.py:188} INFO - [2024-04-06T23:45:55.249+0000] {dagbag.py:540} INFO - Filling up the DagBag from /home/malangdataguy/miniconda3/envs/airflow_mdg/lib/python3.8/site-packages/airflow/example_dags/example_subdag_operator.py
[2024-04-06T23:45:55.279+0000] {processor.py:840} INFO - DAG(s) 'example_subdag_operator.section-1', 'example_subdag_operator.section-2', 'example_subdag_operator' retrieved from /home/malangdataguy/miniconda3/envs/airflow_mdg/lib/python3.8/site-packages/airflow/example_dags/example_subdag_operator.py
[2024-04-06T23:45:55.299+0000] {logging_mixin.py:188} INFO - [2024-04-06T23:45:55.298+0000] {dag.py:3047} INFO - Sync 3 DAGs
[2024-04-06T23:45:55.322+0000] {logging_mixin.py:188} INFO - [2024-04-06T23:45:55.321+0000] {dag.py:3834} INFO - Setting next_dagrun for example_subdag_operator to 2022-01-01 00:00:00+00:00, run_after=2022-01-01 00:00:00+00:00
[2024-04-06T23:45:55.326+0000] {logging_mixin.py:188} INFO - [2024-04-06T23:45:55.325+0000] {dag.py:3834} INFO - Setting next_dagrun for example_subdag_operator.section-1 to None, run_after=None
[2024-04-06T23:45:55.327+0000] {logging_mixin.py:188} INFO - [2024-04-06T23:45:55.327+0000] {dag.py:3834} INFO - Setting next_dagrun for example_subdag_operator.section-2 to None, run_after=None
[2024-04-06T23:45:55.334+0000] {logging_mixin.py:188} INFO - [2024-04-06T23:45:55.334+0000] {dag.py:3047} INFO - Sync 2 DAGs
[2024-04-06T23:45:55.340+0000] {logging_mixin.py:188} INFO - [2024-04-06T23:45:55.339+0000] {dag.py:3834} INFO - Setting next_dagrun for example_subdag_operator.section-1 to None, run_after=None
[2024-04-06T23:45:55.340+0000] {logging_mixin.py:188} INFO - [2024-04-06T23:45:55.340+0000] {dag.py:3834} INFO - Setting next_dagrun for example_subdag_operator.section-2 to None, run_after=None
[2024-04-06T23:45:55.363+0000] {processor.py:183} INFO - Processing /home/malangdataguy/miniconda3/envs/airflow_mdg/lib/python3.8/site-packages/airflow/example_dags/example_subdag_operator.py took 0.122 seconds
[2024-04-06T23:46:36.094+0000] {processor.py:161} INFO - Started process (PID=69689) to work on /home/malangdataguy/miniconda3/envs/airflow_mdg/lib/python3.8/site-packages/airflow/example_dags/example_subdag_operator.py
[2024-04-06T23:46:36.097+0000] {processor.py:830} INFO - Processing file /home/malangdataguy/miniconda3/envs/airflow_mdg/lib/python3.8/site-packages/airflow/example_dags/example_subdag_operator.py for tasks to queue
[2024-04-06T23:46:36.099+0000] {logging_mixin.py:188} INFO - [2024-04-06T23:46:36.098+0000] {dagbag.py:540} INFO - Filling up the DagBag from /home/malangdataguy/miniconda3/envs/airflow_mdg/lib/python3.8/site-packages/airflow/example_dags/example_subdag_operator.py
[2024-04-06T23:46:36.133+0000] {processor.py:840} INFO - DAG(s) 'example_subdag_operator.section-1', 'example_subdag_operator.section-2', 'example_subdag_operator' retrieved from /home/malangdataguy/miniconda3/envs/airflow_mdg/lib/python3.8/site-packages/airflow/example_dags/example_subdag_operator.py
[2024-04-06T23:46:36.155+0000] {logging_mixin.py:188} INFO - [2024-04-06T23:46:36.155+0000] {dag.py:3047} INFO - Sync 3 DAGs
[2024-04-06T23:46:36.184+0000] {logging_mixin.py:188} INFO - [2024-04-06T23:46:36.183+0000] {dag.py:3834} INFO - Setting next_dagrun for example_subdag_operator to 2022-01-01 00:00:00+00:00, run_after=2022-01-01 00:00:00+00:00
[2024-04-06T23:46:36.188+0000] {logging_mixin.py:188} INFO - [2024-04-06T23:46:36.188+0000] {dag.py:3834} INFO - Setting next_dagrun for example_subdag_operator.section-1 to None, run_after=None
[2024-04-06T23:46:36.190+0000] {logging_mixin.py:188} INFO - [2024-04-06T23:46:36.189+0000] {dag.py:3834} INFO - Setting next_dagrun for example_subdag_operator.section-2 to None, run_after=None
[2024-04-06T23:46:36.197+0000] {logging_mixin.py:188} INFO - [2024-04-06T23:46:36.197+0000] {dag.py:3047} INFO - Sync 2 DAGs
[2024-04-06T23:46:36.203+0000] {logging_mixin.py:188} INFO - [2024-04-06T23:46:36.203+0000] {dag.py:3834} INFO - Setting next_dagrun for example_subdag_operator.section-1 to None, run_after=None
[2024-04-06T23:46:36.203+0000] {logging_mixin.py:188} INFO - [2024-04-06T23:46:36.203+0000] {dag.py:3834} INFO - Setting next_dagrun for example_subdag_operator.section-2 to None, run_after=None
[2024-04-06T23:46:36.228+0000] {processor.py:183} INFO - Processing /home/malangdataguy/miniconda3/envs/airflow_mdg/lib/python3.8/site-packages/airflow/example_dags/example_subdag_operator.py took 0.139 seconds
[2024-04-06T23:47:34.232+0000] {processor.py:161} INFO - Started process (PID=69765) to work on /home/malangdataguy/miniconda3/envs/airflow_mdg/lib/python3.8/site-packages/airflow/example_dags/example_subdag_operator.py
[2024-04-06T23:47:34.235+0000] {processor.py:830} INFO - Processing file /home/malangdataguy/miniconda3/envs/airflow_mdg/lib/python3.8/site-packages/airflow/example_dags/example_subdag_operator.py for tasks to queue
[2024-04-06T23:47:34.236+0000] {logging_mixin.py:188} INFO - [2024-04-06T23:47:34.236+0000] {dagbag.py:540} INFO - Filling up the DagBag from /home/malangdataguy/miniconda3/envs/airflow_mdg/lib/python3.8/site-packages/airflow/example_dags/example_subdag_operator.py
[2024-04-06T23:47:34.270+0000] {processor.py:840} INFO - DAG(s) 'example_subdag_operator.section-1', 'example_subdag_operator.section-2', 'example_subdag_operator' retrieved from /home/malangdataguy/miniconda3/envs/airflow_mdg/lib/python3.8/site-packages/airflow/example_dags/example_subdag_operator.py
[2024-04-06T23:47:34.291+0000] {logging_mixin.py:188} INFO - [2024-04-06T23:47:34.291+0000] {dag.py:3047} INFO - Sync 3 DAGs
[2024-04-06T23:47:34.318+0000] {logging_mixin.py:188} INFO - [2024-04-06T23:47:34.318+0000] {dag.py:3834} INFO - Setting next_dagrun for example_subdag_operator to 2022-01-01 00:00:00+00:00, run_after=2022-01-01 00:00:00+00:00
[2024-04-06T23:47:34.323+0000] {logging_mixin.py:188} INFO - [2024-04-06T23:47:34.323+0000] {dag.py:3834} INFO - Setting next_dagrun for example_subdag_operator.section-1 to None, run_after=None
[2024-04-06T23:47:34.324+0000] {logging_mixin.py:188} INFO - [2024-04-06T23:47:34.324+0000] {dag.py:3834} INFO - Setting next_dagrun for example_subdag_operator.section-2 to None, run_after=None
[2024-04-06T23:47:34.332+0000] {logging_mixin.py:188} INFO - [2024-04-06T23:47:34.332+0000] {dag.py:3047} INFO - Sync 2 DAGs
[2024-04-06T23:47:34.337+0000] {logging_mixin.py:188} INFO - [2024-04-06T23:47:34.337+0000] {dag.py:3834} INFO - Setting next_dagrun for example_subdag_operator.section-1 to None, run_after=None
[2024-04-06T23:47:34.338+0000] {logging_mixin.py:188} INFO - [2024-04-06T23:47:34.337+0000] {dag.py:3834} INFO - Setting next_dagrun for example_subdag_operator.section-2 to None, run_after=None
[2024-04-06T23:47:34.361+0000] {processor.py:183} INFO - Processing /home/malangdataguy/miniconda3/envs/airflow_mdg/lib/python3.8/site-packages/airflow/example_dags/example_subdag_operator.py took 0.134 seconds
[2024-04-06T23:48:16.200+0000] {processor.py:161} INFO - Started process (PID=69812) to work on /home/malangdataguy/miniconda3/envs/airflow_mdg/lib/python3.8/site-packages/airflow/example_dags/example_subdag_operator.py
[2024-04-06T23:48:16.202+0000] {processor.py:830} INFO - Processing file /home/malangdataguy/miniconda3/envs/airflow_mdg/lib/python3.8/site-packages/airflow/example_dags/example_subdag_operator.py for tasks to queue
[2024-04-06T23:48:16.204+0000] {logging_mixin.py:188} INFO - [2024-04-06T23:48:16.203+0000] {dagbag.py:540} INFO - Filling up the DagBag from /home/malangdataguy/miniconda3/envs/airflow_mdg/lib/python3.8/site-packages/airflow/example_dags/example_subdag_operator.py
[2024-04-06T23:48:16.234+0000] {processor.py:840} INFO - DAG(s) 'example_subdag_operator.section-1', 'example_subdag_operator.section-2', 'example_subdag_operator' retrieved from /home/malangdataguy/miniconda3/envs/airflow_mdg/lib/python3.8/site-packages/airflow/example_dags/example_subdag_operator.py
[2024-04-06T23:48:16.253+0000] {logging_mixin.py:188} INFO - [2024-04-06T23:48:16.253+0000] {dag.py:3047} INFO - Sync 3 DAGs
[2024-04-06T23:48:16.278+0000] {logging_mixin.py:188} INFO - [2024-04-06T23:48:16.277+0000] {dag.py:3834} INFO - Setting next_dagrun for example_subdag_operator to 2022-01-01 00:00:00+00:00, run_after=2022-01-01 00:00:00+00:00
[2024-04-06T23:48:16.283+0000] {logging_mixin.py:188} INFO - [2024-04-06T23:48:16.282+0000] {dag.py:3834} INFO - Setting next_dagrun for example_subdag_operator.section-1 to None, run_after=None
[2024-04-06T23:48:16.284+0000] {logging_mixin.py:188} INFO - [2024-04-06T23:48:16.284+0000] {dag.py:3834} INFO - Setting next_dagrun for example_subdag_operator.section-2 to None, run_after=None
[2024-04-06T23:48:16.293+0000] {logging_mixin.py:188} INFO - [2024-04-06T23:48:16.292+0000] {dag.py:3047} INFO - Sync 2 DAGs
[2024-04-06T23:48:16.297+0000] {logging_mixin.py:188} INFO - [2024-04-06T23:48:16.297+0000] {dag.py:3834} INFO - Setting next_dagrun for example_subdag_operator.section-1 to None, run_after=None
[2024-04-06T23:48:16.298+0000] {logging_mixin.py:188} INFO - [2024-04-06T23:48:16.298+0000] {dag.py:3834} INFO - Setting next_dagrun for example_subdag_operator.section-2 to None, run_after=None
[2024-04-06T23:48:16.317+0000] {processor.py:183} INFO - Processing /home/malangdataguy/miniconda3/envs/airflow_mdg/lib/python3.8/site-packages/airflow/example_dags/example_subdag_operator.py took 0.122 seconds
[2024-04-06T23:48:58.950+0000] {processor.py:161} INFO - Started process (PID=69854) to work on /home/malangdataguy/miniconda3/envs/airflow_mdg/lib/python3.8/site-packages/airflow/example_dags/example_subdag_operator.py
[2024-04-06T23:48:58.952+0000] {processor.py:830} INFO - Processing file /home/malangdataguy/miniconda3/envs/airflow_mdg/lib/python3.8/site-packages/airflow/example_dags/example_subdag_operator.py for tasks to queue
[2024-04-06T23:48:58.953+0000] {logging_mixin.py:188} INFO - [2024-04-06T23:48:58.953+0000] {dagbag.py:540} INFO - Filling up the DagBag from /home/malangdataguy/miniconda3/envs/airflow_mdg/lib/python3.8/site-packages/airflow/example_dags/example_subdag_operator.py
[2024-04-06T23:48:58.984+0000] {processor.py:840} INFO - DAG(s) 'example_subdag_operator.section-1', 'example_subdag_operator.section-2', 'example_subdag_operator' retrieved from /home/malangdataguy/miniconda3/envs/airflow_mdg/lib/python3.8/site-packages/airflow/example_dags/example_subdag_operator.py
[2024-04-06T23:48:59.003+0000] {logging_mixin.py:188} INFO - [2024-04-06T23:48:59.003+0000] {dag.py:3047} INFO - Sync 3 DAGs
[2024-04-06T23:48:59.028+0000] {logging_mixin.py:188} INFO - [2024-04-06T23:48:59.027+0000] {dag.py:3834} INFO - Setting next_dagrun for example_subdag_operator to 2022-01-01 00:00:00+00:00, run_after=2022-01-01 00:00:00+00:00
[2024-04-06T23:48:59.031+0000] {logging_mixin.py:188} INFO - [2024-04-06T23:48:59.031+0000] {dag.py:3834} INFO - Setting next_dagrun for example_subdag_operator.section-1 to None, run_after=None
[2024-04-06T23:48:59.032+0000] {logging_mixin.py:188} INFO - [2024-04-06T23:48:59.032+0000] {dag.py:3834} INFO - Setting next_dagrun for example_subdag_operator.section-2 to None, run_after=None
[2024-04-06T23:48:59.039+0000] {logging_mixin.py:188} INFO - [2024-04-06T23:48:59.039+0000] {dag.py:3047} INFO - Sync 2 DAGs
[2024-04-06T23:48:59.044+0000] {logging_mixin.py:188} INFO - [2024-04-06T23:48:59.044+0000] {dag.py:3834} INFO - Setting next_dagrun for example_subdag_operator.section-1 to None, run_after=None
[2024-04-06T23:48:59.044+0000] {logging_mixin.py:188} INFO - [2024-04-06T23:48:59.044+0000] {dag.py:3834} INFO - Setting next_dagrun for example_subdag_operator.section-2 to None, run_after=None
[2024-04-06T23:48:59.064+0000] {processor.py:183} INFO - Processing /home/malangdataguy/miniconda3/envs/airflow_mdg/lib/python3.8/site-packages/airflow/example_dags/example_subdag_operator.py took 0.119 seconds
[2024-04-06T23:49:42.607+0000] {processor.py:161} INFO - Started process (PID=69897) to work on /home/malangdataguy/miniconda3/envs/airflow_mdg/lib/python3.8/site-packages/airflow/example_dags/example_subdag_operator.py
[2024-04-06T23:49:42.610+0000] {processor.py:830} INFO - Processing file /home/malangdataguy/miniconda3/envs/airflow_mdg/lib/python3.8/site-packages/airflow/example_dags/example_subdag_operator.py for tasks to queue
[2024-04-06T23:49:42.611+0000] {logging_mixin.py:188} INFO - [2024-04-06T23:49:42.611+0000] {dagbag.py:540} INFO - Filling up the DagBag from /home/malangdataguy/miniconda3/envs/airflow_mdg/lib/python3.8/site-packages/airflow/example_dags/example_subdag_operator.py
[2024-04-06T23:49:42.646+0000] {processor.py:840} INFO - DAG(s) 'example_subdag_operator.section-1', 'example_subdag_operator.section-2', 'example_subdag_operator' retrieved from /home/malangdataguy/miniconda3/envs/airflow_mdg/lib/python3.8/site-packages/airflow/example_dags/example_subdag_operator.py
[2024-04-06T23:49:42.668+0000] {logging_mixin.py:188} INFO - [2024-04-06T23:49:42.668+0000] {dag.py:3047} INFO - Sync 3 DAGs
[2024-04-06T23:49:42.697+0000] {logging_mixin.py:188} INFO - [2024-04-06T23:49:42.697+0000] {dag.py:3834} INFO - Setting next_dagrun for example_subdag_operator to 2022-01-01 00:00:00+00:00, run_after=2022-01-01 00:00:00+00:00
[2024-04-06T23:49:42.702+0000] {logging_mixin.py:188} INFO - [2024-04-06T23:49:42.701+0000] {dag.py:3834} INFO - Setting next_dagrun for example_subdag_operator.section-1 to None, run_after=None
[2024-04-06T23:49:42.703+0000] {logging_mixin.py:188} INFO - [2024-04-06T23:49:42.703+0000] {dag.py:3834} INFO - Setting next_dagrun for example_subdag_operator.section-2 to None, run_after=None
[2024-04-06T23:49:42.712+0000] {logging_mixin.py:188} INFO - [2024-04-06T23:49:42.712+0000] {dag.py:3047} INFO - Sync 2 DAGs
[2024-04-06T23:49:42.718+0000] {logging_mixin.py:188} INFO - [2024-04-06T23:49:42.717+0000] {dag.py:3834} INFO - Setting next_dagrun for example_subdag_operator.section-1 to None, run_after=None
[2024-04-06T23:49:42.718+0000] {logging_mixin.py:188} INFO - [2024-04-06T23:49:42.718+0000] {dag.py:3834} INFO - Setting next_dagrun for example_subdag_operator.section-2 to None, run_after=None
[2024-04-06T23:49:42.740+0000] {processor.py:183} INFO - Processing /home/malangdataguy/miniconda3/envs/airflow_mdg/lib/python3.8/site-packages/airflow/example_dags/example_subdag_operator.py took 0.139 seconds
[2024-04-06T23:50:39.657+0000] {processor.py:161} INFO - Started process (PID=69956) to work on /home/malangdataguy/miniconda3/envs/airflow_mdg/lib/python3.8/site-packages/airflow/example_dags/example_subdag_operator.py
[2024-04-06T23:50:39.659+0000] {processor.py:830} INFO - Processing file /home/malangdataguy/miniconda3/envs/airflow_mdg/lib/python3.8/site-packages/airflow/example_dags/example_subdag_operator.py for tasks to queue
[2024-04-06T23:50:39.661+0000] {logging_mixin.py:188} INFO - [2024-04-06T23:50:39.660+0000] {dagbag.py:540} INFO - Filling up the DagBag from /home/malangdataguy/miniconda3/envs/airflow_mdg/lib/python3.8/site-packages/airflow/example_dags/example_subdag_operator.py
[2024-04-06T23:50:39.691+0000] {processor.py:840} INFO - DAG(s) 'example_subdag_operator.section-1', 'example_subdag_operator.section-2', 'example_subdag_operator' retrieved from /home/malangdataguy/miniconda3/envs/airflow_mdg/lib/python3.8/site-packages/airflow/example_dags/example_subdag_operator.py
[2024-04-06T23:50:39.710+0000] {logging_mixin.py:188} INFO - [2024-04-06T23:50:39.710+0000] {dag.py:3047} INFO - Sync 3 DAGs
[2024-04-06T23:50:39.734+0000] {logging_mixin.py:188} INFO - [2024-04-06T23:50:39.734+0000] {dag.py:3834} INFO - Setting next_dagrun for example_subdag_operator to 2022-01-01 00:00:00+00:00, run_after=2022-01-01 00:00:00+00:00
[2024-04-06T23:50:39.738+0000] {logging_mixin.py:188} INFO - [2024-04-06T23:50:39.737+0000] {dag.py:3834} INFO - Setting next_dagrun for example_subdag_operator.section-1 to None, run_after=None
[2024-04-06T23:50:39.739+0000] {logging_mixin.py:188} INFO - [2024-04-06T23:50:39.739+0000] {dag.py:3834} INFO - Setting next_dagrun for example_subdag_operator.section-2 to None, run_after=None
[2024-04-06T23:50:39.747+0000] {logging_mixin.py:188} INFO - [2024-04-06T23:50:39.747+0000] {dag.py:3047} INFO - Sync 2 DAGs
[2024-04-06T23:50:39.752+0000] {logging_mixin.py:188} INFO - [2024-04-06T23:50:39.751+0000] {dag.py:3834} INFO - Setting next_dagrun for example_subdag_operator.section-1 to None, run_after=None
[2024-04-06T23:50:39.752+0000] {logging_mixin.py:188} INFO - [2024-04-06T23:50:39.752+0000] {dag.py:3834} INFO - Setting next_dagrun for example_subdag_operator.section-2 to None, run_after=None
[2024-04-06T23:50:39.772+0000] {processor.py:183} INFO - Processing /home/malangdataguy/miniconda3/envs/airflow_mdg/lib/python3.8/site-packages/airflow/example_dags/example_subdag_operator.py took 0.120 seconds
[2024-04-06T23:51:21.932+0000] {processor.py:161} INFO - Started process (PID=70001) to work on /home/malangdataguy/miniconda3/envs/airflow_mdg/lib/python3.8/site-packages/airflow/example_dags/example_subdag_operator.py
[2024-04-06T23:51:21.935+0000] {processor.py:830} INFO - Processing file /home/malangdataguy/miniconda3/envs/airflow_mdg/lib/python3.8/site-packages/airflow/example_dags/example_subdag_operator.py for tasks to queue
[2024-04-06T23:51:21.937+0000] {logging_mixin.py:188} INFO - [2024-04-06T23:51:21.936+0000] {dagbag.py:540} INFO - Filling up the DagBag from /home/malangdataguy/miniconda3/envs/airflow_mdg/lib/python3.8/site-packages/airflow/example_dags/example_subdag_operator.py
[2024-04-06T23:51:21.972+0000] {processor.py:840} INFO - DAG(s) 'example_subdag_operator.section-1', 'example_subdag_operator.section-2', 'example_subdag_operator' retrieved from /home/malangdataguy/miniconda3/envs/airflow_mdg/lib/python3.8/site-packages/airflow/example_dags/example_subdag_operator.py
[2024-04-06T23:51:21.994+0000] {logging_mixin.py:188} INFO - [2024-04-06T23:51:21.994+0000] {dag.py:3047} INFO - Sync 3 DAGs
[2024-04-06T23:51:22.021+0000] {logging_mixin.py:188} INFO - [2024-04-06T23:51:22.021+0000] {dag.py:3834} INFO - Setting next_dagrun for example_subdag_operator to 2022-01-01 00:00:00+00:00, run_after=2022-01-01 00:00:00+00:00
[2024-04-06T23:51:22.026+0000] {logging_mixin.py:188} INFO - [2024-04-06T23:51:22.026+0000] {dag.py:3834} INFO - Setting next_dagrun for example_subdag_operator.section-1 to None, run_after=None
[2024-04-06T23:51:22.028+0000] {logging_mixin.py:188} INFO - [2024-04-06T23:51:22.028+0000] {dag.py:3834} INFO - Setting next_dagrun for example_subdag_operator.section-2 to None, run_after=None
[2024-04-06T23:51:22.037+0000] {logging_mixin.py:188} INFO - [2024-04-06T23:51:22.036+0000] {dag.py:3047} INFO - Sync 2 DAGs
[2024-04-06T23:51:22.043+0000] {logging_mixin.py:188} INFO - [2024-04-06T23:51:22.042+0000] {dag.py:3834} INFO - Setting next_dagrun for example_subdag_operator.section-1 to None, run_after=None
[2024-04-06T23:51:22.043+0000] {logging_mixin.py:188} INFO - [2024-04-06T23:51:22.043+0000] {dag.py:3834} INFO - Setting next_dagrun for example_subdag_operator.section-2 to None, run_after=None
[2024-04-06T23:51:22.068+0000] {processor.py:183} INFO - Processing /home/malangdataguy/miniconda3/envs/airflow_mdg/lib/python3.8/site-packages/airflow/example_dags/example_subdag_operator.py took 0.141 seconds
[2024-04-06T23:52:05.531+0000] {processor.py:161} INFO - Started process (PID=70044) to work on /home/malangdataguy/miniconda3/envs/airflow_mdg/lib/python3.8/site-packages/airflow/example_dags/example_subdag_operator.py
[2024-04-06T23:52:05.534+0000] {processor.py:830} INFO - Processing file /home/malangdataguy/miniconda3/envs/airflow_mdg/lib/python3.8/site-packages/airflow/example_dags/example_subdag_operator.py for tasks to queue
[2024-04-06T23:52:05.535+0000] {logging_mixin.py:188} INFO - [2024-04-06T23:52:05.535+0000] {dagbag.py:540} INFO - Filling up the DagBag from /home/malangdataguy/miniconda3/envs/airflow_mdg/lib/python3.8/site-packages/airflow/example_dags/example_subdag_operator.py
[2024-04-06T23:52:05.573+0000] {processor.py:840} INFO - DAG(s) 'example_subdag_operator.section-1', 'example_subdag_operator.section-2', 'example_subdag_operator' retrieved from /home/malangdataguy/miniconda3/envs/airflow_mdg/lib/python3.8/site-packages/airflow/example_dags/example_subdag_operator.py
[2024-04-06T23:52:05.597+0000] {logging_mixin.py:188} INFO - [2024-04-06T23:52:05.596+0000] {dag.py:3047} INFO - Sync 3 DAGs
[2024-04-06T23:52:05.626+0000] {logging_mixin.py:188} INFO - [2024-04-06T23:52:05.626+0000] {dag.py:3834} INFO - Setting next_dagrun for example_subdag_operator to 2022-01-01 00:00:00+00:00, run_after=2022-01-01 00:00:00+00:00
[2024-04-06T23:52:05.631+0000] {logging_mixin.py:188} INFO - [2024-04-06T23:52:05.630+0000] {dag.py:3834} INFO - Setting next_dagrun for example_subdag_operator.section-1 to None, run_after=None
[2024-04-06T23:52:05.632+0000] {logging_mixin.py:188} INFO - [2024-04-06T23:52:05.632+0000] {dag.py:3834} INFO - Setting next_dagrun for example_subdag_operator.section-2 to None, run_after=None
[2024-04-06T23:52:05.641+0000] {logging_mixin.py:188} INFO - [2024-04-06T23:52:05.640+0000] {dag.py:3047} INFO - Sync 2 DAGs
[2024-04-06T23:52:05.646+0000] {logging_mixin.py:188} INFO - [2024-04-06T23:52:05.646+0000] {dag.py:3834} INFO - Setting next_dagrun for example_subdag_operator.section-1 to None, run_after=None
[2024-04-06T23:52:05.647+0000] {logging_mixin.py:188} INFO - [2024-04-06T23:52:05.647+0000] {dag.py:3834} INFO - Setting next_dagrun for example_subdag_operator.section-2 to None, run_after=None
[2024-04-06T23:52:05.670+0000] {processor.py:183} INFO - Processing /home/malangdataguy/miniconda3/envs/airflow_mdg/lib/python3.8/site-packages/airflow/example_dags/example_subdag_operator.py took 0.144 seconds
[2024-04-06T23:52:49.187+0000] {processor.py:161} INFO - Started process (PID=70089) to work on /home/malangdataguy/miniconda3/envs/airflow_mdg/lib/python3.8/site-packages/airflow/example_dags/example_subdag_operator.py
[2024-04-06T23:52:49.190+0000] {processor.py:830} INFO - Processing file /home/malangdataguy/miniconda3/envs/airflow_mdg/lib/python3.8/site-packages/airflow/example_dags/example_subdag_operator.py for tasks to queue
[2024-04-06T23:52:49.192+0000] {logging_mixin.py:188} INFO - [2024-04-06T23:52:49.192+0000] {dagbag.py:540} INFO - Filling up the DagBag from /home/malangdataguy/miniconda3/envs/airflow_mdg/lib/python3.8/site-packages/airflow/example_dags/example_subdag_operator.py
[2024-04-06T23:52:49.224+0000] {processor.py:840} INFO - DAG(s) 'example_subdag_operator.section-1', 'example_subdag_operator.section-2', 'example_subdag_operator' retrieved from /home/malangdataguy/miniconda3/envs/airflow_mdg/lib/python3.8/site-packages/airflow/example_dags/example_subdag_operator.py
[2024-04-06T23:52:49.244+0000] {logging_mixin.py:188} INFO - [2024-04-06T23:52:49.243+0000] {dag.py:3047} INFO - Sync 3 DAGs
[2024-04-06T23:52:49.268+0000] {logging_mixin.py:188} INFO - [2024-04-06T23:52:49.268+0000] {dag.py:3834} INFO - Setting next_dagrun for example_subdag_operator to 2022-01-01 00:00:00+00:00, run_after=2022-01-01 00:00:00+00:00
[2024-04-06T23:52:49.273+0000] {logging_mixin.py:188} INFO - [2024-04-06T23:52:49.272+0000] {dag.py:3834} INFO - Setting next_dagrun for example_subdag_operator.section-1 to None, run_after=None
[2024-04-06T23:52:49.274+0000] {logging_mixin.py:188} INFO - [2024-04-06T23:52:49.274+0000] {dag.py:3834} INFO - Setting next_dagrun for example_subdag_operator.section-2 to None, run_after=None
[2024-04-06T23:52:49.283+0000] {logging_mixin.py:188} INFO - [2024-04-06T23:52:49.283+0000] {dag.py:3047} INFO - Sync 2 DAGs
[2024-04-06T23:52:49.288+0000] {logging_mixin.py:188} INFO - [2024-04-06T23:52:49.288+0000] {dag.py:3834} INFO - Setting next_dagrun for example_subdag_operator.section-1 to None, run_after=None
[2024-04-06T23:52:49.288+0000] {logging_mixin.py:188} INFO - [2024-04-06T23:52:49.288+0000] {dag.py:3834} INFO - Setting next_dagrun for example_subdag_operator.section-2 to None, run_after=None
[2024-04-06T23:52:49.308+0000] {processor.py:183} INFO - Processing /home/malangdataguy/miniconda3/envs/airflow_mdg/lib/python3.8/site-packages/airflow/example_dags/example_subdag_operator.py took 0.126 seconds
[2024-04-06T23:53:34.298+0000] {processor.py:161} INFO - Started process (PID=70137) to work on /home/malangdataguy/miniconda3/envs/airflow_mdg/lib/python3.8/site-packages/airflow/example_dags/example_subdag_operator.py
[2024-04-06T23:53:34.300+0000] {processor.py:830} INFO - Processing file /home/malangdataguy/miniconda3/envs/airflow_mdg/lib/python3.8/site-packages/airflow/example_dags/example_subdag_operator.py for tasks to queue
[2024-04-06T23:53:34.302+0000] {logging_mixin.py:188} INFO - [2024-04-06T23:53:34.301+0000] {dagbag.py:540} INFO - Filling up the DagBag from /home/malangdataguy/miniconda3/envs/airflow_mdg/lib/python3.8/site-packages/airflow/example_dags/example_subdag_operator.py
[2024-04-06T23:53:34.330+0000] {processor.py:840} INFO - DAG(s) 'example_subdag_operator.section-1', 'example_subdag_operator.section-2', 'example_subdag_operator' retrieved from /home/malangdataguy/miniconda3/envs/airflow_mdg/lib/python3.8/site-packages/airflow/example_dags/example_subdag_operator.py
[2024-04-06T23:53:34.351+0000] {logging_mixin.py:188} INFO - [2024-04-06T23:53:34.351+0000] {dag.py:3047} INFO - Sync 3 DAGs
[2024-04-06T23:53:34.376+0000] {logging_mixin.py:188} INFO - [2024-04-06T23:53:34.376+0000] {dag.py:3834} INFO - Setting next_dagrun for example_subdag_operator to 2022-01-01 00:00:00+00:00, run_after=2022-01-01 00:00:00+00:00
[2024-04-06T23:53:34.380+0000] {logging_mixin.py:188} INFO - [2024-04-06T23:53:34.380+0000] {dag.py:3834} INFO - Setting next_dagrun for example_subdag_operator.section-1 to None, run_after=None
[2024-04-06T23:53:34.381+0000] {logging_mixin.py:188} INFO - [2024-04-06T23:53:34.381+0000] {dag.py:3834} INFO - Setting next_dagrun for example_subdag_operator.section-2 to None, run_after=None
[2024-04-06T23:53:34.390+0000] {logging_mixin.py:188} INFO - [2024-04-06T23:53:34.389+0000] {dag.py:3047} INFO - Sync 2 DAGs
[2024-04-06T23:53:34.395+0000] {logging_mixin.py:188} INFO - [2024-04-06T23:53:34.394+0000] {dag.py:3834} INFO - Setting next_dagrun for example_subdag_operator.section-1 to None, run_after=None
[2024-04-06T23:53:34.395+0000] {logging_mixin.py:188} INFO - [2024-04-06T23:53:34.395+0000] {dag.py:3834} INFO - Setting next_dagrun for example_subdag_operator.section-2 to None, run_after=None
[2024-04-06T23:53:34.414+0000] {processor.py:183} INFO - Processing /home/malangdataguy/miniconda3/envs/airflow_mdg/lib/python3.8/site-packages/airflow/example_dags/example_subdag_operator.py took 0.121 seconds
[2024-04-06T23:54:17.701+0000] {processor.py:161} INFO - Started process (PID=70213) to work on /home/malangdataguy/miniconda3/envs/airflow_mdg/lib/python3.8/site-packages/airflow/example_dags/example_subdag_operator.py
[2024-04-06T23:54:17.704+0000] {processor.py:830} INFO - Processing file /home/malangdataguy/miniconda3/envs/airflow_mdg/lib/python3.8/site-packages/airflow/example_dags/example_subdag_operator.py for tasks to queue
[2024-04-06T23:54:17.706+0000] {logging_mixin.py:188} INFO - [2024-04-06T23:54:17.705+0000] {dagbag.py:540} INFO - Filling up the DagBag from /home/malangdataguy/miniconda3/envs/airflow_mdg/lib/python3.8/site-packages/airflow/example_dags/example_subdag_operator.py
[2024-04-06T23:54:17.740+0000] {processor.py:840} INFO - DAG(s) 'example_subdag_operator.section-1', 'example_subdag_operator.section-2', 'example_subdag_operator' retrieved from /home/malangdataguy/miniconda3/envs/airflow_mdg/lib/python3.8/site-packages/airflow/example_dags/example_subdag_operator.py
[2024-04-06T23:54:17.763+0000] {logging_mixin.py:188} INFO - [2024-04-06T23:54:17.763+0000] {dag.py:3047} INFO - Sync 3 DAGs
[2024-04-06T23:54:17.792+0000] {logging_mixin.py:188} INFO - [2024-04-06T23:54:17.792+0000] {dag.py:3834} INFO - Setting next_dagrun for example_subdag_operator to 2022-01-01 00:00:00+00:00, run_after=2022-01-01 00:00:00+00:00
[2024-04-06T23:54:17.797+0000] {logging_mixin.py:188} INFO - [2024-04-06T23:54:17.797+0000] {dag.py:3834} INFO - Setting next_dagrun for example_subdag_operator.section-1 to None, run_after=None
[2024-04-06T23:54:17.799+0000] {logging_mixin.py:188} INFO - [2024-04-06T23:54:17.798+0000] {dag.py:3834} INFO - Setting next_dagrun for example_subdag_operator.section-2 to None, run_after=None
[2024-04-06T23:54:17.809+0000] {logging_mixin.py:188} INFO - [2024-04-06T23:54:17.808+0000] {dag.py:3047} INFO - Sync 2 DAGs
[2024-04-06T23:54:17.815+0000] {logging_mixin.py:188} INFO - [2024-04-06T23:54:17.814+0000] {dag.py:3834} INFO - Setting next_dagrun for example_subdag_operator.section-1 to None, run_after=None
[2024-04-06T23:54:17.815+0000] {logging_mixin.py:188} INFO - [2024-04-06T23:54:17.815+0000] {dag.py:3834} INFO - Setting next_dagrun for example_subdag_operator.section-2 to None, run_after=None
[2024-04-06T23:54:17.839+0000] {processor.py:183} INFO - Processing /home/malangdataguy/miniconda3/envs/airflow_mdg/lib/python3.8/site-packages/airflow/example_dags/example_subdag_operator.py took 0.144 seconds
[2024-04-06T23:55:00.306+0000] {processor.py:161} INFO - Started process (PID=70257) to work on /home/malangdataguy/miniconda3/envs/airflow_mdg/lib/python3.8/site-packages/airflow/example_dags/example_subdag_operator.py
[2024-04-06T23:55:00.309+0000] {processor.py:830} INFO - Processing file /home/malangdataguy/miniconda3/envs/airflow_mdg/lib/python3.8/site-packages/airflow/example_dags/example_subdag_operator.py for tasks to queue
[2024-04-06T23:55:00.310+0000] {logging_mixin.py:188} INFO - [2024-04-06T23:55:00.309+0000] {dagbag.py:540} INFO - Filling up the DagBag from /home/malangdataguy/miniconda3/envs/airflow_mdg/lib/python3.8/site-packages/airflow/example_dags/example_subdag_operator.py
[2024-04-06T23:55:00.343+0000] {processor.py:840} INFO - DAG(s) 'example_subdag_operator.section-1', 'example_subdag_operator.section-2', 'example_subdag_operator' retrieved from /home/malangdataguy/miniconda3/envs/airflow_mdg/lib/python3.8/site-packages/airflow/example_dags/example_subdag_operator.py
[2024-04-06T23:55:00.364+0000] {logging_mixin.py:188} INFO - [2024-04-06T23:55:00.364+0000] {dag.py:3047} INFO - Sync 3 DAGs
[2024-04-06T23:55:00.392+0000] {logging_mixin.py:188} INFO - [2024-04-06T23:55:00.391+0000] {dag.py:3834} INFO - Setting next_dagrun for example_subdag_operator to 2022-01-01 00:00:00+00:00, run_after=2022-01-01 00:00:00+00:00
[2024-04-06T23:55:00.396+0000] {logging_mixin.py:188} INFO - [2024-04-06T23:55:00.396+0000] {dag.py:3834} INFO - Setting next_dagrun for example_subdag_operator.section-1 to None, run_after=None
[2024-04-06T23:55:00.397+0000] {logging_mixin.py:188} INFO - [2024-04-06T23:55:00.397+0000] {dag.py:3834} INFO - Setting next_dagrun for example_subdag_operator.section-2 to None, run_after=None
[2024-04-06T23:55:00.405+0000] {logging_mixin.py:188} INFO - [2024-04-06T23:55:00.405+0000] {dag.py:3047} INFO - Sync 2 DAGs
[2024-04-06T23:55:00.411+0000] {logging_mixin.py:188} INFO - [2024-04-06T23:55:00.410+0000] {dag.py:3834} INFO - Setting next_dagrun for example_subdag_operator.section-1 to None, run_after=None
[2024-04-06T23:55:00.411+0000] {logging_mixin.py:188} INFO - [2024-04-06T23:55:00.411+0000] {dag.py:3834} INFO - Setting next_dagrun for example_subdag_operator.section-2 to None, run_after=None
[2024-04-06T23:55:00.432+0000] {processor.py:183} INFO - Processing /home/malangdataguy/miniconda3/envs/airflow_mdg/lib/python3.8/site-packages/airflow/example_dags/example_subdag_operator.py took 0.131 seconds
[2024-04-06T23:55:43.210+0000] {processor.py:161} INFO - Started process (PID=70300) to work on /home/malangdataguy/miniconda3/envs/airflow_mdg/lib/python3.8/site-packages/airflow/example_dags/example_subdag_operator.py
[2024-04-06T23:55:43.212+0000] {processor.py:830} INFO - Processing file /home/malangdataguy/miniconda3/envs/airflow_mdg/lib/python3.8/site-packages/airflow/example_dags/example_subdag_operator.py for tasks to queue
[2024-04-06T23:55:43.214+0000] {logging_mixin.py:188} INFO - [2024-04-06T23:55:43.213+0000] {dagbag.py:540} INFO - Filling up the DagBag from /home/malangdataguy/miniconda3/envs/airflow_mdg/lib/python3.8/site-packages/airflow/example_dags/example_subdag_operator.py
[2024-04-06T23:55:43.244+0000] {processor.py:840} INFO - DAG(s) 'example_subdag_operator.section-1', 'example_subdag_operator.section-2', 'example_subdag_operator' retrieved from /home/malangdataguy/miniconda3/envs/airflow_mdg/lib/python3.8/site-packages/airflow/example_dags/example_subdag_operator.py
[2024-04-06T23:55:43.263+0000] {logging_mixin.py:188} INFO - [2024-04-06T23:55:43.263+0000] {dag.py:3047} INFO - Sync 3 DAGs
[2024-04-06T23:55:43.287+0000] {logging_mixin.py:188} INFO - [2024-04-06T23:55:43.287+0000] {dag.py:3834} INFO - Setting next_dagrun for example_subdag_operator to 2022-01-01 00:00:00+00:00, run_after=2022-01-01 00:00:00+00:00
[2024-04-06T23:55:43.291+0000] {logging_mixin.py:188} INFO - [2024-04-06T23:55:43.291+0000] {dag.py:3834} INFO - Setting next_dagrun for example_subdag_operator.section-1 to None, run_after=None
[2024-04-06T23:55:43.293+0000] {logging_mixin.py:188} INFO - [2024-04-06T23:55:43.292+0000] {dag.py:3834} INFO - Setting next_dagrun for example_subdag_operator.section-2 to None, run_after=None
[2024-04-06T23:55:43.300+0000] {logging_mixin.py:188} INFO - [2024-04-06T23:55:43.299+0000] {dag.py:3047} INFO - Sync 2 DAGs
[2024-04-06T23:55:43.304+0000] {logging_mixin.py:188} INFO - [2024-04-06T23:55:43.304+0000] {dag.py:3834} INFO - Setting next_dagrun for example_subdag_operator.section-1 to None, run_after=None
[2024-04-06T23:55:43.305+0000] {logging_mixin.py:188} INFO - [2024-04-06T23:55:43.305+0000] {dag.py:3834} INFO - Setting next_dagrun for example_subdag_operator.section-2 to None, run_after=None
[2024-04-06T23:55:43.323+0000] {processor.py:183} INFO - Processing /home/malangdataguy/miniconda3/envs/airflow_mdg/lib/python3.8/site-packages/airflow/example_dags/example_subdag_operator.py took 0.118 seconds
