[2024-04-06T23:09:48.374+0000] {processor.py:161} INFO - Started process (PID=68398) to work on /home/malangdataguy/miniconda3/envs/airflow_mdg/lib/python3.8/site-packages/airflow/example_dags/example_complex.py
[2024-04-06T23:09:48.376+0000] {processor.py:830} INFO - Processing file /home/malangdataguy/miniconda3/envs/airflow_mdg/lib/python3.8/site-packages/airflow/example_dags/example_complex.py for tasks to queue
[2024-04-06T23:09:48.377+0000] {logging_mixin.py:188} INFO - [2024-04-06T23:09:48.377+0000] {dagbag.py:540} INFO - Filling up the DagBag from /home/malangdataguy/miniconda3/envs/airflow_mdg/lib/python3.8/site-packages/airflow/example_dags/example_complex.py
[2024-04-06T23:09:48.393+0000] {processor.py:840} INFO - DAG(s) 'example_complex' retrieved from /home/malangdataguy/miniconda3/envs/airflow_mdg/lib/python3.8/site-packages/airflow/example_dags/example_complex.py
[2024-04-06T23:09:48.529+0000] {logging_mixin.py:188} INFO - [2024-04-06T23:09:48.529+0000] {dag.py:3047} INFO - Sync 1 DAGs
[2024-04-06T23:09:48.542+0000] {logging_mixin.py:188} INFO - [2024-04-06T23:09:48.542+0000] {dag.py:3834} INFO - Setting next_dagrun for example_complex to None, run_after=None
[2024-04-06T23:09:48.577+0000] {processor.py:183} INFO - Processing /home/malangdataguy/miniconda3/envs/airflow_mdg/lib/python3.8/site-packages/airflow/example_dags/example_complex.py took 0.209 seconds
[2024-04-06T23:10:41.288+0000] {processor.py:161} INFO - Started process (PID=68448) to work on /home/malangdataguy/miniconda3/envs/airflow_mdg/lib/python3.8/site-packages/airflow/example_dags/example_complex.py
[2024-04-06T23:10:41.292+0000] {processor.py:830} INFO - Processing file /home/malangdataguy/miniconda3/envs/airflow_mdg/lib/python3.8/site-packages/airflow/example_dags/example_complex.py for tasks to queue
[2024-04-06T23:10:41.293+0000] {logging_mixin.py:188} INFO - [2024-04-06T23:10:41.292+0000] {dagbag.py:540} INFO - Filling up the DagBag from /home/malangdataguy/miniconda3/envs/airflow_mdg/lib/python3.8/site-packages/airflow/example_dags/example_complex.py
[2024-04-06T23:10:41.307+0000] {processor.py:840} INFO - DAG(s) 'example_complex' retrieved from /home/malangdataguy/miniconda3/envs/airflow_mdg/lib/python3.8/site-packages/airflow/example_dags/example_complex.py
[2024-04-06T23:10:41.339+0000] {logging_mixin.py:188} INFO - [2024-04-06T23:10:41.338+0000] {dag.py:3047} INFO - Sync 1 DAGs
[2024-04-06T23:10:41.352+0000] {logging_mixin.py:188} INFO - [2024-04-06T23:10:41.352+0000] {dag.py:3834} INFO - Setting next_dagrun for example_complex to None, run_after=None
[2024-04-06T23:10:41.381+0000] {processor.py:183} INFO - Processing /home/malangdataguy/miniconda3/envs/airflow_mdg/lib/python3.8/site-packages/airflow/example_dags/example_complex.py took 0.098 seconds
[2024-04-06T23:11:40.574+0000] {processor.py:161} INFO - Started process (PID=68519) to work on /home/malangdataguy/miniconda3/envs/airflow_mdg/lib/python3.8/site-packages/airflow/example_dags/example_complex.py
[2024-04-06T23:11:40.576+0000] {processor.py:830} INFO - Processing file /home/malangdataguy/miniconda3/envs/airflow_mdg/lib/python3.8/site-packages/airflow/example_dags/example_complex.py for tasks to queue
[2024-04-06T23:11:40.578+0000] {logging_mixin.py:188} INFO - [2024-04-06T23:11:40.577+0000] {dagbag.py:540} INFO - Filling up the DagBag from /home/malangdataguy/miniconda3/envs/airflow_mdg/lib/python3.8/site-packages/airflow/example_dags/example_complex.py
[2024-04-06T23:11:40.593+0000] {processor.py:840} INFO - DAG(s) 'example_complex' retrieved from /home/malangdataguy/miniconda3/envs/airflow_mdg/lib/python3.8/site-packages/airflow/example_dags/example_complex.py
[2024-04-06T23:11:40.627+0000] {logging_mixin.py:188} INFO - [2024-04-06T23:11:40.627+0000] {dag.py:3047} INFO - Sync 1 DAGs
[2024-04-06T23:11:40.641+0000] {logging_mixin.py:188} INFO - [2024-04-06T23:11:40.641+0000] {dag.py:3834} INFO - Setting next_dagrun for example_complex to None, run_after=None
[2024-04-06T23:11:40.672+0000] {processor.py:183} INFO - Processing /home/malangdataguy/miniconda3/envs/airflow_mdg/lib/python3.8/site-packages/airflow/example_dags/example_complex.py took 0.103 seconds
[2024-04-06T23:12:47.644+0000] {processor.py:161} INFO - Started process (PID=68584) to work on /home/malangdataguy/miniconda3/envs/airflow_mdg/lib/python3.8/site-packages/airflow/example_dags/example_complex.py
[2024-04-06T23:12:47.647+0000] {processor.py:830} INFO - Processing file /home/malangdataguy/miniconda3/envs/airflow_mdg/lib/python3.8/site-packages/airflow/example_dags/example_complex.py for tasks to queue
[2024-04-06T23:12:47.648+0000] {logging_mixin.py:188} INFO - [2024-04-06T23:12:47.648+0000] {dagbag.py:540} INFO - Filling up the DagBag from /home/malangdataguy/miniconda3/envs/airflow_mdg/lib/python3.8/site-packages/airflow/example_dags/example_complex.py
[2024-04-06T23:12:47.664+0000] {processor.py:840} INFO - DAG(s) 'example_complex' retrieved from /home/malangdataguy/miniconda3/envs/airflow_mdg/lib/python3.8/site-packages/airflow/example_dags/example_complex.py
[2024-04-06T23:12:47.700+0000] {logging_mixin.py:188} INFO - [2024-04-06T23:12:47.699+0000] {dag.py:3047} INFO - Sync 1 DAGs
[2024-04-06T23:12:47.715+0000] {logging_mixin.py:188} INFO - [2024-04-06T23:12:47.715+0000] {dag.py:3834} INFO - Setting next_dagrun for example_complex to None, run_after=None
[2024-04-06T23:12:47.745+0000] {processor.py:183} INFO - Processing /home/malangdataguy/miniconda3/envs/airflow_mdg/lib/python3.8/site-packages/airflow/example_dags/example_complex.py took 0.107 seconds
[2024-04-06T23:13:47.551+0000] {processor.py:161} INFO - Started process (PID=68649) to work on /home/malangdataguy/miniconda3/envs/airflow_mdg/lib/python3.8/site-packages/airflow/example_dags/example_complex.py
[2024-04-06T23:13:47.554+0000] {processor.py:830} INFO - Processing file /home/malangdataguy/miniconda3/envs/airflow_mdg/lib/python3.8/site-packages/airflow/example_dags/example_complex.py for tasks to queue
[2024-04-06T23:13:47.555+0000] {logging_mixin.py:188} INFO - [2024-04-06T23:13:47.555+0000] {dagbag.py:540} INFO - Filling up the DagBag from /home/malangdataguy/miniconda3/envs/airflow_mdg/lib/python3.8/site-packages/airflow/example_dags/example_complex.py
[2024-04-06T23:13:47.571+0000] {processor.py:840} INFO - DAG(s) 'example_complex' retrieved from /home/malangdataguy/miniconda3/envs/airflow_mdg/lib/python3.8/site-packages/airflow/example_dags/example_complex.py
[2024-04-06T23:13:47.607+0000] {logging_mixin.py:188} INFO - [2024-04-06T23:13:47.607+0000] {dag.py:3047} INFO - Sync 1 DAGs
[2024-04-06T23:13:47.624+0000] {logging_mixin.py:188} INFO - [2024-04-06T23:13:47.623+0000] {dag.py:3834} INFO - Setting next_dagrun for example_complex to None, run_after=None
[2024-04-06T23:13:47.659+0000] {processor.py:183} INFO - Processing /home/malangdataguy/miniconda3/envs/airflow_mdg/lib/python3.8/site-packages/airflow/example_dags/example_complex.py took 0.113 seconds
[2024-04-06T23:14:52.184+0000] {processor.py:161} INFO - Started process (PID=68712) to work on /home/malangdataguy/miniconda3/envs/airflow_mdg/lib/python3.8/site-packages/airflow/example_dags/example_complex.py
[2024-04-06T23:14:52.187+0000] {processor.py:830} INFO - Processing file /home/malangdataguy/miniconda3/envs/airflow_mdg/lib/python3.8/site-packages/airflow/example_dags/example_complex.py for tasks to queue
[2024-04-06T23:14:52.188+0000] {logging_mixin.py:188} INFO - [2024-04-06T23:14:52.188+0000] {dagbag.py:540} INFO - Filling up the DagBag from /home/malangdataguy/miniconda3/envs/airflow_mdg/lib/python3.8/site-packages/airflow/example_dags/example_complex.py
[2024-04-06T23:14:52.203+0000] {processor.py:840} INFO - DAG(s) 'example_complex' retrieved from /home/malangdataguy/miniconda3/envs/airflow_mdg/lib/python3.8/site-packages/airflow/example_dags/example_complex.py
[2024-04-06T23:14:52.236+0000] {logging_mixin.py:188} INFO - [2024-04-06T23:14:52.236+0000] {dag.py:3047} INFO - Sync 1 DAGs
[2024-04-06T23:14:52.251+0000] {logging_mixin.py:188} INFO - [2024-04-06T23:14:52.251+0000] {dag.py:3834} INFO - Setting next_dagrun for example_complex to None, run_after=None
[2024-04-06T23:14:52.280+0000] {processor.py:183} INFO - Processing /home/malangdataguy/miniconda3/envs/airflow_mdg/lib/python3.8/site-packages/airflow/example_dags/example_complex.py took 0.101 seconds
[2024-04-06T23:15:49.719+0000] {processor.py:161} INFO - Started process (PID=68771) to work on /home/malangdataguy/miniconda3/envs/airflow_mdg/lib/python3.8/site-packages/airflow/example_dags/example_complex.py
[2024-04-06T23:15:49.722+0000] {processor.py:830} INFO - Processing file /home/malangdataguy/miniconda3/envs/airflow_mdg/lib/python3.8/site-packages/airflow/example_dags/example_complex.py for tasks to queue
[2024-04-06T23:15:49.724+0000] {logging_mixin.py:188} INFO - [2024-04-06T23:15:49.723+0000] {dagbag.py:540} INFO - Filling up the DagBag from /home/malangdataguy/miniconda3/envs/airflow_mdg/lib/python3.8/site-packages/airflow/example_dags/example_complex.py
[2024-04-06T23:15:49.744+0000] {processor.py:840} INFO - DAG(s) 'example_complex' retrieved from /home/malangdataguy/miniconda3/envs/airflow_mdg/lib/python3.8/site-packages/airflow/example_dags/example_complex.py
[2024-04-06T23:15:49.791+0000] {logging_mixin.py:188} INFO - [2024-04-06T23:15:49.791+0000] {dag.py:3047} INFO - Sync 1 DAGs
[2024-04-06T23:15:49.811+0000] {logging_mixin.py:188} INFO - [2024-04-06T23:15:49.810+0000] {dag.py:3834} INFO - Setting next_dagrun for example_complex to None, run_after=None
[2024-04-06T23:15:49.847+0000] {processor.py:183} INFO - Processing /home/malangdataguy/miniconda3/envs/airflow_mdg/lib/python3.8/site-packages/airflow/example_dags/example_complex.py took 0.135 seconds
[2024-04-06T23:16:44.922+0000] {processor.py:161} INFO - Started process (PID=68831) to work on /home/malangdataguy/miniconda3/envs/airflow_mdg/lib/python3.8/site-packages/airflow/example_dags/example_complex.py
[2024-04-06T23:16:44.924+0000] {processor.py:830} INFO - Processing file /home/malangdataguy/miniconda3/envs/airflow_mdg/lib/python3.8/site-packages/airflow/example_dags/example_complex.py for tasks to queue
[2024-04-06T23:16:44.926+0000] {logging_mixin.py:188} INFO - [2024-04-06T23:16:44.925+0000] {dagbag.py:540} INFO - Filling up the DagBag from /home/malangdataguy/miniconda3/envs/airflow_mdg/lib/python3.8/site-packages/airflow/example_dags/example_complex.py
[2024-04-06T23:16:44.939+0000] {processor.py:840} INFO - DAG(s) 'example_complex' retrieved from /home/malangdataguy/miniconda3/envs/airflow_mdg/lib/python3.8/site-packages/airflow/example_dags/example_complex.py
[2024-04-06T23:16:44.972+0000] {logging_mixin.py:188} INFO - [2024-04-06T23:16:44.971+0000] {dag.py:3047} INFO - Sync 1 DAGs
[2024-04-06T23:16:44.986+0000] {logging_mixin.py:188} INFO - [2024-04-06T23:16:44.986+0000] {dag.py:3834} INFO - Setting next_dagrun for example_complex to None, run_after=None
[2024-04-06T23:16:45.015+0000] {processor.py:183} INFO - Processing /home/malangdataguy/miniconda3/envs/airflow_mdg/lib/python3.8/site-packages/airflow/example_dags/example_complex.py took 0.097 seconds
[2024-04-06T23:17:48.409+0000] {processor.py:161} INFO - Started process (PID=68903) to work on /home/malangdataguy/miniconda3/envs/airflow_mdg/lib/python3.8/site-packages/airflow/example_dags/example_complex.py
[2024-04-06T23:17:48.412+0000] {processor.py:830} INFO - Processing file /home/malangdataguy/miniconda3/envs/airflow_mdg/lib/python3.8/site-packages/airflow/example_dags/example_complex.py for tasks to queue
[2024-04-06T23:17:48.413+0000] {logging_mixin.py:188} INFO - [2024-04-06T23:17:48.412+0000] {dagbag.py:540} INFO - Filling up the DagBag from /home/malangdataguy/miniconda3/envs/airflow_mdg/lib/python3.8/site-packages/airflow/example_dags/example_complex.py
[2024-04-06T23:17:48.429+0000] {processor.py:840} INFO - DAG(s) 'example_complex' retrieved from /home/malangdataguy/miniconda3/envs/airflow_mdg/lib/python3.8/site-packages/airflow/example_dags/example_complex.py
[2024-04-06T23:17:48.467+0000] {logging_mixin.py:188} INFO - [2024-04-06T23:17:48.466+0000] {dag.py:3047} INFO - Sync 1 DAGs
[2024-04-06T23:17:48.483+0000] {logging_mixin.py:188} INFO - [2024-04-06T23:17:48.483+0000] {dag.py:3834} INFO - Setting next_dagrun for example_complex to None, run_after=None
[2024-04-06T23:17:48.518+0000] {processor.py:183} INFO - Processing /home/malangdataguy/miniconda3/envs/airflow_mdg/lib/python3.8/site-packages/airflow/example_dags/example_complex.py took 0.114 seconds
[2024-04-06T23:18:51.936+0000] {processor.py:161} INFO - Started process (PID=68966) to work on /home/malangdataguy/miniconda3/envs/airflow_mdg/lib/python3.8/site-packages/airflow/example_dags/example_complex.py
[2024-04-06T23:18:51.939+0000] {processor.py:830} INFO - Processing file /home/malangdataguy/miniconda3/envs/airflow_mdg/lib/python3.8/site-packages/airflow/example_dags/example_complex.py for tasks to queue
[2024-04-06T23:18:51.940+0000] {logging_mixin.py:188} INFO - [2024-04-06T23:18:51.939+0000] {dagbag.py:540} INFO - Filling up the DagBag from /home/malangdataguy/miniconda3/envs/airflow_mdg/lib/python3.8/site-packages/airflow/example_dags/example_complex.py
[2024-04-06T23:18:51.954+0000] {processor.py:840} INFO - DAG(s) 'example_complex' retrieved from /home/malangdataguy/miniconda3/envs/airflow_mdg/lib/python3.8/site-packages/airflow/example_dags/example_complex.py
[2024-04-06T23:18:51.986+0000] {logging_mixin.py:188} INFO - [2024-04-06T23:18:51.986+0000] {dag.py:3047} INFO - Sync 1 DAGs
[2024-04-06T23:18:52.000+0000] {logging_mixin.py:188} INFO - [2024-04-06T23:18:52.000+0000] {dag.py:3834} INFO - Setting next_dagrun for example_complex to None, run_after=None
[2024-04-06T23:18:52.031+0000] {processor.py:183} INFO - Processing /home/malangdataguy/miniconda3/envs/airflow_mdg/lib/python3.8/site-packages/airflow/example_dags/example_complex.py took 0.099 seconds
[2024-04-06T23:19:57.515+0000] {processor.py:161} INFO - Started process (PID=69031) to work on /home/malangdataguy/miniconda3/envs/airflow_mdg/lib/python3.8/site-packages/airflow/example_dags/example_complex.py
[2024-04-06T23:19:57.518+0000] {processor.py:830} INFO - Processing file /home/malangdataguy/miniconda3/envs/airflow_mdg/lib/python3.8/site-packages/airflow/example_dags/example_complex.py for tasks to queue
[2024-04-06T23:19:57.519+0000] {logging_mixin.py:188} INFO - [2024-04-06T23:19:57.519+0000] {dagbag.py:540} INFO - Filling up the DagBag from /home/malangdataguy/miniconda3/envs/airflow_mdg/lib/python3.8/site-packages/airflow/example_dags/example_complex.py
[2024-04-06T23:19:57.534+0000] {processor.py:840} INFO - DAG(s) 'example_complex' retrieved from /home/malangdataguy/miniconda3/envs/airflow_mdg/lib/python3.8/site-packages/airflow/example_dags/example_complex.py
[2024-04-06T23:19:57.569+0000] {logging_mixin.py:188} INFO - [2024-04-06T23:19:57.568+0000] {dag.py:3047} INFO - Sync 1 DAGs
[2024-04-06T23:19:57.584+0000] {logging_mixin.py:188} INFO - [2024-04-06T23:19:57.584+0000] {dag.py:3834} INFO - Setting next_dagrun for example_complex to None, run_after=None
[2024-04-06T23:19:57.613+0000] {processor.py:183} INFO - Processing /home/malangdataguy/miniconda3/envs/airflow_mdg/lib/python3.8/site-packages/airflow/example_dags/example_complex.py took 0.103 seconds
[2024-04-06T23:21:05.028+0000] {processor.py:161} INFO - Started process (PID=69099) to work on /home/malangdataguy/miniconda3/envs/airflow_mdg/lib/python3.8/site-packages/airflow/example_dags/example_complex.py
[2024-04-06T23:21:05.031+0000] {processor.py:830} INFO - Processing file /home/malangdataguy/miniconda3/envs/airflow_mdg/lib/python3.8/site-packages/airflow/example_dags/example_complex.py for tasks to queue
[2024-04-06T23:21:05.032+0000] {logging_mixin.py:188} INFO - [2024-04-06T23:21:05.031+0000] {dagbag.py:540} INFO - Filling up the DagBag from /home/malangdataguy/miniconda3/envs/airflow_mdg/lib/python3.8/site-packages/airflow/example_dags/example_complex.py
[2024-04-06T23:21:05.046+0000] {processor.py:840} INFO - DAG(s) 'example_complex' retrieved from /home/malangdataguy/miniconda3/envs/airflow_mdg/lib/python3.8/site-packages/airflow/example_dags/example_complex.py
[2024-04-06T23:21:05.079+0000] {logging_mixin.py:188} INFO - [2024-04-06T23:21:05.079+0000] {dag.py:3047} INFO - Sync 1 DAGs
[2024-04-06T23:21:05.094+0000] {logging_mixin.py:188} INFO - [2024-04-06T23:21:05.094+0000] {dag.py:3834} INFO - Setting next_dagrun for example_complex to None, run_after=None
[2024-04-06T23:21:05.122+0000] {processor.py:183} INFO - Processing /home/malangdataguy/miniconda3/envs/airflow_mdg/lib/python3.8/site-packages/airflow/example_dags/example_complex.py took 0.100 seconds
[2024-04-06T23:22:05.770+0000] {processor.py:161} INFO - Started process (PID=69160) to work on /home/malangdataguy/miniconda3/envs/airflow_mdg/lib/python3.8/site-packages/airflow/example_dags/example_complex.py
[2024-04-06T23:22:05.774+0000] {processor.py:830} INFO - Processing file /home/malangdataguy/miniconda3/envs/airflow_mdg/lib/python3.8/site-packages/airflow/example_dags/example_complex.py for tasks to queue
[2024-04-06T23:22:05.775+0000] {logging_mixin.py:188} INFO - [2024-04-06T23:22:05.775+0000] {dagbag.py:540} INFO - Filling up the DagBag from /home/malangdataguy/miniconda3/envs/airflow_mdg/lib/python3.8/site-packages/airflow/example_dags/example_complex.py
[2024-04-06T23:22:05.791+0000] {processor.py:840} INFO - DAG(s) 'example_complex' retrieved from /home/malangdataguy/miniconda3/envs/airflow_mdg/lib/python3.8/site-packages/airflow/example_dags/example_complex.py
[2024-04-06T23:22:05.831+0000] {logging_mixin.py:188} INFO - [2024-04-06T23:22:05.830+0000] {dag.py:3047} INFO - Sync 1 DAGs
[2024-04-06T23:22:05.850+0000] {logging_mixin.py:188} INFO - [2024-04-06T23:22:05.850+0000] {dag.py:3834} INFO - Setting next_dagrun for example_complex to None, run_after=None
[2024-04-06T23:22:05.888+0000] {processor.py:183} INFO - Processing /home/malangdataguy/miniconda3/envs/airflow_mdg/lib/python3.8/site-packages/airflow/example_dags/example_complex.py took 0.124 seconds
[2024-04-06T23:40:54.652+0000] {processor.py:161} INFO - Started process (PID=69311) to work on /home/malangdataguy/miniconda3/envs/airflow_mdg/lib/python3.8/site-packages/airflow/example_dags/example_complex.py
[2024-04-06T23:40:54.655+0000] {processor.py:830} INFO - Processing file /home/malangdataguy/miniconda3/envs/airflow_mdg/lib/python3.8/site-packages/airflow/example_dags/example_complex.py for tasks to queue
[2024-04-06T23:40:54.656+0000] {logging_mixin.py:188} INFO - [2024-04-06T23:40:54.656+0000] {dagbag.py:540} INFO - Filling up the DagBag from /home/malangdataguy/miniconda3/envs/airflow_mdg/lib/python3.8/site-packages/airflow/example_dags/example_complex.py
[2024-04-06T23:40:54.671+0000] {processor.py:840} INFO - DAG(s) 'example_complex' retrieved from /home/malangdataguy/miniconda3/envs/airflow_mdg/lib/python3.8/site-packages/airflow/example_dags/example_complex.py
[2024-04-06T23:40:54.705+0000] {logging_mixin.py:188} INFO - [2024-04-06T23:40:54.705+0000] {dag.py:3047} INFO - Sync 1 DAGs
[2024-04-06T23:40:54.720+0000] {logging_mixin.py:188} INFO - [2024-04-06T23:40:54.720+0000] {dag.py:3834} INFO - Setting next_dagrun for example_complex to None, run_after=None
[2024-04-06T23:40:54.750+0000] {processor.py:183} INFO - Processing /home/malangdataguy/miniconda3/envs/airflow_mdg/lib/python3.8/site-packages/airflow/example_dags/example_complex.py took 0.103 seconds
[2024-04-06T23:42:01.354+0000] {processor.py:161} INFO - Started process (PID=69376) to work on /home/malangdataguy/miniconda3/envs/airflow_mdg/lib/python3.8/site-packages/airflow/example_dags/example_complex.py
[2024-04-06T23:42:01.357+0000] {processor.py:830} INFO - Processing file /home/malangdataguy/miniconda3/envs/airflow_mdg/lib/python3.8/site-packages/airflow/example_dags/example_complex.py for tasks to queue
[2024-04-06T23:42:01.358+0000] {logging_mixin.py:188} INFO - [2024-04-06T23:42:01.358+0000] {dagbag.py:540} INFO - Filling up the DagBag from /home/malangdataguy/miniconda3/envs/airflow_mdg/lib/python3.8/site-packages/airflow/example_dags/example_complex.py
[2024-04-06T23:42:01.374+0000] {processor.py:840} INFO - DAG(s) 'example_complex' retrieved from /home/malangdataguy/miniconda3/envs/airflow_mdg/lib/python3.8/site-packages/airflow/example_dags/example_complex.py
[2024-04-06T23:42:01.412+0000] {logging_mixin.py:188} INFO - [2024-04-06T23:42:01.412+0000] {dag.py:3047} INFO - Sync 1 DAGs
[2024-04-06T23:42:01.429+0000] {logging_mixin.py:188} INFO - [2024-04-06T23:42:01.428+0000] {dag.py:3834} INFO - Setting next_dagrun for example_complex to None, run_after=None
[2024-04-06T23:42:01.464+0000] {processor.py:183} INFO - Processing /home/malangdataguy/miniconda3/envs/airflow_mdg/lib/python3.8/site-packages/airflow/example_dags/example_complex.py took 0.115 seconds
[2024-04-06T23:43:06.635+0000] {processor.py:161} INFO - Started process (PID=69441) to work on /home/malangdataguy/miniconda3/envs/airflow_mdg/lib/python3.8/site-packages/airflow/example_dags/example_complex.py
[2024-04-06T23:43:06.638+0000] {processor.py:830} INFO - Processing file /home/malangdataguy/miniconda3/envs/airflow_mdg/lib/python3.8/site-packages/airflow/example_dags/example_complex.py for tasks to queue
[2024-04-06T23:43:06.640+0000] {logging_mixin.py:188} INFO - [2024-04-06T23:43:06.639+0000] {dagbag.py:540} INFO - Filling up the DagBag from /home/malangdataguy/miniconda3/envs/airflow_mdg/lib/python3.8/site-packages/airflow/example_dags/example_complex.py
[2024-04-06T23:43:06.654+0000] {processor.py:840} INFO - DAG(s) 'example_complex' retrieved from /home/malangdataguy/miniconda3/envs/airflow_mdg/lib/python3.8/site-packages/airflow/example_dags/example_complex.py
[2024-04-06T23:43:06.688+0000] {logging_mixin.py:188} INFO - [2024-04-06T23:43:06.688+0000] {dag.py:3047} INFO - Sync 1 DAGs
[2024-04-06T23:43:06.703+0000] {logging_mixin.py:188} INFO - [2024-04-06T23:43:06.702+0000] {dag.py:3834} INFO - Setting next_dagrun for example_complex to None, run_after=None
[2024-04-06T23:43:06.735+0000] {processor.py:183} INFO - Processing /home/malangdataguy/miniconda3/envs/airflow_mdg/lib/python3.8/site-packages/airflow/example_dags/example_complex.py took 0.105 seconds
[2024-04-06T23:44:14.379+0000] {processor.py:161} INFO - Started process (PID=69523) to work on /home/malangdataguy/miniconda3/envs/airflow_mdg/lib/python3.8/site-packages/airflow/example_dags/example_complex.py
[2024-04-06T23:44:14.382+0000] {processor.py:830} INFO - Processing file /home/malangdataguy/miniconda3/envs/airflow_mdg/lib/python3.8/site-packages/airflow/example_dags/example_complex.py for tasks to queue
[2024-04-06T23:44:14.383+0000] {logging_mixin.py:188} INFO - [2024-04-06T23:44:14.382+0000] {dagbag.py:540} INFO - Filling up the DagBag from /home/malangdataguy/miniconda3/envs/airflow_mdg/lib/python3.8/site-packages/airflow/example_dags/example_complex.py
[2024-04-06T23:44:14.401+0000] {processor.py:840} INFO - DAG(s) 'example_complex' retrieved from /home/malangdataguy/miniconda3/envs/airflow_mdg/lib/python3.8/site-packages/airflow/example_dags/example_complex.py
[2024-04-06T23:44:14.445+0000] {logging_mixin.py:188} INFO - [2024-04-06T23:44:14.445+0000] {dag.py:3047} INFO - Sync 1 DAGs
[2024-04-06T23:44:14.465+0000] {logging_mixin.py:188} INFO - [2024-04-06T23:44:14.464+0000] {dag.py:3834} INFO - Setting next_dagrun for example_complex to None, run_after=None
[2024-04-06T23:44:14.497+0000] {processor.py:183} INFO - Processing /home/malangdataguy/miniconda3/envs/airflow_mdg/lib/python3.8/site-packages/airflow/example_dags/example_complex.py took 0.123 seconds
[2024-04-06T23:45:17.950+0000] {processor.py:161} INFO - Started process (PID=69591) to work on /home/malangdataguy/miniconda3/envs/airflow_mdg/lib/python3.8/site-packages/airflow/example_dags/example_complex.py
[2024-04-06T23:45:17.953+0000] {processor.py:830} INFO - Processing file /home/malangdataguy/miniconda3/envs/airflow_mdg/lib/python3.8/site-packages/airflow/example_dags/example_complex.py for tasks to queue
[2024-04-06T23:45:17.955+0000] {logging_mixin.py:188} INFO - [2024-04-06T23:45:17.954+0000] {dagbag.py:540} INFO - Filling up the DagBag from /home/malangdataguy/miniconda3/envs/airflow_mdg/lib/python3.8/site-packages/airflow/example_dags/example_complex.py
[2024-04-06T23:45:17.970+0000] {processor.py:840} INFO - DAG(s) 'example_complex' retrieved from /home/malangdataguy/miniconda3/envs/airflow_mdg/lib/python3.8/site-packages/airflow/example_dags/example_complex.py
[2024-04-06T23:45:18.007+0000] {logging_mixin.py:188} INFO - [2024-04-06T23:45:18.007+0000] {dag.py:3047} INFO - Sync 1 DAGs
[2024-04-06T23:45:18.023+0000] {logging_mixin.py:188} INFO - [2024-04-06T23:45:18.023+0000] {dag.py:3834} INFO - Setting next_dagrun for example_complex to None, run_after=None
[2024-04-06T23:45:18.059+0000] {processor.py:183} INFO - Processing /home/malangdataguy/miniconda3/envs/airflow_mdg/lib/python3.8/site-packages/airflow/example_dags/example_complex.py took 0.114 seconds
[2024-04-06T23:46:20.524+0000] {processor.py:161} INFO - Started process (PID=69657) to work on /home/malangdataguy/miniconda3/envs/airflow_mdg/lib/python3.8/site-packages/airflow/example_dags/example_complex.py
[2024-04-06T23:46:20.527+0000] {processor.py:830} INFO - Processing file /home/malangdataguy/miniconda3/envs/airflow_mdg/lib/python3.8/site-packages/airflow/example_dags/example_complex.py for tasks to queue
[2024-04-06T23:46:20.529+0000] {logging_mixin.py:188} INFO - [2024-04-06T23:46:20.528+0000] {dagbag.py:540} INFO - Filling up the DagBag from /home/malangdataguy/miniconda3/envs/airflow_mdg/lib/python3.8/site-packages/airflow/example_dags/example_complex.py
[2024-04-06T23:46:20.544+0000] {processor.py:840} INFO - DAG(s) 'example_complex' retrieved from /home/malangdataguy/miniconda3/envs/airflow_mdg/lib/python3.8/site-packages/airflow/example_dags/example_complex.py
[2024-04-06T23:46:20.577+0000] {logging_mixin.py:188} INFO - [2024-04-06T23:46:20.577+0000] {dag.py:3047} INFO - Sync 1 DAGs
[2024-04-06T23:46:20.591+0000] {logging_mixin.py:188} INFO - [2024-04-06T23:46:20.591+0000] {dag.py:3834} INFO - Setting next_dagrun for example_complex to None, run_after=None
[2024-04-06T23:46:20.619+0000] {processor.py:183} INFO - Processing /home/malangdataguy/miniconda3/envs/airflow_mdg/lib/python3.8/site-packages/airflow/example_dags/example_complex.py took 0.100 seconds
[2024-04-06T23:47:16.788+0000] {processor.py:161} INFO - Started process (PID=69747) to work on /home/malangdataguy/miniconda3/envs/airflow_mdg/lib/python3.8/site-packages/airflow/example_dags/example_complex.py
[2024-04-06T23:47:16.791+0000] {processor.py:830} INFO - Processing file /home/malangdataguy/miniconda3/envs/airflow_mdg/lib/python3.8/site-packages/airflow/example_dags/example_complex.py for tasks to queue
[2024-04-06T23:47:16.793+0000] {logging_mixin.py:188} INFO - [2024-04-06T23:47:16.792+0000] {dagbag.py:540} INFO - Filling up the DagBag from /home/malangdataguy/miniconda3/envs/airflow_mdg/lib/python3.8/site-packages/airflow/example_dags/example_complex.py
[2024-04-06T23:47:16.808+0000] {processor.py:840} INFO - DAG(s) 'example_complex' retrieved from /home/malangdataguy/miniconda3/envs/airflow_mdg/lib/python3.8/site-packages/airflow/example_dags/example_complex.py
[2024-04-06T23:47:16.848+0000] {logging_mixin.py:188} INFO - [2024-04-06T23:47:16.848+0000] {dag.py:3047} INFO - Sync 1 DAGs
[2024-04-06T23:47:16.865+0000] {logging_mixin.py:188} INFO - [2024-04-06T23:47:16.864+0000] {dag.py:3834} INFO - Setting next_dagrun for example_complex to None, run_after=None
[2024-04-06T23:47:16.899+0000] {processor.py:183} INFO - Processing /home/malangdataguy/miniconda3/envs/airflow_mdg/lib/python3.8/site-packages/airflow/example_dags/example_complex.py took 0.116 seconds
[2024-04-06T23:48:21.104+0000] {processor.py:161} INFO - Started process (PID=69816) to work on /home/malangdataguy/miniconda3/envs/airflow_mdg/lib/python3.8/site-packages/airflow/example_dags/example_complex.py
[2024-04-06T23:48:21.107+0000] {processor.py:830} INFO - Processing file /home/malangdataguy/miniconda3/envs/airflow_mdg/lib/python3.8/site-packages/airflow/example_dags/example_complex.py for tasks to queue
[2024-04-06T23:48:21.108+0000] {logging_mixin.py:188} INFO - [2024-04-06T23:48:21.108+0000] {dagbag.py:540} INFO - Filling up the DagBag from /home/malangdataguy/miniconda3/envs/airflow_mdg/lib/python3.8/site-packages/airflow/example_dags/example_complex.py
[2024-04-06T23:48:21.123+0000] {processor.py:840} INFO - DAG(s) 'example_complex' retrieved from /home/malangdataguy/miniconda3/envs/airflow_mdg/lib/python3.8/site-packages/airflow/example_dags/example_complex.py
[2024-04-06T23:48:21.157+0000] {logging_mixin.py:188} INFO - [2024-04-06T23:48:21.156+0000] {dag.py:3047} INFO - Sync 1 DAGs
[2024-04-06T23:48:21.172+0000] {logging_mixin.py:188} INFO - [2024-04-06T23:48:21.171+0000] {dag.py:3834} INFO - Setting next_dagrun for example_complex to None, run_after=None
[2024-04-06T23:48:21.203+0000] {processor.py:183} INFO - Processing /home/malangdataguy/miniconda3/envs/airflow_mdg/lib/python3.8/site-packages/airflow/example_dags/example_complex.py took 0.103 seconds
[2024-04-06T23:49:25.787+0000] {processor.py:161} INFO - Started process (PID=69879) to work on /home/malangdataguy/miniconda3/envs/airflow_mdg/lib/python3.8/site-packages/airflow/example_dags/example_complex.py
[2024-04-06T23:49:25.790+0000] {processor.py:830} INFO - Processing file /home/malangdataguy/miniconda3/envs/airflow_mdg/lib/python3.8/site-packages/airflow/example_dags/example_complex.py for tasks to queue
[2024-04-06T23:49:25.792+0000] {logging_mixin.py:188} INFO - [2024-04-06T23:49:25.791+0000] {dagbag.py:540} INFO - Filling up the DagBag from /home/malangdataguy/miniconda3/envs/airflow_mdg/lib/python3.8/site-packages/airflow/example_dags/example_complex.py
[2024-04-06T23:49:25.808+0000] {processor.py:840} INFO - DAG(s) 'example_complex' retrieved from /home/malangdataguy/miniconda3/envs/airflow_mdg/lib/python3.8/site-packages/airflow/example_dags/example_complex.py
[2024-04-06T23:49:25.845+0000] {logging_mixin.py:188} INFO - [2024-04-06T23:49:25.845+0000] {dag.py:3047} INFO - Sync 1 DAGs
[2024-04-06T23:49:25.861+0000] {logging_mixin.py:188} INFO - [2024-04-06T23:49:25.861+0000] {dag.py:3834} INFO - Setting next_dagrun for example_complex to None, run_after=None
[2024-04-06T23:49:25.894+0000] {processor.py:183} INFO - Processing /home/malangdataguy/miniconda3/envs/airflow_mdg/lib/python3.8/site-packages/airflow/example_dags/example_complex.py took 0.112 seconds
[2024-04-06T23:50:21.656+0000] {processor.py:161} INFO - Started process (PID=69940) to work on /home/malangdataguy/miniconda3/envs/airflow_mdg/lib/python3.8/site-packages/airflow/example_dags/example_complex.py
[2024-04-06T23:50:21.658+0000] {processor.py:830} INFO - Processing file /home/malangdataguy/miniconda3/envs/airflow_mdg/lib/python3.8/site-packages/airflow/example_dags/example_complex.py for tasks to queue
[2024-04-06T23:50:21.659+0000] {logging_mixin.py:188} INFO - [2024-04-06T23:50:21.659+0000] {dagbag.py:540} INFO - Filling up the DagBag from /home/malangdataguy/miniconda3/envs/airflow_mdg/lib/python3.8/site-packages/airflow/example_dags/example_complex.py
[2024-04-06T23:50:21.676+0000] {processor.py:840} INFO - DAG(s) 'example_complex' retrieved from /home/malangdataguy/miniconda3/envs/airflow_mdg/lib/python3.8/site-packages/airflow/example_dags/example_complex.py
[2024-04-06T23:50:21.707+0000] {logging_mixin.py:188} INFO - [2024-04-06T23:50:21.707+0000] {dag.py:3047} INFO - Sync 1 DAGs
[2024-04-06T23:50:21.722+0000] {logging_mixin.py:188} INFO - [2024-04-06T23:50:21.721+0000] {dag.py:3834} INFO - Setting next_dagrun for example_complex to None, run_after=None
[2024-04-06T23:50:21.751+0000] {processor.py:183} INFO - Processing /home/malangdataguy/miniconda3/envs/airflow_mdg/lib/python3.8/site-packages/airflow/example_dags/example_complex.py took 0.100 seconds
[2024-04-06T23:51:26.558+0000] {processor.py:161} INFO - Started process (PID=70005) to work on /home/malangdataguy/miniconda3/envs/airflow_mdg/lib/python3.8/site-packages/airflow/example_dags/example_complex.py
[2024-04-06T23:51:26.561+0000] {processor.py:830} INFO - Processing file /home/malangdataguy/miniconda3/envs/airflow_mdg/lib/python3.8/site-packages/airflow/example_dags/example_complex.py for tasks to queue
[2024-04-06T23:51:26.563+0000] {logging_mixin.py:188} INFO - [2024-04-06T23:51:26.562+0000] {dagbag.py:540} INFO - Filling up the DagBag from /home/malangdataguy/miniconda3/envs/airflow_mdg/lib/python3.8/site-packages/airflow/example_dags/example_complex.py
[2024-04-06T23:51:26.579+0000] {processor.py:840} INFO - DAG(s) 'example_complex' retrieved from /home/malangdataguy/miniconda3/envs/airflow_mdg/lib/python3.8/site-packages/airflow/example_dags/example_complex.py
[2024-04-06T23:51:26.617+0000] {logging_mixin.py:188} INFO - [2024-04-06T23:51:26.616+0000] {dag.py:3047} INFO - Sync 1 DAGs
[2024-04-06T23:51:26.636+0000] {logging_mixin.py:188} INFO - [2024-04-06T23:51:26.635+0000] {dag.py:3834} INFO - Setting next_dagrun for example_complex to None, run_after=None
[2024-04-06T23:51:26.671+0000] {processor.py:183} INFO - Processing /home/malangdataguy/miniconda3/envs/airflow_mdg/lib/python3.8/site-packages/airflow/example_dags/example_complex.py took 0.118 seconds
[2024-04-06T23:52:32.254+0000] {processor.py:161} INFO - Started process (PID=70073) to work on /home/malangdataguy/miniconda3/envs/airflow_mdg/lib/python3.8/site-packages/airflow/example_dags/example_complex.py
[2024-04-06T23:52:32.257+0000] {processor.py:830} INFO - Processing file /home/malangdataguy/miniconda3/envs/airflow_mdg/lib/python3.8/site-packages/airflow/example_dags/example_complex.py for tasks to queue
[2024-04-06T23:52:32.259+0000] {logging_mixin.py:188} INFO - [2024-04-06T23:52:32.258+0000] {dagbag.py:540} INFO - Filling up the DagBag from /home/malangdataguy/miniconda3/envs/airflow_mdg/lib/python3.8/site-packages/airflow/example_dags/example_complex.py
[2024-04-06T23:52:32.274+0000] {processor.py:840} INFO - DAG(s) 'example_complex' retrieved from /home/malangdataguy/miniconda3/envs/airflow_mdg/lib/python3.8/site-packages/airflow/example_dags/example_complex.py
[2024-04-06T23:52:32.312+0000] {logging_mixin.py:188} INFO - [2024-04-06T23:52:32.311+0000] {dag.py:3047} INFO - Sync 1 DAGs
[2024-04-06T23:52:32.330+0000] {logging_mixin.py:188} INFO - [2024-04-06T23:52:32.330+0000] {dag.py:3834} INFO - Setting next_dagrun for example_complex to None, run_after=None
[2024-04-06T23:52:32.367+0000] {processor.py:183} INFO - Processing /home/malangdataguy/miniconda3/envs/airflow_mdg/lib/python3.8/site-packages/airflow/example_dags/example_complex.py took 0.118 seconds
[2024-04-06T23:53:39.826+0000] {processor.py:161} INFO - Started process (PID=70144) to work on /home/malangdataguy/miniconda3/envs/airflow_mdg/lib/python3.8/site-packages/airflow/example_dags/example_complex.py
[2024-04-06T23:53:39.828+0000] {processor.py:830} INFO - Processing file /home/malangdataguy/miniconda3/envs/airflow_mdg/lib/python3.8/site-packages/airflow/example_dags/example_complex.py for tasks to queue
[2024-04-06T23:53:39.830+0000] {logging_mixin.py:188} INFO - [2024-04-06T23:53:39.830+0000] {dagbag.py:540} INFO - Filling up the DagBag from /home/malangdataguy/miniconda3/envs/airflow_mdg/lib/python3.8/site-packages/airflow/example_dags/example_complex.py
[2024-04-06T23:53:39.850+0000] {processor.py:840} INFO - DAG(s) 'example_complex' retrieved from /home/malangdataguy/miniconda3/envs/airflow_mdg/lib/python3.8/site-packages/airflow/example_dags/example_complex.py
[2024-04-06T23:53:39.889+0000] {logging_mixin.py:188} INFO - [2024-04-06T23:53:39.888+0000] {dag.py:3047} INFO - Sync 1 DAGs
[2024-04-06T23:53:39.905+0000] {logging_mixin.py:188} INFO - [2024-04-06T23:53:39.905+0000] {dag.py:3834} INFO - Setting next_dagrun for example_complex to None, run_after=None
[2024-04-06T23:53:39.938+0000] {processor.py:183} INFO - Processing /home/malangdataguy/miniconda3/envs/airflow_mdg/lib/python3.8/site-packages/airflow/example_dags/example_complex.py took 0.118 seconds
[2024-04-06T23:54:43.259+0000] {processor.py:161} INFO - Started process (PID=70241) to work on /home/malangdataguy/miniconda3/envs/airflow_mdg/lib/python3.8/site-packages/airflow/example_dags/example_complex.py
[2024-04-06T23:54:43.262+0000] {processor.py:830} INFO - Processing file /home/malangdataguy/miniconda3/envs/airflow_mdg/lib/python3.8/site-packages/airflow/example_dags/example_complex.py for tasks to queue
[2024-04-06T23:54:43.263+0000] {logging_mixin.py:188} INFO - [2024-04-06T23:54:43.262+0000] {dagbag.py:540} INFO - Filling up the DagBag from /home/malangdataguy/miniconda3/envs/airflow_mdg/lib/python3.8/site-packages/airflow/example_dags/example_complex.py
[2024-04-06T23:54:43.276+0000] {processor.py:840} INFO - DAG(s) 'example_complex' retrieved from /home/malangdataguy/miniconda3/envs/airflow_mdg/lib/python3.8/site-packages/airflow/example_dags/example_complex.py
[2024-04-06T23:54:43.309+0000] {logging_mixin.py:188} INFO - [2024-04-06T23:54:43.308+0000] {dag.py:3047} INFO - Sync 1 DAGs
[2024-04-06T23:54:43.323+0000] {logging_mixin.py:188} INFO - [2024-04-06T23:54:43.323+0000] {dag.py:3834} INFO - Setting next_dagrun for example_complex to None, run_after=None
[2024-04-06T23:54:43.355+0000] {processor.py:183} INFO - Processing /home/malangdataguy/miniconda3/envs/airflow_mdg/lib/python3.8/site-packages/airflow/example_dags/example_complex.py took 0.101 seconds
[2024-04-06T23:55:47.216+0000] {processor.py:161} INFO - Started process (PID=70304) to work on /home/malangdataguy/miniconda3/envs/airflow_mdg/lib/python3.8/site-packages/airflow/example_dags/example_complex.py
[2024-04-06T23:55:47.219+0000] {processor.py:830} INFO - Processing file /home/malangdataguy/miniconda3/envs/airflow_mdg/lib/python3.8/site-packages/airflow/example_dags/example_complex.py for tasks to queue
[2024-04-06T23:55:47.220+0000] {logging_mixin.py:188} INFO - [2024-04-06T23:55:47.220+0000] {dagbag.py:540} INFO - Filling up the DagBag from /home/malangdataguy/miniconda3/envs/airflow_mdg/lib/python3.8/site-packages/airflow/example_dags/example_complex.py
[2024-04-06T23:55:47.234+0000] {processor.py:840} INFO - DAG(s) 'example_complex' retrieved from /home/malangdataguy/miniconda3/envs/airflow_mdg/lib/python3.8/site-packages/airflow/example_dags/example_complex.py
[2024-04-06T23:55:47.269+0000] {logging_mixin.py:188} INFO - [2024-04-06T23:55:47.268+0000] {dag.py:3047} INFO - Sync 1 DAGs
[2024-04-06T23:55:47.284+0000] {logging_mixin.py:188} INFO - [2024-04-06T23:55:47.283+0000] {dag.py:3834} INFO - Setting next_dagrun for example_complex to None, run_after=None
[2024-04-06T23:55:47.313+0000] {processor.py:183} INFO - Processing /home/malangdataguy/miniconda3/envs/airflow_mdg/lib/python3.8/site-packages/airflow/example_dags/example_complex.py took 0.101 seconds
