[2024-04-06T23:09:44.896+0000] {processor.py:161} INFO - Started process (PID=68395) to work on /home/malangdataguy/miniconda3/envs/airflow_mdg/lib/python3.8/site-packages/airflow/example_dags/example_sensor_decorator.py
[2024-04-06T23:09:44.898+0000] {processor.py:830} INFO - Processing file /home/malangdataguy/miniconda3/envs/airflow_mdg/lib/python3.8/site-packages/airflow/example_dags/example_sensor_decorator.py for tasks to queue
[2024-04-06T23:09:44.899+0000] {logging_mixin.py:188} INFO - [2024-04-06T23:09:44.899+0000] {dagbag.py:540} INFO - Filling up the DagBag from /home/malangdataguy/miniconda3/envs/airflow_mdg/lib/python3.8/site-packages/airflow/example_dags/example_sensor_decorator.py
[2024-04-06T23:09:44.910+0000] {processor.py:840} INFO - DAG(s) 'example_sensor_decorator' retrieved from /home/malangdataguy/miniconda3/envs/airflow_mdg/lib/python3.8/site-packages/airflow/example_dags/example_sensor_decorator.py
[2024-04-06T23:09:45.031+0000] {logging_mixin.py:188} INFO - [2024-04-06T23:09:45.031+0000] {dag.py:3047} INFO - Sync 1 DAGs
[2024-04-06T23:09:45.046+0000] {logging_mixin.py:188} INFO - [2024-04-06T23:09:45.046+0000] {dag.py:3834} INFO - Setting next_dagrun for example_sensor_decorator to None, run_after=None
[2024-04-06T23:09:45.079+0000] {processor.py:183} INFO - Processing /home/malangdataguy/miniconda3/envs/airflow_mdg/lib/python3.8/site-packages/airflow/example_dags/example_sensor_decorator.py took 0.188 seconds
[2024-04-06T23:10:37.723+0000] {processor.py:161} INFO - Started process (PID=68445) to work on /home/malangdataguy/miniconda3/envs/airflow_mdg/lib/python3.8/site-packages/airflow/example_dags/example_sensor_decorator.py
[2024-04-06T23:10:37.726+0000] {processor.py:830} INFO - Processing file /home/malangdataguy/miniconda3/envs/airflow_mdg/lib/python3.8/site-packages/airflow/example_dags/example_sensor_decorator.py for tasks to queue
[2024-04-06T23:10:37.727+0000] {logging_mixin.py:188} INFO - [2024-04-06T23:10:37.727+0000] {dagbag.py:540} INFO - Filling up the DagBag from /home/malangdataguy/miniconda3/envs/airflow_mdg/lib/python3.8/site-packages/airflow/example_dags/example_sensor_decorator.py
[2024-04-06T23:10:37.738+0000] {processor.py:840} INFO - DAG(s) 'example_sensor_decorator' retrieved from /home/malangdataguy/miniconda3/envs/airflow_mdg/lib/python3.8/site-packages/airflow/example_dags/example_sensor_decorator.py
[2024-04-06T23:10:37.764+0000] {logging_mixin.py:188} INFO - [2024-04-06T23:10:37.763+0000] {dag.py:3047} INFO - Sync 1 DAGs
[2024-04-06T23:10:37.780+0000] {logging_mixin.py:188} INFO - [2024-04-06T23:10:37.779+0000] {dag.py:3834} INFO - Setting next_dagrun for example_sensor_decorator to None, run_after=None
[2024-04-06T23:10:37.813+0000] {processor.py:183} INFO - Processing /home/malangdataguy/miniconda3/envs/airflow_mdg/lib/python3.8/site-packages/airflow/example_dags/example_sensor_decorator.py took 0.096 seconds
[2024-04-06T23:11:36.914+0000] {processor.py:161} INFO - Started process (PID=68516) to work on /home/malangdataguy/miniconda3/envs/airflow_mdg/lib/python3.8/site-packages/airflow/example_dags/example_sensor_decorator.py
[2024-04-06T23:11:36.917+0000] {processor.py:830} INFO - Processing file /home/malangdataguy/miniconda3/envs/airflow_mdg/lib/python3.8/site-packages/airflow/example_dags/example_sensor_decorator.py for tasks to queue
[2024-04-06T23:11:36.918+0000] {logging_mixin.py:188} INFO - [2024-04-06T23:11:36.918+0000] {dagbag.py:540} INFO - Filling up the DagBag from /home/malangdataguy/miniconda3/envs/airflow_mdg/lib/python3.8/site-packages/airflow/example_dags/example_sensor_decorator.py
[2024-04-06T23:11:36.928+0000] {processor.py:840} INFO - DAG(s) 'example_sensor_decorator' retrieved from /home/malangdataguy/miniconda3/envs/airflow_mdg/lib/python3.8/site-packages/airflow/example_dags/example_sensor_decorator.py
[2024-04-06T23:11:36.955+0000] {logging_mixin.py:188} INFO - [2024-04-06T23:11:36.955+0000] {dag.py:3047} INFO - Sync 1 DAGs
[2024-04-06T23:11:36.971+0000] {logging_mixin.py:188} INFO - [2024-04-06T23:11:36.971+0000] {dag.py:3834} INFO - Setting next_dagrun for example_sensor_decorator to None, run_after=None
[2024-04-06T23:11:37.001+0000] {processor.py:183} INFO - Processing /home/malangdataguy/miniconda3/envs/airflow_mdg/lib/python3.8/site-packages/airflow/example_dags/example_sensor_decorator.py took 0.091 seconds
[2024-04-06T23:12:43.994+0000] {processor.py:161} INFO - Started process (PID=68581) to work on /home/malangdataguy/miniconda3/envs/airflow_mdg/lib/python3.8/site-packages/airflow/example_dags/example_sensor_decorator.py
[2024-04-06T23:12:43.996+0000] {processor.py:830} INFO - Processing file /home/malangdataguy/miniconda3/envs/airflow_mdg/lib/python3.8/site-packages/airflow/example_dags/example_sensor_decorator.py for tasks to queue
[2024-04-06T23:12:43.998+0000] {logging_mixin.py:188} INFO - [2024-04-06T23:12:43.997+0000] {dagbag.py:540} INFO - Filling up the DagBag from /home/malangdataguy/miniconda3/envs/airflow_mdg/lib/python3.8/site-packages/airflow/example_dags/example_sensor_decorator.py
[2024-04-06T23:12:44.007+0000] {processor.py:840} INFO - DAG(s) 'example_sensor_decorator' retrieved from /home/malangdataguy/miniconda3/envs/airflow_mdg/lib/python3.8/site-packages/airflow/example_dags/example_sensor_decorator.py
[2024-04-06T23:12:44.028+0000] {logging_mixin.py:188} INFO - [2024-04-06T23:12:44.027+0000] {dag.py:3047} INFO - Sync 1 DAGs
[2024-04-06T23:12:44.041+0000] {logging_mixin.py:188} INFO - [2024-04-06T23:12:44.041+0000] {dag.py:3834} INFO - Setting next_dagrun for example_sensor_decorator to None, run_after=None
[2024-04-06T23:12:44.071+0000] {processor.py:183} INFO - Processing /home/malangdataguy/miniconda3/envs/airflow_mdg/lib/python3.8/site-packages/airflow/example_dags/example_sensor_decorator.py took 0.082 seconds
[2024-04-06T23:13:44.892+0000] {processor.py:161} INFO - Started process (PID=68646) to work on /home/malangdataguy/miniconda3/envs/airflow_mdg/lib/python3.8/site-packages/airflow/example_dags/example_sensor_decorator.py
[2024-04-06T23:13:44.895+0000] {processor.py:830} INFO - Processing file /home/malangdataguy/miniconda3/envs/airflow_mdg/lib/python3.8/site-packages/airflow/example_dags/example_sensor_decorator.py for tasks to queue
[2024-04-06T23:13:44.896+0000] {logging_mixin.py:188} INFO - [2024-04-06T23:13:44.896+0000] {dagbag.py:540} INFO - Filling up the DagBag from /home/malangdataguy/miniconda3/envs/airflow_mdg/lib/python3.8/site-packages/airflow/example_dags/example_sensor_decorator.py
[2024-04-06T23:13:44.906+0000] {processor.py:840} INFO - DAG(s) 'example_sensor_decorator' retrieved from /home/malangdataguy/miniconda3/envs/airflow_mdg/lib/python3.8/site-packages/airflow/example_dags/example_sensor_decorator.py
[2024-04-06T23:13:44.928+0000] {logging_mixin.py:188} INFO - [2024-04-06T23:13:44.928+0000] {dag.py:3047} INFO - Sync 1 DAGs
[2024-04-06T23:13:44.942+0000] {logging_mixin.py:188} INFO - [2024-04-06T23:13:44.942+0000] {dag.py:3834} INFO - Setting next_dagrun for example_sensor_decorator to None, run_after=None
[2024-04-06T23:13:44.969+0000] {processor.py:183} INFO - Processing /home/malangdataguy/miniconda3/envs/airflow_mdg/lib/python3.8/site-packages/airflow/example_dags/example_sensor_decorator.py took 0.081 seconds
[2024-04-06T23:14:49.437+0000] {processor.py:161} INFO - Started process (PID=68709) to work on /home/malangdataguy/miniconda3/envs/airflow_mdg/lib/python3.8/site-packages/airflow/example_dags/example_sensor_decorator.py
[2024-04-06T23:14:49.440+0000] {processor.py:830} INFO - Processing file /home/malangdataguy/miniconda3/envs/airflow_mdg/lib/python3.8/site-packages/airflow/example_dags/example_sensor_decorator.py for tasks to queue
[2024-04-06T23:14:49.442+0000] {logging_mixin.py:188} INFO - [2024-04-06T23:14:49.441+0000] {dagbag.py:540} INFO - Filling up the DagBag from /home/malangdataguy/miniconda3/envs/airflow_mdg/lib/python3.8/site-packages/airflow/example_dags/example_sensor_decorator.py
[2024-04-06T23:14:49.453+0000] {processor.py:840} INFO - DAG(s) 'example_sensor_decorator' retrieved from /home/malangdataguy/miniconda3/envs/airflow_mdg/lib/python3.8/site-packages/airflow/example_dags/example_sensor_decorator.py
[2024-04-06T23:14:49.479+0000] {logging_mixin.py:188} INFO - [2024-04-06T23:14:49.479+0000] {dag.py:3047} INFO - Sync 1 DAGs
[2024-04-06T23:14:49.496+0000] {logging_mixin.py:188} INFO - [2024-04-06T23:14:49.495+0000] {dag.py:3834} INFO - Setting next_dagrun for example_sensor_decorator to None, run_after=None
[2024-04-06T23:14:49.527+0000] {processor.py:183} INFO - Processing /home/malangdataguy/miniconda3/envs/airflow_mdg/lib/python3.8/site-packages/airflow/example_dags/example_sensor_decorator.py took 0.096 seconds
[2024-04-06T23:15:46.066+0000] {processor.py:161} INFO - Started process (PID=68768) to work on /home/malangdataguy/miniconda3/envs/airflow_mdg/lib/python3.8/site-packages/airflow/example_dags/example_sensor_decorator.py
[2024-04-06T23:15:46.070+0000] {processor.py:830} INFO - Processing file /home/malangdataguy/miniconda3/envs/airflow_mdg/lib/python3.8/site-packages/airflow/example_dags/example_sensor_decorator.py for tasks to queue
[2024-04-06T23:15:46.071+0000] {logging_mixin.py:188} INFO - [2024-04-06T23:15:46.071+0000] {dagbag.py:540} INFO - Filling up the DagBag from /home/malangdataguy/miniconda3/envs/airflow_mdg/lib/python3.8/site-packages/airflow/example_dags/example_sensor_decorator.py
[2024-04-06T23:15:46.081+0000] {processor.py:840} INFO - DAG(s) 'example_sensor_decorator' retrieved from /home/malangdataguy/miniconda3/envs/airflow_mdg/lib/python3.8/site-packages/airflow/example_dags/example_sensor_decorator.py
[2024-04-06T23:15:46.105+0000] {logging_mixin.py:188} INFO - [2024-04-06T23:15:46.105+0000] {dag.py:3047} INFO - Sync 1 DAGs
[2024-04-06T23:15:46.119+0000] {logging_mixin.py:188} INFO - [2024-04-06T23:15:46.119+0000] {dag.py:3834} INFO - Setting next_dagrun for example_sensor_decorator to None, run_after=None
[2024-04-06T23:15:46.147+0000] {processor.py:183} INFO - Processing /home/malangdataguy/miniconda3/envs/airflow_mdg/lib/python3.8/site-packages/airflow/example_dags/example_sensor_decorator.py took 0.085 seconds
[2024-04-06T23:16:42.307+0000] {processor.py:161} INFO - Started process (PID=68828) to work on /home/malangdataguy/miniconda3/envs/airflow_mdg/lib/python3.8/site-packages/airflow/example_dags/example_sensor_decorator.py
[2024-04-06T23:16:42.310+0000] {processor.py:830} INFO - Processing file /home/malangdataguy/miniconda3/envs/airflow_mdg/lib/python3.8/site-packages/airflow/example_dags/example_sensor_decorator.py for tasks to queue
[2024-04-06T23:16:42.311+0000] {logging_mixin.py:188} INFO - [2024-04-06T23:16:42.311+0000] {dagbag.py:540} INFO - Filling up the DagBag from /home/malangdataguy/miniconda3/envs/airflow_mdg/lib/python3.8/site-packages/airflow/example_dags/example_sensor_decorator.py
[2024-04-06T23:16:42.321+0000] {processor.py:840} INFO - DAG(s) 'example_sensor_decorator' retrieved from /home/malangdataguy/miniconda3/envs/airflow_mdg/lib/python3.8/site-packages/airflow/example_dags/example_sensor_decorator.py
[2024-04-06T23:16:42.344+0000] {logging_mixin.py:188} INFO - [2024-04-06T23:16:42.344+0000] {dag.py:3047} INFO - Sync 1 DAGs
[2024-04-06T23:16:42.359+0000] {logging_mixin.py:188} INFO - [2024-04-06T23:16:42.358+0000] {dag.py:3834} INFO - Setting next_dagrun for example_sensor_decorator to None, run_after=None
[2024-04-06T23:16:42.386+0000] {processor.py:183} INFO - Processing /home/malangdataguy/miniconda3/envs/airflow_mdg/lib/python3.8/site-packages/airflow/example_dags/example_sensor_decorator.py took 0.084 seconds
[2024-04-06T23:17:44.855+0000] {processor.py:161} INFO - Started process (PID=68900) to work on /home/malangdataguy/miniconda3/envs/airflow_mdg/lib/python3.8/site-packages/airflow/example_dags/example_sensor_decorator.py
[2024-04-06T23:17:44.858+0000] {processor.py:830} INFO - Processing file /home/malangdataguy/miniconda3/envs/airflow_mdg/lib/python3.8/site-packages/airflow/example_dags/example_sensor_decorator.py for tasks to queue
[2024-04-06T23:17:44.859+0000] {logging_mixin.py:188} INFO - [2024-04-06T23:17:44.858+0000] {dagbag.py:540} INFO - Filling up the DagBag from /home/malangdataguy/miniconda3/envs/airflow_mdg/lib/python3.8/site-packages/airflow/example_dags/example_sensor_decorator.py
[2024-04-06T23:17:44.868+0000] {processor.py:840} INFO - DAG(s) 'example_sensor_decorator' retrieved from /home/malangdataguy/miniconda3/envs/airflow_mdg/lib/python3.8/site-packages/airflow/example_dags/example_sensor_decorator.py
[2024-04-06T23:17:44.890+0000] {logging_mixin.py:188} INFO - [2024-04-06T23:17:44.890+0000] {dag.py:3047} INFO - Sync 1 DAGs
[2024-04-06T23:17:44.905+0000] {logging_mixin.py:188} INFO - [2024-04-06T23:17:44.905+0000] {dag.py:3834} INFO - Setting next_dagrun for example_sensor_decorator to None, run_after=None
[2024-04-06T23:17:44.934+0000] {processor.py:183} INFO - Processing /home/malangdataguy/miniconda3/envs/airflow_mdg/lib/python3.8/site-packages/airflow/example_dags/example_sensor_decorator.py took 0.083 seconds
[2024-04-06T23:18:48.294+0000] {processor.py:161} INFO - Started process (PID=68963) to work on /home/malangdataguy/miniconda3/envs/airflow_mdg/lib/python3.8/site-packages/airflow/example_dags/example_sensor_decorator.py
[2024-04-06T23:18:48.297+0000] {processor.py:830} INFO - Processing file /home/malangdataguy/miniconda3/envs/airflow_mdg/lib/python3.8/site-packages/airflow/example_dags/example_sensor_decorator.py for tasks to queue
[2024-04-06T23:18:48.298+0000] {logging_mixin.py:188} INFO - [2024-04-06T23:18:48.298+0000] {dagbag.py:540} INFO - Filling up the DagBag from /home/malangdataguy/miniconda3/envs/airflow_mdg/lib/python3.8/site-packages/airflow/example_dags/example_sensor_decorator.py
[2024-04-06T23:18:48.310+0000] {processor.py:840} INFO - DAG(s) 'example_sensor_decorator' retrieved from /home/malangdataguy/miniconda3/envs/airflow_mdg/lib/python3.8/site-packages/airflow/example_dags/example_sensor_decorator.py
[2024-04-06T23:18:48.337+0000] {logging_mixin.py:188} INFO - [2024-04-06T23:18:48.336+0000] {dag.py:3047} INFO - Sync 1 DAGs
[2024-04-06T23:18:48.355+0000] {logging_mixin.py:188} INFO - [2024-04-06T23:18:48.354+0000] {dag.py:3834} INFO - Setting next_dagrun for example_sensor_decorator to None, run_after=None
[2024-04-06T23:18:48.387+0000] {processor.py:183} INFO - Processing /home/malangdataguy/miniconda3/envs/airflow_mdg/lib/python3.8/site-packages/airflow/example_dags/example_sensor_decorator.py took 0.099 seconds
[2024-04-06T23:19:54.647+0000] {processor.py:161} INFO - Started process (PID=69028) to work on /home/malangdataguy/miniconda3/envs/airflow_mdg/lib/python3.8/site-packages/airflow/example_dags/example_sensor_decorator.py
[2024-04-06T23:19:54.650+0000] {processor.py:830} INFO - Processing file /home/malangdataguy/miniconda3/envs/airflow_mdg/lib/python3.8/site-packages/airflow/example_dags/example_sensor_decorator.py for tasks to queue
[2024-04-06T23:19:54.651+0000] {logging_mixin.py:188} INFO - [2024-04-06T23:19:54.651+0000] {dagbag.py:540} INFO - Filling up the DagBag from /home/malangdataguy/miniconda3/envs/airflow_mdg/lib/python3.8/site-packages/airflow/example_dags/example_sensor_decorator.py
[2024-04-06T23:19:54.663+0000] {processor.py:840} INFO - DAG(s) 'example_sensor_decorator' retrieved from /home/malangdataguy/miniconda3/envs/airflow_mdg/lib/python3.8/site-packages/airflow/example_dags/example_sensor_decorator.py
[2024-04-06T23:19:54.690+0000] {logging_mixin.py:188} INFO - [2024-04-06T23:19:54.690+0000] {dag.py:3047} INFO - Sync 1 DAGs
[2024-04-06T23:19:54.709+0000] {logging_mixin.py:188} INFO - [2024-04-06T23:19:54.708+0000] {dag.py:3834} INFO - Setting next_dagrun for example_sensor_decorator to None, run_after=None
[2024-04-06T23:19:54.746+0000] {processor.py:183} INFO - Processing /home/malangdataguy/miniconda3/envs/airflow_mdg/lib/python3.8/site-packages/airflow/example_dags/example_sensor_decorator.py took 0.104 seconds
[2024-04-06T23:21:02.074+0000] {processor.py:161} INFO - Started process (PID=69096) to work on /home/malangdataguy/miniconda3/envs/airflow_mdg/lib/python3.8/site-packages/airflow/example_dags/example_sensor_decorator.py
[2024-04-06T23:21:02.076+0000] {processor.py:830} INFO - Processing file /home/malangdataguy/miniconda3/envs/airflow_mdg/lib/python3.8/site-packages/airflow/example_dags/example_sensor_decorator.py for tasks to queue
[2024-04-06T23:21:02.078+0000] {logging_mixin.py:188} INFO - [2024-04-06T23:21:02.078+0000] {dagbag.py:540} INFO - Filling up the DagBag from /home/malangdataguy/miniconda3/envs/airflow_mdg/lib/python3.8/site-packages/airflow/example_dags/example_sensor_decorator.py
[2024-04-06T23:21:02.088+0000] {processor.py:840} INFO - DAG(s) 'example_sensor_decorator' retrieved from /home/malangdataguy/miniconda3/envs/airflow_mdg/lib/python3.8/site-packages/airflow/example_dags/example_sensor_decorator.py
[2024-04-06T23:21:02.110+0000] {logging_mixin.py:188} INFO - [2024-04-06T23:21:02.110+0000] {dag.py:3047} INFO - Sync 1 DAGs
[2024-04-06T23:21:02.125+0000] {logging_mixin.py:188} INFO - [2024-04-06T23:21:02.124+0000] {dag.py:3834} INFO - Setting next_dagrun for example_sensor_decorator to None, run_after=None
[2024-04-06T23:21:02.152+0000] {processor.py:183} INFO - Processing /home/malangdataguy/miniconda3/envs/airflow_mdg/lib/python3.8/site-packages/airflow/example_dags/example_sensor_decorator.py took 0.083 seconds
[2024-04-06T23:22:02.007+0000] {processor.py:161} INFO - Started process (PID=69157) to work on /home/malangdataguy/miniconda3/envs/airflow_mdg/lib/python3.8/site-packages/airflow/example_dags/example_sensor_decorator.py
[2024-04-06T23:22:02.010+0000] {processor.py:830} INFO - Processing file /home/malangdataguy/miniconda3/envs/airflow_mdg/lib/python3.8/site-packages/airflow/example_dags/example_sensor_decorator.py for tasks to queue
[2024-04-06T23:22:02.012+0000] {logging_mixin.py:188} INFO - [2024-04-06T23:22:02.011+0000] {dagbag.py:540} INFO - Filling up the DagBag from /home/malangdataguy/miniconda3/envs/airflow_mdg/lib/python3.8/site-packages/airflow/example_dags/example_sensor_decorator.py
[2024-04-06T23:22:02.023+0000] {processor.py:840} INFO - DAG(s) 'example_sensor_decorator' retrieved from /home/malangdataguy/miniconda3/envs/airflow_mdg/lib/python3.8/site-packages/airflow/example_dags/example_sensor_decorator.py
[2024-04-06T23:22:02.053+0000] {logging_mixin.py:188} INFO - [2024-04-06T23:22:02.052+0000] {dag.py:3047} INFO - Sync 1 DAGs
[2024-04-06T23:22:02.070+0000] {logging_mixin.py:188} INFO - [2024-04-06T23:22:02.069+0000] {dag.py:3834} INFO - Setting next_dagrun for example_sensor_decorator to None, run_after=None
[2024-04-06T23:22:02.105+0000] {processor.py:183} INFO - Processing /home/malangdataguy/miniconda3/envs/airflow_mdg/lib/python3.8/site-packages/airflow/example_dags/example_sensor_decorator.py took 0.103 seconds
[2024-04-06T23:40:51.887+0000] {processor.py:161} INFO - Started process (PID=69308) to work on /home/malangdataguy/miniconda3/envs/airflow_mdg/lib/python3.8/site-packages/airflow/example_dags/example_sensor_decorator.py
[2024-04-06T23:40:51.890+0000] {processor.py:830} INFO - Processing file /home/malangdataguy/miniconda3/envs/airflow_mdg/lib/python3.8/site-packages/airflow/example_dags/example_sensor_decorator.py for tasks to queue
[2024-04-06T23:40:51.891+0000] {logging_mixin.py:188} INFO - [2024-04-06T23:40:51.891+0000] {dagbag.py:540} INFO - Filling up the DagBag from /home/malangdataguy/miniconda3/envs/airflow_mdg/lib/python3.8/site-packages/airflow/example_dags/example_sensor_decorator.py
[2024-04-06T23:40:51.903+0000] {processor.py:840} INFO - DAG(s) 'example_sensor_decorator' retrieved from /home/malangdataguy/miniconda3/envs/airflow_mdg/lib/python3.8/site-packages/airflow/example_dags/example_sensor_decorator.py
[2024-04-06T23:40:51.929+0000] {logging_mixin.py:188} INFO - [2024-04-06T23:40:51.929+0000] {dag.py:3047} INFO - Sync 1 DAGs
[2024-04-06T23:40:51.946+0000] {logging_mixin.py:188} INFO - [2024-04-06T23:40:51.946+0000] {dag.py:3834} INFO - Setting next_dagrun for example_sensor_decorator to None, run_after=None
[2024-04-06T23:40:51.978+0000] {processor.py:183} INFO - Processing /home/malangdataguy/miniconda3/envs/airflow_mdg/lib/python3.8/site-packages/airflow/example_dags/example_sensor_decorator.py took 0.097 seconds
[2024-04-06T23:41:43.341+0000] {processor.py:161} INFO - Started process (PID=69358) to work on /home/malangdataguy/miniconda3/envs/airflow_mdg/lib/python3.8/site-packages/airflow/example_dags/example_sensor_decorator.py
[2024-04-06T23:41:43.344+0000] {processor.py:830} INFO - Processing file /home/malangdataguy/miniconda3/envs/airflow_mdg/lib/python3.8/site-packages/airflow/example_dags/example_sensor_decorator.py for tasks to queue
[2024-04-06T23:41:43.346+0000] {logging_mixin.py:188} INFO - [2024-04-06T23:41:43.345+0000] {dagbag.py:540} INFO - Filling up the DagBag from /home/malangdataguy/miniconda3/envs/airflow_mdg/lib/python3.8/site-packages/airflow/example_dags/example_sensor_decorator.py
[2024-04-06T23:41:43.357+0000] {processor.py:840} INFO - DAG(s) 'example_sensor_decorator' retrieved from /home/malangdataguy/miniconda3/envs/airflow_mdg/lib/python3.8/site-packages/airflow/example_dags/example_sensor_decorator.py
[2024-04-06T23:41:43.384+0000] {logging_mixin.py:188} INFO - [2024-04-06T23:41:43.384+0000] {dag.py:3047} INFO - Sync 1 DAGs
[2024-04-06T23:41:43.400+0000] {logging_mixin.py:188} INFO - [2024-04-06T23:41:43.400+0000] {dag.py:3834} INFO - Setting next_dagrun for example_sensor_decorator to None, run_after=None
[2024-04-06T23:41:43.433+0000] {processor.py:183} INFO - Processing /home/malangdataguy/miniconda3/envs/airflow_mdg/lib/python3.8/site-packages/airflow/example_dags/example_sensor_decorator.py took 0.097 seconds
[2024-04-06T23:42:48.642+0000] {processor.py:161} INFO - Started process (PID=69424) to work on /home/malangdataguy/miniconda3/envs/airflow_mdg/lib/python3.8/site-packages/airflow/example_dags/example_sensor_decorator.py
[2024-04-06T23:42:48.645+0000] {processor.py:830} INFO - Processing file /home/malangdataguy/miniconda3/envs/airflow_mdg/lib/python3.8/site-packages/airflow/example_dags/example_sensor_decorator.py for tasks to queue
[2024-04-06T23:42:48.646+0000] {logging_mixin.py:188} INFO - [2024-04-06T23:42:48.645+0000] {dagbag.py:540} INFO - Filling up the DagBag from /home/malangdataguy/miniconda3/envs/airflow_mdg/lib/python3.8/site-packages/airflow/example_dags/example_sensor_decorator.py
[2024-04-06T23:42:48.656+0000] {processor.py:840} INFO - DAG(s) 'example_sensor_decorator' retrieved from /home/malangdataguy/miniconda3/envs/airflow_mdg/lib/python3.8/site-packages/airflow/example_dags/example_sensor_decorator.py
[2024-04-06T23:42:48.681+0000] {logging_mixin.py:188} INFO - [2024-04-06T23:42:48.681+0000] {dag.py:3047} INFO - Sync 1 DAGs
[2024-04-06T23:42:48.696+0000] {logging_mixin.py:188} INFO - [2024-04-06T23:42:48.696+0000] {dag.py:3834} INFO - Setting next_dagrun for example_sensor_decorator to None, run_after=None
[2024-04-06T23:42:48.725+0000] {processor.py:183} INFO - Processing /home/malangdataguy/miniconda3/envs/airflow_mdg/lib/python3.8/site-packages/airflow/example_dags/example_sensor_decorator.py took 0.088 seconds
[2024-04-06T23:43:56.026+0000] {processor.py:161} INFO - Started process (PID=69504) to work on /home/malangdataguy/miniconda3/envs/airflow_mdg/lib/python3.8/site-packages/airflow/example_dags/example_sensor_decorator.py
[2024-04-06T23:43:56.028+0000] {processor.py:830} INFO - Processing file /home/malangdataguy/miniconda3/envs/airflow_mdg/lib/python3.8/site-packages/airflow/example_dags/example_sensor_decorator.py for tasks to queue
[2024-04-06T23:43:56.029+0000] {logging_mixin.py:188} INFO - [2024-04-06T23:43:56.029+0000] {dagbag.py:540} INFO - Filling up the DagBag from /home/malangdataguy/miniconda3/envs/airflow_mdg/lib/python3.8/site-packages/airflow/example_dags/example_sensor_decorator.py
[2024-04-06T23:43:56.038+0000] {processor.py:840} INFO - DAG(s) 'example_sensor_decorator' retrieved from /home/malangdataguy/miniconda3/envs/airflow_mdg/lib/python3.8/site-packages/airflow/example_dags/example_sensor_decorator.py
[2024-04-06T23:43:56.060+0000] {logging_mixin.py:188} INFO - [2024-04-06T23:43:56.059+0000] {dag.py:3047} INFO - Sync 1 DAGs
[2024-04-06T23:43:56.074+0000] {logging_mixin.py:188} INFO - [2024-04-06T23:43:56.074+0000] {dag.py:3834} INFO - Setting next_dagrun for example_sensor_decorator to None, run_after=None
[2024-04-06T23:43:56.104+0000] {processor.py:183} INFO - Processing /home/malangdataguy/miniconda3/envs/airflow_mdg/lib/python3.8/site-packages/airflow/example_dags/example_sensor_decorator.py took 0.083 seconds
[2024-04-06T23:45:01.116+0000] {processor.py:161} INFO - Started process (PID=69574) to work on /home/malangdataguy/miniconda3/envs/airflow_mdg/lib/python3.8/site-packages/airflow/example_dags/example_sensor_decorator.py
[2024-04-06T23:45:01.118+0000] {processor.py:830} INFO - Processing file /home/malangdataguy/miniconda3/envs/airflow_mdg/lib/python3.8/site-packages/airflow/example_dags/example_sensor_decorator.py for tasks to queue
[2024-04-06T23:45:01.120+0000] {logging_mixin.py:188} INFO - [2024-04-06T23:45:01.119+0000] {dagbag.py:540} INFO - Filling up the DagBag from /home/malangdataguy/miniconda3/envs/airflow_mdg/lib/python3.8/site-packages/airflow/example_dags/example_sensor_decorator.py
[2024-04-06T23:45:01.129+0000] {processor.py:840} INFO - DAG(s) 'example_sensor_decorator' retrieved from /home/malangdataguy/miniconda3/envs/airflow_mdg/lib/python3.8/site-packages/airflow/example_dags/example_sensor_decorator.py
[2024-04-06T23:45:01.151+0000] {logging_mixin.py:188} INFO - [2024-04-06T23:45:01.151+0000] {dag.py:3047} INFO - Sync 1 DAGs
[2024-04-06T23:45:01.165+0000] {logging_mixin.py:188} INFO - [2024-04-06T23:45:01.165+0000] {dag.py:3834} INFO - Setting next_dagrun for example_sensor_decorator to None, run_after=None
[2024-04-06T23:45:01.194+0000] {processor.py:183} INFO - Processing /home/malangdataguy/miniconda3/envs/airflow_mdg/lib/python3.8/site-packages/airflow/example_dags/example_sensor_decorator.py took 0.082 seconds
[2024-04-06T23:46:04.379+0000] {processor.py:161} INFO - Started process (PID=69639) to work on /home/malangdataguy/miniconda3/envs/airflow_mdg/lib/python3.8/site-packages/airflow/example_dags/example_sensor_decorator.py
[2024-04-06T23:46:04.382+0000] {processor.py:830} INFO - Processing file /home/malangdataguy/miniconda3/envs/airflow_mdg/lib/python3.8/site-packages/airflow/example_dags/example_sensor_decorator.py for tasks to queue
[2024-04-06T23:46:04.384+0000] {logging_mixin.py:188} INFO - [2024-04-06T23:46:04.383+0000] {dagbag.py:540} INFO - Filling up the DagBag from /home/malangdataguy/miniconda3/envs/airflow_mdg/lib/python3.8/site-packages/airflow/example_dags/example_sensor_decorator.py
[2024-04-06T23:46:04.396+0000] {processor.py:840} INFO - DAG(s) 'example_sensor_decorator' retrieved from /home/malangdataguy/miniconda3/envs/airflow_mdg/lib/python3.8/site-packages/airflow/example_dags/example_sensor_decorator.py
[2024-04-06T23:46:04.429+0000] {logging_mixin.py:188} INFO - [2024-04-06T23:46:04.428+0000] {dag.py:3047} INFO - Sync 1 DAGs
[2024-04-06T23:46:04.445+0000] {logging_mixin.py:188} INFO - [2024-04-06T23:46:04.445+0000] {dag.py:3834} INFO - Setting next_dagrun for example_sensor_decorator to None, run_after=None
[2024-04-06T23:46:04.479+0000] {processor.py:183} INFO - Processing /home/malangdataguy/miniconda3/envs/airflow_mdg/lib/python3.8/site-packages/airflow/example_dags/example_sensor_decorator.py took 0.106 seconds
[2024-04-06T23:47:02.185+0000] {processor.py:161} INFO - Started process (PID=69731) to work on /home/malangdataguy/miniconda3/envs/airflow_mdg/lib/python3.8/site-packages/airflow/example_dags/example_sensor_decorator.py
[2024-04-06T23:47:02.188+0000] {processor.py:830} INFO - Processing file /home/malangdataguy/miniconda3/envs/airflow_mdg/lib/python3.8/site-packages/airflow/example_dags/example_sensor_decorator.py for tasks to queue
[2024-04-06T23:47:02.189+0000] {logging_mixin.py:188} INFO - [2024-04-06T23:47:02.188+0000] {dagbag.py:540} INFO - Filling up the DagBag from /home/malangdataguy/miniconda3/envs/airflow_mdg/lib/python3.8/site-packages/airflow/example_dags/example_sensor_decorator.py
[2024-04-06T23:47:02.200+0000] {processor.py:840} INFO - DAG(s) 'example_sensor_decorator' retrieved from /home/malangdataguy/miniconda3/envs/airflow_mdg/lib/python3.8/site-packages/airflow/example_dags/example_sensor_decorator.py
[2024-04-06T23:47:02.227+0000] {logging_mixin.py:188} INFO - [2024-04-06T23:47:02.226+0000] {dag.py:3047} INFO - Sync 1 DAGs
[2024-04-06T23:47:02.243+0000] {logging_mixin.py:188} INFO - [2024-04-06T23:47:02.243+0000] {dag.py:3834} INFO - Setting next_dagrun for example_sensor_decorator to None, run_after=None
[2024-04-06T23:47:02.277+0000] {processor.py:183} INFO - Processing /home/malangdataguy/miniconda3/envs/airflow_mdg/lib/python3.8/site-packages/airflow/example_dags/example_sensor_decorator.py took 0.098 seconds
[2024-04-06T23:48:04.466+0000] {processor.py:161} INFO - Started process (PID=69798) to work on /home/malangdataguy/miniconda3/envs/airflow_mdg/lib/python3.8/site-packages/airflow/example_dags/example_sensor_decorator.py
[2024-04-06T23:48:04.469+0000] {processor.py:830} INFO - Processing file /home/malangdataguy/miniconda3/envs/airflow_mdg/lib/python3.8/site-packages/airflow/example_dags/example_sensor_decorator.py for tasks to queue
[2024-04-06T23:48:04.470+0000] {logging_mixin.py:188} INFO - [2024-04-06T23:48:04.470+0000] {dagbag.py:540} INFO - Filling up the DagBag from /home/malangdataguy/miniconda3/envs/airflow_mdg/lib/python3.8/site-packages/airflow/example_dags/example_sensor_decorator.py
[2024-04-06T23:48:04.481+0000] {processor.py:840} INFO - DAG(s) 'example_sensor_decorator' retrieved from /home/malangdataguy/miniconda3/envs/airflow_mdg/lib/python3.8/site-packages/airflow/example_dags/example_sensor_decorator.py
[2024-04-06T23:48:04.509+0000] {logging_mixin.py:188} INFO - [2024-04-06T23:48:04.509+0000] {dag.py:3047} INFO - Sync 1 DAGs
[2024-04-06T23:48:04.526+0000] {logging_mixin.py:188} INFO - [2024-04-06T23:48:04.525+0000] {dag.py:3834} INFO - Setting next_dagrun for example_sensor_decorator to None, run_after=None
[2024-04-06T23:48:04.559+0000] {processor.py:183} INFO - Processing /home/malangdataguy/miniconda3/envs/airflow_mdg/lib/python3.8/site-packages/airflow/example_dags/example_sensor_decorator.py took 0.098 seconds
[2024-04-06T23:49:06.605+0000] {processor.py:161} INFO - Started process (PID=69861) to work on /home/malangdataguy/miniconda3/envs/airflow_mdg/lib/python3.8/site-packages/airflow/example_dags/example_sensor_decorator.py
[2024-04-06T23:49:06.607+0000] {processor.py:830} INFO - Processing file /home/malangdataguy/miniconda3/envs/airflow_mdg/lib/python3.8/site-packages/airflow/example_dags/example_sensor_decorator.py for tasks to queue
[2024-04-06T23:49:06.609+0000] {logging_mixin.py:188} INFO - [2024-04-06T23:49:06.608+0000] {dagbag.py:540} INFO - Filling up the DagBag from /home/malangdataguy/miniconda3/envs/airflow_mdg/lib/python3.8/site-packages/airflow/example_dags/example_sensor_decorator.py
[2024-04-06T23:49:06.619+0000] {processor.py:840} INFO - DAG(s) 'example_sensor_decorator' retrieved from /home/malangdataguy/miniconda3/envs/airflow_mdg/lib/python3.8/site-packages/airflow/example_dags/example_sensor_decorator.py
[2024-04-06T23:49:06.646+0000] {logging_mixin.py:188} INFO - [2024-04-06T23:49:06.645+0000] {dag.py:3047} INFO - Sync 1 DAGs
[2024-04-06T23:49:06.662+0000] {logging_mixin.py:188} INFO - [2024-04-06T23:49:06.661+0000] {dag.py:3834} INFO - Setting next_dagrun for example_sensor_decorator to None, run_after=None
[2024-04-06T23:49:06.696+0000] {processor.py:183} INFO - Processing /home/malangdataguy/miniconda3/envs/airflow_mdg/lib/python3.8/site-packages/airflow/example_dags/example_sensor_decorator.py took 0.096 seconds
[2024-04-06T23:50:07.842+0000] {processor.py:161} INFO - Started process (PID=69925) to work on /home/malangdataguy/miniconda3/envs/airflow_mdg/lib/python3.8/site-packages/airflow/example_dags/example_sensor_decorator.py
[2024-04-06T23:50:07.846+0000] {processor.py:830} INFO - Processing file /home/malangdataguy/miniconda3/envs/airflow_mdg/lib/python3.8/site-packages/airflow/example_dags/example_sensor_decorator.py for tasks to queue
[2024-04-06T23:50:07.847+0000] {logging_mixin.py:188} INFO - [2024-04-06T23:50:07.847+0000] {dagbag.py:540} INFO - Filling up the DagBag from /home/malangdataguy/miniconda3/envs/airflow_mdg/lib/python3.8/site-packages/airflow/example_dags/example_sensor_decorator.py
[2024-04-06T23:50:07.858+0000] {processor.py:840} INFO - DAG(s) 'example_sensor_decorator' retrieved from /home/malangdataguy/miniconda3/envs/airflow_mdg/lib/python3.8/site-packages/airflow/example_dags/example_sensor_decorator.py
[2024-04-06T23:50:07.882+0000] {logging_mixin.py:188} INFO - [2024-04-06T23:50:07.881+0000] {dag.py:3047} INFO - Sync 1 DAGs
[2024-04-06T23:50:07.896+0000] {logging_mixin.py:188} INFO - [2024-04-06T23:50:07.896+0000] {dag.py:3834} INFO - Setting next_dagrun for example_sensor_decorator to None, run_after=None
[2024-04-06T23:50:07.928+0000] {processor.py:183} INFO - Processing /home/malangdataguy/miniconda3/envs/airflow_mdg/lib/python3.8/site-packages/airflow/example_dags/example_sensor_decorator.py took 0.091 seconds
[2024-04-06T23:51:09.172+0000] {processor.py:161} INFO - Started process (PID=69987) to work on /home/malangdataguy/miniconda3/envs/airflow_mdg/lib/python3.8/site-packages/airflow/example_dags/example_sensor_decorator.py
[2024-04-06T23:51:09.175+0000] {processor.py:830} INFO - Processing file /home/malangdataguy/miniconda3/envs/airflow_mdg/lib/python3.8/site-packages/airflow/example_dags/example_sensor_decorator.py for tasks to queue
[2024-04-06T23:51:09.177+0000] {logging_mixin.py:188} INFO - [2024-04-06T23:51:09.176+0000] {dagbag.py:540} INFO - Filling up the DagBag from /home/malangdataguy/miniconda3/envs/airflow_mdg/lib/python3.8/site-packages/airflow/example_dags/example_sensor_decorator.py
[2024-04-06T23:51:09.188+0000] {processor.py:840} INFO - DAG(s) 'example_sensor_decorator' retrieved from /home/malangdataguy/miniconda3/envs/airflow_mdg/lib/python3.8/site-packages/airflow/example_dags/example_sensor_decorator.py
[2024-04-06T23:51:09.216+0000] {logging_mixin.py:188} INFO - [2024-04-06T23:51:09.216+0000] {dag.py:3047} INFO - Sync 1 DAGs
[2024-04-06T23:51:09.234+0000] {logging_mixin.py:188} INFO - [2024-04-06T23:51:09.234+0000] {dag.py:3834} INFO - Setting next_dagrun for example_sensor_decorator to None, run_after=None
[2024-04-06T23:51:09.270+0000] {processor.py:183} INFO - Processing /home/malangdataguy/miniconda3/envs/airflow_mdg/lib/python3.8/site-packages/airflow/example_dags/example_sensor_decorator.py took 0.103 seconds
[2024-04-06T23:52:14.794+0000] {processor.py:161} INFO - Started process (PID=70055) to work on /home/malangdataguy/miniconda3/envs/airflow_mdg/lib/python3.8/site-packages/airflow/example_dags/example_sensor_decorator.py
[2024-04-06T23:52:14.797+0000] {processor.py:830} INFO - Processing file /home/malangdataguy/miniconda3/envs/airflow_mdg/lib/python3.8/site-packages/airflow/example_dags/example_sensor_decorator.py for tasks to queue
[2024-04-06T23:52:14.798+0000] {logging_mixin.py:188} INFO - [2024-04-06T23:52:14.798+0000] {dagbag.py:540} INFO - Filling up the DagBag from /home/malangdataguy/miniconda3/envs/airflow_mdg/lib/python3.8/site-packages/airflow/example_dags/example_sensor_decorator.py
[2024-04-06T23:52:14.808+0000] {processor.py:840} INFO - DAG(s) 'example_sensor_decorator' retrieved from /home/malangdataguy/miniconda3/envs/airflow_mdg/lib/python3.8/site-packages/airflow/example_dags/example_sensor_decorator.py
[2024-04-06T23:52:14.831+0000] {logging_mixin.py:188} INFO - [2024-04-06T23:52:14.831+0000] {dag.py:3047} INFO - Sync 1 DAGs
[2024-04-06T23:52:14.847+0000] {logging_mixin.py:188} INFO - [2024-04-06T23:52:14.846+0000] {dag.py:3834} INFO - Setting next_dagrun for example_sensor_decorator to None, run_after=None
[2024-04-06T23:52:14.877+0000] {processor.py:183} INFO - Processing /home/malangdataguy/miniconda3/envs/airflow_mdg/lib/python3.8/site-packages/airflow/example_dags/example_sensor_decorator.py took 0.088 seconds
[2024-04-06T23:53:21.551+0000] {processor.py:161} INFO - Started process (PID=70122) to work on /home/malangdataguy/miniconda3/envs/airflow_mdg/lib/python3.8/site-packages/airflow/example_dags/example_sensor_decorator.py
[2024-04-06T23:53:21.554+0000] {processor.py:830} INFO - Processing file /home/malangdataguy/miniconda3/envs/airflow_mdg/lib/python3.8/site-packages/airflow/example_dags/example_sensor_decorator.py for tasks to queue
[2024-04-06T23:53:21.556+0000] {logging_mixin.py:188} INFO - [2024-04-06T23:53:21.555+0000] {dagbag.py:540} INFO - Filling up the DagBag from /home/malangdataguy/miniconda3/envs/airflow_mdg/lib/python3.8/site-packages/airflow/example_dags/example_sensor_decorator.py
[2024-04-06T23:53:21.567+0000] {processor.py:840} INFO - DAG(s) 'example_sensor_decorator' retrieved from /home/malangdataguy/miniconda3/envs/airflow_mdg/lib/python3.8/site-packages/airflow/example_dags/example_sensor_decorator.py
[2024-04-06T23:53:21.593+0000] {logging_mixin.py:188} INFO - [2024-04-06T23:53:21.593+0000] {dag.py:3047} INFO - Sync 1 DAGs
[2024-04-06T23:53:21.611+0000] {logging_mixin.py:188} INFO - [2024-04-06T23:53:21.610+0000] {dag.py:3834} INFO - Setting next_dagrun for example_sensor_decorator to None, run_after=None
[2024-04-06T23:53:21.644+0000] {processor.py:183} INFO - Processing /home/malangdataguy/miniconda3/envs/airflow_mdg/lib/python3.8/site-packages/airflow/example_dags/example_sensor_decorator.py took 0.098 seconds
[2024-04-06T23:54:26.979+0000] {processor.py:161} INFO - Started process (PID=70224) to work on /home/malangdataguy/miniconda3/envs/airflow_mdg/lib/python3.8/site-packages/airflow/example_dags/example_sensor_decorator.py
[2024-04-06T23:54:26.982+0000] {processor.py:830} INFO - Processing file /home/malangdataguy/miniconda3/envs/airflow_mdg/lib/python3.8/site-packages/airflow/example_dags/example_sensor_decorator.py for tasks to queue
[2024-04-06T23:54:26.984+0000] {logging_mixin.py:188} INFO - [2024-04-06T23:54:26.983+0000] {dagbag.py:540} INFO - Filling up the DagBag from /home/malangdataguy/miniconda3/envs/airflow_mdg/lib/python3.8/site-packages/airflow/example_dags/example_sensor_decorator.py
[2024-04-06T23:54:26.995+0000] {processor.py:840} INFO - DAG(s) 'example_sensor_decorator' retrieved from /home/malangdataguy/miniconda3/envs/airflow_mdg/lib/python3.8/site-packages/airflow/example_dags/example_sensor_decorator.py
[2024-04-06T23:54:27.024+0000] {logging_mixin.py:188} INFO - [2024-04-06T23:54:27.023+0000] {dag.py:3047} INFO - Sync 1 DAGs
[2024-04-06T23:54:27.042+0000] {logging_mixin.py:188} INFO - [2024-04-06T23:54:27.041+0000] {dag.py:3834} INFO - Setting next_dagrun for example_sensor_decorator to None, run_after=None
[2024-04-06T23:54:27.078+0000] {processor.py:183} INFO - Processing /home/malangdataguy/miniconda3/envs/airflow_mdg/lib/python3.8/site-packages/airflow/example_dags/example_sensor_decorator.py took 0.104 seconds
[2024-04-06T23:55:29.269+0000] {processor.py:161} INFO - Started process (PID=70287) to work on /home/malangdataguy/miniconda3/envs/airflow_mdg/lib/python3.8/site-packages/airflow/example_dags/example_sensor_decorator.py
[2024-04-06T23:55:29.272+0000] {processor.py:830} INFO - Processing file /home/malangdataguy/miniconda3/envs/airflow_mdg/lib/python3.8/site-packages/airflow/example_dags/example_sensor_decorator.py for tasks to queue
[2024-04-06T23:55:29.274+0000] {logging_mixin.py:188} INFO - [2024-04-06T23:55:29.274+0000] {dagbag.py:540} INFO - Filling up the DagBag from /home/malangdataguy/miniconda3/envs/airflow_mdg/lib/python3.8/site-packages/airflow/example_dags/example_sensor_decorator.py
[2024-04-06T23:55:29.287+0000] {processor.py:840} INFO - DAG(s) 'example_sensor_decorator' retrieved from /home/malangdataguy/miniconda3/envs/airflow_mdg/lib/python3.8/site-packages/airflow/example_dags/example_sensor_decorator.py
[2024-04-06T23:55:29.315+0000] {logging_mixin.py:188} INFO - [2024-04-06T23:55:29.314+0000] {dag.py:3047} INFO - Sync 1 DAGs
[2024-04-06T23:55:29.332+0000] {logging_mixin.py:188} INFO - [2024-04-06T23:55:29.331+0000] {dag.py:3834} INFO - Setting next_dagrun for example_sensor_decorator to None, run_after=None
[2024-04-06T23:55:29.365+0000] {processor.py:183} INFO - Processing /home/malangdataguy/miniconda3/envs/airflow_mdg/lib/python3.8/site-packages/airflow/example_dags/example_sensor_decorator.py took 0.101 seconds
