[2024-04-06T23:09:41.654+0000] {processor.py:161} INFO - Started process (PID=68392) to work on /home/malangdataguy/miniconda3/envs/airflow_mdg/lib/python3.8/site-packages/airflow/example_dags/example_python_decorator.py
[2024-04-06T23:09:41.655+0000] {processor.py:830} INFO - Processing file /home/malangdataguy/miniconda3/envs/airflow_mdg/lib/python3.8/site-packages/airflow/example_dags/example_python_decorator.py for tasks to queue
[2024-04-06T23:09:41.657+0000] {logging_mixin.py:188} INFO - [2024-04-06T23:09:41.656+0000] {dagbag.py:540} INFO - Filling up the DagBag from /home/malangdataguy/miniconda3/envs/airflow_mdg/lib/python3.8/site-packages/airflow/example_dags/example_python_decorator.py
[2024-04-06T23:09:41.669+0000] {logging_mixin.py:188} INFO - [2024-04-06T23:09:41.668+0000] {example_python_decorator.py:79} WARNING - The virtalenv_python example task requires virtualenv, please install it.
[2024-04-06T23:09:41.669+0000] {processor.py:840} INFO - DAG(s) 'example_python_decorator' retrieved from /home/malangdataguy/miniconda3/envs/airflow_mdg/lib/python3.8/site-packages/airflow/example_dags/example_python_decorator.py
[2024-04-06T23:09:41.779+0000] {logging_mixin.py:188} INFO - [2024-04-06T23:09:41.779+0000] {dag.py:3047} INFO - Sync 1 DAGs
[2024-04-06T23:09:41.790+0000] {logging_mixin.py:188} INFO - [2024-04-06T23:09:41.790+0000] {dag.py:3834} INFO - Setting next_dagrun for example_python_decorator to None, run_after=None
[2024-04-06T23:09:41.820+0000] {processor.py:183} INFO - Processing /home/malangdataguy/miniconda3/envs/airflow_mdg/lib/python3.8/site-packages/airflow/example_dags/example_python_decorator.py took 0.170 seconds
[2024-04-06T23:10:35.493+0000] {processor.py:161} INFO - Started process (PID=68442) to work on /home/malangdataguy/miniconda3/envs/airflow_mdg/lib/python3.8/site-packages/airflow/example_dags/example_python_decorator.py
[2024-04-06T23:10:35.495+0000] {processor.py:830} INFO - Processing file /home/malangdataguy/miniconda3/envs/airflow_mdg/lib/python3.8/site-packages/airflow/example_dags/example_python_decorator.py for tasks to queue
[2024-04-06T23:10:35.497+0000] {logging_mixin.py:188} INFO - [2024-04-06T23:10:35.496+0000] {dagbag.py:540} INFO - Filling up the DagBag from /home/malangdataguy/miniconda3/envs/airflow_mdg/lib/python3.8/site-packages/airflow/example_dags/example_python_decorator.py
[2024-04-06T23:10:35.509+0000] {logging_mixin.py:188} INFO - [2024-04-06T23:10:35.509+0000] {example_python_decorator.py:79} WARNING - The virtalenv_python example task requires virtualenv, please install it.
[2024-04-06T23:10:35.510+0000] {processor.py:840} INFO - DAG(s) 'example_python_decorator' retrieved from /home/malangdataguy/miniconda3/envs/airflow_mdg/lib/python3.8/site-packages/airflow/example_dags/example_python_decorator.py
[2024-04-06T23:10:35.532+0000] {logging_mixin.py:188} INFO - [2024-04-06T23:10:35.532+0000] {dag.py:3047} INFO - Sync 1 DAGs
[2024-04-06T23:10:35.546+0000] {logging_mixin.py:188} INFO - [2024-04-06T23:10:35.546+0000] {dag.py:3834} INFO - Setting next_dagrun for example_python_decorator to None, run_after=None
[2024-04-06T23:10:35.577+0000] {processor.py:183} INFO - Processing /home/malangdataguy/miniconda3/envs/airflow_mdg/lib/python3.8/site-packages/airflow/example_dags/example_python_decorator.py took 0.088 seconds
[2024-04-06T23:11:34.989+0000] {processor.py:161} INFO - Started process (PID=68513) to work on /home/malangdataguy/miniconda3/envs/airflow_mdg/lib/python3.8/site-packages/airflow/example_dags/example_python_decorator.py
[2024-04-06T23:11:34.992+0000] {processor.py:830} INFO - Processing file /home/malangdataguy/miniconda3/envs/airflow_mdg/lib/python3.8/site-packages/airflow/example_dags/example_python_decorator.py for tasks to queue
[2024-04-06T23:11:34.993+0000] {logging_mixin.py:188} INFO - [2024-04-06T23:11:34.992+0000] {dagbag.py:540} INFO - Filling up the DagBag from /home/malangdataguy/miniconda3/envs/airflow_mdg/lib/python3.8/site-packages/airflow/example_dags/example_python_decorator.py
[2024-04-06T23:11:35.007+0000] {logging_mixin.py:188} INFO - [2024-04-06T23:11:35.007+0000] {example_python_decorator.py:79} WARNING - The virtalenv_python example task requires virtualenv, please install it.
[2024-04-06T23:11:35.008+0000] {processor.py:840} INFO - DAG(s) 'example_python_decorator' retrieved from /home/malangdataguy/miniconda3/envs/airflow_mdg/lib/python3.8/site-packages/airflow/example_dags/example_python_decorator.py
[2024-04-06T23:11:35.031+0000] {logging_mixin.py:188} INFO - [2024-04-06T23:11:35.031+0000] {dag.py:3047} INFO - Sync 1 DAGs
[2024-04-06T23:11:35.046+0000] {logging_mixin.py:188} INFO - [2024-04-06T23:11:35.046+0000] {dag.py:3834} INFO - Setting next_dagrun for example_python_decorator to None, run_after=None
[2024-04-06T23:11:35.077+0000] {processor.py:183} INFO - Processing /home/malangdataguy/miniconda3/envs/airflow_mdg/lib/python3.8/site-packages/airflow/example_dags/example_python_decorator.py took 0.092 seconds
[2024-04-06T23:12:26.723+0000] {processor.py:161} INFO - Started process (PID=68564) to work on /home/malangdataguy/miniconda3/envs/airflow_mdg/lib/python3.8/site-packages/airflow/example_dags/example_python_decorator.py
[2024-04-06T23:12:26.726+0000] {processor.py:830} INFO - Processing file /home/malangdataguy/miniconda3/envs/airflow_mdg/lib/python3.8/site-packages/airflow/example_dags/example_python_decorator.py for tasks to queue
[2024-04-06T23:12:26.727+0000] {logging_mixin.py:188} INFO - [2024-04-06T23:12:26.727+0000] {dagbag.py:540} INFO - Filling up the DagBag from /home/malangdataguy/miniconda3/envs/airflow_mdg/lib/python3.8/site-packages/airflow/example_dags/example_python_decorator.py
[2024-04-06T23:12:26.740+0000] {logging_mixin.py:188} INFO - [2024-04-06T23:12:26.740+0000] {example_python_decorator.py:79} WARNING - The virtalenv_python example task requires virtualenv, please install it.
[2024-04-06T23:12:26.741+0000] {processor.py:840} INFO - DAG(s) 'example_python_decorator' retrieved from /home/malangdataguy/miniconda3/envs/airflow_mdg/lib/python3.8/site-packages/airflow/example_dags/example_python_decorator.py
[2024-04-06T23:12:26.767+0000] {logging_mixin.py:188} INFO - [2024-04-06T23:12:26.766+0000] {dag.py:3047} INFO - Sync 1 DAGs
[2024-04-06T23:12:26.781+0000] {logging_mixin.py:188} INFO - [2024-04-06T23:12:26.780+0000] {dag.py:3834} INFO - Setting next_dagrun for example_python_decorator to None, run_after=None
[2024-04-06T23:12:26.809+0000] {processor.py:183} INFO - Processing /home/malangdataguy/miniconda3/envs/airflow_mdg/lib/python3.8/site-packages/airflow/example_dags/example_python_decorator.py took 0.090 seconds
[2024-04-06T23:13:27.026+0000] {processor.py:161} INFO - Started process (PID=68625) to work on /home/malangdataguy/miniconda3/envs/airflow_mdg/lib/python3.8/site-packages/airflow/example_dags/example_python_decorator.py
[2024-04-06T23:13:27.028+0000] {processor.py:830} INFO - Processing file /home/malangdataguy/miniconda3/envs/airflow_mdg/lib/python3.8/site-packages/airflow/example_dags/example_python_decorator.py for tasks to queue
[2024-04-06T23:13:27.030+0000] {logging_mixin.py:188} INFO - [2024-04-06T23:13:27.029+0000] {dagbag.py:540} INFO - Filling up the DagBag from /home/malangdataguy/miniconda3/envs/airflow_mdg/lib/python3.8/site-packages/airflow/example_dags/example_python_decorator.py
[2024-04-06T23:13:27.044+0000] {logging_mixin.py:188} INFO - [2024-04-06T23:13:27.044+0000] {example_python_decorator.py:79} WARNING - The virtalenv_python example task requires virtualenv, please install it.
[2024-04-06T23:13:27.046+0000] {processor.py:840} INFO - DAG(s) 'example_python_decorator' retrieved from /home/malangdataguy/miniconda3/envs/airflow_mdg/lib/python3.8/site-packages/airflow/example_dags/example_python_decorator.py
[2024-04-06T23:13:27.074+0000] {logging_mixin.py:188} INFO - [2024-04-06T23:13:27.073+0000] {dag.py:3047} INFO - Sync 1 DAGs
[2024-04-06T23:13:27.090+0000] {logging_mixin.py:188} INFO - [2024-04-06T23:13:27.089+0000] {dag.py:3834} INFO - Setting next_dagrun for example_python_decorator to None, run_after=None
[2024-04-06T23:13:27.121+0000] {processor.py:183} INFO - Processing /home/malangdataguy/miniconda3/envs/airflow_mdg/lib/python3.8/site-packages/airflow/example_dags/example_python_decorator.py took 0.100 seconds
[2024-04-06T23:14:30.194+0000] {processor.py:161} INFO - Started process (PID=68690) to work on /home/malangdataguy/miniconda3/envs/airflow_mdg/lib/python3.8/site-packages/airflow/example_dags/example_python_decorator.py
[2024-04-06T23:14:30.196+0000] {processor.py:830} INFO - Processing file /home/malangdataguy/miniconda3/envs/airflow_mdg/lib/python3.8/site-packages/airflow/example_dags/example_python_decorator.py for tasks to queue
[2024-04-06T23:14:30.198+0000] {logging_mixin.py:188} INFO - [2024-04-06T23:14:30.197+0000] {dagbag.py:540} INFO - Filling up the DagBag from /home/malangdataguy/miniconda3/envs/airflow_mdg/lib/python3.8/site-packages/airflow/example_dags/example_python_decorator.py
[2024-04-06T23:14:30.213+0000] {logging_mixin.py:188} INFO - [2024-04-06T23:14:30.213+0000] {example_python_decorator.py:79} WARNING - The virtalenv_python example task requires virtualenv, please install it.
[2024-04-06T23:14:30.214+0000] {processor.py:840} INFO - DAG(s) 'example_python_decorator' retrieved from /home/malangdataguy/miniconda3/envs/airflow_mdg/lib/python3.8/site-packages/airflow/example_dags/example_python_decorator.py
[2024-04-06T23:14:30.243+0000] {logging_mixin.py:188} INFO - [2024-04-06T23:14:30.242+0000] {dag.py:3047} INFO - Sync 1 DAGs
[2024-04-06T23:14:30.260+0000] {logging_mixin.py:188} INFO - [2024-04-06T23:14:30.260+0000] {dag.py:3834} INFO - Setting next_dagrun for example_python_decorator to None, run_after=None
[2024-04-06T23:14:30.294+0000] {processor.py:183} INFO - Processing /home/malangdataguy/miniconda3/envs/airflow_mdg/lib/python3.8/site-packages/airflow/example_dags/example_python_decorator.py took 0.105 seconds
[2024-04-06T23:15:29.885+0000] {processor.py:161} INFO - Started process (PID=68751) to work on /home/malangdataguy/miniconda3/envs/airflow_mdg/lib/python3.8/site-packages/airflow/example_dags/example_python_decorator.py
[2024-04-06T23:15:29.887+0000] {processor.py:830} INFO - Processing file /home/malangdataguy/miniconda3/envs/airflow_mdg/lib/python3.8/site-packages/airflow/example_dags/example_python_decorator.py for tasks to queue
[2024-04-06T23:15:29.889+0000] {logging_mixin.py:188} INFO - [2024-04-06T23:15:29.888+0000] {dagbag.py:540} INFO - Filling up the DagBag from /home/malangdataguy/miniconda3/envs/airflow_mdg/lib/python3.8/site-packages/airflow/example_dags/example_python_decorator.py
[2024-04-06T23:15:29.903+0000] {logging_mixin.py:188} INFO - [2024-04-06T23:15:29.903+0000] {example_python_decorator.py:79} WARNING - The virtalenv_python example task requires virtualenv, please install it.
[2024-04-06T23:15:29.904+0000] {processor.py:840} INFO - DAG(s) 'example_python_decorator' retrieved from /home/malangdataguy/miniconda3/envs/airflow_mdg/lib/python3.8/site-packages/airflow/example_dags/example_python_decorator.py
[2024-04-06T23:15:29.928+0000] {logging_mixin.py:188} INFO - [2024-04-06T23:15:29.927+0000] {dag.py:3047} INFO - Sync 1 DAGs
[2024-04-06T23:15:29.942+0000] {logging_mixin.py:188} INFO - [2024-04-06T23:15:29.942+0000] {dag.py:3834} INFO - Setting next_dagrun for example_python_decorator to None, run_after=None
[2024-04-06T23:15:29.972+0000] {processor.py:183} INFO - Processing /home/malangdataguy/miniconda3/envs/airflow_mdg/lib/python3.8/site-packages/airflow/example_dags/example_python_decorator.py took 0.092 seconds
[2024-04-06T23:16:26.610+0000] {processor.py:161} INFO - Started process (PID=68813) to work on /home/malangdataguy/miniconda3/envs/airflow_mdg/lib/python3.8/site-packages/airflow/example_dags/example_python_decorator.py
[2024-04-06T23:16:26.613+0000] {processor.py:830} INFO - Processing file /home/malangdataguy/miniconda3/envs/airflow_mdg/lib/python3.8/site-packages/airflow/example_dags/example_python_decorator.py for tasks to queue
[2024-04-06T23:16:26.614+0000] {logging_mixin.py:188} INFO - [2024-04-06T23:16:26.614+0000] {dagbag.py:540} INFO - Filling up the DagBag from /home/malangdataguy/miniconda3/envs/airflow_mdg/lib/python3.8/site-packages/airflow/example_dags/example_python_decorator.py
[2024-04-06T23:16:26.631+0000] {logging_mixin.py:188} INFO - [2024-04-06T23:16:26.630+0000] {example_python_decorator.py:79} WARNING - The virtalenv_python example task requires virtualenv, please install it.
[2024-04-06T23:16:26.632+0000] {processor.py:840} INFO - DAG(s) 'example_python_decorator' retrieved from /home/malangdataguy/miniconda3/envs/airflow_mdg/lib/python3.8/site-packages/airflow/example_dags/example_python_decorator.py
[2024-04-06T23:16:26.656+0000] {logging_mixin.py:188} INFO - [2024-04-06T23:16:26.655+0000] {dag.py:3047} INFO - Sync 1 DAGs
[2024-04-06T23:16:26.670+0000] {logging_mixin.py:188} INFO - [2024-04-06T23:16:26.670+0000] {dag.py:3834} INFO - Setting next_dagrun for example_python_decorator to None, run_after=None
[2024-04-06T23:16:26.701+0000] {processor.py:183} INFO - Processing /home/malangdataguy/miniconda3/envs/airflow_mdg/lib/python3.8/site-packages/airflow/example_dags/example_python_decorator.py took 0.096 seconds
[2024-04-06T23:17:26.754+0000] {processor.py:161} INFO - Started process (PID=68881) to work on /home/malangdataguy/miniconda3/envs/airflow_mdg/lib/python3.8/site-packages/airflow/example_dags/example_python_decorator.py
[2024-04-06T23:17:26.757+0000] {processor.py:830} INFO - Processing file /home/malangdataguy/miniconda3/envs/airflow_mdg/lib/python3.8/site-packages/airflow/example_dags/example_python_decorator.py for tasks to queue
[2024-04-06T23:17:26.758+0000] {logging_mixin.py:188} INFO - [2024-04-06T23:17:26.758+0000] {dagbag.py:540} INFO - Filling up the DagBag from /home/malangdataguy/miniconda3/envs/airflow_mdg/lib/python3.8/site-packages/airflow/example_dags/example_python_decorator.py
[2024-04-06T23:17:26.771+0000] {logging_mixin.py:188} INFO - [2024-04-06T23:17:26.771+0000] {example_python_decorator.py:79} WARNING - The virtalenv_python example task requires virtualenv, please install it.
[2024-04-06T23:17:26.772+0000] {processor.py:840} INFO - DAG(s) 'example_python_decorator' retrieved from /home/malangdataguy/miniconda3/envs/airflow_mdg/lib/python3.8/site-packages/airflow/example_dags/example_python_decorator.py
[2024-04-06T23:17:26.795+0000] {logging_mixin.py:188} INFO - [2024-04-06T23:17:26.794+0000] {dag.py:3047} INFO - Sync 1 DAGs
[2024-04-06T23:17:26.809+0000] {logging_mixin.py:188} INFO - [2024-04-06T23:17:26.808+0000] {dag.py:3834} INFO - Setting next_dagrun for example_python_decorator to None, run_after=None
[2024-04-06T23:17:26.836+0000] {processor.py:183} INFO - Processing /home/malangdataguy/miniconda3/envs/airflow_mdg/lib/python3.8/site-packages/airflow/example_dags/example_python_decorator.py took 0.086 seconds
[2024-04-06T23:18:31.377+0000] {processor.py:161} INFO - Started process (PID=68946) to work on /home/malangdataguy/miniconda3/envs/airflow_mdg/lib/python3.8/site-packages/airflow/example_dags/example_python_decorator.py
[2024-04-06T23:18:31.380+0000] {processor.py:830} INFO - Processing file /home/malangdataguy/miniconda3/envs/airflow_mdg/lib/python3.8/site-packages/airflow/example_dags/example_python_decorator.py for tasks to queue
[2024-04-06T23:18:31.382+0000] {logging_mixin.py:188} INFO - [2024-04-06T23:18:31.381+0000] {dagbag.py:540} INFO - Filling up the DagBag from /home/malangdataguy/miniconda3/envs/airflow_mdg/lib/python3.8/site-packages/airflow/example_dags/example_python_decorator.py
[2024-04-06T23:18:31.396+0000] {logging_mixin.py:188} INFO - [2024-04-06T23:18:31.396+0000] {example_python_decorator.py:79} WARNING - The virtalenv_python example task requires virtualenv, please install it.
[2024-04-06T23:18:31.397+0000] {processor.py:840} INFO - DAG(s) 'example_python_decorator' retrieved from /home/malangdataguy/miniconda3/envs/airflow_mdg/lib/python3.8/site-packages/airflow/example_dags/example_python_decorator.py
[2024-04-06T23:18:31.425+0000] {logging_mixin.py:188} INFO - [2024-04-06T23:18:31.424+0000] {dag.py:3047} INFO - Sync 1 DAGs
[2024-04-06T23:18:31.441+0000] {logging_mixin.py:188} INFO - [2024-04-06T23:18:31.441+0000] {dag.py:3834} INFO - Setting next_dagrun for example_python_decorator to None, run_after=None
[2024-04-06T23:18:31.475+0000] {processor.py:183} INFO - Processing /home/malangdataguy/miniconda3/envs/airflow_mdg/lib/python3.8/site-packages/airflow/example_dags/example_python_decorator.py took 0.104 seconds
[2024-04-06T23:19:32.748+0000] {processor.py:161} INFO - Started process (PID=69007) to work on /home/malangdataguy/miniconda3/envs/airflow_mdg/lib/python3.8/site-packages/airflow/example_dags/example_python_decorator.py
[2024-04-06T23:19:32.755+0000] {processor.py:830} INFO - Processing file /home/malangdataguy/miniconda3/envs/airflow_mdg/lib/python3.8/site-packages/airflow/example_dags/example_python_decorator.py for tasks to queue
[2024-04-06T23:19:32.758+0000] {logging_mixin.py:188} INFO - [2024-04-06T23:19:32.756+0000] {dagbag.py:540} INFO - Filling up the DagBag from /home/malangdataguy/miniconda3/envs/airflow_mdg/lib/python3.8/site-packages/airflow/example_dags/example_python_decorator.py
[2024-04-06T23:19:32.782+0000] {logging_mixin.py:188} INFO - [2024-04-06T23:19:32.782+0000] {example_python_decorator.py:79} WARNING - The virtalenv_python example task requires virtualenv, please install it.
[2024-04-06T23:19:32.784+0000] {processor.py:840} INFO - DAG(s) 'example_python_decorator' retrieved from /home/malangdataguy/miniconda3/envs/airflow_mdg/lib/python3.8/site-packages/airflow/example_dags/example_python_decorator.py
[2024-04-06T23:19:32.856+0000] {logging_mixin.py:188} INFO - [2024-04-06T23:19:32.855+0000] {dag.py:3047} INFO - Sync 1 DAGs
[2024-04-06T23:19:32.900+0000] {logging_mixin.py:188} INFO - [2024-04-06T23:19:32.898+0000] {dag.py:3834} INFO - Setting next_dagrun for example_python_decorator to None, run_after=None
[2024-04-06T23:19:32.968+0000] {processor.py:183} INFO - Processing /home/malangdataguy/miniconda3/envs/airflow_mdg/lib/python3.8/site-packages/airflow/example_dags/example_python_decorator.py took 0.234 seconds
[2024-04-06T23:20:42.946+0000] {processor.py:161} INFO - Started process (PID=69077) to work on /home/malangdataguy/miniconda3/envs/airflow_mdg/lib/python3.8/site-packages/airflow/example_dags/example_python_decorator.py
[2024-04-06T23:20:42.948+0000] {processor.py:830} INFO - Processing file /home/malangdataguy/miniconda3/envs/airflow_mdg/lib/python3.8/site-packages/airflow/example_dags/example_python_decorator.py for tasks to queue
[2024-04-06T23:20:42.950+0000] {logging_mixin.py:188} INFO - [2024-04-06T23:20:42.949+0000] {dagbag.py:540} INFO - Filling up the DagBag from /home/malangdataguy/miniconda3/envs/airflow_mdg/lib/python3.8/site-packages/airflow/example_dags/example_python_decorator.py
[2024-04-06T23:20:42.963+0000] {logging_mixin.py:188} INFO - [2024-04-06T23:20:42.963+0000] {example_python_decorator.py:79} WARNING - The virtalenv_python example task requires virtualenv, please install it.
[2024-04-06T23:20:42.964+0000] {processor.py:840} INFO - DAG(s) 'example_python_decorator' retrieved from /home/malangdataguy/miniconda3/envs/airflow_mdg/lib/python3.8/site-packages/airflow/example_dags/example_python_decorator.py
[2024-04-06T23:20:42.988+0000] {logging_mixin.py:188} INFO - [2024-04-06T23:20:42.988+0000] {dag.py:3047} INFO - Sync 1 DAGs
[2024-04-06T23:20:43.002+0000] {logging_mixin.py:188} INFO - [2024-04-06T23:20:43.002+0000] {dag.py:3834} INFO - Setting next_dagrun for example_python_decorator to None, run_after=None
[2024-04-06T23:20:43.031+0000] {processor.py:183} INFO - Processing /home/malangdataguy/miniconda3/envs/airflow_mdg/lib/python3.8/site-packages/airflow/example_dags/example_python_decorator.py took 0.090 seconds
[2024-04-06T23:21:42.816+0000] {processor.py:161} INFO - Started process (PID=69137) to work on /home/malangdataguy/miniconda3/envs/airflow_mdg/lib/python3.8/site-packages/airflow/example_dags/example_python_decorator.py
[2024-04-06T23:21:42.819+0000] {processor.py:830} INFO - Processing file /home/malangdataguy/miniconda3/envs/airflow_mdg/lib/python3.8/site-packages/airflow/example_dags/example_python_decorator.py for tasks to queue
[2024-04-06T23:21:42.821+0000] {logging_mixin.py:188} INFO - [2024-04-06T23:21:42.820+0000] {dagbag.py:540} INFO - Filling up the DagBag from /home/malangdataguy/miniconda3/envs/airflow_mdg/lib/python3.8/site-packages/airflow/example_dags/example_python_decorator.py
[2024-04-06T23:21:42.837+0000] {logging_mixin.py:188} INFO - [2024-04-06T23:21:42.836+0000] {example_python_decorator.py:79} WARNING - The virtalenv_python example task requires virtualenv, please install it.
[2024-04-06T23:21:42.838+0000] {processor.py:840} INFO - DAG(s) 'example_python_decorator' retrieved from /home/malangdataguy/miniconda3/envs/airflow_mdg/lib/python3.8/site-packages/airflow/example_dags/example_python_decorator.py
[2024-04-06T23:21:42.870+0000] {logging_mixin.py:188} INFO - [2024-04-06T23:21:42.870+0000] {dag.py:3047} INFO - Sync 1 DAGs
[2024-04-06T23:21:42.889+0000] {logging_mixin.py:188} INFO - [2024-04-06T23:21:42.889+0000] {dag.py:3834} INFO - Setting next_dagrun for example_python_decorator to None, run_after=None
[2024-04-06T23:21:42.923+0000] {processor.py:183} INFO - Processing /home/malangdataguy/miniconda3/envs/airflow_mdg/lib/python3.8/site-packages/airflow/example_dags/example_python_decorator.py took 0.113 seconds
[2024-04-06T23:40:48.228+0000] {processor.py:161} INFO - Started process (PID=69305) to work on /home/malangdataguy/miniconda3/envs/airflow_mdg/lib/python3.8/site-packages/airflow/example_dags/example_python_decorator.py
[2024-04-06T23:40:48.231+0000] {processor.py:830} INFO - Processing file /home/malangdataguy/miniconda3/envs/airflow_mdg/lib/python3.8/site-packages/airflow/example_dags/example_python_decorator.py for tasks to queue
[2024-04-06T23:40:48.232+0000] {logging_mixin.py:188} INFO - [2024-04-06T23:40:48.231+0000] {dagbag.py:540} INFO - Filling up the DagBag from /home/malangdataguy/miniconda3/envs/airflow_mdg/lib/python3.8/site-packages/airflow/example_dags/example_python_decorator.py
[2024-04-06T23:40:48.244+0000] {logging_mixin.py:188} INFO - [2024-04-06T23:40:48.244+0000] {example_python_decorator.py:79} WARNING - The virtalenv_python example task requires virtualenv, please install it.
[2024-04-06T23:40:48.245+0000] {processor.py:840} INFO - DAG(s) 'example_python_decorator' retrieved from /home/malangdataguy/miniconda3/envs/airflow_mdg/lib/python3.8/site-packages/airflow/example_dags/example_python_decorator.py
[2024-04-06T23:40:48.268+0000] {logging_mixin.py:188} INFO - [2024-04-06T23:40:48.268+0000] {dag.py:3047} INFO - Sync 1 DAGs
[2024-04-06T23:40:48.282+0000] {logging_mixin.py:188} INFO - [2024-04-06T23:40:48.282+0000] {dag.py:3834} INFO - Setting next_dagrun for example_python_decorator to None, run_after=None
[2024-04-06T23:40:48.311+0000] {processor.py:183} INFO - Processing /home/malangdataguy/miniconda3/envs/airflow_mdg/lib/python3.8/site-packages/airflow/example_dags/example_python_decorator.py took 0.088 seconds
[2024-04-06T23:41:39.908+0000] {processor.py:161} INFO - Started process (PID=69355) to work on /home/malangdataguy/miniconda3/envs/airflow_mdg/lib/python3.8/site-packages/airflow/example_dags/example_python_decorator.py
[2024-04-06T23:41:39.911+0000] {processor.py:830} INFO - Processing file /home/malangdataguy/miniconda3/envs/airflow_mdg/lib/python3.8/site-packages/airflow/example_dags/example_python_decorator.py for tasks to queue
[2024-04-06T23:41:39.913+0000] {logging_mixin.py:188} INFO - [2024-04-06T23:41:39.912+0000] {dagbag.py:540} INFO - Filling up the DagBag from /home/malangdataguy/miniconda3/envs/airflow_mdg/lib/python3.8/site-packages/airflow/example_dags/example_python_decorator.py
[2024-04-06T23:41:39.930+0000] {logging_mixin.py:188} INFO - [2024-04-06T23:41:39.929+0000] {example_python_decorator.py:79} WARNING - The virtalenv_python example task requires virtualenv, please install it.
[2024-04-06T23:41:39.931+0000] {processor.py:840} INFO - DAG(s) 'example_python_decorator' retrieved from /home/malangdataguy/miniconda3/envs/airflow_mdg/lib/python3.8/site-packages/airflow/example_dags/example_python_decorator.py
[2024-04-06T23:41:39.959+0000] {logging_mixin.py:188} INFO - [2024-04-06T23:41:39.958+0000] {dag.py:3047} INFO - Sync 1 DAGs
[2024-04-06T23:41:39.975+0000] {logging_mixin.py:188} INFO - [2024-04-06T23:41:39.975+0000] {dag.py:3834} INFO - Setting next_dagrun for example_python_decorator to None, run_after=None
[2024-04-06T23:41:40.009+0000] {processor.py:183} INFO - Processing /home/malangdataguy/miniconda3/envs/airflow_mdg/lib/python3.8/site-packages/airflow/example_dags/example_python_decorator.py took 0.107 seconds
[2024-04-06T23:42:45.788+0000] {processor.py:161} INFO - Started process (PID=69421) to work on /home/malangdataguy/miniconda3/envs/airflow_mdg/lib/python3.8/site-packages/airflow/example_dags/example_python_decorator.py
[2024-04-06T23:42:45.790+0000] {processor.py:830} INFO - Processing file /home/malangdataguy/miniconda3/envs/airflow_mdg/lib/python3.8/site-packages/airflow/example_dags/example_python_decorator.py for tasks to queue
[2024-04-06T23:42:45.792+0000] {logging_mixin.py:188} INFO - [2024-04-06T23:42:45.791+0000] {dagbag.py:540} INFO - Filling up the DagBag from /home/malangdataguy/miniconda3/envs/airflow_mdg/lib/python3.8/site-packages/airflow/example_dags/example_python_decorator.py
[2024-04-06T23:42:45.804+0000] {logging_mixin.py:188} INFO - [2024-04-06T23:42:45.804+0000] {example_python_decorator.py:79} WARNING - The virtalenv_python example task requires virtualenv, please install it.
[2024-04-06T23:42:45.805+0000] {processor.py:840} INFO - DAG(s) 'example_python_decorator' retrieved from /home/malangdataguy/miniconda3/envs/airflow_mdg/lib/python3.8/site-packages/airflow/example_dags/example_python_decorator.py
[2024-04-06T23:42:45.829+0000] {logging_mixin.py:188} INFO - [2024-04-06T23:42:45.828+0000] {dag.py:3047} INFO - Sync 1 DAGs
[2024-04-06T23:42:45.844+0000] {logging_mixin.py:188} INFO - [2024-04-06T23:42:45.844+0000] {dag.py:3834} INFO - Setting next_dagrun for example_python_decorator to None, run_after=None
[2024-04-06T23:42:45.874+0000] {processor.py:183} INFO - Processing /home/malangdataguy/miniconda3/envs/airflow_mdg/lib/python3.8/site-packages/airflow/example_dags/example_python_decorator.py took 0.091 seconds
[2024-04-06T23:43:53.287+0000] {processor.py:161} INFO - Started process (PID=69501) to work on /home/malangdataguy/miniconda3/envs/airflow_mdg/lib/python3.8/site-packages/airflow/example_dags/example_python_decorator.py
[2024-04-06T23:43:53.291+0000] {processor.py:830} INFO - Processing file /home/malangdataguy/miniconda3/envs/airflow_mdg/lib/python3.8/site-packages/airflow/example_dags/example_python_decorator.py for tasks to queue
[2024-04-06T23:43:53.292+0000] {logging_mixin.py:188} INFO - [2024-04-06T23:43:53.291+0000] {dagbag.py:540} INFO - Filling up the DagBag from /home/malangdataguy/miniconda3/envs/airflow_mdg/lib/python3.8/site-packages/airflow/example_dags/example_python_decorator.py
[2024-04-06T23:43:53.306+0000] {logging_mixin.py:188} INFO - [2024-04-06T23:43:53.305+0000] {example_python_decorator.py:79} WARNING - The virtalenv_python example task requires virtualenv, please install it.
[2024-04-06T23:43:53.306+0000] {processor.py:840} INFO - DAG(s) 'example_python_decorator' retrieved from /home/malangdataguy/miniconda3/envs/airflow_mdg/lib/python3.8/site-packages/airflow/example_dags/example_python_decorator.py
[2024-04-06T23:43:53.330+0000] {logging_mixin.py:188} INFO - [2024-04-06T23:43:53.330+0000] {dag.py:3047} INFO - Sync 1 DAGs
[2024-04-06T23:43:53.344+0000] {logging_mixin.py:188} INFO - [2024-04-06T23:43:53.343+0000] {dag.py:3834} INFO - Setting next_dagrun for example_python_decorator to None, run_after=None
[2024-04-06T23:43:53.372+0000] {processor.py:183} INFO - Processing /home/malangdataguy/miniconda3/envs/airflow_mdg/lib/python3.8/site-packages/airflow/example_dags/example_python_decorator.py took 0.093 seconds
[2024-04-06T23:44:57.625+0000] {processor.py:161} INFO - Started process (PID=69571) to work on /home/malangdataguy/miniconda3/envs/airflow_mdg/lib/python3.8/site-packages/airflow/example_dags/example_python_decorator.py
[2024-04-06T23:44:57.628+0000] {processor.py:830} INFO - Processing file /home/malangdataguy/miniconda3/envs/airflow_mdg/lib/python3.8/site-packages/airflow/example_dags/example_python_decorator.py for tasks to queue
[2024-04-06T23:44:57.629+0000] {logging_mixin.py:188} INFO - [2024-04-06T23:44:57.629+0000] {dagbag.py:540} INFO - Filling up the DagBag from /home/malangdataguy/miniconda3/envs/airflow_mdg/lib/python3.8/site-packages/airflow/example_dags/example_python_decorator.py
[2024-04-06T23:44:57.643+0000] {logging_mixin.py:188} INFO - [2024-04-06T23:44:57.643+0000] {example_python_decorator.py:79} WARNING - The virtalenv_python example task requires virtualenv, please install it.
[2024-04-06T23:44:57.644+0000] {processor.py:840} INFO - DAG(s) 'example_python_decorator' retrieved from /home/malangdataguy/miniconda3/envs/airflow_mdg/lib/python3.8/site-packages/airflow/example_dags/example_python_decorator.py
[2024-04-06T23:44:57.670+0000] {logging_mixin.py:188} INFO - [2024-04-06T23:44:57.670+0000] {dag.py:3047} INFO - Sync 1 DAGs
[2024-04-06T23:44:57.685+0000] {logging_mixin.py:188} INFO - [2024-04-06T23:44:57.685+0000] {dag.py:3834} INFO - Setting next_dagrun for example_python_decorator to None, run_after=None
[2024-04-06T23:44:57.714+0000] {processor.py:183} INFO - Processing /home/malangdataguy/miniconda3/envs/airflow_mdg/lib/python3.8/site-packages/airflow/example_dags/example_python_decorator.py took 0.094 seconds
[2024-04-06T23:46:01.280+0000] {processor.py:161} INFO - Started process (PID=69636) to work on /home/malangdataguy/miniconda3/envs/airflow_mdg/lib/python3.8/site-packages/airflow/example_dags/example_python_decorator.py
[2024-04-06T23:46:01.282+0000] {processor.py:830} INFO - Processing file /home/malangdataguy/miniconda3/envs/airflow_mdg/lib/python3.8/site-packages/airflow/example_dags/example_python_decorator.py for tasks to queue
[2024-04-06T23:46:01.284+0000] {logging_mixin.py:188} INFO - [2024-04-06T23:46:01.283+0000] {dagbag.py:540} INFO - Filling up the DagBag from /home/malangdataguy/miniconda3/envs/airflow_mdg/lib/python3.8/site-packages/airflow/example_dags/example_python_decorator.py
[2024-04-06T23:46:01.298+0000] {logging_mixin.py:188} INFO - [2024-04-06T23:46:01.297+0000] {example_python_decorator.py:79} WARNING - The virtalenv_python example task requires virtualenv, please install it.
[2024-04-06T23:46:01.298+0000] {processor.py:840} INFO - DAG(s) 'example_python_decorator' retrieved from /home/malangdataguy/miniconda3/envs/airflow_mdg/lib/python3.8/site-packages/airflow/example_dags/example_python_decorator.py
[2024-04-06T23:46:01.322+0000] {logging_mixin.py:188} INFO - [2024-04-06T23:46:01.322+0000] {dag.py:3047} INFO - Sync 1 DAGs
[2024-04-06T23:46:01.338+0000] {logging_mixin.py:188} INFO - [2024-04-06T23:46:01.337+0000] {dag.py:3834} INFO - Setting next_dagrun for example_python_decorator to None, run_after=None
[2024-04-06T23:46:01.368+0000] {processor.py:183} INFO - Processing /home/malangdataguy/miniconda3/envs/airflow_mdg/lib/python3.8/site-packages/airflow/example_dags/example_python_decorator.py took 0.094 seconds
[2024-04-06T23:46:58.427+0000] {processor.py:161} INFO - Started process (PID=69727) to work on /home/malangdataguy/miniconda3/envs/airflow_mdg/lib/python3.8/site-packages/airflow/example_dags/example_python_decorator.py
[2024-04-06T23:46:58.430+0000] {processor.py:830} INFO - Processing file /home/malangdataguy/miniconda3/envs/airflow_mdg/lib/python3.8/site-packages/airflow/example_dags/example_python_decorator.py for tasks to queue
[2024-04-06T23:46:58.432+0000] {logging_mixin.py:188} INFO - [2024-04-06T23:46:58.431+0000] {dagbag.py:540} INFO - Filling up the DagBag from /home/malangdataguy/miniconda3/envs/airflow_mdg/lib/python3.8/site-packages/airflow/example_dags/example_python_decorator.py
[2024-04-06T23:46:58.449+0000] {logging_mixin.py:188} INFO - [2024-04-06T23:46:58.449+0000] {example_python_decorator.py:79} WARNING - The virtalenv_python example task requires virtualenv, please install it.
[2024-04-06T23:46:58.450+0000] {processor.py:840} INFO - DAG(s) 'example_python_decorator' retrieved from /home/malangdataguy/miniconda3/envs/airflow_mdg/lib/python3.8/site-packages/airflow/example_dags/example_python_decorator.py
[2024-04-06T23:46:58.482+0000] {logging_mixin.py:188} INFO - [2024-04-06T23:46:58.482+0000] {dag.py:3047} INFO - Sync 1 DAGs
[2024-04-06T23:46:58.503+0000] {logging_mixin.py:188} INFO - [2024-04-06T23:46:58.502+0000] {dag.py:3834} INFO - Setting next_dagrun for example_python_decorator to None, run_after=None
[2024-04-06T23:46:58.541+0000] {processor.py:183} INFO - Processing /home/malangdataguy/miniconda3/envs/airflow_mdg/lib/python3.8/site-packages/airflow/example_dags/example_python_decorator.py took 0.119 seconds
[2024-04-06T23:48:00.653+0000] {processor.py:161} INFO - Started process (PID=69790) to work on /home/malangdataguy/miniconda3/envs/airflow_mdg/lib/python3.8/site-packages/airflow/example_dags/example_python_decorator.py
[2024-04-06T23:48:00.656+0000] {processor.py:830} INFO - Processing file /home/malangdataguy/miniconda3/envs/airflow_mdg/lib/python3.8/site-packages/airflow/example_dags/example_python_decorator.py for tasks to queue
[2024-04-06T23:48:00.658+0000] {logging_mixin.py:188} INFO - [2024-04-06T23:48:00.657+0000] {dagbag.py:540} INFO - Filling up the DagBag from /home/malangdataguy/miniconda3/envs/airflow_mdg/lib/python3.8/site-packages/airflow/example_dags/example_python_decorator.py
[2024-04-06T23:48:00.672+0000] {logging_mixin.py:188} INFO - [2024-04-06T23:48:00.671+0000] {example_python_decorator.py:79} WARNING - The virtalenv_python example task requires virtualenv, please install it.
[2024-04-06T23:48:00.672+0000] {processor.py:840} INFO - DAG(s) 'example_python_decorator' retrieved from /home/malangdataguy/miniconda3/envs/airflow_mdg/lib/python3.8/site-packages/airflow/example_dags/example_python_decorator.py
[2024-04-06T23:48:00.696+0000] {logging_mixin.py:188} INFO - [2024-04-06T23:48:00.696+0000] {dag.py:3047} INFO - Sync 1 DAGs
[2024-04-06T23:48:00.711+0000] {logging_mixin.py:188} INFO - [2024-04-06T23:48:00.711+0000] {dag.py:3834} INFO - Setting next_dagrun for example_python_decorator to None, run_after=None
[2024-04-06T23:48:00.740+0000] {processor.py:183} INFO - Processing /home/malangdataguy/miniconda3/envs/airflow_mdg/lib/python3.8/site-packages/airflow/example_dags/example_python_decorator.py took 0.092 seconds
[2024-04-06T23:49:02.951+0000] {processor.py:161} INFO - Started process (PID=69858) to work on /home/malangdataguy/miniconda3/envs/airflow_mdg/lib/python3.8/site-packages/airflow/example_dags/example_python_decorator.py
[2024-04-06T23:49:02.953+0000] {processor.py:830} INFO - Processing file /home/malangdataguy/miniconda3/envs/airflow_mdg/lib/python3.8/site-packages/airflow/example_dags/example_python_decorator.py for tasks to queue
[2024-04-06T23:49:02.954+0000] {logging_mixin.py:188} INFO - [2024-04-06T23:49:02.954+0000] {dagbag.py:540} INFO - Filling up the DagBag from /home/malangdataguy/miniconda3/envs/airflow_mdg/lib/python3.8/site-packages/airflow/example_dags/example_python_decorator.py
[2024-04-06T23:49:02.967+0000] {logging_mixin.py:188} INFO - [2024-04-06T23:49:02.967+0000] {example_python_decorator.py:79} WARNING - The virtalenv_python example task requires virtualenv, please install it.
[2024-04-06T23:49:02.968+0000] {processor.py:840} INFO - DAG(s) 'example_python_decorator' retrieved from /home/malangdataguy/miniconda3/envs/airflow_mdg/lib/python3.8/site-packages/airflow/example_dags/example_python_decorator.py
[2024-04-06T23:49:02.993+0000] {logging_mixin.py:188} INFO - [2024-04-06T23:49:02.992+0000] {dag.py:3047} INFO - Sync 1 DAGs
[2024-04-06T23:49:03.007+0000] {logging_mixin.py:188} INFO - [2024-04-06T23:49:03.007+0000] {dag.py:3834} INFO - Setting next_dagrun for example_python_decorator to None, run_after=None
[2024-04-06T23:49:03.035+0000] {processor.py:183} INFO - Processing /home/malangdataguy/miniconda3/envs/airflow_mdg/lib/python3.8/site-packages/airflow/example_dags/example_python_decorator.py took 0.090 seconds
[2024-04-06T23:50:05.053+0000] {processor.py:161} INFO - Started process (PID=69922) to work on /home/malangdataguy/miniconda3/envs/airflow_mdg/lib/python3.8/site-packages/airflow/example_dags/example_python_decorator.py
[2024-04-06T23:50:05.056+0000] {processor.py:830} INFO - Processing file /home/malangdataguy/miniconda3/envs/airflow_mdg/lib/python3.8/site-packages/airflow/example_dags/example_python_decorator.py for tasks to queue
[2024-04-06T23:50:05.057+0000] {logging_mixin.py:188} INFO - [2024-04-06T23:50:05.057+0000] {dagbag.py:540} INFO - Filling up the DagBag from /home/malangdataguy/miniconda3/envs/airflow_mdg/lib/python3.8/site-packages/airflow/example_dags/example_python_decorator.py
[2024-04-06T23:50:05.072+0000] {logging_mixin.py:188} INFO - [2024-04-06T23:50:05.072+0000] {example_python_decorator.py:79} WARNING - The virtalenv_python example task requires virtualenv, please install it.
[2024-04-06T23:50:05.073+0000] {processor.py:840} INFO - DAG(s) 'example_python_decorator' retrieved from /home/malangdataguy/miniconda3/envs/airflow_mdg/lib/python3.8/site-packages/airflow/example_dags/example_python_decorator.py
[2024-04-06T23:50:05.103+0000] {logging_mixin.py:188} INFO - [2024-04-06T23:50:05.102+0000] {dag.py:3047} INFO - Sync 1 DAGs
[2024-04-06T23:50:05.121+0000] {logging_mixin.py:188} INFO - [2024-04-06T23:50:05.121+0000] {dag.py:3834} INFO - Setting next_dagrun for example_python_decorator to None, run_after=None
[2024-04-06T23:50:05.155+0000] {processor.py:183} INFO - Processing /home/malangdataguy/miniconda3/envs/airflow_mdg/lib/python3.8/site-packages/airflow/example_dags/example_python_decorator.py took 0.110 seconds
[2024-04-06T23:51:06.964+0000] {processor.py:161} INFO - Started process (PID=69984) to work on /home/malangdataguy/miniconda3/envs/airflow_mdg/lib/python3.8/site-packages/airflow/example_dags/example_python_decorator.py
[2024-04-06T23:51:06.967+0000] {processor.py:830} INFO - Processing file /home/malangdataguy/miniconda3/envs/airflow_mdg/lib/python3.8/site-packages/airflow/example_dags/example_python_decorator.py for tasks to queue
[2024-04-06T23:51:06.968+0000] {logging_mixin.py:188} INFO - [2024-04-06T23:51:06.968+0000] {dagbag.py:540} INFO - Filling up the DagBag from /home/malangdataguy/miniconda3/envs/airflow_mdg/lib/python3.8/site-packages/airflow/example_dags/example_python_decorator.py
[2024-04-06T23:51:06.981+0000] {logging_mixin.py:188} INFO - [2024-04-06T23:51:06.981+0000] {example_python_decorator.py:79} WARNING - The virtalenv_python example task requires virtualenv, please install it.
[2024-04-06T23:51:06.982+0000] {processor.py:840} INFO - DAG(s) 'example_python_decorator' retrieved from /home/malangdataguy/miniconda3/envs/airflow_mdg/lib/python3.8/site-packages/airflow/example_dags/example_python_decorator.py
[2024-04-06T23:51:07.006+0000] {logging_mixin.py:188} INFO - [2024-04-06T23:51:07.006+0000] {dag.py:3047} INFO - Sync 1 DAGs
[2024-04-06T23:51:07.020+0000] {logging_mixin.py:188} INFO - [2024-04-06T23:51:07.020+0000] {dag.py:3834} INFO - Setting next_dagrun for example_python_decorator to None, run_after=None
[2024-04-06T23:51:07.047+0000] {processor.py:183} INFO - Processing /home/malangdataguy/miniconda3/envs/airflow_mdg/lib/python3.8/site-packages/airflow/example_dags/example_python_decorator.py took 0.087 seconds
[2024-04-06T23:52:11.844+0000] {processor.py:161} INFO - Started process (PID=70052) to work on /home/malangdataguy/miniconda3/envs/airflow_mdg/lib/python3.8/site-packages/airflow/example_dags/example_python_decorator.py
[2024-04-06T23:52:11.847+0000] {processor.py:830} INFO - Processing file /home/malangdataguy/miniconda3/envs/airflow_mdg/lib/python3.8/site-packages/airflow/example_dags/example_python_decorator.py for tasks to queue
[2024-04-06T23:52:11.849+0000] {logging_mixin.py:188} INFO - [2024-04-06T23:52:11.848+0000] {dagbag.py:540} INFO - Filling up the DagBag from /home/malangdataguy/miniconda3/envs/airflow_mdg/lib/python3.8/site-packages/airflow/example_dags/example_python_decorator.py
[2024-04-06T23:52:11.864+0000] {logging_mixin.py:188} INFO - [2024-04-06T23:52:11.863+0000] {example_python_decorator.py:79} WARNING - The virtalenv_python example task requires virtualenv, please install it.
[2024-04-06T23:52:11.865+0000] {processor.py:840} INFO - DAG(s) 'example_python_decorator' retrieved from /home/malangdataguy/miniconda3/envs/airflow_mdg/lib/python3.8/site-packages/airflow/example_dags/example_python_decorator.py
[2024-04-06T23:52:11.895+0000] {logging_mixin.py:188} INFO - [2024-04-06T23:52:11.895+0000] {dag.py:3047} INFO - Sync 1 DAGs
[2024-04-06T23:52:11.915+0000] {logging_mixin.py:188} INFO - [2024-04-06T23:52:11.914+0000] {dag.py:3834} INFO - Setting next_dagrun for example_python_decorator to None, run_after=None
[2024-04-06T23:52:11.953+0000] {processor.py:183} INFO - Processing /home/malangdataguy/miniconda3/envs/airflow_mdg/lib/python3.8/site-packages/airflow/example_dags/example_python_decorator.py took 0.116 seconds
[2024-04-06T23:53:17.871+0000] {processor.py:161} INFO - Started process (PID=70119) to work on /home/malangdataguy/miniconda3/envs/airflow_mdg/lib/python3.8/site-packages/airflow/example_dags/example_python_decorator.py
[2024-04-06T23:53:17.874+0000] {processor.py:830} INFO - Processing file /home/malangdataguy/miniconda3/envs/airflow_mdg/lib/python3.8/site-packages/airflow/example_dags/example_python_decorator.py for tasks to queue
[2024-04-06T23:53:17.876+0000] {logging_mixin.py:188} INFO - [2024-04-06T23:53:17.875+0000] {dagbag.py:540} INFO - Filling up the DagBag from /home/malangdataguy/miniconda3/envs/airflow_mdg/lib/python3.8/site-packages/airflow/example_dags/example_python_decorator.py
[2024-04-06T23:53:17.891+0000] {logging_mixin.py:188} INFO - [2024-04-06T23:53:17.891+0000] {example_python_decorator.py:79} WARNING - The virtalenv_python example task requires virtualenv, please install it.
[2024-04-06T23:53:17.892+0000] {processor.py:840} INFO - DAG(s) 'example_python_decorator' retrieved from /home/malangdataguy/miniconda3/envs/airflow_mdg/lib/python3.8/site-packages/airflow/example_dags/example_python_decorator.py
[2024-04-06T23:53:17.919+0000] {logging_mixin.py:188} INFO - [2024-04-06T23:53:17.919+0000] {dag.py:3047} INFO - Sync 1 DAGs
[2024-04-06T23:53:17.938+0000] {logging_mixin.py:188} INFO - [2024-04-06T23:53:17.937+0000] {dag.py:3834} INFO - Setting next_dagrun for example_python_decorator to None, run_after=None
[2024-04-06T23:53:17.971+0000] {processor.py:183} INFO - Processing /home/malangdataguy/miniconda3/envs/airflow_mdg/lib/python3.8/site-packages/airflow/example_dags/example_python_decorator.py took 0.107 seconds
[2024-04-06T23:54:24.111+0000] {processor.py:161} INFO - Started process (PID=70219) to work on /home/malangdataguy/miniconda3/envs/airflow_mdg/lib/python3.8/site-packages/airflow/example_dags/example_python_decorator.py
[2024-04-06T23:54:24.113+0000] {processor.py:830} INFO - Processing file /home/malangdataguy/miniconda3/envs/airflow_mdg/lib/python3.8/site-packages/airflow/example_dags/example_python_decorator.py for tasks to queue
[2024-04-06T23:54:24.115+0000] {logging_mixin.py:188} INFO - [2024-04-06T23:54:24.114+0000] {dagbag.py:540} INFO - Filling up the DagBag from /home/malangdataguy/miniconda3/envs/airflow_mdg/lib/python3.8/site-packages/airflow/example_dags/example_python_decorator.py
[2024-04-06T23:54:24.127+0000] {logging_mixin.py:188} INFO - [2024-04-06T23:54:24.127+0000] {example_python_decorator.py:79} WARNING - The virtalenv_python example task requires virtualenv, please install it.
[2024-04-06T23:54:24.128+0000] {processor.py:840} INFO - DAG(s) 'example_python_decorator' retrieved from /home/malangdataguy/miniconda3/envs/airflow_mdg/lib/python3.8/site-packages/airflow/example_dags/example_python_decorator.py
[2024-04-06T23:54:24.152+0000] {logging_mixin.py:188} INFO - [2024-04-06T23:54:24.152+0000] {dag.py:3047} INFO - Sync 1 DAGs
[2024-04-06T23:54:24.168+0000] {logging_mixin.py:188} INFO - [2024-04-06T23:54:24.168+0000] {dag.py:3834} INFO - Setting next_dagrun for example_python_decorator to None, run_after=None
[2024-04-06T23:54:24.201+0000] {processor.py:183} INFO - Processing /home/malangdataguy/miniconda3/envs/airflow_mdg/lib/python3.8/site-packages/airflow/example_dags/example_python_decorator.py took 0.095 seconds
[2024-04-06T23:55:25.588+0000] {processor.py:161} INFO - Started process (PID=70283) to work on /home/malangdataguy/miniconda3/envs/airflow_mdg/lib/python3.8/site-packages/airflow/example_dags/example_python_decorator.py
[2024-04-06T23:55:25.591+0000] {processor.py:830} INFO - Processing file /home/malangdataguy/miniconda3/envs/airflow_mdg/lib/python3.8/site-packages/airflow/example_dags/example_python_decorator.py for tasks to queue
[2024-04-06T23:55:25.592+0000] {logging_mixin.py:188} INFO - [2024-04-06T23:55:25.592+0000] {dagbag.py:540} INFO - Filling up the DagBag from /home/malangdataguy/miniconda3/envs/airflow_mdg/lib/python3.8/site-packages/airflow/example_dags/example_python_decorator.py
[2024-04-06T23:55:25.607+0000] {logging_mixin.py:188} INFO - [2024-04-06T23:55:25.607+0000] {example_python_decorator.py:79} WARNING - The virtalenv_python example task requires virtualenv, please install it.
[2024-04-06T23:55:25.608+0000] {processor.py:840} INFO - DAG(s) 'example_python_decorator' retrieved from /home/malangdataguy/miniconda3/envs/airflow_mdg/lib/python3.8/site-packages/airflow/example_dags/example_python_decorator.py
[2024-04-06T23:55:25.636+0000] {logging_mixin.py:188} INFO - [2024-04-06T23:55:25.635+0000] {dag.py:3047} INFO - Sync 1 DAGs
[2024-04-06T23:55:25.656+0000] {logging_mixin.py:188} INFO - [2024-04-06T23:55:25.655+0000] {dag.py:3834} INFO - Setting next_dagrun for example_python_decorator to None, run_after=None
[2024-04-06T23:55:25.690+0000] {processor.py:183} INFO - Processing /home/malangdataguy/miniconda3/envs/airflow_mdg/lib/python3.8/site-packages/airflow/example_dags/example_python_decorator.py took 0.107 seconds
