[2024-04-06T23:09:40.395+0000] {processor.py:161} INFO - Started process (PID=68391) to work on /home/malangdataguy/miniconda3/envs/airflow_mdg/lib/python3.8/site-packages/airflow/example_dags/example_python_operator.py
[2024-04-06T23:09:40.396+0000] {processor.py:830} INFO - Processing file /home/malangdataguy/miniconda3/envs/airflow_mdg/lib/python3.8/site-packages/airflow/example_dags/example_python_operator.py for tasks to queue
[2024-04-06T23:09:40.397+0000] {logging_mixin.py:188} INFO - [2024-04-06T23:09:40.397+0000] {dagbag.py:540} INFO - Filling up the DagBag from /home/malangdataguy/miniconda3/envs/airflow_mdg/lib/python3.8/site-packages/airflow/example_dags/example_python_operator.py
[2024-04-06T23:09:40.408+0000] {logging_mixin.py:188} INFO - [2024-04-06T23:09:40.407+0000] {example_python_operator.py:88} WARNING - The virtalenv_python example task requires virtualenv, please install it.
[2024-04-06T23:09:40.408+0000] {processor.py:840} INFO - DAG(s) 'example_python_operator' retrieved from /home/malangdataguy/miniconda3/envs/airflow_mdg/lib/python3.8/site-packages/airflow/example_dags/example_python_operator.py
[2024-04-06T23:09:40.519+0000] {logging_mixin.py:188} INFO - [2024-04-06T23:09:40.519+0000] {dag.py:3047} INFO - Sync 1 DAGs
[2024-04-06T23:09:40.530+0000] {logging_mixin.py:188} INFO - [2024-04-06T23:09:40.529+0000] {dag.py:3834} INFO - Setting next_dagrun for example_python_operator to None, run_after=None
[2024-04-06T23:09:40.559+0000] {processor.py:183} INFO - Processing /home/malangdataguy/miniconda3/envs/airflow_mdg/lib/python3.8/site-packages/airflow/example_dags/example_python_operator.py took 0.169 seconds
[2024-04-06T23:10:34.975+0000] {processor.py:161} INFO - Started process (PID=68441) to work on /home/malangdataguy/miniconda3/envs/airflow_mdg/lib/python3.8/site-packages/airflow/example_dags/example_python_operator.py
[2024-04-06T23:10:34.978+0000] {processor.py:830} INFO - Processing file /home/malangdataguy/miniconda3/envs/airflow_mdg/lib/python3.8/site-packages/airflow/example_dags/example_python_operator.py for tasks to queue
[2024-04-06T23:10:34.979+0000] {logging_mixin.py:188} INFO - [2024-04-06T23:10:34.979+0000] {dagbag.py:540} INFO - Filling up the DagBag from /home/malangdataguy/miniconda3/envs/airflow_mdg/lib/python3.8/site-packages/airflow/example_dags/example_python_operator.py
[2024-04-06T23:10:34.989+0000] {logging_mixin.py:188} INFO - [2024-04-06T23:10:34.989+0000] {example_python_operator.py:88} WARNING - The virtalenv_python example task requires virtualenv, please install it.
[2024-04-06T23:10:34.990+0000] {processor.py:840} INFO - DAG(s) 'example_python_operator' retrieved from /home/malangdataguy/miniconda3/envs/airflow_mdg/lib/python3.8/site-packages/airflow/example_dags/example_python_operator.py
[2024-04-06T23:10:35.018+0000] {logging_mixin.py:188} INFO - [2024-04-06T23:10:35.017+0000] {dag.py:3047} INFO - Sync 1 DAGs
[2024-04-06T23:10:35.032+0000] {logging_mixin.py:188} INFO - [2024-04-06T23:10:35.031+0000] {dag.py:3834} INFO - Setting next_dagrun for example_python_operator to None, run_after=None
[2024-04-06T23:10:35.060+0000] {processor.py:183} INFO - Processing /home/malangdataguy/miniconda3/envs/airflow_mdg/lib/python3.8/site-packages/airflow/example_dags/example_python_operator.py took 0.089 seconds
[2024-04-06T23:11:33.842+0000] {processor.py:161} INFO - Started process (PID=68512) to work on /home/malangdataguy/miniconda3/envs/airflow_mdg/lib/python3.8/site-packages/airflow/example_dags/example_python_operator.py
[2024-04-06T23:11:33.845+0000] {processor.py:830} INFO - Processing file /home/malangdataguy/miniconda3/envs/airflow_mdg/lib/python3.8/site-packages/airflow/example_dags/example_python_operator.py for tasks to queue
[2024-04-06T23:11:33.846+0000] {logging_mixin.py:188} INFO - [2024-04-06T23:11:33.846+0000] {dagbag.py:540} INFO - Filling up the DagBag from /home/malangdataguy/miniconda3/envs/airflow_mdg/lib/python3.8/site-packages/airflow/example_dags/example_python_operator.py
[2024-04-06T23:11:33.857+0000] {logging_mixin.py:188} INFO - [2024-04-06T23:11:33.856+0000] {example_python_operator.py:88} WARNING - The virtalenv_python example task requires virtualenv, please install it.
[2024-04-06T23:11:33.857+0000] {processor.py:840} INFO - DAG(s) 'example_python_operator' retrieved from /home/malangdataguy/miniconda3/envs/airflow_mdg/lib/python3.8/site-packages/airflow/example_dags/example_python_operator.py
[2024-04-06T23:11:33.882+0000] {logging_mixin.py:188} INFO - [2024-04-06T23:11:33.882+0000] {dag.py:3047} INFO - Sync 1 DAGs
[2024-04-06T23:11:33.896+0000] {logging_mixin.py:188} INFO - [2024-04-06T23:11:33.896+0000] {dag.py:3834} INFO - Setting next_dagrun for example_python_operator to None, run_after=None
[2024-04-06T23:11:33.926+0000] {processor.py:183} INFO - Processing /home/malangdataguy/miniconda3/envs/airflow_mdg/lib/python3.8/site-packages/airflow/example_dags/example_python_operator.py took 0.089 seconds
[2024-04-06T23:12:25.576+0000] {processor.py:161} INFO - Started process (PID=68563) to work on /home/malangdataguy/miniconda3/envs/airflow_mdg/lib/python3.8/site-packages/airflow/example_dags/example_python_operator.py
[2024-04-06T23:12:25.579+0000] {processor.py:830} INFO - Processing file /home/malangdataguy/miniconda3/envs/airflow_mdg/lib/python3.8/site-packages/airflow/example_dags/example_python_operator.py for tasks to queue
[2024-04-06T23:12:25.580+0000] {logging_mixin.py:188} INFO - [2024-04-06T23:12:25.580+0000] {dagbag.py:540} INFO - Filling up the DagBag from /home/malangdataguy/miniconda3/envs/airflow_mdg/lib/python3.8/site-packages/airflow/example_dags/example_python_operator.py
[2024-04-06T23:12:25.591+0000] {logging_mixin.py:188} INFO - [2024-04-06T23:12:25.591+0000] {example_python_operator.py:88} WARNING - The virtalenv_python example task requires virtualenv, please install it.
[2024-04-06T23:12:25.592+0000] {processor.py:840} INFO - DAG(s) 'example_python_operator' retrieved from /home/malangdataguy/miniconda3/envs/airflow_mdg/lib/python3.8/site-packages/airflow/example_dags/example_python_operator.py
[2024-04-06T23:12:25.618+0000] {logging_mixin.py:188} INFO - [2024-04-06T23:12:25.617+0000] {dag.py:3047} INFO - Sync 1 DAGs
[2024-04-06T23:12:25.632+0000] {logging_mixin.py:188} INFO - [2024-04-06T23:12:25.632+0000] {dag.py:3834} INFO - Setting next_dagrun for example_python_operator to None, run_after=None
[2024-04-06T23:12:25.662+0000] {processor.py:183} INFO - Processing /home/malangdataguy/miniconda3/envs/airflow_mdg/lib/python3.8/site-packages/airflow/example_dags/example_python_operator.py took 0.091 seconds
[2024-04-06T23:13:25.776+0000] {processor.py:161} INFO - Started process (PID=68624) to work on /home/malangdataguy/miniconda3/envs/airflow_mdg/lib/python3.8/site-packages/airflow/example_dags/example_python_operator.py
[2024-04-06T23:13:25.779+0000] {processor.py:830} INFO - Processing file /home/malangdataguy/miniconda3/envs/airflow_mdg/lib/python3.8/site-packages/airflow/example_dags/example_python_operator.py for tasks to queue
[2024-04-06T23:13:25.781+0000] {logging_mixin.py:188} INFO - [2024-04-06T23:13:25.780+0000] {dagbag.py:540} INFO - Filling up the DagBag from /home/malangdataguy/miniconda3/envs/airflow_mdg/lib/python3.8/site-packages/airflow/example_dags/example_python_operator.py
[2024-04-06T23:13:25.793+0000] {logging_mixin.py:188} INFO - [2024-04-06T23:13:25.792+0000] {example_python_operator.py:88} WARNING - The virtalenv_python example task requires virtualenv, please install it.
[2024-04-06T23:13:25.793+0000] {processor.py:840} INFO - DAG(s) 'example_python_operator' retrieved from /home/malangdataguy/miniconda3/envs/airflow_mdg/lib/python3.8/site-packages/airflow/example_dags/example_python_operator.py
[2024-04-06T23:13:25.821+0000] {logging_mixin.py:188} INFO - [2024-04-06T23:13:25.821+0000] {dag.py:3047} INFO - Sync 1 DAGs
[2024-04-06T23:13:25.838+0000] {logging_mixin.py:188} INFO - [2024-04-06T23:13:25.837+0000] {dag.py:3834} INFO - Setting next_dagrun for example_python_operator to None, run_after=None
[2024-04-06T23:13:25.870+0000] {processor.py:183} INFO - Processing /home/malangdataguy/miniconda3/envs/airflow_mdg/lib/python3.8/site-packages/airflow/example_dags/example_python_operator.py took 0.099 seconds
[2024-04-06T23:14:28.944+0000] {processor.py:161} INFO - Started process (PID=68689) to work on /home/malangdataguy/miniconda3/envs/airflow_mdg/lib/python3.8/site-packages/airflow/example_dags/example_python_operator.py
[2024-04-06T23:14:28.947+0000] {processor.py:830} INFO - Processing file /home/malangdataguy/miniconda3/envs/airflow_mdg/lib/python3.8/site-packages/airflow/example_dags/example_python_operator.py for tasks to queue
[2024-04-06T23:14:28.948+0000] {logging_mixin.py:188} INFO - [2024-04-06T23:14:28.947+0000] {dagbag.py:540} INFO - Filling up the DagBag from /home/malangdataguy/miniconda3/envs/airflow_mdg/lib/python3.8/site-packages/airflow/example_dags/example_python_operator.py
[2024-04-06T23:14:28.959+0000] {logging_mixin.py:188} INFO - [2024-04-06T23:14:28.959+0000] {example_python_operator.py:88} WARNING - The virtalenv_python example task requires virtualenv, please install it.
[2024-04-06T23:14:28.960+0000] {processor.py:840} INFO - DAG(s) 'example_python_operator' retrieved from /home/malangdataguy/miniconda3/envs/airflow_mdg/lib/python3.8/site-packages/airflow/example_dags/example_python_operator.py
[2024-04-06T23:14:28.987+0000] {logging_mixin.py:188} INFO - [2024-04-06T23:14:28.987+0000] {dag.py:3047} INFO - Sync 1 DAGs
[2024-04-06T23:14:29.004+0000] {logging_mixin.py:188} INFO - [2024-04-06T23:14:29.003+0000] {dag.py:3834} INFO - Setting next_dagrun for example_python_operator to None, run_after=None
[2024-04-06T23:14:29.035+0000] {processor.py:183} INFO - Processing /home/malangdataguy/miniconda3/envs/airflow_mdg/lib/python3.8/site-packages/airflow/example_dags/example_python_operator.py took 0.096 seconds
[2024-04-06T23:15:28.621+0000] {processor.py:161} INFO - Started process (PID=68750) to work on /home/malangdataguy/miniconda3/envs/airflow_mdg/lib/python3.8/site-packages/airflow/example_dags/example_python_operator.py
[2024-04-06T23:15:28.624+0000] {processor.py:830} INFO - Processing file /home/malangdataguy/miniconda3/envs/airflow_mdg/lib/python3.8/site-packages/airflow/example_dags/example_python_operator.py for tasks to queue
[2024-04-06T23:15:28.625+0000] {logging_mixin.py:188} INFO - [2024-04-06T23:15:28.625+0000] {dagbag.py:540} INFO - Filling up the DagBag from /home/malangdataguy/miniconda3/envs/airflow_mdg/lib/python3.8/site-packages/airflow/example_dags/example_python_operator.py
[2024-04-06T23:15:28.637+0000] {logging_mixin.py:188} INFO - [2024-04-06T23:15:28.636+0000] {example_python_operator.py:88} WARNING - The virtalenv_python example task requires virtualenv, please install it.
[2024-04-06T23:15:28.637+0000] {processor.py:840} INFO - DAG(s) 'example_python_operator' retrieved from /home/malangdataguy/miniconda3/envs/airflow_mdg/lib/python3.8/site-packages/airflow/example_dags/example_python_operator.py
[2024-04-06T23:15:28.665+0000] {logging_mixin.py:188} INFO - [2024-04-06T23:15:28.665+0000] {dag.py:3047} INFO - Sync 1 DAGs
[2024-04-06T23:15:28.681+0000] {logging_mixin.py:188} INFO - [2024-04-06T23:15:28.681+0000] {dag.py:3834} INFO - Setting next_dagrun for example_python_operator to None, run_after=None
[2024-04-06T23:15:28.716+0000] {processor.py:183} INFO - Processing /home/malangdataguy/miniconda3/envs/airflow_mdg/lib/python3.8/site-packages/airflow/example_dags/example_python_operator.py took 0.100 seconds
[2024-04-06T23:16:26.195+0000] {processor.py:161} INFO - Started process (PID=68812) to work on /home/malangdataguy/miniconda3/envs/airflow_mdg/lib/python3.8/site-packages/airflow/example_dags/example_python_operator.py
[2024-04-06T23:16:26.197+0000] {processor.py:830} INFO - Processing file /home/malangdataguy/miniconda3/envs/airflow_mdg/lib/python3.8/site-packages/airflow/example_dags/example_python_operator.py for tasks to queue
[2024-04-06T23:16:26.199+0000] {logging_mixin.py:188} INFO - [2024-04-06T23:16:26.198+0000] {dagbag.py:540} INFO - Filling up the DagBag from /home/malangdataguy/miniconda3/envs/airflow_mdg/lib/python3.8/site-packages/airflow/example_dags/example_python_operator.py
[2024-04-06T23:16:26.209+0000] {logging_mixin.py:188} INFO - [2024-04-06T23:16:26.208+0000] {example_python_operator.py:88} WARNING - The virtalenv_python example task requires virtualenv, please install it.
[2024-04-06T23:16:26.209+0000] {processor.py:840} INFO - DAG(s) 'example_python_operator' retrieved from /home/malangdataguy/miniconda3/envs/airflow_mdg/lib/python3.8/site-packages/airflow/example_dags/example_python_operator.py
[2024-04-06T23:16:26.235+0000] {logging_mixin.py:188} INFO - [2024-04-06T23:16:26.235+0000] {dag.py:3047} INFO - Sync 1 DAGs
[2024-04-06T23:16:26.253+0000] {logging_mixin.py:188} INFO - [2024-04-06T23:16:26.252+0000] {dag.py:3834} INFO - Setting next_dagrun for example_python_operator to None, run_after=None
[2024-04-06T23:16:26.284+0000] {processor.py:183} INFO - Processing /home/malangdataguy/miniconda3/envs/airflow_mdg/lib/python3.8/site-packages/airflow/example_dags/example_python_operator.py took 0.093 seconds
[2024-04-06T23:17:25.604+0000] {processor.py:161} INFO - Started process (PID=68880) to work on /home/malangdataguy/miniconda3/envs/airflow_mdg/lib/python3.8/site-packages/airflow/example_dags/example_python_operator.py
[2024-04-06T23:17:25.607+0000] {processor.py:830} INFO - Processing file /home/malangdataguy/miniconda3/envs/airflow_mdg/lib/python3.8/site-packages/airflow/example_dags/example_python_operator.py for tasks to queue
[2024-04-06T23:17:25.608+0000] {logging_mixin.py:188} INFO - [2024-04-06T23:17:25.608+0000] {dagbag.py:540} INFO - Filling up the DagBag from /home/malangdataguy/miniconda3/envs/airflow_mdg/lib/python3.8/site-packages/airflow/example_dags/example_python_operator.py
[2024-04-06T23:17:25.618+0000] {logging_mixin.py:188} INFO - [2024-04-06T23:17:25.618+0000] {example_python_operator.py:88} WARNING - The virtalenv_python example task requires virtualenv, please install it.
[2024-04-06T23:17:25.619+0000] {processor.py:840} INFO - DAG(s) 'example_python_operator' retrieved from /home/malangdataguy/miniconda3/envs/airflow_mdg/lib/python3.8/site-packages/airflow/example_dags/example_python_operator.py
[2024-04-06T23:17:25.643+0000] {logging_mixin.py:188} INFO - [2024-04-06T23:17:25.643+0000] {dag.py:3047} INFO - Sync 1 DAGs
[2024-04-06T23:17:25.660+0000] {logging_mixin.py:188} INFO - [2024-04-06T23:17:25.660+0000] {dag.py:3834} INFO - Setting next_dagrun for example_python_operator to None, run_after=None
[2024-04-06T23:17:25.690+0000] {processor.py:183} INFO - Processing /home/malangdataguy/miniconda3/envs/airflow_mdg/lib/python3.8/site-packages/airflow/example_dags/example_python_operator.py took 0.090 seconds
[2024-04-06T23:18:30.269+0000] {processor.py:161} INFO - Started process (PID=68945) to work on /home/malangdataguy/miniconda3/envs/airflow_mdg/lib/python3.8/site-packages/airflow/example_dags/example_python_operator.py
[2024-04-06T23:18:30.272+0000] {processor.py:830} INFO - Processing file /home/malangdataguy/miniconda3/envs/airflow_mdg/lib/python3.8/site-packages/airflow/example_dags/example_python_operator.py for tasks to queue
[2024-04-06T23:18:30.273+0000] {logging_mixin.py:188} INFO - [2024-04-06T23:18:30.272+0000] {dagbag.py:540} INFO - Filling up the DagBag from /home/malangdataguy/miniconda3/envs/airflow_mdg/lib/python3.8/site-packages/airflow/example_dags/example_python_operator.py
[2024-04-06T23:18:30.283+0000] {logging_mixin.py:188} INFO - [2024-04-06T23:18:30.283+0000] {example_python_operator.py:88} WARNING - The virtalenv_python example task requires virtualenv, please install it.
[2024-04-06T23:18:30.284+0000] {processor.py:840} INFO - DAG(s) 'example_python_operator' retrieved from /home/malangdataguy/miniconda3/envs/airflow_mdg/lib/python3.8/site-packages/airflow/example_dags/example_python_operator.py
[2024-04-06T23:18:30.309+0000] {logging_mixin.py:188} INFO - [2024-04-06T23:18:30.309+0000] {dag.py:3047} INFO - Sync 1 DAGs
[2024-04-06T23:18:30.323+0000] {logging_mixin.py:188} INFO - [2024-04-06T23:18:30.323+0000] {dag.py:3834} INFO - Setting next_dagrun for example_python_operator to None, run_after=None
[2024-04-06T23:18:30.352+0000] {processor.py:183} INFO - Processing /home/malangdataguy/miniconda3/envs/airflow_mdg/lib/python3.8/site-packages/airflow/example_dags/example_python_operator.py took 0.088 seconds
[2024-04-06T23:19:31.360+0000] {processor.py:161} INFO - Started process (PID=69006) to work on /home/malangdataguy/miniconda3/envs/airflow_mdg/lib/python3.8/site-packages/airflow/example_dags/example_python_operator.py
[2024-04-06T23:19:31.365+0000] {processor.py:830} INFO - Processing file /home/malangdataguy/miniconda3/envs/airflow_mdg/lib/python3.8/site-packages/airflow/example_dags/example_python_operator.py for tasks to queue
[2024-04-06T23:19:31.369+0000] {logging_mixin.py:188} INFO - [2024-04-06T23:19:31.368+0000] {dagbag.py:540} INFO - Filling up the DagBag from /home/malangdataguy/miniconda3/envs/airflow_mdg/lib/python3.8/site-packages/airflow/example_dags/example_python_operator.py
[2024-04-06T23:19:31.401+0000] {logging_mixin.py:188} INFO - [2024-04-06T23:19:31.401+0000] {example_python_operator.py:88} WARNING - The virtalenv_python example task requires virtualenv, please install it.
[2024-04-06T23:19:31.403+0000] {processor.py:840} INFO - DAG(s) 'example_python_operator' retrieved from /home/malangdataguy/miniconda3/envs/airflow_mdg/lib/python3.8/site-packages/airflow/example_dags/example_python_operator.py
[2024-04-06T23:19:31.478+0000] {logging_mixin.py:188} INFO - [2024-04-06T23:19:31.477+0000] {dag.py:3047} INFO - Sync 1 DAGs
[2024-04-06T23:19:31.517+0000] {logging_mixin.py:188} INFO - [2024-04-06T23:19:31.516+0000] {dag.py:3834} INFO - Setting next_dagrun for example_python_operator to None, run_after=None
[2024-04-06T23:19:31.580+0000] {processor.py:183} INFO - Processing /home/malangdataguy/miniconda3/envs/airflow_mdg/lib/python3.8/site-packages/airflow/example_dags/example_python_operator.py took 0.235 seconds
[2024-04-06T23:20:41.684+0000] {processor.py:161} INFO - Started process (PID=69076) to work on /home/malangdataguy/miniconda3/envs/airflow_mdg/lib/python3.8/site-packages/airflow/example_dags/example_python_operator.py
[2024-04-06T23:20:41.687+0000] {processor.py:830} INFO - Processing file /home/malangdataguy/miniconda3/envs/airflow_mdg/lib/python3.8/site-packages/airflow/example_dags/example_python_operator.py for tasks to queue
[2024-04-06T23:20:41.688+0000] {logging_mixin.py:188} INFO - [2024-04-06T23:20:41.688+0000] {dagbag.py:540} INFO - Filling up the DagBag from /home/malangdataguy/miniconda3/envs/airflow_mdg/lib/python3.8/site-packages/airflow/example_dags/example_python_operator.py
[2024-04-06T23:20:41.701+0000] {logging_mixin.py:188} INFO - [2024-04-06T23:20:41.701+0000] {example_python_operator.py:88} WARNING - The virtalenv_python example task requires virtualenv, please install it.
[2024-04-06T23:20:41.702+0000] {processor.py:840} INFO - DAG(s) 'example_python_operator' retrieved from /home/malangdataguy/miniconda3/envs/airflow_mdg/lib/python3.8/site-packages/airflow/example_dags/example_python_operator.py
[2024-04-06T23:20:41.732+0000] {logging_mixin.py:188} INFO - [2024-04-06T23:20:41.731+0000] {dag.py:3047} INFO - Sync 1 DAGs
[2024-04-06T23:20:41.748+0000] {logging_mixin.py:188} INFO - [2024-04-06T23:20:41.747+0000] {dag.py:3834} INFO - Setting next_dagrun for example_python_operator to None, run_after=None
[2024-04-06T23:20:41.783+0000] {processor.py:183} INFO - Processing /home/malangdataguy/miniconda3/envs/airflow_mdg/lib/python3.8/site-packages/airflow/example_dags/example_python_operator.py took 0.105 seconds
[2024-04-06T23:21:41.560+0000] {processor.py:161} INFO - Started process (PID=69136) to work on /home/malangdataguy/miniconda3/envs/airflow_mdg/lib/python3.8/site-packages/airflow/example_dags/example_python_operator.py
[2024-04-06T23:21:41.563+0000] {processor.py:830} INFO - Processing file /home/malangdataguy/miniconda3/envs/airflow_mdg/lib/python3.8/site-packages/airflow/example_dags/example_python_operator.py for tasks to queue
[2024-04-06T23:21:41.565+0000] {logging_mixin.py:188} INFO - [2024-04-06T23:21:41.564+0000] {dagbag.py:540} INFO - Filling up the DagBag from /home/malangdataguy/miniconda3/envs/airflow_mdg/lib/python3.8/site-packages/airflow/example_dags/example_python_operator.py
[2024-04-06T23:21:41.576+0000] {logging_mixin.py:188} INFO - [2024-04-06T23:21:41.576+0000] {example_python_operator.py:88} WARNING - The virtalenv_python example task requires virtualenv, please install it.
[2024-04-06T23:21:41.577+0000] {processor.py:840} INFO - DAG(s) 'example_python_operator' retrieved from /home/malangdataguy/miniconda3/envs/airflow_mdg/lib/python3.8/site-packages/airflow/example_dags/example_python_operator.py
[2024-04-06T23:21:41.606+0000] {logging_mixin.py:188} INFO - [2024-04-06T23:21:41.606+0000] {dag.py:3047} INFO - Sync 1 DAGs
[2024-04-06T23:21:41.622+0000] {logging_mixin.py:188} INFO - [2024-04-06T23:21:41.622+0000] {dag.py:3834} INFO - Setting next_dagrun for example_python_operator to None, run_after=None
[2024-04-06T23:21:41.655+0000] {processor.py:183} INFO - Processing /home/malangdataguy/miniconda3/envs/airflow_mdg/lib/python3.8/site-packages/airflow/example_dags/example_python_operator.py took 0.100 seconds
[2024-04-06T23:40:47.971+0000] {processor.py:161} INFO - Started process (PID=69304) to work on /home/malangdataguy/miniconda3/envs/airflow_mdg/lib/python3.8/site-packages/airflow/example_dags/example_python_operator.py
[2024-04-06T23:40:47.973+0000] {processor.py:830} INFO - Processing file /home/malangdataguy/miniconda3/envs/airflow_mdg/lib/python3.8/site-packages/airflow/example_dags/example_python_operator.py for tasks to queue
[2024-04-06T23:40:47.974+0000] {logging_mixin.py:188} INFO - [2024-04-06T23:40:47.974+0000] {dagbag.py:540} INFO - Filling up the DagBag from /home/malangdataguy/miniconda3/envs/airflow_mdg/lib/python3.8/site-packages/airflow/example_dags/example_python_operator.py
[2024-04-06T23:40:47.984+0000] {logging_mixin.py:188} INFO - [2024-04-06T23:40:47.984+0000] {example_python_operator.py:88} WARNING - The virtalenv_python example task requires virtualenv, please install it.
[2024-04-06T23:40:47.985+0000] {processor.py:840} INFO - DAG(s) 'example_python_operator' retrieved from /home/malangdataguy/miniconda3/envs/airflow_mdg/lib/python3.8/site-packages/airflow/example_dags/example_python_operator.py
[2024-04-06T23:40:48.009+0000] {logging_mixin.py:188} INFO - [2024-04-06T23:40:48.008+0000] {dag.py:3047} INFO - Sync 1 DAGs
[2024-04-06T23:40:48.022+0000] {logging_mixin.py:188} INFO - [2024-04-06T23:40:48.022+0000] {dag.py:3834} INFO - Setting next_dagrun for example_python_operator to None, run_after=None
[2024-04-06T23:40:48.050+0000] {processor.py:183} INFO - Processing /home/malangdataguy/miniconda3/envs/airflow_mdg/lib/python3.8/site-packages/airflow/example_dags/example_python_operator.py took 0.084 seconds
[2024-04-06T23:41:38.740+0000] {processor.py:161} INFO - Started process (PID=69354) to work on /home/malangdataguy/miniconda3/envs/airflow_mdg/lib/python3.8/site-packages/airflow/example_dags/example_python_operator.py
[2024-04-06T23:41:38.742+0000] {processor.py:830} INFO - Processing file /home/malangdataguy/miniconda3/envs/airflow_mdg/lib/python3.8/site-packages/airflow/example_dags/example_python_operator.py for tasks to queue
[2024-04-06T23:41:38.744+0000] {logging_mixin.py:188} INFO - [2024-04-06T23:41:38.743+0000] {dagbag.py:540} INFO - Filling up the DagBag from /home/malangdataguy/miniconda3/envs/airflow_mdg/lib/python3.8/site-packages/airflow/example_dags/example_python_operator.py
[2024-04-06T23:41:38.754+0000] {logging_mixin.py:188} INFO - [2024-04-06T23:41:38.754+0000] {example_python_operator.py:88} WARNING - The virtalenv_python example task requires virtualenv, please install it.
[2024-04-06T23:41:38.755+0000] {processor.py:840} INFO - DAG(s) 'example_python_operator' retrieved from /home/malangdataguy/miniconda3/envs/airflow_mdg/lib/python3.8/site-packages/airflow/example_dags/example_python_operator.py
[2024-04-06T23:41:38.780+0000] {logging_mixin.py:188} INFO - [2024-04-06T23:41:38.780+0000] {dag.py:3047} INFO - Sync 1 DAGs
[2024-04-06T23:41:38.797+0000] {logging_mixin.py:188} INFO - [2024-04-06T23:41:38.797+0000] {dag.py:3834} INFO - Setting next_dagrun for example_python_operator to None, run_after=None
[2024-04-06T23:41:38.829+0000] {processor.py:183} INFO - Processing /home/malangdataguy/miniconda3/envs/airflow_mdg/lib/python3.8/site-packages/airflow/example_dags/example_python_operator.py took 0.094 seconds
[2024-04-06T23:42:44.643+0000] {processor.py:161} INFO - Started process (PID=69420) to work on /home/malangdataguy/miniconda3/envs/airflow_mdg/lib/python3.8/site-packages/airflow/example_dags/example_python_operator.py
[2024-04-06T23:42:44.646+0000] {processor.py:830} INFO - Processing file /home/malangdataguy/miniconda3/envs/airflow_mdg/lib/python3.8/site-packages/airflow/example_dags/example_python_operator.py for tasks to queue
[2024-04-06T23:42:44.647+0000] {logging_mixin.py:188} INFO - [2024-04-06T23:42:44.646+0000] {dagbag.py:540} INFO - Filling up the DagBag from /home/malangdataguy/miniconda3/envs/airflow_mdg/lib/python3.8/site-packages/airflow/example_dags/example_python_operator.py
[2024-04-06T23:42:44.657+0000] {logging_mixin.py:188} INFO - [2024-04-06T23:42:44.657+0000] {example_python_operator.py:88} WARNING - The virtalenv_python example task requires virtualenv, please install it.
[2024-04-06T23:42:44.658+0000] {processor.py:840} INFO - DAG(s) 'example_python_operator' retrieved from /home/malangdataguy/miniconda3/envs/airflow_mdg/lib/python3.8/site-packages/airflow/example_dags/example_python_operator.py
[2024-04-06T23:42:44.681+0000] {logging_mixin.py:188} INFO - [2024-04-06T23:42:44.681+0000] {dag.py:3047} INFO - Sync 1 DAGs
[2024-04-06T23:42:44.695+0000] {logging_mixin.py:188} INFO - [2024-04-06T23:42:44.694+0000] {dag.py:3834} INFO - Setting next_dagrun for example_python_operator to None, run_after=None
[2024-04-06T23:42:44.722+0000] {processor.py:183} INFO - Processing /home/malangdataguy/miniconda3/envs/airflow_mdg/lib/python3.8/site-packages/airflow/example_dags/example_python_operator.py took 0.083 seconds
[2024-04-06T23:43:52.032+0000] {processor.py:161} INFO - Started process (PID=69500) to work on /home/malangdataguy/miniconda3/envs/airflow_mdg/lib/python3.8/site-packages/airflow/example_dags/example_python_operator.py
[2024-04-06T23:43:52.034+0000] {processor.py:830} INFO - Processing file /home/malangdataguy/miniconda3/envs/airflow_mdg/lib/python3.8/site-packages/airflow/example_dags/example_python_operator.py for tasks to queue
[2024-04-06T23:43:52.035+0000] {logging_mixin.py:188} INFO - [2024-04-06T23:43:52.035+0000] {dagbag.py:540} INFO - Filling up the DagBag from /home/malangdataguy/miniconda3/envs/airflow_mdg/lib/python3.8/site-packages/airflow/example_dags/example_python_operator.py
[2024-04-06T23:43:52.047+0000] {logging_mixin.py:188} INFO - [2024-04-06T23:43:52.046+0000] {example_python_operator.py:88} WARNING - The virtalenv_python example task requires virtualenv, please install it.
[2024-04-06T23:43:52.048+0000] {processor.py:840} INFO - DAG(s) 'example_python_operator' retrieved from /home/malangdataguy/miniconda3/envs/airflow_mdg/lib/python3.8/site-packages/airflow/example_dags/example_python_operator.py
[2024-04-06T23:43:52.075+0000] {logging_mixin.py:188} INFO - [2024-04-06T23:43:52.075+0000] {dag.py:3047} INFO - Sync 1 DAGs
[2024-04-06T23:43:52.091+0000] {logging_mixin.py:188} INFO - [2024-04-06T23:43:52.091+0000] {dag.py:3834} INFO - Setting next_dagrun for example_python_operator to None, run_after=None
[2024-04-06T23:43:52.124+0000] {processor.py:183} INFO - Processing /home/malangdataguy/miniconda3/envs/airflow_mdg/lib/python3.8/site-packages/airflow/example_dags/example_python_operator.py took 0.098 seconds
[2024-04-06T23:44:56.371+0000] {processor.py:161} INFO - Started process (PID=69570) to work on /home/malangdataguy/miniconda3/envs/airflow_mdg/lib/python3.8/site-packages/airflow/example_dags/example_python_operator.py
[2024-04-06T23:44:56.373+0000] {processor.py:830} INFO - Processing file /home/malangdataguy/miniconda3/envs/airflow_mdg/lib/python3.8/site-packages/airflow/example_dags/example_python_operator.py for tasks to queue
[2024-04-06T23:44:56.375+0000] {logging_mixin.py:188} INFO - [2024-04-06T23:44:56.374+0000] {dagbag.py:540} INFO - Filling up the DagBag from /home/malangdataguy/miniconda3/envs/airflow_mdg/lib/python3.8/site-packages/airflow/example_dags/example_python_operator.py
[2024-04-06T23:44:56.386+0000] {logging_mixin.py:188} INFO - [2024-04-06T23:44:56.386+0000] {example_python_operator.py:88} WARNING - The virtalenv_python example task requires virtualenv, please install it.
[2024-04-06T23:44:56.387+0000] {processor.py:840} INFO - DAG(s) 'example_python_operator' retrieved from /home/malangdataguy/miniconda3/envs/airflow_mdg/lib/python3.8/site-packages/airflow/example_dags/example_python_operator.py
[2024-04-06T23:44:56.416+0000] {logging_mixin.py:188} INFO - [2024-04-06T23:44:56.416+0000] {dag.py:3047} INFO - Sync 1 DAGs
[2024-04-06T23:44:56.433+0000] {logging_mixin.py:188} INFO - [2024-04-06T23:44:56.432+0000] {dag.py:3834} INFO - Setting next_dagrun for example_python_operator to None, run_after=None
[2024-04-06T23:44:56.463+0000] {processor.py:183} INFO - Processing /home/malangdataguy/miniconda3/envs/airflow_mdg/lib/python3.8/site-packages/airflow/example_dags/example_python_operator.py took 0.098 seconds
[2024-04-06T23:46:00.039+0000] {processor.py:161} INFO - Started process (PID=69635) to work on /home/malangdataguy/miniconda3/envs/airflow_mdg/lib/python3.8/site-packages/airflow/example_dags/example_python_operator.py
[2024-04-06T23:46:00.042+0000] {processor.py:830} INFO - Processing file /home/malangdataguy/miniconda3/envs/airflow_mdg/lib/python3.8/site-packages/airflow/example_dags/example_python_operator.py for tasks to queue
[2024-04-06T23:46:00.043+0000] {logging_mixin.py:188} INFO - [2024-04-06T23:46:00.043+0000] {dagbag.py:540} INFO - Filling up the DagBag from /home/malangdataguy/miniconda3/envs/airflow_mdg/lib/python3.8/site-packages/airflow/example_dags/example_python_operator.py
[2024-04-06T23:46:00.057+0000] {logging_mixin.py:188} INFO - [2024-04-06T23:46:00.057+0000] {example_python_operator.py:88} WARNING - The virtalenv_python example task requires virtualenv, please install it.
[2024-04-06T23:46:00.058+0000] {processor.py:840} INFO - DAG(s) 'example_python_operator' retrieved from /home/malangdataguy/miniconda3/envs/airflow_mdg/lib/python3.8/site-packages/airflow/example_dags/example_python_operator.py
[2024-04-06T23:46:00.133+0000] {logging_mixin.py:188} INFO - [2024-04-06T23:46:00.133+0000] {dag.py:3047} INFO - Sync 1 DAGs
[2024-04-06T23:46:00.173+0000] {logging_mixin.py:188} INFO - [2024-04-06T23:46:00.172+0000] {dag.py:3834} INFO - Setting next_dagrun for example_python_operator to None, run_after=None
[2024-04-06T23:46:00.244+0000] {processor.py:183} INFO - Processing /home/malangdataguy/miniconda3/envs/airflow_mdg/lib/python3.8/site-packages/airflow/example_dags/example_python_operator.py took 0.211 seconds
[2024-04-06T23:46:57.737+0000] {processor.py:161} INFO - Started process (PID=69724) to work on /home/malangdataguy/miniconda3/envs/airflow_mdg/lib/python3.8/site-packages/airflow/example_dags/example_python_operator.py
[2024-04-06T23:46:57.740+0000] {processor.py:830} INFO - Processing file /home/malangdataguy/miniconda3/envs/airflow_mdg/lib/python3.8/site-packages/airflow/example_dags/example_python_operator.py for tasks to queue
[2024-04-06T23:46:57.741+0000] {logging_mixin.py:188} INFO - [2024-04-06T23:46:57.740+0000] {dagbag.py:540} INFO - Filling up the DagBag from /home/malangdataguy/miniconda3/envs/airflow_mdg/lib/python3.8/site-packages/airflow/example_dags/example_python_operator.py
[2024-04-06T23:46:57.751+0000] {logging_mixin.py:188} INFO - [2024-04-06T23:46:57.751+0000] {example_python_operator.py:88} WARNING - The virtalenv_python example task requires virtualenv, please install it.
[2024-04-06T23:46:57.752+0000] {processor.py:840} INFO - DAG(s) 'example_python_operator' retrieved from /home/malangdataguy/miniconda3/envs/airflow_mdg/lib/python3.8/site-packages/airflow/example_dags/example_python_operator.py
[2024-04-06T23:46:57.776+0000] {logging_mixin.py:188} INFO - [2024-04-06T23:46:57.776+0000] {dag.py:3047} INFO - Sync 1 DAGs
[2024-04-06T23:46:57.790+0000] {logging_mixin.py:188} INFO - [2024-04-06T23:46:57.790+0000] {dag.py:3834} INFO - Setting next_dagrun for example_python_operator to None, run_after=None
[2024-04-06T23:46:57.820+0000] {processor.py:183} INFO - Processing /home/malangdataguy/miniconda3/envs/airflow_mdg/lib/python3.8/site-packages/airflow/example_dags/example_python_operator.py took 0.087 seconds
[2024-04-06T23:48:00.120+0000] {processor.py:161} INFO - Started process (PID=69789) to work on /home/malangdataguy/miniconda3/envs/airflow_mdg/lib/python3.8/site-packages/airflow/example_dags/example_python_operator.py
[2024-04-06T23:48:00.122+0000] {processor.py:830} INFO - Processing file /home/malangdataguy/miniconda3/envs/airflow_mdg/lib/python3.8/site-packages/airflow/example_dags/example_python_operator.py for tasks to queue
[2024-04-06T23:48:00.124+0000] {logging_mixin.py:188} INFO - [2024-04-06T23:48:00.123+0000] {dagbag.py:540} INFO - Filling up the DagBag from /home/malangdataguy/miniconda3/envs/airflow_mdg/lib/python3.8/site-packages/airflow/example_dags/example_python_operator.py
[2024-04-06T23:48:00.135+0000] {logging_mixin.py:188} INFO - [2024-04-06T23:48:00.134+0000] {example_python_operator.py:88} WARNING - The virtalenv_python example task requires virtualenv, please install it.
[2024-04-06T23:48:00.135+0000] {processor.py:840} INFO - DAG(s) 'example_python_operator' retrieved from /home/malangdataguy/miniconda3/envs/airflow_mdg/lib/python3.8/site-packages/airflow/example_dags/example_python_operator.py
[2024-04-06T23:48:00.163+0000] {logging_mixin.py:188} INFO - [2024-04-06T23:48:00.163+0000] {dag.py:3047} INFO - Sync 1 DAGs
[2024-04-06T23:48:00.181+0000] {logging_mixin.py:188} INFO - [2024-04-06T23:48:00.180+0000] {dag.py:3834} INFO - Setting next_dagrun for example_python_operator to None, run_after=None
[2024-04-06T23:48:00.217+0000] {processor.py:183} INFO - Processing /home/malangdataguy/miniconda3/envs/airflow_mdg/lib/python3.8/site-packages/airflow/example_dags/example_python_operator.py took 0.103 seconds
[2024-04-06T23:49:02.247+0000] {processor.py:161} INFO - Started process (PID=69857) to work on /home/malangdataguy/miniconda3/envs/airflow_mdg/lib/python3.8/site-packages/airflow/example_dags/example_python_operator.py
[2024-04-06T23:49:02.249+0000] {processor.py:830} INFO - Processing file /home/malangdataguy/miniconda3/envs/airflow_mdg/lib/python3.8/site-packages/airflow/example_dags/example_python_operator.py for tasks to queue
[2024-04-06T23:49:02.250+0000] {logging_mixin.py:188} INFO - [2024-04-06T23:49:02.250+0000] {dagbag.py:540} INFO - Filling up the DagBag from /home/malangdataguy/miniconda3/envs/airflow_mdg/lib/python3.8/site-packages/airflow/example_dags/example_python_operator.py
[2024-04-06T23:49:02.260+0000] {logging_mixin.py:188} INFO - [2024-04-06T23:49:02.260+0000] {example_python_operator.py:88} WARNING - The virtalenv_python example task requires virtualenv, please install it.
[2024-04-06T23:49:02.261+0000] {processor.py:840} INFO - DAG(s) 'example_python_operator' retrieved from /home/malangdataguy/miniconda3/envs/airflow_mdg/lib/python3.8/site-packages/airflow/example_dags/example_python_operator.py
[2024-04-06T23:49:02.286+0000] {logging_mixin.py:188} INFO - [2024-04-06T23:49:02.285+0000] {dag.py:3047} INFO - Sync 1 DAGs
[2024-04-06T23:49:02.301+0000] {logging_mixin.py:188} INFO - [2024-04-06T23:49:02.300+0000] {dag.py:3834} INFO - Setting next_dagrun for example_python_operator to None, run_after=None
[2024-04-06T23:49:02.330+0000] {processor.py:183} INFO - Processing /home/malangdataguy/miniconda3/envs/airflow_mdg/lib/python3.8/site-packages/airflow/example_dags/example_python_operator.py took 0.088 seconds
[2024-04-06T23:49:51.887+0000] {processor.py:161} INFO - Started process (PID=69909) to work on /home/malangdataguy/miniconda3/envs/airflow_mdg/lib/python3.8/site-packages/airflow/example_dags/example_python_operator.py
[2024-04-06T23:49:51.890+0000] {processor.py:830} INFO - Processing file /home/malangdataguy/miniconda3/envs/airflow_mdg/lib/python3.8/site-packages/airflow/example_dags/example_python_operator.py for tasks to queue
[2024-04-06T23:49:51.891+0000] {logging_mixin.py:188} INFO - [2024-04-06T23:49:51.891+0000] {dagbag.py:540} INFO - Filling up the DagBag from /home/malangdataguy/miniconda3/envs/airflow_mdg/lib/python3.8/site-packages/airflow/example_dags/example_python_operator.py
[2024-04-06T23:49:51.902+0000] {logging_mixin.py:188} INFO - [2024-04-06T23:49:51.902+0000] {example_python_operator.py:88} WARNING - The virtalenv_python example task requires virtualenv, please install it.
[2024-04-06T23:49:51.903+0000] {processor.py:840} INFO - DAG(s) 'example_python_operator' retrieved from /home/malangdataguy/miniconda3/envs/airflow_mdg/lib/python3.8/site-packages/airflow/example_dags/example_python_operator.py
[2024-04-06T23:49:51.927+0000] {logging_mixin.py:188} INFO - [2024-04-06T23:49:51.926+0000] {dag.py:3047} INFO - Sync 1 DAGs
[2024-04-06T23:49:51.942+0000] {logging_mixin.py:188} INFO - [2024-04-06T23:49:51.942+0000] {dag.py:3834} INFO - Setting next_dagrun for example_python_operator to None, run_after=None
[2024-04-06T23:49:51.973+0000] {processor.py:183} INFO - Processing /home/malangdataguy/miniconda3/envs/airflow_mdg/lib/python3.8/site-packages/airflow/example_dags/example_python_operator.py took 0.091 seconds
[2024-04-06T23:50:49.920+0000] {processor.py:161} INFO - Started process (PID=69966) to work on /home/malangdataguy/miniconda3/envs/airflow_mdg/lib/python3.8/site-packages/airflow/example_dags/example_python_operator.py
[2024-04-06T23:50:49.923+0000] {processor.py:830} INFO - Processing file /home/malangdataguy/miniconda3/envs/airflow_mdg/lib/python3.8/site-packages/airflow/example_dags/example_python_operator.py for tasks to queue
[2024-04-06T23:50:49.925+0000] {logging_mixin.py:188} INFO - [2024-04-06T23:50:49.924+0000] {dagbag.py:540} INFO - Filling up the DagBag from /home/malangdataguy/miniconda3/envs/airflow_mdg/lib/python3.8/site-packages/airflow/example_dags/example_python_operator.py
[2024-04-06T23:50:49.938+0000] {logging_mixin.py:188} INFO - [2024-04-06T23:50:49.937+0000] {example_python_operator.py:88} WARNING - The virtalenv_python example task requires virtualenv, please install it.
[2024-04-06T23:50:49.938+0000] {processor.py:840} INFO - DAG(s) 'example_python_operator' retrieved from /home/malangdataguy/miniconda3/envs/airflow_mdg/lib/python3.8/site-packages/airflow/example_dags/example_python_operator.py
[2024-04-06T23:50:49.966+0000] {logging_mixin.py:188} INFO - [2024-04-06T23:50:49.966+0000] {dag.py:3047} INFO - Sync 1 DAGs
[2024-04-06T23:50:49.983+0000] {logging_mixin.py:188} INFO - [2024-04-06T23:50:49.983+0000] {dag.py:3834} INFO - Setting next_dagrun for example_python_operator to None, run_after=None
[2024-04-06T23:50:50.021+0000] {processor.py:183} INFO - Processing /home/malangdataguy/miniconda3/envs/airflow_mdg/lib/python3.8/site-packages/airflow/example_dags/example_python_operator.py took 0.106 seconds
[2024-04-06T23:51:54.998+0000] {processor.py:161} INFO - Started process (PID=70034) to work on /home/malangdataguy/miniconda3/envs/airflow_mdg/lib/python3.8/site-packages/airflow/example_dags/example_python_operator.py
[2024-04-06T23:51:55.000+0000] {processor.py:830} INFO - Processing file /home/malangdataguy/miniconda3/envs/airflow_mdg/lib/python3.8/site-packages/airflow/example_dags/example_python_operator.py for tasks to queue
[2024-04-06T23:51:55.002+0000] {logging_mixin.py:188} INFO - [2024-04-06T23:51:55.001+0000] {dagbag.py:540} INFO - Filling up the DagBag from /home/malangdataguy/miniconda3/envs/airflow_mdg/lib/python3.8/site-packages/airflow/example_dags/example_python_operator.py
[2024-04-06T23:51:55.012+0000] {logging_mixin.py:188} INFO - [2024-04-06T23:51:55.011+0000] {example_python_operator.py:88} WARNING - The virtalenv_python example task requires virtualenv, please install it.
[2024-04-06T23:51:55.012+0000] {processor.py:840} INFO - DAG(s) 'example_python_operator' retrieved from /home/malangdataguy/miniconda3/envs/airflow_mdg/lib/python3.8/site-packages/airflow/example_dags/example_python_operator.py
[2024-04-06T23:51:55.037+0000] {logging_mixin.py:188} INFO - [2024-04-06T23:51:55.037+0000] {dag.py:3047} INFO - Sync 1 DAGs
[2024-04-06T23:51:55.052+0000] {logging_mixin.py:188} INFO - [2024-04-06T23:51:55.052+0000] {dag.py:3834} INFO - Setting next_dagrun for example_python_operator to None, run_after=None
[2024-04-06T23:51:55.087+0000] {processor.py:183} INFO - Processing /home/malangdataguy/miniconda3/envs/airflow_mdg/lib/python3.8/site-packages/airflow/example_dags/example_python_operator.py took 0.095 seconds
[2024-04-06T23:53:00.734+0000] {processor.py:161} INFO - Started process (PID=70099) to work on /home/malangdataguy/miniconda3/envs/airflow_mdg/lib/python3.8/site-packages/airflow/example_dags/example_python_operator.py
[2024-04-06T23:53:00.737+0000] {processor.py:830} INFO - Processing file /home/malangdataguy/miniconda3/envs/airflow_mdg/lib/python3.8/site-packages/airflow/example_dags/example_python_operator.py for tasks to queue
[2024-04-06T23:53:00.739+0000] {logging_mixin.py:188} INFO - [2024-04-06T23:53:00.738+0000] {dagbag.py:540} INFO - Filling up the DagBag from /home/malangdataguy/miniconda3/envs/airflow_mdg/lib/python3.8/site-packages/airflow/example_dags/example_python_operator.py
[2024-04-06T23:53:00.751+0000] {logging_mixin.py:188} INFO - [2024-04-06T23:53:00.751+0000] {example_python_operator.py:88} WARNING - The virtalenv_python example task requires virtualenv, please install it.
[2024-04-06T23:53:00.752+0000] {processor.py:840} INFO - DAG(s) 'example_python_operator' retrieved from /home/malangdataguy/miniconda3/envs/airflow_mdg/lib/python3.8/site-packages/airflow/example_dags/example_python_operator.py
[2024-04-06T23:53:00.782+0000] {logging_mixin.py:188} INFO - [2024-04-06T23:53:00.782+0000] {dag.py:3047} INFO - Sync 1 DAGs
[2024-04-06T23:53:00.800+0000] {logging_mixin.py:188} INFO - [2024-04-06T23:53:00.799+0000] {dag.py:3834} INFO - Setting next_dagrun for example_python_operator to None, run_after=None
[2024-04-06T23:53:00.834+0000] {processor.py:183} INFO - Processing /home/malangdataguy/miniconda3/envs/airflow_mdg/lib/python3.8/site-packages/airflow/example_dags/example_python_operator.py took 0.106 seconds
[2024-04-06T23:54:08.614+0000] {processor.py:161} INFO - Started process (PID=70203) to work on /home/malangdataguy/miniconda3/envs/airflow_mdg/lib/python3.8/site-packages/airflow/example_dags/example_python_operator.py
[2024-04-06T23:54:08.616+0000] {processor.py:830} INFO - Processing file /home/malangdataguy/miniconda3/envs/airflow_mdg/lib/python3.8/site-packages/airflow/example_dags/example_python_operator.py for tasks to queue
[2024-04-06T23:54:08.617+0000] {logging_mixin.py:188} INFO - [2024-04-06T23:54:08.617+0000] {dagbag.py:540} INFO - Filling up the DagBag from /home/malangdataguy/miniconda3/envs/airflow_mdg/lib/python3.8/site-packages/airflow/example_dags/example_python_operator.py
[2024-04-06T23:54:08.627+0000] {logging_mixin.py:188} INFO - [2024-04-06T23:54:08.627+0000] {example_python_operator.py:88} WARNING - The virtalenv_python example task requires virtualenv, please install it.
[2024-04-06T23:54:08.628+0000] {processor.py:840} INFO - DAG(s) 'example_python_operator' retrieved from /home/malangdataguy/miniconda3/envs/airflow_mdg/lib/python3.8/site-packages/airflow/example_dags/example_python_operator.py
[2024-04-06T23:54:08.651+0000] {logging_mixin.py:188} INFO - [2024-04-06T23:54:08.651+0000] {dag.py:3047} INFO - Sync 1 DAGs
[2024-04-06T23:54:08.666+0000] {logging_mixin.py:188} INFO - [2024-04-06T23:54:08.666+0000] {dag.py:3834} INFO - Setting next_dagrun for example_python_operator to None, run_after=None
[2024-04-06T23:54:08.696+0000] {processor.py:183} INFO - Processing /home/malangdataguy/miniconda3/envs/airflow_mdg/lib/python3.8/site-packages/airflow/example_dags/example_python_operator.py took 0.087 seconds
[2024-04-06T23:55:10.358+0000] {processor.py:161} INFO - Started process (PID=70267) to work on /home/malangdataguy/miniconda3/envs/airflow_mdg/lib/python3.8/site-packages/airflow/example_dags/example_python_operator.py
[2024-04-06T23:55:10.361+0000] {processor.py:830} INFO - Processing file /home/malangdataguy/miniconda3/envs/airflow_mdg/lib/python3.8/site-packages/airflow/example_dags/example_python_operator.py for tasks to queue
[2024-04-06T23:55:10.363+0000] {logging_mixin.py:188} INFO - [2024-04-06T23:55:10.362+0000] {dagbag.py:540} INFO - Filling up the DagBag from /home/malangdataguy/miniconda3/envs/airflow_mdg/lib/python3.8/site-packages/airflow/example_dags/example_python_operator.py
[2024-04-06T23:55:10.373+0000] {logging_mixin.py:188} INFO - [2024-04-06T23:55:10.373+0000] {example_python_operator.py:88} WARNING - The virtalenv_python example task requires virtualenv, please install it.
[2024-04-06T23:55:10.374+0000] {processor.py:840} INFO - DAG(s) 'example_python_operator' retrieved from /home/malangdataguy/miniconda3/envs/airflow_mdg/lib/python3.8/site-packages/airflow/example_dags/example_python_operator.py
[2024-04-06T23:55:10.400+0000] {logging_mixin.py:188} INFO - [2024-04-06T23:55:10.399+0000] {dag.py:3047} INFO - Sync 1 DAGs
[2024-04-06T23:55:10.416+0000] {logging_mixin.py:188} INFO - [2024-04-06T23:55:10.415+0000] {dag.py:3834} INFO - Setting next_dagrun for example_python_operator to None, run_after=None
[2024-04-06T23:55:10.446+0000] {processor.py:183} INFO - Processing /home/malangdataguy/miniconda3/envs/airflow_mdg/lib/python3.8/site-packages/airflow/example_dags/example_python_operator.py took 0.093 seconds
