[2024-04-06T23:09:31.139+0000] {processor.py:161} INFO - Started process (PID=68382) to work on /home/malangdataguy/miniconda3/envs/airflow_mdg/lib/python3.8/site-packages/airflow/example_dags/example_datasets.py
[2024-04-06T23:09:31.140+0000] {processor.py:830} INFO - Processing file /home/malangdataguy/miniconda3/envs/airflow_mdg/lib/python3.8/site-packages/airflow/example_dags/example_datasets.py for tasks to queue
[2024-04-06T23:09:31.141+0000] {logging_mixin.py:188} INFO - [2024-04-06T23:09:31.141+0000] {dagbag.py:540} INFO - Filling up the DagBag from /home/malangdataguy/miniconda3/envs/airflow_mdg/lib/python3.8/site-packages/airflow/example_dags/example_datasets.py
[2024-04-06T23:09:31.155+0000] {processor.py:840} INFO - DAG(s) 'dataset_produces_2', 'dataset_consumes_1_never_scheduled', 'dataset_consumes_1', 'dataset_produces_1', 'dataset_consumes_unknown_never_scheduled', 'dataset_consumes_1_and_2' retrieved from /home/malangdataguy/miniconda3/envs/airflow_mdg/lib/python3.8/site-packages/airflow/example_dags/example_datasets.py
[2024-04-06T23:09:31.315+0000] {logging_mixin.py:188} INFO - [2024-04-06T23:09:31.315+0000] {dag.py:3047} INFO - Sync 6 DAGs
[2024-04-06T23:09:31.339+0000] {logging_mixin.py:188} INFO - [2024-04-06T23:09:31.338+0000] {dag.py:3834} INFO - Setting next_dagrun for dataset_consumes_1 to None, run_after=None
[2024-04-06T23:09:31.342+0000] {logging_mixin.py:188} INFO - [2024-04-06T23:09:31.342+0000] {dag.py:3834} INFO - Setting next_dagrun for dataset_consumes_1_and_2 to None, run_after=None
[2024-04-06T23:09:31.344+0000] {logging_mixin.py:188} INFO - [2024-04-06T23:09:31.343+0000] {dag.py:3834} INFO - Setting next_dagrun for dataset_consumes_1_never_scheduled to None, run_after=None
[2024-04-06T23:09:31.345+0000] {logging_mixin.py:188} INFO - [2024-04-06T23:09:31.344+0000] {dag.py:3834} INFO - Setting next_dagrun for dataset_consumes_unknown_never_scheduled to None, run_after=None
[2024-04-06T23:09:31.348+0000] {logging_mixin.py:188} INFO - [2024-04-06T23:09:31.347+0000] {dag.py:3834} INFO - Setting next_dagrun for dataset_produces_1 to 2024-04-05 00:00:00+00:00, run_after=2024-04-06 00:00:00+00:00
[2024-04-06T23:09:31.349+0000] {logging_mixin.py:188} INFO - [2024-04-06T23:09:31.349+0000] {dag.py:3834} INFO - Setting next_dagrun for dataset_produces_2 to None, run_after=None
[2024-04-06T23:09:31.387+0000] {processor.py:183} INFO - Processing /home/malangdataguy/miniconda3/envs/airflow_mdg/lib/python3.8/site-packages/airflow/example_dags/example_datasets.py took 0.252 seconds
[2024-04-06T23:10:24.482+0000] {processor.py:161} INFO - Started process (PID=68432) to work on /home/malangdataguy/miniconda3/envs/airflow_mdg/lib/python3.8/site-packages/airflow/example_dags/example_datasets.py
[2024-04-06T23:10:24.485+0000] {processor.py:830} INFO - Processing file /home/malangdataguy/miniconda3/envs/airflow_mdg/lib/python3.8/site-packages/airflow/example_dags/example_datasets.py for tasks to queue
[2024-04-06T23:10:24.487+0000] {logging_mixin.py:188} INFO - [2024-04-06T23:10:24.486+0000] {dagbag.py:540} INFO - Filling up the DagBag from /home/malangdataguy/miniconda3/envs/airflow_mdg/lib/python3.8/site-packages/airflow/example_dags/example_datasets.py
[2024-04-06T23:10:24.505+0000] {processor.py:840} INFO - DAG(s) 'dataset_produces_1', 'dataset_consumes_1', 'dataset_produces_2', 'dataset_consumes_unknown_never_scheduled', 'dataset_consumes_1_never_scheduled', 'dataset_consumes_1_and_2' retrieved from /home/malangdataguy/miniconda3/envs/airflow_mdg/lib/python3.8/site-packages/airflow/example_dags/example_datasets.py
[2024-04-06T23:10:24.550+0000] {logging_mixin.py:188} INFO - [2024-04-06T23:10:24.550+0000] {dag.py:3047} INFO - Sync 6 DAGs
[2024-04-06T23:10:24.580+0000] {logging_mixin.py:188} INFO - [2024-04-06T23:10:24.580+0000] {dag.py:3834} INFO - Setting next_dagrun for dataset_consumes_1 to None, run_after=None
[2024-04-06T23:10:24.585+0000] {logging_mixin.py:188} INFO - [2024-04-06T23:10:24.585+0000] {dag.py:3834} INFO - Setting next_dagrun for dataset_consumes_1_and_2 to None, run_after=None
[2024-04-06T23:10:24.587+0000] {logging_mixin.py:188} INFO - [2024-04-06T23:10:24.587+0000] {dag.py:3834} INFO - Setting next_dagrun for dataset_consumes_1_never_scheduled to None, run_after=None
[2024-04-06T23:10:24.588+0000] {logging_mixin.py:188} INFO - [2024-04-06T23:10:24.588+0000] {dag.py:3834} INFO - Setting next_dagrun for dataset_consumes_unknown_never_scheduled to None, run_after=None
[2024-04-06T23:10:24.591+0000] {logging_mixin.py:188} INFO - [2024-04-06T23:10:24.591+0000] {dag.py:3834} INFO - Setting next_dagrun for dataset_produces_1 to 2024-04-05 00:00:00+00:00, run_after=2024-04-06 00:00:00+00:00
[2024-04-06T23:10:24.593+0000] {logging_mixin.py:188} INFO - [2024-04-06T23:10:24.592+0000] {dag.py:3834} INFO - Setting next_dagrun for dataset_produces_2 to None, run_after=None
[2024-04-06T23:10:24.643+0000] {processor.py:183} INFO - Processing /home/malangdataguy/miniconda3/envs/airflow_mdg/lib/python3.8/site-packages/airflow/example_dags/example_datasets.py took 0.167 seconds
[2024-04-06T23:11:13.751+0000] {processor.py:161} INFO - Started process (PID=68492) to work on /home/malangdataguy/miniconda3/envs/airflow_mdg/lib/python3.8/site-packages/airflow/example_dags/example_datasets.py
[2024-04-06T23:11:13.754+0000] {processor.py:830} INFO - Processing file /home/malangdataguy/miniconda3/envs/airflow_mdg/lib/python3.8/site-packages/airflow/example_dags/example_datasets.py for tasks to queue
[2024-04-06T23:11:13.755+0000] {logging_mixin.py:188} INFO - [2024-04-06T23:11:13.754+0000] {dagbag.py:540} INFO - Filling up the DagBag from /home/malangdataguy/miniconda3/envs/airflow_mdg/lib/python3.8/site-packages/airflow/example_dags/example_datasets.py
[2024-04-06T23:11:13.768+0000] {processor.py:840} INFO - DAG(s) 'dataset_consumes_1_and_2', 'dataset_produces_2', 'dataset_produces_1', 'dataset_consumes_1', 'dataset_consumes_1_never_scheduled', 'dataset_consumes_unknown_never_scheduled' retrieved from /home/malangdataguy/miniconda3/envs/airflow_mdg/lib/python3.8/site-packages/airflow/example_dags/example_datasets.py
[2024-04-06T23:11:13.805+0000] {logging_mixin.py:188} INFO - [2024-04-06T23:11:13.804+0000] {dag.py:3047} INFO - Sync 6 DAGs
[2024-04-06T23:11:13.830+0000] {logging_mixin.py:188} INFO - [2024-04-06T23:11:13.829+0000] {dag.py:3834} INFO - Setting next_dagrun for dataset_consumes_1 to None, run_after=None
[2024-04-06T23:11:13.833+0000] {logging_mixin.py:188} INFO - [2024-04-06T23:11:13.833+0000] {dag.py:3834} INFO - Setting next_dagrun for dataset_consumes_1_and_2 to None, run_after=None
[2024-04-06T23:11:13.835+0000] {logging_mixin.py:188} INFO - [2024-04-06T23:11:13.835+0000] {dag.py:3834} INFO - Setting next_dagrun for dataset_consumes_1_never_scheduled to None, run_after=None
[2024-04-06T23:11:13.836+0000] {logging_mixin.py:188} INFO - [2024-04-06T23:11:13.836+0000] {dag.py:3834} INFO - Setting next_dagrun for dataset_consumes_unknown_never_scheduled to None, run_after=None
[2024-04-06T23:11:13.839+0000] {logging_mixin.py:188} INFO - [2024-04-06T23:11:13.839+0000] {dag.py:3834} INFO - Setting next_dagrun for dataset_produces_1 to 2024-04-05 00:00:00+00:00, run_after=2024-04-06 00:00:00+00:00
[2024-04-06T23:11:13.840+0000] {logging_mixin.py:188} INFO - [2024-04-06T23:11:13.840+0000] {dag.py:3834} INFO - Setting next_dagrun for dataset_produces_2 to None, run_after=None
[2024-04-06T23:11:13.880+0000] {processor.py:183} INFO - Processing /home/malangdataguy/miniconda3/envs/airflow_mdg/lib/python3.8/site-packages/airflow/example_dags/example_datasets.py took 0.134 seconds
[2024-04-06T23:12:16.440+0000] {processor.py:161} INFO - Started process (PID=68554) to work on /home/malangdataguy/miniconda3/envs/airflow_mdg/lib/python3.8/site-packages/airflow/example_dags/example_datasets.py
[2024-04-06T23:12:16.443+0000] {processor.py:830} INFO - Processing file /home/malangdataguy/miniconda3/envs/airflow_mdg/lib/python3.8/site-packages/airflow/example_dags/example_datasets.py for tasks to queue
[2024-04-06T23:12:16.444+0000] {logging_mixin.py:188} INFO - [2024-04-06T23:12:16.444+0000] {dagbag.py:540} INFO - Filling up the DagBag from /home/malangdataguy/miniconda3/envs/airflow_mdg/lib/python3.8/site-packages/airflow/example_dags/example_datasets.py
[2024-04-06T23:12:16.459+0000] {processor.py:840} INFO - DAG(s) 'dataset_produces_1', 'dataset_consumes_unknown_never_scheduled', 'dataset_consumes_1_and_2', 'dataset_produces_2', 'dataset_consumes_1_never_scheduled', 'dataset_consumes_1' retrieved from /home/malangdataguy/miniconda3/envs/airflow_mdg/lib/python3.8/site-packages/airflow/example_dags/example_datasets.py
[2024-04-06T23:12:16.497+0000] {logging_mixin.py:188} INFO - [2024-04-06T23:12:16.496+0000] {dag.py:3047} INFO - Sync 6 DAGs
[2024-04-06T23:12:16.522+0000] {logging_mixin.py:188} INFO - [2024-04-06T23:12:16.522+0000] {dag.py:3834} INFO - Setting next_dagrun for dataset_consumes_1 to None, run_after=None
[2024-04-06T23:12:16.526+0000] {logging_mixin.py:188} INFO - [2024-04-06T23:12:16.526+0000] {dag.py:3834} INFO - Setting next_dagrun for dataset_consumes_1_and_2 to None, run_after=None
[2024-04-06T23:12:16.527+0000] {logging_mixin.py:188} INFO - [2024-04-06T23:12:16.527+0000] {dag.py:3834} INFO - Setting next_dagrun for dataset_consumes_1_never_scheduled to None, run_after=None
[2024-04-06T23:12:16.528+0000] {logging_mixin.py:188} INFO - [2024-04-06T23:12:16.528+0000] {dag.py:3834} INFO - Setting next_dagrun for dataset_consumes_unknown_never_scheduled to None, run_after=None
[2024-04-06T23:12:16.531+0000] {logging_mixin.py:188} INFO - [2024-04-06T23:12:16.531+0000] {dag.py:3834} INFO - Setting next_dagrun for dataset_produces_1 to 2024-04-05 00:00:00+00:00, run_after=2024-04-06 00:00:00+00:00
[2024-04-06T23:12:16.532+0000] {logging_mixin.py:188} INFO - [2024-04-06T23:12:16.532+0000] {dag.py:3834} INFO - Setting next_dagrun for dataset_produces_2 to None, run_after=None
[2024-04-06T23:12:16.569+0000] {processor.py:183} INFO - Processing /home/malangdataguy/miniconda3/envs/airflow_mdg/lib/python3.8/site-packages/airflow/example_dags/example_datasets.py took 0.133 seconds
[2024-04-06T23:13:00.022+0000] {processor.py:161} INFO - Started process (PID=68599) to work on /home/malangdataguy/miniconda3/envs/airflow_mdg/lib/python3.8/site-packages/airflow/example_dags/example_datasets.py
[2024-04-06T23:13:00.024+0000] {processor.py:830} INFO - Processing file /home/malangdataguy/miniconda3/envs/airflow_mdg/lib/python3.8/site-packages/airflow/example_dags/example_datasets.py for tasks to queue
[2024-04-06T23:13:00.026+0000] {logging_mixin.py:188} INFO - [2024-04-06T23:13:00.025+0000] {dagbag.py:540} INFO - Filling up the DagBag from /home/malangdataguy/miniconda3/envs/airflow_mdg/lib/python3.8/site-packages/airflow/example_dags/example_datasets.py
[2024-04-06T23:13:00.041+0000] {processor.py:840} INFO - DAG(s) 'dataset_consumes_unknown_never_scheduled', 'dataset_consumes_1_never_scheduled', 'dataset_produces_1', 'dataset_consumes_1', 'dataset_consumes_1_and_2', 'dataset_produces_2' retrieved from /home/malangdataguy/miniconda3/envs/airflow_mdg/lib/python3.8/site-packages/airflow/example_dags/example_datasets.py
[2024-04-06T23:13:00.090+0000] {logging_mixin.py:188} INFO - [2024-04-06T23:13:00.089+0000] {dag.py:3047} INFO - Sync 6 DAGs
[2024-04-06T23:13:00.121+0000] {logging_mixin.py:188} INFO - [2024-04-06T23:13:00.121+0000] {dag.py:3834} INFO - Setting next_dagrun for dataset_consumes_1 to None, run_after=None
[2024-04-06T23:13:00.125+0000] {logging_mixin.py:188} INFO - [2024-04-06T23:13:00.125+0000] {dag.py:3834} INFO - Setting next_dagrun for dataset_consumes_1_and_2 to None, run_after=None
[2024-04-06T23:13:00.127+0000] {logging_mixin.py:188} INFO - [2024-04-06T23:13:00.126+0000] {dag.py:3834} INFO - Setting next_dagrun for dataset_consumes_1_never_scheduled to None, run_after=None
[2024-04-06T23:13:00.128+0000] {logging_mixin.py:188} INFO - [2024-04-06T23:13:00.128+0000] {dag.py:3834} INFO - Setting next_dagrun for dataset_consumes_unknown_never_scheduled to None, run_after=None
[2024-04-06T23:13:00.130+0000] {logging_mixin.py:188} INFO - [2024-04-06T23:13:00.130+0000] {dag.py:3834} INFO - Setting next_dagrun for dataset_produces_1 to 2024-04-05 00:00:00+00:00, run_after=2024-04-06 00:00:00+00:00
[2024-04-06T23:13:00.131+0000] {logging_mixin.py:188} INFO - [2024-04-06T23:13:00.131+0000] {dag.py:3834} INFO - Setting next_dagrun for dataset_produces_2 to None, run_after=None
[2024-04-06T23:13:00.173+0000] {processor.py:183} INFO - Processing /home/malangdataguy/miniconda3/envs/airflow_mdg/lib/python3.8/site-packages/airflow/example_dags/example_datasets.py took 0.156 seconds
[2024-04-06T23:14:00.922+0000] {processor.py:161} INFO - Started process (PID=68662) to work on /home/malangdataguy/miniconda3/envs/airflow_mdg/lib/python3.8/site-packages/airflow/example_dags/example_datasets.py
[2024-04-06T23:14:00.924+0000] {processor.py:830} INFO - Processing file /home/malangdataguy/miniconda3/envs/airflow_mdg/lib/python3.8/site-packages/airflow/example_dags/example_datasets.py for tasks to queue
[2024-04-06T23:14:00.926+0000] {logging_mixin.py:188} INFO - [2024-04-06T23:14:00.925+0000] {dagbag.py:540} INFO - Filling up the DagBag from /home/malangdataguy/miniconda3/envs/airflow_mdg/lib/python3.8/site-packages/airflow/example_dags/example_datasets.py
[2024-04-06T23:14:00.939+0000] {processor.py:840} INFO - DAG(s) 'dataset_produces_2', 'dataset_consumes_1_and_2', 'dataset_consumes_1_never_scheduled', 'dataset_consumes_1', 'dataset_produces_1', 'dataset_consumes_unknown_never_scheduled' retrieved from /home/malangdataguy/miniconda3/envs/airflow_mdg/lib/python3.8/site-packages/airflow/example_dags/example_datasets.py
[2024-04-06T23:14:00.974+0000] {logging_mixin.py:188} INFO - [2024-04-06T23:14:00.974+0000] {dag.py:3047} INFO - Sync 6 DAGs
[2024-04-06T23:14:00.998+0000] {logging_mixin.py:188} INFO - [2024-04-06T23:14:00.998+0000] {dag.py:3834} INFO - Setting next_dagrun for dataset_consumes_1 to None, run_after=None
[2024-04-06T23:14:01.002+0000] {logging_mixin.py:188} INFO - [2024-04-06T23:14:01.002+0000] {dag.py:3834} INFO - Setting next_dagrun for dataset_consumes_1_and_2 to None, run_after=None
[2024-04-06T23:14:01.003+0000] {logging_mixin.py:188} INFO - [2024-04-06T23:14:01.003+0000] {dag.py:3834} INFO - Setting next_dagrun for dataset_consumes_1_never_scheduled to None, run_after=None
[2024-04-06T23:14:01.004+0000] {logging_mixin.py:188} INFO - [2024-04-06T23:14:01.004+0000] {dag.py:3834} INFO - Setting next_dagrun for dataset_consumes_unknown_never_scheduled to None, run_after=None
[2024-04-06T23:14:01.007+0000] {logging_mixin.py:188} INFO - [2024-04-06T23:14:01.007+0000] {dag.py:3834} INFO - Setting next_dagrun for dataset_produces_1 to 2024-04-05 00:00:00+00:00, run_after=2024-04-06 00:00:00+00:00
[2024-04-06T23:14:01.008+0000] {logging_mixin.py:188} INFO - [2024-04-06T23:14:01.008+0000] {dag.py:3834} INFO - Setting next_dagrun for dataset_produces_2 to None, run_after=None
[2024-04-06T23:14:01.044+0000] {processor.py:183} INFO - Processing /home/malangdataguy/miniconda3/envs/airflow_mdg/lib/python3.8/site-packages/airflow/example_dags/example_datasets.py took 0.127 seconds
[2024-04-06T23:14:46.564+0000] {processor.py:161} INFO - Started process (PID=68706) to work on /home/malangdataguy/miniconda3/envs/airflow_mdg/lib/python3.8/site-packages/airflow/example_dags/example_datasets.py
[2024-04-06T23:14:46.566+0000] {processor.py:830} INFO - Processing file /home/malangdataguy/miniconda3/envs/airflow_mdg/lib/python3.8/site-packages/airflow/example_dags/example_datasets.py for tasks to queue
[2024-04-06T23:14:46.568+0000] {logging_mixin.py:188} INFO - [2024-04-06T23:14:46.567+0000] {dagbag.py:540} INFO - Filling up the DagBag from /home/malangdataguy/miniconda3/envs/airflow_mdg/lib/python3.8/site-packages/airflow/example_dags/example_datasets.py
[2024-04-06T23:14:46.581+0000] {processor.py:840} INFO - DAG(s) 'dataset_consumes_1_and_2', 'dataset_produces_2', 'dataset_consumes_1', 'dataset_consumes_unknown_never_scheduled', 'dataset_consumes_1_never_scheduled', 'dataset_produces_1' retrieved from /home/malangdataguy/miniconda3/envs/airflow_mdg/lib/python3.8/site-packages/airflow/example_dags/example_datasets.py
[2024-04-06T23:14:46.618+0000] {logging_mixin.py:188} INFO - [2024-04-06T23:14:46.618+0000] {dag.py:3047} INFO - Sync 6 DAGs
[2024-04-06T23:14:46.642+0000] {logging_mixin.py:188} INFO - [2024-04-06T23:14:46.641+0000] {dag.py:3834} INFO - Setting next_dagrun for dataset_consumes_1 to None, run_after=None
[2024-04-06T23:14:46.645+0000] {logging_mixin.py:188} INFO - [2024-04-06T23:14:46.645+0000] {dag.py:3834} INFO - Setting next_dagrun for dataset_consumes_1_and_2 to None, run_after=None
[2024-04-06T23:14:46.647+0000] {logging_mixin.py:188} INFO - [2024-04-06T23:14:46.646+0000] {dag.py:3834} INFO - Setting next_dagrun for dataset_consumes_1_never_scheduled to None, run_after=None
[2024-04-06T23:14:46.648+0000] {logging_mixin.py:188} INFO - [2024-04-06T23:14:46.647+0000] {dag.py:3834} INFO - Setting next_dagrun for dataset_consumes_unknown_never_scheduled to None, run_after=None
[2024-04-06T23:14:46.650+0000] {logging_mixin.py:188} INFO - [2024-04-06T23:14:46.650+0000] {dag.py:3834} INFO - Setting next_dagrun for dataset_produces_1 to 2024-04-05 00:00:00+00:00, run_after=2024-04-06 00:00:00+00:00
[2024-04-06T23:14:46.651+0000] {logging_mixin.py:188} INFO - [2024-04-06T23:14:46.651+0000] {dag.py:3834} INFO - Setting next_dagrun for dataset_produces_2 to None, run_after=None
[2024-04-06T23:14:46.687+0000] {processor.py:183} INFO - Processing /home/malangdataguy/miniconda3/envs/airflow_mdg/lib/python3.8/site-packages/airflow/example_dags/example_datasets.py took 0.129 seconds
[2024-04-06T23:15:42.924+0000] {processor.py:161} INFO - Started process (PID=68765) to work on /home/malangdataguy/miniconda3/envs/airflow_mdg/lib/python3.8/site-packages/airflow/example_dags/example_datasets.py
[2024-04-06T23:15:42.927+0000] {processor.py:830} INFO - Processing file /home/malangdataguy/miniconda3/envs/airflow_mdg/lib/python3.8/site-packages/airflow/example_dags/example_datasets.py for tasks to queue
[2024-04-06T23:15:42.929+0000] {logging_mixin.py:188} INFO - [2024-04-06T23:15:42.928+0000] {dagbag.py:540} INFO - Filling up the DagBag from /home/malangdataguy/miniconda3/envs/airflow_mdg/lib/python3.8/site-packages/airflow/example_dags/example_datasets.py
[2024-04-06T23:15:42.943+0000] {processor.py:840} INFO - DAG(s) 'dataset_consumes_1_and_2', 'dataset_produces_1', 'dataset_produces_2', 'dataset_consumes_1_never_scheduled', 'dataset_consumes_1', 'dataset_consumes_unknown_never_scheduled' retrieved from /home/malangdataguy/miniconda3/envs/airflow_mdg/lib/python3.8/site-packages/airflow/example_dags/example_datasets.py
[2024-04-06T23:15:42.984+0000] {logging_mixin.py:188} INFO - [2024-04-06T23:15:42.983+0000] {dag.py:3047} INFO - Sync 6 DAGs
[2024-04-06T23:15:43.012+0000] {logging_mixin.py:188} INFO - [2024-04-06T23:15:43.011+0000] {dag.py:3834} INFO - Setting next_dagrun for dataset_consumes_1 to None, run_after=None
[2024-04-06T23:15:43.016+0000] {logging_mixin.py:188} INFO - [2024-04-06T23:15:43.016+0000] {dag.py:3834} INFO - Setting next_dagrun for dataset_consumes_1_and_2 to None, run_after=None
[2024-04-06T23:15:43.018+0000] {logging_mixin.py:188} INFO - [2024-04-06T23:15:43.018+0000] {dag.py:3834} INFO - Setting next_dagrun for dataset_consumes_1_never_scheduled to None, run_after=None
[2024-04-06T23:15:43.019+0000] {logging_mixin.py:188} INFO - [2024-04-06T23:15:43.019+0000] {dag.py:3834} INFO - Setting next_dagrun for dataset_consumes_unknown_never_scheduled to None, run_after=None
[2024-04-06T23:15:43.022+0000] {logging_mixin.py:188} INFO - [2024-04-06T23:15:43.022+0000] {dag.py:3834} INFO - Setting next_dagrun for dataset_produces_1 to 2024-04-05 00:00:00+00:00, run_after=2024-04-06 00:00:00+00:00
[2024-04-06T23:15:43.023+0000] {logging_mixin.py:188} INFO - [2024-04-06T23:15:43.023+0000] {dag.py:3834} INFO - Setting next_dagrun for dataset_produces_2 to None, run_after=None
[2024-04-06T23:15:43.064+0000] {processor.py:183} INFO - Processing /home/malangdataguy/miniconda3/envs/airflow_mdg/lib/python3.8/site-packages/airflow/example_dags/example_datasets.py took 0.145 seconds
[2024-04-06T23:16:39.460+0000] {processor.py:161} INFO - Started process (PID=68825) to work on /home/malangdataguy/miniconda3/envs/airflow_mdg/lib/python3.8/site-packages/airflow/example_dags/example_datasets.py
[2024-04-06T23:16:39.463+0000] {processor.py:830} INFO - Processing file /home/malangdataguy/miniconda3/envs/airflow_mdg/lib/python3.8/site-packages/airflow/example_dags/example_datasets.py for tasks to queue
[2024-04-06T23:16:39.464+0000] {logging_mixin.py:188} INFO - [2024-04-06T23:16:39.464+0000] {dagbag.py:540} INFO - Filling up the DagBag from /home/malangdataguy/miniconda3/envs/airflow_mdg/lib/python3.8/site-packages/airflow/example_dags/example_datasets.py
[2024-04-06T23:16:39.480+0000] {processor.py:840} INFO - DAG(s) 'dataset_consumes_1_never_scheduled', 'dataset_consumes_1_and_2', 'dataset_produces_1', 'dataset_consumes_1', 'dataset_consumes_unknown_never_scheduled', 'dataset_produces_2' retrieved from /home/malangdataguy/miniconda3/envs/airflow_mdg/lib/python3.8/site-packages/airflow/example_dags/example_datasets.py
[2024-04-06T23:16:39.524+0000] {logging_mixin.py:188} INFO - [2024-04-06T23:16:39.524+0000] {dag.py:3047} INFO - Sync 6 DAGs
[2024-04-06T23:16:39.555+0000] {logging_mixin.py:188} INFO - [2024-04-06T23:16:39.555+0000] {dag.py:3834} INFO - Setting next_dagrun for dataset_consumes_1 to None, run_after=None
[2024-04-06T23:16:39.560+0000] {logging_mixin.py:188} INFO - [2024-04-06T23:16:39.560+0000] {dag.py:3834} INFO - Setting next_dagrun for dataset_consumes_1_and_2 to None, run_after=None
[2024-04-06T23:16:39.562+0000] {logging_mixin.py:188} INFO - [2024-04-06T23:16:39.561+0000] {dag.py:3834} INFO - Setting next_dagrun for dataset_consumes_1_never_scheduled to None, run_after=None
[2024-04-06T23:16:39.563+0000] {logging_mixin.py:188} INFO - [2024-04-06T23:16:39.563+0000] {dag.py:3834} INFO - Setting next_dagrun for dataset_consumes_unknown_never_scheduled to None, run_after=None
[2024-04-06T23:16:39.566+0000] {logging_mixin.py:188} INFO - [2024-04-06T23:16:39.566+0000] {dag.py:3834} INFO - Setting next_dagrun for dataset_produces_1 to 2024-04-05 00:00:00+00:00, run_after=2024-04-06 00:00:00+00:00
[2024-04-06T23:16:39.567+0000] {logging_mixin.py:188} INFO - [2024-04-06T23:16:39.567+0000] {dag.py:3834} INFO - Setting next_dagrun for dataset_produces_2 to None, run_after=None
[2024-04-06T23:16:39.605+0000] {processor.py:183} INFO - Processing /home/malangdataguy/miniconda3/envs/airflow_mdg/lib/python3.8/site-packages/airflow/example_dags/example_datasets.py took 0.151 seconds
[2024-04-06T23:17:41.911+0000] {processor.py:161} INFO - Started process (PID=68897) to work on /home/malangdataguy/miniconda3/envs/airflow_mdg/lib/python3.8/site-packages/airflow/example_dags/example_datasets.py
[2024-04-06T23:17:41.914+0000] {processor.py:830} INFO - Processing file /home/malangdataguy/miniconda3/envs/airflow_mdg/lib/python3.8/site-packages/airflow/example_dags/example_datasets.py for tasks to queue
[2024-04-06T23:17:41.916+0000] {logging_mixin.py:188} INFO - [2024-04-06T23:17:41.915+0000] {dagbag.py:540} INFO - Filling up the DagBag from /home/malangdataguy/miniconda3/envs/airflow_mdg/lib/python3.8/site-packages/airflow/example_dags/example_datasets.py
[2024-04-06T23:17:41.931+0000] {processor.py:840} INFO - DAG(s) 'dataset_consumes_1', 'dataset_produces_1', 'dataset_produces_2', 'dataset_consumes_1_never_scheduled', 'dataset_consumes_1_and_2', 'dataset_consumes_unknown_never_scheduled' retrieved from /home/malangdataguy/miniconda3/envs/airflow_mdg/lib/python3.8/site-packages/airflow/example_dags/example_datasets.py
[2024-04-06T23:17:41.972+0000] {logging_mixin.py:188} INFO - [2024-04-06T23:17:41.971+0000] {dag.py:3047} INFO - Sync 6 DAGs
[2024-04-06T23:17:42.000+0000] {logging_mixin.py:188} INFO - [2024-04-06T23:17:41.999+0000] {dag.py:3834} INFO - Setting next_dagrun for dataset_consumes_1 to None, run_after=None
[2024-04-06T23:17:42.004+0000] {logging_mixin.py:188} INFO - [2024-04-06T23:17:42.003+0000] {dag.py:3834} INFO - Setting next_dagrun for dataset_consumes_1_and_2 to None, run_after=None
[2024-04-06T23:17:42.005+0000] {logging_mixin.py:188} INFO - [2024-04-06T23:17:42.005+0000] {dag.py:3834} INFO - Setting next_dagrun for dataset_consumes_1_never_scheduled to None, run_after=None
[2024-04-06T23:17:42.006+0000] {logging_mixin.py:188} INFO - [2024-04-06T23:17:42.006+0000] {dag.py:3834} INFO - Setting next_dagrun for dataset_consumes_unknown_never_scheduled to None, run_after=None
[2024-04-06T23:17:42.009+0000] {logging_mixin.py:188} INFO - [2024-04-06T23:17:42.009+0000] {dag.py:3834} INFO - Setting next_dagrun for dataset_produces_1 to 2024-04-05 00:00:00+00:00, run_after=2024-04-06 00:00:00+00:00
[2024-04-06T23:17:42.010+0000] {logging_mixin.py:188} INFO - [2024-04-06T23:17:42.010+0000] {dag.py:3834} INFO - Setting next_dagrun for dataset_produces_2 to None, run_after=None
[2024-04-06T23:17:42.049+0000] {processor.py:183} INFO - Processing /home/malangdataguy/miniconda3/envs/airflow_mdg/lib/python3.8/site-packages/airflow/example_dags/example_datasets.py took 0.143 seconds
[2024-04-06T23:18:25.471+0000] {processor.py:161} INFO - Started process (PID=68940) to work on /home/malangdataguy/miniconda3/envs/airflow_mdg/lib/python3.8/site-packages/airflow/example_dags/example_datasets.py
[2024-04-06T23:18:25.474+0000] {processor.py:830} INFO - Processing file /home/malangdataguy/miniconda3/envs/airflow_mdg/lib/python3.8/site-packages/airflow/example_dags/example_datasets.py for tasks to queue
[2024-04-06T23:18:25.476+0000] {logging_mixin.py:188} INFO - [2024-04-06T23:18:25.475+0000] {dagbag.py:540} INFO - Filling up the DagBag from /home/malangdataguy/miniconda3/envs/airflow_mdg/lib/python3.8/site-packages/airflow/example_dags/example_datasets.py
[2024-04-06T23:18:25.490+0000] {processor.py:840} INFO - DAG(s) 'dataset_consumes_unknown_never_scheduled', 'dataset_consumes_1_and_2', 'dataset_produces_2', 'dataset_consumes_1_never_scheduled', 'dataset_produces_1', 'dataset_consumes_1' retrieved from /home/malangdataguy/miniconda3/envs/airflow_mdg/lib/python3.8/site-packages/airflow/example_dags/example_datasets.py
[2024-04-06T23:18:25.530+0000] {logging_mixin.py:188} INFO - [2024-04-06T23:18:25.530+0000] {dag.py:3047} INFO - Sync 6 DAGs
[2024-04-06T23:18:25.555+0000] {logging_mixin.py:188} INFO - [2024-04-06T23:18:25.555+0000] {dag.py:3834} INFO - Setting next_dagrun for dataset_consumes_1 to None, run_after=None
[2024-04-06T23:18:25.560+0000] {logging_mixin.py:188} INFO - [2024-04-06T23:18:25.559+0000] {dag.py:3834} INFO - Setting next_dagrun for dataset_consumes_1_and_2 to None, run_after=None
[2024-04-06T23:18:25.561+0000] {logging_mixin.py:188} INFO - [2024-04-06T23:18:25.561+0000] {dag.py:3834} INFO - Setting next_dagrun for dataset_consumes_1_never_scheduled to None, run_after=None
[2024-04-06T23:18:25.562+0000] {logging_mixin.py:188} INFO - [2024-04-06T23:18:25.562+0000] {dag.py:3834} INFO - Setting next_dagrun for dataset_consumes_unknown_never_scheduled to None, run_after=None
[2024-04-06T23:18:25.565+0000] {logging_mixin.py:188} INFO - [2024-04-06T23:18:25.565+0000] {dag.py:3834} INFO - Setting next_dagrun for dataset_produces_1 to 2024-04-05 00:00:00+00:00, run_after=2024-04-06 00:00:00+00:00
[2024-04-06T23:18:25.566+0000] {logging_mixin.py:188} INFO - [2024-04-06T23:18:25.566+0000] {dag.py:3834} INFO - Setting next_dagrun for dataset_produces_2 to None, run_after=None
[2024-04-06T23:18:25.606+0000] {processor.py:183} INFO - Processing /home/malangdataguy/miniconda3/envs/airflow_mdg/lib/python3.8/site-packages/airflow/example_dags/example_datasets.py took 0.140 seconds
[2024-04-06T23:19:24.455+0000] {processor.py:161} INFO - Started process (PID=69000) to work on /home/malangdataguy/miniconda3/envs/airflow_mdg/lib/python3.8/site-packages/airflow/example_dags/example_datasets.py
[2024-04-06T23:19:24.458+0000] {processor.py:830} INFO - Processing file /home/malangdataguy/miniconda3/envs/airflow_mdg/lib/python3.8/site-packages/airflow/example_dags/example_datasets.py for tasks to queue
[2024-04-06T23:19:24.460+0000] {logging_mixin.py:188} INFO - [2024-04-06T23:19:24.459+0000] {dagbag.py:540} INFO - Filling up the DagBag from /home/malangdataguy/miniconda3/envs/airflow_mdg/lib/python3.8/site-packages/airflow/example_dags/example_datasets.py
[2024-04-06T23:19:24.476+0000] {processor.py:840} INFO - DAG(s) 'dataset_consumes_unknown_never_scheduled', 'dataset_consumes_1', 'dataset_produces_2', 'dataset_consumes_1_never_scheduled', 'dataset_produces_1', 'dataset_consumes_1_and_2' retrieved from /home/malangdataguy/miniconda3/envs/airflow_mdg/lib/python3.8/site-packages/airflow/example_dags/example_datasets.py
[2024-04-06T23:19:24.521+0000] {logging_mixin.py:188} INFO - [2024-04-06T23:19:24.521+0000] {dag.py:3047} INFO - Sync 6 DAGs
[2024-04-06T23:19:24.552+0000] {logging_mixin.py:188} INFO - [2024-04-06T23:19:24.551+0000] {dag.py:3834} INFO - Setting next_dagrun for dataset_consumes_1 to None, run_after=None
[2024-04-06T23:19:24.557+0000] {logging_mixin.py:188} INFO - [2024-04-06T23:19:24.556+0000] {dag.py:3834} INFO - Setting next_dagrun for dataset_consumes_1_and_2 to None, run_after=None
[2024-04-06T23:19:24.559+0000] {logging_mixin.py:188} INFO - [2024-04-06T23:19:24.558+0000] {dag.py:3834} INFO - Setting next_dagrun for dataset_consumes_1_never_scheduled to None, run_after=None
[2024-04-06T23:19:24.560+0000] {logging_mixin.py:188} INFO - [2024-04-06T23:19:24.560+0000] {dag.py:3834} INFO - Setting next_dagrun for dataset_consumes_unknown_never_scheduled to None, run_after=None
[2024-04-06T23:19:24.564+0000] {logging_mixin.py:188} INFO - [2024-04-06T23:19:24.563+0000] {dag.py:3834} INFO - Setting next_dagrun for dataset_produces_1 to 2024-04-05 00:00:00+00:00, run_after=2024-04-06 00:00:00+00:00
[2024-04-06T23:19:24.565+0000] {logging_mixin.py:188} INFO - [2024-04-06T23:19:24.565+0000] {dag.py:3834} INFO - Setting next_dagrun for dataset_produces_2 to None, run_after=None
[2024-04-06T23:19:24.611+0000] {processor.py:183} INFO - Processing /home/malangdataguy/miniconda3/envs/airflow_mdg/lib/python3.8/site-packages/airflow/example_dags/example_datasets.py took 0.162 seconds
[2024-04-06T23:20:10.684+0000] {processor.py:161} INFO - Started process (PID=69044) to work on /home/malangdataguy/miniconda3/envs/airflow_mdg/lib/python3.8/site-packages/airflow/example_dags/example_datasets.py
[2024-04-06T23:20:10.687+0000] {processor.py:830} INFO - Processing file /home/malangdataguy/miniconda3/envs/airflow_mdg/lib/python3.8/site-packages/airflow/example_dags/example_datasets.py for tasks to queue
[2024-04-06T23:20:10.689+0000] {logging_mixin.py:188} INFO - [2024-04-06T23:20:10.688+0000] {dagbag.py:540} INFO - Filling up the DagBag from /home/malangdataguy/miniconda3/envs/airflow_mdg/lib/python3.8/site-packages/airflow/example_dags/example_datasets.py
[2024-04-06T23:20:10.705+0000] {processor.py:840} INFO - DAG(s) 'dataset_consumes_1_and_2', 'dataset_consumes_1', 'dataset_produces_1', 'dataset_consumes_unknown_never_scheduled', 'dataset_produces_2', 'dataset_consumes_1_never_scheduled' retrieved from /home/malangdataguy/miniconda3/envs/airflow_mdg/lib/python3.8/site-packages/airflow/example_dags/example_datasets.py
[2024-04-06T23:20:10.750+0000] {logging_mixin.py:188} INFO - [2024-04-06T23:20:10.750+0000] {dag.py:3047} INFO - Sync 6 DAGs
[2024-04-06T23:20:10.780+0000] {logging_mixin.py:188} INFO - [2024-04-06T23:20:10.779+0000] {dag.py:3834} INFO - Setting next_dagrun for dataset_consumes_1 to None, run_after=None
[2024-04-06T23:20:10.785+0000] {logging_mixin.py:188} INFO - [2024-04-06T23:20:10.785+0000] {dag.py:3834} INFO - Setting next_dagrun for dataset_consumes_1_and_2 to None, run_after=None
[2024-04-06T23:20:10.787+0000] {logging_mixin.py:188} INFO - [2024-04-06T23:20:10.787+0000] {dag.py:3834} INFO - Setting next_dagrun for dataset_consumes_1_never_scheduled to None, run_after=None
[2024-04-06T23:20:10.789+0000] {logging_mixin.py:188} INFO - [2024-04-06T23:20:10.789+0000] {dag.py:3834} INFO - Setting next_dagrun for dataset_consumes_unknown_never_scheduled to None, run_after=None
[2024-04-06T23:20:10.793+0000] {logging_mixin.py:188} INFO - [2024-04-06T23:20:10.792+0000] {dag.py:3834} INFO - Setting next_dagrun for dataset_produces_1 to 2024-04-05 00:00:00+00:00, run_after=2024-04-06 00:00:00+00:00
[2024-04-06T23:20:10.794+0000] {logging_mixin.py:188} INFO - [2024-04-06T23:20:10.794+0000] {dag.py:3834} INFO - Setting next_dagrun for dataset_produces_2 to None, run_after=None
[2024-04-06T23:20:10.839+0000] {processor.py:183} INFO - Processing /home/malangdataguy/miniconda3/envs/airflow_mdg/lib/python3.8/site-packages/airflow/example_dags/example_datasets.py took 0.160 seconds
[2024-04-06T23:20:57.010+0000] {processor.py:161} INFO - Started process (PID=69090) to work on /home/malangdataguy/miniconda3/envs/airflow_mdg/lib/python3.8/site-packages/airflow/example_dags/example_datasets.py
[2024-04-06T23:20:57.012+0000] {processor.py:830} INFO - Processing file /home/malangdataguy/miniconda3/envs/airflow_mdg/lib/python3.8/site-packages/airflow/example_dags/example_datasets.py for tasks to queue
[2024-04-06T23:20:57.013+0000] {logging_mixin.py:188} INFO - [2024-04-06T23:20:57.013+0000] {dagbag.py:540} INFO - Filling up the DagBag from /home/malangdataguy/miniconda3/envs/airflow_mdg/lib/python3.8/site-packages/airflow/example_dags/example_datasets.py
[2024-04-06T23:20:57.027+0000] {processor.py:840} INFO - DAG(s) 'dataset_produces_2', 'dataset_produces_1', 'dataset_consumes_1_never_scheduled', 'dataset_consumes_1', 'dataset_consumes_1_and_2', 'dataset_consumes_unknown_never_scheduled' retrieved from /home/malangdataguy/miniconda3/envs/airflow_mdg/lib/python3.8/site-packages/airflow/example_dags/example_datasets.py
[2024-04-06T23:20:57.063+0000] {logging_mixin.py:188} INFO - [2024-04-06T23:20:57.063+0000] {dag.py:3047} INFO - Sync 6 DAGs
[2024-04-06T23:20:57.089+0000] {logging_mixin.py:188} INFO - [2024-04-06T23:20:57.088+0000] {dag.py:3834} INFO - Setting next_dagrun for dataset_consumes_1 to None, run_after=None
[2024-04-06T23:20:57.093+0000] {logging_mixin.py:188} INFO - [2024-04-06T23:20:57.092+0000] {dag.py:3834} INFO - Setting next_dagrun for dataset_consumes_1_and_2 to None, run_after=None
[2024-04-06T23:20:57.094+0000] {logging_mixin.py:188} INFO - [2024-04-06T23:20:57.094+0000] {dag.py:3834} INFO - Setting next_dagrun for dataset_consumes_1_never_scheduled to None, run_after=None
[2024-04-06T23:20:57.095+0000] {logging_mixin.py:188} INFO - [2024-04-06T23:20:57.095+0000] {dag.py:3834} INFO - Setting next_dagrun for dataset_consumes_unknown_never_scheduled to None, run_after=None
[2024-04-06T23:20:57.098+0000] {logging_mixin.py:188} INFO - [2024-04-06T23:20:57.098+0000] {dag.py:3834} INFO - Setting next_dagrun for dataset_produces_1 to 2024-04-05 00:00:00+00:00, run_after=2024-04-06 00:00:00+00:00
[2024-04-06T23:20:57.099+0000] {logging_mixin.py:188} INFO - [2024-04-06T23:20:57.099+0000] {dag.py:3834} INFO - Setting next_dagrun for dataset_produces_2 to None, run_after=None
[2024-04-06T23:20:57.134+0000] {processor.py:183} INFO - Processing /home/malangdataguy/miniconda3/envs/airflow_mdg/lib/python3.8/site-packages/airflow/example_dags/example_datasets.py took 0.130 seconds
[2024-04-06T23:21:56.666+0000] {processor.py:161} INFO - Started process (PID=69151) to work on /home/malangdataguy/miniconda3/envs/airflow_mdg/lib/python3.8/site-packages/airflow/example_dags/example_datasets.py
[2024-04-06T23:21:56.668+0000] {processor.py:830} INFO - Processing file /home/malangdataguy/miniconda3/envs/airflow_mdg/lib/python3.8/site-packages/airflow/example_dags/example_datasets.py for tasks to queue
[2024-04-06T23:21:56.670+0000] {logging_mixin.py:188} INFO - [2024-04-06T23:21:56.669+0000] {dagbag.py:540} INFO - Filling up the DagBag from /home/malangdataguy/miniconda3/envs/airflow_mdg/lib/python3.8/site-packages/airflow/example_dags/example_datasets.py
[2024-04-06T23:21:56.684+0000] {processor.py:840} INFO - DAG(s) 'dataset_produces_1', 'dataset_produces_2', 'dataset_consumes_unknown_never_scheduled', 'dataset_consumes_1_and_2', 'dataset_consumes_1', 'dataset_consumes_1_never_scheduled' retrieved from /home/malangdataguy/miniconda3/envs/airflow_mdg/lib/python3.8/site-packages/airflow/example_dags/example_datasets.py
[2024-04-06T23:21:56.721+0000] {logging_mixin.py:188} INFO - [2024-04-06T23:21:56.721+0000] {dag.py:3047} INFO - Sync 6 DAGs
[2024-04-06T23:21:56.750+0000] {logging_mixin.py:188} INFO - [2024-04-06T23:21:56.749+0000] {dag.py:3834} INFO - Setting next_dagrun for dataset_consumes_1 to None, run_after=None
[2024-04-06T23:21:56.754+0000] {logging_mixin.py:188} INFO - [2024-04-06T23:21:56.753+0000] {dag.py:3834} INFO - Setting next_dagrun for dataset_consumes_1_and_2 to None, run_after=None
[2024-04-06T23:21:56.755+0000] {logging_mixin.py:188} INFO - [2024-04-06T23:21:56.755+0000] {dag.py:3834} INFO - Setting next_dagrun for dataset_consumes_1_never_scheduled to None, run_after=None
[2024-04-06T23:21:56.756+0000] {logging_mixin.py:188} INFO - [2024-04-06T23:21:56.756+0000] {dag.py:3834} INFO - Setting next_dagrun for dataset_consumes_unknown_never_scheduled to None, run_after=None
[2024-04-06T23:21:56.759+0000] {logging_mixin.py:188} INFO - [2024-04-06T23:21:56.759+0000] {dag.py:3834} INFO - Setting next_dagrun for dataset_produces_1 to 2024-04-05 00:00:00+00:00, run_after=2024-04-06 00:00:00+00:00
[2024-04-06T23:21:56.761+0000] {logging_mixin.py:188} INFO - [2024-04-06T23:21:56.760+0000] {dag.py:3834} INFO - Setting next_dagrun for dataset_produces_2 to None, run_after=None
[2024-04-06T23:21:56.798+0000] {processor.py:183} INFO - Processing /home/malangdataguy/miniconda3/envs/airflow_mdg/lib/python3.8/site-packages/airflow/example_dags/example_datasets.py took 0.137 seconds
[2024-04-06T23:40:37.700+0000] {processor.py:161} INFO - Started process (PID=69295) to work on /home/malangdataguy/miniconda3/envs/airflow_mdg/lib/python3.8/site-packages/airflow/example_dags/example_datasets.py
[2024-04-06T23:40:37.703+0000] {processor.py:830} INFO - Processing file /home/malangdataguy/miniconda3/envs/airflow_mdg/lib/python3.8/site-packages/airflow/example_dags/example_datasets.py for tasks to queue
[2024-04-06T23:40:37.705+0000] {logging_mixin.py:188} INFO - [2024-04-06T23:40:37.704+0000] {dagbag.py:540} INFO - Filling up the DagBag from /home/malangdataguy/miniconda3/envs/airflow_mdg/lib/python3.8/site-packages/airflow/example_dags/example_datasets.py
[2024-04-06T23:40:37.720+0000] {processor.py:840} INFO - DAG(s) 'dataset_produces_1', 'dataset_consumes_1_never_scheduled', 'dataset_consumes_unknown_never_scheduled', 'dataset_produces_2', 'dataset_consumes_1', 'dataset_consumes_1_and_2' retrieved from /home/malangdataguy/miniconda3/envs/airflow_mdg/lib/python3.8/site-packages/airflow/example_dags/example_datasets.py
[2024-04-06T23:40:37.765+0000] {logging_mixin.py:188} INFO - [2024-04-06T23:40:37.765+0000] {dag.py:3047} INFO - Sync 6 DAGs
[2024-04-06T23:40:37.793+0000] {logging_mixin.py:188} INFO - [2024-04-06T23:40:37.793+0000] {dag.py:3834} INFO - Setting next_dagrun for dataset_consumes_1 to None, run_after=None
[2024-04-06T23:40:37.798+0000] {logging_mixin.py:188} INFO - [2024-04-06T23:40:37.798+0000] {dag.py:3834} INFO - Setting next_dagrun for dataset_consumes_1_and_2 to None, run_after=None
[2024-04-06T23:40:37.800+0000] {logging_mixin.py:188} INFO - [2024-04-06T23:40:37.799+0000] {dag.py:3834} INFO - Setting next_dagrun for dataset_consumes_1_never_scheduled to None, run_after=None
[2024-04-06T23:40:37.801+0000] {logging_mixin.py:188} INFO - [2024-04-06T23:40:37.801+0000] {dag.py:3834} INFO - Setting next_dagrun for dataset_consumes_unknown_never_scheduled to None, run_after=None
[2024-04-06T23:40:37.804+0000] {logging_mixin.py:188} INFO - [2024-04-06T23:40:37.804+0000] {dag.py:3834} INFO - Setting next_dagrun for dataset_produces_1 to 2024-04-05 00:00:00+00:00, run_after=2024-04-06 00:00:00+00:00
[2024-04-06T23:40:37.805+0000] {logging_mixin.py:188} INFO - [2024-04-06T23:40:37.805+0000] {dag.py:3834} INFO - Setting next_dagrun for dataset_produces_2 to None, run_after=None
[2024-04-06T23:40:37.850+0000] {processor.py:183} INFO - Processing /home/malangdataguy/miniconda3/envs/airflow_mdg/lib/python3.8/site-packages/airflow/example_dags/example_datasets.py took 0.155 seconds
[2024-04-06T23:41:28.556+0000] {processor.py:161} INFO - Started process (PID=69345) to work on /home/malangdataguy/miniconda3/envs/airflow_mdg/lib/python3.8/site-packages/airflow/example_dags/example_datasets.py
[2024-04-06T23:41:28.559+0000] {processor.py:830} INFO - Processing file /home/malangdataguy/miniconda3/envs/airflow_mdg/lib/python3.8/site-packages/airflow/example_dags/example_datasets.py for tasks to queue
[2024-04-06T23:41:28.561+0000] {logging_mixin.py:188} INFO - [2024-04-06T23:41:28.560+0000] {dagbag.py:540} INFO - Filling up the DagBag from /home/malangdataguy/miniconda3/envs/airflow_mdg/lib/python3.8/site-packages/airflow/example_dags/example_datasets.py
[2024-04-06T23:41:28.576+0000] {processor.py:840} INFO - DAG(s) 'dataset_consumes_unknown_never_scheduled', 'dataset_consumes_1_and_2', 'dataset_produces_1', 'dataset_consumes_1', 'dataset_produces_2', 'dataset_consumes_1_never_scheduled' retrieved from /home/malangdataguy/miniconda3/envs/airflow_mdg/lib/python3.8/site-packages/airflow/example_dags/example_datasets.py
[2024-04-06T23:41:28.614+0000] {logging_mixin.py:188} INFO - [2024-04-06T23:41:28.614+0000] {dag.py:3047} INFO - Sync 6 DAGs
[2024-04-06T23:41:28.639+0000] {logging_mixin.py:188} INFO - [2024-04-06T23:41:28.639+0000] {dag.py:3834} INFO - Setting next_dagrun for dataset_consumes_1 to None, run_after=None
[2024-04-06T23:41:28.643+0000] {logging_mixin.py:188} INFO - [2024-04-06T23:41:28.643+0000] {dag.py:3834} INFO - Setting next_dagrun for dataset_consumes_1_and_2 to None, run_after=None
[2024-04-06T23:41:28.645+0000] {logging_mixin.py:188} INFO - [2024-04-06T23:41:28.645+0000] {dag.py:3834} INFO - Setting next_dagrun for dataset_consumes_1_never_scheduled to None, run_after=None
[2024-04-06T23:41:28.646+0000] {logging_mixin.py:188} INFO - [2024-04-06T23:41:28.646+0000] {dag.py:3834} INFO - Setting next_dagrun for dataset_consumes_unknown_never_scheduled to None, run_after=None
[2024-04-06T23:41:28.649+0000] {logging_mixin.py:188} INFO - [2024-04-06T23:41:28.649+0000] {dag.py:3834} INFO - Setting next_dagrun for dataset_produces_1 to 2024-04-05 00:00:00+00:00, run_after=2024-04-06 00:00:00+00:00
[2024-04-06T23:41:28.650+0000] {logging_mixin.py:188} INFO - [2024-04-06T23:41:28.650+0000] {dag.py:3834} INFO - Setting next_dagrun for dataset_produces_2 to None, run_after=None
[2024-04-06T23:41:28.688+0000] {processor.py:183} INFO - Processing /home/malangdataguy/miniconda3/envs/airflow_mdg/lib/python3.8/site-packages/airflow/example_dags/example_datasets.py took 0.137 seconds
[2024-04-06T23:42:21.589+0000] {processor.py:161} INFO - Started process (PID=69395) to work on /home/malangdataguy/miniconda3/envs/airflow_mdg/lib/python3.8/site-packages/airflow/example_dags/example_datasets.py
[2024-04-06T23:42:21.592+0000] {processor.py:830} INFO - Processing file /home/malangdataguy/miniconda3/envs/airflow_mdg/lib/python3.8/site-packages/airflow/example_dags/example_datasets.py for tasks to queue
[2024-04-06T23:42:21.593+0000] {logging_mixin.py:188} INFO - [2024-04-06T23:42:21.593+0000] {dagbag.py:540} INFO - Filling up the DagBag from /home/malangdataguy/miniconda3/envs/airflow_mdg/lib/python3.8/site-packages/airflow/example_dags/example_datasets.py
[2024-04-06T23:42:21.610+0000] {processor.py:840} INFO - DAG(s) 'dataset_consumes_1', 'dataset_produces_2', 'dataset_produces_1', 'dataset_consumes_1_never_scheduled', 'dataset_consumes_1_and_2', 'dataset_consumes_unknown_never_scheduled' retrieved from /home/malangdataguy/miniconda3/envs/airflow_mdg/lib/python3.8/site-packages/airflow/example_dags/example_datasets.py
[2024-04-06T23:42:21.650+0000] {logging_mixin.py:188} INFO - [2024-04-06T23:42:21.650+0000] {dag.py:3047} INFO - Sync 6 DAGs
[2024-04-06T23:42:21.676+0000] {logging_mixin.py:188} INFO - [2024-04-06T23:42:21.676+0000] {dag.py:3834} INFO - Setting next_dagrun for dataset_consumes_1 to None, run_after=None
[2024-04-06T23:42:21.681+0000] {logging_mixin.py:188} INFO - [2024-04-06T23:42:21.680+0000] {dag.py:3834} INFO - Setting next_dagrun for dataset_consumes_1_and_2 to None, run_after=None
[2024-04-06T23:42:21.682+0000] {logging_mixin.py:188} INFO - [2024-04-06T23:42:21.682+0000] {dag.py:3834} INFO - Setting next_dagrun for dataset_consumes_1_never_scheduled to None, run_after=None
[2024-04-06T23:42:21.683+0000] {logging_mixin.py:188} INFO - [2024-04-06T23:42:21.683+0000] {dag.py:3834} INFO - Setting next_dagrun for dataset_consumes_unknown_never_scheduled to None, run_after=None
[2024-04-06T23:42:21.686+0000] {logging_mixin.py:188} INFO - [2024-04-06T23:42:21.686+0000] {dag.py:3834} INFO - Setting next_dagrun for dataset_produces_1 to 2024-04-05 00:00:00+00:00, run_after=2024-04-06 00:00:00+00:00
[2024-04-06T23:42:21.688+0000] {logging_mixin.py:188} INFO - [2024-04-06T23:42:21.687+0000] {dag.py:3834} INFO - Setting next_dagrun for dataset_produces_2 to None, run_after=None
[2024-04-06T23:42:21.728+0000] {processor.py:183} INFO - Processing /home/malangdataguy/miniconda3/envs/airflow_mdg/lib/python3.8/site-packages/airflow/example_dags/example_datasets.py took 0.144 seconds
[2024-04-06T23:43:04.220+0000] {processor.py:161} INFO - Started process (PID=69439) to work on /home/malangdataguy/miniconda3/envs/airflow_mdg/lib/python3.8/site-packages/airflow/example_dags/example_datasets.py
[2024-04-06T23:43:04.222+0000] {processor.py:830} INFO - Processing file /home/malangdataguy/miniconda3/envs/airflow_mdg/lib/python3.8/site-packages/airflow/example_dags/example_datasets.py for tasks to queue
[2024-04-06T23:43:04.224+0000] {logging_mixin.py:188} INFO - [2024-04-06T23:43:04.223+0000] {dagbag.py:540} INFO - Filling up the DagBag from /home/malangdataguy/miniconda3/envs/airflow_mdg/lib/python3.8/site-packages/airflow/example_dags/example_datasets.py
[2024-04-06T23:43:04.238+0000] {processor.py:840} INFO - DAG(s) 'dataset_consumes_1_and_2', 'dataset_produces_1', 'dataset_consumes_1', 'dataset_consumes_unknown_never_scheduled', 'dataset_produces_2', 'dataset_consumes_1_never_scheduled' retrieved from /home/malangdataguy/miniconda3/envs/airflow_mdg/lib/python3.8/site-packages/airflow/example_dags/example_datasets.py
[2024-04-06T23:43:04.278+0000] {logging_mixin.py:188} INFO - [2024-04-06T23:43:04.278+0000] {dag.py:3047} INFO - Sync 6 DAGs
[2024-04-06T23:43:04.307+0000] {logging_mixin.py:188} INFO - [2024-04-06T23:43:04.306+0000] {dag.py:3834} INFO - Setting next_dagrun for dataset_consumes_1 to None, run_after=None
[2024-04-06T23:43:04.311+0000] {logging_mixin.py:188} INFO - [2024-04-06T23:43:04.310+0000] {dag.py:3834} INFO - Setting next_dagrun for dataset_consumes_1_and_2 to None, run_after=None
[2024-04-06T23:43:04.314+0000] {logging_mixin.py:188} INFO - [2024-04-06T23:43:04.313+0000] {dag.py:3834} INFO - Setting next_dagrun for dataset_consumes_1_never_scheduled to None, run_after=None
[2024-04-06T23:43:04.315+0000] {logging_mixin.py:188} INFO - [2024-04-06T23:43:04.315+0000] {dag.py:3834} INFO - Setting next_dagrun for dataset_consumes_unknown_never_scheduled to None, run_after=None
[2024-04-06T23:43:04.318+0000] {logging_mixin.py:188} INFO - [2024-04-06T23:43:04.317+0000] {dag.py:3834} INFO - Setting next_dagrun for dataset_produces_1 to 2024-04-05 00:00:00+00:00, run_after=2024-04-06 00:00:00+00:00
[2024-04-06T23:43:04.319+0000] {logging_mixin.py:188} INFO - [2024-04-06T23:43:04.319+0000] {dag.py:3834} INFO - Setting next_dagrun for dataset_produces_2 to None, run_after=None
[2024-04-06T23:43:04.362+0000] {processor.py:183} INFO - Processing /home/malangdataguy/miniconda3/envs/airflow_mdg/lib/python3.8/site-packages/airflow/example_dags/example_datasets.py took 0.147 seconds
[2024-04-06T23:43:50.397+0000] {processor.py:161} INFO - Started process (PID=69498) to work on /home/malangdataguy/miniconda3/envs/airflow_mdg/lib/python3.8/site-packages/airflow/example_dags/example_datasets.py
[2024-04-06T23:43:50.400+0000] {processor.py:830} INFO - Processing file /home/malangdataguy/miniconda3/envs/airflow_mdg/lib/python3.8/site-packages/airflow/example_dags/example_datasets.py for tasks to queue
[2024-04-06T23:43:50.401+0000] {logging_mixin.py:188} INFO - [2024-04-06T23:43:50.401+0000] {dagbag.py:540} INFO - Filling up the DagBag from /home/malangdataguy/miniconda3/envs/airflow_mdg/lib/python3.8/site-packages/airflow/example_dags/example_datasets.py
[2024-04-06T23:43:50.420+0000] {processor.py:840} INFO - DAG(s) 'dataset_consumes_1_and_2', 'dataset_produces_1', 'dataset_produces_2', 'dataset_consumes_unknown_never_scheduled', 'dataset_consumes_1', 'dataset_consumes_1_never_scheduled' retrieved from /home/malangdataguy/miniconda3/envs/airflow_mdg/lib/python3.8/site-packages/airflow/example_dags/example_datasets.py
[2024-04-06T23:43:50.484+0000] {logging_mixin.py:188} INFO - [2024-04-06T23:43:50.484+0000] {dag.py:3047} INFO - Sync 6 DAGs
[2024-04-06T23:43:50.518+0000] {logging_mixin.py:188} INFO - [2024-04-06T23:43:50.517+0000] {dag.py:3834} INFO - Setting next_dagrun for dataset_consumes_1 to None, run_after=None
[2024-04-06T23:43:50.522+0000] {logging_mixin.py:188} INFO - [2024-04-06T23:43:50.522+0000] {dag.py:3834} INFO - Setting next_dagrun for dataset_consumes_1_and_2 to None, run_after=None
[2024-04-06T23:43:50.524+0000] {logging_mixin.py:188} INFO - [2024-04-06T23:43:50.524+0000] {dag.py:3834} INFO - Setting next_dagrun for dataset_consumes_1_never_scheduled to None, run_after=None
[2024-04-06T23:43:50.525+0000] {logging_mixin.py:188} INFO - [2024-04-06T23:43:50.525+0000] {dag.py:3834} INFO - Setting next_dagrun for dataset_consumes_unknown_never_scheduled to None, run_after=None
[2024-04-06T23:43:50.528+0000] {logging_mixin.py:188} INFO - [2024-04-06T23:43:50.528+0000] {dag.py:3834} INFO - Setting next_dagrun for dataset_produces_1 to 2024-04-05 00:00:00+00:00, run_after=2024-04-06 00:00:00+00:00
[2024-04-06T23:43:50.529+0000] {logging_mixin.py:188} INFO - [2024-04-06T23:43:50.529+0000] {dag.py:3834} INFO - Setting next_dagrun for dataset_produces_2 to None, run_after=None
[2024-04-06T23:43:50.572+0000] {processor.py:183} INFO - Processing /home/malangdataguy/miniconda3/envs/airflow_mdg/lib/python3.8/site-packages/airflow/example_dags/example_datasets.py took 0.181 seconds
[2024-04-06T23:44:33.876+0000] {processor.py:161} INFO - Started process (PID=69544) to work on /home/malangdataguy/miniconda3/envs/airflow_mdg/lib/python3.8/site-packages/airflow/example_dags/example_datasets.py
[2024-04-06T23:44:33.879+0000] {processor.py:830} INFO - Processing file /home/malangdataguy/miniconda3/envs/airflow_mdg/lib/python3.8/site-packages/airflow/example_dags/example_datasets.py for tasks to queue
[2024-04-06T23:44:33.880+0000] {logging_mixin.py:188} INFO - [2024-04-06T23:44:33.880+0000] {dagbag.py:540} INFO - Filling up the DagBag from /home/malangdataguy/miniconda3/envs/airflow_mdg/lib/python3.8/site-packages/airflow/example_dags/example_datasets.py
[2024-04-06T23:44:33.894+0000] {processor.py:840} INFO - DAG(s) 'dataset_consumes_1_and_2', 'dataset_produces_2', 'dataset_consumes_1_never_scheduled', 'dataset_consumes_unknown_never_scheduled', 'dataset_produces_1', 'dataset_consumes_1' retrieved from /home/malangdataguy/miniconda3/envs/airflow_mdg/lib/python3.8/site-packages/airflow/example_dags/example_datasets.py
[2024-04-06T23:44:33.932+0000] {logging_mixin.py:188} INFO - [2024-04-06T23:44:33.932+0000] {dag.py:3047} INFO - Sync 6 DAGs
[2024-04-06T23:44:33.957+0000] {logging_mixin.py:188} INFO - [2024-04-06T23:44:33.957+0000] {dag.py:3834} INFO - Setting next_dagrun for dataset_consumes_1 to None, run_after=None
[2024-04-06T23:44:33.961+0000] {logging_mixin.py:188} INFO - [2024-04-06T23:44:33.961+0000] {dag.py:3834} INFO - Setting next_dagrun for dataset_consumes_1_and_2 to None, run_after=None
[2024-04-06T23:44:33.963+0000] {logging_mixin.py:188} INFO - [2024-04-06T23:44:33.963+0000] {dag.py:3834} INFO - Setting next_dagrun for dataset_consumes_1_never_scheduled to None, run_after=None
[2024-04-06T23:44:33.964+0000] {logging_mixin.py:188} INFO - [2024-04-06T23:44:33.964+0000] {dag.py:3834} INFO - Setting next_dagrun for dataset_consumes_unknown_never_scheduled to None, run_after=None
[2024-04-06T23:44:33.967+0000] {logging_mixin.py:188} INFO - [2024-04-06T23:44:33.967+0000] {dag.py:3834} INFO - Setting next_dagrun for dataset_produces_1 to 2024-04-05 00:00:00+00:00, run_after=2024-04-06 00:00:00+00:00
[2024-04-06T23:44:33.968+0000] {logging_mixin.py:188} INFO - [2024-04-06T23:44:33.968+0000] {dag.py:3834} INFO - Setting next_dagrun for dataset_produces_2 to None, run_after=None
[2024-04-06T23:44:34.005+0000] {processor.py:183} INFO - Processing /home/malangdataguy/miniconda3/envs/airflow_mdg/lib/python3.8/site-packages/airflow/example_dags/example_datasets.py took 0.134 seconds
[2024-04-06T23:45:37.796+0000] {processor.py:161} INFO - Started process (PID=69612) to work on /home/malangdataguy/miniconda3/envs/airflow_mdg/lib/python3.8/site-packages/airflow/example_dags/example_datasets.py
[2024-04-06T23:45:37.799+0000] {processor.py:830} INFO - Processing file /home/malangdataguy/miniconda3/envs/airflow_mdg/lib/python3.8/site-packages/airflow/example_dags/example_datasets.py for tasks to queue
[2024-04-06T23:45:37.801+0000] {logging_mixin.py:188} INFO - [2024-04-06T23:45:37.800+0000] {dagbag.py:540} INFO - Filling up the DagBag from /home/malangdataguy/miniconda3/envs/airflow_mdg/lib/python3.8/site-packages/airflow/example_dags/example_datasets.py
[2024-04-06T23:45:37.817+0000] {processor.py:840} INFO - DAG(s) 'dataset_produces_2', 'dataset_consumes_1', 'dataset_produces_1', 'dataset_consumes_1_never_scheduled', 'dataset_consumes_1_and_2', 'dataset_consumes_unknown_never_scheduled' retrieved from /home/malangdataguy/miniconda3/envs/airflow_mdg/lib/python3.8/site-packages/airflow/example_dags/example_datasets.py
[2024-04-06T23:45:37.867+0000] {logging_mixin.py:188} INFO - [2024-04-06T23:45:37.866+0000] {dag.py:3047} INFO - Sync 6 DAGs
[2024-04-06T23:45:37.901+0000] {logging_mixin.py:188} INFO - [2024-04-06T23:45:37.900+0000] {dag.py:3834} INFO - Setting next_dagrun for dataset_consumes_1 to None, run_after=None
[2024-04-06T23:45:37.906+0000] {logging_mixin.py:188} INFO - [2024-04-06T23:45:37.905+0000] {dag.py:3834} INFO - Setting next_dagrun for dataset_consumes_1_and_2 to None, run_after=None
[2024-04-06T23:45:37.908+0000] {logging_mixin.py:188} INFO - [2024-04-06T23:45:37.907+0000] {dag.py:3834} INFO - Setting next_dagrun for dataset_consumes_1_never_scheduled to None, run_after=None
[2024-04-06T23:45:37.909+0000] {logging_mixin.py:188} INFO - [2024-04-06T23:45:37.909+0000] {dag.py:3834} INFO - Setting next_dagrun for dataset_consumes_unknown_never_scheduled to None, run_after=None
[2024-04-06T23:45:37.912+0000] {logging_mixin.py:188} INFO - [2024-04-06T23:45:37.912+0000] {dag.py:3834} INFO - Setting next_dagrun for dataset_produces_1 to 2024-04-05 00:00:00+00:00, run_after=2024-04-06 00:00:00+00:00
[2024-04-06T23:45:37.914+0000] {logging_mixin.py:188} INFO - [2024-04-06T23:45:37.914+0000] {dag.py:3834} INFO - Setting next_dagrun for dataset_produces_2 to None, run_after=None
[2024-04-06T23:45:37.960+0000] {processor.py:183} INFO - Processing /home/malangdataguy/miniconda3/envs/airflow_mdg/lib/python3.8/site-packages/airflow/example_dags/example_datasets.py took 0.170 seconds
[2024-04-06T23:46:37.688+0000] {processor.py:161} INFO - Started process (PID=69691) to work on /home/malangdataguy/miniconda3/envs/airflow_mdg/lib/python3.8/site-packages/airflow/example_dags/example_datasets.py
[2024-04-06T23:46:37.690+0000] {processor.py:830} INFO - Processing file /home/malangdataguy/miniconda3/envs/airflow_mdg/lib/python3.8/site-packages/airflow/example_dags/example_datasets.py for tasks to queue
[2024-04-06T23:46:37.692+0000] {logging_mixin.py:188} INFO - [2024-04-06T23:46:37.691+0000] {dagbag.py:540} INFO - Filling up the DagBag from /home/malangdataguy/miniconda3/envs/airflow_mdg/lib/python3.8/site-packages/airflow/example_dags/example_datasets.py
[2024-04-06T23:46:37.705+0000] {processor.py:840} INFO - DAG(s) 'dataset_produces_1', 'dataset_consumes_unknown_never_scheduled', 'dataset_consumes_1_never_scheduled', 'dataset_consumes_1_and_2', 'dataset_produces_2', 'dataset_consumes_1' retrieved from /home/malangdataguy/miniconda3/envs/airflow_mdg/lib/python3.8/site-packages/airflow/example_dags/example_datasets.py
[2024-04-06T23:46:37.740+0000] {logging_mixin.py:188} INFO - [2024-04-06T23:46:37.740+0000] {dag.py:3047} INFO - Sync 6 DAGs
[2024-04-06T23:46:37.765+0000] {logging_mixin.py:188} INFO - [2024-04-06T23:46:37.765+0000] {dag.py:3834} INFO - Setting next_dagrun for dataset_consumes_1 to None, run_after=None
[2024-04-06T23:46:37.769+0000] {logging_mixin.py:188} INFO - [2024-04-06T23:46:37.769+0000] {dag.py:3834} INFO - Setting next_dagrun for dataset_consumes_1_and_2 to None, run_after=None
[2024-04-06T23:46:37.771+0000] {logging_mixin.py:188} INFO - [2024-04-06T23:46:37.770+0000] {dag.py:3834} INFO - Setting next_dagrun for dataset_consumes_1_never_scheduled to None, run_after=None
[2024-04-06T23:46:37.772+0000] {logging_mixin.py:188} INFO - [2024-04-06T23:46:37.771+0000] {dag.py:3834} INFO - Setting next_dagrun for dataset_consumes_unknown_never_scheduled to None, run_after=None
[2024-04-06T23:46:37.775+0000] {logging_mixin.py:188} INFO - [2024-04-06T23:46:37.774+0000] {dag.py:3834} INFO - Setting next_dagrun for dataset_produces_1 to 2024-04-05 00:00:00+00:00, run_after=2024-04-06 00:00:00+00:00
[2024-04-06T23:46:37.776+0000] {logging_mixin.py:188} INFO - [2024-04-06T23:46:37.775+0000] {dag.py:3834} INFO - Setting next_dagrun for dataset_produces_2 to None, run_after=None
[2024-04-06T23:46:37.812+0000] {processor.py:183} INFO - Processing /home/malangdataguy/miniconda3/envs/airflow_mdg/lib/python3.8/site-packages/airflow/example_dags/example_datasets.py took 0.129 seconds
[2024-04-06T23:47:35.964+0000] {processor.py:161} INFO - Started process (PID=69767) to work on /home/malangdataguy/miniconda3/envs/airflow_mdg/lib/python3.8/site-packages/airflow/example_dags/example_datasets.py
[2024-04-06T23:47:35.967+0000] {processor.py:830} INFO - Processing file /home/malangdataguy/miniconda3/envs/airflow_mdg/lib/python3.8/site-packages/airflow/example_dags/example_datasets.py for tasks to queue
[2024-04-06T23:47:35.968+0000] {logging_mixin.py:188} INFO - [2024-04-06T23:47:35.968+0000] {dagbag.py:540} INFO - Filling up the DagBag from /home/malangdataguy/miniconda3/envs/airflow_mdg/lib/python3.8/site-packages/airflow/example_dags/example_datasets.py
[2024-04-06T23:47:35.982+0000] {processor.py:840} INFO - DAG(s) 'dataset_consumes_1_and_2', 'dataset_consumes_1', 'dataset_consumes_unknown_never_scheduled', 'dataset_produces_1', 'dataset_consumes_1_never_scheduled', 'dataset_produces_2' retrieved from /home/malangdataguy/miniconda3/envs/airflow_mdg/lib/python3.8/site-packages/airflow/example_dags/example_datasets.py
[2024-04-06T23:47:36.020+0000] {logging_mixin.py:188} INFO - [2024-04-06T23:47:36.020+0000] {dag.py:3047} INFO - Sync 6 DAGs
[2024-04-06T23:47:36.046+0000] {logging_mixin.py:188} INFO - [2024-04-06T23:47:36.046+0000] {dag.py:3834} INFO - Setting next_dagrun for dataset_consumes_1 to None, run_after=None
[2024-04-06T23:47:36.050+0000] {logging_mixin.py:188} INFO - [2024-04-06T23:47:36.050+0000] {dag.py:3834} INFO - Setting next_dagrun for dataset_consumes_1_and_2 to None, run_after=None
[2024-04-06T23:47:36.051+0000] {logging_mixin.py:188} INFO - [2024-04-06T23:47:36.051+0000] {dag.py:3834} INFO - Setting next_dagrun for dataset_consumes_1_never_scheduled to None, run_after=None
[2024-04-06T23:47:36.052+0000] {logging_mixin.py:188} INFO - [2024-04-06T23:47:36.052+0000] {dag.py:3834} INFO - Setting next_dagrun for dataset_consumes_unknown_never_scheduled to None, run_after=None
[2024-04-06T23:47:36.055+0000] {logging_mixin.py:188} INFO - [2024-04-06T23:47:36.055+0000] {dag.py:3834} INFO - Setting next_dagrun for dataset_produces_1 to 2024-04-05 00:00:00+00:00, run_after=2024-04-06 00:00:00+00:00
[2024-04-06T23:47:36.056+0000] {logging_mixin.py:188} INFO - [2024-04-06T23:47:36.056+0000] {dag.py:3834} INFO - Setting next_dagrun for dataset_produces_2 to None, run_after=None
[2024-04-06T23:47:36.099+0000] {processor.py:183} INFO - Processing /home/malangdataguy/miniconda3/envs/airflow_mdg/lib/python3.8/site-packages/airflow/example_dags/example_datasets.py took 0.139 seconds
[2024-04-06T23:48:18.715+0000] {processor.py:161} INFO - Started process (PID=69814) to work on /home/malangdataguy/miniconda3/envs/airflow_mdg/lib/python3.8/site-packages/airflow/example_dags/example_datasets.py
[2024-04-06T23:48:18.718+0000] {processor.py:830} INFO - Processing file /home/malangdataguy/miniconda3/envs/airflow_mdg/lib/python3.8/site-packages/airflow/example_dags/example_datasets.py for tasks to queue
[2024-04-06T23:48:18.719+0000] {logging_mixin.py:188} INFO - [2024-04-06T23:48:18.719+0000] {dagbag.py:540} INFO - Filling up the DagBag from /home/malangdataguy/miniconda3/envs/airflow_mdg/lib/python3.8/site-packages/airflow/example_dags/example_datasets.py
[2024-04-06T23:48:18.735+0000] {processor.py:840} INFO - DAG(s) 'dataset_consumes_1_and_2', 'dataset_produces_2', 'dataset_consumes_1', 'dataset_produces_1', 'dataset_consumes_unknown_never_scheduled', 'dataset_consumes_1_never_scheduled' retrieved from /home/malangdataguy/miniconda3/envs/airflow_mdg/lib/python3.8/site-packages/airflow/example_dags/example_datasets.py
[2024-04-06T23:48:18.774+0000] {logging_mixin.py:188} INFO - [2024-04-06T23:48:18.773+0000] {dag.py:3047} INFO - Sync 6 DAGs
[2024-04-06T23:48:18.801+0000] {logging_mixin.py:188} INFO - [2024-04-06T23:48:18.801+0000] {dag.py:3834} INFO - Setting next_dagrun for dataset_consumes_1 to None, run_after=None
[2024-04-06T23:48:18.805+0000] {logging_mixin.py:188} INFO - [2024-04-06T23:48:18.805+0000] {dag.py:3834} INFO - Setting next_dagrun for dataset_consumes_1_and_2 to None, run_after=None
[2024-04-06T23:48:18.806+0000] {logging_mixin.py:188} INFO - [2024-04-06T23:48:18.806+0000] {dag.py:3834} INFO - Setting next_dagrun for dataset_consumes_1_never_scheduled to None, run_after=None
[2024-04-06T23:48:18.808+0000] {logging_mixin.py:188} INFO - [2024-04-06T23:48:18.807+0000] {dag.py:3834} INFO - Setting next_dagrun for dataset_consumes_unknown_never_scheduled to None, run_after=None
[2024-04-06T23:48:18.810+0000] {logging_mixin.py:188} INFO - [2024-04-06T23:48:18.810+0000] {dag.py:3834} INFO - Setting next_dagrun for dataset_produces_1 to 2024-04-05 00:00:00+00:00, run_after=2024-04-06 00:00:00+00:00
[2024-04-06T23:48:18.812+0000] {logging_mixin.py:188} INFO - [2024-04-06T23:48:18.811+0000] {dag.py:3834} INFO - Setting next_dagrun for dataset_produces_2 to None, run_after=None
[2024-04-06T23:48:18.854+0000] {processor.py:183} INFO - Processing /home/malangdataguy/miniconda3/envs/airflow_mdg/lib/python3.8/site-packages/airflow/example_dags/example_datasets.py took 0.144 seconds
[2024-04-06T23:49:23.371+0000] {processor.py:161} INFO - Started process (PID=69877) to work on /home/malangdataguy/miniconda3/envs/airflow_mdg/lib/python3.8/site-packages/airflow/example_dags/example_datasets.py
[2024-04-06T23:49:23.374+0000] {processor.py:830} INFO - Processing file /home/malangdataguy/miniconda3/envs/airflow_mdg/lib/python3.8/site-packages/airflow/example_dags/example_datasets.py for tasks to queue
[2024-04-06T23:49:23.375+0000] {logging_mixin.py:188} INFO - [2024-04-06T23:49:23.375+0000] {dagbag.py:540} INFO - Filling up the DagBag from /home/malangdataguy/miniconda3/envs/airflow_mdg/lib/python3.8/site-packages/airflow/example_dags/example_datasets.py
[2024-04-06T23:49:23.392+0000] {processor.py:840} INFO - DAG(s) 'dataset_produces_2', 'dataset_consumes_1', 'dataset_consumes_1_never_scheduled', 'dataset_consumes_1_and_2', 'dataset_consumes_unknown_never_scheduled', 'dataset_produces_1' retrieved from /home/malangdataguy/miniconda3/envs/airflow_mdg/lib/python3.8/site-packages/airflow/example_dags/example_datasets.py
[2024-04-06T23:49:23.434+0000] {logging_mixin.py:188} INFO - [2024-04-06T23:49:23.434+0000] {dag.py:3047} INFO - Sync 6 DAGs
[2024-04-06T23:49:23.464+0000] {logging_mixin.py:188} INFO - [2024-04-06T23:49:23.464+0000] {dag.py:3834} INFO - Setting next_dagrun for dataset_consumes_1 to None, run_after=None
[2024-04-06T23:49:23.469+0000] {logging_mixin.py:188} INFO - [2024-04-06T23:49:23.469+0000] {dag.py:3834} INFO - Setting next_dagrun for dataset_consumes_1_and_2 to None, run_after=None
[2024-04-06T23:49:23.471+0000] {logging_mixin.py:188} INFO - [2024-04-06T23:49:23.470+0000] {dag.py:3834} INFO - Setting next_dagrun for dataset_consumes_1_never_scheduled to None, run_after=None
[2024-04-06T23:49:23.472+0000] {logging_mixin.py:188} INFO - [2024-04-06T23:49:23.472+0000] {dag.py:3834} INFO - Setting next_dagrun for dataset_consumes_unknown_never_scheduled to None, run_after=None
[2024-04-06T23:49:23.476+0000] {logging_mixin.py:188} INFO - [2024-04-06T23:49:23.475+0000] {dag.py:3834} INFO - Setting next_dagrun for dataset_produces_1 to 2024-04-05 00:00:00+00:00, run_after=2024-04-06 00:00:00+00:00
[2024-04-06T23:49:23.477+0000] {logging_mixin.py:188} INFO - [2024-04-06T23:49:23.477+0000] {dag.py:3834} INFO - Setting next_dagrun for dataset_produces_2 to None, run_after=None
[2024-04-06T23:49:23.519+0000] {processor.py:183} INFO - Processing /home/malangdataguy/miniconda3/envs/airflow_mdg/lib/python3.8/site-packages/airflow/example_dags/example_datasets.py took 0.154 seconds
[2024-04-06T23:50:19.253+0000] {processor.py:161} INFO - Started process (PID=69938) to work on /home/malangdataguy/miniconda3/envs/airflow_mdg/lib/python3.8/site-packages/airflow/example_dags/example_datasets.py
[2024-04-06T23:50:19.256+0000] {processor.py:830} INFO - Processing file /home/malangdataguy/miniconda3/envs/airflow_mdg/lib/python3.8/site-packages/airflow/example_dags/example_datasets.py for tasks to queue
[2024-04-06T23:50:19.258+0000] {logging_mixin.py:188} INFO - [2024-04-06T23:50:19.257+0000] {dagbag.py:540} INFO - Filling up the DagBag from /home/malangdataguy/miniconda3/envs/airflow_mdg/lib/python3.8/site-packages/airflow/example_dags/example_datasets.py
[2024-04-06T23:50:19.273+0000] {processor.py:840} INFO - DAG(s) 'dataset_consumes_unknown_never_scheduled', 'dataset_consumes_1', 'dataset_produces_1', 'dataset_produces_2', 'dataset_consumes_1_and_2', 'dataset_consumes_1_never_scheduled' retrieved from /home/malangdataguy/miniconda3/envs/airflow_mdg/lib/python3.8/site-packages/airflow/example_dags/example_datasets.py
[2024-04-06T23:50:19.317+0000] {logging_mixin.py:188} INFO - [2024-04-06T23:50:19.316+0000] {dag.py:3047} INFO - Sync 6 DAGs
[2024-04-06T23:50:19.349+0000] {logging_mixin.py:188} INFO - [2024-04-06T23:50:19.349+0000] {dag.py:3834} INFO - Setting next_dagrun for dataset_consumes_1 to None, run_after=None
[2024-04-06T23:50:19.353+0000] {logging_mixin.py:188} INFO - [2024-04-06T23:50:19.353+0000] {dag.py:3834} INFO - Setting next_dagrun for dataset_consumes_1_and_2 to None, run_after=None
[2024-04-06T23:50:19.355+0000] {logging_mixin.py:188} INFO - [2024-04-06T23:50:19.354+0000] {dag.py:3834} INFO - Setting next_dagrun for dataset_consumes_1_never_scheduled to None, run_after=None
[2024-04-06T23:50:19.356+0000] {logging_mixin.py:188} INFO - [2024-04-06T23:50:19.356+0000] {dag.py:3834} INFO - Setting next_dagrun for dataset_consumes_unknown_never_scheduled to None, run_after=None
[2024-04-06T23:50:19.359+0000] {logging_mixin.py:188} INFO - [2024-04-06T23:50:19.358+0000] {dag.py:3834} INFO - Setting next_dagrun for dataset_produces_1 to 2024-04-05 00:00:00+00:00, run_after=2024-04-06 00:00:00+00:00
[2024-04-06T23:50:19.360+0000] {logging_mixin.py:188} INFO - [2024-04-06T23:50:19.360+0000] {dag.py:3834} INFO - Setting next_dagrun for dataset_produces_2 to None, run_after=None
[2024-04-06T23:50:19.401+0000] {processor.py:183} INFO - Processing /home/malangdataguy/miniconda3/envs/airflow_mdg/lib/python3.8/site-packages/airflow/example_dags/example_datasets.py took 0.153 seconds
[2024-04-06T23:51:04.564+0000] {processor.py:161} INFO - Started process (PID=69982) to work on /home/malangdataguy/miniconda3/envs/airflow_mdg/lib/python3.8/site-packages/airflow/example_dags/example_datasets.py
[2024-04-06T23:51:04.567+0000] {processor.py:830} INFO - Processing file /home/malangdataguy/miniconda3/envs/airflow_mdg/lib/python3.8/site-packages/airflow/example_dags/example_datasets.py for tasks to queue
[2024-04-06T23:51:04.569+0000] {logging_mixin.py:188} INFO - [2024-04-06T23:51:04.568+0000] {dagbag.py:540} INFO - Filling up the DagBag from /home/malangdataguy/miniconda3/envs/airflow_mdg/lib/python3.8/site-packages/airflow/example_dags/example_datasets.py
[2024-04-06T23:51:04.585+0000] {processor.py:840} INFO - DAG(s) 'dataset_consumes_1_never_scheduled', 'dataset_consumes_1', 'dataset_produces_2', 'dataset_consumes_1_and_2', 'dataset_produces_1', 'dataset_consumes_unknown_never_scheduled' retrieved from /home/malangdataguy/miniconda3/envs/airflow_mdg/lib/python3.8/site-packages/airflow/example_dags/example_datasets.py
[2024-04-06T23:51:04.629+0000] {logging_mixin.py:188} INFO - [2024-04-06T23:51:04.629+0000] {dag.py:3047} INFO - Sync 6 DAGs
[2024-04-06T23:51:04.659+0000] {logging_mixin.py:188} INFO - [2024-04-06T23:51:04.659+0000] {dag.py:3834} INFO - Setting next_dagrun for dataset_consumes_1 to None, run_after=None
[2024-04-06T23:51:04.663+0000] {logging_mixin.py:188} INFO - [2024-04-06T23:51:04.663+0000] {dag.py:3834} INFO - Setting next_dagrun for dataset_consumes_1_and_2 to None, run_after=None
[2024-04-06T23:51:04.665+0000] {logging_mixin.py:188} INFO - [2024-04-06T23:51:04.665+0000] {dag.py:3834} INFO - Setting next_dagrun for dataset_consumes_1_never_scheduled to None, run_after=None
[2024-04-06T23:51:04.667+0000] {logging_mixin.py:188} INFO - [2024-04-06T23:51:04.666+0000] {dag.py:3834} INFO - Setting next_dagrun for dataset_consumes_unknown_never_scheduled to None, run_after=None
[2024-04-06T23:51:04.670+0000] {logging_mixin.py:188} INFO - [2024-04-06T23:51:04.669+0000] {dag.py:3834} INFO - Setting next_dagrun for dataset_produces_1 to 2024-04-05 00:00:00+00:00, run_after=2024-04-06 00:00:00+00:00
[2024-04-06T23:51:04.671+0000] {logging_mixin.py:188} INFO - [2024-04-06T23:51:04.671+0000] {dag.py:3834} INFO - Setting next_dagrun for dataset_produces_2 to None, run_after=None
[2024-04-06T23:51:04.716+0000] {processor.py:183} INFO - Processing /home/malangdataguy/miniconda3/envs/airflow_mdg/lib/python3.8/site-packages/airflow/example_dags/example_datasets.py took 0.158 seconds
[2024-04-06T23:52:09.533+0000] {processor.py:161} INFO - Started process (PID=70049) to work on /home/malangdataguy/miniconda3/envs/airflow_mdg/lib/python3.8/site-packages/airflow/example_dags/example_datasets.py
[2024-04-06T23:52:09.536+0000] {processor.py:830} INFO - Processing file /home/malangdataguy/miniconda3/envs/airflow_mdg/lib/python3.8/site-packages/airflow/example_dags/example_datasets.py for tasks to queue
[2024-04-06T23:52:09.538+0000] {logging_mixin.py:188} INFO - [2024-04-06T23:52:09.537+0000] {dagbag.py:540} INFO - Filling up the DagBag from /home/malangdataguy/miniconda3/envs/airflow_mdg/lib/python3.8/site-packages/airflow/example_dags/example_datasets.py
[2024-04-06T23:52:09.554+0000] {processor.py:840} INFO - DAG(s) 'dataset_produces_2', 'dataset_consumes_1', 'dataset_consumes_unknown_never_scheduled', 'dataset_produces_1', 'dataset_consumes_1_never_scheduled', 'dataset_consumes_1_and_2' retrieved from /home/malangdataguy/miniconda3/envs/airflow_mdg/lib/python3.8/site-packages/airflow/example_dags/example_datasets.py
[2024-04-06T23:52:09.602+0000] {logging_mixin.py:188} INFO - [2024-04-06T23:52:09.601+0000] {dag.py:3047} INFO - Sync 6 DAGs
[2024-04-06T23:52:09.634+0000] {logging_mixin.py:188} INFO - [2024-04-06T23:52:09.633+0000] {dag.py:3834} INFO - Setting next_dagrun for dataset_consumes_1 to None, run_after=None
[2024-04-06T23:52:09.639+0000] {logging_mixin.py:188} INFO - [2024-04-06T23:52:09.638+0000] {dag.py:3834} INFO - Setting next_dagrun for dataset_consumes_1_and_2 to None, run_after=None
[2024-04-06T23:52:09.640+0000] {logging_mixin.py:188} INFO - [2024-04-06T23:52:09.640+0000] {dag.py:3834} INFO - Setting next_dagrun for dataset_consumes_1_never_scheduled to None, run_after=None
[2024-04-06T23:52:09.642+0000] {logging_mixin.py:188} INFO - [2024-04-06T23:52:09.642+0000] {dag.py:3834} INFO - Setting next_dagrun for dataset_consumes_unknown_never_scheduled to None, run_after=None
[2024-04-06T23:52:09.645+0000] {logging_mixin.py:188} INFO - [2024-04-06T23:52:09.645+0000] {dag.py:3834} INFO - Setting next_dagrun for dataset_produces_1 to 2024-04-05 00:00:00+00:00, run_after=2024-04-06 00:00:00+00:00
[2024-04-06T23:52:09.646+0000] {logging_mixin.py:188} INFO - [2024-04-06T23:52:09.646+0000] {dag.py:3834} INFO - Setting next_dagrun for dataset_produces_2 to None, run_after=None
[2024-04-06T23:52:09.692+0000] {processor.py:183} INFO - Processing /home/malangdataguy/miniconda3/envs/airflow_mdg/lib/python3.8/site-packages/airflow/example_dags/example_datasets.py took 0.165 seconds
[2024-04-06T23:52:53.104+0000] {processor.py:161} INFO - Started process (PID=70093) to work on /home/malangdataguy/miniconda3/envs/airflow_mdg/lib/python3.8/site-packages/airflow/example_dags/example_datasets.py
[2024-04-06T23:52:53.108+0000] {processor.py:830} INFO - Processing file /home/malangdataguy/miniconda3/envs/airflow_mdg/lib/python3.8/site-packages/airflow/example_dags/example_datasets.py for tasks to queue
[2024-04-06T23:52:53.110+0000] {logging_mixin.py:188} INFO - [2024-04-06T23:52:53.109+0000] {dagbag.py:540} INFO - Filling up the DagBag from /home/malangdataguy/miniconda3/envs/airflow_mdg/lib/python3.8/site-packages/airflow/example_dags/example_datasets.py
[2024-04-06T23:52:53.125+0000] {processor.py:840} INFO - DAG(s) 'dataset_consumes_unknown_never_scheduled', 'dataset_consumes_1', 'dataset_produces_2', 'dataset_consumes_1_never_scheduled', 'dataset_consumes_1_and_2', 'dataset_produces_1' retrieved from /home/malangdataguy/miniconda3/envs/airflow_mdg/lib/python3.8/site-packages/airflow/example_dags/example_datasets.py
[2024-04-06T23:52:53.171+0000] {logging_mixin.py:188} INFO - [2024-04-06T23:52:53.171+0000] {dag.py:3047} INFO - Sync 6 DAGs
[2024-04-06T23:52:53.201+0000] {logging_mixin.py:188} INFO - [2024-04-06T23:52:53.200+0000] {dag.py:3834} INFO - Setting next_dagrun for dataset_consumes_1 to None, run_after=None
[2024-04-06T23:52:53.205+0000] {logging_mixin.py:188} INFO - [2024-04-06T23:52:53.205+0000] {dag.py:3834} INFO - Setting next_dagrun for dataset_consumes_1_and_2 to None, run_after=None
[2024-04-06T23:52:53.207+0000] {logging_mixin.py:188} INFO - [2024-04-06T23:52:53.207+0000] {dag.py:3834} INFO - Setting next_dagrun for dataset_consumes_1_never_scheduled to None, run_after=None
[2024-04-06T23:52:53.208+0000] {logging_mixin.py:188} INFO - [2024-04-06T23:52:53.208+0000] {dag.py:3834} INFO - Setting next_dagrun for dataset_consumes_unknown_never_scheduled to None, run_after=None
[2024-04-06T23:52:53.211+0000] {logging_mixin.py:188} INFO - [2024-04-06T23:52:53.211+0000] {dag.py:3834} INFO - Setting next_dagrun for dataset_produces_1 to 2024-04-05 00:00:00+00:00, run_after=2024-04-06 00:00:00+00:00
[2024-04-06T23:52:53.213+0000] {logging_mixin.py:188} INFO - [2024-04-06T23:52:53.212+0000] {dag.py:3834} INFO - Setting next_dagrun for dataset_produces_2 to None, run_after=None
[2024-04-06T23:52:53.255+0000] {processor.py:183} INFO - Processing /home/malangdataguy/miniconda3/envs/airflow_mdg/lib/python3.8/site-packages/airflow/example_dags/example_datasets.py took 0.156 seconds
[2024-04-06T23:53:38.562+0000] {processor.py:161} INFO - Started process (PID=70143) to work on /home/malangdataguy/miniconda3/envs/airflow_mdg/lib/python3.8/site-packages/airflow/example_dags/example_datasets.py
[2024-04-06T23:53:38.565+0000] {processor.py:830} INFO - Processing file /home/malangdataguy/miniconda3/envs/airflow_mdg/lib/python3.8/site-packages/airflow/example_dags/example_datasets.py for tasks to queue
[2024-04-06T23:53:38.566+0000] {logging_mixin.py:188} INFO - [2024-04-06T23:53:38.566+0000] {dagbag.py:540} INFO - Filling up the DagBag from /home/malangdataguy/miniconda3/envs/airflow_mdg/lib/python3.8/site-packages/airflow/example_dags/example_datasets.py
[2024-04-06T23:53:38.580+0000] {processor.py:840} INFO - DAG(s) 'dataset_consumes_1_and_2', 'dataset_consumes_1_never_scheduled', 'dataset_consumes_unknown_never_scheduled', 'dataset_produces_2', 'dataset_consumes_1', 'dataset_produces_1' retrieved from /home/malangdataguy/miniconda3/envs/airflow_mdg/lib/python3.8/site-packages/airflow/example_dags/example_datasets.py
[2024-04-06T23:53:38.621+0000] {logging_mixin.py:188} INFO - [2024-04-06T23:53:38.620+0000] {dag.py:3047} INFO - Sync 6 DAGs
[2024-04-06T23:53:38.646+0000] {logging_mixin.py:188} INFO - [2024-04-06T23:53:38.646+0000] {dag.py:3834} INFO - Setting next_dagrun for dataset_consumes_1 to None, run_after=None
[2024-04-06T23:53:38.650+0000] {logging_mixin.py:188} INFO - [2024-04-06T23:53:38.650+0000] {dag.py:3834} INFO - Setting next_dagrun for dataset_consumes_1_and_2 to None, run_after=None
[2024-04-06T23:53:38.652+0000] {logging_mixin.py:188} INFO - [2024-04-06T23:53:38.651+0000] {dag.py:3834} INFO - Setting next_dagrun for dataset_consumes_1_never_scheduled to None, run_after=None
[2024-04-06T23:53:38.653+0000] {logging_mixin.py:188} INFO - [2024-04-06T23:53:38.652+0000] {dag.py:3834} INFO - Setting next_dagrun for dataset_consumes_unknown_never_scheduled to None, run_after=None
[2024-04-06T23:53:38.655+0000] {logging_mixin.py:188} INFO - [2024-04-06T23:53:38.655+0000] {dag.py:3834} INFO - Setting next_dagrun for dataset_produces_1 to 2024-04-05 00:00:00+00:00, run_after=2024-04-06 00:00:00+00:00
[2024-04-06T23:53:38.657+0000] {logging_mixin.py:188} INFO - [2024-04-06T23:53:38.656+0000] {dag.py:3834} INFO - Setting next_dagrun for dataset_produces_2 to None, run_after=None
[2024-04-06T23:53:38.694+0000] {processor.py:183} INFO - Processing /home/malangdataguy/miniconda3/envs/airflow_mdg/lib/python3.8/site-packages/airflow/example_dags/example_datasets.py took 0.136 seconds
[2024-04-06T23:54:21.717+0000] {processor.py:161} INFO - Started process (PID=70217) to work on /home/malangdataguy/miniconda3/envs/airflow_mdg/lib/python3.8/site-packages/airflow/example_dags/example_datasets.py
[2024-04-06T23:54:21.720+0000] {processor.py:830} INFO - Processing file /home/malangdataguy/miniconda3/envs/airflow_mdg/lib/python3.8/site-packages/airflow/example_dags/example_datasets.py for tasks to queue
[2024-04-06T23:54:21.722+0000] {logging_mixin.py:188} INFO - [2024-04-06T23:54:21.721+0000] {dagbag.py:540} INFO - Filling up the DagBag from /home/malangdataguy/miniconda3/envs/airflow_mdg/lib/python3.8/site-packages/airflow/example_dags/example_datasets.py
[2024-04-06T23:54:21.737+0000] {processor.py:840} INFO - DAG(s) 'dataset_consumes_1', 'dataset_produces_1', 'dataset_produces_2', 'dataset_consumes_1_and_2', 'dataset_consumes_unknown_never_scheduled', 'dataset_consumes_1_never_scheduled' retrieved from /home/malangdataguy/miniconda3/envs/airflow_mdg/lib/python3.8/site-packages/airflow/example_dags/example_datasets.py
[2024-04-06T23:54:21.781+0000] {logging_mixin.py:188} INFO - [2024-04-06T23:54:21.780+0000] {dag.py:3047} INFO - Sync 6 DAGs
[2024-04-06T23:54:21.811+0000] {logging_mixin.py:188} INFO - [2024-04-06T23:54:21.810+0000] {dag.py:3834} INFO - Setting next_dagrun for dataset_consumes_1 to None, run_after=None
[2024-04-06T23:54:21.815+0000] {logging_mixin.py:188} INFO - [2024-04-06T23:54:21.815+0000] {dag.py:3834} INFO - Setting next_dagrun for dataset_consumes_1_and_2 to None, run_after=None
[2024-04-06T23:54:21.819+0000] {logging_mixin.py:188} INFO - [2024-04-06T23:54:21.818+0000] {dag.py:3834} INFO - Setting next_dagrun for dataset_consumes_1_never_scheduled to None, run_after=None
[2024-04-06T23:54:21.820+0000] {logging_mixin.py:188} INFO - [2024-04-06T23:54:21.820+0000] {dag.py:3834} INFO - Setting next_dagrun for dataset_consumes_unknown_never_scheduled to None, run_after=None
[2024-04-06T23:54:21.823+0000] {logging_mixin.py:188} INFO - [2024-04-06T23:54:21.823+0000] {dag.py:3834} INFO - Setting next_dagrun for dataset_produces_1 to 2024-04-05 00:00:00+00:00, run_after=2024-04-06 00:00:00+00:00
[2024-04-06T23:54:21.825+0000] {logging_mixin.py:188} INFO - [2024-04-06T23:54:21.824+0000] {dag.py:3834} INFO - Setting next_dagrun for dataset_produces_2 to None, run_after=None
[2024-04-06T23:54:21.869+0000] {processor.py:183} INFO - Processing /home/malangdataguy/miniconda3/envs/airflow_mdg/lib/python3.8/site-packages/airflow/example_dags/example_datasets.py took 0.158 seconds
[2024-04-06T23:55:24.009+0000] {processor.py:161} INFO - Started process (PID=70281) to work on /home/malangdataguy/miniconda3/envs/airflow_mdg/lib/python3.8/site-packages/airflow/example_dags/example_datasets.py
[2024-04-06T23:55:24.011+0000] {processor.py:830} INFO - Processing file /home/malangdataguy/miniconda3/envs/airflow_mdg/lib/python3.8/site-packages/airflow/example_dags/example_datasets.py for tasks to queue
[2024-04-06T23:55:24.013+0000] {logging_mixin.py:188} INFO - [2024-04-06T23:55:24.012+0000] {dagbag.py:540} INFO - Filling up the DagBag from /home/malangdataguy/miniconda3/envs/airflow_mdg/lib/python3.8/site-packages/airflow/example_dags/example_datasets.py
[2024-04-06T23:55:24.027+0000] {processor.py:840} INFO - DAG(s) 'dataset_produces_2', 'dataset_consumes_1_never_scheduled', 'dataset_consumes_1_and_2', 'dataset_consumes_unknown_never_scheduled', 'dataset_produces_1', 'dataset_consumes_1' retrieved from /home/malangdataguy/miniconda3/envs/airflow_mdg/lib/python3.8/site-packages/airflow/example_dags/example_datasets.py
[2024-04-06T23:55:24.068+0000] {logging_mixin.py:188} INFO - [2024-04-06T23:55:24.068+0000] {dag.py:3047} INFO - Sync 6 DAGs
[2024-04-06T23:55:24.095+0000] {logging_mixin.py:188} INFO - [2024-04-06T23:55:24.094+0000] {dag.py:3834} INFO - Setting next_dagrun for dataset_consumes_1 to None, run_after=None
[2024-04-06T23:55:24.099+0000] {logging_mixin.py:188} INFO - [2024-04-06T23:55:24.099+0000] {dag.py:3834} INFO - Setting next_dagrun for dataset_consumes_1_and_2 to None, run_after=None
[2024-04-06T23:55:24.102+0000] {logging_mixin.py:188} INFO - [2024-04-06T23:55:24.101+0000] {dag.py:3834} INFO - Setting next_dagrun for dataset_consumes_1_never_scheduled to None, run_after=None
[2024-04-06T23:55:24.103+0000] {logging_mixin.py:188} INFO - [2024-04-06T23:55:24.103+0000] {dag.py:3834} INFO - Setting next_dagrun for dataset_consumes_unknown_never_scheduled to None, run_after=None
[2024-04-06T23:55:24.106+0000] {logging_mixin.py:188} INFO - [2024-04-06T23:55:24.106+0000] {dag.py:3834} INFO - Setting next_dagrun for dataset_produces_1 to 2024-04-05 00:00:00+00:00, run_after=2024-04-06 00:00:00+00:00
[2024-04-06T23:55:24.108+0000] {logging_mixin.py:188} INFO - [2024-04-06T23:55:24.107+0000] {dag.py:3834} INFO - Setting next_dagrun for dataset_produces_2 to None, run_after=None
[2024-04-06T23:55:24.148+0000] {processor.py:183} INFO - Processing /home/malangdataguy/miniconda3/envs/airflow_mdg/lib/python3.8/site-packages/airflow/example_dags/example_datasets.py took 0.144 seconds
