[2024-04-06T23:09:23.150+0000] {processor.py:161} INFO - Started process (PID=68375) to work on /home/malangdataguy/miniconda3/envs/airflow_mdg/lib/python3.8/site-packages/airflow/example_dags/example_task_group_decorator.py
[2024-04-06T23:09:23.152+0000] {processor.py:830} INFO - Processing file /home/malangdataguy/miniconda3/envs/airflow_mdg/lib/python3.8/site-packages/airflow/example_dags/example_task_group_decorator.py for tasks to queue
[2024-04-06T23:09:23.153+0000] {logging_mixin.py:188} INFO - [2024-04-06T23:09:23.153+0000] {dagbag.py:540} INFO - Filling up the DagBag from /home/malangdataguy/miniconda3/envs/airflow_mdg/lib/python3.8/site-packages/airflow/example_dags/example_task_group_decorator.py
[2024-04-06T23:09:23.178+0000] {processor.py:840} INFO - DAG(s) 'example_task_group_decorator' retrieved from /home/malangdataguy/miniconda3/envs/airflow_mdg/lib/python3.8/site-packages/airflow/example_dags/example_task_group_decorator.py
[2024-04-06T23:09:23.313+0000] {logging_mixin.py:188} INFO - [2024-04-06T23:09:23.312+0000] {dag.py:3047} INFO - Sync 1 DAGs
[2024-04-06T23:09:23.340+0000] {logging_mixin.py:188} INFO - [2024-04-06T23:09:23.340+0000] {dag.py:3834} INFO - Setting next_dagrun for example_task_group_decorator to 2024-04-05 00:00:00+00:00, run_after=2024-04-06 00:00:00+00:00
[2024-04-06T23:09:23.370+0000] {processor.py:183} INFO - Processing /home/malangdataguy/miniconda3/envs/airflow_mdg/lib/python3.8/site-packages/airflow/example_dags/example_task_group_decorator.py took 0.226 seconds
[2024-04-06T23:10:16.801+0000] {processor.py:161} INFO - Started process (PID=68425) to work on /home/malangdataguy/miniconda3/envs/airflow_mdg/lib/python3.8/site-packages/airflow/example_dags/example_task_group_decorator.py
[2024-04-06T23:10:16.804+0000] {processor.py:830} INFO - Processing file /home/malangdataguy/miniconda3/envs/airflow_mdg/lib/python3.8/site-packages/airflow/example_dags/example_task_group_decorator.py for tasks to queue
[2024-04-06T23:10:16.806+0000] {logging_mixin.py:188} INFO - [2024-04-06T23:10:16.805+0000] {dagbag.py:540} INFO - Filling up the DagBag from /home/malangdataguy/miniconda3/envs/airflow_mdg/lib/python3.8/site-packages/airflow/example_dags/example_task_group_decorator.py
[2024-04-06T23:10:16.829+0000] {processor.py:840} INFO - DAG(s) 'example_task_group_decorator' retrieved from /home/malangdataguy/miniconda3/envs/airflow_mdg/lib/python3.8/site-packages/airflow/example_dags/example_task_group_decorator.py
[2024-04-06T23:10:16.857+0000] {logging_mixin.py:188} INFO - [2024-04-06T23:10:16.857+0000] {dag.py:3047} INFO - Sync 1 DAGs
[2024-04-06T23:10:16.888+0000] {logging_mixin.py:188} INFO - [2024-04-06T23:10:16.887+0000] {dag.py:3834} INFO - Setting next_dagrun for example_task_group_decorator to 2024-04-05 00:00:00+00:00, run_after=2024-04-06 00:00:00+00:00
[2024-04-06T23:10:16.922+0000] {processor.py:183} INFO - Processing /home/malangdataguy/miniconda3/envs/airflow_mdg/lib/python3.8/site-packages/airflow/example_dags/example_task_group_decorator.py took 0.127 seconds
[2024-04-06T23:11:05.712+0000] {processor.py:161} INFO - Started process (PID=68485) to work on /home/malangdataguy/miniconda3/envs/airflow_mdg/lib/python3.8/site-packages/airflow/example_dags/example_task_group_decorator.py
[2024-04-06T23:11:05.714+0000] {processor.py:830} INFO - Processing file /home/malangdataguy/miniconda3/envs/airflow_mdg/lib/python3.8/site-packages/airflow/example_dags/example_task_group_decorator.py for tasks to queue
[2024-04-06T23:11:05.716+0000] {logging_mixin.py:188} INFO - [2024-04-06T23:11:05.715+0000] {dagbag.py:540} INFO - Filling up the DagBag from /home/malangdataguy/miniconda3/envs/airflow_mdg/lib/python3.8/site-packages/airflow/example_dags/example_task_group_decorator.py
[2024-04-06T23:11:05.736+0000] {processor.py:840} INFO - DAG(s) 'example_task_group_decorator' retrieved from /home/malangdataguy/miniconda3/envs/airflow_mdg/lib/python3.8/site-packages/airflow/example_dags/example_task_group_decorator.py
[2024-04-06T23:11:05.763+0000] {logging_mixin.py:188} INFO - [2024-04-06T23:11:05.762+0000] {dag.py:3047} INFO - Sync 1 DAGs
[2024-04-06T23:11:05.789+0000] {logging_mixin.py:188} INFO - [2024-04-06T23:11:05.789+0000] {dag.py:3834} INFO - Setting next_dagrun for example_task_group_decorator to 2024-04-05 00:00:00+00:00, run_after=2024-04-06 00:00:00+00:00
[2024-04-06T23:11:05.819+0000] {processor.py:183} INFO - Processing /home/malangdataguy/miniconda3/envs/airflow_mdg/lib/python3.8/site-packages/airflow/example_dags/example_task_group_decorator.py took 0.112 seconds
[2024-04-06T23:11:52.618+0000] {processor.py:161} INFO - Started process (PID=68531) to work on /home/malangdataguy/miniconda3/envs/airflow_mdg/lib/python3.8/site-packages/airflow/example_dags/example_task_group_decorator.py
[2024-04-06T23:11:52.621+0000] {processor.py:830} INFO - Processing file /home/malangdataguy/miniconda3/envs/airflow_mdg/lib/python3.8/site-packages/airflow/example_dags/example_task_group_decorator.py for tasks to queue
[2024-04-06T23:11:52.622+0000] {logging_mixin.py:188} INFO - [2024-04-06T23:11:52.621+0000] {dagbag.py:540} INFO - Filling up the DagBag from /home/malangdataguy/miniconda3/envs/airflow_mdg/lib/python3.8/site-packages/airflow/example_dags/example_task_group_decorator.py
[2024-04-06T23:11:52.642+0000] {processor.py:840} INFO - DAG(s) 'example_task_group_decorator' retrieved from /home/malangdataguy/miniconda3/envs/airflow_mdg/lib/python3.8/site-packages/airflow/example_dags/example_task_group_decorator.py
[2024-04-06T23:11:52.668+0000] {logging_mixin.py:188} INFO - [2024-04-06T23:11:52.668+0000] {dag.py:3047} INFO - Sync 1 DAGs
[2024-04-06T23:11:52.693+0000] {logging_mixin.py:188} INFO - [2024-04-06T23:11:52.692+0000] {dag.py:3834} INFO - Setting next_dagrun for example_task_group_decorator to 2024-04-05 00:00:00+00:00, run_after=2024-04-06 00:00:00+00:00
[2024-04-06T23:11:52.720+0000] {processor.py:183} INFO - Processing /home/malangdataguy/miniconda3/envs/airflow_mdg/lib/python3.8/site-packages/airflow/example_dags/example_task_group_decorator.py took 0.107 seconds
[2024-04-06T23:12:37.475+0000] {processor.py:161} INFO - Started process (PID=68575) to work on /home/malangdataguy/miniconda3/envs/airflow_mdg/lib/python3.8/site-packages/airflow/example_dags/example_task_group_decorator.py
[2024-04-06T23:12:37.478+0000] {processor.py:830} INFO - Processing file /home/malangdataguy/miniconda3/envs/airflow_mdg/lib/python3.8/site-packages/airflow/example_dags/example_task_group_decorator.py for tasks to queue
[2024-04-06T23:12:37.479+0000] {logging_mixin.py:188} INFO - [2024-04-06T23:12:37.479+0000] {dagbag.py:540} INFO - Filling up the DagBag from /home/malangdataguy/miniconda3/envs/airflow_mdg/lib/python3.8/site-packages/airflow/example_dags/example_task_group_decorator.py
[2024-04-06T23:12:37.500+0000] {processor.py:840} INFO - DAG(s) 'example_task_group_decorator' retrieved from /home/malangdataguy/miniconda3/envs/airflow_mdg/lib/python3.8/site-packages/airflow/example_dags/example_task_group_decorator.py
[2024-04-06T23:12:37.526+0000] {logging_mixin.py:188} INFO - [2024-04-06T23:12:37.526+0000] {dag.py:3047} INFO - Sync 1 DAGs
[2024-04-06T23:12:37.550+0000] {logging_mixin.py:188} INFO - [2024-04-06T23:12:37.550+0000] {dag.py:3834} INFO - Setting next_dagrun for example_task_group_decorator to 2024-04-05 00:00:00+00:00, run_after=2024-04-06 00:00:00+00:00
[2024-04-06T23:12:37.580+0000] {processor.py:183} INFO - Processing /home/malangdataguy/miniconda3/envs/airflow_mdg/lib/python3.8/site-packages/airflow/example_dags/example_task_group_decorator.py took 0.110 seconds
[2024-04-06T23:13:18.897+0000] {processor.py:161} INFO - Started process (PID=68617) to work on /home/malangdataguy/miniconda3/envs/airflow_mdg/lib/python3.8/site-packages/airflow/example_dags/example_task_group_decorator.py
[2024-04-06T23:13:18.900+0000] {processor.py:830} INFO - Processing file /home/malangdataguy/miniconda3/envs/airflow_mdg/lib/python3.8/site-packages/airflow/example_dags/example_task_group_decorator.py for tasks to queue
[2024-04-06T23:13:18.902+0000] {logging_mixin.py:188} INFO - [2024-04-06T23:13:18.901+0000] {dagbag.py:540} INFO - Filling up the DagBag from /home/malangdataguy/miniconda3/envs/airflow_mdg/lib/python3.8/site-packages/airflow/example_dags/example_task_group_decorator.py
[2024-04-06T23:13:18.925+0000] {processor.py:840} INFO - DAG(s) 'example_task_group_decorator' retrieved from /home/malangdataguy/miniconda3/envs/airflow_mdg/lib/python3.8/site-packages/airflow/example_dags/example_task_group_decorator.py
[2024-04-06T23:13:18.955+0000] {logging_mixin.py:188} INFO - [2024-04-06T23:13:18.954+0000] {dag.py:3047} INFO - Sync 1 DAGs
[2024-04-06T23:13:18.987+0000] {logging_mixin.py:188} INFO - [2024-04-06T23:13:18.987+0000] {dag.py:3834} INFO - Setting next_dagrun for example_task_group_decorator to 2024-04-05 00:00:00+00:00, run_after=2024-04-06 00:00:00+00:00
[2024-04-06T23:13:19.023+0000] {processor.py:183} INFO - Processing /home/malangdataguy/miniconda3/envs/airflow_mdg/lib/python3.8/site-packages/airflow/example_dags/example_task_group_decorator.py took 0.131 seconds
[2024-04-06T23:13:59.425+0000] {processor.py:161} INFO - Started process (PID=68660) to work on /home/malangdataguy/miniconda3/envs/airflow_mdg/lib/python3.8/site-packages/airflow/example_dags/example_task_group_decorator.py
[2024-04-06T23:13:59.428+0000] {processor.py:830} INFO - Processing file /home/malangdataguy/miniconda3/envs/airflow_mdg/lib/python3.8/site-packages/airflow/example_dags/example_task_group_decorator.py for tasks to queue
[2024-04-06T23:13:59.430+0000] {logging_mixin.py:188} INFO - [2024-04-06T23:13:59.429+0000] {dagbag.py:540} INFO - Filling up the DagBag from /home/malangdataguy/miniconda3/envs/airflow_mdg/lib/python3.8/site-packages/airflow/example_dags/example_task_group_decorator.py
[2024-04-06T23:13:59.452+0000] {processor.py:840} INFO - DAG(s) 'example_task_group_decorator' retrieved from /home/malangdataguy/miniconda3/envs/airflow_mdg/lib/python3.8/site-packages/airflow/example_dags/example_task_group_decorator.py
[2024-04-06T23:13:59.481+0000] {logging_mixin.py:188} INFO - [2024-04-06T23:13:59.481+0000] {dag.py:3047} INFO - Sync 1 DAGs
[2024-04-06T23:13:59.512+0000] {logging_mixin.py:188} INFO - [2024-04-06T23:13:59.512+0000] {dag.py:3834} INFO - Setting next_dagrun for example_task_group_decorator to 2024-04-05 00:00:00+00:00, run_after=2024-04-06 00:00:00+00:00
[2024-04-06T23:13:59.547+0000] {processor.py:183} INFO - Processing /home/malangdataguy/miniconda3/envs/airflow_mdg/lib/python3.8/site-packages/airflow/example_dags/example_task_group_decorator.py took 0.127 seconds
[2024-04-06T23:14:41.594+0000] {processor.py:161} INFO - Started process (PID=68701) to work on /home/malangdataguy/miniconda3/envs/airflow_mdg/lib/python3.8/site-packages/airflow/example_dags/example_task_group_decorator.py
[2024-04-06T23:14:41.597+0000] {processor.py:830} INFO - Processing file /home/malangdataguy/miniconda3/envs/airflow_mdg/lib/python3.8/site-packages/airflow/example_dags/example_task_group_decorator.py for tasks to queue
[2024-04-06T23:14:41.598+0000] {logging_mixin.py:188} INFO - [2024-04-06T23:14:41.598+0000] {dagbag.py:540} INFO - Filling up the DagBag from /home/malangdataguy/miniconda3/envs/airflow_mdg/lib/python3.8/site-packages/airflow/example_dags/example_task_group_decorator.py
[2024-04-06T23:14:41.618+0000] {processor.py:840} INFO - DAG(s) 'example_task_group_decorator' retrieved from /home/malangdataguy/miniconda3/envs/airflow_mdg/lib/python3.8/site-packages/airflow/example_dags/example_task_group_decorator.py
[2024-04-06T23:14:41.643+0000] {logging_mixin.py:188} INFO - [2024-04-06T23:14:41.643+0000] {dag.py:3047} INFO - Sync 1 DAGs
[2024-04-06T23:14:41.667+0000] {logging_mixin.py:188} INFO - [2024-04-06T23:14:41.666+0000] {dag.py:3834} INFO - Setting next_dagrun for example_task_group_decorator to 2024-04-05 00:00:00+00:00, run_after=2024-04-06 00:00:00+00:00
[2024-04-06T23:14:41.693+0000] {processor.py:183} INFO - Processing /home/malangdataguy/miniconda3/envs/airflow_mdg/lib/python3.8/site-packages/airflow/example_dags/example_task_group_decorator.py took 0.104 seconds
[2024-04-06T23:15:22.614+0000] {processor.py:161} INFO - Started process (PID=68744) to work on /home/malangdataguy/miniconda3/envs/airflow_mdg/lib/python3.8/site-packages/airflow/example_dags/example_task_group_decorator.py
[2024-04-06T23:15:22.617+0000] {processor.py:830} INFO - Processing file /home/malangdataguy/miniconda3/envs/airflow_mdg/lib/python3.8/site-packages/airflow/example_dags/example_task_group_decorator.py for tasks to queue
[2024-04-06T23:15:22.619+0000] {logging_mixin.py:188} INFO - [2024-04-06T23:15:22.618+0000] {dagbag.py:540} INFO - Filling up the DagBag from /home/malangdataguy/miniconda3/envs/airflow_mdg/lib/python3.8/site-packages/airflow/example_dags/example_task_group_decorator.py
[2024-04-06T23:15:22.641+0000] {processor.py:840} INFO - DAG(s) 'example_task_group_decorator' retrieved from /home/malangdataguy/miniconda3/envs/airflow_mdg/lib/python3.8/site-packages/airflow/example_dags/example_task_group_decorator.py
[2024-04-06T23:15:22.672+0000] {logging_mixin.py:188} INFO - [2024-04-06T23:15:22.671+0000] {dag.py:3047} INFO - Sync 1 DAGs
[2024-04-06T23:15:22.701+0000] {logging_mixin.py:188} INFO - [2024-04-06T23:15:22.701+0000] {dag.py:3834} INFO - Setting next_dagrun for example_task_group_decorator to 2024-04-05 00:00:00+00:00, run_after=2024-04-06 00:00:00+00:00
[2024-04-06T23:15:22.734+0000] {processor.py:183} INFO - Processing /home/malangdataguy/miniconda3/envs/airflow_mdg/lib/python3.8/site-packages/airflow/example_dags/example_task_group_decorator.py took 0.125 seconds
[2024-04-06T23:16:19.750+0000] {processor.py:161} INFO - Started process (PID=68805) to work on /home/malangdataguy/miniconda3/envs/airflow_mdg/lib/python3.8/site-packages/airflow/example_dags/example_task_group_decorator.py
[2024-04-06T23:16:19.753+0000] {processor.py:830} INFO - Processing file /home/malangdataguy/miniconda3/envs/airflow_mdg/lib/python3.8/site-packages/airflow/example_dags/example_task_group_decorator.py for tasks to queue
[2024-04-06T23:16:19.755+0000] {logging_mixin.py:188} INFO - [2024-04-06T23:16:19.754+0000] {dagbag.py:540} INFO - Filling up the DagBag from /home/malangdataguy/miniconda3/envs/airflow_mdg/lib/python3.8/site-packages/airflow/example_dags/example_task_group_decorator.py
[2024-04-06T23:16:19.775+0000] {processor.py:840} INFO - DAG(s) 'example_task_group_decorator' retrieved from /home/malangdataguy/miniconda3/envs/airflow_mdg/lib/python3.8/site-packages/airflow/example_dags/example_task_group_decorator.py
[2024-04-06T23:16:19.802+0000] {logging_mixin.py:188} INFO - [2024-04-06T23:16:19.801+0000] {dag.py:3047} INFO - Sync 1 DAGs
[2024-04-06T23:16:19.827+0000] {logging_mixin.py:188} INFO - [2024-04-06T23:16:19.826+0000] {dag.py:3834} INFO - Setting next_dagrun for example_task_group_decorator to 2024-04-05 00:00:00+00:00, run_after=2024-04-06 00:00:00+00:00
[2024-04-06T23:16:19.866+0000] {processor.py:183} INFO - Processing /home/malangdataguy/miniconda3/envs/airflow_mdg/lib/python3.8/site-packages/airflow/example_dags/example_task_group_decorator.py took 0.121 seconds
[2024-04-06T23:17:17.844+0000] {processor.py:161} INFO - Started process (PID=68867) to work on /home/malangdataguy/miniconda3/envs/airflow_mdg/lib/python3.8/site-packages/airflow/example_dags/example_task_group_decorator.py
[2024-04-06T23:17:17.847+0000] {processor.py:830} INFO - Processing file /home/malangdataguy/miniconda3/envs/airflow_mdg/lib/python3.8/site-packages/airflow/example_dags/example_task_group_decorator.py for tasks to queue
[2024-04-06T23:17:17.849+0000] {logging_mixin.py:188} INFO - [2024-04-06T23:17:17.848+0000] {dagbag.py:540} INFO - Filling up the DagBag from /home/malangdataguy/miniconda3/envs/airflow_mdg/lib/python3.8/site-packages/airflow/example_dags/example_task_group_decorator.py
[2024-04-06T23:17:17.871+0000] {processor.py:840} INFO - DAG(s) 'example_task_group_decorator' retrieved from /home/malangdataguy/miniconda3/envs/airflow_mdg/lib/python3.8/site-packages/airflow/example_dags/example_task_group_decorator.py
[2024-04-06T23:17:17.901+0000] {logging_mixin.py:188} INFO - [2024-04-06T23:17:17.900+0000] {dag.py:3047} INFO - Sync 1 DAGs
[2024-04-06T23:17:17.929+0000] {logging_mixin.py:188} INFO - [2024-04-06T23:17:17.928+0000] {dag.py:3834} INFO - Setting next_dagrun for example_task_group_decorator to 2024-04-05 00:00:00+00:00, run_after=2024-04-06 00:00:00+00:00
[2024-04-06T23:17:17.962+0000] {processor.py:183} INFO - Processing /home/malangdataguy/miniconda3/envs/airflow_mdg/lib/python3.8/site-packages/airflow/example_dags/example_task_group_decorator.py took 0.123 seconds
[2024-04-06T23:18:01.376+0000] {processor.py:161} INFO - Started process (PID=68915) to work on /home/malangdataguy/miniconda3/envs/airflow_mdg/lib/python3.8/site-packages/airflow/example_dags/example_task_group_decorator.py
[2024-04-06T23:18:01.378+0000] {processor.py:830} INFO - Processing file /home/malangdataguy/miniconda3/envs/airflow_mdg/lib/python3.8/site-packages/airflow/example_dags/example_task_group_decorator.py for tasks to queue
[2024-04-06T23:18:01.380+0000] {logging_mixin.py:188} INFO - [2024-04-06T23:18:01.379+0000] {dagbag.py:540} INFO - Filling up the DagBag from /home/malangdataguy/miniconda3/envs/airflow_mdg/lib/python3.8/site-packages/airflow/example_dags/example_task_group_decorator.py
[2024-04-06T23:18:01.400+0000] {processor.py:840} INFO - DAG(s) 'example_task_group_decorator' retrieved from /home/malangdataguy/miniconda3/envs/airflow_mdg/lib/python3.8/site-packages/airflow/example_dags/example_task_group_decorator.py
[2024-04-06T23:18:01.426+0000] {logging_mixin.py:188} INFO - [2024-04-06T23:18:01.426+0000] {dag.py:3047} INFO - Sync 1 DAGs
[2024-04-06T23:18:01.450+0000] {logging_mixin.py:188} INFO - [2024-04-06T23:18:01.450+0000] {dag.py:3834} INFO - Setting next_dagrun for example_task_group_decorator to 2024-04-05 00:00:00+00:00, run_after=2024-04-06 00:00:00+00:00
[2024-04-06T23:18:01.480+0000] {processor.py:183} INFO - Processing /home/malangdataguy/miniconda3/envs/airflow_mdg/lib/python3.8/site-packages/airflow/example_dags/example_task_group_decorator.py took 0.109 seconds
[2024-04-06T23:18:44.282+0000] {processor.py:161} INFO - Started process (PID=68959) to work on /home/malangdataguy/miniconda3/envs/airflow_mdg/lib/python3.8/site-packages/airflow/example_dags/example_task_group_decorator.py
[2024-04-06T23:18:44.284+0000] {processor.py:830} INFO - Processing file /home/malangdataguy/miniconda3/envs/airflow_mdg/lib/python3.8/site-packages/airflow/example_dags/example_task_group_decorator.py for tasks to queue
[2024-04-06T23:18:44.285+0000] {logging_mixin.py:188} INFO - [2024-04-06T23:18:44.285+0000] {dagbag.py:540} INFO - Filling up the DagBag from /home/malangdataguy/miniconda3/envs/airflow_mdg/lib/python3.8/site-packages/airflow/example_dags/example_task_group_decorator.py
[2024-04-06T23:18:44.307+0000] {processor.py:840} INFO - DAG(s) 'example_task_group_decorator' retrieved from /home/malangdataguy/miniconda3/envs/airflow_mdg/lib/python3.8/site-packages/airflow/example_dags/example_task_group_decorator.py
[2024-04-06T23:18:44.334+0000] {logging_mixin.py:188} INFO - [2024-04-06T23:18:44.333+0000] {dag.py:3047} INFO - Sync 1 DAGs
[2024-04-06T23:18:44.359+0000] {logging_mixin.py:188} INFO - [2024-04-06T23:18:44.359+0000] {dag.py:3834} INFO - Setting next_dagrun for example_task_group_decorator to 2024-04-05 00:00:00+00:00, run_after=2024-04-06 00:00:00+00:00
[2024-04-06T23:18:44.387+0000] {processor.py:183} INFO - Processing /home/malangdataguy/miniconda3/envs/airflow_mdg/lib/python3.8/site-packages/airflow/example_dags/example_task_group_decorator.py took 0.110 seconds
[2024-04-06T23:19:45.847+0000] {processor.py:161} INFO - Started process (PID=69020) to work on /home/malangdataguy/miniconda3/envs/airflow_mdg/lib/python3.8/site-packages/airflow/example_dags/example_task_group_decorator.py
[2024-04-06T23:19:45.851+0000] {processor.py:830} INFO - Processing file /home/malangdataguy/miniconda3/envs/airflow_mdg/lib/python3.8/site-packages/airflow/example_dags/example_task_group_decorator.py for tasks to queue
[2024-04-06T23:19:45.853+0000] {logging_mixin.py:188} INFO - [2024-04-06T23:19:45.852+0000] {dagbag.py:540} INFO - Filling up the DagBag from /home/malangdataguy/miniconda3/envs/airflow_mdg/lib/python3.8/site-packages/airflow/example_dags/example_task_group_decorator.py
[2024-04-06T23:19:45.875+0000] {processor.py:840} INFO - DAG(s) 'example_task_group_decorator' retrieved from /home/malangdataguy/miniconda3/envs/airflow_mdg/lib/python3.8/site-packages/airflow/example_dags/example_task_group_decorator.py
[2024-04-06T23:19:45.905+0000] {logging_mixin.py:188} INFO - [2024-04-06T23:19:45.905+0000] {dag.py:3047} INFO - Sync 1 DAGs
[2024-04-06T23:19:45.935+0000] {logging_mixin.py:188} INFO - [2024-04-06T23:19:45.935+0000] {dag.py:3834} INFO - Setting next_dagrun for example_task_group_decorator to 2024-04-05 00:00:00+00:00, run_after=2024-04-06 00:00:00+00:00
[2024-04-06T23:19:45.967+0000] {processor.py:183} INFO - Processing /home/malangdataguy/miniconda3/envs/airflow_mdg/lib/python3.8/site-packages/airflow/example_dags/example_task_group_decorator.py took 0.129 seconds
[2024-04-06T23:20:32.691+0000] {processor.py:161} INFO - Started process (PID=69066) to work on /home/malangdataguy/miniconda3/envs/airflow_mdg/lib/python3.8/site-packages/airflow/example_dags/example_task_group_decorator.py
[2024-04-06T23:20:32.694+0000] {processor.py:830} INFO - Processing file /home/malangdataguy/miniconda3/envs/airflow_mdg/lib/python3.8/site-packages/airflow/example_dags/example_task_group_decorator.py for tasks to queue
[2024-04-06T23:20:32.695+0000] {logging_mixin.py:188} INFO - [2024-04-06T23:20:32.695+0000] {dagbag.py:540} INFO - Filling up the DagBag from /home/malangdataguy/miniconda3/envs/airflow_mdg/lib/python3.8/site-packages/airflow/example_dags/example_task_group_decorator.py
[2024-04-06T23:20:32.716+0000] {processor.py:840} INFO - DAG(s) 'example_task_group_decorator' retrieved from /home/malangdataguy/miniconda3/envs/airflow_mdg/lib/python3.8/site-packages/airflow/example_dags/example_task_group_decorator.py
[2024-04-06T23:20:32.743+0000] {logging_mixin.py:188} INFO - [2024-04-06T23:20:32.742+0000] {dag.py:3047} INFO - Sync 1 DAGs
[2024-04-06T23:20:32.768+0000] {logging_mixin.py:188} INFO - [2024-04-06T23:20:32.768+0000] {dag.py:3834} INFO - Setting next_dagrun for example_task_group_decorator to 2024-04-05 00:00:00+00:00, run_after=2024-04-06 00:00:00+00:00
[2024-04-06T23:20:32.797+0000] {processor.py:183} INFO - Processing /home/malangdataguy/miniconda3/envs/airflow_mdg/lib/python3.8/site-packages/airflow/example_dags/example_task_group_decorator.py took 0.111 seconds
[2024-04-06T23:21:15.671+0000] {processor.py:161} INFO - Started process (PID=69112) to work on /home/malangdataguy/miniconda3/envs/airflow_mdg/lib/python3.8/site-packages/airflow/example_dags/example_task_group_decorator.py
[2024-04-06T23:21:15.674+0000] {processor.py:830} INFO - Processing file /home/malangdataguy/miniconda3/envs/airflow_mdg/lib/python3.8/site-packages/airflow/example_dags/example_task_group_decorator.py for tasks to queue
[2024-04-06T23:21:15.675+0000] {logging_mixin.py:188} INFO - [2024-04-06T23:21:15.674+0000] {dagbag.py:540} INFO - Filling up the DagBag from /home/malangdataguy/miniconda3/envs/airflow_mdg/lib/python3.8/site-packages/airflow/example_dags/example_task_group_decorator.py
[2024-04-06T23:21:15.695+0000] {processor.py:840} INFO - DAG(s) 'example_task_group_decorator' retrieved from /home/malangdataguy/miniconda3/envs/airflow_mdg/lib/python3.8/site-packages/airflow/example_dags/example_task_group_decorator.py
[2024-04-06T23:21:15.720+0000] {logging_mixin.py:188} INFO - [2024-04-06T23:21:15.720+0000] {dag.py:3047} INFO - Sync 1 DAGs
[2024-04-06T23:21:15.744+0000] {logging_mixin.py:188} INFO - [2024-04-06T23:21:15.744+0000] {dag.py:3834} INFO - Setting next_dagrun for example_task_group_decorator to 2024-04-05 00:00:00+00:00, run_after=2024-04-06 00:00:00+00:00
[2024-04-06T23:21:15.771+0000] {processor.py:183} INFO - Processing /home/malangdataguy/miniconda3/envs/airflow_mdg/lib/python3.8/site-packages/airflow/example_dags/example_task_group_decorator.py took 0.106 seconds
[2024-04-06T23:22:16.589+0000] {processor.py:161} INFO - Started process (PID=69171) to work on /home/malangdataguy/miniconda3/envs/airflow_mdg/lib/python3.8/site-packages/airflow/example_dags/example_task_group_decorator.py
[2024-04-06T23:22:16.592+0000] {processor.py:830} INFO - Processing file /home/malangdataguy/miniconda3/envs/airflow_mdg/lib/python3.8/site-packages/airflow/example_dags/example_task_group_decorator.py for tasks to queue
[2024-04-06T23:22:16.594+0000] {logging_mixin.py:188} INFO - [2024-04-06T23:22:16.593+0000] {dagbag.py:540} INFO - Filling up the DagBag from /home/malangdataguy/miniconda3/envs/airflow_mdg/lib/python3.8/site-packages/airflow/example_dags/example_task_group_decorator.py
[2024-04-06T23:22:16.617+0000] {processor.py:840} INFO - DAG(s) 'example_task_group_decorator' retrieved from /home/malangdataguy/miniconda3/envs/airflow_mdg/lib/python3.8/site-packages/airflow/example_dags/example_task_group_decorator.py
[2024-04-06T23:22:16.647+0000] {logging_mixin.py:188} INFO - [2024-04-06T23:22:16.647+0000] {dag.py:3047} INFO - Sync 1 DAGs
[2024-04-06T23:22:16.679+0000] {logging_mixin.py:188} INFO - [2024-04-06T23:22:16.679+0000] {dag.py:3834} INFO - Setting next_dagrun for example_task_group_decorator to 2024-04-05 00:00:00+00:00, run_after=2024-04-06 00:00:00+00:00
[2024-04-06T23:22:16.714+0000] {processor.py:183} INFO - Processing /home/malangdataguy/miniconda3/envs/airflow_mdg/lib/python3.8/site-packages/airflow/example_dags/example_task_group_decorator.py took 0.131 seconds
[2024-04-06T23:40:29.997+0000] {processor.py:161} INFO - Started process (PID=69288) to work on /home/malangdataguy/miniconda3/envs/airflow_mdg/lib/python3.8/site-packages/airflow/example_dags/example_task_group_decorator.py
[2024-04-06T23:40:30.000+0000] {processor.py:830} INFO - Processing file /home/malangdataguy/miniconda3/envs/airflow_mdg/lib/python3.8/site-packages/airflow/example_dags/example_task_group_decorator.py for tasks to queue
[2024-04-06T23:40:30.002+0000] {logging_mixin.py:188} INFO - [2024-04-06T23:40:30.001+0000] {dagbag.py:540} INFO - Filling up the DagBag from /home/malangdataguy/miniconda3/envs/airflow_mdg/lib/python3.8/site-packages/airflow/example_dags/example_task_group_decorator.py
[2024-04-06T23:40:30.028+0000] {processor.py:840} INFO - DAG(s) 'example_task_group_decorator' retrieved from /home/malangdataguy/miniconda3/envs/airflow_mdg/lib/python3.8/site-packages/airflow/example_dags/example_task_group_decorator.py
[2024-04-06T23:40:30.060+0000] {logging_mixin.py:188} INFO - [2024-04-06T23:40:30.060+0000] {dag.py:3047} INFO - Sync 1 DAGs
[2024-04-06T23:40:30.091+0000] {logging_mixin.py:188} INFO - [2024-04-06T23:40:30.091+0000] {dag.py:3834} INFO - Setting next_dagrun for example_task_group_decorator to 2024-04-05 00:00:00+00:00, run_after=2024-04-06 00:00:00+00:00
[2024-04-06T23:40:30.121+0000] {processor.py:183} INFO - Processing /home/malangdataguy/miniconda3/envs/airflow_mdg/lib/python3.8/site-packages/airflow/example_dags/example_task_group_decorator.py took 0.129 seconds
[2024-04-06T23:41:21.181+0000] {processor.py:161} INFO - Started process (PID=69338) to work on /home/malangdataguy/miniconda3/envs/airflow_mdg/lib/python3.8/site-packages/airflow/example_dags/example_task_group_decorator.py
[2024-04-06T23:41:21.184+0000] {processor.py:830} INFO - Processing file /home/malangdataguy/miniconda3/envs/airflow_mdg/lib/python3.8/site-packages/airflow/example_dags/example_task_group_decorator.py for tasks to queue
[2024-04-06T23:41:21.186+0000] {logging_mixin.py:188} INFO - [2024-04-06T23:41:21.185+0000] {dagbag.py:540} INFO - Filling up the DagBag from /home/malangdataguy/miniconda3/envs/airflow_mdg/lib/python3.8/site-packages/airflow/example_dags/example_task_group_decorator.py
[2024-04-06T23:41:21.210+0000] {processor.py:840} INFO - DAG(s) 'example_task_group_decorator' retrieved from /home/malangdataguy/miniconda3/envs/airflow_mdg/lib/python3.8/site-packages/airflow/example_dags/example_task_group_decorator.py
[2024-04-06T23:41:21.241+0000] {logging_mixin.py:188} INFO - [2024-04-06T23:41:21.241+0000] {dag.py:3047} INFO - Sync 1 DAGs
[2024-04-06T23:41:21.275+0000] {logging_mixin.py:188} INFO - [2024-04-06T23:41:21.274+0000] {dag.py:3834} INFO - Setting next_dagrun for example_task_group_decorator to 2024-04-05 00:00:00+00:00, run_after=2024-04-06 00:00:00+00:00
[2024-04-06T23:41:21.313+0000] {processor.py:183} INFO - Processing /home/malangdataguy/miniconda3/envs/airflow_mdg/lib/python3.8/site-packages/airflow/example_dags/example_task_group_decorator.py took 0.137 seconds
[2024-04-06T23:42:13.036+0000] {processor.py:161} INFO - Started process (PID=69388) to work on /home/malangdataguy/miniconda3/envs/airflow_mdg/lib/python3.8/site-packages/airflow/example_dags/example_task_group_decorator.py
[2024-04-06T23:42:13.038+0000] {processor.py:830} INFO - Processing file /home/malangdataguy/miniconda3/envs/airflow_mdg/lib/python3.8/site-packages/airflow/example_dags/example_task_group_decorator.py for tasks to queue
[2024-04-06T23:42:13.040+0000] {logging_mixin.py:188} INFO - [2024-04-06T23:42:13.039+0000] {dagbag.py:540} INFO - Filling up the DagBag from /home/malangdataguy/miniconda3/envs/airflow_mdg/lib/python3.8/site-packages/airflow/example_dags/example_task_group_decorator.py
[2024-04-06T23:42:13.060+0000] {processor.py:840} INFO - DAG(s) 'example_task_group_decorator' retrieved from /home/malangdataguy/miniconda3/envs/airflow_mdg/lib/python3.8/site-packages/airflow/example_dags/example_task_group_decorator.py
[2024-04-06T23:42:13.086+0000] {logging_mixin.py:188} INFO - [2024-04-06T23:42:13.086+0000] {dag.py:3047} INFO - Sync 1 DAGs
[2024-04-06T23:42:13.110+0000] {logging_mixin.py:188} INFO - [2024-04-06T23:42:13.110+0000] {dag.py:3834} INFO - Setting next_dagrun for example_task_group_decorator to 2024-04-05 00:00:00+00:00, run_after=2024-04-06 00:00:00+00:00
[2024-04-06T23:42:13.138+0000] {processor.py:183} INFO - Processing /home/malangdataguy/miniconda3/envs/airflow_mdg/lib/python3.8/site-packages/airflow/example_dags/example_task_group_decorator.py took 0.107 seconds
[2024-04-06T23:42:57.237+0000] {processor.py:161} INFO - Started process (PID=69432) to work on /home/malangdataguy/miniconda3/envs/airflow_mdg/lib/python3.8/site-packages/airflow/example_dags/example_task_group_decorator.py
[2024-04-06T23:42:57.239+0000] {processor.py:830} INFO - Processing file /home/malangdataguy/miniconda3/envs/airflow_mdg/lib/python3.8/site-packages/airflow/example_dags/example_task_group_decorator.py for tasks to queue
[2024-04-06T23:42:57.241+0000] {logging_mixin.py:188} INFO - [2024-04-06T23:42:57.240+0000] {dagbag.py:540} INFO - Filling up the DagBag from /home/malangdataguy/miniconda3/envs/airflow_mdg/lib/python3.8/site-packages/airflow/example_dags/example_task_group_decorator.py
[2024-04-06T23:42:57.267+0000] {processor.py:840} INFO - DAG(s) 'example_task_group_decorator' retrieved from /home/malangdataguy/miniconda3/envs/airflow_mdg/lib/python3.8/site-packages/airflow/example_dags/example_task_group_decorator.py
[2024-04-06T23:42:57.298+0000] {logging_mixin.py:188} INFO - [2024-04-06T23:42:57.298+0000] {dag.py:3047} INFO - Sync 1 DAGs
[2024-04-06T23:42:57.328+0000] {logging_mixin.py:188} INFO - [2024-04-06T23:42:57.327+0000] {dag.py:3834} INFO - Setting next_dagrun for example_task_group_decorator to 2024-04-05 00:00:00+00:00, run_after=2024-04-06 00:00:00+00:00
[2024-04-06T23:42:57.360+0000] {processor.py:183} INFO - Processing /home/malangdataguy/miniconda3/envs/airflow_mdg/lib/python3.8/site-packages/airflow/example_dags/example_task_group_decorator.py took 0.130 seconds
[2024-04-06T23:43:42.853+0000] {processor.py:161} INFO - Started process (PID=69487) to work on /home/malangdataguy/miniconda3/envs/airflow_mdg/lib/python3.8/site-packages/airflow/example_dags/example_task_group_decorator.py
[2024-04-06T23:43:42.855+0000] {processor.py:830} INFO - Processing file /home/malangdataguy/miniconda3/envs/airflow_mdg/lib/python3.8/site-packages/airflow/example_dags/example_task_group_decorator.py for tasks to queue
[2024-04-06T23:43:42.857+0000] {logging_mixin.py:188} INFO - [2024-04-06T23:43:42.856+0000] {dagbag.py:540} INFO - Filling up the DagBag from /home/malangdataguy/miniconda3/envs/airflow_mdg/lib/python3.8/site-packages/airflow/example_dags/example_task_group_decorator.py
[2024-04-06T23:43:42.879+0000] {processor.py:840} INFO - DAG(s) 'example_task_group_decorator' retrieved from /home/malangdataguy/miniconda3/envs/airflow_mdg/lib/python3.8/site-packages/airflow/example_dags/example_task_group_decorator.py
[2024-04-06T23:43:42.908+0000] {logging_mixin.py:188} INFO - [2024-04-06T23:43:42.908+0000] {dag.py:3047} INFO - Sync 1 DAGs
[2024-04-06T23:43:42.935+0000] {logging_mixin.py:188} INFO - [2024-04-06T23:43:42.935+0000] {dag.py:3834} INFO - Setting next_dagrun for example_task_group_decorator to 2024-04-05 00:00:00+00:00, run_after=2024-04-06 00:00:00+00:00
[2024-04-06T23:43:42.966+0000] {processor.py:183} INFO - Processing /home/malangdataguy/miniconda3/envs/airflow_mdg/lib/python3.8/site-packages/airflow/example_dags/example_task_group_decorator.py took 0.118 seconds
[2024-04-06T23:44:27.118+0000] {processor.py:161} INFO - Started process (PID=69537) to work on /home/malangdataguy/miniconda3/envs/airflow_mdg/lib/python3.8/site-packages/airflow/example_dags/example_task_group_decorator.py
[2024-04-06T23:44:27.121+0000] {processor.py:830} INFO - Processing file /home/malangdataguy/miniconda3/envs/airflow_mdg/lib/python3.8/site-packages/airflow/example_dags/example_task_group_decorator.py for tasks to queue
[2024-04-06T23:44:27.123+0000] {logging_mixin.py:188} INFO - [2024-04-06T23:44:27.122+0000] {dagbag.py:540} INFO - Filling up the DagBag from /home/malangdataguy/miniconda3/envs/airflow_mdg/lib/python3.8/site-packages/airflow/example_dags/example_task_group_decorator.py
[2024-04-06T23:44:27.145+0000] {processor.py:840} INFO - DAG(s) 'example_task_group_decorator' retrieved from /home/malangdataguy/miniconda3/envs/airflow_mdg/lib/python3.8/site-packages/airflow/example_dags/example_task_group_decorator.py
[2024-04-06T23:44:27.174+0000] {logging_mixin.py:188} INFO - [2024-04-06T23:44:27.174+0000] {dag.py:3047} INFO - Sync 1 DAGs
[2024-04-06T23:44:27.203+0000] {logging_mixin.py:188} INFO - [2024-04-06T23:44:27.202+0000] {dag.py:3834} INFO - Setting next_dagrun for example_task_group_decorator to 2024-04-05 00:00:00+00:00, run_after=2024-04-06 00:00:00+00:00
[2024-04-06T23:44:27.236+0000] {processor.py:183} INFO - Processing /home/malangdataguy/miniconda3/envs/airflow_mdg/lib/python3.8/site-packages/airflow/example_dags/example_task_group_decorator.py took 0.123 seconds
[2024-04-06T23:45:09.133+0000] {processor.py:161} INFO - Started process (PID=69583) to work on /home/malangdataguy/miniconda3/envs/airflow_mdg/lib/python3.8/site-packages/airflow/example_dags/example_task_group_decorator.py
[2024-04-06T23:45:09.136+0000] {processor.py:830} INFO - Processing file /home/malangdataguy/miniconda3/envs/airflow_mdg/lib/python3.8/site-packages/airflow/example_dags/example_task_group_decorator.py for tasks to queue
[2024-04-06T23:45:09.138+0000] {logging_mixin.py:188} INFO - [2024-04-06T23:45:09.137+0000] {dagbag.py:540} INFO - Filling up the DagBag from /home/malangdataguy/miniconda3/envs/airflow_mdg/lib/python3.8/site-packages/airflow/example_dags/example_task_group_decorator.py
[2024-04-06T23:45:09.161+0000] {processor.py:840} INFO - DAG(s) 'example_task_group_decorator' retrieved from /home/malangdataguy/miniconda3/envs/airflow_mdg/lib/python3.8/site-packages/airflow/example_dags/example_task_group_decorator.py
[2024-04-06T23:45:09.190+0000] {logging_mixin.py:188} INFO - [2024-04-06T23:45:09.190+0000] {dag.py:3047} INFO - Sync 1 DAGs
[2024-04-06T23:45:09.218+0000] {logging_mixin.py:188} INFO - [2024-04-06T23:45:09.218+0000] {dag.py:3834} INFO - Setting next_dagrun for example_task_group_decorator to 2024-04-05 00:00:00+00:00, run_after=2024-04-06 00:00:00+00:00
[2024-04-06T23:45:09.254+0000] {processor.py:183} INFO - Processing /home/malangdataguy/miniconda3/envs/airflow_mdg/lib/python3.8/site-packages/airflow/example_dags/example_task_group_decorator.py took 0.126 seconds
[2024-04-06T23:45:52.738+0000] {processor.py:161} INFO - Started process (PID=69628) to work on /home/malangdataguy/miniconda3/envs/airflow_mdg/lib/python3.8/site-packages/airflow/example_dags/example_task_group_decorator.py
[2024-04-06T23:45:52.740+0000] {processor.py:830} INFO - Processing file /home/malangdataguy/miniconda3/envs/airflow_mdg/lib/python3.8/site-packages/airflow/example_dags/example_task_group_decorator.py for tasks to queue
[2024-04-06T23:45:52.742+0000] {logging_mixin.py:188} INFO - [2024-04-06T23:45:52.741+0000] {dagbag.py:540} INFO - Filling up the DagBag from /home/malangdataguy/miniconda3/envs/airflow_mdg/lib/python3.8/site-packages/airflow/example_dags/example_task_group_decorator.py
[2024-04-06T23:45:52.765+0000] {processor.py:840} INFO - DAG(s) 'example_task_group_decorator' retrieved from /home/malangdataguy/miniconda3/envs/airflow_mdg/lib/python3.8/site-packages/airflow/example_dags/example_task_group_decorator.py
[2024-04-06T23:45:52.796+0000] {logging_mixin.py:188} INFO - [2024-04-06T23:45:52.796+0000] {dag.py:3047} INFO - Sync 1 DAGs
[2024-04-06T23:45:52.824+0000] {logging_mixin.py:188} INFO - [2024-04-06T23:45:52.824+0000] {dag.py:3834} INFO - Setting next_dagrun for example_task_group_decorator to 2024-04-05 00:00:00+00:00, run_after=2024-04-06 00:00:00+00:00
[2024-04-06T23:45:52.856+0000] {processor.py:183} INFO - Processing /home/malangdataguy/miniconda3/envs/airflow_mdg/lib/python3.8/site-packages/airflow/example_dags/example_task_group_decorator.py took 0.124 seconds
[2024-04-06T23:46:33.690+0000] {processor.py:161} INFO - Started process (PID=69678) to work on /home/malangdataguy/miniconda3/envs/airflow_mdg/lib/python3.8/site-packages/airflow/example_dags/example_task_group_decorator.py
[2024-04-06T23:46:33.693+0000] {processor.py:830} INFO - Processing file /home/malangdataguy/miniconda3/envs/airflow_mdg/lib/python3.8/site-packages/airflow/example_dags/example_task_group_decorator.py for tasks to queue
[2024-04-06T23:46:33.694+0000] {logging_mixin.py:188} INFO - [2024-04-06T23:46:33.693+0000] {dagbag.py:540} INFO - Filling up the DagBag from /home/malangdataguy/miniconda3/envs/airflow_mdg/lib/python3.8/site-packages/airflow/example_dags/example_task_group_decorator.py
[2024-04-06T23:46:33.717+0000] {processor.py:840} INFO - DAG(s) 'example_task_group_decorator' retrieved from /home/malangdataguy/miniconda3/envs/airflow_mdg/lib/python3.8/site-packages/airflow/example_dags/example_task_group_decorator.py
[2024-04-06T23:46:33.751+0000] {logging_mixin.py:188} INFO - [2024-04-06T23:46:33.751+0000] {dag.py:3047} INFO - Sync 1 DAGs
[2024-04-06T23:46:33.788+0000] {logging_mixin.py:188} INFO - [2024-04-06T23:46:33.787+0000] {dag.py:3834} INFO - Setting next_dagrun for example_task_group_decorator to 2024-04-05 00:00:00+00:00, run_after=2024-04-06 00:00:00+00:00
[2024-04-06T23:46:33.824+0000] {processor.py:183} INFO - Processing /home/malangdataguy/miniconda3/envs/airflow_mdg/lib/python3.8/site-packages/airflow/example_dags/example_task_group_decorator.py took 0.138 seconds
[2024-04-06T23:47:13.844+0000] {processor.py:161} INFO - Started process (PID=69743) to work on /home/malangdataguy/miniconda3/envs/airflow_mdg/lib/python3.8/site-packages/airflow/example_dags/example_task_group_decorator.py
[2024-04-06T23:47:13.847+0000] {processor.py:830} INFO - Processing file /home/malangdataguy/miniconda3/envs/airflow_mdg/lib/python3.8/site-packages/airflow/example_dags/example_task_group_decorator.py for tasks to queue
[2024-04-06T23:47:13.848+0000] {logging_mixin.py:188} INFO - [2024-04-06T23:47:13.848+0000] {dagbag.py:540} INFO - Filling up the DagBag from /home/malangdataguy/miniconda3/envs/airflow_mdg/lib/python3.8/site-packages/airflow/example_dags/example_task_group_decorator.py
[2024-04-06T23:47:13.868+0000] {processor.py:840} INFO - DAG(s) 'example_task_group_decorator' retrieved from /home/malangdataguy/miniconda3/envs/airflow_mdg/lib/python3.8/site-packages/airflow/example_dags/example_task_group_decorator.py
[2024-04-06T23:47:13.895+0000] {logging_mixin.py:188} INFO - [2024-04-06T23:47:13.894+0000] {dag.py:3047} INFO - Sync 1 DAGs
[2024-04-06T23:47:13.919+0000] {logging_mixin.py:188} INFO - [2024-04-06T23:47:13.919+0000] {dag.py:3834} INFO - Setting next_dagrun for example_task_group_decorator to 2024-04-05 00:00:00+00:00, run_after=2024-04-06 00:00:00+00:00
[2024-04-06T23:47:13.950+0000] {processor.py:183} INFO - Processing /home/malangdataguy/miniconda3/envs/airflow_mdg/lib/python3.8/site-packages/airflow/example_dags/example_task_group_decorator.py took 0.110 seconds
[2024-04-06T23:47:55.148+0000] {processor.py:161} INFO - Started process (PID=69784) to work on /home/malangdataguy/miniconda3/envs/airflow_mdg/lib/python3.8/site-packages/airflow/example_dags/example_task_group_decorator.py
[2024-04-06T23:47:55.151+0000] {processor.py:830} INFO - Processing file /home/malangdataguy/miniconda3/envs/airflow_mdg/lib/python3.8/site-packages/airflow/example_dags/example_task_group_decorator.py for tasks to queue
[2024-04-06T23:47:55.153+0000] {logging_mixin.py:188} INFO - [2024-04-06T23:47:55.152+0000] {dagbag.py:540} INFO - Filling up the DagBag from /home/malangdataguy/miniconda3/envs/airflow_mdg/lib/python3.8/site-packages/airflow/example_dags/example_task_group_decorator.py
[2024-04-06T23:47:55.173+0000] {processor.py:840} INFO - DAG(s) 'example_task_group_decorator' retrieved from /home/malangdataguy/miniconda3/envs/airflow_mdg/lib/python3.8/site-packages/airflow/example_dags/example_task_group_decorator.py
[2024-04-06T23:47:55.201+0000] {logging_mixin.py:188} INFO - [2024-04-06T23:47:55.200+0000] {dag.py:3047} INFO - Sync 1 DAGs
[2024-04-06T23:47:55.230+0000] {logging_mixin.py:188} INFO - [2024-04-06T23:47:55.230+0000] {dag.py:3834} INFO - Setting next_dagrun for example_task_group_decorator to 2024-04-05 00:00:00+00:00, run_after=2024-04-06 00:00:00+00:00
[2024-04-06T23:47:55.261+0000] {processor.py:183} INFO - Processing /home/malangdataguy/miniconda3/envs/airflow_mdg/lib/python3.8/site-packages/airflow/example_dags/example_task_group_decorator.py took 0.119 seconds
[2024-04-06T23:48:37.264+0000] {processor.py:161} INFO - Started process (PID=69833) to work on /home/malangdataguy/miniconda3/envs/airflow_mdg/lib/python3.8/site-packages/airflow/example_dags/example_task_group_decorator.py
[2024-04-06T23:48:37.267+0000] {processor.py:830} INFO - Processing file /home/malangdataguy/miniconda3/envs/airflow_mdg/lib/python3.8/site-packages/airflow/example_dags/example_task_group_decorator.py for tasks to queue
[2024-04-06T23:48:37.269+0000] {logging_mixin.py:188} INFO - [2024-04-06T23:48:37.268+0000] {dagbag.py:540} INFO - Filling up the DagBag from /home/malangdataguy/miniconda3/envs/airflow_mdg/lib/python3.8/site-packages/airflow/example_dags/example_task_group_decorator.py
[2024-04-06T23:48:37.293+0000] {processor.py:840} INFO - DAG(s) 'example_task_group_decorator' retrieved from /home/malangdataguy/miniconda3/envs/airflow_mdg/lib/python3.8/site-packages/airflow/example_dags/example_task_group_decorator.py
[2024-04-06T23:48:37.323+0000] {logging_mixin.py:188} INFO - [2024-04-06T23:48:37.322+0000] {dag.py:3047} INFO - Sync 1 DAGs
[2024-04-06T23:48:37.353+0000] {logging_mixin.py:188} INFO - [2024-04-06T23:48:37.353+0000] {dag.py:3834} INFO - Setting next_dagrun for example_task_group_decorator to 2024-04-05 00:00:00+00:00, run_after=2024-04-06 00:00:00+00:00
[2024-04-06T23:48:37.387+0000] {processor.py:183} INFO - Processing /home/malangdataguy/miniconda3/envs/airflow_mdg/lib/python3.8/site-packages/airflow/example_dags/example_task_group_decorator.py took 0.129 seconds
[2024-04-06T23:49:19.371+0000] {processor.py:161} INFO - Started process (PID=69873) to work on /home/malangdataguy/miniconda3/envs/airflow_mdg/lib/python3.8/site-packages/airflow/example_dags/example_task_group_decorator.py
[2024-04-06T23:49:19.374+0000] {processor.py:830} INFO - Processing file /home/malangdataguy/miniconda3/envs/airflow_mdg/lib/python3.8/site-packages/airflow/example_dags/example_task_group_decorator.py for tasks to queue
[2024-04-06T23:49:19.375+0000] {logging_mixin.py:188} INFO - [2024-04-06T23:49:19.375+0000] {dagbag.py:540} INFO - Filling up the DagBag from /home/malangdataguy/miniconda3/envs/airflow_mdg/lib/python3.8/site-packages/airflow/example_dags/example_task_group_decorator.py
[2024-04-06T23:49:19.398+0000] {processor.py:840} INFO - DAG(s) 'example_task_group_decorator' retrieved from /home/malangdataguy/miniconda3/envs/airflow_mdg/lib/python3.8/site-packages/airflow/example_dags/example_task_group_decorator.py
[2024-04-06T23:49:19.427+0000] {logging_mixin.py:188} INFO - [2024-04-06T23:49:19.426+0000] {dag.py:3047} INFO - Sync 1 DAGs
[2024-04-06T23:49:19.455+0000] {logging_mixin.py:188} INFO - [2024-04-06T23:49:19.455+0000] {dag.py:3834} INFO - Setting next_dagrun for example_task_group_decorator to 2024-04-05 00:00:00+00:00, run_after=2024-04-06 00:00:00+00:00
[2024-04-06T23:49:19.490+0000] {processor.py:183} INFO - Processing /home/malangdataguy/miniconda3/envs/airflow_mdg/lib/python3.8/site-packages/airflow/example_dags/example_task_group_decorator.py took 0.125 seconds
[2024-04-06T23:50:02.121+0000] {processor.py:161} INFO - Started process (PID=69919) to work on /home/malangdataguy/miniconda3/envs/airflow_mdg/lib/python3.8/site-packages/airflow/example_dags/example_task_group_decorator.py
[2024-04-06T23:50:02.123+0000] {processor.py:830} INFO - Processing file /home/malangdataguy/miniconda3/envs/airflow_mdg/lib/python3.8/site-packages/airflow/example_dags/example_task_group_decorator.py for tasks to queue
[2024-04-06T23:50:02.125+0000] {logging_mixin.py:188} INFO - [2024-04-06T23:50:02.124+0000] {dagbag.py:540} INFO - Filling up the DagBag from /home/malangdataguy/miniconda3/envs/airflow_mdg/lib/python3.8/site-packages/airflow/example_dags/example_task_group_decorator.py
[2024-04-06T23:50:02.147+0000] {processor.py:840} INFO - DAG(s) 'example_task_group_decorator' retrieved from /home/malangdataguy/miniconda3/envs/airflow_mdg/lib/python3.8/site-packages/airflow/example_dags/example_task_group_decorator.py
[2024-04-06T23:50:02.178+0000] {logging_mixin.py:188} INFO - [2024-04-06T23:50:02.177+0000] {dag.py:3047} INFO - Sync 1 DAGs
[2024-04-06T23:50:02.207+0000] {logging_mixin.py:188} INFO - [2024-04-06T23:50:02.207+0000] {dag.py:3834} INFO - Setting next_dagrun for example_task_group_decorator to 2024-04-05 00:00:00+00:00, run_after=2024-04-06 00:00:00+00:00
[2024-04-06T23:50:02.242+0000] {processor.py:183} INFO - Processing /home/malangdataguy/miniconda3/envs/airflow_mdg/lib/python3.8/site-packages/airflow/example_dags/example_task_group_decorator.py took 0.127 seconds
[2024-04-06T23:51:01.425+0000] {processor.py:161} INFO - Started process (PID=69978) to work on /home/malangdataguy/miniconda3/envs/airflow_mdg/lib/python3.8/site-packages/airflow/example_dags/example_task_group_decorator.py
[2024-04-06T23:51:01.428+0000] {processor.py:830} INFO - Processing file /home/malangdataguy/miniconda3/envs/airflow_mdg/lib/python3.8/site-packages/airflow/example_dags/example_task_group_decorator.py for tasks to queue
[2024-04-06T23:51:01.429+0000] {logging_mixin.py:188} INFO - [2024-04-06T23:51:01.429+0000] {dagbag.py:540} INFO - Filling up the DagBag from /home/malangdataguy/miniconda3/envs/airflow_mdg/lib/python3.8/site-packages/airflow/example_dags/example_task_group_decorator.py
[2024-04-06T23:51:01.453+0000] {processor.py:840} INFO - DAG(s) 'example_task_group_decorator' retrieved from /home/malangdataguy/miniconda3/envs/airflow_mdg/lib/python3.8/site-packages/airflow/example_dags/example_task_group_decorator.py
[2024-04-06T23:51:01.485+0000] {logging_mixin.py:188} INFO - [2024-04-06T23:51:01.484+0000] {dag.py:3047} INFO - Sync 1 DAGs
[2024-04-06T23:51:01.514+0000] {logging_mixin.py:188} INFO - [2024-04-06T23:51:01.514+0000] {dag.py:3834} INFO - Setting next_dagrun for example_task_group_decorator to 2024-04-05 00:00:00+00:00, run_after=2024-04-06 00:00:00+00:00
[2024-04-06T23:51:01.552+0000] {processor.py:183} INFO - Processing /home/malangdataguy/miniconda3/envs/airflow_mdg/lib/python3.8/site-packages/airflow/example_dags/example_task_group_decorator.py took 0.132 seconds
[2024-04-06T23:51:44.726+0000] {processor.py:161} INFO - Started process (PID=70023) to work on /home/malangdataguy/miniconda3/envs/airflow_mdg/lib/python3.8/site-packages/airflow/example_dags/example_task_group_decorator.py
[2024-04-06T23:51:44.730+0000] {processor.py:830} INFO - Processing file /home/malangdataguy/miniconda3/envs/airflow_mdg/lib/python3.8/site-packages/airflow/example_dags/example_task_group_decorator.py for tasks to queue
[2024-04-06T23:51:44.731+0000] {logging_mixin.py:188} INFO - [2024-04-06T23:51:44.730+0000] {dagbag.py:540} INFO - Filling up the DagBag from /home/malangdataguy/miniconda3/envs/airflow_mdg/lib/python3.8/site-packages/airflow/example_dags/example_task_group_decorator.py
[2024-04-06T23:51:44.752+0000] {processor.py:840} INFO - DAG(s) 'example_task_group_decorator' retrieved from /home/malangdataguy/miniconda3/envs/airflow_mdg/lib/python3.8/site-packages/airflow/example_dags/example_task_group_decorator.py
[2024-04-06T23:51:44.778+0000] {logging_mixin.py:188} INFO - [2024-04-06T23:51:44.777+0000] {dag.py:3047} INFO - Sync 1 DAGs
[2024-04-06T23:51:44.802+0000] {logging_mixin.py:188} INFO - [2024-04-06T23:51:44.802+0000] {dag.py:3834} INFO - Setting next_dagrun for example_task_group_decorator to 2024-04-05 00:00:00+00:00, run_after=2024-04-06 00:00:00+00:00
[2024-04-06T23:51:44.831+0000] {processor.py:183} INFO - Processing /home/malangdataguy/miniconda3/envs/airflow_mdg/lib/python3.8/site-packages/airflow/example_dags/example_task_group_decorator.py took 0.109 seconds
[2024-04-06T23:52:28.234+0000] {processor.py:161} INFO - Started process (PID=70069) to work on /home/malangdataguy/miniconda3/envs/airflow_mdg/lib/python3.8/site-packages/airflow/example_dags/example_task_group_decorator.py
[2024-04-06T23:52:28.236+0000] {processor.py:830} INFO - Processing file /home/malangdataguy/miniconda3/envs/airflow_mdg/lib/python3.8/site-packages/airflow/example_dags/example_task_group_decorator.py for tasks to queue
[2024-04-06T23:52:28.237+0000] {logging_mixin.py:188} INFO - [2024-04-06T23:52:28.237+0000] {dagbag.py:540} INFO - Filling up the DagBag from /home/malangdataguy/miniconda3/envs/airflow_mdg/lib/python3.8/site-packages/airflow/example_dags/example_task_group_decorator.py
[2024-04-06T23:52:28.258+0000] {processor.py:840} INFO - DAG(s) 'example_task_group_decorator' retrieved from /home/malangdataguy/miniconda3/envs/airflow_mdg/lib/python3.8/site-packages/airflow/example_dags/example_task_group_decorator.py
[2024-04-06T23:52:28.285+0000] {logging_mixin.py:188} INFO - [2024-04-06T23:52:28.284+0000] {dag.py:3047} INFO - Sync 1 DAGs
[2024-04-06T23:52:28.310+0000] {logging_mixin.py:188} INFO - [2024-04-06T23:52:28.310+0000] {dag.py:3834} INFO - Setting next_dagrun for example_task_group_decorator to 2024-04-05 00:00:00+00:00, run_after=2024-04-06 00:00:00+00:00
[2024-04-06T23:52:28.342+0000] {processor.py:183} INFO - Processing /home/malangdataguy/miniconda3/envs/airflow_mdg/lib/python3.8/site-packages/airflow/example_dags/example_task_group_decorator.py took 0.113 seconds
[2024-04-06T23:53:11.535+0000] {processor.py:161} INFO - Started process (PID=70111) to work on /home/malangdataguy/miniconda3/envs/airflow_mdg/lib/python3.8/site-packages/airflow/example_dags/example_task_group_decorator.py
[2024-04-06T23:53:11.538+0000] {processor.py:830} INFO - Processing file /home/malangdataguy/miniconda3/envs/airflow_mdg/lib/python3.8/site-packages/airflow/example_dags/example_task_group_decorator.py for tasks to queue
[2024-04-06T23:53:11.539+0000] {logging_mixin.py:188} INFO - [2024-04-06T23:53:11.538+0000] {dagbag.py:540} INFO - Filling up the DagBag from /home/malangdataguy/miniconda3/envs/airflow_mdg/lib/python3.8/site-packages/airflow/example_dags/example_task_group_decorator.py
[2024-04-06T23:53:11.559+0000] {processor.py:840} INFO - DAG(s) 'example_task_group_decorator' retrieved from /home/malangdataguy/miniconda3/envs/airflow_mdg/lib/python3.8/site-packages/airflow/example_dags/example_task_group_decorator.py
[2024-04-06T23:53:11.585+0000] {logging_mixin.py:188} INFO - [2024-04-06T23:53:11.585+0000] {dag.py:3047} INFO - Sync 1 DAGs
[2024-04-06T23:53:11.611+0000] {logging_mixin.py:188} INFO - [2024-04-06T23:53:11.611+0000] {dag.py:3834} INFO - Setting next_dagrun for example_task_group_decorator to 2024-04-05 00:00:00+00:00, run_after=2024-04-06 00:00:00+00:00
[2024-04-06T23:53:11.640+0000] {processor.py:183} INFO - Processing /home/malangdataguy/miniconda3/envs/airflow_mdg/lib/python3.8/site-packages/airflow/example_dags/example_task_group_decorator.py took 0.110 seconds
[2024-04-06T23:53:57.229+0000] {processor.py:161} INFO - Started process (PID=70172) to work on /home/malangdataguy/miniconda3/envs/airflow_mdg/lib/python3.8/site-packages/airflow/example_dags/example_task_group_decorator.py
[2024-04-06T23:53:57.232+0000] {processor.py:830} INFO - Processing file /home/malangdataguy/miniconda3/envs/airflow_mdg/lib/python3.8/site-packages/airflow/example_dags/example_task_group_decorator.py for tasks to queue
[2024-04-06T23:53:57.233+0000] {logging_mixin.py:188} INFO - [2024-04-06T23:53:57.232+0000] {dagbag.py:540} INFO - Filling up the DagBag from /home/malangdataguy/miniconda3/envs/airflow_mdg/lib/python3.8/site-packages/airflow/example_dags/example_task_group_decorator.py
[2024-04-06T23:53:57.257+0000] {processor.py:840} INFO - DAG(s) 'example_task_group_decorator' retrieved from /home/malangdataguy/miniconda3/envs/airflow_mdg/lib/python3.8/site-packages/airflow/example_dags/example_task_group_decorator.py
[2024-04-06T23:53:57.287+0000] {logging_mixin.py:188} INFO - [2024-04-06T23:53:57.287+0000] {dag.py:3047} INFO - Sync 1 DAGs
[2024-04-06T23:53:57.315+0000] {logging_mixin.py:188} INFO - [2024-04-06T23:53:57.315+0000] {dag.py:3834} INFO - Setting next_dagrun for example_task_group_decorator to 2024-04-05 00:00:00+00:00, run_after=2024-04-06 00:00:00+00:00
[2024-04-06T23:53:57.349+0000] {processor.py:183} INFO - Processing /home/malangdataguy/miniconda3/envs/airflow_mdg/lib/python3.8/site-packages/airflow/example_dags/example_task_group_decorator.py took 0.126 seconds
[2024-04-06T23:54:39.905+0000] {processor.py:161} INFO - Started process (PID=70238) to work on /home/malangdataguy/miniconda3/envs/airflow_mdg/lib/python3.8/site-packages/airflow/example_dags/example_task_group_decorator.py
[2024-04-06T23:54:39.908+0000] {processor.py:830} INFO - Processing file /home/malangdataguy/miniconda3/envs/airflow_mdg/lib/python3.8/site-packages/airflow/example_dags/example_task_group_decorator.py for tasks to queue
[2024-04-06T23:54:39.910+0000] {logging_mixin.py:188} INFO - [2024-04-06T23:54:39.909+0000] {dagbag.py:540} INFO - Filling up the DagBag from /home/malangdataguy/miniconda3/envs/airflow_mdg/lib/python3.8/site-packages/airflow/example_dags/example_task_group_decorator.py
[2024-04-06T23:54:39.932+0000] {processor.py:840} INFO - DAG(s) 'example_task_group_decorator' retrieved from /home/malangdataguy/miniconda3/envs/airflow_mdg/lib/python3.8/site-packages/airflow/example_dags/example_task_group_decorator.py
[2024-04-06T23:54:39.962+0000] {logging_mixin.py:188} INFO - [2024-04-06T23:54:39.961+0000] {dag.py:3047} INFO - Sync 1 DAGs
[2024-04-06T23:54:39.991+0000] {logging_mixin.py:188} INFO - [2024-04-06T23:54:39.990+0000] {dag.py:3834} INFO - Setting next_dagrun for example_task_group_decorator to 2024-04-05 00:00:00+00:00, run_after=2024-04-06 00:00:00+00:00
[2024-04-06T23:54:40.024+0000] {processor.py:183} INFO - Processing /home/malangdataguy/miniconda3/envs/airflow_mdg/lib/python3.8/site-packages/airflow/example_dags/example_task_group_decorator.py took 0.124 seconds
[2024-04-06T23:55:22.308+0000] {processor.py:161} INFO - Started process (PID=70279) to work on /home/malangdataguy/miniconda3/envs/airflow_mdg/lib/python3.8/site-packages/airflow/example_dags/example_task_group_decorator.py
[2024-04-06T23:55:22.311+0000] {processor.py:830} INFO - Processing file /home/malangdataguy/miniconda3/envs/airflow_mdg/lib/python3.8/site-packages/airflow/example_dags/example_task_group_decorator.py for tasks to queue
[2024-04-06T23:55:22.312+0000] {logging_mixin.py:188} INFO - [2024-04-06T23:55:22.312+0000] {dagbag.py:540} INFO - Filling up the DagBag from /home/malangdataguy/miniconda3/envs/airflow_mdg/lib/python3.8/site-packages/airflow/example_dags/example_task_group_decorator.py
[2024-04-06T23:55:22.336+0000] {processor.py:840} INFO - DAG(s) 'example_task_group_decorator' retrieved from /home/malangdataguy/miniconda3/envs/airflow_mdg/lib/python3.8/site-packages/airflow/example_dags/example_task_group_decorator.py
[2024-04-06T23:55:22.367+0000] {logging_mixin.py:188} INFO - [2024-04-06T23:55:22.367+0000] {dag.py:3047} INFO - Sync 1 DAGs
[2024-04-06T23:55:22.398+0000] {logging_mixin.py:188} INFO - [2024-04-06T23:55:22.397+0000] {dag.py:3834} INFO - Setting next_dagrun for example_task_group_decorator to 2024-04-05 00:00:00+00:00, run_after=2024-04-06 00:00:00+00:00
[2024-04-06T23:55:22.431+0000] {processor.py:183} INFO - Processing /home/malangdataguy/miniconda3/envs/airflow_mdg/lib/python3.8/site-packages/airflow/example_dags/example_task_group_decorator.py took 0.129 seconds
