[2024-04-06T23:09:34.277+0000] {processor.py:161} INFO - Started process (PID=68385) to work on /home/malangdataguy/miniconda3/envs/airflow_mdg/lib/python3.8/site-packages/airflow/example_dags/example_params_ui_tutorial.py
[2024-04-06T23:09:34.278+0000] {processor.py:830} INFO - Processing file /home/malangdataguy/miniconda3/envs/airflow_mdg/lib/python3.8/site-packages/airflow/example_dags/example_params_ui_tutorial.py for tasks to queue
[2024-04-06T23:09:34.279+0000] {logging_mixin.py:188} INFO - [2024-04-06T23:09:34.279+0000] {dagbag.py:540} INFO - Filling up the DagBag from /home/malangdataguy/miniconda3/envs/airflow_mdg/lib/python3.8/site-packages/airflow/example_dags/example_params_ui_tutorial.py
[2024-04-06T23:09:34.296+0000] {processor.py:840} INFO - DAG(s) 'example_params_ui_tutorial' retrieved from /home/malangdataguy/miniconda3/envs/airflow_mdg/lib/python3.8/site-packages/airflow/example_dags/example_params_ui_tutorial.py
[2024-04-06T23:09:34.451+0000] {logging_mixin.py:188} INFO - [2024-04-06T23:09:34.451+0000] {dag.py:3047} INFO - Sync 1 DAGs
[2024-04-06T23:09:34.464+0000] {logging_mixin.py:188} INFO - [2024-04-06T23:09:34.463+0000] {dag.py:3834} INFO - Setting next_dagrun for example_params_ui_tutorial to None, run_after=None
[2024-04-06T23:09:34.494+0000] {processor.py:183} INFO - Processing /home/malangdataguy/miniconda3/envs/airflow_mdg/lib/python3.8/site-packages/airflow/example_dags/example_params_ui_tutorial.py took 0.222 seconds
[2024-04-06T23:10:27.328+0000] {processor.py:161} INFO - Started process (PID=68435) to work on /home/malangdataguy/miniconda3/envs/airflow_mdg/lib/python3.8/site-packages/airflow/example_dags/example_params_ui_tutorial.py
[2024-04-06T23:10:27.331+0000] {processor.py:830} INFO - Processing file /home/malangdataguy/miniconda3/envs/airflow_mdg/lib/python3.8/site-packages/airflow/example_dags/example_params_ui_tutorial.py for tasks to queue
[2024-04-06T23:10:27.333+0000] {logging_mixin.py:188} INFO - [2024-04-06T23:10:27.332+0000] {dagbag.py:540} INFO - Filling up the DagBag from /home/malangdataguy/miniconda3/envs/airflow_mdg/lib/python3.8/site-packages/airflow/example_dags/example_params_ui_tutorial.py
[2024-04-06T23:10:27.352+0000] {processor.py:840} INFO - DAG(s) 'example_params_ui_tutorial' retrieved from /home/malangdataguy/miniconda3/envs/airflow_mdg/lib/python3.8/site-packages/airflow/example_dags/example_params_ui_tutorial.py
[2024-04-06T23:10:27.416+0000] {logging_mixin.py:188} INFO - [2024-04-06T23:10:27.415+0000] {dag.py:3047} INFO - Sync 1 DAGs
[2024-04-06T23:10:27.434+0000] {logging_mixin.py:188} INFO - [2024-04-06T23:10:27.434+0000] {dag.py:3834} INFO - Setting next_dagrun for example_params_ui_tutorial to None, run_after=None
[2024-04-06T23:10:27.468+0000] {processor.py:183} INFO - Processing /home/malangdataguy/miniconda3/envs/airflow_mdg/lib/python3.8/site-packages/airflow/example_dags/example_params_ui_tutorial.py took 0.146 seconds
[2024-04-06T23:11:16.515+0000] {processor.py:161} INFO - Started process (PID=68495) to work on /home/malangdataguy/miniconda3/envs/airflow_mdg/lib/python3.8/site-packages/airflow/example_dags/example_params_ui_tutorial.py
[2024-04-06T23:11:16.518+0000] {processor.py:830} INFO - Processing file /home/malangdataguy/miniconda3/envs/airflow_mdg/lib/python3.8/site-packages/airflow/example_dags/example_params_ui_tutorial.py for tasks to queue
[2024-04-06T23:11:16.520+0000] {logging_mixin.py:188} INFO - [2024-04-06T23:11:16.519+0000] {dagbag.py:540} INFO - Filling up the DagBag from /home/malangdataguy/miniconda3/envs/airflow_mdg/lib/python3.8/site-packages/airflow/example_dags/example_params_ui_tutorial.py
[2024-04-06T23:11:16.541+0000] {processor.py:840} INFO - DAG(s) 'example_params_ui_tutorial' retrieved from /home/malangdataguy/miniconda3/envs/airflow_mdg/lib/python3.8/site-packages/airflow/example_dags/example_params_ui_tutorial.py
[2024-04-06T23:11:16.610+0000] {logging_mixin.py:188} INFO - [2024-04-06T23:11:16.610+0000] {dag.py:3047} INFO - Sync 1 DAGs
[2024-04-06T23:11:16.627+0000] {logging_mixin.py:188} INFO - [2024-04-06T23:11:16.627+0000] {dag.py:3834} INFO - Setting next_dagrun for example_params_ui_tutorial to None, run_after=None
[2024-04-06T23:11:16.664+0000] {processor.py:183} INFO - Processing /home/malangdataguy/miniconda3/envs/airflow_mdg/lib/python3.8/site-packages/airflow/example_dags/example_params_ui_tutorial.py took 0.154 seconds
[2024-04-06T23:12:18.217+0000] {processor.py:161} INFO - Started process (PID=68557) to work on /home/malangdataguy/miniconda3/envs/airflow_mdg/lib/python3.8/site-packages/airflow/example_dags/example_params_ui_tutorial.py
[2024-04-06T23:12:18.219+0000] {processor.py:830} INFO - Processing file /home/malangdataguy/miniconda3/envs/airflow_mdg/lib/python3.8/site-packages/airflow/example_dags/example_params_ui_tutorial.py for tasks to queue
[2024-04-06T23:12:18.221+0000] {logging_mixin.py:188} INFO - [2024-04-06T23:12:18.220+0000] {dagbag.py:540} INFO - Filling up the DagBag from /home/malangdataguy/miniconda3/envs/airflow_mdg/lib/python3.8/site-packages/airflow/example_dags/example_params_ui_tutorial.py
[2024-04-06T23:12:18.238+0000] {processor.py:840} INFO - DAG(s) 'example_params_ui_tutorial' retrieved from /home/malangdataguy/miniconda3/envs/airflow_mdg/lib/python3.8/site-packages/airflow/example_dags/example_params_ui_tutorial.py
[2024-04-06T23:12:18.295+0000] {logging_mixin.py:188} INFO - [2024-04-06T23:12:18.295+0000] {dag.py:3047} INFO - Sync 1 DAGs
[2024-04-06T23:12:18.308+0000] {logging_mixin.py:188} INFO - [2024-04-06T23:12:18.308+0000] {dag.py:3834} INFO - Setting next_dagrun for example_params_ui_tutorial to None, run_after=None
[2024-04-06T23:12:18.337+0000] {processor.py:183} INFO - Processing /home/malangdataguy/miniconda3/envs/airflow_mdg/lib/python3.8/site-packages/airflow/example_dags/example_params_ui_tutorial.py took 0.124 seconds
[2024-04-06T23:13:03.562+0000] {processor.py:161} INFO - Started process (PID=68602) to work on /home/malangdataguy/miniconda3/envs/airflow_mdg/lib/python3.8/site-packages/airflow/example_dags/example_params_ui_tutorial.py
[2024-04-06T23:13:03.564+0000] {processor.py:830} INFO - Processing file /home/malangdataguy/miniconda3/envs/airflow_mdg/lib/python3.8/site-packages/airflow/example_dags/example_params_ui_tutorial.py for tasks to queue
[2024-04-06T23:13:03.566+0000] {logging_mixin.py:188} INFO - [2024-04-06T23:13:03.565+0000] {dagbag.py:540} INFO - Filling up the DagBag from /home/malangdataguy/miniconda3/envs/airflow_mdg/lib/python3.8/site-packages/airflow/example_dags/example_params_ui_tutorial.py
[2024-04-06T23:13:03.582+0000] {processor.py:840} INFO - DAG(s) 'example_params_ui_tutorial' retrieved from /home/malangdataguy/miniconda3/envs/airflow_mdg/lib/python3.8/site-packages/airflow/example_dags/example_params_ui_tutorial.py
[2024-04-06T23:13:03.639+0000] {logging_mixin.py:188} INFO - [2024-04-06T23:13:03.638+0000] {dag.py:3047} INFO - Sync 1 DAGs
[2024-04-06T23:13:03.652+0000] {logging_mixin.py:188} INFO - [2024-04-06T23:13:03.652+0000] {dag.py:3834} INFO - Setting next_dagrun for example_params_ui_tutorial to None, run_after=None
[2024-04-06T23:13:03.680+0000] {processor.py:183} INFO - Processing /home/malangdataguy/miniconda3/envs/airflow_mdg/lib/python3.8/site-packages/airflow/example_dags/example_params_ui_tutorial.py took 0.123 seconds
[2024-04-06T23:14:04.280+0000] {processor.py:161} INFO - Started process (PID=68665) to work on /home/malangdataguy/miniconda3/envs/airflow_mdg/lib/python3.8/site-packages/airflow/example_dags/example_params_ui_tutorial.py
[2024-04-06T23:14:04.283+0000] {processor.py:830} INFO - Processing file /home/malangdataguy/miniconda3/envs/airflow_mdg/lib/python3.8/site-packages/airflow/example_dags/example_params_ui_tutorial.py for tasks to queue
[2024-04-06T23:14:04.285+0000] {logging_mixin.py:188} INFO - [2024-04-06T23:14:04.284+0000] {dagbag.py:540} INFO - Filling up the DagBag from /home/malangdataguy/miniconda3/envs/airflow_mdg/lib/python3.8/site-packages/airflow/example_dags/example_params_ui_tutorial.py
[2024-04-06T23:14:04.303+0000] {processor.py:840} INFO - DAG(s) 'example_params_ui_tutorial' retrieved from /home/malangdataguy/miniconda3/envs/airflow_mdg/lib/python3.8/site-packages/airflow/example_dags/example_params_ui_tutorial.py
[2024-04-06T23:14:04.367+0000] {logging_mixin.py:188} INFO - [2024-04-06T23:14:04.367+0000] {dag.py:3047} INFO - Sync 1 DAGs
[2024-04-06T23:14:04.383+0000] {logging_mixin.py:188} INFO - [2024-04-06T23:14:04.383+0000] {dag.py:3834} INFO - Setting next_dagrun for example_params_ui_tutorial to None, run_after=None
[2024-04-06T23:14:04.415+0000] {processor.py:183} INFO - Processing /home/malangdataguy/miniconda3/envs/airflow_mdg/lib/python3.8/site-packages/airflow/example_dags/example_params_ui_tutorial.py took 0.141 seconds
[2024-04-06T23:15:06.220+0000] {processor.py:161} INFO - Started process (PID=68728) to work on /home/malangdataguy/miniconda3/envs/airflow_mdg/lib/python3.8/site-packages/airflow/example_dags/example_params_ui_tutorial.py
[2024-04-06T23:15:06.222+0000] {processor.py:830} INFO - Processing file /home/malangdataguy/miniconda3/envs/airflow_mdg/lib/python3.8/site-packages/airflow/example_dags/example_params_ui_tutorial.py for tasks to queue
[2024-04-06T23:15:06.223+0000] {logging_mixin.py:188} INFO - [2024-04-06T23:15:06.223+0000] {dagbag.py:540} INFO - Filling up the DagBag from /home/malangdataguy/miniconda3/envs/airflow_mdg/lib/python3.8/site-packages/airflow/example_dags/example_params_ui_tutorial.py
[2024-04-06T23:15:06.239+0000] {processor.py:840} INFO - DAG(s) 'example_params_ui_tutorial' retrieved from /home/malangdataguy/miniconda3/envs/airflow_mdg/lib/python3.8/site-packages/airflow/example_dags/example_params_ui_tutorial.py
[2024-04-06T23:15:06.302+0000] {logging_mixin.py:188} INFO - [2024-04-06T23:15:06.302+0000] {dag.py:3047} INFO - Sync 1 DAGs
[2024-04-06T23:15:06.318+0000] {logging_mixin.py:188} INFO - [2024-04-06T23:15:06.318+0000] {dag.py:3834} INFO - Setting next_dagrun for example_params_ui_tutorial to None, run_after=None
[2024-04-06T23:15:06.352+0000] {processor.py:183} INFO - Processing /home/malangdataguy/miniconda3/envs/airflow_mdg/lib/python3.8/site-packages/airflow/example_dags/example_params_ui_tutorial.py took 0.137 seconds
[2024-04-06T23:16:04.559+0000] {processor.py:161} INFO - Started process (PID=68788) to work on /home/malangdataguy/miniconda3/envs/airflow_mdg/lib/python3.8/site-packages/airflow/example_dags/example_params_ui_tutorial.py
[2024-04-06T23:16:04.562+0000] {processor.py:830} INFO - Processing file /home/malangdataguy/miniconda3/envs/airflow_mdg/lib/python3.8/site-packages/airflow/example_dags/example_params_ui_tutorial.py for tasks to queue
[2024-04-06T23:16:04.563+0000] {logging_mixin.py:188} INFO - [2024-04-06T23:16:04.562+0000] {dagbag.py:540} INFO - Filling up the DagBag from /home/malangdataguy/miniconda3/envs/airflow_mdg/lib/python3.8/site-packages/airflow/example_dags/example_params_ui_tutorial.py
[2024-04-06T23:16:04.579+0000] {processor.py:840} INFO - DAG(s) 'example_params_ui_tutorial' retrieved from /home/malangdataguy/miniconda3/envs/airflow_mdg/lib/python3.8/site-packages/airflow/example_dags/example_params_ui_tutorial.py
[2024-04-06T23:16:04.637+0000] {logging_mixin.py:188} INFO - [2024-04-06T23:16:04.637+0000] {dag.py:3047} INFO - Sync 1 DAGs
[2024-04-06T23:16:04.651+0000] {logging_mixin.py:188} INFO - [2024-04-06T23:16:04.650+0000] {dag.py:3834} INFO - Setting next_dagrun for example_params_ui_tutorial to None, run_after=None
[2024-04-06T23:16:04.680+0000] {processor.py:183} INFO - Processing /home/malangdataguy/miniconda3/envs/airflow_mdg/lib/python3.8/site-packages/airflow/example_dags/example_params_ui_tutorial.py took 0.125 seconds
[2024-04-06T23:17:00.095+0000] {processor.py:161} INFO - Started process (PID=68847) to work on /home/malangdataguy/miniconda3/envs/airflow_mdg/lib/python3.8/site-packages/airflow/example_dags/example_params_ui_tutorial.py
[2024-04-06T23:17:00.097+0000] {processor.py:830} INFO - Processing file /home/malangdataguy/miniconda3/envs/airflow_mdg/lib/python3.8/site-packages/airflow/example_dags/example_params_ui_tutorial.py for tasks to queue
[2024-04-06T23:17:00.098+0000] {logging_mixin.py:188} INFO - [2024-04-06T23:17:00.098+0000] {dagbag.py:540} INFO - Filling up the DagBag from /home/malangdataguy/miniconda3/envs/airflow_mdg/lib/python3.8/site-packages/airflow/example_dags/example_params_ui_tutorial.py
[2024-04-06T23:17:00.114+0000] {processor.py:840} INFO - DAG(s) 'example_params_ui_tutorial' retrieved from /home/malangdataguy/miniconda3/envs/airflow_mdg/lib/python3.8/site-packages/airflow/example_dags/example_params_ui_tutorial.py
[2024-04-06T23:17:00.170+0000] {logging_mixin.py:188} INFO - [2024-04-06T23:17:00.170+0000] {dag.py:3047} INFO - Sync 1 DAGs
[2024-04-06T23:17:00.183+0000] {logging_mixin.py:188} INFO - [2024-04-06T23:17:00.183+0000] {dag.py:3834} INFO - Setting next_dagrun for example_params_ui_tutorial to None, run_after=None
[2024-04-06T23:17:00.210+0000] {processor.py:183} INFO - Processing /home/malangdataguy/miniconda3/envs/airflow_mdg/lib/python3.8/site-packages/airflow/example_dags/example_params_ui_tutorial.py took 0.119 seconds
[2024-04-06T23:18:05.375+0000] {processor.py:161} INFO - Started process (PID=68919) to work on /home/malangdataguy/miniconda3/envs/airflow_mdg/lib/python3.8/site-packages/airflow/example_dags/example_params_ui_tutorial.py
[2024-04-06T23:18:05.377+0000] {processor.py:830} INFO - Processing file /home/malangdataguy/miniconda3/envs/airflow_mdg/lib/python3.8/site-packages/airflow/example_dags/example_params_ui_tutorial.py for tasks to queue
[2024-04-06T23:18:05.379+0000] {logging_mixin.py:188} INFO - [2024-04-06T23:18:05.378+0000] {dagbag.py:540} INFO - Filling up the DagBag from /home/malangdataguy/miniconda3/envs/airflow_mdg/lib/python3.8/site-packages/airflow/example_dags/example_params_ui_tutorial.py
[2024-04-06T23:18:05.396+0000] {processor.py:840} INFO - DAG(s) 'example_params_ui_tutorial' retrieved from /home/malangdataguy/miniconda3/envs/airflow_mdg/lib/python3.8/site-packages/airflow/example_dags/example_params_ui_tutorial.py
[2024-04-06T23:18:05.459+0000] {logging_mixin.py:188} INFO - [2024-04-06T23:18:05.459+0000] {dag.py:3047} INFO - Sync 1 DAGs
[2024-04-06T23:18:05.473+0000] {logging_mixin.py:188} INFO - [2024-04-06T23:18:05.472+0000] {dag.py:3834} INFO - Setting next_dagrun for example_params_ui_tutorial to None, run_after=None
[2024-04-06T23:18:05.502+0000] {processor.py:183} INFO - Processing /home/malangdataguy/miniconda3/envs/airflow_mdg/lib/python3.8/site-packages/airflow/example_dags/example_params_ui_tutorial.py took 0.132 seconds
[2024-04-06T23:19:05.959+0000] {processor.py:161} INFO - Started process (PID=68982) to work on /home/malangdataguy/miniconda3/envs/airflow_mdg/lib/python3.8/site-packages/airflow/example_dags/example_params_ui_tutorial.py
[2024-04-06T23:19:05.962+0000] {processor.py:830} INFO - Processing file /home/malangdataguy/miniconda3/envs/airflow_mdg/lib/python3.8/site-packages/airflow/example_dags/example_params_ui_tutorial.py for tasks to queue
[2024-04-06T23:19:05.963+0000] {logging_mixin.py:188} INFO - [2024-04-06T23:19:05.962+0000] {dagbag.py:540} INFO - Filling up the DagBag from /home/malangdataguy/miniconda3/envs/airflow_mdg/lib/python3.8/site-packages/airflow/example_dags/example_params_ui_tutorial.py
[2024-04-06T23:19:05.980+0000] {processor.py:840} INFO - DAG(s) 'example_params_ui_tutorial' retrieved from /home/malangdataguy/miniconda3/envs/airflow_mdg/lib/python3.8/site-packages/airflow/example_dags/example_params_ui_tutorial.py
[2024-04-06T23:19:06.039+0000] {logging_mixin.py:188} INFO - [2024-04-06T23:19:06.038+0000] {dag.py:3047} INFO - Sync 1 DAGs
[2024-04-06T23:19:06.053+0000] {logging_mixin.py:188} INFO - [2024-04-06T23:19:06.052+0000] {dag.py:3834} INFO - Setting next_dagrun for example_params_ui_tutorial to None, run_after=None
[2024-04-06T23:19:06.081+0000] {processor.py:183} INFO - Processing /home/malangdataguy/miniconda3/envs/airflow_mdg/lib/python3.8/site-packages/airflow/example_dags/example_params_ui_tutorial.py took 0.126 seconds
[2024-04-06T23:20:11.950+0000] {processor.py:161} INFO - Started process (PID=69045) to work on /home/malangdataguy/miniconda3/envs/airflow_mdg/lib/python3.8/site-packages/airflow/example_dags/example_params_ui_tutorial.py
[2024-04-06T23:20:11.953+0000] {processor.py:830} INFO - Processing file /home/malangdataguy/miniconda3/envs/airflow_mdg/lib/python3.8/site-packages/airflow/example_dags/example_params_ui_tutorial.py for tasks to queue
[2024-04-06T23:20:11.954+0000] {logging_mixin.py:188} INFO - [2024-04-06T23:20:11.953+0000] {dagbag.py:540} INFO - Filling up the DagBag from /home/malangdataguy/miniconda3/envs/airflow_mdg/lib/python3.8/site-packages/airflow/example_dags/example_params_ui_tutorial.py
[2024-04-06T23:20:11.971+0000] {processor.py:840} INFO - DAG(s) 'example_params_ui_tutorial' retrieved from /home/malangdataguy/miniconda3/envs/airflow_mdg/lib/python3.8/site-packages/airflow/example_dags/example_params_ui_tutorial.py
[2024-04-06T23:20:12.033+0000] {logging_mixin.py:188} INFO - [2024-04-06T23:20:12.033+0000] {dag.py:3047} INFO - Sync 1 DAGs
[2024-04-06T23:20:12.048+0000] {logging_mixin.py:188} INFO - [2024-04-06T23:20:12.048+0000] {dag.py:3834} INFO - Setting next_dagrun for example_params_ui_tutorial to None, run_after=None
[2024-04-06T23:20:12.079+0000] {processor.py:183} INFO - Processing /home/malangdataguy/miniconda3/envs/airflow_mdg/lib/python3.8/site-packages/airflow/example_dags/example_params_ui_tutorial.py took 0.134 seconds
[2024-04-06T23:20:57.363+0000] {processor.py:161} INFO - Started process (PID=69091) to work on /home/malangdataguy/miniconda3/envs/airflow_mdg/lib/python3.8/site-packages/airflow/example_dags/example_params_ui_tutorial.py
[2024-04-06T23:20:57.365+0000] {processor.py:830} INFO - Processing file /home/malangdataguy/miniconda3/envs/airflow_mdg/lib/python3.8/site-packages/airflow/example_dags/example_params_ui_tutorial.py for tasks to queue
[2024-04-06T23:20:57.367+0000] {logging_mixin.py:188} INFO - [2024-04-06T23:20:57.366+0000] {dagbag.py:540} INFO - Filling up the DagBag from /home/malangdataguy/miniconda3/envs/airflow_mdg/lib/python3.8/site-packages/airflow/example_dags/example_params_ui_tutorial.py
[2024-04-06T23:20:57.384+0000] {processor.py:840} INFO - DAG(s) 'example_params_ui_tutorial' retrieved from /home/malangdataguy/miniconda3/envs/airflow_mdg/lib/python3.8/site-packages/airflow/example_dags/example_params_ui_tutorial.py
[2024-04-06T23:20:57.447+0000] {logging_mixin.py:188} INFO - [2024-04-06T23:20:57.446+0000] {dag.py:3047} INFO - Sync 1 DAGs
[2024-04-06T23:20:57.462+0000] {logging_mixin.py:188} INFO - [2024-04-06T23:20:57.462+0000] {dag.py:3834} INFO - Setting next_dagrun for example_params_ui_tutorial to None, run_after=None
[2024-04-06T23:20:57.496+0000] {processor.py:183} INFO - Processing /home/malangdataguy/miniconda3/envs/airflow_mdg/lib/python3.8/site-packages/airflow/example_dags/example_params_ui_tutorial.py took 0.137 seconds
[2024-04-06T23:21:57.917+0000] {processor.py:161} INFO - Started process (PID=69152) to work on /home/malangdataguy/miniconda3/envs/airflow_mdg/lib/python3.8/site-packages/airflow/example_dags/example_params_ui_tutorial.py
[2024-04-06T23:21:57.920+0000] {processor.py:830} INFO - Processing file /home/malangdataguy/miniconda3/envs/airflow_mdg/lib/python3.8/site-packages/airflow/example_dags/example_params_ui_tutorial.py for tasks to queue
[2024-04-06T23:21:57.921+0000] {logging_mixin.py:188} INFO - [2024-04-06T23:21:57.921+0000] {dagbag.py:540} INFO - Filling up the DagBag from /home/malangdataguy/miniconda3/envs/airflow_mdg/lib/python3.8/site-packages/airflow/example_dags/example_params_ui_tutorial.py
[2024-04-06T23:21:57.940+0000] {processor.py:840} INFO - DAG(s) 'example_params_ui_tutorial' retrieved from /home/malangdataguy/miniconda3/envs/airflow_mdg/lib/python3.8/site-packages/airflow/example_dags/example_params_ui_tutorial.py
[2024-04-06T23:21:58.004+0000] {logging_mixin.py:188} INFO - [2024-04-06T23:21:58.003+0000] {dag.py:3047} INFO - Sync 1 DAGs
[2024-04-06T23:21:58.022+0000] {logging_mixin.py:188} INFO - [2024-04-06T23:21:58.021+0000] {dag.py:3834} INFO - Setting next_dagrun for example_params_ui_tutorial to None, run_after=None
[2024-04-06T23:21:58.054+0000] {processor.py:183} INFO - Processing /home/malangdataguy/miniconda3/envs/airflow_mdg/lib/python3.8/site-packages/airflow/example_dags/example_params_ui_tutorial.py took 0.143 seconds
[2024-04-06T23:40:41.378+0000] {processor.py:161} INFO - Started process (PID=69298) to work on /home/malangdataguy/miniconda3/envs/airflow_mdg/lib/python3.8/site-packages/airflow/example_dags/example_params_ui_tutorial.py
[2024-04-06T23:40:41.381+0000] {processor.py:830} INFO - Processing file /home/malangdataguy/miniconda3/envs/airflow_mdg/lib/python3.8/site-packages/airflow/example_dags/example_params_ui_tutorial.py for tasks to queue
[2024-04-06T23:40:41.383+0000] {logging_mixin.py:188} INFO - [2024-04-06T23:40:41.382+0000] {dagbag.py:540} INFO - Filling up the DagBag from /home/malangdataguy/miniconda3/envs/airflow_mdg/lib/python3.8/site-packages/airflow/example_dags/example_params_ui_tutorial.py
[2024-04-06T23:40:41.399+0000] {processor.py:840} INFO - DAG(s) 'example_params_ui_tutorial' retrieved from /home/malangdataguy/miniconda3/envs/airflow_mdg/lib/python3.8/site-packages/airflow/example_dags/example_params_ui_tutorial.py
[2024-04-06T23:40:41.458+0000] {logging_mixin.py:188} INFO - [2024-04-06T23:40:41.457+0000] {dag.py:3047} INFO - Sync 1 DAGs
[2024-04-06T23:40:41.472+0000] {logging_mixin.py:188} INFO - [2024-04-06T23:40:41.471+0000] {dag.py:3834} INFO - Setting next_dagrun for example_params_ui_tutorial to None, run_after=None
[2024-04-06T23:40:41.501+0000] {processor.py:183} INFO - Processing /home/malangdataguy/miniconda3/envs/airflow_mdg/lib/python3.8/site-packages/airflow/example_dags/example_params_ui_tutorial.py took 0.127 seconds
[2024-04-06T23:41:31.615+0000] {processor.py:161} INFO - Started process (PID=69348) to work on /home/malangdataguy/miniconda3/envs/airflow_mdg/lib/python3.8/site-packages/airflow/example_dags/example_params_ui_tutorial.py
[2024-04-06T23:41:31.618+0000] {processor.py:830} INFO - Processing file /home/malangdataguy/miniconda3/envs/airflow_mdg/lib/python3.8/site-packages/airflow/example_dags/example_params_ui_tutorial.py for tasks to queue
[2024-04-06T23:41:31.619+0000] {logging_mixin.py:188} INFO - [2024-04-06T23:41:31.619+0000] {dagbag.py:540} INFO - Filling up the DagBag from /home/malangdataguy/miniconda3/envs/airflow_mdg/lib/python3.8/site-packages/airflow/example_dags/example_params_ui_tutorial.py
[2024-04-06T23:41:31.637+0000] {processor.py:840} INFO - DAG(s) 'example_params_ui_tutorial' retrieved from /home/malangdataguy/miniconda3/envs/airflow_mdg/lib/python3.8/site-packages/airflow/example_dags/example_params_ui_tutorial.py
[2024-04-06T23:41:31.699+0000] {logging_mixin.py:188} INFO - [2024-04-06T23:41:31.699+0000] {dag.py:3047} INFO - Sync 1 DAGs
[2024-04-06T23:41:31.715+0000] {logging_mixin.py:188} INFO - [2024-04-06T23:41:31.715+0000] {dag.py:3834} INFO - Setting next_dagrun for example_params_ui_tutorial to None, run_after=None
[2024-04-06T23:41:31.744+0000] {processor.py:183} INFO - Processing /home/malangdataguy/miniconda3/envs/airflow_mdg/lib/python3.8/site-packages/airflow/example_dags/example_params_ui_tutorial.py took 0.134 seconds
[2024-04-06T23:42:24.223+0000] {processor.py:161} INFO - Started process (PID=69398) to work on /home/malangdataguy/miniconda3/envs/airflow_mdg/lib/python3.8/site-packages/airflow/example_dags/example_params_ui_tutorial.py
[2024-04-06T23:42:24.226+0000] {processor.py:830} INFO - Processing file /home/malangdataguy/miniconda3/envs/airflow_mdg/lib/python3.8/site-packages/airflow/example_dags/example_params_ui_tutorial.py for tasks to queue
[2024-04-06T23:42:24.227+0000] {logging_mixin.py:188} INFO - [2024-04-06T23:42:24.226+0000] {dagbag.py:540} INFO - Filling up the DagBag from /home/malangdataguy/miniconda3/envs/airflow_mdg/lib/python3.8/site-packages/airflow/example_dags/example_params_ui_tutorial.py
[2024-04-06T23:42:24.243+0000] {processor.py:840} INFO - DAG(s) 'example_params_ui_tutorial' retrieved from /home/malangdataguy/miniconda3/envs/airflow_mdg/lib/python3.8/site-packages/airflow/example_dags/example_params_ui_tutorial.py
[2024-04-06T23:42:24.305+0000] {logging_mixin.py:188} INFO - [2024-04-06T23:42:24.304+0000] {dag.py:3047} INFO - Sync 1 DAGs
[2024-04-06T23:42:24.319+0000] {logging_mixin.py:188} INFO - [2024-04-06T23:42:24.319+0000] {dag.py:3834} INFO - Setting next_dagrun for example_params_ui_tutorial to None, run_after=None
[2024-04-06T23:42:24.348+0000] {processor.py:183} INFO - Processing /home/malangdataguy/miniconda3/envs/airflow_mdg/lib/python3.8/site-packages/airflow/example_dags/example_params_ui_tutorial.py took 0.129 seconds
[2024-04-06T23:43:29.872+0000] {processor.py:161} INFO - Started process (PID=69464) to work on /home/malangdataguy/miniconda3/envs/airflow_mdg/lib/python3.8/site-packages/airflow/example_dags/example_params_ui_tutorial.py
[2024-04-06T23:43:29.875+0000] {processor.py:830} INFO - Processing file /home/malangdataguy/miniconda3/envs/airflow_mdg/lib/python3.8/site-packages/airflow/example_dags/example_params_ui_tutorial.py for tasks to queue
[2024-04-06T23:43:29.877+0000] {logging_mixin.py:188} INFO - [2024-04-06T23:43:29.876+0000] {dagbag.py:540} INFO - Filling up the DagBag from /home/malangdataguy/miniconda3/envs/airflow_mdg/lib/python3.8/site-packages/airflow/example_dags/example_params_ui_tutorial.py
[2024-04-06T23:43:29.895+0000] {processor.py:840} INFO - DAG(s) 'example_params_ui_tutorial' retrieved from /home/malangdataguy/miniconda3/envs/airflow_mdg/lib/python3.8/site-packages/airflow/example_dags/example_params_ui_tutorial.py
[2024-04-06T23:43:29.962+0000] {logging_mixin.py:188} INFO - [2024-04-06T23:43:29.962+0000] {dag.py:3047} INFO - Sync 1 DAGs
[2024-04-06T23:43:29.979+0000] {logging_mixin.py:188} INFO - [2024-04-06T23:43:29.978+0000] {dag.py:3834} INFO - Setting next_dagrun for example_params_ui_tutorial to None, run_after=None
[2024-04-06T23:43:30.014+0000] {processor.py:183} INFO - Processing /home/malangdataguy/miniconda3/envs/airflow_mdg/lib/python3.8/site-packages/airflow/example_dags/example_params_ui_tutorial.py took 0.147 seconds
[2024-04-06T23:44:36.270+0000] {processor.py:161} INFO - Started process (PID=69546) to work on /home/malangdataguy/miniconda3/envs/airflow_mdg/lib/python3.8/site-packages/airflow/example_dags/example_params_ui_tutorial.py
[2024-04-06T23:44:36.272+0000] {processor.py:830} INFO - Processing file /home/malangdataguy/miniconda3/envs/airflow_mdg/lib/python3.8/site-packages/airflow/example_dags/example_params_ui_tutorial.py for tasks to queue
[2024-04-06T23:44:36.274+0000] {logging_mixin.py:188} INFO - [2024-04-06T23:44:36.273+0000] {dagbag.py:540} INFO - Filling up the DagBag from /home/malangdataguy/miniconda3/envs/airflow_mdg/lib/python3.8/site-packages/airflow/example_dags/example_params_ui_tutorial.py
[2024-04-06T23:44:36.291+0000] {processor.py:840} INFO - DAG(s) 'example_params_ui_tutorial' retrieved from /home/malangdataguy/miniconda3/envs/airflow_mdg/lib/python3.8/site-packages/airflow/example_dags/example_params_ui_tutorial.py
[2024-04-06T23:44:36.350+0000] {logging_mixin.py:188} INFO - [2024-04-06T23:44:36.350+0000] {dag.py:3047} INFO - Sync 1 DAGs
[2024-04-06T23:44:36.364+0000] {logging_mixin.py:188} INFO - [2024-04-06T23:44:36.364+0000] {dag.py:3834} INFO - Setting next_dagrun for example_params_ui_tutorial to None, run_after=None
[2024-04-06T23:44:36.392+0000] {processor.py:183} INFO - Processing /home/malangdataguy/miniconda3/envs/airflow_mdg/lib/python3.8/site-packages/airflow/example_dags/example_params_ui_tutorial.py took 0.126 seconds
[2024-04-06T23:45:40.205+0000] {processor.py:161} INFO - Started process (PID=69614) to work on /home/malangdataguy/miniconda3/envs/airflow_mdg/lib/python3.8/site-packages/airflow/example_dags/example_params_ui_tutorial.py
[2024-04-06T23:45:40.208+0000] {processor.py:830} INFO - Processing file /home/malangdataguy/miniconda3/envs/airflow_mdg/lib/python3.8/site-packages/airflow/example_dags/example_params_ui_tutorial.py for tasks to queue
[2024-04-06T23:45:40.209+0000] {logging_mixin.py:188} INFO - [2024-04-06T23:45:40.208+0000] {dagbag.py:540} INFO - Filling up the DagBag from /home/malangdataguy/miniconda3/envs/airflow_mdg/lib/python3.8/site-packages/airflow/example_dags/example_params_ui_tutorial.py
[2024-04-06T23:45:40.230+0000] {processor.py:840} INFO - DAG(s) 'example_params_ui_tutorial' retrieved from /home/malangdataguy/miniconda3/envs/airflow_mdg/lib/python3.8/site-packages/airflow/example_dags/example_params_ui_tutorial.py
[2024-04-06T23:45:40.295+0000] {logging_mixin.py:188} INFO - [2024-04-06T23:45:40.294+0000] {dag.py:3047} INFO - Sync 1 DAGs
[2024-04-06T23:45:40.311+0000] {logging_mixin.py:188} INFO - [2024-04-06T23:45:40.311+0000] {dag.py:3834} INFO - Setting next_dagrun for example_params_ui_tutorial to None, run_after=None
[2024-04-06T23:45:40.344+0000] {processor.py:183} INFO - Processing /home/malangdataguy/miniconda3/envs/airflow_mdg/lib/python3.8/site-packages/airflow/example_dags/example_params_ui_tutorial.py took 0.144 seconds
[2024-04-06T23:46:40.097+0000] {processor.py:161} INFO - Started process (PID=69693) to work on /home/malangdataguy/miniconda3/envs/airflow_mdg/lib/python3.8/site-packages/airflow/example_dags/example_params_ui_tutorial.py
[2024-04-06T23:46:40.100+0000] {processor.py:830} INFO - Processing file /home/malangdataguy/miniconda3/envs/airflow_mdg/lib/python3.8/site-packages/airflow/example_dags/example_params_ui_tutorial.py for tasks to queue
[2024-04-06T23:46:40.101+0000] {logging_mixin.py:188} INFO - [2024-04-06T23:46:40.100+0000] {dagbag.py:540} INFO - Filling up the DagBag from /home/malangdataguy/miniconda3/envs/airflow_mdg/lib/python3.8/site-packages/airflow/example_dags/example_params_ui_tutorial.py
[2024-04-06T23:46:40.120+0000] {processor.py:840} INFO - DAG(s) 'example_params_ui_tutorial' retrieved from /home/malangdataguy/miniconda3/envs/airflow_mdg/lib/python3.8/site-packages/airflow/example_dags/example_params_ui_tutorial.py
[2024-04-06T23:46:40.185+0000] {logging_mixin.py:188} INFO - [2024-04-06T23:46:40.185+0000] {dag.py:3047} INFO - Sync 1 DAGs
[2024-04-06T23:46:40.202+0000] {logging_mixin.py:188} INFO - [2024-04-06T23:46:40.201+0000] {dag.py:3834} INFO - Setting next_dagrun for example_params_ui_tutorial to None, run_after=None
[2024-04-06T23:46:40.236+0000] {processor.py:183} INFO - Processing /home/malangdataguy/miniconda3/envs/airflow_mdg/lib/python3.8/site-packages/airflow/example_dags/example_params_ui_tutorial.py took 0.145 seconds
[2024-04-06T23:47:38.356+0000] {processor.py:161} INFO - Started process (PID=69769) to work on /home/malangdataguy/miniconda3/envs/airflow_mdg/lib/python3.8/site-packages/airflow/example_dags/example_params_ui_tutorial.py
[2024-04-06T23:47:38.358+0000] {processor.py:830} INFO - Processing file /home/malangdataguy/miniconda3/envs/airflow_mdg/lib/python3.8/site-packages/airflow/example_dags/example_params_ui_tutorial.py for tasks to queue
[2024-04-06T23:47:38.360+0000] {logging_mixin.py:188} INFO - [2024-04-06T23:47:38.359+0000] {dagbag.py:540} INFO - Filling up the DagBag from /home/malangdataguy/miniconda3/envs/airflow_mdg/lib/python3.8/site-packages/airflow/example_dags/example_params_ui_tutorial.py
[2024-04-06T23:47:38.375+0000] {processor.py:840} INFO - DAG(s) 'example_params_ui_tutorial' retrieved from /home/malangdataguy/miniconda3/envs/airflow_mdg/lib/python3.8/site-packages/airflow/example_dags/example_params_ui_tutorial.py
[2024-04-06T23:47:38.433+0000] {logging_mixin.py:188} INFO - [2024-04-06T23:47:38.432+0000] {dag.py:3047} INFO - Sync 1 DAGs
[2024-04-06T23:47:38.446+0000] {logging_mixin.py:188} INFO - [2024-04-06T23:47:38.445+0000] {dag.py:3834} INFO - Setting next_dagrun for example_params_ui_tutorial to None, run_after=None
[2024-04-06T23:47:38.473+0000] {processor.py:183} INFO - Processing /home/malangdataguy/miniconda3/envs/airflow_mdg/lib/python3.8/site-packages/airflow/example_dags/example_params_ui_tutorial.py took 0.122 seconds
[2024-04-06T23:48:41.973+0000] {processor.py:161} INFO - Started process (PID=69837) to work on /home/malangdataguy/miniconda3/envs/airflow_mdg/lib/python3.8/site-packages/airflow/example_dags/example_params_ui_tutorial.py
[2024-04-06T23:48:41.975+0000] {processor.py:830} INFO - Processing file /home/malangdataguy/miniconda3/envs/airflow_mdg/lib/python3.8/site-packages/airflow/example_dags/example_params_ui_tutorial.py for tasks to queue
[2024-04-06T23:48:41.977+0000] {logging_mixin.py:188} INFO - [2024-04-06T23:48:41.976+0000] {dagbag.py:540} INFO - Filling up the DagBag from /home/malangdataguy/miniconda3/envs/airflow_mdg/lib/python3.8/site-packages/airflow/example_dags/example_params_ui_tutorial.py
[2024-04-06T23:48:41.994+0000] {processor.py:840} INFO - DAG(s) 'example_params_ui_tutorial' retrieved from /home/malangdataguy/miniconda3/envs/airflow_mdg/lib/python3.8/site-packages/airflow/example_dags/example_params_ui_tutorial.py
[2024-04-06T23:48:42.052+0000] {logging_mixin.py:188} INFO - [2024-04-06T23:48:42.052+0000] {dag.py:3047} INFO - Sync 1 DAGs
[2024-04-06T23:48:42.066+0000] {logging_mixin.py:188} INFO - [2024-04-06T23:48:42.066+0000] {dag.py:3834} INFO - Setting next_dagrun for example_params_ui_tutorial to None, run_after=None
[2024-04-06T23:48:42.097+0000] {processor.py:183} INFO - Processing /home/malangdataguy/miniconda3/envs/airflow_mdg/lib/python3.8/site-packages/airflow/example_dags/example_params_ui_tutorial.py took 0.129 seconds
[2024-04-06T23:49:45.612+0000] {processor.py:161} INFO - Started process (PID=69901) to work on /home/malangdataguy/miniconda3/envs/airflow_mdg/lib/python3.8/site-packages/airflow/example_dags/example_params_ui_tutorial.py
[2024-04-06T23:49:45.615+0000] {processor.py:830} INFO - Processing file /home/malangdataguy/miniconda3/envs/airflow_mdg/lib/python3.8/site-packages/airflow/example_dags/example_params_ui_tutorial.py for tasks to queue
[2024-04-06T23:49:45.617+0000] {logging_mixin.py:188} INFO - [2024-04-06T23:49:45.616+0000] {dagbag.py:540} INFO - Filling up the DagBag from /home/malangdataguy/miniconda3/envs/airflow_mdg/lib/python3.8/site-packages/airflow/example_dags/example_params_ui_tutorial.py
[2024-04-06T23:49:45.635+0000] {processor.py:840} INFO - DAG(s) 'example_params_ui_tutorial' retrieved from /home/malangdataguy/miniconda3/envs/airflow_mdg/lib/python3.8/site-packages/airflow/example_dags/example_params_ui_tutorial.py
[2024-04-06T23:49:45.698+0000] {logging_mixin.py:188} INFO - [2024-04-06T23:49:45.697+0000] {dag.py:3047} INFO - Sync 1 DAGs
[2024-04-06T23:49:45.715+0000] {logging_mixin.py:188} INFO - [2024-04-06T23:49:45.715+0000] {dag.py:3834} INFO - Setting next_dagrun for example_params_ui_tutorial to None, run_after=None
[2024-04-06T23:49:45.748+0000] {processor.py:183} INFO - Processing /home/malangdataguy/miniconda3/envs/airflow_mdg/lib/python3.8/site-packages/airflow/example_dags/example_params_ui_tutorial.py took 0.141 seconds
[2024-04-06T23:50:43.500+0000] {processor.py:161} INFO - Started process (PID=69960) to work on /home/malangdataguy/miniconda3/envs/airflow_mdg/lib/python3.8/site-packages/airflow/example_dags/example_params_ui_tutorial.py
[2024-04-06T23:50:43.502+0000] {processor.py:830} INFO - Processing file /home/malangdataguy/miniconda3/envs/airflow_mdg/lib/python3.8/site-packages/airflow/example_dags/example_params_ui_tutorial.py for tasks to queue
[2024-04-06T23:50:43.504+0000] {logging_mixin.py:188} INFO - [2024-04-06T23:50:43.503+0000] {dagbag.py:540} INFO - Filling up the DagBag from /home/malangdataguy/miniconda3/envs/airflow_mdg/lib/python3.8/site-packages/airflow/example_dags/example_params_ui_tutorial.py
[2024-04-06T23:50:43.522+0000] {processor.py:840} INFO - DAG(s) 'example_params_ui_tutorial' retrieved from /home/malangdataguy/miniconda3/envs/airflow_mdg/lib/python3.8/site-packages/airflow/example_dags/example_params_ui_tutorial.py
[2024-04-06T23:50:43.580+0000] {logging_mixin.py:188} INFO - [2024-04-06T23:50:43.580+0000] {dag.py:3047} INFO - Sync 1 DAGs
[2024-04-06T23:50:43.595+0000] {logging_mixin.py:188} INFO - [2024-04-06T23:50:43.595+0000] {dag.py:3834} INFO - Setting next_dagrun for example_params_ui_tutorial to None, run_after=None
[2024-04-06T23:50:43.623+0000] {processor.py:183} INFO - Processing /home/malangdataguy/miniconda3/envs/airflow_mdg/lib/python3.8/site-packages/airflow/example_dags/example_params_ui_tutorial.py took 0.128 seconds
[2024-04-06T23:51:47.377+0000] {processor.py:161} INFO - Started process (PID=70026) to work on /home/malangdataguy/miniconda3/envs/airflow_mdg/lib/python3.8/site-packages/airflow/example_dags/example_params_ui_tutorial.py
[2024-04-06T23:51:47.380+0000] {processor.py:830} INFO - Processing file /home/malangdataguy/miniconda3/envs/airflow_mdg/lib/python3.8/site-packages/airflow/example_dags/example_params_ui_tutorial.py for tasks to queue
[2024-04-06T23:51:47.381+0000] {logging_mixin.py:188} INFO - [2024-04-06T23:51:47.381+0000] {dagbag.py:540} INFO - Filling up the DagBag from /home/malangdataguy/miniconda3/envs/airflow_mdg/lib/python3.8/site-packages/airflow/example_dags/example_params_ui_tutorial.py
[2024-04-06T23:51:47.398+0000] {processor.py:840} INFO - DAG(s) 'example_params_ui_tutorial' retrieved from /home/malangdataguy/miniconda3/envs/airflow_mdg/lib/python3.8/site-packages/airflow/example_dags/example_params_ui_tutorial.py
[2024-04-06T23:51:47.459+0000] {logging_mixin.py:188} INFO - [2024-04-06T23:51:47.459+0000] {dag.py:3047} INFO - Sync 1 DAGs
[2024-04-06T23:51:47.473+0000] {logging_mixin.py:188} INFO - [2024-04-06T23:51:47.473+0000] {dag.py:3834} INFO - Setting next_dagrun for example_params_ui_tutorial to None, run_after=None
[2024-04-06T23:51:47.503+0000] {processor.py:183} INFO - Processing /home/malangdataguy/miniconda3/envs/airflow_mdg/lib/python3.8/site-packages/airflow/example_dags/example_params_ui_tutorial.py took 0.130 seconds
[2024-04-06T23:52:30.988+0000] {processor.py:161} INFO - Started process (PID=70072) to work on /home/malangdataguy/miniconda3/envs/airflow_mdg/lib/python3.8/site-packages/airflow/example_dags/example_params_ui_tutorial.py
[2024-04-06T23:52:30.991+0000] {processor.py:830} INFO - Processing file /home/malangdataguy/miniconda3/envs/airflow_mdg/lib/python3.8/site-packages/airflow/example_dags/example_params_ui_tutorial.py for tasks to queue
[2024-04-06T23:52:30.993+0000] {logging_mixin.py:188} INFO - [2024-04-06T23:52:30.992+0000] {dagbag.py:540} INFO - Filling up the DagBag from /home/malangdataguy/miniconda3/envs/airflow_mdg/lib/python3.8/site-packages/airflow/example_dags/example_params_ui_tutorial.py
[2024-04-06T23:52:31.014+0000] {processor.py:840} INFO - DAG(s) 'example_params_ui_tutorial' retrieved from /home/malangdataguy/miniconda3/envs/airflow_mdg/lib/python3.8/site-packages/airflow/example_dags/example_params_ui_tutorial.py
[2024-04-06T23:52:31.074+0000] {logging_mixin.py:188} INFO - [2024-04-06T23:52:31.073+0000] {dag.py:3047} INFO - Sync 1 DAGs
[2024-04-06T23:52:31.088+0000] {logging_mixin.py:188} INFO - [2024-04-06T23:52:31.088+0000] {dag.py:3834} INFO - Setting next_dagrun for example_params_ui_tutorial to None, run_after=None
[2024-04-06T23:52:31.119+0000] {processor.py:183} INFO - Processing /home/malangdataguy/miniconda3/envs/airflow_mdg/lib/python3.8/site-packages/airflow/example_dags/example_params_ui_tutorial.py took 0.136 seconds
[2024-04-06T23:53:17.418+0000] {processor.py:161} INFO - Started process (PID=70118) to work on /home/malangdataguy/miniconda3/envs/airflow_mdg/lib/python3.8/site-packages/airflow/example_dags/example_params_ui_tutorial.py
[2024-04-06T23:53:17.420+0000] {processor.py:830} INFO - Processing file /home/malangdataguy/miniconda3/envs/airflow_mdg/lib/python3.8/site-packages/airflow/example_dags/example_params_ui_tutorial.py for tasks to queue
[2024-04-06T23:53:17.422+0000] {logging_mixin.py:188} INFO - [2024-04-06T23:53:17.421+0000] {dagbag.py:540} INFO - Filling up the DagBag from /home/malangdataguy/miniconda3/envs/airflow_mdg/lib/python3.8/site-packages/airflow/example_dags/example_params_ui_tutorial.py
[2024-04-06T23:53:17.442+0000] {processor.py:840} INFO - DAG(s) 'example_params_ui_tutorial' retrieved from /home/malangdataguy/miniconda3/envs/airflow_mdg/lib/python3.8/site-packages/airflow/example_dags/example_params_ui_tutorial.py
[2024-04-06T23:53:17.506+0000] {logging_mixin.py:188} INFO - [2024-04-06T23:53:17.505+0000] {dag.py:3047} INFO - Sync 1 DAGs
[2024-04-06T23:53:17.524+0000] {logging_mixin.py:188} INFO - [2024-04-06T23:53:17.524+0000] {dag.py:3834} INFO - Setting next_dagrun for example_params_ui_tutorial to None, run_after=None
[2024-04-06T23:53:17.559+0000] {processor.py:183} INFO - Processing /home/malangdataguy/miniconda3/envs/airflow_mdg/lib/python3.8/site-packages/airflow/example_dags/example_params_ui_tutorial.py took 0.147 seconds
[2024-04-06T23:54:22.862+0000] {processor.py:161} INFO - Started process (PID=70218) to work on /home/malangdataguy/miniconda3/envs/airflow_mdg/lib/python3.8/site-packages/airflow/example_dags/example_params_ui_tutorial.py
[2024-04-06T23:54:22.865+0000] {processor.py:830} INFO - Processing file /home/malangdataguy/miniconda3/envs/airflow_mdg/lib/python3.8/site-packages/airflow/example_dags/example_params_ui_tutorial.py for tasks to queue
[2024-04-06T23:54:22.866+0000] {logging_mixin.py:188} INFO - [2024-04-06T23:54:22.865+0000] {dagbag.py:540} INFO - Filling up the DagBag from /home/malangdataguy/miniconda3/envs/airflow_mdg/lib/python3.8/site-packages/airflow/example_dags/example_params_ui_tutorial.py
[2024-04-06T23:54:22.883+0000] {processor.py:840} INFO - DAG(s) 'example_params_ui_tutorial' retrieved from /home/malangdataguy/miniconda3/envs/airflow_mdg/lib/python3.8/site-packages/airflow/example_dags/example_params_ui_tutorial.py
[2024-04-06T23:54:22.943+0000] {logging_mixin.py:188} INFO - [2024-04-06T23:54:22.943+0000] {dag.py:3047} INFO - Sync 1 DAGs
[2024-04-06T23:54:22.957+0000] {logging_mixin.py:188} INFO - [2024-04-06T23:54:22.957+0000] {dag.py:3834} INFO - Setting next_dagrun for example_params_ui_tutorial to None, run_after=None
[2024-04-06T23:54:22.987+0000] {processor.py:183} INFO - Processing /home/malangdataguy/miniconda3/envs/airflow_mdg/lib/python3.8/site-packages/airflow/example_dags/example_params_ui_tutorial.py took 0.130 seconds
[2024-04-06T23:55:24.332+0000] {processor.py:161} INFO - Started process (PID=70282) to work on /home/malangdataguy/miniconda3/envs/airflow_mdg/lib/python3.8/site-packages/airflow/example_dags/example_params_ui_tutorial.py
[2024-04-06T23:55:24.334+0000] {processor.py:830} INFO - Processing file /home/malangdataguy/miniconda3/envs/airflow_mdg/lib/python3.8/site-packages/airflow/example_dags/example_params_ui_tutorial.py for tasks to queue
[2024-04-06T23:55:24.336+0000] {logging_mixin.py:188} INFO - [2024-04-06T23:55:24.335+0000] {dagbag.py:540} INFO - Filling up the DagBag from /home/malangdataguy/miniconda3/envs/airflow_mdg/lib/python3.8/site-packages/airflow/example_dags/example_params_ui_tutorial.py
[2024-04-06T23:55:24.354+0000] {processor.py:840} INFO - DAG(s) 'example_params_ui_tutorial' retrieved from /home/malangdataguy/miniconda3/envs/airflow_mdg/lib/python3.8/site-packages/airflow/example_dags/example_params_ui_tutorial.py
[2024-04-06T23:55:24.414+0000] {logging_mixin.py:188} INFO - [2024-04-06T23:55:24.413+0000] {dag.py:3047} INFO - Sync 1 DAGs
[2024-04-06T23:55:24.428+0000] {logging_mixin.py:188} INFO - [2024-04-06T23:55:24.427+0000] {dag.py:3834} INFO - Setting next_dagrun for example_params_ui_tutorial to None, run_after=None
[2024-04-06T23:55:24.459+0000] {processor.py:183} INFO - Processing /home/malangdataguy/miniconda3/envs/airflow_mdg/lib/python3.8/site-packages/airflow/example_dags/example_params_ui_tutorial.py took 0.132 seconds
