[2024-04-06T23:09:53.295+0000] {processor.py:161} INFO - Started process (PID=68402) to work on /home/malangdataguy/miniconda3/envs/airflow_mdg/lib/python3.8/site-packages/airflow/example_dags/example_branch_datetime_operator.py
[2024-04-06T23:09:53.297+0000] {processor.py:830} INFO - Processing file /home/malangdataguy/miniconda3/envs/airflow_mdg/lib/python3.8/site-packages/airflow/example_dags/example_branch_datetime_operator.py for tasks to queue
[2024-04-06T23:09:53.299+0000] {logging_mixin.py:188} INFO - [2024-04-06T23:09:53.298+0000] {dagbag.py:540} INFO - Filling up the DagBag from /home/malangdataguy/miniconda3/envs/airflow_mdg/lib/python3.8/site-packages/airflow/example_dags/example_branch_datetime_operator.py
[2024-04-06T23:09:53.314+0000] {processor.py:840} INFO - DAG(s) 'example_branch_datetime_operator_3', 'example_branch_datetime_operator_2', 'example_branch_datetime_operator' retrieved from /home/malangdataguy/miniconda3/envs/airflow_mdg/lib/python3.8/site-packages/airflow/example_dags/example_branch_datetime_operator.py
[2024-04-06T23:09:53.462+0000] {logging_mixin.py:188} INFO - [2024-04-06T23:09:53.462+0000] {dag.py:3047} INFO - Sync 3 DAGs
[2024-04-06T23:09:53.490+0000] {logging_mixin.py:188} INFO - [2024-04-06T23:09:53.489+0000] {dag.py:3834} INFO - Setting next_dagrun for example_branch_datetime_operator to 2024-04-05 00:00:00+00:00, run_after=2024-04-06 00:00:00+00:00
[2024-04-06T23:09:53.496+0000] {logging_mixin.py:188} INFO - [2024-04-06T23:09:53.495+0000] {dag.py:3834} INFO - Setting next_dagrun for example_branch_datetime_operator_2 to 2024-04-05 00:00:00+00:00, run_after=2024-04-06 00:00:00+00:00
[2024-04-06T23:09:53.499+0000] {logging_mixin.py:188} INFO - [2024-04-06T23:09:53.498+0000] {dag.py:3834} INFO - Setting next_dagrun for example_branch_datetime_operator_3 to 2024-04-05 00:00:00+00:00, run_after=2024-04-06 00:00:00+00:00
[2024-04-06T23:09:53.528+0000] {processor.py:183} INFO - Processing /home/malangdataguy/miniconda3/envs/airflow_mdg/lib/python3.8/site-packages/airflow/example_dags/example_branch_datetime_operator.py took 0.238 seconds
[2024-04-06T23:11:00.880+0000] {processor.py:161} INFO - Started process (PID=68479) to work on /home/malangdataguy/miniconda3/envs/airflow_mdg/lib/python3.8/site-packages/airflow/example_dags/example_branch_datetime_operator.py
[2024-04-06T23:11:00.883+0000] {processor.py:830} INFO - Processing file /home/malangdataguy/miniconda3/envs/airflow_mdg/lib/python3.8/site-packages/airflow/example_dags/example_branch_datetime_operator.py for tasks to queue
[2024-04-06T23:11:00.885+0000] {logging_mixin.py:188} INFO - [2024-04-06T23:11:00.884+0000] {dagbag.py:540} INFO - Filling up the DagBag from /home/malangdataguy/miniconda3/envs/airflow_mdg/lib/python3.8/site-packages/airflow/example_dags/example_branch_datetime_operator.py
[2024-04-06T23:11:00.898+0000] {processor.py:840} INFO - DAG(s) 'example_branch_datetime_operator_2', 'example_branch_datetime_operator_3', 'example_branch_datetime_operator' retrieved from /home/malangdataguy/miniconda3/envs/airflow_mdg/lib/python3.8/site-packages/airflow/example_dags/example_branch_datetime_operator.py
[2024-04-06T23:11:00.930+0000] {logging_mixin.py:188} INFO - [2024-04-06T23:11:00.929+0000] {dag.py:3047} INFO - Sync 3 DAGs
[2024-04-06T23:11:00.956+0000] {logging_mixin.py:188} INFO - [2024-04-06T23:11:00.956+0000] {dag.py:3834} INFO - Setting next_dagrun for example_branch_datetime_operator to 2024-04-05 00:00:00+00:00, run_after=2024-04-06 00:00:00+00:00
[2024-04-06T23:11:00.962+0000] {logging_mixin.py:188} INFO - [2024-04-06T23:11:00.962+0000] {dag.py:3834} INFO - Setting next_dagrun for example_branch_datetime_operator_2 to 2024-04-05 00:00:00+00:00, run_after=2024-04-06 00:00:00+00:00
[2024-04-06T23:11:00.965+0000] {logging_mixin.py:188} INFO - [2024-04-06T23:11:00.965+0000] {dag.py:3834} INFO - Setting next_dagrun for example_branch_datetime_operator_3 to 2024-04-05 00:00:00+00:00, run_after=2024-04-06 00:00:00+00:00
[2024-04-06T23:11:00.994+0000] {processor.py:183} INFO - Processing /home/malangdataguy/miniconda3/envs/airflow_mdg/lib/python3.8/site-packages/airflow/example_dags/example_branch_datetime_operator.py took 0.119 seconds
[2024-04-06T23:12:02.535+0000] {processor.py:161} INFO - Started process (PID=68540) to work on /home/malangdataguy/miniconda3/envs/airflow_mdg/lib/python3.8/site-packages/airflow/example_dags/example_branch_datetime_operator.py
[2024-04-06T23:12:02.538+0000] {processor.py:830} INFO - Processing file /home/malangdataguy/miniconda3/envs/airflow_mdg/lib/python3.8/site-packages/airflow/example_dags/example_branch_datetime_operator.py for tasks to queue
[2024-04-06T23:12:02.540+0000] {logging_mixin.py:188} INFO - [2024-04-06T23:12:02.539+0000] {dagbag.py:540} INFO - Filling up the DagBag from /home/malangdataguy/miniconda3/envs/airflow_mdg/lib/python3.8/site-packages/airflow/example_dags/example_branch_datetime_operator.py
[2024-04-06T23:12:02.556+0000] {processor.py:840} INFO - DAG(s) 'example_branch_datetime_operator_3', 'example_branch_datetime_operator', 'example_branch_datetime_operator_2' retrieved from /home/malangdataguy/miniconda3/envs/airflow_mdg/lib/python3.8/site-packages/airflow/example_dags/example_branch_datetime_operator.py
[2024-04-06T23:12:02.594+0000] {logging_mixin.py:188} INFO - [2024-04-06T23:12:02.593+0000] {dag.py:3047} INFO - Sync 3 DAGs
[2024-04-06T23:12:02.624+0000] {logging_mixin.py:188} INFO - [2024-04-06T23:12:02.623+0000] {dag.py:3834} INFO - Setting next_dagrun for example_branch_datetime_operator to 2024-04-05 00:00:00+00:00, run_after=2024-04-06 00:00:00+00:00
[2024-04-06T23:12:02.631+0000] {logging_mixin.py:188} INFO - [2024-04-06T23:12:02.631+0000] {dag.py:3834} INFO - Setting next_dagrun for example_branch_datetime_operator_2 to 2024-04-05 00:00:00+00:00, run_after=2024-04-06 00:00:00+00:00
[2024-04-06T23:12:02.634+0000] {logging_mixin.py:188} INFO - [2024-04-06T23:12:02.634+0000] {dag.py:3834} INFO - Setting next_dagrun for example_branch_datetime_operator_3 to 2024-04-05 00:00:00+00:00, run_after=2024-04-06 00:00:00+00:00
[2024-04-06T23:12:02.669+0000] {processor.py:183} INFO - Processing /home/malangdataguy/miniconda3/envs/airflow_mdg/lib/python3.8/site-packages/airflow/example_dags/example_branch_datetime_operator.py took 0.139 seconds
[2024-04-06T23:13:05.915+0000] {processor.py:161} INFO - Started process (PID=68605) to work on /home/malangdataguy/miniconda3/envs/airflow_mdg/lib/python3.8/site-packages/airflow/example_dags/example_branch_datetime_operator.py
[2024-04-06T23:13:05.918+0000] {processor.py:830} INFO - Processing file /home/malangdataguy/miniconda3/envs/airflow_mdg/lib/python3.8/site-packages/airflow/example_dags/example_branch_datetime_operator.py for tasks to queue
[2024-04-06T23:13:05.919+0000] {logging_mixin.py:188} INFO - [2024-04-06T23:13:05.918+0000] {dagbag.py:540} INFO - Filling up the DagBag from /home/malangdataguy/miniconda3/envs/airflow_mdg/lib/python3.8/site-packages/airflow/example_dags/example_branch_datetime_operator.py
[2024-04-06T23:13:05.934+0000] {processor.py:840} INFO - DAG(s) 'example_branch_datetime_operator_3', 'example_branch_datetime_operator_2', 'example_branch_datetime_operator' retrieved from /home/malangdataguy/miniconda3/envs/airflow_mdg/lib/python3.8/site-packages/airflow/example_dags/example_branch_datetime_operator.py
[2024-04-06T23:13:05.970+0000] {logging_mixin.py:188} INFO - [2024-04-06T23:13:05.969+0000] {dag.py:3047} INFO - Sync 3 DAGs
[2024-04-06T23:13:05.999+0000] {logging_mixin.py:188} INFO - [2024-04-06T23:13:05.998+0000] {dag.py:3834} INFO - Setting next_dagrun for example_branch_datetime_operator to 2024-04-05 00:00:00+00:00, run_after=2024-04-06 00:00:00+00:00
[2024-04-06T23:13:06.005+0000] {logging_mixin.py:188} INFO - [2024-04-06T23:13:06.005+0000] {dag.py:3834} INFO - Setting next_dagrun for example_branch_datetime_operator_2 to 2024-04-05 00:00:00+00:00, run_after=2024-04-06 00:00:00+00:00
[2024-04-06T23:13:06.008+0000] {logging_mixin.py:188} INFO - [2024-04-06T23:13:06.008+0000] {dag.py:3834} INFO - Setting next_dagrun for example_branch_datetime_operator_3 to 2024-04-05 00:00:00+00:00, run_after=2024-04-06 00:00:00+00:00
[2024-04-06T23:13:06.041+0000] {processor.py:183} INFO - Processing /home/malangdataguy/miniconda3/envs/airflow_mdg/lib/python3.8/site-packages/airflow/example_dags/example_branch_datetime_operator.py took 0.131 seconds
[2024-04-06T23:14:07.229+0000] {processor.py:161} INFO - Started process (PID=68668) to work on /home/malangdataguy/miniconda3/envs/airflow_mdg/lib/python3.8/site-packages/airflow/example_dags/example_branch_datetime_operator.py
[2024-04-06T23:14:07.232+0000] {processor.py:830} INFO - Processing file /home/malangdataguy/miniconda3/envs/airflow_mdg/lib/python3.8/site-packages/airflow/example_dags/example_branch_datetime_operator.py for tasks to queue
[2024-04-06T23:14:07.234+0000] {logging_mixin.py:188} INFO - [2024-04-06T23:14:07.233+0000] {dagbag.py:540} INFO - Filling up the DagBag from /home/malangdataguy/miniconda3/envs/airflow_mdg/lib/python3.8/site-packages/airflow/example_dags/example_branch_datetime_operator.py
[2024-04-06T23:14:07.250+0000] {processor.py:840} INFO - DAG(s) 'example_branch_datetime_operator', 'example_branch_datetime_operator_2', 'example_branch_datetime_operator_3' retrieved from /home/malangdataguy/miniconda3/envs/airflow_mdg/lib/python3.8/site-packages/airflow/example_dags/example_branch_datetime_operator.py
[2024-04-06T23:14:07.290+0000] {logging_mixin.py:188} INFO - [2024-04-06T23:14:07.289+0000] {dag.py:3047} INFO - Sync 3 DAGs
[2024-04-06T23:14:07.321+0000] {logging_mixin.py:188} INFO - [2024-04-06T23:14:07.320+0000] {dag.py:3834} INFO - Setting next_dagrun for example_branch_datetime_operator to 2024-04-05 00:00:00+00:00, run_after=2024-04-06 00:00:00+00:00
[2024-04-06T23:14:07.329+0000] {logging_mixin.py:188} INFO - [2024-04-06T23:14:07.328+0000] {dag.py:3834} INFO - Setting next_dagrun for example_branch_datetime_operator_2 to 2024-04-05 00:00:00+00:00, run_after=2024-04-06 00:00:00+00:00
[2024-04-06T23:14:07.332+0000] {logging_mixin.py:188} INFO - [2024-04-06T23:14:07.332+0000] {dag.py:3834} INFO - Setting next_dagrun for example_branch_datetime_operator_3 to 2024-04-05 00:00:00+00:00, run_after=2024-04-06 00:00:00+00:00
[2024-04-06T23:14:07.372+0000] {processor.py:183} INFO - Processing /home/malangdataguy/miniconda3/envs/airflow_mdg/lib/python3.8/site-packages/airflow/example_dags/example_branch_datetime_operator.py took 0.148 seconds
[2024-04-06T23:15:10.148+0000] {processor.py:161} INFO - Started process (PID=68732) to work on /home/malangdataguy/miniconda3/envs/airflow_mdg/lib/python3.8/site-packages/airflow/example_dags/example_branch_datetime_operator.py
[2024-04-06T23:15:10.151+0000] {processor.py:830} INFO - Processing file /home/malangdataguy/miniconda3/envs/airflow_mdg/lib/python3.8/site-packages/airflow/example_dags/example_branch_datetime_operator.py for tasks to queue
[2024-04-06T23:15:10.152+0000] {logging_mixin.py:188} INFO - [2024-04-06T23:15:10.151+0000] {dagbag.py:540} INFO - Filling up the DagBag from /home/malangdataguy/miniconda3/envs/airflow_mdg/lib/python3.8/site-packages/airflow/example_dags/example_branch_datetime_operator.py
[2024-04-06T23:15:10.167+0000] {processor.py:840} INFO - DAG(s) 'example_branch_datetime_operator_2', 'example_branch_datetime_operator_3', 'example_branch_datetime_operator' retrieved from /home/malangdataguy/miniconda3/envs/airflow_mdg/lib/python3.8/site-packages/airflow/example_dags/example_branch_datetime_operator.py
[2024-04-06T23:15:10.198+0000] {logging_mixin.py:188} INFO - [2024-04-06T23:15:10.198+0000] {dag.py:3047} INFO - Sync 3 DAGs
[2024-04-06T23:15:10.225+0000] {logging_mixin.py:188} INFO - [2024-04-06T23:15:10.224+0000] {dag.py:3834} INFO - Setting next_dagrun for example_branch_datetime_operator to 2024-04-05 00:00:00+00:00, run_after=2024-04-06 00:00:00+00:00
[2024-04-06T23:15:10.231+0000] {logging_mixin.py:188} INFO - [2024-04-06T23:15:10.231+0000] {dag.py:3834} INFO - Setting next_dagrun for example_branch_datetime_operator_2 to 2024-04-05 00:00:00+00:00, run_after=2024-04-06 00:00:00+00:00
[2024-04-06T23:15:10.234+0000] {logging_mixin.py:188} INFO - [2024-04-06T23:15:10.234+0000] {dag.py:3834} INFO - Setting next_dagrun for example_branch_datetime_operator_3 to 2024-04-05 00:00:00+00:00, run_after=2024-04-06 00:00:00+00:00
[2024-04-06T23:15:10.263+0000] {processor.py:183} INFO - Processing /home/malangdataguy/miniconda3/envs/airflow_mdg/lib/python3.8/site-packages/airflow/example_dags/example_branch_datetime_operator.py took 0.120 seconds
[2024-04-06T23:16:08.075+0000] {processor.py:161} INFO - Started process (PID=68792) to work on /home/malangdataguy/miniconda3/envs/airflow_mdg/lib/python3.8/site-packages/airflow/example_dags/example_branch_datetime_operator.py
[2024-04-06T23:16:08.077+0000] {processor.py:830} INFO - Processing file /home/malangdataguy/miniconda3/envs/airflow_mdg/lib/python3.8/site-packages/airflow/example_dags/example_branch_datetime_operator.py for tasks to queue
[2024-04-06T23:16:08.079+0000] {logging_mixin.py:188} INFO - [2024-04-06T23:16:08.078+0000] {dagbag.py:540} INFO - Filling up the DagBag from /home/malangdataguy/miniconda3/envs/airflow_mdg/lib/python3.8/site-packages/airflow/example_dags/example_branch_datetime_operator.py
[2024-04-06T23:16:08.092+0000] {processor.py:840} INFO - DAG(s) 'example_branch_datetime_operator_2', 'example_branch_datetime_operator', 'example_branch_datetime_operator_3' retrieved from /home/malangdataguy/miniconda3/envs/airflow_mdg/lib/python3.8/site-packages/airflow/example_dags/example_branch_datetime_operator.py
[2024-04-06T23:16:08.122+0000] {logging_mixin.py:188} INFO - [2024-04-06T23:16:08.122+0000] {dag.py:3047} INFO - Sync 3 DAGs
[2024-04-06T23:16:08.149+0000] {logging_mixin.py:188} INFO - [2024-04-06T23:16:08.148+0000] {dag.py:3834} INFO - Setting next_dagrun for example_branch_datetime_operator to 2024-04-05 00:00:00+00:00, run_after=2024-04-06 00:00:00+00:00
[2024-04-06T23:16:08.155+0000] {logging_mixin.py:188} INFO - [2024-04-06T23:16:08.155+0000] {dag.py:3834} INFO - Setting next_dagrun for example_branch_datetime_operator_2 to 2024-04-05 00:00:00+00:00, run_after=2024-04-06 00:00:00+00:00
[2024-04-06T23:16:08.158+0000] {logging_mixin.py:188} INFO - [2024-04-06T23:16:08.158+0000] {dag.py:3834} INFO - Setting next_dagrun for example_branch_datetime_operator_3 to 2024-04-05 00:00:00+00:00, run_after=2024-04-06 00:00:00+00:00
[2024-04-06T23:16:08.187+0000] {processor.py:183} INFO - Processing /home/malangdataguy/miniconda3/envs/airflow_mdg/lib/python3.8/site-packages/airflow/example_dags/example_branch_datetime_operator.py took 0.117 seconds
[2024-04-06T23:17:03.946+0000] {processor.py:161} INFO - Started process (PID=68854) to work on /home/malangdataguy/miniconda3/envs/airflow_mdg/lib/python3.8/site-packages/airflow/example_dags/example_branch_datetime_operator.py
[2024-04-06T23:17:03.949+0000] {processor.py:830} INFO - Processing file /home/malangdataguy/miniconda3/envs/airflow_mdg/lib/python3.8/site-packages/airflow/example_dags/example_branch_datetime_operator.py for tasks to queue
[2024-04-06T23:17:03.950+0000] {logging_mixin.py:188} INFO - [2024-04-06T23:17:03.949+0000] {dagbag.py:540} INFO - Filling up the DagBag from /home/malangdataguy/miniconda3/envs/airflow_mdg/lib/python3.8/site-packages/airflow/example_dags/example_branch_datetime_operator.py
[2024-04-06T23:17:03.964+0000] {processor.py:840} INFO - DAG(s) 'example_branch_datetime_operator_3', 'example_branch_datetime_operator', 'example_branch_datetime_operator_2' retrieved from /home/malangdataguy/miniconda3/envs/airflow_mdg/lib/python3.8/site-packages/airflow/example_dags/example_branch_datetime_operator.py
[2024-04-06T23:17:03.996+0000] {logging_mixin.py:188} INFO - [2024-04-06T23:17:03.995+0000] {dag.py:3047} INFO - Sync 3 DAGs
[2024-04-06T23:17:04.021+0000] {logging_mixin.py:188} INFO - [2024-04-06T23:17:04.021+0000] {dag.py:3834} INFO - Setting next_dagrun for example_branch_datetime_operator to 2024-04-05 00:00:00+00:00, run_after=2024-04-06 00:00:00+00:00
[2024-04-06T23:17:04.026+0000] {logging_mixin.py:188} INFO - [2024-04-06T23:17:04.026+0000] {dag.py:3834} INFO - Setting next_dagrun for example_branch_datetime_operator_2 to 2024-04-05 00:00:00+00:00, run_after=2024-04-06 00:00:00+00:00
[2024-04-06T23:17:04.029+0000] {logging_mixin.py:188} INFO - [2024-04-06T23:17:04.029+0000] {dag.py:3834} INFO - Setting next_dagrun for example_branch_datetime_operator_3 to 2024-04-05 00:00:00+00:00, run_after=2024-04-06 00:00:00+00:00
[2024-04-06T23:17:04.060+0000] {processor.py:183} INFO - Processing /home/malangdataguy/miniconda3/envs/airflow_mdg/lib/python3.8/site-packages/airflow/example_dags/example_branch_datetime_operator.py took 0.119 seconds
[2024-04-06T23:18:09.266+0000] {processor.py:161} INFO - Started process (PID=68923) to work on /home/malangdataguy/miniconda3/envs/airflow_mdg/lib/python3.8/site-packages/airflow/example_dags/example_branch_datetime_operator.py
[2024-04-06T23:18:09.269+0000] {processor.py:830} INFO - Processing file /home/malangdataguy/miniconda3/envs/airflow_mdg/lib/python3.8/site-packages/airflow/example_dags/example_branch_datetime_operator.py for tasks to queue
[2024-04-06T23:18:09.271+0000] {logging_mixin.py:188} INFO - [2024-04-06T23:18:09.270+0000] {dagbag.py:540} INFO - Filling up the DagBag from /home/malangdataguy/miniconda3/envs/airflow_mdg/lib/python3.8/site-packages/airflow/example_dags/example_branch_datetime_operator.py
[2024-04-06T23:18:09.286+0000] {processor.py:840} INFO - DAG(s) 'example_branch_datetime_operator', 'example_branch_datetime_operator_3', 'example_branch_datetime_operator_2' retrieved from /home/malangdataguy/miniconda3/envs/airflow_mdg/lib/python3.8/site-packages/airflow/example_dags/example_branch_datetime_operator.py
[2024-04-06T23:18:09.325+0000] {logging_mixin.py:188} INFO - [2024-04-06T23:18:09.324+0000] {dag.py:3047} INFO - Sync 3 DAGs
[2024-04-06T23:18:09.358+0000] {logging_mixin.py:188} INFO - [2024-04-06T23:18:09.357+0000] {dag.py:3834} INFO - Setting next_dagrun for example_branch_datetime_operator to 2024-04-05 00:00:00+00:00, run_after=2024-04-06 00:00:00+00:00
[2024-04-06T23:18:09.364+0000] {logging_mixin.py:188} INFO - [2024-04-06T23:18:09.364+0000] {dag.py:3834} INFO - Setting next_dagrun for example_branch_datetime_operator_2 to 2024-04-05 00:00:00+00:00, run_after=2024-04-06 00:00:00+00:00
[2024-04-06T23:18:09.367+0000] {logging_mixin.py:188} INFO - [2024-04-06T23:18:09.367+0000] {dag.py:3834} INFO - Setting next_dagrun for example_branch_datetime_operator_3 to 2024-04-05 00:00:00+00:00, run_after=2024-04-06 00:00:00+00:00
[2024-04-06T23:18:09.406+0000] {processor.py:183} INFO - Processing /home/malangdataguy/miniconda3/envs/airflow_mdg/lib/python3.8/site-packages/airflow/example_dags/example_branch_datetime_operator.py took 0.146 seconds
[2024-04-06T23:19:10.037+0000] {processor.py:161} INFO - Started process (PID=68986) to work on /home/malangdataguy/miniconda3/envs/airflow_mdg/lib/python3.8/site-packages/airflow/example_dags/example_branch_datetime_operator.py
[2024-04-06T23:19:10.039+0000] {processor.py:830} INFO - Processing file /home/malangdataguy/miniconda3/envs/airflow_mdg/lib/python3.8/site-packages/airflow/example_dags/example_branch_datetime_operator.py for tasks to queue
[2024-04-06T23:19:10.041+0000] {logging_mixin.py:188} INFO - [2024-04-06T23:19:10.040+0000] {dagbag.py:540} INFO - Filling up the DagBag from /home/malangdataguy/miniconda3/envs/airflow_mdg/lib/python3.8/site-packages/airflow/example_dags/example_branch_datetime_operator.py
[2024-04-06T23:19:10.055+0000] {processor.py:840} INFO - DAG(s) 'example_branch_datetime_operator_3', 'example_branch_datetime_operator', 'example_branch_datetime_operator_2' retrieved from /home/malangdataguy/miniconda3/envs/airflow_mdg/lib/python3.8/site-packages/airflow/example_dags/example_branch_datetime_operator.py
[2024-04-06T23:19:10.087+0000] {logging_mixin.py:188} INFO - [2024-04-06T23:19:10.087+0000] {dag.py:3047} INFO - Sync 3 DAGs
[2024-04-06T23:19:10.112+0000] {logging_mixin.py:188} INFO - [2024-04-06T23:19:10.112+0000] {dag.py:3834} INFO - Setting next_dagrun for example_branch_datetime_operator to 2024-04-05 00:00:00+00:00, run_after=2024-04-06 00:00:00+00:00
[2024-04-06T23:19:10.118+0000] {logging_mixin.py:188} INFO - [2024-04-06T23:19:10.117+0000] {dag.py:3834} INFO - Setting next_dagrun for example_branch_datetime_operator_2 to 2024-04-05 00:00:00+00:00, run_after=2024-04-06 00:00:00+00:00
[2024-04-06T23:19:10.121+0000] {logging_mixin.py:188} INFO - [2024-04-06T23:19:10.121+0000] {dag.py:3834} INFO - Setting next_dagrun for example_branch_datetime_operator_3 to 2024-04-05 00:00:00+00:00, run_after=2024-04-06 00:00:00+00:00
[2024-04-06T23:19:10.147+0000] {processor.py:183} INFO - Processing /home/malangdataguy/miniconda3/envs/airflow_mdg/lib/python3.8/site-packages/airflow/example_dags/example_branch_datetime_operator.py took 0.115 seconds
[2024-04-06T23:20:19.504+0000] {processor.py:161} INFO - Started process (PID=69052) to work on /home/malangdataguy/miniconda3/envs/airflow_mdg/lib/python3.8/site-packages/airflow/example_dags/example_branch_datetime_operator.py
[2024-04-06T23:20:19.507+0000] {processor.py:830} INFO - Processing file /home/malangdataguy/miniconda3/envs/airflow_mdg/lib/python3.8/site-packages/airflow/example_dags/example_branch_datetime_operator.py for tasks to queue
[2024-04-06T23:20:19.508+0000] {logging_mixin.py:188} INFO - [2024-04-06T23:20:19.507+0000] {dagbag.py:540} INFO - Filling up the DagBag from /home/malangdataguy/miniconda3/envs/airflow_mdg/lib/python3.8/site-packages/airflow/example_dags/example_branch_datetime_operator.py
[2024-04-06T23:20:19.521+0000] {processor.py:840} INFO - DAG(s) 'example_branch_datetime_operator_3', 'example_branch_datetime_operator', 'example_branch_datetime_operator_2' retrieved from /home/malangdataguy/miniconda3/envs/airflow_mdg/lib/python3.8/site-packages/airflow/example_dags/example_branch_datetime_operator.py
[2024-04-06T23:20:19.553+0000] {logging_mixin.py:188} INFO - [2024-04-06T23:20:19.553+0000] {dag.py:3047} INFO - Sync 3 DAGs
[2024-04-06T23:20:19.580+0000] {logging_mixin.py:188} INFO - [2024-04-06T23:20:19.580+0000] {dag.py:3834} INFO - Setting next_dagrun for example_branch_datetime_operator to 2024-04-05 00:00:00+00:00, run_after=2024-04-06 00:00:00+00:00
[2024-04-06T23:20:19.586+0000] {logging_mixin.py:188} INFO - [2024-04-06T23:20:19.586+0000] {dag.py:3834} INFO - Setting next_dagrun for example_branch_datetime_operator_2 to 2024-04-05 00:00:00+00:00, run_after=2024-04-06 00:00:00+00:00
[2024-04-06T23:20:19.589+0000] {logging_mixin.py:188} INFO - [2024-04-06T23:20:19.588+0000] {dag.py:3834} INFO - Setting next_dagrun for example_branch_datetime_operator_3 to 2024-04-05 00:00:00+00:00, run_after=2024-04-06 00:00:00+00:00
[2024-04-06T23:20:19.615+0000] {processor.py:183} INFO - Processing /home/malangdataguy/miniconda3/envs/airflow_mdg/lib/python3.8/site-packages/airflow/example_dags/example_branch_datetime_operator.py took 0.116 seconds
[2024-04-06T23:21:21.230+0000] {processor.py:161} INFO - Started process (PID=69118) to work on /home/malangdataguy/miniconda3/envs/airflow_mdg/lib/python3.8/site-packages/airflow/example_dags/example_branch_datetime_operator.py
[2024-04-06T23:21:21.233+0000] {processor.py:830} INFO - Processing file /home/malangdataguy/miniconda3/envs/airflow_mdg/lib/python3.8/site-packages/airflow/example_dags/example_branch_datetime_operator.py for tasks to queue
[2024-04-06T23:21:21.235+0000] {logging_mixin.py:188} INFO - [2024-04-06T23:21:21.234+0000] {dagbag.py:540} INFO - Filling up the DagBag from /home/malangdataguy/miniconda3/envs/airflow_mdg/lib/python3.8/site-packages/airflow/example_dags/example_branch_datetime_operator.py
[2024-04-06T23:21:21.249+0000] {processor.py:840} INFO - DAG(s) 'example_branch_datetime_operator_2', 'example_branch_datetime_operator_3', 'example_branch_datetime_operator' retrieved from /home/malangdataguy/miniconda3/envs/airflow_mdg/lib/python3.8/site-packages/airflow/example_dags/example_branch_datetime_operator.py
[2024-04-06T23:21:21.282+0000] {logging_mixin.py:188} INFO - [2024-04-06T23:21:21.282+0000] {dag.py:3047} INFO - Sync 3 DAGs
[2024-04-06T23:21:21.310+0000] {logging_mixin.py:188} INFO - [2024-04-06T23:21:21.309+0000] {dag.py:3834} INFO - Setting next_dagrun for example_branch_datetime_operator to 2024-04-05 00:00:00+00:00, run_after=2024-04-06 00:00:00+00:00
[2024-04-06T23:21:21.315+0000] {logging_mixin.py:188} INFO - [2024-04-06T23:21:21.315+0000] {dag.py:3834} INFO - Setting next_dagrun for example_branch_datetime_operator_2 to 2024-04-05 00:00:00+00:00, run_after=2024-04-06 00:00:00+00:00
[2024-04-06T23:21:21.319+0000] {logging_mixin.py:188} INFO - [2024-04-06T23:21:21.318+0000] {dag.py:3834} INFO - Setting next_dagrun for example_branch_datetime_operator_3 to 2024-04-05 00:00:00+00:00, run_after=2024-04-06 00:00:00+00:00
[2024-04-06T23:21:21.348+0000] {processor.py:183} INFO - Processing /home/malangdataguy/miniconda3/envs/airflow_mdg/lib/python3.8/site-packages/airflow/example_dags/example_branch_datetime_operator.py took 0.123 seconds
[2024-04-06T23:22:25.464+0000] {processor.py:161} INFO - Started process (PID=69179) to work on /home/malangdataguy/miniconda3/envs/airflow_mdg/lib/python3.8/site-packages/airflow/example_dags/example_branch_datetime_operator.py
[2024-04-06T23:22:25.472+0000] {processor.py:830} INFO - Processing file /home/malangdataguy/miniconda3/envs/airflow_mdg/lib/python3.8/site-packages/airflow/example_dags/example_branch_datetime_operator.py for tasks to queue
[2024-04-06T23:22:25.475+0000] {logging_mixin.py:188} INFO - [2024-04-06T23:22:25.474+0000] {dagbag.py:540} INFO - Filling up the DagBag from /home/malangdataguy/miniconda3/envs/airflow_mdg/lib/python3.8/site-packages/airflow/example_dags/example_branch_datetime_operator.py
[2024-04-06T23:22:25.506+0000] {processor.py:840} INFO - DAG(s) 'example_branch_datetime_operator_3', 'example_branch_datetime_operator', 'example_branch_datetime_operator_2' retrieved from /home/malangdataguy/miniconda3/envs/airflow_mdg/lib/python3.8/site-packages/airflow/example_dags/example_branch_datetime_operator.py
[2024-04-06T23:22:25.584+0000] {logging_mixin.py:188} INFO - [2024-04-06T23:22:25.583+0000] {dag.py:3047} INFO - Sync 3 DAGs
[2024-04-06T23:22:25.627+0000] {logging_mixin.py:188} INFO - [2024-04-06T23:22:25.626+0000] {dag.py:3834} INFO - Setting next_dagrun for example_branch_datetime_operator to 2024-04-05 00:00:00+00:00, run_after=2024-04-06 00:00:00+00:00
[2024-04-06T23:22:25.635+0000] {logging_mixin.py:188} INFO - [2024-04-06T23:22:25.635+0000] {dag.py:3834} INFO - Setting next_dagrun for example_branch_datetime_operator_2 to 2024-04-05 00:00:00+00:00, run_after=2024-04-06 00:00:00+00:00
[2024-04-06T23:22:25.644+0000] {logging_mixin.py:188} INFO - [2024-04-06T23:22:25.643+0000] {dag.py:3834} INFO - Setting next_dagrun for example_branch_datetime_operator_3 to 2024-04-05 00:00:00+00:00, run_after=2024-04-06 00:00:00+00:00
[2024-04-06T23:22:25.685+0000] {processor.py:183} INFO - Processing /home/malangdataguy/miniconda3/envs/airflow_mdg/lib/python3.8/site-packages/airflow/example_dags/example_branch_datetime_operator.py took 0.233 seconds
[2024-04-06T23:40:58.656+0000] {processor.py:161} INFO - Started process (PID=69315) to work on /home/malangdataguy/miniconda3/envs/airflow_mdg/lib/python3.8/site-packages/airflow/example_dags/example_branch_datetime_operator.py
[2024-04-06T23:40:58.659+0000] {processor.py:830} INFO - Processing file /home/malangdataguy/miniconda3/envs/airflow_mdg/lib/python3.8/site-packages/airflow/example_dags/example_branch_datetime_operator.py for tasks to queue
[2024-04-06T23:40:58.661+0000] {logging_mixin.py:188} INFO - [2024-04-06T23:40:58.660+0000] {dagbag.py:540} INFO - Filling up the DagBag from /home/malangdataguy/miniconda3/envs/airflow_mdg/lib/python3.8/site-packages/airflow/example_dags/example_branch_datetime_operator.py
[2024-04-06T23:40:58.676+0000] {processor.py:840} INFO - DAG(s) 'example_branch_datetime_operator_2', 'example_branch_datetime_operator', 'example_branch_datetime_operator_3' retrieved from /home/malangdataguy/miniconda3/envs/airflow_mdg/lib/python3.8/site-packages/airflow/example_dags/example_branch_datetime_operator.py
[2024-04-06T23:40:58.713+0000] {logging_mixin.py:188} INFO - [2024-04-06T23:40:58.712+0000] {dag.py:3047} INFO - Sync 3 DAGs
[2024-04-06T23:40:58.744+0000] {logging_mixin.py:188} INFO - [2024-04-06T23:40:58.743+0000] {dag.py:3834} INFO - Setting next_dagrun for example_branch_datetime_operator to 2024-04-05 00:00:00+00:00, run_after=2024-04-06 00:00:00+00:00
[2024-04-06T23:40:58.750+0000] {logging_mixin.py:188} INFO - [2024-04-06T23:40:58.750+0000] {dag.py:3834} INFO - Setting next_dagrun for example_branch_datetime_operator_2 to 2024-04-05 00:00:00+00:00, run_after=2024-04-06 00:00:00+00:00
[2024-04-06T23:40:58.754+0000] {logging_mixin.py:188} INFO - [2024-04-06T23:40:58.753+0000] {dag.py:3834} INFO - Setting next_dagrun for example_branch_datetime_operator_3 to 2024-04-05 00:00:00+00:00, run_after=2024-04-06 00:00:00+00:00
[2024-04-06T23:40:58.783+0000] {processor.py:183} INFO - Processing /home/malangdataguy/miniconda3/envs/airflow_mdg/lib/python3.8/site-packages/airflow/example_dags/example_branch_datetime_operator.py took 0.133 seconds
[2024-04-06T23:42:06.162+0000] {processor.py:161} INFO - Started process (PID=69380) to work on /home/malangdataguy/miniconda3/envs/airflow_mdg/lib/python3.8/site-packages/airflow/example_dags/example_branch_datetime_operator.py
[2024-04-06T23:42:06.164+0000] {processor.py:830} INFO - Processing file /home/malangdataguy/miniconda3/envs/airflow_mdg/lib/python3.8/site-packages/airflow/example_dags/example_branch_datetime_operator.py for tasks to queue
[2024-04-06T23:42:06.166+0000] {logging_mixin.py:188} INFO - [2024-04-06T23:42:06.165+0000] {dagbag.py:540} INFO - Filling up the DagBag from /home/malangdataguy/miniconda3/envs/airflow_mdg/lib/python3.8/site-packages/airflow/example_dags/example_branch_datetime_operator.py
[2024-04-06T23:42:06.180+0000] {processor.py:840} INFO - DAG(s) 'example_branch_datetime_operator_3', 'example_branch_datetime_operator_2', 'example_branch_datetime_operator' retrieved from /home/malangdataguy/miniconda3/envs/airflow_mdg/lib/python3.8/site-packages/airflow/example_dags/example_branch_datetime_operator.py
[2024-04-06T23:42:06.210+0000] {logging_mixin.py:188} INFO - [2024-04-06T23:42:06.210+0000] {dag.py:3047} INFO - Sync 3 DAGs
[2024-04-06T23:42:06.237+0000] {logging_mixin.py:188} INFO - [2024-04-06T23:42:06.237+0000] {dag.py:3834} INFO - Setting next_dagrun for example_branch_datetime_operator to 2024-04-05 00:00:00+00:00, run_after=2024-04-06 00:00:00+00:00
[2024-04-06T23:42:06.243+0000] {logging_mixin.py:188} INFO - [2024-04-06T23:42:06.242+0000] {dag.py:3834} INFO - Setting next_dagrun for example_branch_datetime_operator_2 to 2024-04-05 00:00:00+00:00, run_after=2024-04-06 00:00:00+00:00
[2024-04-06T23:42:06.245+0000] {logging_mixin.py:188} INFO - [2024-04-06T23:42:06.245+0000] {dag.py:3834} INFO - Setting next_dagrun for example_branch_datetime_operator_3 to 2024-04-05 00:00:00+00:00, run_after=2024-04-06 00:00:00+00:00
[2024-04-06T23:42:06.270+0000] {processor.py:183} INFO - Processing /home/malangdataguy/miniconda3/envs/airflow_mdg/lib/python3.8/site-packages/airflow/example_dags/example_branch_datetime_operator.py took 0.114 seconds
[2024-04-06T23:43:09.985+0000] {processor.py:161} INFO - Started process (PID=69445) to work on /home/malangdataguy/miniconda3/envs/airflow_mdg/lib/python3.8/site-packages/airflow/example_dags/example_branch_datetime_operator.py
[2024-04-06T23:43:09.988+0000] {processor.py:830} INFO - Processing file /home/malangdataguy/miniconda3/envs/airflow_mdg/lib/python3.8/site-packages/airflow/example_dags/example_branch_datetime_operator.py for tasks to queue
[2024-04-06T23:43:09.990+0000] {logging_mixin.py:188} INFO - [2024-04-06T23:43:09.989+0000] {dagbag.py:540} INFO - Filling up the DagBag from /home/malangdataguy/miniconda3/envs/airflow_mdg/lib/python3.8/site-packages/airflow/example_dags/example_branch_datetime_operator.py
[2024-04-06T23:43:10.008+0000] {processor.py:840} INFO - DAG(s) 'example_branch_datetime_operator_2', 'example_branch_datetime_operator', 'example_branch_datetime_operator_3' retrieved from /home/malangdataguy/miniconda3/envs/airflow_mdg/lib/python3.8/site-packages/airflow/example_dags/example_branch_datetime_operator.py
[2024-04-06T23:43:10.047+0000] {logging_mixin.py:188} INFO - [2024-04-06T23:43:10.046+0000] {dag.py:3047} INFO - Sync 3 DAGs
[2024-04-06T23:43:10.079+0000] {logging_mixin.py:188} INFO - [2024-04-06T23:43:10.078+0000] {dag.py:3834} INFO - Setting next_dagrun for example_branch_datetime_operator to 2024-04-05 00:00:00+00:00, run_after=2024-04-06 00:00:00+00:00
[2024-04-06T23:43:10.086+0000] {logging_mixin.py:188} INFO - [2024-04-06T23:43:10.086+0000] {dag.py:3834} INFO - Setting next_dagrun for example_branch_datetime_operator_2 to 2024-04-05 00:00:00+00:00, run_after=2024-04-06 00:00:00+00:00
[2024-04-06T23:43:10.090+0000] {logging_mixin.py:188} INFO - [2024-04-06T23:43:10.089+0000] {dag.py:3834} INFO - Setting next_dagrun for example_branch_datetime_operator_3 to 2024-04-05 00:00:00+00:00, run_after=2024-04-06 00:00:00+00:00
[2024-04-06T23:43:10.121+0000] {processor.py:183} INFO - Processing /home/malangdataguy/miniconda3/envs/airflow_mdg/lib/python3.8/site-packages/airflow/example_dags/example_branch_datetime_operator.py took 0.141 seconds
[2024-04-06T23:44:18.294+0000] {processor.py:161} INFO - Started process (PID=69528) to work on /home/malangdataguy/miniconda3/envs/airflow_mdg/lib/python3.8/site-packages/airflow/example_dags/example_branch_datetime_operator.py
[2024-04-06T23:44:18.296+0000] {processor.py:830} INFO - Processing file /home/malangdataguy/miniconda3/envs/airflow_mdg/lib/python3.8/site-packages/airflow/example_dags/example_branch_datetime_operator.py for tasks to queue
[2024-04-06T23:44:18.298+0000] {logging_mixin.py:188} INFO - [2024-04-06T23:44:18.297+0000] {dagbag.py:540} INFO - Filling up the DagBag from /home/malangdataguy/miniconda3/envs/airflow_mdg/lib/python3.8/site-packages/airflow/example_dags/example_branch_datetime_operator.py
[2024-04-06T23:44:18.312+0000] {processor.py:840} INFO - DAG(s) 'example_branch_datetime_operator_3', 'example_branch_datetime_operator_2', 'example_branch_datetime_operator' retrieved from /home/malangdataguy/miniconda3/envs/airflow_mdg/lib/python3.8/site-packages/airflow/example_dags/example_branch_datetime_operator.py
[2024-04-06T23:44:18.347+0000] {logging_mixin.py:188} INFO - [2024-04-06T23:44:18.346+0000] {dag.py:3047} INFO - Sync 3 DAGs
[2024-04-06T23:44:18.376+0000] {logging_mixin.py:188} INFO - [2024-04-06T23:44:18.375+0000] {dag.py:3834} INFO - Setting next_dagrun for example_branch_datetime_operator to 2024-04-05 00:00:00+00:00, run_after=2024-04-06 00:00:00+00:00
[2024-04-06T23:44:18.384+0000] {logging_mixin.py:188} INFO - [2024-04-06T23:44:18.383+0000] {dag.py:3834} INFO - Setting next_dagrun for example_branch_datetime_operator_2 to 2024-04-05 00:00:00+00:00, run_after=2024-04-06 00:00:00+00:00
[2024-04-06T23:44:18.387+0000] {logging_mixin.py:188} INFO - [2024-04-06T23:44:18.386+0000] {dag.py:3834} INFO - Setting next_dagrun for example_branch_datetime_operator_3 to 2024-04-05 00:00:00+00:00, run_after=2024-04-06 00:00:00+00:00
[2024-04-06T23:44:18.415+0000] {processor.py:183} INFO - Processing /home/malangdataguy/miniconda3/envs/airflow_mdg/lib/python3.8/site-packages/airflow/example_dags/example_branch_datetime_operator.py took 0.127 seconds
[2024-04-06T23:45:21.877+0000] {processor.py:161} INFO - Started process (PID=69595) to work on /home/malangdataguy/miniconda3/envs/airflow_mdg/lib/python3.8/site-packages/airflow/example_dags/example_branch_datetime_operator.py
[2024-04-06T23:45:21.880+0000] {processor.py:830} INFO - Processing file /home/malangdataguy/miniconda3/envs/airflow_mdg/lib/python3.8/site-packages/airflow/example_dags/example_branch_datetime_operator.py for tasks to queue
[2024-04-06T23:45:21.881+0000] {logging_mixin.py:188} INFO - [2024-04-06T23:45:21.881+0000] {dagbag.py:540} INFO - Filling up the DagBag from /home/malangdataguy/miniconda3/envs/airflow_mdg/lib/python3.8/site-packages/airflow/example_dags/example_branch_datetime_operator.py
[2024-04-06T23:45:21.895+0000] {processor.py:840} INFO - DAG(s) 'example_branch_datetime_operator_2', 'example_branch_datetime_operator', 'example_branch_datetime_operator_3' retrieved from /home/malangdataguy/miniconda3/envs/airflow_mdg/lib/python3.8/site-packages/airflow/example_dags/example_branch_datetime_operator.py
[2024-04-06T23:45:21.926+0000] {logging_mixin.py:188} INFO - [2024-04-06T23:45:21.926+0000] {dag.py:3047} INFO - Sync 3 DAGs
[2024-04-06T23:45:21.953+0000] {logging_mixin.py:188} INFO - [2024-04-06T23:45:21.952+0000] {dag.py:3834} INFO - Setting next_dagrun for example_branch_datetime_operator to 2024-04-05 00:00:00+00:00, run_after=2024-04-06 00:00:00+00:00
[2024-04-06T23:45:21.959+0000] {logging_mixin.py:188} INFO - [2024-04-06T23:45:21.958+0000] {dag.py:3834} INFO - Setting next_dagrun for example_branch_datetime_operator_2 to 2024-04-05 00:00:00+00:00, run_after=2024-04-06 00:00:00+00:00
[2024-04-06T23:45:21.962+0000] {logging_mixin.py:188} INFO - [2024-04-06T23:45:21.962+0000] {dag.py:3834} INFO - Setting next_dagrun for example_branch_datetime_operator_3 to 2024-04-05 00:00:00+00:00, run_after=2024-04-06 00:00:00+00:00
[2024-04-06T23:45:21.989+0000] {processor.py:183} INFO - Processing /home/malangdataguy/miniconda3/envs/airflow_mdg/lib/python3.8/site-packages/airflow/example_dags/example_branch_datetime_operator.py took 0.117 seconds
[2024-04-06T23:46:23.520+0000] {processor.py:161} INFO - Started process (PID=69661) to work on /home/malangdataguy/miniconda3/envs/airflow_mdg/lib/python3.8/site-packages/airflow/example_dags/example_branch_datetime_operator.py
[2024-04-06T23:46:23.523+0000] {processor.py:830} INFO - Processing file /home/malangdataguy/miniconda3/envs/airflow_mdg/lib/python3.8/site-packages/airflow/example_dags/example_branch_datetime_operator.py for tasks to queue
[2024-04-06T23:46:23.524+0000] {logging_mixin.py:188} INFO - [2024-04-06T23:46:23.523+0000] {dagbag.py:540} INFO - Filling up the DagBag from /home/malangdataguy/miniconda3/envs/airflow_mdg/lib/python3.8/site-packages/airflow/example_dags/example_branch_datetime_operator.py
[2024-04-06T23:46:23.537+0000] {processor.py:840} INFO - DAG(s) 'example_branch_datetime_operator', 'example_branch_datetime_operator_2', 'example_branch_datetime_operator_3' retrieved from /home/malangdataguy/miniconda3/envs/airflow_mdg/lib/python3.8/site-packages/airflow/example_dags/example_branch_datetime_operator.py
[2024-04-06T23:46:23.570+0000] {logging_mixin.py:188} INFO - [2024-04-06T23:46:23.569+0000] {dag.py:3047} INFO - Sync 3 DAGs
[2024-04-06T23:46:23.595+0000] {logging_mixin.py:188} INFO - [2024-04-06T23:46:23.594+0000] {dag.py:3834} INFO - Setting next_dagrun for example_branch_datetime_operator to 2024-04-05 00:00:00+00:00, run_after=2024-04-06 00:00:00+00:00
[2024-04-06T23:46:23.600+0000] {logging_mixin.py:188} INFO - [2024-04-06T23:46:23.599+0000] {dag.py:3834} INFO - Setting next_dagrun for example_branch_datetime_operator_2 to 2024-04-05 00:00:00+00:00, run_after=2024-04-06 00:00:00+00:00
[2024-04-06T23:46:23.604+0000] {logging_mixin.py:188} INFO - [2024-04-06T23:46:23.603+0000] {dag.py:3834} INFO - Setting next_dagrun for example_branch_datetime_operator_3 to 2024-04-05 00:00:00+00:00, run_after=2024-04-06 00:00:00+00:00
[2024-04-06T23:46:23.628+0000] {processor.py:183} INFO - Processing /home/malangdataguy/miniconda3/envs/airflow_mdg/lib/python3.8/site-packages/airflow/example_dags/example_branch_datetime_operator.py took 0.113 seconds
[2024-04-06T23:47:21.417+0000] {processor.py:161} INFO - Started process (PID=69751) to work on /home/malangdataguy/miniconda3/envs/airflow_mdg/lib/python3.8/site-packages/airflow/example_dags/example_branch_datetime_operator.py
[2024-04-06T23:47:21.419+0000] {processor.py:830} INFO - Processing file /home/malangdataguy/miniconda3/envs/airflow_mdg/lib/python3.8/site-packages/airflow/example_dags/example_branch_datetime_operator.py for tasks to queue
[2024-04-06T23:47:21.421+0000] {logging_mixin.py:188} INFO - [2024-04-06T23:47:21.420+0000] {dagbag.py:540} INFO - Filling up the DagBag from /home/malangdataguy/miniconda3/envs/airflow_mdg/lib/python3.8/site-packages/airflow/example_dags/example_branch_datetime_operator.py
[2024-04-06T23:47:21.436+0000] {processor.py:840} INFO - DAG(s) 'example_branch_datetime_operator_2', 'example_branch_datetime_operator_3', 'example_branch_datetime_operator' retrieved from /home/malangdataguy/miniconda3/envs/airflow_mdg/lib/python3.8/site-packages/airflow/example_dags/example_branch_datetime_operator.py
[2024-04-06T23:47:21.469+0000] {logging_mixin.py:188} INFO - [2024-04-06T23:47:21.468+0000] {dag.py:3047} INFO - Sync 3 DAGs
[2024-04-06T23:47:21.495+0000] {logging_mixin.py:188} INFO - [2024-04-06T23:47:21.494+0000] {dag.py:3834} INFO - Setting next_dagrun for example_branch_datetime_operator to 2024-04-05 00:00:00+00:00, run_after=2024-04-06 00:00:00+00:00
[2024-04-06T23:47:21.500+0000] {logging_mixin.py:188} INFO - [2024-04-06T23:47:21.500+0000] {dag.py:3834} INFO - Setting next_dagrun for example_branch_datetime_operator_2 to 2024-04-05 00:00:00+00:00, run_after=2024-04-06 00:00:00+00:00
[2024-04-06T23:47:21.503+0000] {logging_mixin.py:188} INFO - [2024-04-06T23:47:21.503+0000] {dag.py:3834} INFO - Setting next_dagrun for example_branch_datetime_operator_3 to 2024-04-05 00:00:00+00:00, run_after=2024-04-06 00:00:00+00:00
[2024-04-06T23:47:21.530+0000] {processor.py:183} INFO - Processing /home/malangdataguy/miniconda3/envs/airflow_mdg/lib/python3.8/site-packages/airflow/example_dags/example_branch_datetime_operator.py took 0.118 seconds
[2024-04-06T23:48:25.019+0000] {processor.py:161} INFO - Started process (PID=69820) to work on /home/malangdataguy/miniconda3/envs/airflow_mdg/lib/python3.8/site-packages/airflow/example_dags/example_branch_datetime_operator.py
[2024-04-06T23:48:25.022+0000] {processor.py:830} INFO - Processing file /home/malangdataguy/miniconda3/envs/airflow_mdg/lib/python3.8/site-packages/airflow/example_dags/example_branch_datetime_operator.py for tasks to queue
[2024-04-06T23:48:25.023+0000] {logging_mixin.py:188} INFO - [2024-04-06T23:48:25.023+0000] {dagbag.py:540} INFO - Filling up the DagBag from /home/malangdataguy/miniconda3/envs/airflow_mdg/lib/python3.8/site-packages/airflow/example_dags/example_branch_datetime_operator.py
[2024-04-06T23:48:25.036+0000] {processor.py:840} INFO - DAG(s) 'example_branch_datetime_operator_3', 'example_branch_datetime_operator', 'example_branch_datetime_operator_2' retrieved from /home/malangdataguy/miniconda3/envs/airflow_mdg/lib/python3.8/site-packages/airflow/example_dags/example_branch_datetime_operator.py
[2024-04-06T23:48:25.068+0000] {logging_mixin.py:188} INFO - [2024-04-06T23:48:25.067+0000] {dag.py:3047} INFO - Sync 3 DAGs
[2024-04-06T23:48:25.096+0000] {logging_mixin.py:188} INFO - [2024-04-06T23:48:25.096+0000] {dag.py:3834} INFO - Setting next_dagrun for example_branch_datetime_operator to 2024-04-05 00:00:00+00:00, run_after=2024-04-06 00:00:00+00:00
[2024-04-06T23:48:25.102+0000] {logging_mixin.py:188} INFO - [2024-04-06T23:48:25.102+0000] {dag.py:3834} INFO - Setting next_dagrun for example_branch_datetime_operator_2 to 2024-04-05 00:00:00+00:00, run_after=2024-04-06 00:00:00+00:00
[2024-04-06T23:48:25.105+0000] {logging_mixin.py:188} INFO - [2024-04-06T23:48:25.105+0000] {dag.py:3834} INFO - Setting next_dagrun for example_branch_datetime_operator_3 to 2024-04-05 00:00:00+00:00, run_after=2024-04-06 00:00:00+00:00
[2024-04-06T23:48:25.134+0000] {processor.py:183} INFO - Processing /home/malangdataguy/miniconda3/envs/airflow_mdg/lib/python3.8/site-packages/airflow/example_dags/example_branch_datetime_operator.py took 0.119 seconds
[2024-04-06T23:49:29.793+0000] {processor.py:161} INFO - Started process (PID=69883) to work on /home/malangdataguy/miniconda3/envs/airflow_mdg/lib/python3.8/site-packages/airflow/example_dags/example_branch_datetime_operator.py
[2024-04-06T23:49:29.796+0000] {processor.py:830} INFO - Processing file /home/malangdataguy/miniconda3/envs/airflow_mdg/lib/python3.8/site-packages/airflow/example_dags/example_branch_datetime_operator.py for tasks to queue
[2024-04-06T23:49:29.797+0000] {logging_mixin.py:188} INFO - [2024-04-06T23:49:29.797+0000] {dagbag.py:540} INFO - Filling up the DagBag from /home/malangdataguy/miniconda3/envs/airflow_mdg/lib/python3.8/site-packages/airflow/example_dags/example_branch_datetime_operator.py
[2024-04-06T23:49:29.813+0000] {processor.py:840} INFO - DAG(s) 'example_branch_datetime_operator', 'example_branch_datetime_operator_2', 'example_branch_datetime_operator_3' retrieved from /home/malangdataguy/miniconda3/envs/airflow_mdg/lib/python3.8/site-packages/airflow/example_dags/example_branch_datetime_operator.py
[2024-04-06T23:49:29.853+0000] {logging_mixin.py:188} INFO - [2024-04-06T23:49:29.852+0000] {dag.py:3047} INFO - Sync 3 DAGs
[2024-04-06T23:49:29.883+0000] {logging_mixin.py:188} INFO - [2024-04-06T23:49:29.882+0000] {dag.py:3834} INFO - Setting next_dagrun for example_branch_datetime_operator to 2024-04-05 00:00:00+00:00, run_after=2024-04-06 00:00:00+00:00
[2024-04-06T23:49:29.889+0000] {logging_mixin.py:188} INFO - [2024-04-06T23:49:29.889+0000] {dag.py:3834} INFO - Setting next_dagrun for example_branch_datetime_operator_2 to 2024-04-05 00:00:00+00:00, run_after=2024-04-06 00:00:00+00:00
[2024-04-06T23:49:29.892+0000] {logging_mixin.py:188} INFO - [2024-04-06T23:49:29.892+0000] {dag.py:3834} INFO - Setting next_dagrun for example_branch_datetime_operator_3 to 2024-04-05 00:00:00+00:00, run_after=2024-04-06 00:00:00+00:00
[2024-04-06T23:49:29.926+0000] {processor.py:183} INFO - Processing /home/malangdataguy/miniconda3/envs/airflow_mdg/lib/python3.8/site-packages/airflow/example_dags/example_branch_datetime_operator.py took 0.139 seconds
[2024-04-06T23:50:25.655+0000] {processor.py:161} INFO - Started process (PID=69944) to work on /home/malangdataguy/miniconda3/envs/airflow_mdg/lib/python3.8/site-packages/airflow/example_dags/example_branch_datetime_operator.py
[2024-04-06T23:50:25.657+0000] {processor.py:830} INFO - Processing file /home/malangdataguy/miniconda3/envs/airflow_mdg/lib/python3.8/site-packages/airflow/example_dags/example_branch_datetime_operator.py for tasks to queue
[2024-04-06T23:50:25.659+0000] {logging_mixin.py:188} INFO - [2024-04-06T23:50:25.658+0000] {dagbag.py:540} INFO - Filling up the DagBag from /home/malangdataguy/miniconda3/envs/airflow_mdg/lib/python3.8/site-packages/airflow/example_dags/example_branch_datetime_operator.py
[2024-04-06T23:50:25.673+0000] {processor.py:840} INFO - DAG(s) 'example_branch_datetime_operator_2', 'example_branch_datetime_operator', 'example_branch_datetime_operator_3' retrieved from /home/malangdataguy/miniconda3/envs/airflow_mdg/lib/python3.8/site-packages/airflow/example_dags/example_branch_datetime_operator.py
[2024-04-06T23:50:25.706+0000] {logging_mixin.py:188} INFO - [2024-04-06T23:50:25.705+0000] {dag.py:3047} INFO - Sync 3 DAGs
[2024-04-06T23:50:25.732+0000] {logging_mixin.py:188} INFO - [2024-04-06T23:50:25.732+0000] {dag.py:3834} INFO - Setting next_dagrun for example_branch_datetime_operator to 2024-04-05 00:00:00+00:00, run_after=2024-04-06 00:00:00+00:00
[2024-04-06T23:50:25.738+0000] {logging_mixin.py:188} INFO - [2024-04-06T23:50:25.738+0000] {dag.py:3834} INFO - Setting next_dagrun for example_branch_datetime_operator_2 to 2024-04-05 00:00:00+00:00, run_after=2024-04-06 00:00:00+00:00
[2024-04-06T23:50:25.741+0000] {logging_mixin.py:188} INFO - [2024-04-06T23:50:25.741+0000] {dag.py:3834} INFO - Setting next_dagrun for example_branch_datetime_operator_3 to 2024-04-05 00:00:00+00:00, run_after=2024-04-06 00:00:00+00:00
[2024-04-06T23:50:25.767+0000] {processor.py:183} INFO - Processing /home/malangdataguy/miniconda3/envs/airflow_mdg/lib/python3.8/site-packages/airflow/example_dags/example_branch_datetime_operator.py took 0.117 seconds
[2024-04-06T23:51:29.681+0000] {processor.py:161} INFO - Started process (PID=70009) to work on /home/malangdataguy/miniconda3/envs/airflow_mdg/lib/python3.8/site-packages/airflow/example_dags/example_branch_datetime_operator.py
[2024-04-06T23:51:29.684+0000] {processor.py:830} INFO - Processing file /home/malangdataguy/miniconda3/envs/airflow_mdg/lib/python3.8/site-packages/airflow/example_dags/example_branch_datetime_operator.py for tasks to queue
[2024-04-06T23:51:29.686+0000] {logging_mixin.py:188} INFO - [2024-04-06T23:51:29.685+0000] {dagbag.py:540} INFO - Filling up the DagBag from /home/malangdataguy/miniconda3/envs/airflow_mdg/lib/python3.8/site-packages/airflow/example_dags/example_branch_datetime_operator.py
[2024-04-06T23:51:29.701+0000] {processor.py:840} INFO - DAG(s) 'example_branch_datetime_operator', 'example_branch_datetime_operator_3', 'example_branch_datetime_operator_2' retrieved from /home/malangdataguy/miniconda3/envs/airflow_mdg/lib/python3.8/site-packages/airflow/example_dags/example_branch_datetime_operator.py
[2024-04-06T23:51:29.737+0000] {logging_mixin.py:188} INFO - [2024-04-06T23:51:29.736+0000] {dag.py:3047} INFO - Sync 3 DAGs
[2024-04-06T23:51:29.766+0000] {logging_mixin.py:188} INFO - [2024-04-06T23:51:29.765+0000] {dag.py:3834} INFO - Setting next_dagrun for example_branch_datetime_operator to 2024-04-05 00:00:00+00:00, run_after=2024-04-06 00:00:00+00:00
[2024-04-06T23:51:29.772+0000] {logging_mixin.py:188} INFO - [2024-04-06T23:51:29.771+0000] {dag.py:3834} INFO - Setting next_dagrun for example_branch_datetime_operator_2 to 2024-04-05 00:00:00+00:00, run_after=2024-04-06 00:00:00+00:00
[2024-04-06T23:51:29.775+0000] {logging_mixin.py:188} INFO - [2024-04-06T23:51:29.775+0000] {dag.py:3834} INFO - Setting next_dagrun for example_branch_datetime_operator_3 to 2024-04-05 00:00:00+00:00, run_after=2024-04-06 00:00:00+00:00
[2024-04-06T23:51:29.804+0000] {processor.py:183} INFO - Processing /home/malangdataguy/miniconda3/envs/airflow_mdg/lib/python3.8/site-packages/airflow/example_dags/example_branch_datetime_operator.py took 0.129 seconds
[2024-04-06T23:52:36.250+0000] {processor.py:161} INFO - Started process (PID=70077) to work on /home/malangdataguy/miniconda3/envs/airflow_mdg/lib/python3.8/site-packages/airflow/example_dags/example_branch_datetime_operator.py
[2024-04-06T23:52:36.253+0000] {processor.py:830} INFO - Processing file /home/malangdataguy/miniconda3/envs/airflow_mdg/lib/python3.8/site-packages/airflow/example_dags/example_branch_datetime_operator.py for tasks to queue
[2024-04-06T23:52:36.254+0000] {logging_mixin.py:188} INFO - [2024-04-06T23:52:36.253+0000] {dagbag.py:540} INFO - Filling up the DagBag from /home/malangdataguy/miniconda3/envs/airflow_mdg/lib/python3.8/site-packages/airflow/example_dags/example_branch_datetime_operator.py
[2024-04-06T23:52:36.270+0000] {processor.py:840} INFO - DAG(s) 'example_branch_datetime_operator_3', 'example_branch_datetime_operator_2', 'example_branch_datetime_operator' retrieved from /home/malangdataguy/miniconda3/envs/airflow_mdg/lib/python3.8/site-packages/airflow/example_dags/example_branch_datetime_operator.py
[2024-04-06T23:52:36.303+0000] {logging_mixin.py:188} INFO - [2024-04-06T23:52:36.303+0000] {dag.py:3047} INFO - Sync 3 DAGs
[2024-04-06T23:52:36.330+0000] {logging_mixin.py:188} INFO - [2024-04-06T23:52:36.330+0000] {dag.py:3834} INFO - Setting next_dagrun for example_branch_datetime_operator to 2024-04-05 00:00:00+00:00, run_after=2024-04-06 00:00:00+00:00
[2024-04-06T23:52:36.336+0000] {logging_mixin.py:188} INFO - [2024-04-06T23:52:36.335+0000] {dag.py:3834} INFO - Setting next_dagrun for example_branch_datetime_operator_2 to 2024-04-05 00:00:00+00:00, run_after=2024-04-06 00:00:00+00:00
[2024-04-06T23:52:36.339+0000] {logging_mixin.py:188} INFO - [2024-04-06T23:52:36.339+0000] {dag.py:3834} INFO - Setting next_dagrun for example_branch_datetime_operator_3 to 2024-04-05 00:00:00+00:00, run_after=2024-04-06 00:00:00+00:00
[2024-04-06T23:52:36.368+0000] {processor.py:183} INFO - Processing /home/malangdataguy/miniconda3/envs/airflow_mdg/lib/python3.8/site-packages/airflow/example_dags/example_branch_datetime_operator.py took 0.122 seconds
[2024-04-06T23:53:43.824+0000] {processor.py:161} INFO - Started process (PID=70148) to work on /home/malangdataguy/miniconda3/envs/airflow_mdg/lib/python3.8/site-packages/airflow/example_dags/example_branch_datetime_operator.py
[2024-04-06T23:53:43.827+0000] {processor.py:830} INFO - Processing file /home/malangdataguy/miniconda3/envs/airflow_mdg/lib/python3.8/site-packages/airflow/example_dags/example_branch_datetime_operator.py for tasks to queue
[2024-04-06T23:53:43.829+0000] {logging_mixin.py:188} INFO - [2024-04-06T23:53:43.828+0000] {dagbag.py:540} INFO - Filling up the DagBag from /home/malangdataguy/miniconda3/envs/airflow_mdg/lib/python3.8/site-packages/airflow/example_dags/example_branch_datetime_operator.py
[2024-04-06T23:53:43.845+0000] {processor.py:840} INFO - DAG(s) 'example_branch_datetime_operator_2', 'example_branch_datetime_operator', 'example_branch_datetime_operator_3' retrieved from /home/malangdataguy/miniconda3/envs/airflow_mdg/lib/python3.8/site-packages/airflow/example_dags/example_branch_datetime_operator.py
[2024-04-06T23:53:43.885+0000] {logging_mixin.py:188} INFO - [2024-04-06T23:53:43.885+0000] {dag.py:3047} INFO - Sync 3 DAGs
[2024-04-06T23:53:43.915+0000] {logging_mixin.py:188} INFO - [2024-04-06T23:53:43.915+0000] {dag.py:3834} INFO - Setting next_dagrun for example_branch_datetime_operator to 2024-04-05 00:00:00+00:00, run_after=2024-04-06 00:00:00+00:00
[2024-04-06T23:53:43.922+0000] {logging_mixin.py:188} INFO - [2024-04-06T23:53:43.922+0000] {dag.py:3834} INFO - Setting next_dagrun for example_branch_datetime_operator_2 to 2024-04-05 00:00:00+00:00, run_after=2024-04-06 00:00:00+00:00
[2024-04-06T23:53:43.926+0000] {logging_mixin.py:188} INFO - [2024-04-06T23:53:43.926+0000] {dag.py:3834} INFO - Setting next_dagrun for example_branch_datetime_operator_3 to 2024-04-05 00:00:00+00:00, run_after=2024-04-06 00:00:00+00:00
[2024-04-06T23:53:43.958+0000] {processor.py:183} INFO - Processing /home/malangdataguy/miniconda3/envs/airflow_mdg/lib/python3.8/site-packages/airflow/example_dags/example_branch_datetime_operator.py took 0.139 seconds
[2024-04-06T23:54:47.589+0000] {processor.py:161} INFO - Started process (PID=70245) to work on /home/malangdataguy/miniconda3/envs/airflow_mdg/lib/python3.8/site-packages/airflow/example_dags/example_branch_datetime_operator.py
[2024-04-06T23:54:47.592+0000] {processor.py:830} INFO - Processing file /home/malangdataguy/miniconda3/envs/airflow_mdg/lib/python3.8/site-packages/airflow/example_dags/example_branch_datetime_operator.py for tasks to queue
[2024-04-06T23:54:47.593+0000] {logging_mixin.py:188} INFO - [2024-04-06T23:54:47.592+0000] {dagbag.py:540} INFO - Filling up the DagBag from /home/malangdataguy/miniconda3/envs/airflow_mdg/lib/python3.8/site-packages/airflow/example_dags/example_branch_datetime_operator.py
[2024-04-06T23:54:47.608+0000] {processor.py:840} INFO - DAG(s) 'example_branch_datetime_operator_2', 'example_branch_datetime_operator', 'example_branch_datetime_operator_3' retrieved from /home/malangdataguy/miniconda3/envs/airflow_mdg/lib/python3.8/site-packages/airflow/example_dags/example_branch_datetime_operator.py
[2024-04-06T23:54:47.646+0000] {logging_mixin.py:188} INFO - [2024-04-06T23:54:47.645+0000] {dag.py:3047} INFO - Sync 3 DAGs
[2024-04-06T23:54:47.675+0000] {logging_mixin.py:188} INFO - [2024-04-06T23:54:47.675+0000] {dag.py:3834} INFO - Setting next_dagrun for example_branch_datetime_operator to 2024-04-05 00:00:00+00:00, run_after=2024-04-06 00:00:00+00:00
[2024-04-06T23:54:47.682+0000] {logging_mixin.py:188} INFO - [2024-04-06T23:54:47.681+0000] {dag.py:3834} INFO - Setting next_dagrun for example_branch_datetime_operator_2 to 2024-04-05 00:00:00+00:00, run_after=2024-04-06 00:00:00+00:00
[2024-04-06T23:54:47.685+0000] {logging_mixin.py:188} INFO - [2024-04-06T23:54:47.685+0000] {dag.py:3834} INFO - Setting next_dagrun for example_branch_datetime_operator_3 to 2024-04-05 00:00:00+00:00, run_after=2024-04-06 00:00:00+00:00
[2024-04-06T23:54:47.716+0000] {processor.py:183} INFO - Processing /home/malangdataguy/miniconda3/envs/airflow_mdg/lib/python3.8/site-packages/airflow/example_dags/example_branch_datetime_operator.py took 0.134 seconds
[2024-04-06T23:55:51.116+0000] {processor.py:161} INFO - Started process (PID=70308) to work on /home/malangdataguy/miniconda3/envs/airflow_mdg/lib/python3.8/site-packages/airflow/example_dags/example_branch_datetime_operator.py
[2024-04-06T23:55:51.118+0000] {processor.py:830} INFO - Processing file /home/malangdataguy/miniconda3/envs/airflow_mdg/lib/python3.8/site-packages/airflow/example_dags/example_branch_datetime_operator.py for tasks to queue
[2024-04-06T23:55:51.119+0000] {logging_mixin.py:188} INFO - [2024-04-06T23:55:51.119+0000] {dagbag.py:540} INFO - Filling up the DagBag from /home/malangdataguy/miniconda3/envs/airflow_mdg/lib/python3.8/site-packages/airflow/example_dags/example_branch_datetime_operator.py
[2024-04-06T23:55:51.132+0000] {processor.py:840} INFO - DAG(s) 'example_branch_datetime_operator', 'example_branch_datetime_operator_2', 'example_branch_datetime_operator_3' retrieved from /home/malangdataguy/miniconda3/envs/airflow_mdg/lib/python3.8/site-packages/airflow/example_dags/example_branch_datetime_operator.py
[2024-04-06T23:55:51.166+0000] {logging_mixin.py:188} INFO - [2024-04-06T23:55:51.165+0000] {dag.py:3047} INFO - Sync 3 DAGs
[2024-04-06T23:55:51.192+0000] {logging_mixin.py:188} INFO - [2024-04-06T23:55:51.192+0000] {dag.py:3834} INFO - Setting next_dagrun for example_branch_datetime_operator to 2024-04-05 00:00:00+00:00, run_after=2024-04-06 00:00:00+00:00
[2024-04-06T23:55:51.198+0000] {logging_mixin.py:188} INFO - [2024-04-06T23:55:51.198+0000] {dag.py:3834} INFO - Setting next_dagrun for example_branch_datetime_operator_2 to 2024-04-05 00:00:00+00:00, run_after=2024-04-06 00:00:00+00:00
[2024-04-06T23:55:51.201+0000] {logging_mixin.py:188} INFO - [2024-04-06T23:55:51.201+0000] {dag.py:3834} INFO - Setting next_dagrun for example_branch_datetime_operator_3 to 2024-04-05 00:00:00+00:00, run_after=2024-04-06 00:00:00+00:00
[2024-04-06T23:55:51.228+0000] {processor.py:183} INFO - Processing /home/malangdataguy/miniconda3/envs/airflow_mdg/lib/python3.8/site-packages/airflow/example_dags/example_branch_datetime_operator.py took 0.117 seconds
