[2024-04-06T23:09:42.899+0000] {processor.py:161} INFO - Started process (PID=68393) to work on /home/malangdataguy/miniconda3/envs/airflow_mdg/lib/python3.8/site-packages/airflow/example_dags/example_params_trigger_ui.py
[2024-04-06T23:09:42.901+0000] {processor.py:830} INFO - Processing file /home/malangdataguy/miniconda3/envs/airflow_mdg/lib/python3.8/site-packages/airflow/example_dags/example_params_trigger_ui.py for tasks to queue
[2024-04-06T23:09:42.902+0000] {logging_mixin.py:188} INFO - [2024-04-06T23:09:42.901+0000] {dagbag.py:540} INFO - Filling up the DagBag from /home/malangdataguy/miniconda3/envs/airflow_mdg/lib/python3.8/site-packages/airflow/example_dags/example_params_trigger_ui.py
[2024-04-06T23:09:42.920+0000] {processor.py:840} INFO - DAG(s) 'example_params_trigger_ui' retrieved from /home/malangdataguy/miniconda3/envs/airflow_mdg/lib/python3.8/site-packages/airflow/example_dags/example_params_trigger_ui.py
[2024-04-06T23:09:43.060+0000] {logging_mixin.py:188} INFO - [2024-04-06T23:09:43.060+0000] {dag.py:3047} INFO - Sync 1 DAGs
[2024-04-06T23:09:43.073+0000] {logging_mixin.py:188} INFO - [2024-04-06T23:09:43.073+0000] {dag.py:3834} INFO - Setting next_dagrun for example_params_trigger_ui to None, run_after=None
[2024-04-06T23:09:43.102+0000] {processor.py:183} INFO - Processing /home/malangdataguy/miniconda3/envs/airflow_mdg/lib/python3.8/site-packages/airflow/example_dags/example_params_trigger_ui.py took 0.207 seconds
[2024-04-06T23:10:35.883+0000] {processor.py:161} INFO - Started process (PID=68443) to work on /home/malangdataguy/miniconda3/envs/airflow_mdg/lib/python3.8/site-packages/airflow/example_dags/example_params_trigger_ui.py
[2024-04-06T23:10:35.885+0000] {processor.py:830} INFO - Processing file /home/malangdataguy/miniconda3/envs/airflow_mdg/lib/python3.8/site-packages/airflow/example_dags/example_params_trigger_ui.py for tasks to queue
[2024-04-06T23:10:35.887+0000] {logging_mixin.py:188} INFO - [2024-04-06T23:10:35.886+0000] {dagbag.py:540} INFO - Filling up the DagBag from /home/malangdataguy/miniconda3/envs/airflow_mdg/lib/python3.8/site-packages/airflow/example_dags/example_params_trigger_ui.py
[2024-04-06T23:10:35.905+0000] {processor.py:840} INFO - DAG(s) 'example_params_trigger_ui' retrieved from /home/malangdataguy/miniconda3/envs/airflow_mdg/lib/python3.8/site-packages/airflow/example_dags/example_params_trigger_ui.py
[2024-04-06T23:10:35.958+0000] {logging_mixin.py:188} INFO - [2024-04-06T23:10:35.958+0000] {dag.py:3047} INFO - Sync 1 DAGs
[2024-04-06T23:10:35.971+0000] {logging_mixin.py:188} INFO - [2024-04-06T23:10:35.971+0000] {dag.py:3834} INFO - Setting next_dagrun for example_params_trigger_ui to None, run_after=None
[2024-04-06T23:10:36.000+0000] {processor.py:183} INFO - Processing /home/malangdataguy/miniconda3/envs/airflow_mdg/lib/python3.8/site-packages/airflow/example_dags/example_params_trigger_ui.py took 0.122 seconds
[2024-04-06T23:11:35.315+0000] {processor.py:161} INFO - Started process (PID=68514) to work on /home/malangdataguy/miniconda3/envs/airflow_mdg/lib/python3.8/site-packages/airflow/example_dags/example_params_trigger_ui.py
[2024-04-06T23:11:35.318+0000] {processor.py:830} INFO - Processing file /home/malangdataguy/miniconda3/envs/airflow_mdg/lib/python3.8/site-packages/airflow/example_dags/example_params_trigger_ui.py for tasks to queue
[2024-04-06T23:11:35.319+0000] {logging_mixin.py:188} INFO - [2024-04-06T23:11:35.319+0000] {dagbag.py:540} INFO - Filling up the DagBag from /home/malangdataguy/miniconda3/envs/airflow_mdg/lib/python3.8/site-packages/airflow/example_dags/example_params_trigger_ui.py
[2024-04-06T23:11:35.338+0000] {processor.py:840} INFO - DAG(s) 'example_params_trigger_ui' retrieved from /home/malangdataguy/miniconda3/envs/airflow_mdg/lib/python3.8/site-packages/airflow/example_dags/example_params_trigger_ui.py
[2024-04-06T23:11:35.398+0000] {logging_mixin.py:188} INFO - [2024-04-06T23:11:35.398+0000] {dag.py:3047} INFO - Sync 1 DAGs
[2024-04-06T23:11:35.415+0000] {logging_mixin.py:188} INFO - [2024-04-06T23:11:35.415+0000] {dag.py:3834} INFO - Setting next_dagrun for example_params_trigger_ui to None, run_after=None
[2024-04-06T23:11:35.450+0000] {processor.py:183} INFO - Processing /home/malangdataguy/miniconda3/envs/airflow_mdg/lib/python3.8/site-packages/airflow/example_dags/example_params_trigger_ui.py took 0.140 seconds
[2024-04-06T23:12:27.061+0000] {processor.py:161} INFO - Started process (PID=68565) to work on /home/malangdataguy/miniconda3/envs/airflow_mdg/lib/python3.8/site-packages/airflow/example_dags/example_params_trigger_ui.py
[2024-04-06T23:12:27.063+0000] {processor.py:830} INFO - Processing file /home/malangdataguy/miniconda3/envs/airflow_mdg/lib/python3.8/site-packages/airflow/example_dags/example_params_trigger_ui.py for tasks to queue
[2024-04-06T23:12:27.065+0000] {logging_mixin.py:188} INFO - [2024-04-06T23:12:27.064+0000] {dagbag.py:540} INFO - Filling up the DagBag from /home/malangdataguy/miniconda3/envs/airflow_mdg/lib/python3.8/site-packages/airflow/example_dags/example_params_trigger_ui.py
[2024-04-06T23:12:27.085+0000] {processor.py:840} INFO - DAG(s) 'example_params_trigger_ui' retrieved from /home/malangdataguy/miniconda3/envs/airflow_mdg/lib/python3.8/site-packages/airflow/example_dags/example_params_trigger_ui.py
[2024-04-06T23:12:27.138+0000] {logging_mixin.py:188} INFO - [2024-04-06T23:12:27.137+0000] {dag.py:3047} INFO - Sync 1 DAGs
[2024-04-06T23:12:27.152+0000] {logging_mixin.py:188} INFO - [2024-04-06T23:12:27.151+0000] {dag.py:3834} INFO - Setting next_dagrun for example_params_trigger_ui to None, run_after=None
[2024-04-06T23:12:27.184+0000] {processor.py:183} INFO - Processing /home/malangdataguy/miniconda3/envs/airflow_mdg/lib/python3.8/site-packages/airflow/example_dags/example_params_trigger_ui.py took 0.128 seconds
[2024-04-06T23:13:28.276+0000] {processor.py:161} INFO - Started process (PID=68626) to work on /home/malangdataguy/miniconda3/envs/airflow_mdg/lib/python3.8/site-packages/airflow/example_dags/example_params_trigger_ui.py
[2024-04-06T23:13:28.279+0000] {processor.py:830} INFO - Processing file /home/malangdataguy/miniconda3/envs/airflow_mdg/lib/python3.8/site-packages/airflow/example_dags/example_params_trigger_ui.py for tasks to queue
[2024-04-06T23:13:28.280+0000] {logging_mixin.py:188} INFO - [2024-04-06T23:13:28.280+0000] {dagbag.py:540} INFO - Filling up the DagBag from /home/malangdataguy/miniconda3/envs/airflow_mdg/lib/python3.8/site-packages/airflow/example_dags/example_params_trigger_ui.py
[2024-04-06T23:13:28.301+0000] {processor.py:840} INFO - DAG(s) 'example_params_trigger_ui' retrieved from /home/malangdataguy/miniconda3/envs/airflow_mdg/lib/python3.8/site-packages/airflow/example_dags/example_params_trigger_ui.py
[2024-04-06T23:13:28.356+0000] {logging_mixin.py:188} INFO - [2024-04-06T23:13:28.356+0000] {dag.py:3047} INFO - Sync 1 DAGs
[2024-04-06T23:13:28.371+0000] {logging_mixin.py:188} INFO - [2024-04-06T23:13:28.370+0000] {dag.py:3834} INFO - Setting next_dagrun for example_params_trigger_ui to None, run_after=None
[2024-04-06T23:13:28.400+0000] {processor.py:183} INFO - Processing /home/malangdataguy/miniconda3/envs/airflow_mdg/lib/python3.8/site-packages/airflow/example_dags/example_params_trigger_ui.py took 0.128 seconds
[2024-04-06T23:14:31.450+0000] {processor.py:161} INFO - Started process (PID=68691) to work on /home/malangdataguy/miniconda3/envs/airflow_mdg/lib/python3.8/site-packages/airflow/example_dags/example_params_trigger_ui.py
[2024-04-06T23:14:31.453+0000] {processor.py:830} INFO - Processing file /home/malangdataguy/miniconda3/envs/airflow_mdg/lib/python3.8/site-packages/airflow/example_dags/example_params_trigger_ui.py for tasks to queue
[2024-04-06T23:14:31.454+0000] {logging_mixin.py:188} INFO - [2024-04-06T23:14:31.453+0000] {dagbag.py:540} INFO - Filling up the DagBag from /home/malangdataguy/miniconda3/envs/airflow_mdg/lib/python3.8/site-packages/airflow/example_dags/example_params_trigger_ui.py
[2024-04-06T23:14:31.473+0000] {processor.py:840} INFO - DAG(s) 'example_params_trigger_ui' retrieved from /home/malangdataguy/miniconda3/envs/airflow_mdg/lib/python3.8/site-packages/airflow/example_dags/example_params_trigger_ui.py
[2024-04-06T23:14:31.528+0000] {logging_mixin.py:188} INFO - [2024-04-06T23:14:31.528+0000] {dag.py:3047} INFO - Sync 1 DAGs
[2024-04-06T23:14:31.542+0000] {logging_mixin.py:188} INFO - [2024-04-06T23:14:31.542+0000] {dag.py:3834} INFO - Setting next_dagrun for example_params_trigger_ui to None, run_after=None
[2024-04-06T23:14:31.570+0000] {processor.py:183} INFO - Processing /home/malangdataguy/miniconda3/envs/airflow_mdg/lib/python3.8/site-packages/airflow/example_dags/example_params_trigger_ui.py took 0.125 seconds
[2024-04-06T23:15:31.039+0000] {processor.py:161} INFO - Started process (PID=68752) to work on /home/malangdataguy/miniconda3/envs/airflow_mdg/lib/python3.8/site-packages/airflow/example_dags/example_params_trigger_ui.py
[2024-04-06T23:15:31.042+0000] {processor.py:830} INFO - Processing file /home/malangdataguy/miniconda3/envs/airflow_mdg/lib/python3.8/site-packages/airflow/example_dags/example_params_trigger_ui.py for tasks to queue
[2024-04-06T23:15:31.043+0000] {logging_mixin.py:188} INFO - [2024-04-06T23:15:31.043+0000] {dagbag.py:540} INFO - Filling up the DagBag from /home/malangdataguy/miniconda3/envs/airflow_mdg/lib/python3.8/site-packages/airflow/example_dags/example_params_trigger_ui.py
[2024-04-06T23:15:31.066+0000] {processor.py:840} INFO - DAG(s) 'example_params_trigger_ui' retrieved from /home/malangdataguy/miniconda3/envs/airflow_mdg/lib/python3.8/site-packages/airflow/example_dags/example_params_trigger_ui.py
[2024-04-06T23:15:31.128+0000] {logging_mixin.py:188} INFO - [2024-04-06T23:15:31.128+0000] {dag.py:3047} INFO - Sync 1 DAGs
[2024-04-06T23:15:31.145+0000] {logging_mixin.py:188} INFO - [2024-04-06T23:15:31.145+0000] {dag.py:3834} INFO - Setting next_dagrun for example_params_trigger_ui to None, run_after=None
[2024-04-06T23:15:31.177+0000] {processor.py:183} INFO - Processing /home/malangdataguy/miniconda3/envs/airflow_mdg/lib/python3.8/site-packages/airflow/example_dags/example_params_trigger_ui.py took 0.144 seconds
[2024-04-06T23:16:27.781+0000] {processor.py:161} INFO - Started process (PID=68814) to work on /home/malangdataguy/miniconda3/envs/airflow_mdg/lib/python3.8/site-packages/airflow/example_dags/example_params_trigger_ui.py
[2024-04-06T23:16:27.784+0000] {processor.py:830} INFO - Processing file /home/malangdataguy/miniconda3/envs/airflow_mdg/lib/python3.8/site-packages/airflow/example_dags/example_params_trigger_ui.py for tasks to queue
[2024-04-06T23:16:27.786+0000] {logging_mixin.py:188} INFO - [2024-04-06T23:16:27.785+0000] {dagbag.py:540} INFO - Filling up the DagBag from /home/malangdataguy/miniconda3/envs/airflow_mdg/lib/python3.8/site-packages/airflow/example_dags/example_params_trigger_ui.py
[2024-04-06T23:16:27.807+0000] {processor.py:840} INFO - DAG(s) 'example_params_trigger_ui' retrieved from /home/malangdataguy/miniconda3/envs/airflow_mdg/lib/python3.8/site-packages/airflow/example_dags/example_params_trigger_ui.py
[2024-04-06T23:16:27.867+0000] {logging_mixin.py:188} INFO - [2024-04-06T23:16:27.867+0000] {dag.py:3047} INFO - Sync 1 DAGs
[2024-04-06T23:16:27.884+0000] {logging_mixin.py:188} INFO - [2024-04-06T23:16:27.884+0000] {dag.py:3834} INFO - Setting next_dagrun for example_params_trigger_ui to None, run_after=None
[2024-04-06T23:16:27.920+0000] {processor.py:183} INFO - Processing /home/malangdataguy/miniconda3/envs/airflow_mdg/lib/python3.8/site-packages/airflow/example_dags/example_params_trigger_ui.py took 0.145 seconds
[2024-04-06T23:17:27.906+0000] {processor.py:161} INFO - Started process (PID=68882) to work on /home/malangdataguy/miniconda3/envs/airflow_mdg/lib/python3.8/site-packages/airflow/example_dags/example_params_trigger_ui.py
[2024-04-06T23:17:27.909+0000] {processor.py:830} INFO - Processing file /home/malangdataguy/miniconda3/envs/airflow_mdg/lib/python3.8/site-packages/airflow/example_dags/example_params_trigger_ui.py for tasks to queue
[2024-04-06T23:17:27.911+0000] {logging_mixin.py:188} INFO - [2024-04-06T23:17:27.910+0000] {dagbag.py:540} INFO - Filling up the DagBag from /home/malangdataguy/miniconda3/envs/airflow_mdg/lib/python3.8/site-packages/airflow/example_dags/example_params_trigger_ui.py
[2024-04-06T23:17:27.932+0000] {processor.py:840} INFO - DAG(s) 'example_params_trigger_ui' retrieved from /home/malangdataguy/miniconda3/envs/airflow_mdg/lib/python3.8/site-packages/airflow/example_dags/example_params_trigger_ui.py
[2024-04-06T23:17:27.991+0000] {logging_mixin.py:188} INFO - [2024-04-06T23:17:27.991+0000] {dag.py:3047} INFO - Sync 1 DAGs
[2024-04-06T23:17:28.007+0000] {logging_mixin.py:188} INFO - [2024-04-06T23:17:28.007+0000] {dag.py:3834} INFO - Setting next_dagrun for example_params_trigger_ui to None, run_after=None
[2024-04-06T23:17:28.042+0000] {processor.py:183} INFO - Processing /home/malangdataguy/miniconda3/envs/airflow_mdg/lib/python3.8/site-packages/airflow/example_dags/example_params_trigger_ui.py took 0.141 seconds
[2024-04-06T23:18:32.641+0000] {processor.py:161} INFO - Started process (PID=68947) to work on /home/malangdataguy/miniconda3/envs/airflow_mdg/lib/python3.8/site-packages/airflow/example_dags/example_params_trigger_ui.py
[2024-04-06T23:18:32.644+0000] {processor.py:830} INFO - Processing file /home/malangdataguy/miniconda3/envs/airflow_mdg/lib/python3.8/site-packages/airflow/example_dags/example_params_trigger_ui.py for tasks to queue
[2024-04-06T23:18:32.646+0000] {logging_mixin.py:188} INFO - [2024-04-06T23:18:32.645+0000] {dagbag.py:540} INFO - Filling up the DagBag from /home/malangdataguy/miniconda3/envs/airflow_mdg/lib/python3.8/site-packages/airflow/example_dags/example_params_trigger_ui.py
[2024-04-06T23:18:32.668+0000] {processor.py:840} INFO - DAG(s) 'example_params_trigger_ui' retrieved from /home/malangdataguy/miniconda3/envs/airflow_mdg/lib/python3.8/site-packages/airflow/example_dags/example_params_trigger_ui.py
[2024-04-06T23:18:32.726+0000] {logging_mixin.py:188} INFO - [2024-04-06T23:18:32.726+0000] {dag.py:3047} INFO - Sync 1 DAGs
[2024-04-06T23:18:32.742+0000] {logging_mixin.py:188} INFO - [2024-04-06T23:18:32.742+0000] {dag.py:3834} INFO - Setting next_dagrun for example_params_trigger_ui to None, run_after=None
[2024-04-06T23:18:32.775+0000] {processor.py:183} INFO - Processing /home/malangdataguy/miniconda3/envs/airflow_mdg/lib/python3.8/site-packages/airflow/example_dags/example_params_trigger_ui.py took 0.140 seconds
[2024-04-06T23:19:33.883+0000] {processor.py:161} INFO - Started process (PID=69008) to work on /home/malangdataguy/miniconda3/envs/airflow_mdg/lib/python3.8/site-packages/airflow/example_dags/example_params_trigger_ui.py
[2024-04-06T23:19:33.888+0000] {processor.py:830} INFO - Processing file /home/malangdataguy/miniconda3/envs/airflow_mdg/lib/python3.8/site-packages/airflow/example_dags/example_params_trigger_ui.py for tasks to queue
[2024-04-06T23:19:33.892+0000] {logging_mixin.py:188} INFO - [2024-04-06T23:19:33.890+0000] {dagbag.py:540} INFO - Filling up the DagBag from /home/malangdataguy/miniconda3/envs/airflow_mdg/lib/python3.8/site-packages/airflow/example_dags/example_params_trigger_ui.py
[2024-04-06T23:19:33.948+0000] {processor.py:840} INFO - DAG(s) 'example_params_trigger_ui' retrieved from /home/malangdataguy/miniconda3/envs/airflow_mdg/lib/python3.8/site-packages/airflow/example_dags/example_params_trigger_ui.py
[2024-04-06T23:19:34.093+0000] {logging_mixin.py:188} INFO - [2024-04-06T23:19:34.093+0000] {dag.py:3047} INFO - Sync 1 DAGs
[2024-04-06T23:19:34.132+0000] {logging_mixin.py:188} INFO - [2024-04-06T23:19:34.132+0000] {dag.py:3834} INFO - Setting next_dagrun for example_params_trigger_ui to None, run_after=None
[2024-04-06T23:19:34.202+0000] {processor.py:183} INFO - Processing /home/malangdataguy/miniconda3/envs/airflow_mdg/lib/python3.8/site-packages/airflow/example_dags/example_params_trigger_ui.py took 0.335 seconds
[2024-04-06T23:20:44.009+0000] {processor.py:161} INFO - Started process (PID=69078) to work on /home/malangdataguy/miniconda3/envs/airflow_mdg/lib/python3.8/site-packages/airflow/example_dags/example_params_trigger_ui.py
[2024-04-06T23:20:44.011+0000] {processor.py:830} INFO - Processing file /home/malangdataguy/miniconda3/envs/airflow_mdg/lib/python3.8/site-packages/airflow/example_dags/example_params_trigger_ui.py for tasks to queue
[2024-04-06T23:20:44.013+0000] {logging_mixin.py:188} INFO - [2024-04-06T23:20:44.012+0000] {dagbag.py:540} INFO - Filling up the DagBag from /home/malangdataguy/miniconda3/envs/airflow_mdg/lib/python3.8/site-packages/airflow/example_dags/example_params_trigger_ui.py
[2024-04-06T23:20:44.035+0000] {processor.py:840} INFO - DAG(s) 'example_params_trigger_ui' retrieved from /home/malangdataguy/miniconda3/envs/airflow_mdg/lib/python3.8/site-packages/airflow/example_dags/example_params_trigger_ui.py
[2024-04-06T23:20:44.094+0000] {logging_mixin.py:188} INFO - [2024-04-06T23:20:44.093+0000] {dag.py:3047} INFO - Sync 1 DAGs
[2024-04-06T23:20:44.110+0000] {logging_mixin.py:188} INFO - [2024-04-06T23:20:44.109+0000] {dag.py:3834} INFO - Setting next_dagrun for example_params_trigger_ui to None, run_after=None
[2024-04-06T23:20:44.142+0000] {processor.py:183} INFO - Processing /home/malangdataguy/miniconda3/envs/airflow_mdg/lib/python3.8/site-packages/airflow/example_dags/example_params_trigger_ui.py took 0.138 seconds
[2024-04-06T23:21:44.071+0000] {processor.py:161} INFO - Started process (PID=69138) to work on /home/malangdataguy/miniconda3/envs/airflow_mdg/lib/python3.8/site-packages/airflow/example_dags/example_params_trigger_ui.py
[2024-04-06T23:21:44.074+0000] {processor.py:830} INFO - Processing file /home/malangdataguy/miniconda3/envs/airflow_mdg/lib/python3.8/site-packages/airflow/example_dags/example_params_trigger_ui.py for tasks to queue
[2024-04-06T23:21:44.075+0000] {logging_mixin.py:188} INFO - [2024-04-06T23:21:44.075+0000] {dagbag.py:540} INFO - Filling up the DagBag from /home/malangdataguy/miniconda3/envs/airflow_mdg/lib/python3.8/site-packages/airflow/example_dags/example_params_trigger_ui.py
[2024-04-06T23:21:44.097+0000] {processor.py:840} INFO - DAG(s) 'example_params_trigger_ui' retrieved from /home/malangdataguy/miniconda3/envs/airflow_mdg/lib/python3.8/site-packages/airflow/example_dags/example_params_trigger_ui.py
[2024-04-06T23:21:44.157+0000] {logging_mixin.py:188} INFO - [2024-04-06T23:21:44.157+0000] {dag.py:3047} INFO - Sync 1 DAGs
[2024-04-06T23:21:44.173+0000] {logging_mixin.py:188} INFO - [2024-04-06T23:21:44.173+0000] {dag.py:3834} INFO - Setting next_dagrun for example_params_trigger_ui to None, run_after=None
[2024-04-06T23:21:44.209+0000] {processor.py:183} INFO - Processing /home/malangdataguy/miniconda3/envs/airflow_mdg/lib/python3.8/site-packages/airflow/example_dags/example_params_trigger_ui.py took 0.143 seconds
[2024-04-06T23:40:49.392+0000] {processor.py:161} INFO - Started process (PID=69306) to work on /home/malangdataguy/miniconda3/envs/airflow_mdg/lib/python3.8/site-packages/airflow/example_dags/example_params_trigger_ui.py
[2024-04-06T23:40:49.395+0000] {processor.py:830} INFO - Processing file /home/malangdataguy/miniconda3/envs/airflow_mdg/lib/python3.8/site-packages/airflow/example_dags/example_params_trigger_ui.py for tasks to queue
[2024-04-06T23:40:49.397+0000] {logging_mixin.py:188} INFO - [2024-04-06T23:40:49.396+0000] {dagbag.py:540} INFO - Filling up the DagBag from /home/malangdataguy/miniconda3/envs/airflow_mdg/lib/python3.8/site-packages/airflow/example_dags/example_params_trigger_ui.py
[2024-04-06T23:40:49.419+0000] {processor.py:840} INFO - DAG(s) 'example_params_trigger_ui' retrieved from /home/malangdataguy/miniconda3/envs/airflow_mdg/lib/python3.8/site-packages/airflow/example_dags/example_params_trigger_ui.py
[2024-04-06T23:40:49.483+0000] {logging_mixin.py:188} INFO - [2024-04-06T23:40:49.483+0000] {dag.py:3047} INFO - Sync 1 DAGs
[2024-04-06T23:40:49.502+0000] {logging_mixin.py:188} INFO - [2024-04-06T23:40:49.501+0000] {dag.py:3834} INFO - Setting next_dagrun for example_params_trigger_ui to None, run_after=None
[2024-04-06T23:40:49.539+0000] {processor.py:183} INFO - Processing /home/malangdataguy/miniconda3/envs/airflow_mdg/lib/python3.8/site-packages/airflow/example_dags/example_params_trigger_ui.py took 0.153 seconds
[2024-04-06T23:41:40.826+0000] {processor.py:161} INFO - Started process (PID=69356) to work on /home/malangdataguy/miniconda3/envs/airflow_mdg/lib/python3.8/site-packages/airflow/example_dags/example_params_trigger_ui.py
[2024-04-06T23:41:40.829+0000] {processor.py:830} INFO - Processing file /home/malangdataguy/miniconda3/envs/airflow_mdg/lib/python3.8/site-packages/airflow/example_dags/example_params_trigger_ui.py for tasks to queue
[2024-04-06T23:41:40.830+0000] {logging_mixin.py:188} INFO - [2024-04-06T23:41:40.830+0000] {dagbag.py:540} INFO - Filling up the DagBag from /home/malangdataguy/miniconda3/envs/airflow_mdg/lib/python3.8/site-packages/airflow/example_dags/example_params_trigger_ui.py
[2024-04-06T23:41:40.854+0000] {processor.py:840} INFO - DAG(s) 'example_params_trigger_ui' retrieved from /home/malangdataguy/miniconda3/envs/airflow_mdg/lib/python3.8/site-packages/airflow/example_dags/example_params_trigger_ui.py
[2024-04-06T23:41:40.915+0000] {logging_mixin.py:188} INFO - [2024-04-06T23:41:40.915+0000] {dag.py:3047} INFO - Sync 1 DAGs
[2024-04-06T23:41:40.932+0000] {logging_mixin.py:188} INFO - [2024-04-06T23:41:40.932+0000] {dag.py:3834} INFO - Setting next_dagrun for example_params_trigger_ui to None, run_after=None
[2024-04-06T23:41:40.968+0000] {processor.py:183} INFO - Processing /home/malangdataguy/miniconda3/envs/airflow_mdg/lib/python3.8/site-packages/airflow/example_dags/example_params_trigger_ui.py took 0.147 seconds
[2024-04-06T23:42:46.940+0000] {processor.py:161} INFO - Started process (PID=69422) to work on /home/malangdataguy/miniconda3/envs/airflow_mdg/lib/python3.8/site-packages/airflow/example_dags/example_params_trigger_ui.py
[2024-04-06T23:42:46.942+0000] {processor.py:830} INFO - Processing file /home/malangdataguy/miniconda3/envs/airflow_mdg/lib/python3.8/site-packages/airflow/example_dags/example_params_trigger_ui.py for tasks to queue
[2024-04-06T23:42:46.944+0000] {logging_mixin.py:188} INFO - [2024-04-06T23:42:46.943+0000] {dagbag.py:540} INFO - Filling up the DagBag from /home/malangdataguy/miniconda3/envs/airflow_mdg/lib/python3.8/site-packages/airflow/example_dags/example_params_trigger_ui.py
[2024-04-06T23:42:46.970+0000] {processor.py:840} INFO - DAG(s) 'example_params_trigger_ui' retrieved from /home/malangdataguy/miniconda3/envs/airflow_mdg/lib/python3.8/site-packages/airflow/example_dags/example_params_trigger_ui.py
[2024-04-06T23:42:47.032+0000] {logging_mixin.py:188} INFO - [2024-04-06T23:42:47.031+0000] {dag.py:3047} INFO - Sync 1 DAGs
[2024-04-06T23:42:47.049+0000] {logging_mixin.py:188} INFO - [2024-04-06T23:42:47.048+0000] {dag.py:3834} INFO - Setting next_dagrun for example_params_trigger_ui to None, run_after=None
[2024-04-06T23:42:47.085+0000] {processor.py:183} INFO - Processing /home/malangdataguy/miniconda3/envs/airflow_mdg/lib/python3.8/site-packages/airflow/example_dags/example_params_trigger_ui.py took 0.151 seconds
[2024-04-06T23:43:54.440+0000] {processor.py:161} INFO - Started process (PID=69502) to work on /home/malangdataguy/miniconda3/envs/airflow_mdg/lib/python3.8/site-packages/airflow/example_dags/example_params_trigger_ui.py
[2024-04-06T23:43:54.443+0000] {processor.py:830} INFO - Processing file /home/malangdataguy/miniconda3/envs/airflow_mdg/lib/python3.8/site-packages/airflow/example_dags/example_params_trigger_ui.py for tasks to queue
[2024-04-06T23:43:54.444+0000] {logging_mixin.py:188} INFO - [2024-04-06T23:43:54.444+0000] {dagbag.py:540} INFO - Filling up the DagBag from /home/malangdataguy/miniconda3/envs/airflow_mdg/lib/python3.8/site-packages/airflow/example_dags/example_params_trigger_ui.py
[2024-04-06T23:43:54.466+0000] {processor.py:840} INFO - DAG(s) 'example_params_trigger_ui' retrieved from /home/malangdataguy/miniconda3/envs/airflow_mdg/lib/python3.8/site-packages/airflow/example_dags/example_params_trigger_ui.py
[2024-04-06T23:43:54.524+0000] {logging_mixin.py:188} INFO - [2024-04-06T23:43:54.523+0000] {dag.py:3047} INFO - Sync 1 DAGs
[2024-04-06T23:43:54.539+0000] {logging_mixin.py:188} INFO - [2024-04-06T23:43:54.539+0000] {dag.py:3834} INFO - Setting next_dagrun for example_params_trigger_ui to None, run_after=None
[2024-04-06T23:43:54.573+0000] {processor.py:183} INFO - Processing /home/malangdataguy/miniconda3/envs/airflow_mdg/lib/python3.8/site-packages/airflow/example_dags/example_params_trigger_ui.py took 0.144 seconds
[2024-04-06T23:44:58.710+0000] {processor.py:161} INFO - Started process (PID=69572) to work on /home/malangdataguy/miniconda3/envs/airflow_mdg/lib/python3.8/site-packages/airflow/example_dags/example_params_trigger_ui.py
[2024-04-06T23:44:58.712+0000] {processor.py:830} INFO - Processing file /home/malangdataguy/miniconda3/envs/airflow_mdg/lib/python3.8/site-packages/airflow/example_dags/example_params_trigger_ui.py for tasks to queue
[2024-04-06T23:44:58.714+0000] {logging_mixin.py:188} INFO - [2024-04-06T23:44:58.713+0000] {dagbag.py:540} INFO - Filling up the DagBag from /home/malangdataguy/miniconda3/envs/airflow_mdg/lib/python3.8/site-packages/airflow/example_dags/example_params_trigger_ui.py
[2024-04-06T23:44:58.732+0000] {processor.py:840} INFO - DAG(s) 'example_params_trigger_ui' retrieved from /home/malangdataguy/miniconda3/envs/airflow_mdg/lib/python3.8/site-packages/airflow/example_dags/example_params_trigger_ui.py
[2024-04-06T23:44:58.786+0000] {logging_mixin.py:188} INFO - [2024-04-06T23:44:58.785+0000] {dag.py:3047} INFO - Sync 1 DAGs
[2024-04-06T23:44:58.800+0000] {logging_mixin.py:188} INFO - [2024-04-06T23:44:58.799+0000] {dag.py:3834} INFO - Setting next_dagrun for example_params_trigger_ui to None, run_after=None
[2024-04-06T23:44:58.827+0000] {processor.py:183} INFO - Processing /home/malangdataguy/miniconda3/envs/airflow_mdg/lib/python3.8/site-packages/airflow/example_dags/example_params_trigger_ui.py took 0.123 seconds
[2024-04-06T23:46:02.451+0000] {processor.py:161} INFO - Started process (PID=69637) to work on /home/malangdataguy/miniconda3/envs/airflow_mdg/lib/python3.8/site-packages/airflow/example_dags/example_params_trigger_ui.py
[2024-04-06T23:46:02.454+0000] {processor.py:830} INFO - Processing file /home/malangdataguy/miniconda3/envs/airflow_mdg/lib/python3.8/site-packages/airflow/example_dags/example_params_trigger_ui.py for tasks to queue
[2024-04-06T23:46:02.456+0000] {logging_mixin.py:188} INFO - [2024-04-06T23:46:02.455+0000] {dagbag.py:540} INFO - Filling up the DagBag from /home/malangdataguy/miniconda3/envs/airflow_mdg/lib/python3.8/site-packages/airflow/example_dags/example_params_trigger_ui.py
[2024-04-06T23:46:02.483+0000] {processor.py:840} INFO - DAG(s) 'example_params_trigger_ui' retrieved from /home/malangdataguy/miniconda3/envs/airflow_mdg/lib/python3.8/site-packages/airflow/example_dags/example_params_trigger_ui.py
[2024-04-06T23:46:02.575+0000] {logging_mixin.py:188} INFO - [2024-04-06T23:46:02.574+0000] {dag.py:3047} INFO - Sync 1 DAGs
[2024-04-06T23:46:02.598+0000] {logging_mixin.py:188} INFO - [2024-04-06T23:46:02.598+0000] {dag.py:3834} INFO - Setting next_dagrun for example_params_trigger_ui to None, run_after=None
[2024-04-06T23:46:02.640+0000] {processor.py:183} INFO - Processing /home/malangdataguy/miniconda3/envs/airflow_mdg/lib/python3.8/site-packages/airflow/example_dags/example_params_trigger_ui.py took 0.198 seconds
[2024-04-06T23:46:59.687+0000] {processor.py:161} INFO - Started process (PID=69728) to work on /home/malangdataguy/miniconda3/envs/airflow_mdg/lib/python3.8/site-packages/airflow/example_dags/example_params_trigger_ui.py
[2024-04-06T23:46:59.690+0000] {processor.py:830} INFO - Processing file /home/malangdataguy/miniconda3/envs/airflow_mdg/lib/python3.8/site-packages/airflow/example_dags/example_params_trigger_ui.py for tasks to queue
[2024-04-06T23:46:59.692+0000] {logging_mixin.py:188} INFO - [2024-04-06T23:46:59.691+0000] {dagbag.py:540} INFO - Filling up the DagBag from /home/malangdataguy/miniconda3/envs/airflow_mdg/lib/python3.8/site-packages/airflow/example_dags/example_params_trigger_ui.py
[2024-04-06T23:46:59.713+0000] {processor.py:840} INFO - DAG(s) 'example_params_trigger_ui' retrieved from /home/malangdataguy/miniconda3/envs/airflow_mdg/lib/python3.8/site-packages/airflow/example_dags/example_params_trigger_ui.py
[2024-04-06T23:46:59.771+0000] {logging_mixin.py:188} INFO - [2024-04-06T23:46:59.770+0000] {dag.py:3047} INFO - Sync 1 DAGs
[2024-04-06T23:46:59.787+0000] {logging_mixin.py:188} INFO - [2024-04-06T23:46:59.786+0000] {dag.py:3834} INFO - Setting next_dagrun for example_params_trigger_ui to None, run_after=None
[2024-04-06T23:46:59.819+0000] {processor.py:183} INFO - Processing /home/malangdataguy/miniconda3/envs/airflow_mdg/lib/python3.8/site-packages/airflow/example_dags/example_params_trigger_ui.py took 0.137 seconds
[2024-04-06T23:48:01.828+0000] {processor.py:161} INFO - Started process (PID=69791) to work on /home/malangdataguy/miniconda3/envs/airflow_mdg/lib/python3.8/site-packages/airflow/example_dags/example_params_trigger_ui.py
[2024-04-06T23:48:01.831+0000] {processor.py:830} INFO - Processing file /home/malangdataguy/miniconda3/envs/airflow_mdg/lib/python3.8/site-packages/airflow/example_dags/example_params_trigger_ui.py for tasks to queue
[2024-04-06T23:48:01.835+0000] {logging_mixin.py:188} INFO - [2024-04-06T23:48:01.834+0000] {dagbag.py:540} INFO - Filling up the DagBag from /home/malangdataguy/miniconda3/envs/airflow_mdg/lib/python3.8/site-packages/airflow/example_dags/example_params_trigger_ui.py
[2024-04-06T23:48:01.868+0000] {processor.py:840} INFO - DAG(s) 'example_params_trigger_ui' retrieved from /home/malangdataguy/miniconda3/envs/airflow_mdg/lib/python3.8/site-packages/airflow/example_dags/example_params_trigger_ui.py
[2024-04-06T23:48:01.962+0000] {logging_mixin.py:188} INFO - [2024-04-06T23:48:01.962+0000] {dag.py:3047} INFO - Sync 1 DAGs
[2024-04-06T23:48:01.983+0000] {logging_mixin.py:188} INFO - [2024-04-06T23:48:01.982+0000] {dag.py:3834} INFO - Setting next_dagrun for example_params_trigger_ui to None, run_after=None
[2024-04-06T23:48:02.043+0000] {processor.py:183} INFO - Processing /home/malangdataguy/miniconda3/envs/airflow_mdg/lib/python3.8/site-packages/airflow/example_dags/example_params_trigger_ui.py took 0.221 seconds
[2024-04-06T23:49:04.111+0000] {processor.py:161} INFO - Started process (PID=69859) to work on /home/malangdataguy/miniconda3/envs/airflow_mdg/lib/python3.8/site-packages/airflow/example_dags/example_params_trigger_ui.py
[2024-04-06T23:49:04.114+0000] {processor.py:830} INFO - Processing file /home/malangdataguy/miniconda3/envs/airflow_mdg/lib/python3.8/site-packages/airflow/example_dags/example_params_trigger_ui.py for tasks to queue
[2024-04-06T23:49:04.116+0000] {logging_mixin.py:188} INFO - [2024-04-06T23:49:04.115+0000] {dagbag.py:540} INFO - Filling up the DagBag from /home/malangdataguy/miniconda3/envs/airflow_mdg/lib/python3.8/site-packages/airflow/example_dags/example_params_trigger_ui.py
[2024-04-06T23:49:04.134+0000] {processor.py:840} INFO - DAG(s) 'example_params_trigger_ui' retrieved from /home/malangdataguy/miniconda3/envs/airflow_mdg/lib/python3.8/site-packages/airflow/example_dags/example_params_trigger_ui.py
[2024-04-06T23:49:04.190+0000] {logging_mixin.py:188} INFO - [2024-04-06T23:49:04.190+0000] {dag.py:3047} INFO - Sync 1 DAGs
[2024-04-06T23:49:04.206+0000] {logging_mixin.py:188} INFO - [2024-04-06T23:49:04.205+0000] {dag.py:3834} INFO - Setting next_dagrun for example_params_trigger_ui to None, run_after=None
[2024-04-06T23:49:04.237+0000] {processor.py:183} INFO - Processing /home/malangdataguy/miniconda3/envs/airflow_mdg/lib/python3.8/site-packages/airflow/example_dags/example_params_trigger_ui.py took 0.130 seconds
[2024-04-06T23:50:06.318+0000] {processor.py:161} INFO - Started process (PID=69923) to work on /home/malangdataguy/miniconda3/envs/airflow_mdg/lib/python3.8/site-packages/airflow/example_dags/example_params_trigger_ui.py
[2024-04-06T23:50:06.321+0000] {processor.py:830} INFO - Processing file /home/malangdataguy/miniconda3/envs/airflow_mdg/lib/python3.8/site-packages/airflow/example_dags/example_params_trigger_ui.py for tasks to queue
[2024-04-06T23:50:06.322+0000] {logging_mixin.py:188} INFO - [2024-04-06T23:50:06.322+0000] {dagbag.py:540} INFO - Filling up the DagBag from /home/malangdataguy/miniconda3/envs/airflow_mdg/lib/python3.8/site-packages/airflow/example_dags/example_params_trigger_ui.py
[2024-04-06T23:50:06.342+0000] {processor.py:840} INFO - DAG(s) 'example_params_trigger_ui' retrieved from /home/malangdataguy/miniconda3/envs/airflow_mdg/lib/python3.8/site-packages/airflow/example_dags/example_params_trigger_ui.py
[2024-04-06T23:50:06.402+0000] {logging_mixin.py:188} INFO - [2024-04-06T23:50:06.402+0000] {dag.py:3047} INFO - Sync 1 DAGs
[2024-04-06T23:50:06.417+0000] {logging_mixin.py:188} INFO - [2024-04-06T23:50:06.417+0000] {dag.py:3834} INFO - Setting next_dagrun for example_params_trigger_ui to None, run_after=None
[2024-04-06T23:50:06.449+0000] {processor.py:183} INFO - Processing /home/malangdataguy/miniconda3/envs/airflow_mdg/lib/python3.8/site-packages/airflow/example_dags/example_params_trigger_ui.py took 0.136 seconds
[2024-04-06T23:51:07.415+0000] {processor.py:161} INFO - Started process (PID=69985) to work on /home/malangdataguy/miniconda3/envs/airflow_mdg/lib/python3.8/site-packages/airflow/example_dags/example_params_trigger_ui.py
[2024-04-06T23:51:07.417+0000] {processor.py:830} INFO - Processing file /home/malangdataguy/miniconda3/envs/airflow_mdg/lib/python3.8/site-packages/airflow/example_dags/example_params_trigger_ui.py for tasks to queue
[2024-04-06T23:51:07.418+0000] {logging_mixin.py:188} INFO - [2024-04-06T23:51:07.418+0000] {dagbag.py:540} INFO - Filling up the DagBag from /home/malangdataguy/miniconda3/envs/airflow_mdg/lib/python3.8/site-packages/airflow/example_dags/example_params_trigger_ui.py
[2024-04-06T23:51:07.437+0000] {processor.py:840} INFO - DAG(s) 'example_params_trigger_ui' retrieved from /home/malangdataguy/miniconda3/envs/airflow_mdg/lib/python3.8/site-packages/airflow/example_dags/example_params_trigger_ui.py
[2024-04-06T23:51:07.494+0000] {logging_mixin.py:188} INFO - [2024-04-06T23:51:07.494+0000] {dag.py:3047} INFO - Sync 1 DAGs
[2024-04-06T23:51:07.508+0000] {logging_mixin.py:188} INFO - [2024-04-06T23:51:07.508+0000] {dag.py:3834} INFO - Setting next_dagrun for example_params_trigger_ui to None, run_after=None
[2024-04-06T23:51:07.537+0000] {processor.py:183} INFO - Processing /home/malangdataguy/miniconda3/envs/airflow_mdg/lib/python3.8/site-packages/airflow/example_dags/example_params_trigger_ui.py took 0.127 seconds
[2024-04-06T23:52:13.103+0000] {processor.py:161} INFO - Started process (PID=70053) to work on /home/malangdataguy/miniconda3/envs/airflow_mdg/lib/python3.8/site-packages/airflow/example_dags/example_params_trigger_ui.py
[2024-04-06T23:52:13.106+0000] {processor.py:830} INFO - Processing file /home/malangdataguy/miniconda3/envs/airflow_mdg/lib/python3.8/site-packages/airflow/example_dags/example_params_trigger_ui.py for tasks to queue
[2024-04-06T23:52:13.107+0000] {logging_mixin.py:188} INFO - [2024-04-06T23:52:13.107+0000] {dagbag.py:540} INFO - Filling up the DagBag from /home/malangdataguy/miniconda3/envs/airflow_mdg/lib/python3.8/site-packages/airflow/example_dags/example_params_trigger_ui.py
[2024-04-06T23:52:13.130+0000] {processor.py:840} INFO - DAG(s) 'example_params_trigger_ui' retrieved from /home/malangdataguy/miniconda3/envs/airflow_mdg/lib/python3.8/site-packages/airflow/example_dags/example_params_trigger_ui.py
[2024-04-06T23:52:13.200+0000] {logging_mixin.py:188} INFO - [2024-04-06T23:52:13.199+0000] {dag.py:3047} INFO - Sync 1 DAGs
[2024-04-06T23:52:13.220+0000] {logging_mixin.py:188} INFO - [2024-04-06T23:52:13.220+0000] {dag.py:3834} INFO - Setting next_dagrun for example_params_trigger_ui to None, run_after=None
[2024-04-06T23:52:13.257+0000] {processor.py:183} INFO - Processing /home/malangdataguy/miniconda3/envs/airflow_mdg/lib/python3.8/site-packages/airflow/example_dags/example_params_trigger_ui.py took 0.160 seconds
[2024-04-06T23:53:19.045+0000] {processor.py:161} INFO - Started process (PID=70120) to work on /home/malangdataguy/miniconda3/envs/airflow_mdg/lib/python3.8/site-packages/airflow/example_dags/example_params_trigger_ui.py
[2024-04-06T23:53:19.048+0000] {processor.py:830} INFO - Processing file /home/malangdataguy/miniconda3/envs/airflow_mdg/lib/python3.8/site-packages/airflow/example_dags/example_params_trigger_ui.py for tasks to queue
[2024-04-06T23:53:19.050+0000] {logging_mixin.py:188} INFO - [2024-04-06T23:53:19.049+0000] {dagbag.py:540} INFO - Filling up the DagBag from /home/malangdataguy/miniconda3/envs/airflow_mdg/lib/python3.8/site-packages/airflow/example_dags/example_params_trigger_ui.py
[2024-04-06T23:53:19.070+0000] {processor.py:840} INFO - DAG(s) 'example_params_trigger_ui' retrieved from /home/malangdataguy/miniconda3/envs/airflow_mdg/lib/python3.8/site-packages/airflow/example_dags/example_params_trigger_ui.py
[2024-04-06T23:53:19.129+0000] {logging_mixin.py:188} INFO - [2024-04-06T23:53:19.128+0000] {dag.py:3047} INFO - Sync 1 DAGs
[2024-04-06T23:53:19.143+0000] {logging_mixin.py:188} INFO - [2024-04-06T23:53:19.143+0000] {dag.py:3834} INFO - Setting next_dagrun for example_params_trigger_ui to None, run_after=None
[2024-04-06T23:53:19.176+0000] {processor.py:183} INFO - Processing /home/malangdataguy/miniconda3/envs/airflow_mdg/lib/python3.8/site-packages/airflow/example_dags/example_params_trigger_ui.py took 0.137 seconds
[2024-04-06T23:54:25.264+0000] {processor.py:161} INFO - Started process (PID=70222) to work on /home/malangdataguy/miniconda3/envs/airflow_mdg/lib/python3.8/site-packages/airflow/example_dags/example_params_trigger_ui.py
[2024-04-06T23:54:25.267+0000] {processor.py:830} INFO - Processing file /home/malangdataguy/miniconda3/envs/airflow_mdg/lib/python3.8/site-packages/airflow/example_dags/example_params_trigger_ui.py for tasks to queue
[2024-04-06T23:54:25.268+0000] {logging_mixin.py:188} INFO - [2024-04-06T23:54:25.268+0000] {dagbag.py:540} INFO - Filling up the DagBag from /home/malangdataguy/miniconda3/envs/airflow_mdg/lib/python3.8/site-packages/airflow/example_dags/example_params_trigger_ui.py
[2024-04-06T23:54:25.290+0000] {processor.py:840} INFO - DAG(s) 'example_params_trigger_ui' retrieved from /home/malangdataguy/miniconda3/envs/airflow_mdg/lib/python3.8/site-packages/airflow/example_dags/example_params_trigger_ui.py
[2024-04-06T23:54:25.351+0000] {logging_mixin.py:188} INFO - [2024-04-06T23:54:25.350+0000] {dag.py:3047} INFO - Sync 1 DAGs
[2024-04-06T23:54:25.369+0000] {logging_mixin.py:188} INFO - [2024-04-06T23:54:25.369+0000] {dag.py:3834} INFO - Setting next_dagrun for example_params_trigger_ui to None, run_after=None
[2024-04-06T23:54:25.407+0000] {processor.py:183} INFO - Processing /home/malangdataguy/miniconda3/envs/airflow_mdg/lib/python3.8/site-packages/airflow/example_dags/example_params_trigger_ui.py took 0.149 seconds
[2024-04-06T23:55:26.838+0000] {processor.py:161} INFO - Started process (PID=70285) to work on /home/malangdataguy/miniconda3/envs/airflow_mdg/lib/python3.8/site-packages/airflow/example_dags/example_params_trigger_ui.py
[2024-04-06T23:55:26.840+0000] {processor.py:830} INFO - Processing file /home/malangdataguy/miniconda3/envs/airflow_mdg/lib/python3.8/site-packages/airflow/example_dags/example_params_trigger_ui.py for tasks to queue
[2024-04-06T23:55:26.842+0000] {logging_mixin.py:188} INFO - [2024-04-06T23:55:26.841+0000] {dagbag.py:540} INFO - Filling up the DagBag from /home/malangdataguy/miniconda3/envs/airflow_mdg/lib/python3.8/site-packages/airflow/example_dags/example_params_trigger_ui.py
[2024-04-06T23:55:26.863+0000] {processor.py:840} INFO - DAG(s) 'example_params_trigger_ui' retrieved from /home/malangdataguy/miniconda3/envs/airflow_mdg/lib/python3.8/site-packages/airflow/example_dags/example_params_trigger_ui.py
[2024-04-06T23:55:26.920+0000] {logging_mixin.py:188} INFO - [2024-04-06T23:55:26.920+0000] {dag.py:3047} INFO - Sync 1 DAGs
[2024-04-06T23:55:26.935+0000] {logging_mixin.py:188} INFO - [2024-04-06T23:55:26.935+0000] {dag.py:3834} INFO - Setting next_dagrun for example_params_trigger_ui to None, run_after=None
[2024-04-06T23:55:26.966+0000] {processor.py:183} INFO - Processing /home/malangdataguy/miniconda3/envs/airflow_mdg/lib/python3.8/site-packages/airflow/example_dags/example_params_trigger_ui.py took 0.133 seconds
