[2024-04-06T23:09:14.417+0000] {processor.py:161} INFO - Started process (PID=68367) to work on /home/malangdataguy/miniconda3/envs/airflow_mdg/lib/python3.8/site-packages/airflow/example_dags/example_short_circuit_operator.py
[2024-04-06T23:09:14.419+0000] {processor.py:830} INFO - Processing file /home/malangdataguy/miniconda3/envs/airflow_mdg/lib/python3.8/site-packages/airflow/example_dags/example_short_circuit_operator.py for tasks to queue
[2024-04-06T23:09:14.420+0000] {logging_mixin.py:188} INFO - [2024-04-06T23:09:14.419+0000] {dagbag.py:540} INFO - Filling up the DagBag from /home/malangdataguy/miniconda3/envs/airflow_mdg/lib/python3.8/site-packages/airflow/example_dags/example_short_circuit_operator.py
[2024-04-06T23:09:14.433+0000] {processor.py:840} INFO - DAG(s) 'example_short_circuit_operator' retrieved from /home/malangdataguy/miniconda3/envs/airflow_mdg/lib/python3.8/site-packages/airflow/example_dags/example_short_circuit_operator.py
[2024-04-06T23:09:14.445+0000] {logging_mixin.py:188} INFO - [2024-04-06T23:09:14.445+0000] {dag.py:3047} INFO - Sync 1 DAGs
[2024-04-06T23:09:14.471+0000] {logging_mixin.py:188} INFO - [2024-04-06T23:09:14.471+0000] {dag.py:3834} INFO - Setting next_dagrun for example_short_circuit_operator to 2024-04-05 00:00:00+00:00, run_after=2024-04-06 00:00:00+00:00
[2024-04-06T23:09:14.504+0000] {processor.py:183} INFO - Processing /home/malangdataguy/miniconda3/envs/airflow_mdg/lib/python3.8/site-packages/airflow/example_dags/example_short_circuit_operator.py took 0.091 seconds
[2024-04-06T23:10:06.477+0000] {processor.py:161} INFO - Started process (PID=68417) to work on /home/malangdataguy/miniconda3/envs/airflow_mdg/lib/python3.8/site-packages/airflow/example_dags/example_short_circuit_operator.py
[2024-04-06T23:10:06.480+0000] {processor.py:830} INFO - Processing file /home/malangdataguy/miniconda3/envs/airflow_mdg/lib/python3.8/site-packages/airflow/example_dags/example_short_circuit_operator.py for tasks to queue
[2024-04-06T23:10:06.481+0000] {logging_mixin.py:188} INFO - [2024-04-06T23:10:06.481+0000] {dagbag.py:540} INFO - Filling up the DagBag from /home/malangdataguy/miniconda3/envs/airflow_mdg/lib/python3.8/site-packages/airflow/example_dags/example_short_circuit_operator.py
[2024-04-06T23:10:06.493+0000] {processor.py:840} INFO - DAG(s) 'example_short_circuit_operator' retrieved from /home/malangdataguy/miniconda3/envs/airflow_mdg/lib/python3.8/site-packages/airflow/example_dags/example_short_circuit_operator.py
[2024-04-06T23:10:06.609+0000] {logging_mixin.py:188} INFO - [2024-04-06T23:10:06.609+0000] {dag.py:3047} INFO - Sync 1 DAGs
[2024-04-06T23:10:06.630+0000] {logging_mixin.py:188} INFO - [2024-04-06T23:10:06.630+0000] {dag.py:3834} INFO - Setting next_dagrun for example_short_circuit_operator to 2024-04-05 00:00:00+00:00, run_after=2024-04-06 00:00:00+00:00
[2024-04-06T23:10:06.659+0000] {processor.py:183} INFO - Processing /home/malangdataguy/miniconda3/envs/airflow_mdg/lib/python3.8/site-packages/airflow/example_dags/example_short_circuit_operator.py took 0.187 seconds
[2024-04-06T23:10:53.309+0000] {processor.py:161} INFO - Started process (PID=68472) to work on /home/malangdataguy/miniconda3/envs/airflow_mdg/lib/python3.8/site-packages/airflow/example_dags/example_short_circuit_operator.py
[2024-04-06T23:10:53.311+0000] {processor.py:830} INFO - Processing file /home/malangdataguy/miniconda3/envs/airflow_mdg/lib/python3.8/site-packages/airflow/example_dags/example_short_circuit_operator.py for tasks to queue
[2024-04-06T23:10:53.313+0000] {logging_mixin.py:188} INFO - [2024-04-06T23:10:53.312+0000] {dagbag.py:540} INFO - Filling up the DagBag from /home/malangdataguy/miniconda3/envs/airflow_mdg/lib/python3.8/site-packages/airflow/example_dags/example_short_circuit_operator.py
[2024-04-06T23:10:53.325+0000] {processor.py:840} INFO - DAG(s) 'example_short_circuit_operator' retrieved from /home/malangdataguy/miniconda3/envs/airflow_mdg/lib/python3.8/site-packages/airflow/example_dags/example_short_circuit_operator.py
[2024-04-06T23:10:53.350+0000] {logging_mixin.py:188} INFO - [2024-04-06T23:10:53.350+0000] {dag.py:3047} INFO - Sync 1 DAGs
[2024-04-06T23:10:53.374+0000] {logging_mixin.py:188} INFO - [2024-04-06T23:10:53.374+0000] {dag.py:3834} INFO - Setting next_dagrun for example_short_circuit_operator to 2024-04-05 00:00:00+00:00, run_after=2024-04-06 00:00:00+00:00
[2024-04-06T23:10:53.404+0000] {processor.py:183} INFO - Processing /home/malangdataguy/miniconda3/envs/airflow_mdg/lib/python3.8/site-packages/airflow/example_dags/example_short_circuit_operator.py took 0.100 seconds
[2024-04-06T23:11:44.337+0000] {processor.py:161} INFO - Started process (PID=68522) to work on /home/malangdataguy/miniconda3/envs/airflow_mdg/lib/python3.8/site-packages/airflow/example_dags/example_short_circuit_operator.py
[2024-04-06T23:11:44.339+0000] {processor.py:830} INFO - Processing file /home/malangdataguy/miniconda3/envs/airflow_mdg/lib/python3.8/site-packages/airflow/example_dags/example_short_circuit_operator.py for tasks to queue
[2024-04-06T23:11:44.341+0000] {logging_mixin.py:188} INFO - [2024-04-06T23:11:44.340+0000] {dagbag.py:540} INFO - Filling up the DagBag from /home/malangdataguy/miniconda3/envs/airflow_mdg/lib/python3.8/site-packages/airflow/example_dags/example_short_circuit_operator.py
[2024-04-06T23:11:44.353+0000] {processor.py:840} INFO - DAG(s) 'example_short_circuit_operator' retrieved from /home/malangdataguy/miniconda3/envs/airflow_mdg/lib/python3.8/site-packages/airflow/example_dags/example_short_circuit_operator.py
[2024-04-06T23:11:44.379+0000] {logging_mixin.py:188} INFO - [2024-04-06T23:11:44.379+0000] {dag.py:3047} INFO - Sync 1 DAGs
[2024-04-06T23:11:44.405+0000] {logging_mixin.py:188} INFO - [2024-04-06T23:11:44.405+0000] {dag.py:3834} INFO - Setting next_dagrun for example_short_circuit_operator to 2024-04-05 00:00:00+00:00, run_after=2024-04-06 00:00:00+00:00
[2024-04-06T23:11:44.434+0000] {processor.py:183} INFO - Processing /home/malangdataguy/miniconda3/envs/airflow_mdg/lib/python3.8/site-packages/airflow/example_dags/example_short_circuit_operator.py took 0.102 seconds
[2024-04-06T23:12:29.579+0000] {processor.py:161} INFO - Started process (PID=68567) to work on /home/malangdataguy/miniconda3/envs/airflow_mdg/lib/python3.8/site-packages/airflow/example_dags/example_short_circuit_operator.py
[2024-04-06T23:12:29.582+0000] {processor.py:830} INFO - Processing file /home/malangdataguy/miniconda3/envs/airflow_mdg/lib/python3.8/site-packages/airflow/example_dags/example_short_circuit_operator.py for tasks to queue
[2024-04-06T23:12:29.583+0000] {logging_mixin.py:188} INFO - [2024-04-06T23:12:29.582+0000] {dagbag.py:540} INFO - Filling up the DagBag from /home/malangdataguy/miniconda3/envs/airflow_mdg/lib/python3.8/site-packages/airflow/example_dags/example_short_circuit_operator.py
[2024-04-06T23:12:29.595+0000] {processor.py:840} INFO - DAG(s) 'example_short_circuit_operator' retrieved from /home/malangdataguy/miniconda3/envs/airflow_mdg/lib/python3.8/site-packages/airflow/example_dags/example_short_circuit_operator.py
[2024-04-06T23:12:29.621+0000] {logging_mixin.py:188} INFO - [2024-04-06T23:12:29.620+0000] {dag.py:3047} INFO - Sync 1 DAGs
[2024-04-06T23:12:29.647+0000] {logging_mixin.py:188} INFO - [2024-04-06T23:12:29.646+0000] {dag.py:3834} INFO - Setting next_dagrun for example_short_circuit_operator to 2024-04-05 00:00:00+00:00, run_after=2024-04-06 00:00:00+00:00
[2024-04-06T23:12:29.679+0000] {processor.py:183} INFO - Processing /home/malangdataguy/miniconda3/envs/airflow_mdg/lib/python3.8/site-packages/airflow/example_dags/example_short_circuit_operator.py took 0.105 seconds
[2024-04-06T23:13:10.086+0000] {processor.py:161} INFO - Started process (PID=68609) to work on /home/malangdataguy/miniconda3/envs/airflow_mdg/lib/python3.8/site-packages/airflow/example_dags/example_short_circuit_operator.py
[2024-04-06T23:13:10.089+0000] {processor.py:830} INFO - Processing file /home/malangdataguy/miniconda3/envs/airflow_mdg/lib/python3.8/site-packages/airflow/example_dags/example_short_circuit_operator.py for tasks to queue
[2024-04-06T23:13:10.091+0000] {logging_mixin.py:188} INFO - [2024-04-06T23:13:10.090+0000] {dagbag.py:540} INFO - Filling up the DagBag from /home/malangdataguy/miniconda3/envs/airflow_mdg/lib/python3.8/site-packages/airflow/example_dags/example_short_circuit_operator.py
[2024-04-06T23:13:10.104+0000] {processor.py:840} INFO - DAG(s) 'example_short_circuit_operator' retrieved from /home/malangdataguy/miniconda3/envs/airflow_mdg/lib/python3.8/site-packages/airflow/example_dags/example_short_circuit_operator.py
[2024-04-06T23:13:10.134+0000] {logging_mixin.py:188} INFO - [2024-04-06T23:13:10.134+0000] {dag.py:3047} INFO - Sync 1 DAGs
[2024-04-06T23:13:10.166+0000] {logging_mixin.py:188} INFO - [2024-04-06T23:13:10.165+0000] {dag.py:3834} INFO - Setting next_dagrun for example_short_circuit_operator to 2024-04-05 00:00:00+00:00, run_after=2024-04-06 00:00:00+00:00
[2024-04-06T23:13:10.201+0000] {processor.py:183} INFO - Processing /home/malangdataguy/miniconda3/envs/airflow_mdg/lib/python3.8/site-packages/airflow/example_dags/example_short_circuit_operator.py took 0.121 seconds
[2024-04-06T23:13:50.403+0000] {processor.py:161} INFO - Started process (PID=68652) to work on /home/malangdataguy/miniconda3/envs/airflow_mdg/lib/python3.8/site-packages/airflow/example_dags/example_short_circuit_operator.py
[2024-04-06T23:13:50.406+0000] {processor.py:830} INFO - Processing file /home/malangdataguy/miniconda3/envs/airflow_mdg/lib/python3.8/site-packages/airflow/example_dags/example_short_circuit_operator.py for tasks to queue
[2024-04-06T23:13:50.407+0000] {logging_mixin.py:188} INFO - [2024-04-06T23:13:50.406+0000] {dagbag.py:540} INFO - Filling up the DagBag from /home/malangdataguy/miniconda3/envs/airflow_mdg/lib/python3.8/site-packages/airflow/example_dags/example_short_circuit_operator.py
[2024-04-06T23:13:50.419+0000] {processor.py:840} INFO - DAG(s) 'example_short_circuit_operator' retrieved from /home/malangdataguy/miniconda3/envs/airflow_mdg/lib/python3.8/site-packages/airflow/example_dags/example_short_circuit_operator.py
[2024-04-06T23:13:50.444+0000] {logging_mixin.py:188} INFO - [2024-04-06T23:13:50.443+0000] {dag.py:3047} INFO - Sync 1 DAGs
[2024-04-06T23:13:50.470+0000] {logging_mixin.py:188} INFO - [2024-04-06T23:13:50.470+0000] {dag.py:3834} INFO - Setting next_dagrun for example_short_circuit_operator to 2024-04-05 00:00:00+00:00, run_after=2024-04-06 00:00:00+00:00
[2024-04-06T23:13:50.499+0000] {processor.py:183} INFO - Processing /home/malangdataguy/miniconda3/envs/airflow_mdg/lib/python3.8/site-packages/airflow/example_dags/example_short_circuit_operator.py took 0.101 seconds
[2024-04-06T23:14:33.853+0000] {processor.py:161} INFO - Started process (PID=68693) to work on /home/malangdataguy/miniconda3/envs/airflow_mdg/lib/python3.8/site-packages/airflow/example_dags/example_short_circuit_operator.py
[2024-04-06T23:14:33.855+0000] {processor.py:830} INFO - Processing file /home/malangdataguy/miniconda3/envs/airflow_mdg/lib/python3.8/site-packages/airflow/example_dags/example_short_circuit_operator.py for tasks to queue
[2024-04-06T23:14:33.857+0000] {logging_mixin.py:188} INFO - [2024-04-06T23:14:33.856+0000] {dagbag.py:540} INFO - Filling up the DagBag from /home/malangdataguy/miniconda3/envs/airflow_mdg/lib/python3.8/site-packages/airflow/example_dags/example_short_circuit_operator.py
[2024-04-06T23:14:33.868+0000] {processor.py:840} INFO - DAG(s) 'example_short_circuit_operator' retrieved from /home/malangdataguy/miniconda3/envs/airflow_mdg/lib/python3.8/site-packages/airflow/example_dags/example_short_circuit_operator.py
[2024-04-06T23:14:33.892+0000] {logging_mixin.py:188} INFO - [2024-04-06T23:14:33.891+0000] {dag.py:3047} INFO - Sync 1 DAGs
[2024-04-06T23:14:33.916+0000] {logging_mixin.py:188} INFO - [2024-04-06T23:14:33.915+0000] {dag.py:3834} INFO - Setting next_dagrun for example_short_circuit_operator to 2024-04-05 00:00:00+00:00, run_after=2024-04-06 00:00:00+00:00
[2024-04-06T23:14:33.943+0000] {processor.py:183} INFO - Processing /home/malangdataguy/miniconda3/envs/airflow_mdg/lib/python3.8/site-packages/airflow/example_dags/example_short_circuit_operator.py took 0.095 seconds
[2024-04-06T23:15:14.293+0000] {processor.py:161} INFO - Started process (PID=68736) to work on /home/malangdataguy/miniconda3/envs/airflow_mdg/lib/python3.8/site-packages/airflow/example_dags/example_short_circuit_operator.py
[2024-04-06T23:15:14.296+0000] {processor.py:830} INFO - Processing file /home/malangdataguy/miniconda3/envs/airflow_mdg/lib/python3.8/site-packages/airflow/example_dags/example_short_circuit_operator.py for tasks to queue
[2024-04-06T23:15:14.298+0000] {logging_mixin.py:188} INFO - [2024-04-06T23:15:14.297+0000] {dagbag.py:540} INFO - Filling up the DagBag from /home/malangdataguy/miniconda3/envs/airflow_mdg/lib/python3.8/site-packages/airflow/example_dags/example_short_circuit_operator.py
[2024-04-06T23:15:14.313+0000] {processor.py:840} INFO - DAG(s) 'example_short_circuit_operator' retrieved from /home/malangdataguy/miniconda3/envs/airflow_mdg/lib/python3.8/site-packages/airflow/example_dags/example_short_circuit_operator.py
[2024-04-06T23:15:14.343+0000] {logging_mixin.py:188} INFO - [2024-04-06T23:15:14.342+0000] {dag.py:3047} INFO - Sync 1 DAGs
[2024-04-06T23:15:14.374+0000] {logging_mixin.py:188} INFO - [2024-04-06T23:15:14.374+0000] {dag.py:3834} INFO - Setting next_dagrun for example_short_circuit_operator to 2024-04-05 00:00:00+00:00, run_after=2024-04-06 00:00:00+00:00
[2024-04-06T23:15:14.411+0000] {processor.py:183} INFO - Processing /home/malangdataguy/miniconda3/envs/airflow_mdg/lib/python3.8/site-packages/airflow/example_dags/example_short_circuit_operator.py took 0.124 seconds
[2024-04-06T23:15:54.433+0000] {processor.py:161} INFO - Started process (PID=68778) to work on /home/malangdataguy/miniconda3/envs/airflow_mdg/lib/python3.8/site-packages/airflow/example_dags/example_short_circuit_operator.py
[2024-04-06T23:15:54.436+0000] {processor.py:830} INFO - Processing file /home/malangdataguy/miniconda3/envs/airflow_mdg/lib/python3.8/site-packages/airflow/example_dags/example_short_circuit_operator.py for tasks to queue
[2024-04-06T23:15:54.438+0000] {logging_mixin.py:188} INFO - [2024-04-06T23:15:54.437+0000] {dagbag.py:540} INFO - Filling up the DagBag from /home/malangdataguy/miniconda3/envs/airflow_mdg/lib/python3.8/site-packages/airflow/example_dags/example_short_circuit_operator.py
[2024-04-06T23:15:54.453+0000] {processor.py:840} INFO - DAG(s) 'example_short_circuit_operator' retrieved from /home/malangdataguy/miniconda3/envs/airflow_mdg/lib/python3.8/site-packages/airflow/example_dags/example_short_circuit_operator.py
[2024-04-06T23:15:54.487+0000] {logging_mixin.py:188} INFO - [2024-04-06T23:15:54.487+0000] {dag.py:3047} INFO - Sync 1 DAGs
[2024-04-06T23:15:54.522+0000] {logging_mixin.py:188} INFO - [2024-04-06T23:15:54.521+0000] {dag.py:3834} INFO - Setting next_dagrun for example_short_circuit_operator to 2024-04-05 00:00:00+00:00, run_after=2024-04-06 00:00:00+00:00
[2024-04-06T23:15:54.557+0000] {processor.py:183} INFO - Processing /home/malangdataguy/miniconda3/envs/airflow_mdg/lib/python3.8/site-packages/airflow/example_dags/example_short_circuit_operator.py took 0.130 seconds
[2024-04-06T23:16:31.779+0000] {processor.py:161} INFO - Started process (PID=68818) to work on /home/malangdataguy/miniconda3/envs/airflow_mdg/lib/python3.8/site-packages/airflow/example_dags/example_short_circuit_operator.py
[2024-04-06T23:16:31.782+0000] {processor.py:830} INFO - Processing file /home/malangdataguy/miniconda3/envs/airflow_mdg/lib/python3.8/site-packages/airflow/example_dags/example_short_circuit_operator.py for tasks to queue
[2024-04-06T23:16:31.784+0000] {logging_mixin.py:188} INFO - [2024-04-06T23:16:31.783+0000] {dagbag.py:540} INFO - Filling up the DagBag from /home/malangdataguy/miniconda3/envs/airflow_mdg/lib/python3.8/site-packages/airflow/example_dags/example_short_circuit_operator.py
[2024-04-06T23:16:31.797+0000] {processor.py:840} INFO - DAG(s) 'example_short_circuit_operator' retrieved from /home/malangdataguy/miniconda3/envs/airflow_mdg/lib/python3.8/site-packages/airflow/example_dags/example_short_circuit_operator.py
[2024-04-06T23:16:31.825+0000] {logging_mixin.py:188} INFO - [2024-04-06T23:16:31.825+0000] {dag.py:3047} INFO - Sync 1 DAGs
[2024-04-06T23:16:31.854+0000] {logging_mixin.py:188} INFO - [2024-04-06T23:16:31.853+0000] {dag.py:3834} INFO - Setting next_dagrun for example_short_circuit_operator to 2024-04-05 00:00:00+00:00, run_after=2024-04-06 00:00:00+00:00
[2024-04-06T23:16:31.884+0000] {processor.py:183} INFO - Processing /home/malangdataguy/miniconda3/envs/airflow_mdg/lib/python3.8/site-packages/airflow/example_dags/example_short_circuit_operator.py took 0.110 seconds
[2024-04-06T23:17:11.638+0000] {processor.py:161} INFO - Started process (PID=68861) to work on /home/malangdataguy/miniconda3/envs/airflow_mdg/lib/python3.8/site-packages/airflow/example_dags/example_short_circuit_operator.py
[2024-04-06T23:17:11.641+0000] {processor.py:830} INFO - Processing file /home/malangdataguy/miniconda3/envs/airflow_mdg/lib/python3.8/site-packages/airflow/example_dags/example_short_circuit_operator.py for tasks to queue
[2024-04-06T23:17:11.643+0000] {logging_mixin.py:188} INFO - [2024-04-06T23:17:11.642+0000] {dagbag.py:540} INFO - Filling up the DagBag from /home/malangdataguy/miniconda3/envs/airflow_mdg/lib/python3.8/site-packages/airflow/example_dags/example_short_circuit_operator.py
[2024-04-06T23:17:11.658+0000] {processor.py:840} INFO - DAG(s) 'example_short_circuit_operator' retrieved from /home/malangdataguy/miniconda3/envs/airflow_mdg/lib/python3.8/site-packages/airflow/example_dags/example_short_circuit_operator.py
[2024-04-06T23:17:11.690+0000] {logging_mixin.py:188} INFO - [2024-04-06T23:17:11.690+0000] {dag.py:3047} INFO - Sync 1 DAGs
[2024-04-06T23:17:11.720+0000] {logging_mixin.py:188} INFO - [2024-04-06T23:17:11.720+0000] {dag.py:3834} INFO - Setting next_dagrun for example_short_circuit_operator to 2024-04-05 00:00:00+00:00, run_after=2024-04-06 00:00:00+00:00
[2024-04-06T23:17:11.753+0000] {processor.py:183} INFO - Processing /home/malangdataguy/miniconda3/envs/airflow_mdg/lib/python3.8/site-packages/airflow/example_dags/example_short_circuit_operator.py took 0.120 seconds
[2024-04-06T23:17:54.840+0000] {processor.py:161} INFO - Started process (PID=68909) to work on /home/malangdataguy/miniconda3/envs/airflow_mdg/lib/python3.8/site-packages/airflow/example_dags/example_short_circuit_operator.py
[2024-04-06T23:17:54.843+0000] {processor.py:830} INFO - Processing file /home/malangdataguy/miniconda3/envs/airflow_mdg/lib/python3.8/site-packages/airflow/example_dags/example_short_circuit_operator.py for tasks to queue
[2024-04-06T23:17:54.844+0000] {logging_mixin.py:188} INFO - [2024-04-06T23:17:54.844+0000] {dagbag.py:540} INFO - Filling up the DagBag from /home/malangdataguy/miniconda3/envs/airflow_mdg/lib/python3.8/site-packages/airflow/example_dags/example_short_circuit_operator.py
[2024-04-06T23:17:54.858+0000] {processor.py:840} INFO - DAG(s) 'example_short_circuit_operator' retrieved from /home/malangdataguy/miniconda3/envs/airflow_mdg/lib/python3.8/site-packages/airflow/example_dags/example_short_circuit_operator.py
[2024-04-06T23:17:54.888+0000] {logging_mixin.py:188} INFO - [2024-04-06T23:17:54.887+0000] {dag.py:3047} INFO - Sync 1 DAGs
[2024-04-06T23:17:54.918+0000] {logging_mixin.py:188} INFO - [2024-04-06T23:17:54.917+0000] {dag.py:3834} INFO - Setting next_dagrun for example_short_circuit_operator to 2024-04-05 00:00:00+00:00, run_after=2024-04-06 00:00:00+00:00
[2024-04-06T23:17:54.951+0000] {processor.py:183} INFO - Processing /home/malangdataguy/miniconda3/envs/airflow_mdg/lib/python3.8/site-packages/airflow/example_dags/example_short_circuit_operator.py took 0.116 seconds
[2024-04-06T23:18:37.908+0000] {processor.py:161} INFO - Started process (PID=68953) to work on /home/malangdataguy/miniconda3/envs/airflow_mdg/lib/python3.8/site-packages/airflow/example_dags/example_short_circuit_operator.py
[2024-04-06T23:18:37.911+0000] {processor.py:830} INFO - Processing file /home/malangdataguy/miniconda3/envs/airflow_mdg/lib/python3.8/site-packages/airflow/example_dags/example_short_circuit_operator.py for tasks to queue
[2024-04-06T23:18:37.913+0000] {logging_mixin.py:188} INFO - [2024-04-06T23:18:37.912+0000] {dagbag.py:540} INFO - Filling up the DagBag from /home/malangdataguy/miniconda3/envs/airflow_mdg/lib/python3.8/site-packages/airflow/example_dags/example_short_circuit_operator.py
[2024-04-06T23:18:37.927+0000] {processor.py:840} INFO - DAG(s) 'example_short_circuit_operator' retrieved from /home/malangdataguy/miniconda3/envs/airflow_mdg/lib/python3.8/site-packages/airflow/example_dags/example_short_circuit_operator.py
[2024-04-06T23:18:37.956+0000] {logging_mixin.py:188} INFO - [2024-04-06T23:18:37.955+0000] {dag.py:3047} INFO - Sync 1 DAGs
[2024-04-06T23:18:37.984+0000] {logging_mixin.py:188} INFO - [2024-04-06T23:18:37.983+0000] {dag.py:3834} INFO - Setting next_dagrun for example_short_circuit_operator to 2024-04-05 00:00:00+00:00, run_after=2024-04-06 00:00:00+00:00
[2024-04-06T23:18:38.018+0000] {processor.py:183} INFO - Processing /home/malangdataguy/miniconda3/envs/airflow_mdg/lib/python3.8/site-packages/airflow/example_dags/example_short_circuit_operator.py took 0.115 seconds
[2024-04-06T23:19:16.950+0000] {processor.py:161} INFO - Started process (PID=68993) to work on /home/malangdataguy/miniconda3/envs/airflow_mdg/lib/python3.8/site-packages/airflow/example_dags/example_short_circuit_operator.py
[2024-04-06T23:19:16.953+0000] {processor.py:830} INFO - Processing file /home/malangdataguy/miniconda3/envs/airflow_mdg/lib/python3.8/site-packages/airflow/example_dags/example_short_circuit_operator.py for tasks to queue
[2024-04-06T23:19:16.954+0000] {logging_mixin.py:188} INFO - [2024-04-06T23:19:16.953+0000] {dagbag.py:540} INFO - Filling up the DagBag from /home/malangdataguy/miniconda3/envs/airflow_mdg/lib/python3.8/site-packages/airflow/example_dags/example_short_circuit_operator.py
[2024-04-06T23:19:16.966+0000] {processor.py:840} INFO - DAG(s) 'example_short_circuit_operator' retrieved from /home/malangdataguy/miniconda3/envs/airflow_mdg/lib/python3.8/site-packages/airflow/example_dags/example_short_circuit_operator.py
[2024-04-06T23:19:16.992+0000] {logging_mixin.py:188} INFO - [2024-04-06T23:19:16.992+0000] {dag.py:3047} INFO - Sync 1 DAGs
[2024-04-06T23:19:17.017+0000] {logging_mixin.py:188} INFO - [2024-04-06T23:19:17.017+0000] {dag.py:3834} INFO - Setting next_dagrun for example_short_circuit_operator to 2024-04-05 00:00:00+00:00, run_after=2024-04-06 00:00:00+00:00
[2024-04-06T23:19:17.045+0000] {processor.py:183} INFO - Processing /home/malangdataguy/miniconda3/envs/airflow_mdg/lib/python3.8/site-packages/airflow/example_dags/example_short_circuit_operator.py took 0.100 seconds
[2024-04-06T23:20:04.024+0000] {processor.py:161} INFO - Started process (PID=69037) to work on /home/malangdataguy/miniconda3/envs/airflow_mdg/lib/python3.8/site-packages/airflow/example_dags/example_short_circuit_operator.py
[2024-04-06T23:20:04.027+0000] {processor.py:830} INFO - Processing file /home/malangdataguy/miniconda3/envs/airflow_mdg/lib/python3.8/site-packages/airflow/example_dags/example_short_circuit_operator.py for tasks to queue
[2024-04-06T23:20:04.028+0000] {logging_mixin.py:188} INFO - [2024-04-06T23:20:04.028+0000] {dagbag.py:540} INFO - Filling up the DagBag from /home/malangdataguy/miniconda3/envs/airflow_mdg/lib/python3.8/site-packages/airflow/example_dags/example_short_circuit_operator.py
[2024-04-06T23:20:04.042+0000] {processor.py:840} INFO - DAG(s) 'example_short_circuit_operator' retrieved from /home/malangdataguy/miniconda3/envs/airflow_mdg/lib/python3.8/site-packages/airflow/example_dags/example_short_circuit_operator.py
[2024-04-06T23:20:04.072+0000] {logging_mixin.py:188} INFO - [2024-04-06T23:20:04.071+0000] {dag.py:3047} INFO - Sync 1 DAGs
[2024-04-06T23:20:04.101+0000] {logging_mixin.py:188} INFO - [2024-04-06T23:20:04.101+0000] {dag.py:3834} INFO - Setting next_dagrun for example_short_circuit_operator to 2024-04-05 00:00:00+00:00, run_after=2024-04-06 00:00:00+00:00
[2024-04-06T23:20:04.134+0000] {processor.py:183} INFO - Processing /home/malangdataguy/miniconda3/envs/airflow_mdg/lib/python3.8/site-packages/airflow/example_dags/example_short_circuit_operator.py took 0.116 seconds
[2024-04-06T23:20:49.459+0000] {processor.py:161} INFO - Started process (PID=69083) to work on /home/malangdataguy/miniconda3/envs/airflow_mdg/lib/python3.8/site-packages/airflow/example_dags/example_short_circuit_operator.py
[2024-04-06T23:20:49.462+0000] {processor.py:830} INFO - Processing file /home/malangdataguy/miniconda3/envs/airflow_mdg/lib/python3.8/site-packages/airflow/example_dags/example_short_circuit_operator.py for tasks to queue
[2024-04-06T23:20:49.464+0000] {logging_mixin.py:188} INFO - [2024-04-06T23:20:49.463+0000] {dagbag.py:540} INFO - Filling up the DagBag from /home/malangdataguy/miniconda3/envs/airflow_mdg/lib/python3.8/site-packages/airflow/example_dags/example_short_circuit_operator.py
[2024-04-06T23:20:49.477+0000] {processor.py:840} INFO - DAG(s) 'example_short_circuit_operator' retrieved from /home/malangdataguy/miniconda3/envs/airflow_mdg/lib/python3.8/site-packages/airflow/example_dags/example_short_circuit_operator.py
[2024-04-06T23:20:49.507+0000] {logging_mixin.py:188} INFO - [2024-04-06T23:20:49.507+0000] {dag.py:3047} INFO - Sync 1 DAGs
[2024-04-06T23:20:49.536+0000] {logging_mixin.py:188} INFO - [2024-04-06T23:20:49.536+0000] {dag.py:3834} INFO - Setting next_dagrun for example_short_circuit_operator to 2024-04-05 00:00:00+00:00, run_after=2024-04-06 00:00:00+00:00
[2024-04-06T23:20:49.569+0000] {processor.py:183} INFO - Processing /home/malangdataguy/miniconda3/envs/airflow_mdg/lib/python3.8/site-packages/airflow/example_dags/example_short_circuit_operator.py took 0.116 seconds
[2024-04-06T23:21:29.673+0000] {processor.py:161} INFO - Started process (PID=69125) to work on /home/malangdataguy/miniconda3/envs/airflow_mdg/lib/python3.8/site-packages/airflow/example_dags/example_short_circuit_operator.py
[2024-04-06T23:21:29.675+0000] {processor.py:830} INFO - Processing file /home/malangdataguy/miniconda3/envs/airflow_mdg/lib/python3.8/site-packages/airflow/example_dags/example_short_circuit_operator.py for tasks to queue
[2024-04-06T23:21:29.677+0000] {logging_mixin.py:188} INFO - [2024-04-06T23:21:29.676+0000] {dagbag.py:540} INFO - Filling up the DagBag from /home/malangdataguy/miniconda3/envs/airflow_mdg/lib/python3.8/site-packages/airflow/example_dags/example_short_circuit_operator.py
[2024-04-06T23:21:29.689+0000] {processor.py:840} INFO - DAG(s) 'example_short_circuit_operator' retrieved from /home/malangdataguy/miniconda3/envs/airflow_mdg/lib/python3.8/site-packages/airflow/example_dags/example_short_circuit_operator.py
[2024-04-06T23:21:29.716+0000] {logging_mixin.py:188} INFO - [2024-04-06T23:21:29.716+0000] {dag.py:3047} INFO - Sync 1 DAGs
[2024-04-06T23:21:29.742+0000] {logging_mixin.py:188} INFO - [2024-04-06T23:21:29.742+0000] {dag.py:3834} INFO - Setting next_dagrun for example_short_circuit_operator to 2024-04-05 00:00:00+00:00, run_after=2024-04-06 00:00:00+00:00
[2024-04-06T23:21:29.771+0000] {processor.py:183} INFO - Processing /home/malangdataguy/miniconda3/envs/airflow_mdg/lib/python3.8/site-packages/airflow/example_dags/example_short_circuit_operator.py took 0.103 seconds
[2024-04-06T23:22:12.259+0000] {processor.py:161} INFO - Started process (PID=69166) to work on /home/malangdataguy/miniconda3/envs/airflow_mdg/lib/python3.8/site-packages/airflow/example_dags/example_short_circuit_operator.py
[2024-04-06T23:22:12.263+0000] {processor.py:830} INFO - Processing file /home/malangdataguy/miniconda3/envs/airflow_mdg/lib/python3.8/site-packages/airflow/example_dags/example_short_circuit_operator.py for tasks to queue
[2024-04-06T23:22:12.264+0000] {logging_mixin.py:188} INFO - [2024-04-06T23:22:12.264+0000] {dagbag.py:540} INFO - Filling up the DagBag from /home/malangdataguy/miniconda3/envs/airflow_mdg/lib/python3.8/site-packages/airflow/example_dags/example_short_circuit_operator.py
[2024-04-06T23:22:12.276+0000] {processor.py:840} INFO - DAG(s) 'example_short_circuit_operator' retrieved from /home/malangdataguy/miniconda3/envs/airflow_mdg/lib/python3.8/site-packages/airflow/example_dags/example_short_circuit_operator.py
[2024-04-06T23:22:12.306+0000] {logging_mixin.py:188} INFO - [2024-04-06T23:22:12.306+0000] {dag.py:3047} INFO - Sync 1 DAGs
[2024-04-06T23:22:12.334+0000] {logging_mixin.py:188} INFO - [2024-04-06T23:22:12.333+0000] {dag.py:3834} INFO - Setting next_dagrun for example_short_circuit_operator to 2024-04-05 00:00:00+00:00, run_after=2024-04-06 00:00:00+00:00
[2024-04-06T23:22:12.365+0000] {processor.py:183} INFO - Processing /home/malangdataguy/miniconda3/envs/airflow_mdg/lib/python3.8/site-packages/airflow/example_dags/example_short_circuit_operator.py took 0.113 seconds
[2024-04-06T23:40:19.925+0000] {processor.py:161} INFO - Started process (PID=69280) to work on /home/malangdataguy/miniconda3/envs/airflow_mdg/lib/python3.8/site-packages/airflow/example_dags/example_short_circuit_operator.py
[2024-04-06T23:40:19.927+0000] {processor.py:830} INFO - Processing file /home/malangdataguy/miniconda3/envs/airflow_mdg/lib/python3.8/site-packages/airflow/example_dags/example_short_circuit_operator.py for tasks to queue
[2024-04-06T23:40:19.929+0000] {logging_mixin.py:188} INFO - [2024-04-06T23:40:19.928+0000] {dagbag.py:540} INFO - Filling up the DagBag from /home/malangdataguy/miniconda3/envs/airflow_mdg/lib/python3.8/site-packages/airflow/example_dags/example_short_circuit_operator.py
[2024-04-06T23:40:19.945+0000] {processor.py:840} INFO - DAG(s) 'example_short_circuit_operator' retrieved from /home/malangdataguy/miniconda3/envs/airflow_mdg/lib/python3.8/site-packages/airflow/example_dags/example_short_circuit_operator.py
[2024-04-06T23:40:19.977+0000] {logging_mixin.py:188} INFO - [2024-04-06T23:40:19.976+0000] {dag.py:3047} INFO - Sync 1 DAGs
[2024-04-06T23:40:20.006+0000] {logging_mixin.py:188} INFO - [2024-04-06T23:40:20.005+0000] {dag.py:3834} INFO - Setting next_dagrun for example_short_circuit_operator to 2024-04-05 00:00:00+00:00, run_after=2024-04-06 00:00:00+00:00
[2024-04-06T23:40:20.038+0000] {processor.py:183} INFO - Processing /home/malangdataguy/miniconda3/envs/airflow_mdg/lib/python3.8/site-packages/airflow/example_dags/example_short_circuit_operator.py took 0.119 seconds
[2024-04-06T23:41:13.255+0000] {processor.py:161} INFO - Started process (PID=69330) to work on /home/malangdataguy/miniconda3/envs/airflow_mdg/lib/python3.8/site-packages/airflow/example_dags/example_short_circuit_operator.py
[2024-04-06T23:41:13.257+0000] {processor.py:830} INFO - Processing file /home/malangdataguy/miniconda3/envs/airflow_mdg/lib/python3.8/site-packages/airflow/example_dags/example_short_circuit_operator.py for tasks to queue
[2024-04-06T23:41:13.259+0000] {logging_mixin.py:188} INFO - [2024-04-06T23:41:13.258+0000] {dagbag.py:540} INFO - Filling up the DagBag from /home/malangdataguy/miniconda3/envs/airflow_mdg/lib/python3.8/site-packages/airflow/example_dags/example_short_circuit_operator.py
[2024-04-06T23:41:13.274+0000] {processor.py:840} INFO - DAG(s) 'example_short_circuit_operator' retrieved from /home/malangdataguy/miniconda3/envs/airflow_mdg/lib/python3.8/site-packages/airflow/example_dags/example_short_circuit_operator.py
[2024-04-06T23:41:13.300+0000] {logging_mixin.py:188} INFO - [2024-04-06T23:41:13.300+0000] {dag.py:3047} INFO - Sync 1 DAGs
[2024-04-06T23:41:13.326+0000] {logging_mixin.py:188} INFO - [2024-04-06T23:41:13.325+0000] {dag.py:3834} INFO - Setting next_dagrun for example_short_circuit_operator to 2024-04-05 00:00:00+00:00, run_after=2024-04-06 00:00:00+00:00
[2024-04-06T23:41:13.354+0000] {processor.py:183} INFO - Processing /home/malangdataguy/miniconda3/envs/airflow_mdg/lib/python3.8/site-packages/airflow/example_dags/example_short_circuit_operator.py took 0.104 seconds
[2024-04-06T23:41:57.487+0000] {processor.py:161} INFO - Started process (PID=69372) to work on /home/malangdataguy/miniconda3/envs/airflow_mdg/lib/python3.8/site-packages/airflow/example_dags/example_short_circuit_operator.py
[2024-04-06T23:41:57.490+0000] {processor.py:830} INFO - Processing file /home/malangdataguy/miniconda3/envs/airflow_mdg/lib/python3.8/site-packages/airflow/example_dags/example_short_circuit_operator.py for tasks to queue
[2024-04-06T23:41:57.492+0000] {logging_mixin.py:188} INFO - [2024-04-06T23:41:57.491+0000] {dagbag.py:540} INFO - Filling up the DagBag from /home/malangdataguy/miniconda3/envs/airflow_mdg/lib/python3.8/site-packages/airflow/example_dags/example_short_circuit_operator.py
[2024-04-06T23:41:57.508+0000] {processor.py:840} INFO - DAG(s) 'example_short_circuit_operator' retrieved from /home/malangdataguy/miniconda3/envs/airflow_mdg/lib/python3.8/site-packages/airflow/example_dags/example_short_circuit_operator.py
[2024-04-06T23:41:57.539+0000] {logging_mixin.py:188} INFO - [2024-04-06T23:41:57.538+0000] {dag.py:3047} INFO - Sync 1 DAGs
[2024-04-06T23:41:57.568+0000] {logging_mixin.py:188} INFO - [2024-04-06T23:41:57.568+0000] {dag.py:3834} INFO - Setting next_dagrun for example_short_circuit_operator to 2024-04-05 00:00:00+00:00, run_after=2024-04-06 00:00:00+00:00
[2024-04-06T23:41:57.606+0000] {processor.py:183} INFO - Processing /home/malangdataguy/miniconda3/envs/airflow_mdg/lib/python3.8/site-packages/airflow/example_dags/example_short_circuit_operator.py took 0.124 seconds
[2024-04-06T23:42:41.991+0000] {processor.py:161} INFO - Started process (PID=69416) to work on /home/malangdataguy/miniconda3/envs/airflow_mdg/lib/python3.8/site-packages/airflow/example_dags/example_short_circuit_operator.py
[2024-04-06T23:42:41.994+0000] {processor.py:830} INFO - Processing file /home/malangdataguy/miniconda3/envs/airflow_mdg/lib/python3.8/site-packages/airflow/example_dags/example_short_circuit_operator.py for tasks to queue
[2024-04-06T23:42:41.996+0000] {logging_mixin.py:188} INFO - [2024-04-06T23:42:41.995+0000] {dagbag.py:540} INFO - Filling up the DagBag from /home/malangdataguy/miniconda3/envs/airflow_mdg/lib/python3.8/site-packages/airflow/example_dags/example_short_circuit_operator.py
[2024-04-06T23:42:42.008+0000] {processor.py:840} INFO - DAG(s) 'example_short_circuit_operator' retrieved from /home/malangdataguy/miniconda3/envs/airflow_mdg/lib/python3.8/site-packages/airflow/example_dags/example_short_circuit_operator.py
[2024-04-06T23:42:42.035+0000] {logging_mixin.py:188} INFO - [2024-04-06T23:42:42.035+0000] {dag.py:3047} INFO - Sync 1 DAGs
[2024-04-06T23:42:42.062+0000] {logging_mixin.py:188} INFO - [2024-04-06T23:42:42.061+0000] {dag.py:3834} INFO - Setting next_dagrun for example_short_circuit_operator to 2024-04-05 00:00:00+00:00, run_after=2024-04-06 00:00:00+00:00
[2024-04-06T23:42:42.097+0000] {processor.py:183} INFO - Processing /home/malangdataguy/miniconda3/envs/airflow_mdg/lib/python3.8/site-packages/airflow/example_dags/example_short_circuit_operator.py took 0.112 seconds
[2024-04-06T23:43:25.063+0000] {processor.py:161} INFO - Started process (PID=69460) to work on /home/malangdataguy/miniconda3/envs/airflow_mdg/lib/python3.8/site-packages/airflow/example_dags/example_short_circuit_operator.py
[2024-04-06T23:43:25.066+0000] {processor.py:830} INFO - Processing file /home/malangdataguy/miniconda3/envs/airflow_mdg/lib/python3.8/site-packages/airflow/example_dags/example_short_circuit_operator.py for tasks to queue
[2024-04-06T23:43:25.067+0000] {logging_mixin.py:188} INFO - [2024-04-06T23:43:25.067+0000] {dagbag.py:540} INFO - Filling up the DagBag from /home/malangdataguy/miniconda3/envs/airflow_mdg/lib/python3.8/site-packages/airflow/example_dags/example_short_circuit_operator.py
[2024-04-06T23:43:25.080+0000] {processor.py:840} INFO - DAG(s) 'example_short_circuit_operator' retrieved from /home/malangdataguy/miniconda3/envs/airflow_mdg/lib/python3.8/site-packages/airflow/example_dags/example_short_circuit_operator.py
[2024-04-06T23:43:25.108+0000] {logging_mixin.py:188} INFO - [2024-04-06T23:43:25.108+0000] {dag.py:3047} INFO - Sync 1 DAGs
[2024-04-06T23:43:25.132+0000] {logging_mixin.py:188} INFO - [2024-04-06T23:43:25.132+0000] {dag.py:3834} INFO - Setting next_dagrun for example_short_circuit_operator to 2024-04-05 00:00:00+00:00, run_after=2024-04-06 00:00:00+00:00
[2024-04-06T23:43:25.160+0000] {processor.py:183} INFO - Processing /home/malangdataguy/miniconda3/envs/airflow_mdg/lib/python3.8/site-packages/airflow/example_dags/example_short_circuit_operator.py took 0.102 seconds
[2024-04-06T23:44:10.242+0000] {processor.py:161} INFO - Started process (PID=69519) to work on /home/malangdataguy/miniconda3/envs/airflow_mdg/lib/python3.8/site-packages/airflow/example_dags/example_short_circuit_operator.py
[2024-04-06T23:44:10.245+0000] {processor.py:830} INFO - Processing file /home/malangdataguy/miniconda3/envs/airflow_mdg/lib/python3.8/site-packages/airflow/example_dags/example_short_circuit_operator.py for tasks to queue
[2024-04-06T23:44:10.246+0000] {logging_mixin.py:188} INFO - [2024-04-06T23:44:10.246+0000] {dagbag.py:540} INFO - Filling up the DagBag from /home/malangdataguy/miniconda3/envs/airflow_mdg/lib/python3.8/site-packages/airflow/example_dags/example_short_circuit_operator.py
[2024-04-06T23:44:10.257+0000] {processor.py:840} INFO - DAG(s) 'example_short_circuit_operator' retrieved from /home/malangdataguy/miniconda3/envs/airflow_mdg/lib/python3.8/site-packages/airflow/example_dags/example_short_circuit_operator.py
[2024-04-06T23:44:10.282+0000] {logging_mixin.py:188} INFO - [2024-04-06T23:44:10.281+0000] {dag.py:3047} INFO - Sync 1 DAGs
[2024-04-06T23:44:10.305+0000] {logging_mixin.py:188} INFO - [2024-04-06T23:44:10.305+0000] {dag.py:3834} INFO - Setting next_dagrun for example_short_circuit_operator to 2024-04-05 00:00:00+00:00, run_after=2024-04-06 00:00:00+00:00
[2024-04-06T23:44:10.332+0000] {processor.py:183} INFO - Processing /home/malangdataguy/miniconda3/envs/airflow_mdg/lib/python3.8/site-packages/airflow/example_dags/example_short_circuit_operator.py took 0.095 seconds
[2024-04-06T23:44:53.451+0000] {processor.py:161} INFO - Started process (PID=69567) to work on /home/malangdataguy/miniconda3/envs/airflow_mdg/lib/python3.8/site-packages/airflow/example_dags/example_short_circuit_operator.py
[2024-04-06T23:44:53.454+0000] {processor.py:830} INFO - Processing file /home/malangdataguy/miniconda3/envs/airflow_mdg/lib/python3.8/site-packages/airflow/example_dags/example_short_circuit_operator.py for tasks to queue
[2024-04-06T23:44:53.455+0000] {logging_mixin.py:188} INFO - [2024-04-06T23:44:53.455+0000] {dagbag.py:540} INFO - Filling up the DagBag from /home/malangdataguy/miniconda3/envs/airflow_mdg/lib/python3.8/site-packages/airflow/example_dags/example_short_circuit_operator.py
[2024-04-06T23:44:53.467+0000] {processor.py:840} INFO - DAG(s) 'example_short_circuit_operator' retrieved from /home/malangdataguy/miniconda3/envs/airflow_mdg/lib/python3.8/site-packages/airflow/example_dags/example_short_circuit_operator.py
[2024-04-06T23:44:53.492+0000] {logging_mixin.py:188} INFO - [2024-04-06T23:44:53.492+0000] {dag.py:3047} INFO - Sync 1 DAGs
[2024-04-06T23:44:53.517+0000] {logging_mixin.py:188} INFO - [2024-04-06T23:44:53.516+0000] {dag.py:3834} INFO - Setting next_dagrun for example_short_circuit_operator to 2024-04-05 00:00:00+00:00, run_after=2024-04-06 00:00:00+00:00
[2024-04-06T23:44:53.544+0000] {processor.py:183} INFO - Processing /home/malangdataguy/miniconda3/envs/airflow_mdg/lib/python3.8/site-packages/airflow/example_dags/example_short_circuit_operator.py took 0.098 seconds
[2024-04-06T23:45:35.277+0000] {processor.py:161} INFO - Started process (PID=69610) to work on /home/malangdataguy/miniconda3/envs/airflow_mdg/lib/python3.8/site-packages/airflow/example_dags/example_short_circuit_operator.py
[2024-04-06T23:45:35.280+0000] {processor.py:830} INFO - Processing file /home/malangdataguy/miniconda3/envs/airflow_mdg/lib/python3.8/site-packages/airflow/example_dags/example_short_circuit_operator.py for tasks to queue
[2024-04-06T23:45:35.281+0000] {logging_mixin.py:188} INFO - [2024-04-06T23:45:35.280+0000] {dagbag.py:540} INFO - Filling up the DagBag from /home/malangdataguy/miniconda3/envs/airflow_mdg/lib/python3.8/site-packages/airflow/example_dags/example_short_circuit_operator.py
[2024-04-06T23:45:35.294+0000] {processor.py:840} INFO - DAG(s) 'example_short_circuit_operator' retrieved from /home/malangdataguy/miniconda3/envs/airflow_mdg/lib/python3.8/site-packages/airflow/example_dags/example_short_circuit_operator.py
[2024-04-06T23:45:35.322+0000] {logging_mixin.py:188} INFO - [2024-04-06T23:45:35.322+0000] {dag.py:3047} INFO - Sync 1 DAGs
[2024-04-06T23:45:35.351+0000] {logging_mixin.py:188} INFO - [2024-04-06T23:45:35.351+0000] {dag.py:3834} INFO - Setting next_dagrun for example_short_circuit_operator to 2024-04-05 00:00:00+00:00, run_after=2024-04-06 00:00:00+00:00
[2024-04-06T23:45:35.381+0000] {processor.py:183} INFO - Processing /home/malangdataguy/miniconda3/envs/airflow_mdg/lib/python3.8/site-packages/airflow/example_dags/example_short_circuit_operator.py took 0.109 seconds
[2024-04-06T23:46:16.876+0000] {processor.py:161} INFO - Started process (PID=69654) to work on /home/malangdataguy/miniconda3/envs/airflow_mdg/lib/python3.8/site-packages/airflow/example_dags/example_short_circuit_operator.py
[2024-04-06T23:46:16.879+0000] {processor.py:830} INFO - Processing file /home/malangdataguy/miniconda3/envs/airflow_mdg/lib/python3.8/site-packages/airflow/example_dags/example_short_circuit_operator.py for tasks to queue
[2024-04-06T23:46:16.880+0000] {logging_mixin.py:188} INFO - [2024-04-06T23:46:16.880+0000] {dagbag.py:540} INFO - Filling up the DagBag from /home/malangdataguy/miniconda3/envs/airflow_mdg/lib/python3.8/site-packages/airflow/example_dags/example_short_circuit_operator.py
[2024-04-06T23:46:16.893+0000] {processor.py:840} INFO - DAG(s) 'example_short_circuit_operator' retrieved from /home/malangdataguy/miniconda3/envs/airflow_mdg/lib/python3.8/site-packages/airflow/example_dags/example_short_circuit_operator.py
[2024-04-06T23:46:16.919+0000] {logging_mixin.py:188} INFO - [2024-04-06T23:46:16.919+0000] {dag.py:3047} INFO - Sync 1 DAGs
[2024-04-06T23:46:16.945+0000] {logging_mixin.py:188} INFO - [2024-04-06T23:46:16.944+0000] {dag.py:3834} INFO - Setting next_dagrun for example_short_circuit_operator to 2024-04-05 00:00:00+00:00, run_after=2024-04-06 00:00:00+00:00
[2024-04-06T23:46:16.973+0000] {processor.py:183} INFO - Processing /home/malangdataguy/miniconda3/envs/airflow_mdg/lib/python3.8/site-packages/airflow/example_dags/example_short_circuit_operator.py took 0.102 seconds
[2024-04-06T23:47:06.749+0000] {processor.py:161} INFO - Started process (PID=69735) to work on /home/malangdataguy/miniconda3/envs/airflow_mdg/lib/python3.8/site-packages/airflow/example_dags/example_short_circuit_operator.py
[2024-04-06T23:47:06.751+0000] {processor.py:830} INFO - Processing file /home/malangdataguy/miniconda3/envs/airflow_mdg/lib/python3.8/site-packages/airflow/example_dags/example_short_circuit_operator.py for tasks to queue
[2024-04-06T23:47:06.753+0000] {logging_mixin.py:188} INFO - [2024-04-06T23:47:06.752+0000] {dagbag.py:540} INFO - Filling up the DagBag from /home/malangdataguy/miniconda3/envs/airflow_mdg/lib/python3.8/site-packages/airflow/example_dags/example_short_circuit_operator.py
[2024-04-06T23:47:06.766+0000] {processor.py:840} INFO - DAG(s) 'example_short_circuit_operator' retrieved from /home/malangdataguy/miniconda3/envs/airflow_mdg/lib/python3.8/site-packages/airflow/example_dags/example_short_circuit_operator.py
[2024-04-06T23:47:06.795+0000] {logging_mixin.py:188} INFO - [2024-04-06T23:47:06.795+0000] {dag.py:3047} INFO - Sync 1 DAGs
[2024-04-06T23:47:06.824+0000] {logging_mixin.py:188} INFO - [2024-04-06T23:47:06.823+0000] {dag.py:3834} INFO - Setting next_dagrun for example_short_circuit_operator to 2024-04-05 00:00:00+00:00, run_after=2024-04-06 00:00:00+00:00
[2024-04-06T23:47:06.856+0000] {processor.py:183} INFO - Processing /home/malangdataguy/miniconda3/envs/airflow_mdg/lib/python3.8/site-packages/airflow/example_dags/example_short_circuit_operator.py took 0.113 seconds
[2024-04-06T23:47:46.236+0000] {processor.py:161} INFO - Started process (PID=69776) to work on /home/malangdataguy/miniconda3/envs/airflow_mdg/lib/python3.8/site-packages/airflow/example_dags/example_short_circuit_operator.py
[2024-04-06T23:47:46.238+0000] {processor.py:830} INFO - Processing file /home/malangdataguy/miniconda3/envs/airflow_mdg/lib/python3.8/site-packages/airflow/example_dags/example_short_circuit_operator.py for tasks to queue
[2024-04-06T23:47:46.240+0000] {logging_mixin.py:188} INFO - [2024-04-06T23:47:46.239+0000] {dagbag.py:540} INFO - Filling up the DagBag from /home/malangdataguy/miniconda3/envs/airflow_mdg/lib/python3.8/site-packages/airflow/example_dags/example_short_circuit_operator.py
[2024-04-06T23:47:46.252+0000] {processor.py:840} INFO - DAG(s) 'example_short_circuit_operator' retrieved from /home/malangdataguy/miniconda3/envs/airflow_mdg/lib/python3.8/site-packages/airflow/example_dags/example_short_circuit_operator.py
[2024-04-06T23:47:46.279+0000] {logging_mixin.py:188} INFO - [2024-04-06T23:47:46.278+0000] {dag.py:3047} INFO - Sync 1 DAGs
[2024-04-06T23:47:46.305+0000] {logging_mixin.py:188} INFO - [2024-04-06T23:47:46.305+0000] {dag.py:3834} INFO - Setting next_dagrun for example_short_circuit_operator to 2024-04-05 00:00:00+00:00, run_after=2024-04-06 00:00:00+00:00
[2024-04-06T23:47:46.333+0000] {processor.py:183} INFO - Processing /home/malangdataguy/miniconda3/envs/airflow_mdg/lib/python3.8/site-packages/airflow/example_dags/example_short_circuit_operator.py took 0.102 seconds
[2024-04-06T23:48:29.249+0000] {processor.py:161} INFO - Started process (PID=69824) to work on /home/malangdataguy/miniconda3/envs/airflow_mdg/lib/python3.8/site-packages/airflow/example_dags/example_short_circuit_operator.py
[2024-04-06T23:48:29.252+0000] {processor.py:830} INFO - Processing file /home/malangdataguy/miniconda3/envs/airflow_mdg/lib/python3.8/site-packages/airflow/example_dags/example_short_circuit_operator.py for tasks to queue
[2024-04-06T23:48:29.254+0000] {logging_mixin.py:188} INFO - [2024-04-06T23:48:29.253+0000] {dagbag.py:540} INFO - Filling up the DagBag from /home/malangdataguy/miniconda3/envs/airflow_mdg/lib/python3.8/site-packages/airflow/example_dags/example_short_circuit_operator.py
[2024-04-06T23:48:29.272+0000] {processor.py:840} INFO - DAG(s) 'example_short_circuit_operator' retrieved from /home/malangdataguy/miniconda3/envs/airflow_mdg/lib/python3.8/site-packages/airflow/example_dags/example_short_circuit_operator.py
[2024-04-06T23:48:29.310+0000] {logging_mixin.py:188} INFO - [2024-04-06T23:48:29.310+0000] {dag.py:3047} INFO - Sync 1 DAGs
[2024-04-06T23:48:29.342+0000] {logging_mixin.py:188} INFO - [2024-04-06T23:48:29.341+0000] {dag.py:3834} INFO - Setting next_dagrun for example_short_circuit_operator to 2024-04-05 00:00:00+00:00, run_after=2024-04-06 00:00:00+00:00
[2024-04-06T23:48:29.375+0000] {processor.py:183} INFO - Processing /home/malangdataguy/miniconda3/envs/airflow_mdg/lib/python3.8/site-packages/airflow/example_dags/example_short_circuit_operator.py took 0.132 seconds
[2024-04-06T23:49:11.290+0000] {processor.py:161} INFO - Started process (PID=69865) to work on /home/malangdataguy/miniconda3/envs/airflow_mdg/lib/python3.8/site-packages/airflow/example_dags/example_short_circuit_operator.py
[2024-04-06T23:49:11.293+0000] {processor.py:830} INFO - Processing file /home/malangdataguy/miniconda3/envs/airflow_mdg/lib/python3.8/site-packages/airflow/example_dags/example_short_circuit_operator.py for tasks to queue
[2024-04-06T23:49:11.294+0000] {logging_mixin.py:188} INFO - [2024-04-06T23:49:11.294+0000] {dagbag.py:540} INFO - Filling up the DagBag from /home/malangdataguy/miniconda3/envs/airflow_mdg/lib/python3.8/site-packages/airflow/example_dags/example_short_circuit_operator.py
[2024-04-06T23:49:11.306+0000] {processor.py:840} INFO - DAG(s) 'example_short_circuit_operator' retrieved from /home/malangdataguy/miniconda3/envs/airflow_mdg/lib/python3.8/site-packages/airflow/example_dags/example_short_circuit_operator.py
[2024-04-06T23:49:11.332+0000] {logging_mixin.py:188} INFO - [2024-04-06T23:49:11.331+0000] {dag.py:3047} INFO - Sync 1 DAGs
[2024-04-06T23:49:11.355+0000] {logging_mixin.py:188} INFO - [2024-04-06T23:49:11.355+0000] {dag.py:3834} INFO - Setting next_dagrun for example_short_circuit_operator to 2024-04-05 00:00:00+00:00, run_after=2024-04-06 00:00:00+00:00
[2024-04-06T23:49:11.383+0000] {processor.py:183} INFO - Processing /home/malangdataguy/miniconda3/envs/airflow_mdg/lib/python3.8/site-packages/airflow/example_dags/example_short_circuit_operator.py took 0.098 seconds
[2024-04-06T23:49:54.290+0000] {processor.py:161} INFO - Started process (PID=69911) to work on /home/malangdataguy/miniconda3/envs/airflow_mdg/lib/python3.8/site-packages/airflow/example_dags/example_short_circuit_operator.py
[2024-04-06T23:49:54.293+0000] {processor.py:830} INFO - Processing file /home/malangdataguy/miniconda3/envs/airflow_mdg/lib/python3.8/site-packages/airflow/example_dags/example_short_circuit_operator.py for tasks to queue
[2024-04-06T23:49:54.294+0000] {logging_mixin.py:188} INFO - [2024-04-06T23:49:54.294+0000] {dagbag.py:540} INFO - Filling up the DagBag from /home/malangdataguy/miniconda3/envs/airflow_mdg/lib/python3.8/site-packages/airflow/example_dags/example_short_circuit_operator.py
[2024-04-06T23:49:54.306+0000] {processor.py:840} INFO - DAG(s) 'example_short_circuit_operator' retrieved from /home/malangdataguy/miniconda3/envs/airflow_mdg/lib/python3.8/site-packages/airflow/example_dags/example_short_circuit_operator.py
[2024-04-06T23:49:54.331+0000] {logging_mixin.py:188} INFO - [2024-04-06T23:49:54.331+0000] {dag.py:3047} INFO - Sync 1 DAGs
[2024-04-06T23:49:54.356+0000] {logging_mixin.py:188} INFO - [2024-04-06T23:49:54.356+0000] {dag.py:3834} INFO - Setting next_dagrun for example_short_circuit_operator to 2024-04-05 00:00:00+00:00, run_after=2024-04-06 00:00:00+00:00
[2024-04-06T23:49:54.386+0000] {processor.py:183} INFO - Processing /home/malangdataguy/miniconda3/envs/airflow_mdg/lib/python3.8/site-packages/airflow/example_dags/example_short_circuit_operator.py took 0.101 seconds
[2024-04-06T23:50:32.528+0000] {processor.py:161} INFO - Started process (PID=69950) to work on /home/malangdataguy/miniconda3/envs/airflow_mdg/lib/python3.8/site-packages/airflow/example_dags/example_short_circuit_operator.py
[2024-04-06T23:50:32.531+0000] {processor.py:830} INFO - Processing file /home/malangdataguy/miniconda3/envs/airflow_mdg/lib/python3.8/site-packages/airflow/example_dags/example_short_circuit_operator.py for tasks to queue
[2024-04-06T23:50:32.532+0000] {logging_mixin.py:188} INFO - [2024-04-06T23:50:32.532+0000] {dagbag.py:540} INFO - Filling up the DagBag from /home/malangdataguy/miniconda3/envs/airflow_mdg/lib/python3.8/site-packages/airflow/example_dags/example_short_circuit_operator.py
[2024-04-06T23:50:32.544+0000] {processor.py:840} INFO - DAG(s) 'example_short_circuit_operator' retrieved from /home/malangdataguy/miniconda3/envs/airflow_mdg/lib/python3.8/site-packages/airflow/example_dags/example_short_circuit_operator.py
[2024-04-06T23:50:32.570+0000] {logging_mixin.py:188} INFO - [2024-04-06T23:50:32.569+0000] {dag.py:3047} INFO - Sync 1 DAGs
[2024-04-06T23:50:32.595+0000] {logging_mixin.py:188} INFO - [2024-04-06T23:50:32.595+0000] {dag.py:3834} INFO - Setting next_dagrun for example_short_circuit_operator to 2024-04-05 00:00:00+00:00, run_after=2024-04-06 00:00:00+00:00
[2024-04-06T23:50:32.623+0000] {processor.py:183} INFO - Processing /home/malangdataguy/miniconda3/envs/airflow_mdg/lib/python3.8/site-packages/airflow/example_dags/example_short_circuit_operator.py took 0.099 seconds
[2024-04-06T23:51:16.333+0000] {processor.py:161} INFO - Started process (PID=69995) to work on /home/malangdataguy/miniconda3/envs/airflow_mdg/lib/python3.8/site-packages/airflow/example_dags/example_short_circuit_operator.py
[2024-04-06T23:51:16.335+0000] {processor.py:830} INFO - Processing file /home/malangdataguy/miniconda3/envs/airflow_mdg/lib/python3.8/site-packages/airflow/example_dags/example_short_circuit_operator.py for tasks to queue
[2024-04-06T23:51:16.337+0000] {logging_mixin.py:188} INFO - [2024-04-06T23:51:16.336+0000] {dagbag.py:540} INFO - Filling up the DagBag from /home/malangdataguy/miniconda3/envs/airflow_mdg/lib/python3.8/site-packages/airflow/example_dags/example_short_circuit_operator.py
[2024-04-06T23:51:16.349+0000] {processor.py:840} INFO - DAG(s) 'example_short_circuit_operator' retrieved from /home/malangdataguy/miniconda3/envs/airflow_mdg/lib/python3.8/site-packages/airflow/example_dags/example_short_circuit_operator.py
[2024-04-06T23:51:16.376+0000] {logging_mixin.py:188} INFO - [2024-04-06T23:51:16.376+0000] {dag.py:3047} INFO - Sync 1 DAGs
[2024-04-06T23:51:16.402+0000] {logging_mixin.py:188} INFO - [2024-04-06T23:51:16.402+0000] {dag.py:3834} INFO - Setting next_dagrun for example_short_circuit_operator to 2024-04-05 00:00:00+00:00, run_after=2024-04-06 00:00:00+00:00
[2024-04-06T23:51:16.430+0000] {processor.py:183} INFO - Processing /home/malangdataguy/miniconda3/envs/airflow_mdg/lib/python3.8/site-packages/airflow/example_dags/example_short_circuit_operator.py took 0.102 seconds
[2024-04-06T23:51:58.998+0000] {processor.py:161} INFO - Started process (PID=70038) to work on /home/malangdataguy/miniconda3/envs/airflow_mdg/lib/python3.8/site-packages/airflow/example_dags/example_short_circuit_operator.py
[2024-04-06T23:51:59.001+0000] {processor.py:830} INFO - Processing file /home/malangdataguy/miniconda3/envs/airflow_mdg/lib/python3.8/site-packages/airflow/example_dags/example_short_circuit_operator.py for tasks to queue
[2024-04-06T23:51:59.002+0000] {logging_mixin.py:188} INFO - [2024-04-06T23:51:59.002+0000] {dagbag.py:540} INFO - Filling up the DagBag from /home/malangdataguy/miniconda3/envs/airflow_mdg/lib/python3.8/site-packages/airflow/example_dags/example_short_circuit_operator.py
[2024-04-06T23:51:59.015+0000] {processor.py:840} INFO - DAG(s) 'example_short_circuit_operator' retrieved from /home/malangdataguy/miniconda3/envs/airflow_mdg/lib/python3.8/site-packages/airflow/example_dags/example_short_circuit_operator.py
[2024-04-06T23:51:59.044+0000] {logging_mixin.py:188} INFO - [2024-04-06T23:51:59.044+0000] {dag.py:3047} INFO - Sync 1 DAGs
[2024-04-06T23:51:59.077+0000] {logging_mixin.py:188} INFO - [2024-04-06T23:51:59.077+0000] {dag.py:3834} INFO - Setting next_dagrun for example_short_circuit_operator to 2024-04-05 00:00:00+00:00, run_after=2024-04-06 00:00:00+00:00
[2024-04-06T23:51:59.119+0000] {processor.py:183} INFO - Processing /home/malangdataguy/miniconda3/envs/airflow_mdg/lib/python3.8/site-packages/airflow/example_dags/example_short_circuit_operator.py took 0.126 seconds
[2024-04-06T23:52:42.773+0000] {processor.py:161} INFO - Started process (PID=70083) to work on /home/malangdataguy/miniconda3/envs/airflow_mdg/lib/python3.8/site-packages/airflow/example_dags/example_short_circuit_operator.py
[2024-04-06T23:52:42.776+0000] {processor.py:830} INFO - Processing file /home/malangdataguy/miniconda3/envs/airflow_mdg/lib/python3.8/site-packages/airflow/example_dags/example_short_circuit_operator.py for tasks to queue
[2024-04-06T23:52:42.777+0000] {logging_mixin.py:188} INFO - [2024-04-06T23:52:42.776+0000] {dagbag.py:540} INFO - Filling up the DagBag from /home/malangdataguy/miniconda3/envs/airflow_mdg/lib/python3.8/site-packages/airflow/example_dags/example_short_circuit_operator.py
[2024-04-06T23:52:42.789+0000] {processor.py:840} INFO - DAG(s) 'example_short_circuit_operator' retrieved from /home/malangdataguy/miniconda3/envs/airflow_mdg/lib/python3.8/site-packages/airflow/example_dags/example_short_circuit_operator.py
[2024-04-06T23:52:42.816+0000] {logging_mixin.py:188} INFO - [2024-04-06T23:52:42.815+0000] {dag.py:3047} INFO - Sync 1 DAGs
[2024-04-06T23:52:42.841+0000] {logging_mixin.py:188} INFO - [2024-04-06T23:52:42.841+0000] {dag.py:3834} INFO - Setting next_dagrun for example_short_circuit_operator to 2024-04-05 00:00:00+00:00, run_after=2024-04-06 00:00:00+00:00
[2024-04-06T23:52:42.873+0000] {processor.py:183} INFO - Processing /home/malangdataguy/miniconda3/envs/airflow_mdg/lib/python3.8/site-packages/airflow/example_dags/example_short_circuit_operator.py took 0.105 seconds
[2024-04-06T23:53:28.144+0000] {processor.py:161} INFO - Started process (PID=70130) to work on /home/malangdataguy/miniconda3/envs/airflow_mdg/lib/python3.8/site-packages/airflow/example_dags/example_short_circuit_operator.py
[2024-04-06T23:53:28.147+0000] {processor.py:830} INFO - Processing file /home/malangdataguy/miniconda3/envs/airflow_mdg/lib/python3.8/site-packages/airflow/example_dags/example_short_circuit_operator.py for tasks to queue
[2024-04-06T23:53:28.149+0000] {logging_mixin.py:188} INFO - [2024-04-06T23:53:28.148+0000] {dagbag.py:540} INFO - Filling up the DagBag from /home/malangdataguy/miniconda3/envs/airflow_mdg/lib/python3.8/site-packages/airflow/example_dags/example_short_circuit_operator.py
[2024-04-06T23:53:28.163+0000] {processor.py:840} INFO - DAG(s) 'example_short_circuit_operator' retrieved from /home/malangdataguy/miniconda3/envs/airflow_mdg/lib/python3.8/site-packages/airflow/example_dags/example_short_circuit_operator.py
[2024-04-06T23:53:28.193+0000] {logging_mixin.py:188} INFO - [2024-04-06T23:53:28.192+0000] {dag.py:3047} INFO - Sync 1 DAGs
[2024-04-06T23:53:28.222+0000] {logging_mixin.py:188} INFO - [2024-04-06T23:53:28.222+0000] {dag.py:3834} INFO - Setting next_dagrun for example_short_circuit_operator to 2024-04-05 00:00:00+00:00, run_after=2024-04-06 00:00:00+00:00
[2024-04-06T23:53:28.255+0000] {processor.py:183} INFO - Processing /home/malangdataguy/miniconda3/envs/airflow_mdg/lib/python3.8/site-packages/airflow/example_dags/example_short_circuit_operator.py took 0.116 seconds
[2024-04-06T23:54:12.338+0000] {processor.py:161} INFO - Started process (PID=70207) to work on /home/malangdataguy/miniconda3/envs/airflow_mdg/lib/python3.8/site-packages/airflow/example_dags/example_short_circuit_operator.py
[2024-04-06T23:54:12.341+0000] {processor.py:830} INFO - Processing file /home/malangdataguy/miniconda3/envs/airflow_mdg/lib/python3.8/site-packages/airflow/example_dags/example_short_circuit_operator.py for tasks to queue
[2024-04-06T23:54:12.342+0000] {logging_mixin.py:188} INFO - [2024-04-06T23:54:12.342+0000] {dagbag.py:540} INFO - Filling up the DagBag from /home/malangdataguy/miniconda3/envs/airflow_mdg/lib/python3.8/site-packages/airflow/example_dags/example_short_circuit_operator.py
[2024-04-06T23:54:12.355+0000] {processor.py:840} INFO - DAG(s) 'example_short_circuit_operator' retrieved from /home/malangdataguy/miniconda3/envs/airflow_mdg/lib/python3.8/site-packages/airflow/example_dags/example_short_circuit_operator.py
[2024-04-06T23:54:12.381+0000] {logging_mixin.py:188} INFO - [2024-04-06T23:54:12.380+0000] {dag.py:3047} INFO - Sync 1 DAGs
[2024-04-06T23:54:12.408+0000] {logging_mixin.py:188} INFO - [2024-04-06T23:54:12.408+0000] {dag.py:3834} INFO - Setting next_dagrun for example_short_circuit_operator to 2024-04-05 00:00:00+00:00, run_after=2024-04-06 00:00:00+00:00
[2024-04-06T23:54:12.438+0000] {processor.py:183} INFO - Processing /home/malangdataguy/miniconda3/envs/airflow_mdg/lib/python3.8/site-packages/airflow/example_dags/example_short_circuit_operator.py took 0.105 seconds
[2024-04-06T23:54:53.512+0000] {processor.py:161} INFO - Started process (PID=70251) to work on /home/malangdataguy/miniconda3/envs/airflow_mdg/lib/python3.8/site-packages/airflow/example_dags/example_short_circuit_operator.py
[2024-04-06T23:54:53.515+0000] {processor.py:830} INFO - Processing file /home/malangdataguy/miniconda3/envs/airflow_mdg/lib/python3.8/site-packages/airflow/example_dags/example_short_circuit_operator.py for tasks to queue
[2024-04-06T23:54:53.516+0000] {logging_mixin.py:188} INFO - [2024-04-06T23:54:53.516+0000] {dagbag.py:540} INFO - Filling up the DagBag from /home/malangdataguy/miniconda3/envs/airflow_mdg/lib/python3.8/site-packages/airflow/example_dags/example_short_circuit_operator.py
[2024-04-06T23:54:53.530+0000] {processor.py:840} INFO - DAG(s) 'example_short_circuit_operator' retrieved from /home/malangdataguy/miniconda3/envs/airflow_mdg/lib/python3.8/site-packages/airflow/example_dags/example_short_circuit_operator.py
[2024-04-06T23:54:53.559+0000] {logging_mixin.py:188} INFO - [2024-04-06T23:54:53.559+0000] {dag.py:3047} INFO - Sync 1 DAGs
[2024-04-06T23:54:53.586+0000] {logging_mixin.py:188} INFO - [2024-04-06T23:54:53.586+0000] {dag.py:3834} INFO - Setting next_dagrun for example_short_circuit_operator to 2024-04-05 00:00:00+00:00, run_after=2024-04-06 00:00:00+00:00
[2024-04-06T23:54:53.616+0000] {processor.py:183} INFO - Processing /home/malangdataguy/miniconda3/envs/airflow_mdg/lib/python3.8/site-packages/airflow/example_dags/example_short_circuit_operator.py took 0.110 seconds
[2024-04-06T23:55:35.834+0000] {processor.py:161} INFO - Started process (PID=70293) to work on /home/malangdataguy/miniconda3/envs/airflow_mdg/lib/python3.8/site-packages/airflow/example_dags/example_short_circuit_operator.py
[2024-04-06T23:55:35.837+0000] {processor.py:830} INFO - Processing file /home/malangdataguy/miniconda3/envs/airflow_mdg/lib/python3.8/site-packages/airflow/example_dags/example_short_circuit_operator.py for tasks to queue
[2024-04-06T23:55:35.838+0000] {logging_mixin.py:188} INFO - [2024-04-06T23:55:35.838+0000] {dagbag.py:540} INFO - Filling up the DagBag from /home/malangdataguy/miniconda3/envs/airflow_mdg/lib/python3.8/site-packages/airflow/example_dags/example_short_circuit_operator.py
[2024-04-06T23:55:35.851+0000] {processor.py:840} INFO - DAG(s) 'example_short_circuit_operator' retrieved from /home/malangdataguy/miniconda3/envs/airflow_mdg/lib/python3.8/site-packages/airflow/example_dags/example_short_circuit_operator.py
[2024-04-06T23:55:35.879+0000] {logging_mixin.py:188} INFO - [2024-04-06T23:55:35.879+0000] {dag.py:3047} INFO - Sync 1 DAGs
[2024-04-06T23:55:35.905+0000] {logging_mixin.py:188} INFO - [2024-04-06T23:55:35.904+0000] {dag.py:3834} INFO - Setting next_dagrun for example_short_circuit_operator to 2024-04-05 00:00:00+00:00, run_after=2024-04-06 00:00:00+00:00
[2024-04-06T23:55:35.935+0000] {processor.py:183} INFO - Processing /home/malangdataguy/miniconda3/envs/airflow_mdg/lib/python3.8/site-packages/airflow/example_dags/example_short_circuit_operator.py took 0.106 seconds
