[2024-04-06T23:09:55.151+0000] {processor.py:161} INFO - Started process (PID=68404) to work on /home/malangdataguy/miniconda3/envs/airflow_mdg/lib/python3.8/site-packages/airflow/example_dags/example_branch_labels.py
[2024-04-06T23:09:55.153+0000] {processor.py:830} INFO - Processing file /home/malangdataguy/miniconda3/envs/airflow_mdg/lib/python3.8/site-packages/airflow/example_dags/example_branch_labels.py for tasks to queue
[2024-04-06T23:09:55.154+0000] {logging_mixin.py:188} INFO - [2024-04-06T23:09:55.154+0000] {dagbag.py:540} INFO - Filling up the DagBag from /home/malangdataguy/miniconda3/envs/airflow_mdg/lib/python3.8/site-packages/airflow/example_dags/example_branch_labels.py
[2024-04-06T23:09:55.168+0000] {processor.py:840} INFO - DAG(s) 'example_branch_labels' retrieved from /home/malangdataguy/miniconda3/envs/airflow_mdg/lib/python3.8/site-packages/airflow/example_dags/example_branch_labels.py
[2024-04-06T23:09:55.292+0000] {logging_mixin.py:188} INFO - [2024-04-06T23:09:55.292+0000] {dag.py:3047} INFO - Sync 1 DAGs
[2024-04-06T23:09:55.316+0000] {logging_mixin.py:188} INFO - [2024-04-06T23:09:55.316+0000] {dag.py:3834} INFO - Setting next_dagrun for example_branch_labels to 2024-04-05 00:00:00+00:00, run_after=2024-04-06 00:00:00+00:00
[2024-04-06T23:09:55.346+0000] {processor.py:183} INFO - Processing /home/malangdataguy/miniconda3/envs/airflow_mdg/lib/python3.8/site-packages/airflow/example_dags/example_branch_labels.py took 0.200 seconds
[2024-04-06T23:11:03.387+0000] {processor.py:161} INFO - Started process (PID=68481) to work on /home/malangdataguy/miniconda3/envs/airflow_mdg/lib/python3.8/site-packages/airflow/example_dags/example_branch_labels.py
[2024-04-06T23:11:03.389+0000] {processor.py:830} INFO - Processing file /home/malangdataguy/miniconda3/envs/airflow_mdg/lib/python3.8/site-packages/airflow/example_dags/example_branch_labels.py for tasks to queue
[2024-04-06T23:11:03.391+0000] {logging_mixin.py:188} INFO - [2024-04-06T23:11:03.390+0000] {dagbag.py:540} INFO - Filling up the DagBag from /home/malangdataguy/miniconda3/envs/airflow_mdg/lib/python3.8/site-packages/airflow/example_dags/example_branch_labels.py
[2024-04-06T23:11:03.403+0000] {processor.py:840} INFO - DAG(s) 'example_branch_labels' retrieved from /home/malangdataguy/miniconda3/envs/airflow_mdg/lib/python3.8/site-packages/airflow/example_dags/example_branch_labels.py
[2024-04-06T23:11:03.433+0000] {logging_mixin.py:188} INFO - [2024-04-06T23:11:03.432+0000] {dag.py:3047} INFO - Sync 1 DAGs
[2024-04-06T23:11:03.465+0000] {logging_mixin.py:188} INFO - [2024-04-06T23:11:03.464+0000] {dag.py:3834} INFO - Setting next_dagrun for example_branch_labels to 2024-04-05 00:00:00+00:00, run_after=2024-04-06 00:00:00+00:00
[2024-04-06T23:11:03.498+0000] {processor.py:183} INFO - Processing /home/malangdataguy/miniconda3/envs/airflow_mdg/lib/python3.8/site-packages/airflow/example_dags/example_branch_labels.py took 0.117 seconds
[2024-04-06T23:12:04.505+0000] {processor.py:161} INFO - Started process (PID=68542) to work on /home/malangdataguy/miniconda3/envs/airflow_mdg/lib/python3.8/site-packages/airflow/example_dags/example_branch_labels.py
[2024-04-06T23:12:04.508+0000] {processor.py:830} INFO - Processing file /home/malangdataguy/miniconda3/envs/airflow_mdg/lib/python3.8/site-packages/airflow/example_dags/example_branch_labels.py for tasks to queue
[2024-04-06T23:12:04.510+0000] {logging_mixin.py:188} INFO - [2024-04-06T23:12:04.509+0000] {dagbag.py:540} INFO - Filling up the DagBag from /home/malangdataguy/miniconda3/envs/airflow_mdg/lib/python3.8/site-packages/airflow/example_dags/example_branch_labels.py
[2024-04-06T23:12:04.523+0000] {processor.py:840} INFO - DAG(s) 'example_branch_labels' retrieved from /home/malangdataguy/miniconda3/envs/airflow_mdg/lib/python3.8/site-packages/airflow/example_dags/example_branch_labels.py
[2024-04-06T23:12:04.552+0000] {logging_mixin.py:188} INFO - [2024-04-06T23:12:04.552+0000] {dag.py:3047} INFO - Sync 1 DAGs
[2024-04-06T23:12:04.582+0000] {logging_mixin.py:188} INFO - [2024-04-06T23:12:04.581+0000] {dag.py:3834} INFO - Setting next_dagrun for example_branch_labels to 2024-04-05 00:00:00+00:00, run_after=2024-04-06 00:00:00+00:00
[2024-04-06T23:12:04.617+0000] {processor.py:183} INFO - Processing /home/malangdataguy/miniconda3/envs/airflow_mdg/lib/python3.8/site-packages/airflow/example_dags/example_branch_labels.py took 0.118 seconds
[2024-04-06T23:13:08.429+0000] {processor.py:161} INFO - Started process (PID=68607) to work on /home/malangdataguy/miniconda3/envs/airflow_mdg/lib/python3.8/site-packages/airflow/example_dags/example_branch_labels.py
[2024-04-06T23:13:08.432+0000] {processor.py:830} INFO - Processing file /home/malangdataguy/miniconda3/envs/airflow_mdg/lib/python3.8/site-packages/airflow/example_dags/example_branch_labels.py for tasks to queue
[2024-04-06T23:13:08.433+0000] {logging_mixin.py:188} INFO - [2024-04-06T23:13:08.433+0000] {dagbag.py:540} INFO - Filling up the DagBag from /home/malangdataguy/miniconda3/envs/airflow_mdg/lib/python3.8/site-packages/airflow/example_dags/example_branch_labels.py
[2024-04-06T23:13:08.446+0000] {processor.py:840} INFO - DAG(s) 'example_branch_labels' retrieved from /home/malangdataguy/miniconda3/envs/airflow_mdg/lib/python3.8/site-packages/airflow/example_dags/example_branch_labels.py
[2024-04-06T23:13:08.476+0000] {logging_mixin.py:188} INFO - [2024-04-06T23:13:08.476+0000] {dag.py:3047} INFO - Sync 1 DAGs
[2024-04-06T23:13:08.505+0000] {logging_mixin.py:188} INFO - [2024-04-06T23:13:08.505+0000] {dag.py:3834} INFO - Setting next_dagrun for example_branch_labels to 2024-04-05 00:00:00+00:00, run_after=2024-04-06 00:00:00+00:00
[2024-04-06T23:13:08.537+0000] {processor.py:183} INFO - Processing /home/malangdataguy/miniconda3/envs/airflow_mdg/lib/python3.8/site-packages/airflow/example_dags/example_branch_labels.py took 0.113 seconds
[2024-04-06T23:14:09.330+0000] {processor.py:161} INFO - Started process (PID=68670) to work on /home/malangdataguy/miniconda3/envs/airflow_mdg/lib/python3.8/site-packages/airflow/example_dags/example_branch_labels.py
[2024-04-06T23:14:09.333+0000] {processor.py:830} INFO - Processing file /home/malangdataguy/miniconda3/envs/airflow_mdg/lib/python3.8/site-packages/airflow/example_dags/example_branch_labels.py for tasks to queue
[2024-04-06T23:14:09.335+0000] {logging_mixin.py:188} INFO - [2024-04-06T23:14:09.334+0000] {dagbag.py:540} INFO - Filling up the DagBag from /home/malangdataguy/miniconda3/envs/airflow_mdg/lib/python3.8/site-packages/airflow/example_dags/example_branch_labels.py
[2024-04-06T23:14:09.350+0000] {processor.py:840} INFO - DAG(s) 'example_branch_labels' retrieved from /home/malangdataguy/miniconda3/envs/airflow_mdg/lib/python3.8/site-packages/airflow/example_dags/example_branch_labels.py
[2024-04-06T23:14:09.375+0000] {logging_mixin.py:188} INFO - [2024-04-06T23:14:09.375+0000] {dag.py:3047} INFO - Sync 1 DAGs
[2024-04-06T23:14:09.403+0000] {logging_mixin.py:188} INFO - [2024-04-06T23:14:09.403+0000] {dag.py:3834} INFO - Setting next_dagrun for example_branch_labels to 2024-04-05 00:00:00+00:00, run_after=2024-04-06 00:00:00+00:00
[2024-04-06T23:14:09.438+0000] {processor.py:183} INFO - Processing /home/malangdataguy/miniconda3/envs/airflow_mdg/lib/python3.8/site-packages/airflow/example_dags/example_branch_labels.py took 0.113 seconds
[2024-04-06T23:15:12.363+0000] {processor.py:161} INFO - Started process (PID=68734) to work on /home/malangdataguy/miniconda3/envs/airflow_mdg/lib/python3.8/site-packages/airflow/example_dags/example_branch_labels.py
[2024-04-06T23:15:12.366+0000] {processor.py:830} INFO - Processing file /home/malangdataguy/miniconda3/envs/airflow_mdg/lib/python3.8/site-packages/airflow/example_dags/example_branch_labels.py for tasks to queue
[2024-04-06T23:15:12.367+0000] {logging_mixin.py:188} INFO - [2024-04-06T23:15:12.367+0000] {dagbag.py:540} INFO - Filling up the DagBag from /home/malangdataguy/miniconda3/envs/airflow_mdg/lib/python3.8/site-packages/airflow/example_dags/example_branch_labels.py
[2024-04-06T23:15:12.380+0000] {processor.py:840} INFO - DAG(s) 'example_branch_labels' retrieved from /home/malangdataguy/miniconda3/envs/airflow_mdg/lib/python3.8/site-packages/airflow/example_dags/example_branch_labels.py
[2024-04-06T23:15:12.409+0000] {logging_mixin.py:188} INFO - [2024-04-06T23:15:12.408+0000] {dag.py:3047} INFO - Sync 1 DAGs
[2024-04-06T23:15:12.438+0000] {logging_mixin.py:188} INFO - [2024-04-06T23:15:12.438+0000] {dag.py:3834} INFO - Setting next_dagrun for example_branch_labels to 2024-04-05 00:00:00+00:00, run_after=2024-04-06 00:00:00+00:00
[2024-04-06T23:15:12.473+0000] {processor.py:183} INFO - Processing /home/malangdataguy/miniconda3/envs/airflow_mdg/lib/python3.8/site-packages/airflow/example_dags/example_branch_labels.py took 0.115 seconds
[2024-04-06T23:16:09.687+0000] {processor.py:161} INFO - Started process (PID=68794) to work on /home/malangdataguy/miniconda3/envs/airflow_mdg/lib/python3.8/site-packages/airflow/example_dags/example_branch_labels.py
[2024-04-06T23:16:09.690+0000] {processor.py:830} INFO - Processing file /home/malangdataguy/miniconda3/envs/airflow_mdg/lib/python3.8/site-packages/airflow/example_dags/example_branch_labels.py for tasks to queue
[2024-04-06T23:16:09.691+0000] {logging_mixin.py:188} INFO - [2024-04-06T23:16:09.691+0000] {dagbag.py:540} INFO - Filling up the DagBag from /home/malangdataguy/miniconda3/envs/airflow_mdg/lib/python3.8/site-packages/airflow/example_dags/example_branch_labels.py
[2024-04-06T23:16:09.705+0000] {processor.py:840} INFO - DAG(s) 'example_branch_labels' retrieved from /home/malangdataguy/miniconda3/envs/airflow_mdg/lib/python3.8/site-packages/airflow/example_dags/example_branch_labels.py
[2024-04-06T23:16:09.736+0000] {logging_mixin.py:188} INFO - [2024-04-06T23:16:09.735+0000] {dag.py:3047} INFO - Sync 1 DAGs
[2024-04-06T23:16:09.765+0000] {logging_mixin.py:188} INFO - [2024-04-06T23:16:09.764+0000] {dag.py:3834} INFO - Setting next_dagrun for example_branch_labels to 2024-04-05 00:00:00+00:00, run_after=2024-04-06 00:00:00+00:00
[2024-04-06T23:16:09.798+0000] {processor.py:183} INFO - Processing /home/malangdataguy/miniconda3/envs/airflow_mdg/lib/python3.8/site-packages/airflow/example_dags/example_branch_labels.py took 0.118 seconds
[2024-04-06T23:17:05.460+0000] {processor.py:161} INFO - Started process (PID=68856) to work on /home/malangdataguy/miniconda3/envs/airflow_mdg/lib/python3.8/site-packages/airflow/example_dags/example_branch_labels.py
[2024-04-06T23:17:05.462+0000] {processor.py:830} INFO - Processing file /home/malangdataguy/miniconda3/envs/airflow_mdg/lib/python3.8/site-packages/airflow/example_dags/example_branch_labels.py for tasks to queue
[2024-04-06T23:17:05.464+0000] {logging_mixin.py:188} INFO - [2024-04-06T23:17:05.463+0000] {dagbag.py:540} INFO - Filling up the DagBag from /home/malangdataguy/miniconda3/envs/airflow_mdg/lib/python3.8/site-packages/airflow/example_dags/example_branch_labels.py
[2024-04-06T23:17:05.476+0000] {processor.py:840} INFO - DAG(s) 'example_branch_labels' retrieved from /home/malangdataguy/miniconda3/envs/airflow_mdg/lib/python3.8/site-packages/airflow/example_dags/example_branch_labels.py
[2024-04-06T23:17:05.500+0000] {logging_mixin.py:188} INFO - [2024-04-06T23:17:05.500+0000] {dag.py:3047} INFO - Sync 1 DAGs
[2024-04-06T23:17:05.526+0000] {logging_mixin.py:188} INFO - [2024-04-06T23:17:05.525+0000] {dag.py:3834} INFO - Setting next_dagrun for example_branch_labels to 2024-04-05 00:00:00+00:00, run_after=2024-04-06 00:00:00+00:00
[2024-04-06T23:17:05.555+0000] {processor.py:183} INFO - Processing /home/malangdataguy/miniconda3/envs/airflow_mdg/lib/python3.8/site-packages/airflow/example_dags/example_branch_labels.py took 0.100 seconds
[2024-04-06T23:18:11.160+0000] {processor.py:161} INFO - Started process (PID=68925) to work on /home/malangdataguy/miniconda3/envs/airflow_mdg/lib/python3.8/site-packages/airflow/example_dags/example_branch_labels.py
[2024-04-06T23:18:11.163+0000] {processor.py:830} INFO - Processing file /home/malangdataguy/miniconda3/envs/airflow_mdg/lib/python3.8/site-packages/airflow/example_dags/example_branch_labels.py for tasks to queue
[2024-04-06T23:18:11.164+0000] {logging_mixin.py:188} INFO - [2024-04-06T23:18:11.164+0000] {dagbag.py:540} INFO - Filling up the DagBag from /home/malangdataguy/miniconda3/envs/airflow_mdg/lib/python3.8/site-packages/airflow/example_dags/example_branch_labels.py
[2024-04-06T23:18:11.177+0000] {processor.py:840} INFO - DAG(s) 'example_branch_labels' retrieved from /home/malangdataguy/miniconda3/envs/airflow_mdg/lib/python3.8/site-packages/airflow/example_dags/example_branch_labels.py
[2024-04-06T23:18:11.201+0000] {logging_mixin.py:188} INFO - [2024-04-06T23:18:11.200+0000] {dag.py:3047} INFO - Sync 1 DAGs
[2024-04-06T23:18:11.226+0000] {logging_mixin.py:188} INFO - [2024-04-06T23:18:11.226+0000] {dag.py:3834} INFO - Setting next_dagrun for example_branch_labels to 2024-04-05 00:00:00+00:00, run_after=2024-04-06 00:00:00+00:00
[2024-04-06T23:18:11.256+0000] {processor.py:183} INFO - Processing /home/malangdataguy/miniconda3/envs/airflow_mdg/lib/python3.8/site-packages/airflow/example_dags/example_branch_labels.py took 0.100 seconds
[2024-04-06T23:19:12.175+0000] {processor.py:161} INFO - Started process (PID=68988) to work on /home/malangdataguy/miniconda3/envs/airflow_mdg/lib/python3.8/site-packages/airflow/example_dags/example_branch_labels.py
[2024-04-06T23:19:12.178+0000] {processor.py:830} INFO - Processing file /home/malangdataguy/miniconda3/envs/airflow_mdg/lib/python3.8/site-packages/airflow/example_dags/example_branch_labels.py for tasks to queue
[2024-04-06T23:19:12.179+0000] {logging_mixin.py:188} INFO - [2024-04-06T23:19:12.178+0000] {dagbag.py:540} INFO - Filling up the DagBag from /home/malangdataguy/miniconda3/envs/airflow_mdg/lib/python3.8/site-packages/airflow/example_dags/example_branch_labels.py
[2024-04-06T23:19:12.190+0000] {processor.py:840} INFO - DAG(s) 'example_branch_labels' retrieved from /home/malangdataguy/miniconda3/envs/airflow_mdg/lib/python3.8/site-packages/airflow/example_dags/example_branch_labels.py
[2024-04-06T23:19:12.215+0000] {logging_mixin.py:188} INFO - [2024-04-06T23:19:12.214+0000] {dag.py:3047} INFO - Sync 1 DAGs
[2024-04-06T23:19:12.240+0000] {logging_mixin.py:188} INFO - [2024-04-06T23:19:12.240+0000] {dag.py:3834} INFO - Setting next_dagrun for example_branch_labels to 2024-04-05 00:00:00+00:00, run_after=2024-04-06 00:00:00+00:00
[2024-04-06T23:19:12.273+0000] {processor.py:183} INFO - Processing /home/malangdataguy/miniconda3/envs/airflow_mdg/lib/python3.8/site-packages/airflow/example_dags/example_branch_labels.py took 0.103 seconds
[2024-04-06T23:20:21.177+0000] {processor.py:161} INFO - Started process (PID=69054) to work on /home/malangdataguy/miniconda3/envs/airflow_mdg/lib/python3.8/site-packages/airflow/example_dags/example_branch_labels.py
[2024-04-06T23:20:21.180+0000] {processor.py:830} INFO - Processing file /home/malangdataguy/miniconda3/envs/airflow_mdg/lib/python3.8/site-packages/airflow/example_dags/example_branch_labels.py for tasks to queue
[2024-04-06T23:20:21.181+0000] {logging_mixin.py:188} INFO - [2024-04-06T23:20:21.180+0000] {dagbag.py:540} INFO - Filling up the DagBag from /home/malangdataguy/miniconda3/envs/airflow_mdg/lib/python3.8/site-packages/airflow/example_dags/example_branch_labels.py
[2024-04-06T23:20:21.192+0000] {processor.py:840} INFO - DAG(s) 'example_branch_labels' retrieved from /home/malangdataguy/miniconda3/envs/airflow_mdg/lib/python3.8/site-packages/airflow/example_dags/example_branch_labels.py
[2024-04-06T23:20:21.219+0000] {logging_mixin.py:188} INFO - [2024-04-06T23:20:21.218+0000] {dag.py:3047} INFO - Sync 1 DAGs
[2024-04-06T23:20:21.245+0000] {logging_mixin.py:188} INFO - [2024-04-06T23:20:21.244+0000] {dag.py:3834} INFO - Setting next_dagrun for example_branch_labels to 2024-04-05 00:00:00+00:00, run_after=2024-04-06 00:00:00+00:00
[2024-04-06T23:20:21.275+0000] {processor.py:183} INFO - Processing /home/malangdataguy/miniconda3/envs/airflow_mdg/lib/python3.8/site-packages/airflow/example_dags/example_branch_labels.py took 0.104 seconds
[2024-04-06T23:21:23.728+0000] {processor.py:161} INFO - Started process (PID=69120) to work on /home/malangdataguy/miniconda3/envs/airflow_mdg/lib/python3.8/site-packages/airflow/example_dags/example_branch_labels.py
[2024-04-06T23:21:23.731+0000] {processor.py:830} INFO - Processing file /home/malangdataguy/miniconda3/envs/airflow_mdg/lib/python3.8/site-packages/airflow/example_dags/example_branch_labels.py for tasks to queue
[2024-04-06T23:21:23.733+0000] {logging_mixin.py:188} INFO - [2024-04-06T23:21:23.733+0000] {dagbag.py:540} INFO - Filling up the DagBag from /home/malangdataguy/miniconda3/envs/airflow_mdg/lib/python3.8/site-packages/airflow/example_dags/example_branch_labels.py
[2024-04-06T23:21:23.747+0000] {processor.py:840} INFO - DAG(s) 'example_branch_labels' retrieved from /home/malangdataguy/miniconda3/envs/airflow_mdg/lib/python3.8/site-packages/airflow/example_dags/example_branch_labels.py
[2024-04-06T23:21:23.779+0000] {logging_mixin.py:188} INFO - [2024-04-06T23:21:23.778+0000] {dag.py:3047} INFO - Sync 1 DAGs
[2024-04-06T23:21:23.812+0000] {logging_mixin.py:188} INFO - [2024-04-06T23:21:23.812+0000] {dag.py:3834} INFO - Setting next_dagrun for example_branch_labels to 2024-04-05 00:00:00+00:00, run_after=2024-04-06 00:00:00+00:00
[2024-04-06T23:21:23.851+0000] {processor.py:183} INFO - Processing /home/malangdataguy/miniconda3/envs/airflow_mdg/lib/python3.8/site-packages/airflow/example_dags/example_branch_labels.py took 0.128 seconds
[2024-04-06T23:22:28.223+0000] {processor.py:161} INFO - Started process (PID=69181) to work on /home/malangdataguy/miniconda3/envs/airflow_mdg/lib/python3.8/site-packages/airflow/example_dags/example_branch_labels.py
[2024-04-06T23:22:28.226+0000] {processor.py:830} INFO - Processing file /home/malangdataguy/miniconda3/envs/airflow_mdg/lib/python3.8/site-packages/airflow/example_dags/example_branch_labels.py for tasks to queue
[2024-04-06T23:22:28.228+0000] {logging_mixin.py:188} INFO - [2024-04-06T23:22:28.227+0000] {dagbag.py:540} INFO - Filling up the DagBag from /home/malangdataguy/miniconda3/envs/airflow_mdg/lib/python3.8/site-packages/airflow/example_dags/example_branch_labels.py
[2024-04-06T23:22:28.243+0000] {processor.py:840} INFO - DAG(s) 'example_branch_labels' retrieved from /home/malangdataguy/miniconda3/envs/airflow_mdg/lib/python3.8/site-packages/airflow/example_dags/example_branch_labels.py
[2024-04-06T23:22:28.270+0000] {logging_mixin.py:188} INFO - [2024-04-06T23:22:28.270+0000] {dag.py:3047} INFO - Sync 1 DAGs
[2024-04-06T23:22:28.304+0000] {logging_mixin.py:188} INFO - [2024-04-06T23:22:28.304+0000] {dag.py:3834} INFO - Setting next_dagrun for example_branch_labels to 2024-04-05 00:00:00+00:00, run_after=2024-04-06 00:00:00+00:00
[2024-04-06T23:22:28.339+0000] {processor.py:183} INFO - Processing /home/malangdataguy/miniconda3/envs/airflow_mdg/lib/python3.8/site-packages/airflow/example_dags/example_branch_labels.py took 0.121 seconds
[2024-04-06T23:41:01.170+0000] {processor.py:161} INFO - Started process (PID=69317) to work on /home/malangdataguy/miniconda3/envs/airflow_mdg/lib/python3.8/site-packages/airflow/example_dags/example_branch_labels.py
[2024-04-06T23:41:01.173+0000] {processor.py:830} INFO - Processing file /home/malangdataguy/miniconda3/envs/airflow_mdg/lib/python3.8/site-packages/airflow/example_dags/example_branch_labels.py for tasks to queue
[2024-04-06T23:41:01.175+0000] {logging_mixin.py:188} INFO - [2024-04-06T23:41:01.174+0000] {dagbag.py:540} INFO - Filling up the DagBag from /home/malangdataguy/miniconda3/envs/airflow_mdg/lib/python3.8/site-packages/airflow/example_dags/example_branch_labels.py
[2024-04-06T23:41:01.190+0000] {processor.py:840} INFO - DAG(s) 'example_branch_labels' retrieved from /home/malangdataguy/miniconda3/envs/airflow_mdg/lib/python3.8/site-packages/airflow/example_dags/example_branch_labels.py
[2024-04-06T23:41:01.220+0000] {logging_mixin.py:188} INFO - [2024-04-06T23:41:01.219+0000] {dag.py:3047} INFO - Sync 1 DAGs
[2024-04-06T23:41:01.253+0000] {logging_mixin.py:188} INFO - [2024-04-06T23:41:01.252+0000] {dag.py:3834} INFO - Setting next_dagrun for example_branch_labels to 2024-04-05 00:00:00+00:00, run_after=2024-04-06 00:00:00+00:00
[2024-04-06T23:41:01.286+0000] {processor.py:183} INFO - Processing /home/malangdataguy/miniconda3/envs/airflow_mdg/lib/python3.8/site-packages/airflow/example_dags/example_branch_labels.py took 0.121 seconds
[2024-04-06T23:42:07.475+0000] {processor.py:161} INFO - Started process (PID=69382) to work on /home/malangdataguy/miniconda3/envs/airflow_mdg/lib/python3.8/site-packages/airflow/example_dags/example_branch_labels.py
[2024-04-06T23:42:07.478+0000] {processor.py:830} INFO - Processing file /home/malangdataguy/miniconda3/envs/airflow_mdg/lib/python3.8/site-packages/airflow/example_dags/example_branch_labels.py for tasks to queue
[2024-04-06T23:42:07.480+0000] {logging_mixin.py:188} INFO - [2024-04-06T23:42:07.479+0000] {dagbag.py:540} INFO - Filling up the DagBag from /home/malangdataguy/miniconda3/envs/airflow_mdg/lib/python3.8/site-packages/airflow/example_dags/example_branch_labels.py
[2024-04-06T23:42:07.493+0000] {processor.py:840} INFO - DAG(s) 'example_branch_labels' retrieved from /home/malangdataguy/miniconda3/envs/airflow_mdg/lib/python3.8/site-packages/airflow/example_dags/example_branch_labels.py
[2024-04-06T23:42:07.525+0000] {logging_mixin.py:188} INFO - [2024-04-06T23:42:07.524+0000] {dag.py:3047} INFO - Sync 1 DAGs
[2024-04-06T23:42:07.559+0000] {logging_mixin.py:188} INFO - [2024-04-06T23:42:07.558+0000] {dag.py:3834} INFO - Setting next_dagrun for example_branch_labels to 2024-04-05 00:00:00+00:00, run_after=2024-04-06 00:00:00+00:00
[2024-04-06T23:42:07.593+0000] {processor.py:183} INFO - Processing /home/malangdataguy/miniconda3/envs/airflow_mdg/lib/python3.8/site-packages/airflow/example_dags/example_branch_labels.py took 0.123 seconds
[2024-04-06T23:43:12.498+0000] {processor.py:161} INFO - Started process (PID=69447) to work on /home/malangdataguy/miniconda3/envs/airflow_mdg/lib/python3.8/site-packages/airflow/example_dags/example_branch_labels.py
[2024-04-06T23:43:12.501+0000] {processor.py:830} INFO - Processing file /home/malangdataguy/miniconda3/envs/airflow_mdg/lib/python3.8/site-packages/airflow/example_dags/example_branch_labels.py for tasks to queue
[2024-04-06T23:43:12.503+0000] {logging_mixin.py:188} INFO - [2024-04-06T23:43:12.502+0000] {dagbag.py:540} INFO - Filling up the DagBag from /home/malangdataguy/miniconda3/envs/airflow_mdg/lib/python3.8/site-packages/airflow/example_dags/example_branch_labels.py
[2024-04-06T23:43:12.516+0000] {processor.py:840} INFO - DAG(s) 'example_branch_labels' retrieved from /home/malangdataguy/miniconda3/envs/airflow_mdg/lib/python3.8/site-packages/airflow/example_dags/example_branch_labels.py
[2024-04-06T23:43:12.548+0000] {logging_mixin.py:188} INFO - [2024-04-06T23:43:12.547+0000] {dag.py:3047} INFO - Sync 1 DAGs
[2024-04-06T23:43:12.578+0000] {logging_mixin.py:188} INFO - [2024-04-06T23:43:12.578+0000] {dag.py:3834} INFO - Setting next_dagrun for example_branch_labels to 2024-04-05 00:00:00+00:00, run_after=2024-04-06 00:00:00+00:00
[2024-04-06T23:43:12.609+0000] {processor.py:183} INFO - Processing /home/malangdataguy/miniconda3/envs/airflow_mdg/lib/python3.8/site-packages/airflow/example_dags/example_branch_labels.py took 0.117 seconds
[2024-04-06T23:44:20.783+0000] {processor.py:161} INFO - Started process (PID=69531) to work on /home/malangdataguy/miniconda3/envs/airflow_mdg/lib/python3.8/site-packages/airflow/example_dags/example_branch_labels.py
[2024-04-06T23:44:20.785+0000] {processor.py:830} INFO - Processing file /home/malangdataguy/miniconda3/envs/airflow_mdg/lib/python3.8/site-packages/airflow/example_dags/example_branch_labels.py for tasks to queue
[2024-04-06T23:44:20.787+0000] {logging_mixin.py:188} INFO - [2024-04-06T23:44:20.786+0000] {dagbag.py:540} INFO - Filling up the DagBag from /home/malangdataguy/miniconda3/envs/airflow_mdg/lib/python3.8/site-packages/airflow/example_dags/example_branch_labels.py
[2024-04-06T23:44:20.797+0000] {processor.py:840} INFO - DAG(s) 'example_branch_labels' retrieved from /home/malangdataguy/miniconda3/envs/airflow_mdg/lib/python3.8/site-packages/airflow/example_dags/example_branch_labels.py
[2024-04-06T23:44:20.822+0000] {logging_mixin.py:188} INFO - [2024-04-06T23:44:20.821+0000] {dag.py:3047} INFO - Sync 1 DAGs
[2024-04-06T23:44:20.850+0000] {logging_mixin.py:188} INFO - [2024-04-06T23:44:20.849+0000] {dag.py:3834} INFO - Setting next_dagrun for example_branch_labels to 2024-04-05 00:00:00+00:00, run_after=2024-04-06 00:00:00+00:00
[2024-04-06T23:44:20.879+0000] {processor.py:183} INFO - Processing /home/malangdataguy/miniconda3/envs/airflow_mdg/lib/python3.8/site-packages/airflow/example_dags/example_branch_labels.py took 0.101 seconds
[2024-04-06T23:45:24.387+0000] {processor.py:161} INFO - Started process (PID=69597) to work on /home/malangdataguy/miniconda3/envs/airflow_mdg/lib/python3.8/site-packages/airflow/example_dags/example_branch_labels.py
[2024-04-06T23:45:24.390+0000] {processor.py:830} INFO - Processing file /home/malangdataguy/miniconda3/envs/airflow_mdg/lib/python3.8/site-packages/airflow/example_dags/example_branch_labels.py for tasks to queue
[2024-04-06T23:45:24.392+0000] {logging_mixin.py:188} INFO - [2024-04-06T23:45:24.391+0000] {dagbag.py:540} INFO - Filling up the DagBag from /home/malangdataguy/miniconda3/envs/airflow_mdg/lib/python3.8/site-packages/airflow/example_dags/example_branch_labels.py
[2024-04-06T23:45:24.403+0000] {processor.py:840} INFO - DAG(s) 'example_branch_labels' retrieved from /home/malangdataguy/miniconda3/envs/airflow_mdg/lib/python3.8/site-packages/airflow/example_dags/example_branch_labels.py
[2024-04-06T23:45:24.428+0000] {logging_mixin.py:188} INFO - [2024-04-06T23:45:24.428+0000] {dag.py:3047} INFO - Sync 1 DAGs
[2024-04-06T23:45:24.455+0000] {logging_mixin.py:188} INFO - [2024-04-06T23:45:24.455+0000] {dag.py:3834} INFO - Setting next_dagrun for example_branch_labels to 2024-04-05 00:00:00+00:00, run_after=2024-04-06 00:00:00+00:00
[2024-04-06T23:45:24.486+0000] {processor.py:183} INFO - Processing /home/malangdataguy/miniconda3/envs/airflow_mdg/lib/python3.8/site-packages/airflow/example_dags/example_branch_labels.py took 0.105 seconds
[2024-04-06T23:46:26.017+0000] {processor.py:161} INFO - Started process (PID=69663) to work on /home/malangdataguy/miniconda3/envs/airflow_mdg/lib/python3.8/site-packages/airflow/example_dags/example_branch_labels.py
[2024-04-06T23:46:26.020+0000] {processor.py:830} INFO - Processing file /home/malangdataguy/miniconda3/envs/airflow_mdg/lib/python3.8/site-packages/airflow/example_dags/example_branch_labels.py for tasks to queue
[2024-04-06T23:46:26.022+0000] {logging_mixin.py:188} INFO - [2024-04-06T23:46:26.021+0000] {dagbag.py:540} INFO - Filling up the DagBag from /home/malangdataguy/miniconda3/envs/airflow_mdg/lib/python3.8/site-packages/airflow/example_dags/example_branch_labels.py
[2024-04-06T23:46:26.035+0000] {processor.py:840} INFO - DAG(s) 'example_branch_labels' retrieved from /home/malangdataguy/miniconda3/envs/airflow_mdg/lib/python3.8/site-packages/airflow/example_dags/example_branch_labels.py
[2024-04-06T23:46:26.064+0000] {logging_mixin.py:188} INFO - [2024-04-06T23:46:26.063+0000] {dag.py:3047} INFO - Sync 1 DAGs
[2024-04-06T23:46:26.093+0000] {logging_mixin.py:188} INFO - [2024-04-06T23:46:26.093+0000] {dag.py:3834} INFO - Setting next_dagrun for example_branch_labels to 2024-04-05 00:00:00+00:00, run_after=2024-04-06 00:00:00+00:00
[2024-04-06T23:46:26.124+0000] {processor.py:183} INFO - Processing /home/malangdataguy/miniconda3/envs/airflow_mdg/lib/python3.8/site-packages/airflow/example_dags/example_branch_labels.py took 0.112 seconds
[2024-04-06T23:47:23.918+0000] {processor.py:161} INFO - Started process (PID=69753) to work on /home/malangdataguy/miniconda3/envs/airflow_mdg/lib/python3.8/site-packages/airflow/example_dags/example_branch_labels.py
[2024-04-06T23:47:23.921+0000] {processor.py:830} INFO - Processing file /home/malangdataguy/miniconda3/envs/airflow_mdg/lib/python3.8/site-packages/airflow/example_dags/example_branch_labels.py for tasks to queue
[2024-04-06T23:47:23.922+0000] {logging_mixin.py:188} INFO - [2024-04-06T23:47:23.922+0000] {dagbag.py:540} INFO - Filling up the DagBag from /home/malangdataguy/miniconda3/envs/airflow_mdg/lib/python3.8/site-packages/airflow/example_dags/example_branch_labels.py
[2024-04-06T23:47:23.934+0000] {processor.py:840} INFO - DAG(s) 'example_branch_labels' retrieved from /home/malangdataguy/miniconda3/envs/airflow_mdg/lib/python3.8/site-packages/airflow/example_dags/example_branch_labels.py
[2024-04-06T23:47:23.963+0000] {logging_mixin.py:188} INFO - [2024-04-06T23:47:23.962+0000] {dag.py:3047} INFO - Sync 1 DAGs
[2024-04-06T23:47:23.991+0000] {logging_mixin.py:188} INFO - [2024-04-06T23:47:23.991+0000] {dag.py:3834} INFO - Setting next_dagrun for example_branch_labels to 2024-04-05 00:00:00+00:00, run_after=2024-04-06 00:00:00+00:00
[2024-04-06T23:47:24.026+0000] {processor.py:183} INFO - Processing /home/malangdataguy/miniconda3/envs/airflow_mdg/lib/python3.8/site-packages/airflow/example_dags/example_branch_labels.py took 0.114 seconds
[2024-04-06T23:48:26.726+0000] {processor.py:161} INFO - Started process (PID=69822) to work on /home/malangdataguy/miniconda3/envs/airflow_mdg/lib/python3.8/site-packages/airflow/example_dags/example_branch_labels.py
[2024-04-06T23:48:26.729+0000] {processor.py:830} INFO - Processing file /home/malangdataguy/miniconda3/envs/airflow_mdg/lib/python3.8/site-packages/airflow/example_dags/example_branch_labels.py for tasks to queue
[2024-04-06T23:48:26.731+0000] {logging_mixin.py:188} INFO - [2024-04-06T23:48:26.730+0000] {dagbag.py:540} INFO - Filling up the DagBag from /home/malangdataguy/miniconda3/envs/airflow_mdg/lib/python3.8/site-packages/airflow/example_dags/example_branch_labels.py
[2024-04-06T23:48:26.745+0000] {processor.py:840} INFO - DAG(s) 'example_branch_labels' retrieved from /home/malangdataguy/miniconda3/envs/airflow_mdg/lib/python3.8/site-packages/airflow/example_dags/example_branch_labels.py
[2024-04-06T23:48:26.777+0000] {logging_mixin.py:188} INFO - [2024-04-06T23:48:26.777+0000] {dag.py:3047} INFO - Sync 1 DAGs
[2024-04-06T23:48:26.809+0000] {logging_mixin.py:188} INFO - [2024-04-06T23:48:26.808+0000] {dag.py:3834} INFO - Setting next_dagrun for example_branch_labels to 2024-04-05 00:00:00+00:00, run_after=2024-04-06 00:00:00+00:00
[2024-04-06T23:48:26.846+0000] {processor.py:183} INFO - Processing /home/malangdataguy/miniconda3/envs/airflow_mdg/lib/python3.8/site-packages/airflow/example_dags/example_branch_labels.py took 0.126 seconds
[2024-04-06T23:49:31.610+0000] {processor.py:161} INFO - Started process (PID=69885) to work on /home/malangdataguy/miniconda3/envs/airflow_mdg/lib/python3.8/site-packages/airflow/example_dags/example_branch_labels.py
[2024-04-06T23:49:31.612+0000] {processor.py:830} INFO - Processing file /home/malangdataguy/miniconda3/envs/airflow_mdg/lib/python3.8/site-packages/airflow/example_dags/example_branch_labels.py for tasks to queue
[2024-04-06T23:49:31.613+0000] {logging_mixin.py:188} INFO - [2024-04-06T23:49:31.613+0000] {dagbag.py:540} INFO - Filling up the DagBag from /home/malangdataguy/miniconda3/envs/airflow_mdg/lib/python3.8/site-packages/airflow/example_dags/example_branch_labels.py
[2024-04-06T23:49:31.624+0000] {processor.py:840} INFO - DAG(s) 'example_branch_labels' retrieved from /home/malangdataguy/miniconda3/envs/airflow_mdg/lib/python3.8/site-packages/airflow/example_dags/example_branch_labels.py
[2024-04-06T23:49:31.649+0000] {logging_mixin.py:188} INFO - [2024-04-06T23:49:31.649+0000] {dag.py:3047} INFO - Sync 1 DAGs
[2024-04-06T23:49:31.676+0000] {logging_mixin.py:188} INFO - [2024-04-06T23:49:31.676+0000] {dag.py:3834} INFO - Setting next_dagrun for example_branch_labels to 2024-04-05 00:00:00+00:00, run_after=2024-04-06 00:00:00+00:00
[2024-04-06T23:49:31.703+0000] {processor.py:183} INFO - Processing /home/malangdataguy/miniconda3/envs/airflow_mdg/lib/python3.8/site-packages/airflow/example_dags/example_branch_labels.py took 0.099 seconds
[2024-04-06T23:50:28.161+0000] {processor.py:161} INFO - Started process (PID=69946) to work on /home/malangdataguy/miniconda3/envs/airflow_mdg/lib/python3.8/site-packages/airflow/example_dags/example_branch_labels.py
[2024-04-06T23:50:28.164+0000] {processor.py:830} INFO - Processing file /home/malangdataguy/miniconda3/envs/airflow_mdg/lib/python3.8/site-packages/airflow/example_dags/example_branch_labels.py for tasks to queue
[2024-04-06T23:50:28.166+0000] {logging_mixin.py:188} INFO - [2024-04-06T23:50:28.165+0000] {dagbag.py:540} INFO - Filling up the DagBag from /home/malangdataguy/miniconda3/envs/airflow_mdg/lib/python3.8/site-packages/airflow/example_dags/example_branch_labels.py
[2024-04-06T23:50:28.178+0000] {processor.py:840} INFO - DAG(s) 'example_branch_labels' retrieved from /home/malangdataguy/miniconda3/envs/airflow_mdg/lib/python3.8/site-packages/airflow/example_dags/example_branch_labels.py
[2024-04-06T23:50:28.203+0000] {logging_mixin.py:188} INFO - [2024-04-06T23:50:28.202+0000] {dag.py:3047} INFO - Sync 1 DAGs
[2024-04-06T23:50:28.229+0000] {logging_mixin.py:188} INFO - [2024-04-06T23:50:28.228+0000] {dag.py:3834} INFO - Setting next_dagrun for example_branch_labels to 2024-04-05 00:00:00+00:00, run_after=2024-04-06 00:00:00+00:00
[2024-04-06T23:50:28.256+0000] {processor.py:183} INFO - Processing /home/malangdataguy/miniconda3/envs/airflow_mdg/lib/python3.8/site-packages/airflow/example_dags/example_branch_labels.py took 0.100 seconds
[2024-04-06T23:51:32.128+0000] {processor.py:161} INFO - Started process (PID=70011) to work on /home/malangdataguy/miniconda3/envs/airflow_mdg/lib/python3.8/site-packages/airflow/example_dags/example_branch_labels.py
[2024-04-06T23:51:32.131+0000] {processor.py:830} INFO - Processing file /home/malangdataguy/miniconda3/envs/airflow_mdg/lib/python3.8/site-packages/airflow/example_dags/example_branch_labels.py for tasks to queue
[2024-04-06T23:51:32.133+0000] {logging_mixin.py:188} INFO - [2024-04-06T23:51:32.132+0000] {dagbag.py:540} INFO - Filling up the DagBag from /home/malangdataguy/miniconda3/envs/airflow_mdg/lib/python3.8/site-packages/airflow/example_dags/example_branch_labels.py
[2024-04-06T23:51:32.148+0000] {processor.py:840} INFO - DAG(s) 'example_branch_labels' retrieved from /home/malangdataguy/miniconda3/envs/airflow_mdg/lib/python3.8/site-packages/airflow/example_dags/example_branch_labels.py
[2024-04-06T23:51:32.180+0000] {logging_mixin.py:188} INFO - [2024-04-06T23:51:32.180+0000] {dag.py:3047} INFO - Sync 1 DAGs
[2024-04-06T23:51:32.211+0000] {logging_mixin.py:188} INFO - [2024-04-06T23:51:32.211+0000] {dag.py:3834} INFO - Setting next_dagrun for example_branch_labels to 2024-04-05 00:00:00+00:00, run_after=2024-04-06 00:00:00+00:00
[2024-04-06T23:51:32.246+0000] {processor.py:183} INFO - Processing /home/malangdataguy/miniconda3/envs/airflow_mdg/lib/python3.8/site-packages/airflow/example_dags/example_branch_labels.py took 0.124 seconds
[2024-04-06T23:52:38.752+0000] {processor.py:161} INFO - Started process (PID=70079) to work on /home/malangdataguy/miniconda3/envs/airflow_mdg/lib/python3.8/site-packages/airflow/example_dags/example_branch_labels.py
[2024-04-06T23:52:38.755+0000] {processor.py:830} INFO - Processing file /home/malangdataguy/miniconda3/envs/airflow_mdg/lib/python3.8/site-packages/airflow/example_dags/example_branch_labels.py for tasks to queue
[2024-04-06T23:52:38.756+0000] {logging_mixin.py:188} INFO - [2024-04-06T23:52:38.756+0000] {dagbag.py:540} INFO - Filling up the DagBag from /home/malangdataguy/miniconda3/envs/airflow_mdg/lib/python3.8/site-packages/airflow/example_dags/example_branch_labels.py
[2024-04-06T23:52:38.768+0000] {processor.py:840} INFO - DAG(s) 'example_branch_labels' retrieved from /home/malangdataguy/miniconda3/envs/airflow_mdg/lib/python3.8/site-packages/airflow/example_dags/example_branch_labels.py
[2024-04-06T23:52:38.794+0000] {logging_mixin.py:188} INFO - [2024-04-06T23:52:38.793+0000] {dag.py:3047} INFO - Sync 1 DAGs
[2024-04-06T23:52:38.820+0000] {logging_mixin.py:188} INFO - [2024-04-06T23:52:38.820+0000] {dag.py:3834} INFO - Setting next_dagrun for example_branch_labels to 2024-04-05 00:00:00+00:00, run_after=2024-04-06 00:00:00+00:00
[2024-04-06T23:52:38.849+0000] {processor.py:183} INFO - Processing /home/malangdataguy/miniconda3/envs/airflow_mdg/lib/python3.8/site-packages/airflow/example_dags/example_branch_labels.py took 0.101 seconds
[2024-04-06T23:53:46.345+0000] {processor.py:161} INFO - Started process (PID=70150) to work on /home/malangdataguy/miniconda3/envs/airflow_mdg/lib/python3.8/site-packages/airflow/example_dags/example_branch_labels.py
[2024-04-06T23:53:46.347+0000] {processor.py:830} INFO - Processing file /home/malangdataguy/miniconda3/envs/airflow_mdg/lib/python3.8/site-packages/airflow/example_dags/example_branch_labels.py for tasks to queue
[2024-04-06T23:53:46.349+0000] {logging_mixin.py:188} INFO - [2024-04-06T23:53:46.348+0000] {dagbag.py:540} INFO - Filling up the DagBag from /home/malangdataguy/miniconda3/envs/airflow_mdg/lib/python3.8/site-packages/airflow/example_dags/example_branch_labels.py
[2024-04-06T23:53:46.361+0000] {processor.py:840} INFO - DAG(s) 'example_branch_labels' retrieved from /home/malangdataguy/miniconda3/envs/airflow_mdg/lib/python3.8/site-packages/airflow/example_dags/example_branch_labels.py
[2024-04-06T23:53:46.391+0000] {logging_mixin.py:188} INFO - [2024-04-06T23:53:46.390+0000] {dag.py:3047} INFO - Sync 1 DAGs
[2024-04-06T23:53:46.421+0000] {logging_mixin.py:188} INFO - [2024-04-06T23:53:46.420+0000] {dag.py:3834} INFO - Setting next_dagrun for example_branch_labels to 2024-04-05 00:00:00+00:00, run_after=2024-04-06 00:00:00+00:00
[2024-04-06T23:53:46.453+0000] {processor.py:183} INFO - Processing /home/malangdataguy/miniconda3/envs/airflow_mdg/lib/python3.8/site-packages/airflow/example_dags/example_branch_labels.py took 0.114 seconds
[2024-04-06T23:54:50.084+0000] {processor.py:161} INFO - Started process (PID=70247) to work on /home/malangdataguy/miniconda3/envs/airflow_mdg/lib/python3.8/site-packages/airflow/example_dags/example_branch_labels.py
[2024-04-06T23:54:50.087+0000] {processor.py:830} INFO - Processing file /home/malangdataguy/miniconda3/envs/airflow_mdg/lib/python3.8/site-packages/airflow/example_dags/example_branch_labels.py for tasks to queue
[2024-04-06T23:54:50.088+0000] {logging_mixin.py:188} INFO - [2024-04-06T23:54:50.088+0000] {dagbag.py:540} INFO - Filling up the DagBag from /home/malangdataguy/miniconda3/envs/airflow_mdg/lib/python3.8/site-packages/airflow/example_dags/example_branch_labels.py
[2024-04-06T23:54:50.101+0000] {processor.py:840} INFO - DAG(s) 'example_branch_labels' retrieved from /home/malangdataguy/miniconda3/envs/airflow_mdg/lib/python3.8/site-packages/airflow/example_dags/example_branch_labels.py
[2024-04-06T23:54:50.130+0000] {logging_mixin.py:188} INFO - [2024-04-06T23:54:50.130+0000] {dag.py:3047} INFO - Sync 1 DAGs
[2024-04-06T23:54:50.159+0000] {logging_mixin.py:188} INFO - [2024-04-06T23:54:50.159+0000] {dag.py:3834} INFO - Setting next_dagrun for example_branch_labels to 2024-04-05 00:00:00+00:00, run_after=2024-04-06 00:00:00+00:00
[2024-04-06T23:54:50.193+0000] {processor.py:183} INFO - Processing /home/malangdataguy/miniconda3/envs/airflow_mdg/lib/python3.8/site-packages/airflow/example_dags/example_branch_labels.py took 0.115 seconds
[2024-04-06T23:55:52.697+0000] {processor.py:161} INFO - Started process (PID=70310) to work on /home/malangdataguy/miniconda3/envs/airflow_mdg/lib/python3.8/site-packages/airflow/example_dags/example_branch_labels.py
[2024-04-06T23:55:52.699+0000] {processor.py:830} INFO - Processing file /home/malangdataguy/miniconda3/envs/airflow_mdg/lib/python3.8/site-packages/airflow/example_dags/example_branch_labels.py for tasks to queue
[2024-04-06T23:55:52.700+0000] {logging_mixin.py:188} INFO - [2024-04-06T23:55:52.700+0000] {dagbag.py:540} INFO - Filling up the DagBag from /home/malangdataguy/miniconda3/envs/airflow_mdg/lib/python3.8/site-packages/airflow/example_dags/example_branch_labels.py
[2024-04-06T23:55:52.711+0000] {processor.py:840} INFO - DAG(s) 'example_branch_labels' retrieved from /home/malangdataguy/miniconda3/envs/airflow_mdg/lib/python3.8/site-packages/airflow/example_dags/example_branch_labels.py
[2024-04-06T23:55:52.735+0000] {logging_mixin.py:188} INFO - [2024-04-06T23:55:52.735+0000] {dag.py:3047} INFO - Sync 1 DAGs
[2024-04-06T23:55:52.760+0000] {logging_mixin.py:188} INFO - [2024-04-06T23:55:52.760+0000] {dag.py:3834} INFO - Setting next_dagrun for example_branch_labels to 2024-04-05 00:00:00+00:00, run_after=2024-04-06 00:00:00+00:00
[2024-04-06T23:55:52.787+0000] {processor.py:183} INFO - Processing /home/malangdataguy/miniconda3/envs/airflow_mdg/lib/python3.8/site-packages/airflow/example_dags/example_branch_labels.py took 0.096 seconds
