[2024-04-06T23:09:10.429+0000] {processor.py:161} INFO - Started process (PID=68362) to work on /home/malangdataguy/miniconda3/envs/airflow_mdg/lib/python3.8/site-packages/airflow/example_dags/example_xcom.py
[2024-04-06T23:09:10.432+0000] {processor.py:830} INFO - Processing file /home/malangdataguy/miniconda3/envs/airflow_mdg/lib/python3.8/site-packages/airflow/example_dags/example_xcom.py for tasks to queue
[2024-04-06T23:09:10.434+0000] {logging_mixin.py:188} INFO - [2024-04-06T23:09:10.433+0000] {dagbag.py:540} INFO - Filling up the DagBag from /home/malangdataguy/miniconda3/envs/airflow_mdg/lib/python3.8/site-packages/airflow/example_dags/example_xcom.py
[2024-04-06T23:09:10.457+0000] {processor.py:840} INFO - DAG(s) 'example_xcom' retrieved from /home/malangdataguy/miniconda3/envs/airflow_mdg/lib/python3.8/site-packages/airflow/example_dags/example_xcom.py
[2024-04-06T23:09:10.478+0000] {logging_mixin.py:188} INFO - [2024-04-06T23:09:10.477+0000] {dag.py:3047} INFO - Sync 1 DAGs
[2024-04-06T23:09:10.515+0000] {logging_mixin.py:188} INFO - [2024-04-06T23:09:10.515+0000] {dag.py:3834} INFO - Setting next_dagrun for example_xcom to 2021-01-01 00:00:00+00:00, run_after=2021-01-01 00:00:00+00:00
[2024-04-06T23:09:10.552+0000] {processor.py:183} INFO - Processing /home/malangdataguy/miniconda3/envs/airflow_mdg/lib/python3.8/site-packages/airflow/example_dags/example_xcom.py took 0.131 seconds
[2024-04-06T23:10:02.479+0000] {processor.py:161} INFO - Started process (PID=68412) to work on /home/malangdataguy/miniconda3/envs/airflow_mdg/lib/python3.8/site-packages/airflow/example_dags/example_xcom.py
[2024-04-06T23:10:02.481+0000] {processor.py:830} INFO - Processing file /home/malangdataguy/miniconda3/envs/airflow_mdg/lib/python3.8/site-packages/airflow/example_dags/example_xcom.py for tasks to queue
[2024-04-06T23:10:02.483+0000] {logging_mixin.py:188} INFO - [2024-04-06T23:10:02.482+0000] {dagbag.py:540} INFO - Filling up the DagBag from /home/malangdataguy/miniconda3/envs/airflow_mdg/lib/python3.8/site-packages/airflow/example_dags/example_xcom.py
[2024-04-06T23:10:02.494+0000] {processor.py:840} INFO - DAG(s) 'example_xcom' retrieved from /home/malangdataguy/miniconda3/envs/airflow_mdg/lib/python3.8/site-packages/airflow/example_dags/example_xcom.py
[2024-04-06T23:10:02.604+0000] {logging_mixin.py:188} INFO - [2024-04-06T23:10:02.604+0000] {dag.py:3047} INFO - Sync 1 DAGs
[2024-04-06T23:10:02.624+0000] {logging_mixin.py:188} INFO - [2024-04-06T23:10:02.623+0000] {dag.py:3834} INFO - Setting next_dagrun for example_xcom to 2021-01-01 00:00:00+00:00, run_after=2021-01-01 00:00:00+00:00
[2024-04-06T23:10:02.651+0000] {processor.py:183} INFO - Processing /home/malangdataguy/miniconda3/envs/airflow_mdg/lib/python3.8/site-packages/airflow/example_dags/example_xcom.py took 0.177 seconds
[2024-04-06T23:10:48.051+0000] {processor.py:161} INFO - Started process (PID=68457) to work on /home/malangdataguy/miniconda3/envs/airflow_mdg/lib/python3.8/site-packages/airflow/example_dags/example_xcom.py
[2024-04-06T23:10:48.054+0000] {processor.py:830} INFO - Processing file /home/malangdataguy/miniconda3/envs/airflow_mdg/lib/python3.8/site-packages/airflow/example_dags/example_xcom.py for tasks to queue
[2024-04-06T23:10:48.055+0000] {logging_mixin.py:188} INFO - [2024-04-06T23:10:48.054+0000] {dagbag.py:540} INFO - Filling up the DagBag from /home/malangdataguy/miniconda3/envs/airflow_mdg/lib/python3.8/site-packages/airflow/example_dags/example_xcom.py
[2024-04-06T23:10:48.066+0000] {processor.py:840} INFO - DAG(s) 'example_xcom' retrieved from /home/malangdataguy/miniconda3/envs/airflow_mdg/lib/python3.8/site-packages/airflow/example_dags/example_xcom.py
[2024-04-06T23:10:48.090+0000] {logging_mixin.py:188} INFO - [2024-04-06T23:10:48.090+0000] {dag.py:3047} INFO - Sync 1 DAGs
[2024-04-06T23:10:48.116+0000] {logging_mixin.py:188} INFO - [2024-04-06T23:10:48.116+0000] {dag.py:3834} INFO - Setting next_dagrun for example_xcom to 2021-01-01 00:00:00+00:00, run_after=2021-01-01 00:00:00+00:00
[2024-04-06T23:10:48.146+0000] {processor.py:183} INFO - Processing /home/malangdataguy/miniconda3/envs/airflow_mdg/lib/python3.8/site-packages/airflow/example_dags/example_xcom.py took 0.100 seconds
[2024-04-06T23:11:27.916+0000] {processor.py:161} INFO - Started process (PID=68507) to work on /home/malangdataguy/miniconda3/envs/airflow_mdg/lib/python3.8/site-packages/airflow/example_dags/example_xcom.py
[2024-04-06T23:11:27.918+0000] {processor.py:830} INFO - Processing file /home/malangdataguy/miniconda3/envs/airflow_mdg/lib/python3.8/site-packages/airflow/example_dags/example_xcom.py for tasks to queue
[2024-04-06T23:11:27.920+0000] {logging_mixin.py:188} INFO - [2024-04-06T23:11:27.919+0000] {dagbag.py:540} INFO - Filling up the DagBag from /home/malangdataguy/miniconda3/envs/airflow_mdg/lib/python3.8/site-packages/airflow/example_dags/example_xcom.py
[2024-04-06T23:11:27.931+0000] {processor.py:840} INFO - DAG(s) 'example_xcom' retrieved from /home/malangdataguy/miniconda3/envs/airflow_mdg/lib/python3.8/site-packages/airflow/example_dags/example_xcom.py
[2024-04-06T23:11:27.954+0000] {logging_mixin.py:188} INFO - [2024-04-06T23:11:27.954+0000] {dag.py:3047} INFO - Sync 1 DAGs
[2024-04-06T23:11:27.978+0000] {logging_mixin.py:188} INFO - [2024-04-06T23:11:27.977+0000] {dag.py:3834} INFO - Setting next_dagrun for example_xcom to 2021-01-01 00:00:00+00:00, run_after=2021-01-01 00:00:00+00:00
[2024-04-06T23:11:28.006+0000] {processor.py:183} INFO - Processing /home/malangdataguy/miniconda3/envs/airflow_mdg/lib/python3.8/site-packages/airflow/example_dags/example_xcom.py took 0.095 seconds
[2024-04-06T23:12:11.522+0000] {processor.py:161} INFO - Started process (PID=68550) to work on /home/malangdataguy/miniconda3/envs/airflow_mdg/lib/python3.8/site-packages/airflow/example_dags/example_xcom.py
[2024-04-06T23:12:11.525+0000] {processor.py:830} INFO - Processing file /home/malangdataguy/miniconda3/envs/airflow_mdg/lib/python3.8/site-packages/airflow/example_dags/example_xcom.py for tasks to queue
[2024-04-06T23:12:11.526+0000] {logging_mixin.py:188} INFO - [2024-04-06T23:12:11.526+0000] {dagbag.py:540} INFO - Filling up the DagBag from /home/malangdataguy/miniconda3/envs/airflow_mdg/lib/python3.8/site-packages/airflow/example_dags/example_xcom.py
[2024-04-06T23:12:11.539+0000] {processor.py:840} INFO - DAG(s) 'example_xcom' retrieved from /home/malangdataguy/miniconda3/envs/airflow_mdg/lib/python3.8/site-packages/airflow/example_dags/example_xcom.py
[2024-04-06T23:12:11.567+0000] {logging_mixin.py:188} INFO - [2024-04-06T23:12:11.566+0000] {dag.py:3047} INFO - Sync 1 DAGs
[2024-04-06T23:12:11.596+0000] {logging_mixin.py:188} INFO - [2024-04-06T23:12:11.595+0000] {dag.py:3834} INFO - Setting next_dagrun for example_xcom to 2021-01-01 00:00:00+00:00, run_after=2021-01-01 00:00:00+00:00
[2024-04-06T23:12:11.627+0000] {processor.py:183} INFO - Processing /home/malangdataguy/miniconda3/envs/airflow_mdg/lib/python3.8/site-packages/airflow/example_dags/example_xcom.py took 0.110 seconds
[2024-04-06T23:12:54.410+0000] {processor.py:161} INFO - Started process (PID=68593) to work on /home/malangdataguy/miniconda3/envs/airflow_mdg/lib/python3.8/site-packages/airflow/example_dags/example_xcom.py
[2024-04-06T23:12:54.413+0000] {processor.py:830} INFO - Processing file /home/malangdataguy/miniconda3/envs/airflow_mdg/lib/python3.8/site-packages/airflow/example_dags/example_xcom.py for tasks to queue
[2024-04-06T23:12:54.414+0000] {logging_mixin.py:188} INFO - [2024-04-06T23:12:54.414+0000] {dagbag.py:540} INFO - Filling up the DagBag from /home/malangdataguy/miniconda3/envs/airflow_mdg/lib/python3.8/site-packages/airflow/example_dags/example_xcom.py
[2024-04-06T23:12:54.425+0000] {processor.py:840} INFO - DAG(s) 'example_xcom' retrieved from /home/malangdataguy/miniconda3/envs/airflow_mdg/lib/python3.8/site-packages/airflow/example_dags/example_xcom.py
[2024-04-06T23:12:54.449+0000] {logging_mixin.py:188} INFO - [2024-04-06T23:12:54.449+0000] {dag.py:3047} INFO - Sync 1 DAGs
[2024-04-06T23:12:54.473+0000] {logging_mixin.py:188} INFO - [2024-04-06T23:12:54.473+0000] {dag.py:3834} INFO - Setting next_dagrun for example_xcom to 2021-01-01 00:00:00+00:00, run_after=2021-01-01 00:00:00+00:00
[2024-04-06T23:12:54.501+0000] {processor.py:183} INFO - Processing /home/malangdataguy/miniconda3/envs/airflow_mdg/lib/python3.8/site-packages/airflow/example_dags/example_xcom.py took 0.095 seconds
[2024-04-06T23:13:34.927+0000] {processor.py:161} INFO - Started process (PID=68634) to work on /home/malangdataguy/miniconda3/envs/airflow_mdg/lib/python3.8/site-packages/airflow/example_dags/example_xcom.py
[2024-04-06T23:13:34.930+0000] {processor.py:830} INFO - Processing file /home/malangdataguy/miniconda3/envs/airflow_mdg/lib/python3.8/site-packages/airflow/example_dags/example_xcom.py for tasks to queue
[2024-04-06T23:13:34.931+0000] {logging_mixin.py:188} INFO - [2024-04-06T23:13:34.931+0000] {dagbag.py:540} INFO - Filling up the DagBag from /home/malangdataguy/miniconda3/envs/airflow_mdg/lib/python3.8/site-packages/airflow/example_dags/example_xcom.py
[2024-04-06T23:13:34.941+0000] {processor.py:840} INFO - DAG(s) 'example_xcom' retrieved from /home/malangdataguy/miniconda3/envs/airflow_mdg/lib/python3.8/site-packages/airflow/example_dags/example_xcom.py
[2024-04-06T23:13:34.965+0000] {logging_mixin.py:188} INFO - [2024-04-06T23:13:34.965+0000] {dag.py:3047} INFO - Sync 1 DAGs
[2024-04-06T23:13:34.989+0000] {logging_mixin.py:188} INFO - [2024-04-06T23:13:34.989+0000] {dag.py:3834} INFO - Setting next_dagrun for example_xcom to 2021-01-01 00:00:00+00:00, run_after=2021-01-01 00:00:00+00:00
[2024-04-06T23:13:35.016+0000] {processor.py:183} INFO - Processing /home/malangdataguy/miniconda3/envs/airflow_mdg/lib/python3.8/site-packages/airflow/example_dags/example_xcom.py took 0.094 seconds
[2024-04-06T23:14:16.259+0000] {processor.py:161} INFO - Started process (PID=68678) to work on /home/malangdataguy/miniconda3/envs/airflow_mdg/lib/python3.8/site-packages/airflow/example_dags/example_xcom.py
[2024-04-06T23:14:16.263+0000] {processor.py:830} INFO - Processing file /home/malangdataguy/miniconda3/envs/airflow_mdg/lib/python3.8/site-packages/airflow/example_dags/example_xcom.py for tasks to queue
[2024-04-06T23:14:16.264+0000] {logging_mixin.py:188} INFO - [2024-04-06T23:14:16.264+0000] {dagbag.py:540} INFO - Filling up the DagBag from /home/malangdataguy/miniconda3/envs/airflow_mdg/lib/python3.8/site-packages/airflow/example_dags/example_xcom.py
[2024-04-06T23:14:16.276+0000] {processor.py:840} INFO - DAG(s) 'example_xcom' retrieved from /home/malangdataguy/miniconda3/envs/airflow_mdg/lib/python3.8/site-packages/airflow/example_dags/example_xcom.py
[2024-04-06T23:14:16.299+0000] {logging_mixin.py:188} INFO - [2024-04-06T23:14:16.298+0000] {dag.py:3047} INFO - Sync 1 DAGs
[2024-04-06T23:14:16.323+0000] {logging_mixin.py:188} INFO - [2024-04-06T23:14:16.322+0000] {dag.py:3834} INFO - Setting next_dagrun for example_xcom to 2021-01-01 00:00:00+00:00, run_after=2021-01-01 00:00:00+00:00
[2024-04-06T23:14:16.352+0000] {processor.py:183} INFO - Processing /home/malangdataguy/miniconda3/envs/airflow_mdg/lib/python3.8/site-packages/airflow/example_dags/example_xcom.py took 0.097 seconds
[2024-04-06T23:14:59.749+0000] {processor.py:161} INFO - Started process (PID=68721) to work on /home/malangdataguy/miniconda3/envs/airflow_mdg/lib/python3.8/site-packages/airflow/example_dags/example_xcom.py
[2024-04-06T23:14:59.752+0000] {processor.py:830} INFO - Processing file /home/malangdataguy/miniconda3/envs/airflow_mdg/lib/python3.8/site-packages/airflow/example_dags/example_xcom.py for tasks to queue
[2024-04-06T23:14:59.754+0000] {logging_mixin.py:188} INFO - [2024-04-06T23:14:59.753+0000] {dagbag.py:540} INFO - Filling up the DagBag from /home/malangdataguy/miniconda3/envs/airflow_mdg/lib/python3.8/site-packages/airflow/example_dags/example_xcom.py
[2024-04-06T23:14:59.766+0000] {processor.py:840} INFO - DAG(s) 'example_xcom' retrieved from /home/malangdataguy/miniconda3/envs/airflow_mdg/lib/python3.8/site-packages/airflow/example_dags/example_xcom.py
[2024-04-06T23:14:59.794+0000] {logging_mixin.py:188} INFO - [2024-04-06T23:14:59.793+0000] {dag.py:3047} INFO - Sync 1 DAGs
[2024-04-06T23:14:59.823+0000] {logging_mixin.py:188} INFO - [2024-04-06T23:14:59.822+0000] {dag.py:3834} INFO - Setting next_dagrun for example_xcom to 2021-01-01 00:00:00+00:00, run_after=2021-01-01 00:00:00+00:00
[2024-04-06T23:14:59.855+0000] {processor.py:183} INFO - Processing /home/malangdataguy/miniconda3/envs/airflow_mdg/lib/python3.8/site-packages/airflow/example_dags/example_xcom.py took 0.111 seconds
[2024-04-06T23:15:37.943+0000] {processor.py:161} INFO - Started process (PID=68760) to work on /home/malangdataguy/miniconda3/envs/airflow_mdg/lib/python3.8/site-packages/airflow/example_dags/example_xcom.py
[2024-04-06T23:15:37.946+0000] {processor.py:830} INFO - Processing file /home/malangdataguy/miniconda3/envs/airflow_mdg/lib/python3.8/site-packages/airflow/example_dags/example_xcom.py for tasks to queue
[2024-04-06T23:15:37.948+0000] {logging_mixin.py:188} INFO - [2024-04-06T23:15:37.947+0000] {dagbag.py:540} INFO - Filling up the DagBag from /home/malangdataguy/miniconda3/envs/airflow_mdg/lib/python3.8/site-packages/airflow/example_dags/example_xcom.py
[2024-04-06T23:15:37.962+0000] {processor.py:840} INFO - DAG(s) 'example_xcom' retrieved from /home/malangdataguy/miniconda3/envs/airflow_mdg/lib/python3.8/site-packages/airflow/example_dags/example_xcom.py
[2024-04-06T23:15:37.991+0000] {logging_mixin.py:188} INFO - [2024-04-06T23:15:37.991+0000] {dag.py:3047} INFO - Sync 1 DAGs
[2024-04-06T23:15:38.018+0000] {logging_mixin.py:188} INFO - [2024-04-06T23:15:38.018+0000] {dag.py:3834} INFO - Setting next_dagrun for example_xcom to 2021-01-01 00:00:00+00:00, run_after=2021-01-01 00:00:00+00:00
[2024-04-06T23:15:38.052+0000] {processor.py:183} INFO - Processing /home/malangdataguy/miniconda3/envs/airflow_mdg/lib/python3.8/site-packages/airflow/example_dags/example_xcom.py took 0.114 seconds
[2024-04-06T23:16:16.088+0000] {processor.py:161} INFO - Started process (PID=68802) to work on /home/malangdataguy/miniconda3/envs/airflow_mdg/lib/python3.8/site-packages/airflow/example_dags/example_xcom.py
[2024-04-06T23:16:16.091+0000] {processor.py:830} INFO - Processing file /home/malangdataguy/miniconda3/envs/airflow_mdg/lib/python3.8/site-packages/airflow/example_dags/example_xcom.py for tasks to queue
[2024-04-06T23:16:16.093+0000] {logging_mixin.py:188} INFO - [2024-04-06T23:16:16.092+0000] {dagbag.py:540} INFO - Filling up the DagBag from /home/malangdataguy/miniconda3/envs/airflow_mdg/lib/python3.8/site-packages/airflow/example_dags/example_xcom.py
[2024-04-06T23:16:16.104+0000] {processor.py:840} INFO - DAG(s) 'example_xcom' retrieved from /home/malangdataguy/miniconda3/envs/airflow_mdg/lib/python3.8/site-packages/airflow/example_dags/example_xcom.py
[2024-04-06T23:16:16.128+0000] {logging_mixin.py:188} INFO - [2024-04-06T23:16:16.128+0000] {dag.py:3047} INFO - Sync 1 DAGs
[2024-04-06T23:16:16.152+0000] {logging_mixin.py:188} INFO - [2024-04-06T23:16:16.151+0000] {dag.py:3834} INFO - Setting next_dagrun for example_xcom to 2021-01-01 00:00:00+00:00, run_after=2021-01-01 00:00:00+00:00
[2024-04-06T23:16:16.183+0000] {processor.py:183} INFO - Processing /home/malangdataguy/miniconda3/envs/airflow_mdg/lib/python3.8/site-packages/airflow/example_dags/example_xcom.py took 0.100 seconds
[2024-04-06T23:16:53.695+0000] {processor.py:161} INFO - Started process (PID=68841) to work on /home/malangdataguy/miniconda3/envs/airflow_mdg/lib/python3.8/site-packages/airflow/example_dags/example_xcom.py
[2024-04-06T23:16:53.698+0000] {processor.py:830} INFO - Processing file /home/malangdataguy/miniconda3/envs/airflow_mdg/lib/python3.8/site-packages/airflow/example_dags/example_xcom.py for tasks to queue
[2024-04-06T23:16:53.699+0000] {logging_mixin.py:188} INFO - [2024-04-06T23:16:53.699+0000] {dagbag.py:540} INFO - Filling up the DagBag from /home/malangdataguy/miniconda3/envs/airflow_mdg/lib/python3.8/site-packages/airflow/example_dags/example_xcom.py
[2024-04-06T23:16:53.711+0000] {processor.py:840} INFO - DAG(s) 'example_xcom' retrieved from /home/malangdataguy/miniconda3/envs/airflow_mdg/lib/python3.8/site-packages/airflow/example_dags/example_xcom.py
[2024-04-06T23:16:53.739+0000] {logging_mixin.py:188} INFO - [2024-04-06T23:16:53.738+0000] {dag.py:3047} INFO - Sync 1 DAGs
[2024-04-06T23:16:53.765+0000] {logging_mixin.py:188} INFO - [2024-04-06T23:16:53.764+0000] {dag.py:3834} INFO - Setting next_dagrun for example_xcom to 2021-01-01 00:00:00+00:00, run_after=2021-01-01 00:00:00+00:00
[2024-04-06T23:16:53.796+0000] {processor.py:183} INFO - Processing /home/malangdataguy/miniconda3/envs/airflow_mdg/lib/python3.8/site-packages/airflow/example_dags/example_xcom.py took 0.106 seconds
[2024-04-06T23:17:34.605+0000] {processor.py:161} INFO - Started process (PID=68890) to work on /home/malangdataguy/miniconda3/envs/airflow_mdg/lib/python3.8/site-packages/airflow/example_dags/example_xcom.py
[2024-04-06T23:17:34.608+0000] {processor.py:830} INFO - Processing file /home/malangdataguy/miniconda3/envs/airflow_mdg/lib/python3.8/site-packages/airflow/example_dags/example_xcom.py for tasks to queue
[2024-04-06T23:17:34.609+0000] {logging_mixin.py:188} INFO - [2024-04-06T23:17:34.608+0000] {dagbag.py:540} INFO - Filling up the DagBag from /home/malangdataguy/miniconda3/envs/airflow_mdg/lib/python3.8/site-packages/airflow/example_dags/example_xcom.py
[2024-04-06T23:17:34.621+0000] {processor.py:840} INFO - DAG(s) 'example_xcom' retrieved from /home/malangdataguy/miniconda3/envs/airflow_mdg/lib/python3.8/site-packages/airflow/example_dags/example_xcom.py
[2024-04-06T23:17:34.648+0000] {logging_mixin.py:188} INFO - [2024-04-06T23:17:34.647+0000] {dag.py:3047} INFO - Sync 1 DAGs
[2024-04-06T23:17:34.676+0000] {logging_mixin.py:188} INFO - [2024-04-06T23:17:34.675+0000] {dag.py:3834} INFO - Setting next_dagrun for example_xcom to 2021-01-01 00:00:00+00:00, run_after=2021-01-01 00:00:00+00:00
[2024-04-06T23:17:34.709+0000] {processor.py:183} INFO - Processing /home/malangdataguy/miniconda3/envs/airflow_mdg/lib/python3.8/site-packages/airflow/example_dags/example_xcom.py took 0.110 seconds
[2024-04-06T23:18:17.988+0000] {processor.py:161} INFO - Started process (PID=68933) to work on /home/malangdataguy/miniconda3/envs/airflow_mdg/lib/python3.8/site-packages/airflow/example_dags/example_xcom.py
[2024-04-06T23:18:17.991+0000] {processor.py:830} INFO - Processing file /home/malangdataguy/miniconda3/envs/airflow_mdg/lib/python3.8/site-packages/airflow/example_dags/example_xcom.py for tasks to queue
[2024-04-06T23:18:17.992+0000] {logging_mixin.py:188} INFO - [2024-04-06T23:18:17.992+0000] {dagbag.py:540} INFO - Filling up the DagBag from /home/malangdataguy/miniconda3/envs/airflow_mdg/lib/python3.8/site-packages/airflow/example_dags/example_xcom.py
[2024-04-06T23:18:18.005+0000] {processor.py:840} INFO - DAG(s) 'example_xcom' retrieved from /home/malangdataguy/miniconda3/envs/airflow_mdg/lib/python3.8/site-packages/airflow/example_dags/example_xcom.py
[2024-04-06T23:18:18.031+0000] {logging_mixin.py:188} INFO - [2024-04-06T23:18:18.031+0000] {dag.py:3047} INFO - Sync 1 DAGs
[2024-04-06T23:18:18.058+0000] {logging_mixin.py:188} INFO - [2024-04-06T23:18:18.058+0000] {dag.py:3834} INFO - Setting next_dagrun for example_xcom to 2021-01-01 00:00:00+00:00, run_after=2021-01-01 00:00:00+00:00
[2024-04-06T23:18:18.089+0000] {processor.py:183} INFO - Processing /home/malangdataguy/miniconda3/envs/airflow_mdg/lib/python3.8/site-packages/airflow/example_dags/example_xcom.py took 0.107 seconds
[2024-04-06T23:18:58.703+0000] {processor.py:161} INFO - Started process (PID=68975) to work on /home/malangdataguy/miniconda3/envs/airflow_mdg/lib/python3.8/site-packages/airflow/example_dags/example_xcom.py
[2024-04-06T23:18:58.706+0000] {processor.py:830} INFO - Processing file /home/malangdataguy/miniconda3/envs/airflow_mdg/lib/python3.8/site-packages/airflow/example_dags/example_xcom.py for tasks to queue
[2024-04-06T23:18:58.707+0000] {logging_mixin.py:188} INFO - [2024-04-06T23:18:58.707+0000] {dagbag.py:540} INFO - Filling up the DagBag from /home/malangdataguy/miniconda3/envs/airflow_mdg/lib/python3.8/site-packages/airflow/example_dags/example_xcom.py
[2024-04-06T23:18:58.720+0000] {processor.py:840} INFO - DAG(s) 'example_xcom' retrieved from /home/malangdataguy/miniconda3/envs/airflow_mdg/lib/python3.8/site-packages/airflow/example_dags/example_xcom.py
[2024-04-06T23:18:58.751+0000] {logging_mixin.py:188} INFO - [2024-04-06T23:18:58.751+0000] {dag.py:3047} INFO - Sync 1 DAGs
[2024-04-06T23:18:58.779+0000] {logging_mixin.py:188} INFO - [2024-04-06T23:18:58.779+0000] {dag.py:3834} INFO - Setting next_dagrun for example_xcom to 2021-01-01 00:00:00+00:00, run_after=2021-01-01 00:00:00+00:00
[2024-04-06T23:18:58.812+0000] {processor.py:183} INFO - Processing /home/malangdataguy/miniconda3/envs/airflow_mdg/lib/python3.8/site-packages/airflow/example_dags/example_xcom.py took 0.115 seconds
[2024-04-06T23:19:41.796+0000] {processor.py:161} INFO - Started process (PID=69016) to work on /home/malangdataguy/miniconda3/envs/airflow_mdg/lib/python3.8/site-packages/airflow/example_dags/example_xcom.py
[2024-04-06T23:19:41.802+0000] {processor.py:830} INFO - Processing file /home/malangdataguy/miniconda3/envs/airflow_mdg/lib/python3.8/site-packages/airflow/example_dags/example_xcom.py for tasks to queue
[2024-04-06T23:19:41.806+0000] {logging_mixin.py:188} INFO - [2024-04-06T23:19:41.805+0000] {dagbag.py:540} INFO - Filling up the DagBag from /home/malangdataguy/miniconda3/envs/airflow_mdg/lib/python3.8/site-packages/airflow/example_dags/example_xcom.py
[2024-04-06T23:19:41.831+0000] {processor.py:840} INFO - DAG(s) 'example_xcom' retrieved from /home/malangdataguy/miniconda3/envs/airflow_mdg/lib/python3.8/site-packages/airflow/example_dags/example_xcom.py
[2024-04-06T23:19:41.893+0000] {logging_mixin.py:188} INFO - [2024-04-06T23:19:41.892+0000] {dag.py:3047} INFO - Sync 1 DAGs
[2024-04-06T23:19:41.926+0000] {logging_mixin.py:188} INFO - [2024-04-06T23:19:41.926+0000] {dag.py:3834} INFO - Setting next_dagrun for example_xcom to 2021-01-01 00:00:00+00:00, run_after=2021-01-01 00:00:00+00:00
[2024-04-06T23:19:41.958+0000] {processor.py:183} INFO - Processing /home/malangdataguy/miniconda3/envs/airflow_mdg/lib/python3.8/site-packages/airflow/example_dags/example_xcom.py took 0.178 seconds
[2024-04-06T23:20:28.757+0000] {processor.py:161} INFO - Started process (PID=69062) to work on /home/malangdataguy/miniconda3/envs/airflow_mdg/lib/python3.8/site-packages/airflow/example_dags/example_xcom.py
[2024-04-06T23:20:28.760+0000] {processor.py:830} INFO - Processing file /home/malangdataguy/miniconda3/envs/airflow_mdg/lib/python3.8/site-packages/airflow/example_dags/example_xcom.py for tasks to queue
[2024-04-06T23:20:28.762+0000] {logging_mixin.py:188} INFO - [2024-04-06T23:20:28.761+0000] {dagbag.py:540} INFO - Filling up the DagBag from /home/malangdataguy/miniconda3/envs/airflow_mdg/lib/python3.8/site-packages/airflow/example_dags/example_xcom.py
[2024-04-06T23:20:28.776+0000] {processor.py:840} INFO - DAG(s) 'example_xcom' retrieved from /home/malangdataguy/miniconda3/envs/airflow_mdg/lib/python3.8/site-packages/airflow/example_dags/example_xcom.py
[2024-04-06T23:20:28.805+0000] {logging_mixin.py:188} INFO - [2024-04-06T23:20:28.804+0000] {dag.py:3047} INFO - Sync 1 DAGs
[2024-04-06T23:20:28.833+0000] {logging_mixin.py:188} INFO - [2024-04-06T23:20:28.833+0000] {dag.py:3834} INFO - Setting next_dagrun for example_xcom to 2021-01-01 00:00:00+00:00, run_after=2021-01-01 00:00:00+00:00
[2024-04-06T23:20:28.867+0000] {processor.py:183} INFO - Processing /home/malangdataguy/miniconda3/envs/airflow_mdg/lib/python3.8/site-packages/airflow/example_dags/example_xcom.py took 0.115 seconds
[2024-04-06T23:21:11.075+0000] {processor.py:161} INFO - Started process (PID=69108) to work on /home/malangdataguy/miniconda3/envs/airflow_mdg/lib/python3.8/site-packages/airflow/example_dags/example_xcom.py
[2024-04-06T23:21:11.077+0000] {processor.py:830} INFO - Processing file /home/malangdataguy/miniconda3/envs/airflow_mdg/lib/python3.8/site-packages/airflow/example_dags/example_xcom.py for tasks to queue
[2024-04-06T23:21:11.079+0000] {logging_mixin.py:188} INFO - [2024-04-06T23:21:11.078+0000] {dagbag.py:540} INFO - Filling up the DagBag from /home/malangdataguy/miniconda3/envs/airflow_mdg/lib/python3.8/site-packages/airflow/example_dags/example_xcom.py
[2024-04-06T23:21:11.089+0000] {processor.py:840} INFO - DAG(s) 'example_xcom' retrieved from /home/malangdataguy/miniconda3/envs/airflow_mdg/lib/python3.8/site-packages/airflow/example_dags/example_xcom.py
[2024-04-06T23:21:11.113+0000] {logging_mixin.py:188} INFO - [2024-04-06T23:21:11.113+0000] {dag.py:3047} INFO - Sync 1 DAGs
[2024-04-06T23:21:11.136+0000] {logging_mixin.py:188} INFO - [2024-04-06T23:21:11.136+0000] {dag.py:3834} INFO - Setting next_dagrun for example_xcom to 2021-01-01 00:00:00+00:00, run_after=2021-01-01 00:00:00+00:00
[2024-04-06T23:21:11.165+0000] {processor.py:183} INFO - Processing /home/malangdataguy/miniconda3/envs/airflow_mdg/lib/python3.8/site-packages/airflow/example_dags/example_xcom.py took 0.096 seconds
[2024-04-06T23:21:50.503+0000] {processor.py:161} INFO - Started process (PID=69146) to work on /home/malangdataguy/miniconda3/envs/airflow_mdg/lib/python3.8/site-packages/airflow/example_dags/example_xcom.py
[2024-04-06T23:21:50.506+0000] {processor.py:830} INFO - Processing file /home/malangdataguy/miniconda3/envs/airflow_mdg/lib/python3.8/site-packages/airflow/example_dags/example_xcom.py for tasks to queue
[2024-04-06T23:21:50.508+0000] {logging_mixin.py:188} INFO - [2024-04-06T23:21:50.507+0000] {dagbag.py:540} INFO - Filling up the DagBag from /home/malangdataguy/miniconda3/envs/airflow_mdg/lib/python3.8/site-packages/airflow/example_dags/example_xcom.py
[2024-04-06T23:21:50.521+0000] {processor.py:840} INFO - DAG(s) 'example_xcom' retrieved from /home/malangdataguy/miniconda3/envs/airflow_mdg/lib/python3.8/site-packages/airflow/example_dags/example_xcom.py
[2024-04-06T23:21:50.550+0000] {logging_mixin.py:188} INFO - [2024-04-06T23:21:50.550+0000] {dag.py:3047} INFO - Sync 1 DAGs
[2024-04-06T23:21:50.579+0000] {logging_mixin.py:188} INFO - [2024-04-06T23:21:50.578+0000] {dag.py:3834} INFO - Setting next_dagrun for example_xcom to 2021-01-01 00:00:00+00:00, run_after=2021-01-01 00:00:00+00:00
[2024-04-06T23:21:50.615+0000] {processor.py:183} INFO - Processing /home/malangdataguy/miniconda3/envs/airflow_mdg/lib/python3.8/site-packages/airflow/example_dags/example_xcom.py took 0.118 seconds
[2024-04-06T23:40:13.635+0000] {processor.py:161} INFO - Started process (PID=69275) to work on /home/malangdataguy/miniconda3/envs/airflow_mdg/lib/python3.8/site-packages/airflow/example_dags/example_xcom.py
[2024-04-06T23:40:13.637+0000] {processor.py:830} INFO - Processing file /home/malangdataguy/miniconda3/envs/airflow_mdg/lib/python3.8/site-packages/airflow/example_dags/example_xcom.py for tasks to queue
[2024-04-06T23:40:13.639+0000] {logging_mixin.py:188} INFO - [2024-04-06T23:40:13.638+0000] {dagbag.py:540} INFO - Filling up the DagBag from /home/malangdataguy/miniconda3/envs/airflow_mdg/lib/python3.8/site-packages/airflow/example_dags/example_xcom.py
[2024-04-06T23:40:13.653+0000] {processor.py:840} INFO - DAG(s) 'example_xcom' retrieved from /home/malangdataguy/miniconda3/envs/airflow_mdg/lib/python3.8/site-packages/airflow/example_dags/example_xcom.py
[2024-04-06T23:40:13.684+0000] {logging_mixin.py:188} INFO - [2024-04-06T23:40:13.684+0000] {dag.py:3047} INFO - Sync 1 DAGs
[2024-04-06T23:40:13.710+0000] {logging_mixin.py:188} INFO - [2024-04-06T23:40:13.710+0000] {dag.py:3834} INFO - Setting next_dagrun for example_xcom to 2021-01-01 00:00:00+00:00, run_after=2021-01-01 00:00:00+00:00
[2024-04-06T23:40:13.737+0000] {processor.py:183} INFO - Processing /home/malangdataguy/miniconda3/envs/airflow_mdg/lib/python3.8/site-packages/airflow/example_dags/example_xcom.py took 0.107 seconds
[2024-04-06T23:41:07.477+0000] {processor.py:161} INFO - Started process (PID=69325) to work on /home/malangdataguy/miniconda3/envs/airflow_mdg/lib/python3.8/site-packages/airflow/example_dags/example_xcom.py
[2024-04-06T23:41:07.479+0000] {processor.py:830} INFO - Processing file /home/malangdataguy/miniconda3/envs/airflow_mdg/lib/python3.8/site-packages/airflow/example_dags/example_xcom.py for tasks to queue
[2024-04-06T23:41:07.481+0000] {logging_mixin.py:188} INFO - [2024-04-06T23:41:07.480+0000] {dagbag.py:540} INFO - Filling up the DagBag from /home/malangdataguy/miniconda3/envs/airflow_mdg/lib/python3.8/site-packages/airflow/example_dags/example_xcom.py
[2024-04-06T23:41:07.492+0000] {processor.py:840} INFO - DAG(s) 'example_xcom' retrieved from /home/malangdataguy/miniconda3/envs/airflow_mdg/lib/python3.8/site-packages/airflow/example_dags/example_xcom.py
[2024-04-06T23:41:07.517+0000] {logging_mixin.py:188} INFO - [2024-04-06T23:41:07.517+0000] {dag.py:3047} INFO - Sync 1 DAGs
[2024-04-06T23:41:07.541+0000] {logging_mixin.py:188} INFO - [2024-04-06T23:41:07.541+0000] {dag.py:3834} INFO - Setting next_dagrun for example_xcom to 2021-01-01 00:00:00+00:00, run_after=2021-01-01 00:00:00+00:00
[2024-04-06T23:41:07.571+0000] {processor.py:183} INFO - Processing /home/malangdataguy/miniconda3/envs/airflow_mdg/lib/python3.8/site-packages/airflow/example_dags/example_xcom.py took 0.101 seconds
[2024-04-06T23:41:51.205+0000] {processor.py:161} INFO - Started process (PID=69367) to work on /home/malangdataguy/miniconda3/envs/airflow_mdg/lib/python3.8/site-packages/airflow/example_dags/example_xcom.py
[2024-04-06T23:41:51.208+0000] {processor.py:830} INFO - Processing file /home/malangdataguy/miniconda3/envs/airflow_mdg/lib/python3.8/site-packages/airflow/example_dags/example_xcom.py for tasks to queue
[2024-04-06T23:41:51.209+0000] {logging_mixin.py:188} INFO - [2024-04-06T23:41:51.209+0000] {dagbag.py:540} INFO - Filling up the DagBag from /home/malangdataguy/miniconda3/envs/airflow_mdg/lib/python3.8/site-packages/airflow/example_dags/example_xcom.py
[2024-04-06T23:41:51.220+0000] {processor.py:840} INFO - DAG(s) 'example_xcom' retrieved from /home/malangdataguy/miniconda3/envs/airflow_mdg/lib/python3.8/site-packages/airflow/example_dags/example_xcom.py
[2024-04-06T23:41:51.249+0000] {logging_mixin.py:188} INFO - [2024-04-06T23:41:51.248+0000] {dag.py:3047} INFO - Sync 1 DAGs
[2024-04-06T23:41:51.274+0000] {logging_mixin.py:188} INFO - [2024-04-06T23:41:51.274+0000] {dag.py:3834} INFO - Setting next_dagrun for example_xcom to 2021-01-01 00:00:00+00:00, run_after=2021-01-01 00:00:00+00:00
[2024-04-06T23:41:51.305+0000] {processor.py:183} INFO - Processing /home/malangdataguy/miniconda3/envs/airflow_mdg/lib/python3.8/site-packages/airflow/example_dags/example_xcom.py took 0.105 seconds
[2024-04-06T23:42:36.632+0000] {processor.py:161} INFO - Started process (PID=69411) to work on /home/malangdataguy/miniconda3/envs/airflow_mdg/lib/python3.8/site-packages/airflow/example_dags/example_xcom.py
[2024-04-06T23:42:36.634+0000] {processor.py:830} INFO - Processing file /home/malangdataguy/miniconda3/envs/airflow_mdg/lib/python3.8/site-packages/airflow/example_dags/example_xcom.py for tasks to queue
[2024-04-06T23:42:36.635+0000] {logging_mixin.py:188} INFO - [2024-04-06T23:42:36.635+0000] {dagbag.py:540} INFO - Filling up the DagBag from /home/malangdataguy/miniconda3/envs/airflow_mdg/lib/python3.8/site-packages/airflow/example_dags/example_xcom.py
[2024-04-06T23:42:36.647+0000] {processor.py:840} INFO - DAG(s) 'example_xcom' retrieved from /home/malangdataguy/miniconda3/envs/airflow_mdg/lib/python3.8/site-packages/airflow/example_dags/example_xcom.py
[2024-04-06T23:42:36.671+0000] {logging_mixin.py:188} INFO - [2024-04-06T23:42:36.671+0000] {dag.py:3047} INFO - Sync 1 DAGs
[2024-04-06T23:42:36.694+0000] {logging_mixin.py:188} INFO - [2024-04-06T23:42:36.694+0000] {dag.py:3834} INFO - Setting next_dagrun for example_xcom to 2021-01-01 00:00:00+00:00, run_after=2021-01-01 00:00:00+00:00
[2024-04-06T23:42:36.723+0000] {processor.py:183} INFO - Processing /home/malangdataguy/miniconda3/envs/airflow_mdg/lib/python3.8/site-packages/airflow/example_dags/example_xcom.py took 0.097 seconds
[2024-04-06T23:43:19.805+0000] {processor.py:161} INFO - Started process (PID=69455) to work on /home/malangdataguy/miniconda3/envs/airflow_mdg/lib/python3.8/site-packages/airflow/example_dags/example_xcom.py
[2024-04-06T23:43:19.808+0000] {processor.py:830} INFO - Processing file /home/malangdataguy/miniconda3/envs/airflow_mdg/lib/python3.8/site-packages/airflow/example_dags/example_xcom.py for tasks to queue
[2024-04-06T23:43:19.810+0000] {logging_mixin.py:188} INFO - [2024-04-06T23:43:19.809+0000] {dagbag.py:540} INFO - Filling up the DagBag from /home/malangdataguy/miniconda3/envs/airflow_mdg/lib/python3.8/site-packages/airflow/example_dags/example_xcom.py
[2024-04-06T23:43:19.821+0000] {processor.py:840} INFO - DAG(s) 'example_xcom' retrieved from /home/malangdataguy/miniconda3/envs/airflow_mdg/lib/python3.8/site-packages/airflow/example_dags/example_xcom.py
[2024-04-06T23:43:19.845+0000] {logging_mixin.py:188} INFO - [2024-04-06T23:43:19.845+0000] {dag.py:3047} INFO - Sync 1 DAGs
[2024-04-06T23:43:19.871+0000] {logging_mixin.py:188} INFO - [2024-04-06T23:43:19.871+0000] {dag.py:3834} INFO - Setting next_dagrun for example_xcom to 2021-01-01 00:00:00+00:00, run_after=2021-01-01 00:00:00+00:00
[2024-04-06T23:43:19.903+0000] {processor.py:183} INFO - Processing /home/malangdataguy/miniconda3/envs/airflow_mdg/lib/python3.8/site-packages/airflow/example_dags/example_xcom.py took 0.102 seconds
[2024-04-06T23:44:05.255+0000] {processor.py:161} INFO - Started process (PID=69514) to work on /home/malangdataguy/miniconda3/envs/airflow_mdg/lib/python3.8/site-packages/airflow/example_dags/example_xcom.py
[2024-04-06T23:44:05.258+0000] {processor.py:830} INFO - Processing file /home/malangdataguy/miniconda3/envs/airflow_mdg/lib/python3.8/site-packages/airflow/example_dags/example_xcom.py for tasks to queue
[2024-04-06T23:44:05.259+0000] {logging_mixin.py:188} INFO - [2024-04-06T23:44:05.259+0000] {dagbag.py:540} INFO - Filling up the DagBag from /home/malangdataguy/miniconda3/envs/airflow_mdg/lib/python3.8/site-packages/airflow/example_dags/example_xcom.py
[2024-04-06T23:44:05.272+0000] {processor.py:840} INFO - DAG(s) 'example_xcom' retrieved from /home/malangdataguy/miniconda3/envs/airflow_mdg/lib/python3.8/site-packages/airflow/example_dags/example_xcom.py
[2024-04-06T23:44:05.300+0000] {logging_mixin.py:188} INFO - [2024-04-06T23:44:05.300+0000] {dag.py:3047} INFO - Sync 1 DAGs
[2024-04-06T23:44:05.328+0000] {logging_mixin.py:188} INFO - [2024-04-06T23:44:05.328+0000] {dag.py:3834} INFO - Setting next_dagrun for example_xcom to 2021-01-01 00:00:00+00:00, run_after=2021-01-01 00:00:00+00:00
[2024-04-06T23:44:05.363+0000] {processor.py:183} INFO - Processing /home/malangdataguy/miniconda3/envs/airflow_mdg/lib/python3.8/site-packages/airflow/example_dags/example_xcom.py took 0.113 seconds
[2024-04-06T23:44:48.194+0000] {processor.py:161} INFO - Started process (PID=69560) to work on /home/malangdataguy/miniconda3/envs/airflow_mdg/lib/python3.8/site-packages/airflow/example_dags/example_xcom.py
[2024-04-06T23:44:48.197+0000] {processor.py:830} INFO - Processing file /home/malangdataguy/miniconda3/envs/airflow_mdg/lib/python3.8/site-packages/airflow/example_dags/example_xcom.py for tasks to queue
[2024-04-06T23:44:48.199+0000] {logging_mixin.py:188} INFO - [2024-04-06T23:44:48.198+0000] {dagbag.py:540} INFO - Filling up the DagBag from /home/malangdataguy/miniconda3/envs/airflow_mdg/lib/python3.8/site-packages/airflow/example_dags/example_xcom.py
[2024-04-06T23:44:48.214+0000] {processor.py:840} INFO - DAG(s) 'example_xcom' retrieved from /home/malangdataguy/miniconda3/envs/airflow_mdg/lib/python3.8/site-packages/airflow/example_dags/example_xcom.py
[2024-04-06T23:44:48.245+0000] {logging_mixin.py:188} INFO - [2024-04-06T23:44:48.245+0000] {dag.py:3047} INFO - Sync 1 DAGs
[2024-04-06T23:44:48.279+0000] {logging_mixin.py:188} INFO - [2024-04-06T23:44:48.279+0000] {dag.py:3834} INFO - Setting next_dagrun for example_xcom to 2021-01-01 00:00:00+00:00, run_after=2021-01-01 00:00:00+00:00
[2024-04-06T23:44:48.316+0000] {processor.py:183} INFO - Processing /home/malangdataguy/miniconda3/envs/airflow_mdg/lib/python3.8/site-packages/airflow/example_dags/example_xcom.py took 0.128 seconds
[2024-04-06T23:45:29.977+0000] {processor.py:161} INFO - Started process (PID=69605) to work on /home/malangdataguy/miniconda3/envs/airflow_mdg/lib/python3.8/site-packages/airflow/example_dags/example_xcom.py
[2024-04-06T23:45:29.980+0000] {processor.py:830} INFO - Processing file /home/malangdataguy/miniconda3/envs/airflow_mdg/lib/python3.8/site-packages/airflow/example_dags/example_xcom.py for tasks to queue
[2024-04-06T23:45:29.982+0000] {logging_mixin.py:188} INFO - [2024-04-06T23:45:29.981+0000] {dagbag.py:540} INFO - Filling up the DagBag from /home/malangdataguy/miniconda3/envs/airflow_mdg/lib/python3.8/site-packages/airflow/example_dags/example_xcom.py
[2024-04-06T23:45:30.000+0000] {processor.py:840} INFO - DAG(s) 'example_xcom' retrieved from /home/malangdataguy/miniconda3/envs/airflow_mdg/lib/python3.8/site-packages/airflow/example_dags/example_xcom.py
[2024-04-06T23:45:30.037+0000] {logging_mixin.py:188} INFO - [2024-04-06T23:45:30.036+0000] {dag.py:3047} INFO - Sync 1 DAGs
[2024-04-06T23:45:30.105+0000] {logging_mixin.py:188} INFO - [2024-04-06T23:45:30.104+0000] {dag.py:3834} INFO - Setting next_dagrun for example_xcom to 2021-01-01 00:00:00+00:00, run_after=2021-01-01 00:00:00+00:00
[2024-04-06T23:45:30.162+0000] {processor.py:183} INFO - Processing /home/malangdataguy/miniconda3/envs/airflow_mdg/lib/python3.8/site-packages/airflow/example_dags/example_xcom.py took 0.190 seconds
[2024-04-06T23:46:11.712+0000] {processor.py:161} INFO - Started process (PID=69649) to work on /home/malangdataguy/miniconda3/envs/airflow_mdg/lib/python3.8/site-packages/airflow/example_dags/example_xcom.py
[2024-04-06T23:46:11.715+0000] {processor.py:830} INFO - Processing file /home/malangdataguy/miniconda3/envs/airflow_mdg/lib/python3.8/site-packages/airflow/example_dags/example_xcom.py for tasks to queue
[2024-04-06T23:46:11.717+0000] {logging_mixin.py:188} INFO - [2024-04-06T23:46:11.716+0000] {dagbag.py:540} INFO - Filling up the DagBag from /home/malangdataguy/miniconda3/envs/airflow_mdg/lib/python3.8/site-packages/airflow/example_dags/example_xcom.py
[2024-04-06T23:46:11.728+0000] {processor.py:840} INFO - DAG(s) 'example_xcom' retrieved from /home/malangdataguy/miniconda3/envs/airflow_mdg/lib/python3.8/site-packages/airflow/example_dags/example_xcom.py
[2024-04-06T23:46:11.750+0000] {logging_mixin.py:188} INFO - [2024-04-06T23:46:11.750+0000] {dag.py:3047} INFO - Sync 1 DAGs
[2024-04-06T23:46:11.773+0000] {logging_mixin.py:188} INFO - [2024-04-06T23:46:11.772+0000] {dag.py:3834} INFO - Setting next_dagrun for example_xcom to 2021-01-01 00:00:00+00:00, run_after=2021-01-01 00:00:00+00:00
[2024-04-06T23:46:11.801+0000] {processor.py:183} INFO - Processing /home/malangdataguy/miniconda3/envs/airflow_mdg/lib/python3.8/site-packages/airflow/example_dags/example_xcom.py took 0.094 seconds
[2024-04-06T23:46:50.512+0000] {processor.py:161} INFO - Started process (PID=69717) to work on /home/malangdataguy/miniconda3/envs/airflow_mdg/lib/python3.8/site-packages/airflow/example_dags/example_xcom.py
[2024-04-06T23:46:50.515+0000] {processor.py:830} INFO - Processing file /home/malangdataguy/miniconda3/envs/airflow_mdg/lib/python3.8/site-packages/airflow/example_dags/example_xcom.py for tasks to queue
[2024-04-06T23:46:50.516+0000] {logging_mixin.py:188} INFO - [2024-04-06T23:46:50.516+0000] {dagbag.py:540} INFO - Filling up the DagBag from /home/malangdataguy/miniconda3/envs/airflow_mdg/lib/python3.8/site-packages/airflow/example_dags/example_xcom.py
[2024-04-06T23:46:50.527+0000] {processor.py:840} INFO - DAG(s) 'example_xcom' retrieved from /home/malangdataguy/miniconda3/envs/airflow_mdg/lib/python3.8/site-packages/airflow/example_dags/example_xcom.py
[2024-04-06T23:46:50.551+0000] {logging_mixin.py:188} INFO - [2024-04-06T23:46:50.550+0000] {dag.py:3047} INFO - Sync 1 DAGs
[2024-04-06T23:46:50.574+0000] {logging_mixin.py:188} INFO - [2024-04-06T23:46:50.574+0000] {dag.py:3834} INFO - Setting next_dagrun for example_xcom to 2021-01-01 00:00:00+00:00, run_after=2021-01-01 00:00:00+00:00
[2024-04-06T23:46:50.601+0000] {processor.py:183} INFO - Processing /home/malangdataguy/miniconda3/envs/airflow_mdg/lib/python3.8/site-packages/airflow/example_dags/example_xcom.py took 0.094 seconds
[2024-04-06T23:47:29.435+0000] {processor.py:161} INFO - Started process (PID=69761) to work on /home/malangdataguy/miniconda3/envs/airflow_mdg/lib/python3.8/site-packages/airflow/example_dags/example_xcom.py
[2024-04-06T23:47:29.438+0000] {processor.py:830} INFO - Processing file /home/malangdataguy/miniconda3/envs/airflow_mdg/lib/python3.8/site-packages/airflow/example_dags/example_xcom.py for tasks to queue
[2024-04-06T23:47:29.439+0000] {logging_mixin.py:188} INFO - [2024-04-06T23:47:29.439+0000] {dagbag.py:540} INFO - Filling up the DagBag from /home/malangdataguy/miniconda3/envs/airflow_mdg/lib/python3.8/site-packages/airflow/example_dags/example_xcom.py
[2024-04-06T23:47:29.450+0000] {processor.py:840} INFO - DAG(s) 'example_xcom' retrieved from /home/malangdataguy/miniconda3/envs/airflow_mdg/lib/python3.8/site-packages/airflow/example_dags/example_xcom.py
[2024-04-06T23:47:29.472+0000] {logging_mixin.py:188} INFO - [2024-04-06T23:47:29.472+0000] {dag.py:3047} INFO - Sync 1 DAGs
[2024-04-06T23:47:29.496+0000] {logging_mixin.py:188} INFO - [2024-04-06T23:47:29.496+0000] {dag.py:3834} INFO - Setting next_dagrun for example_xcom to 2021-01-01 00:00:00+00:00, run_after=2021-01-01 00:00:00+00:00
[2024-04-06T23:47:29.527+0000] {processor.py:183} INFO - Processing /home/malangdataguy/miniconda3/envs/airflow_mdg/lib/python3.8/site-packages/airflow/example_dags/example_xcom.py took 0.096 seconds
[2024-04-06T23:48:13.363+0000] {processor.py:161} INFO - Started process (PID=69808) to work on /home/malangdataguy/miniconda3/envs/airflow_mdg/lib/python3.8/site-packages/airflow/example_dags/example_xcom.py
[2024-04-06T23:48:13.366+0000] {processor.py:830} INFO - Processing file /home/malangdataguy/miniconda3/envs/airflow_mdg/lib/python3.8/site-packages/airflow/example_dags/example_xcom.py for tasks to queue
[2024-04-06T23:48:13.368+0000] {logging_mixin.py:188} INFO - [2024-04-06T23:48:13.367+0000] {dagbag.py:540} INFO - Filling up the DagBag from /home/malangdataguy/miniconda3/envs/airflow_mdg/lib/python3.8/site-packages/airflow/example_dags/example_xcom.py
[2024-04-06T23:48:13.385+0000] {processor.py:840} INFO - DAG(s) 'example_xcom' retrieved from /home/malangdataguy/miniconda3/envs/airflow_mdg/lib/python3.8/site-packages/airflow/example_dags/example_xcom.py
[2024-04-06T23:48:13.414+0000] {logging_mixin.py:188} INFO - [2024-04-06T23:48:13.413+0000] {dag.py:3047} INFO - Sync 1 DAGs
[2024-04-06T23:48:13.442+0000] {logging_mixin.py:188} INFO - [2024-04-06T23:48:13.441+0000] {dag.py:3834} INFO - Setting next_dagrun for example_xcom to 2021-01-01 00:00:00+00:00, run_after=2021-01-01 00:00:00+00:00
[2024-04-06T23:48:13.478+0000] {processor.py:183} INFO - Processing /home/malangdataguy/miniconda3/envs/airflow_mdg/lib/python3.8/site-packages/airflow/example_dags/example_xcom.py took 0.122 seconds
[2024-04-06T23:48:53.932+0000] {processor.py:161} INFO - Started process (PID=69850) to work on /home/malangdataguy/miniconda3/envs/airflow_mdg/lib/python3.8/site-packages/airflow/example_dags/example_xcom.py
[2024-04-06T23:48:53.935+0000] {processor.py:830} INFO - Processing file /home/malangdataguy/miniconda3/envs/airflow_mdg/lib/python3.8/site-packages/airflow/example_dags/example_xcom.py for tasks to queue
[2024-04-06T23:48:53.937+0000] {logging_mixin.py:188} INFO - [2024-04-06T23:48:53.936+0000] {dagbag.py:540} INFO - Filling up the DagBag from /home/malangdataguy/miniconda3/envs/airflow_mdg/lib/python3.8/site-packages/airflow/example_dags/example_xcom.py
[2024-04-06T23:48:53.950+0000] {processor.py:840} INFO - DAG(s) 'example_xcom' retrieved from /home/malangdataguy/miniconda3/envs/airflow_mdg/lib/python3.8/site-packages/airflow/example_dags/example_xcom.py
[2024-04-06T23:48:53.977+0000] {logging_mixin.py:188} INFO - [2024-04-06T23:48:53.977+0000] {dag.py:3047} INFO - Sync 1 DAGs
[2024-04-06T23:48:54.005+0000] {logging_mixin.py:188} INFO - [2024-04-06T23:48:54.005+0000] {dag.py:3834} INFO - Setting next_dagrun for example_xcom to 2021-01-01 00:00:00+00:00, run_after=2021-01-01 00:00:00+00:00
[2024-04-06T23:48:54.039+0000] {processor.py:183} INFO - Processing /home/malangdataguy/miniconda3/envs/airflow_mdg/lib/python3.8/site-packages/airflow/example_dags/example_xcom.py took 0.114 seconds
[2024-04-06T23:49:38.434+0000] {processor.py:161} INFO - Started process (PID=69893) to work on /home/malangdataguy/miniconda3/envs/airflow_mdg/lib/python3.8/site-packages/airflow/example_dags/example_xcom.py
[2024-04-06T23:49:38.436+0000] {processor.py:830} INFO - Processing file /home/malangdataguy/miniconda3/envs/airflow_mdg/lib/python3.8/site-packages/airflow/example_dags/example_xcom.py for tasks to queue
[2024-04-06T23:49:38.438+0000] {logging_mixin.py:188} INFO - [2024-04-06T23:49:38.437+0000] {dagbag.py:540} INFO - Filling up the DagBag from /home/malangdataguy/miniconda3/envs/airflow_mdg/lib/python3.8/site-packages/airflow/example_dags/example_xcom.py
[2024-04-06T23:49:38.451+0000] {processor.py:840} INFO - DAG(s) 'example_xcom' retrieved from /home/malangdataguy/miniconda3/envs/airflow_mdg/lib/python3.8/site-packages/airflow/example_dags/example_xcom.py
[2024-04-06T23:49:38.474+0000] {logging_mixin.py:188} INFO - [2024-04-06T23:49:38.474+0000] {dag.py:3047} INFO - Sync 1 DAGs
[2024-04-06T23:49:38.501+0000] {logging_mixin.py:188} INFO - [2024-04-06T23:49:38.501+0000] {dag.py:3834} INFO - Setting next_dagrun for example_xcom to 2021-01-01 00:00:00+00:00, run_after=2021-01-01 00:00:00+00:00
[2024-04-06T23:49:38.532+0000] {processor.py:183} INFO - Processing /home/malangdataguy/miniconda3/envs/airflow_mdg/lib/python3.8/site-packages/airflow/example_dags/example_xcom.py took 0.102 seconds
[2024-04-06T23:50:16.116+0000] {processor.py:161} INFO - Started process (PID=69935) to work on /home/malangdataguy/miniconda3/envs/airflow_mdg/lib/python3.8/site-packages/airflow/example_dags/example_xcom.py
[2024-04-06T23:50:16.118+0000] {processor.py:830} INFO - Processing file /home/malangdataguy/miniconda3/envs/airflow_mdg/lib/python3.8/site-packages/airflow/example_dags/example_xcom.py for tasks to queue
[2024-04-06T23:50:16.119+0000] {logging_mixin.py:188} INFO - [2024-04-06T23:50:16.119+0000] {dagbag.py:540} INFO - Filling up the DagBag from /home/malangdataguy/miniconda3/envs/airflow_mdg/lib/python3.8/site-packages/airflow/example_dags/example_xcom.py
[2024-04-06T23:50:16.130+0000] {processor.py:840} INFO - DAG(s) 'example_xcom' retrieved from /home/malangdataguy/miniconda3/envs/airflow_mdg/lib/python3.8/site-packages/airflow/example_dags/example_xcom.py
[2024-04-06T23:50:16.154+0000] {logging_mixin.py:188} INFO - [2024-04-06T23:50:16.154+0000] {dag.py:3047} INFO - Sync 1 DAGs
[2024-04-06T23:50:16.178+0000] {logging_mixin.py:188} INFO - [2024-04-06T23:50:16.178+0000] {dag.py:3834} INFO - Setting next_dagrun for example_xcom to 2021-01-01 00:00:00+00:00, run_after=2021-01-01 00:00:00+00:00
[2024-04-06T23:50:16.206+0000] {processor.py:183} INFO - Processing /home/malangdataguy/miniconda3/envs/airflow_mdg/lib/python3.8/site-packages/airflow/example_dags/example_xcom.py took 0.095 seconds
[2024-04-06T23:50:56.892+0000] {processor.py:161} INFO - Started process (PID=69974) to work on /home/malangdataguy/miniconda3/envs/airflow_mdg/lib/python3.8/site-packages/airflow/example_dags/example_xcom.py
[2024-04-06T23:50:56.895+0000] {processor.py:830} INFO - Processing file /home/malangdataguy/miniconda3/envs/airflow_mdg/lib/python3.8/site-packages/airflow/example_dags/example_xcom.py for tasks to queue
[2024-04-06T23:50:56.896+0000] {logging_mixin.py:188} INFO - [2024-04-06T23:50:56.896+0000] {dagbag.py:540} INFO - Filling up the DagBag from /home/malangdataguy/miniconda3/envs/airflow_mdg/lib/python3.8/site-packages/airflow/example_dags/example_xcom.py
[2024-04-06T23:50:56.909+0000] {processor.py:840} INFO - DAG(s) 'example_xcom' retrieved from /home/malangdataguy/miniconda3/envs/airflow_mdg/lib/python3.8/site-packages/airflow/example_dags/example_xcom.py
[2024-04-06T23:50:56.936+0000] {logging_mixin.py:188} INFO - [2024-04-06T23:50:56.935+0000] {dag.py:3047} INFO - Sync 1 DAGs
[2024-04-06T23:50:56.962+0000] {logging_mixin.py:188} INFO - [2024-04-06T23:50:56.962+0000] {dag.py:3834} INFO - Setting next_dagrun for example_xcom to 2021-01-01 00:00:00+00:00, run_after=2021-01-01 00:00:00+00:00
[2024-04-06T23:50:56.994+0000] {processor.py:183} INFO - Processing /home/malangdataguy/miniconda3/envs/airflow_mdg/lib/python3.8/site-packages/airflow/example_dags/example_xcom.py took 0.108 seconds
[2024-04-06T23:51:39.712+0000] {processor.py:161} INFO - Started process (PID=70019) to work on /home/malangdataguy/miniconda3/envs/airflow_mdg/lib/python3.8/site-packages/airflow/example_dags/example_xcom.py
[2024-04-06T23:51:39.715+0000] {processor.py:830} INFO - Processing file /home/malangdataguy/miniconda3/envs/airflow_mdg/lib/python3.8/site-packages/airflow/example_dags/example_xcom.py for tasks to queue
[2024-04-06T23:51:39.717+0000] {logging_mixin.py:188} INFO - [2024-04-06T23:51:39.716+0000] {dagbag.py:540} INFO - Filling up the DagBag from /home/malangdataguy/miniconda3/envs/airflow_mdg/lib/python3.8/site-packages/airflow/example_dags/example_xcom.py
[2024-04-06T23:51:39.729+0000] {processor.py:840} INFO - DAG(s) 'example_xcom' retrieved from /home/malangdataguy/miniconda3/envs/airflow_mdg/lib/python3.8/site-packages/airflow/example_dags/example_xcom.py
[2024-04-06T23:51:39.757+0000] {logging_mixin.py:188} INFO - [2024-04-06T23:51:39.756+0000] {dag.py:3047} INFO - Sync 1 DAGs
[2024-04-06T23:51:39.785+0000] {logging_mixin.py:188} INFO - [2024-04-06T23:51:39.784+0000] {dag.py:3834} INFO - Setting next_dagrun for example_xcom to 2021-01-01 00:00:00+00:00, run_after=2021-01-01 00:00:00+00:00
[2024-04-06T23:51:39.821+0000] {processor.py:183} INFO - Processing /home/malangdataguy/miniconda3/envs/airflow_mdg/lib/python3.8/site-packages/airflow/example_dags/example_xcom.py took 0.115 seconds
[2024-04-06T23:52:24.021+0000] {processor.py:161} INFO - Started process (PID=70065) to work on /home/malangdataguy/miniconda3/envs/airflow_mdg/lib/python3.8/site-packages/airflow/example_dags/example_xcom.py
[2024-04-06T23:52:24.024+0000] {processor.py:830} INFO - Processing file /home/malangdataguy/miniconda3/envs/airflow_mdg/lib/python3.8/site-packages/airflow/example_dags/example_xcom.py for tasks to queue
[2024-04-06T23:52:24.025+0000] {logging_mixin.py:188} INFO - [2024-04-06T23:52:24.025+0000] {dagbag.py:540} INFO - Filling up the DagBag from /home/malangdataguy/miniconda3/envs/airflow_mdg/lib/python3.8/site-packages/airflow/example_dags/example_xcom.py
[2024-04-06T23:52:24.036+0000] {processor.py:840} INFO - DAG(s) 'example_xcom' retrieved from /home/malangdataguy/miniconda3/envs/airflow_mdg/lib/python3.8/site-packages/airflow/example_dags/example_xcom.py
[2024-04-06T23:52:24.060+0000] {logging_mixin.py:188} INFO - [2024-04-06T23:52:24.059+0000] {dag.py:3047} INFO - Sync 1 DAGs
[2024-04-06T23:52:24.085+0000] {logging_mixin.py:188} INFO - [2024-04-06T23:52:24.085+0000] {dag.py:3834} INFO - Setting next_dagrun for example_xcom to 2021-01-01 00:00:00+00:00, run_after=2021-01-01 00:00:00+00:00
[2024-04-06T23:52:24.114+0000] {processor.py:183} INFO - Processing /home/malangdataguy/miniconda3/envs/airflow_mdg/lib/python3.8/site-packages/airflow/example_dags/example_xcom.py took 0.098 seconds
[2024-04-06T23:53:07.341+0000] {processor.py:161} INFO - Started process (PID=70107) to work on /home/malangdataguy/miniconda3/envs/airflow_mdg/lib/python3.8/site-packages/airflow/example_dags/example_xcom.py
[2024-04-06T23:53:07.344+0000] {processor.py:830} INFO - Processing file /home/malangdataguy/miniconda3/envs/airflow_mdg/lib/python3.8/site-packages/airflow/example_dags/example_xcom.py for tasks to queue
[2024-04-06T23:53:07.346+0000] {logging_mixin.py:188} INFO - [2024-04-06T23:53:07.345+0000] {dagbag.py:540} INFO - Filling up the DagBag from /home/malangdataguy/miniconda3/envs/airflow_mdg/lib/python3.8/site-packages/airflow/example_dags/example_xcom.py
[2024-04-06T23:53:07.358+0000] {processor.py:840} INFO - DAG(s) 'example_xcom' retrieved from /home/malangdataguy/miniconda3/envs/airflow_mdg/lib/python3.8/site-packages/airflow/example_dags/example_xcom.py
[2024-04-06T23:53:07.383+0000] {logging_mixin.py:188} INFO - [2024-04-06T23:53:07.383+0000] {dag.py:3047} INFO - Sync 1 DAGs
[2024-04-06T23:53:07.413+0000] {logging_mixin.py:188} INFO - [2024-04-06T23:53:07.412+0000] {dag.py:3834} INFO - Setting next_dagrun for example_xcom to 2021-01-01 00:00:00+00:00, run_after=2021-01-01 00:00:00+00:00
[2024-04-06T23:53:07.445+0000] {processor.py:183} INFO - Processing /home/malangdataguy/miniconda3/envs/airflow_mdg/lib/python3.8/site-packages/airflow/example_dags/example_xcom.py took 0.109 seconds
[2024-04-06T23:53:52.212+0000] {processor.py:161} INFO - Started process (PID=70168) to work on /home/malangdataguy/miniconda3/envs/airflow_mdg/lib/python3.8/site-packages/airflow/example_dags/example_xcom.py
[2024-04-06T23:53:52.214+0000] {processor.py:830} INFO - Processing file /home/malangdataguy/miniconda3/envs/airflow_mdg/lib/python3.8/site-packages/airflow/example_dags/example_xcom.py for tasks to queue
[2024-04-06T23:53:52.216+0000] {logging_mixin.py:188} INFO - [2024-04-06T23:53:52.215+0000] {dagbag.py:540} INFO - Filling up the DagBag from /home/malangdataguy/miniconda3/envs/airflow_mdg/lib/python3.8/site-packages/airflow/example_dags/example_xcom.py
[2024-04-06T23:53:52.229+0000] {processor.py:840} INFO - DAG(s) 'example_xcom' retrieved from /home/malangdataguy/miniconda3/envs/airflow_mdg/lib/python3.8/site-packages/airflow/example_dags/example_xcom.py
[2024-04-06T23:53:52.258+0000] {logging_mixin.py:188} INFO - [2024-04-06T23:53:52.258+0000] {dag.py:3047} INFO - Sync 1 DAGs
[2024-04-06T23:53:52.287+0000] {logging_mixin.py:188} INFO - [2024-04-06T23:53:52.287+0000] {dag.py:3834} INFO - Setting next_dagrun for example_xcom to 2021-01-01 00:00:00+00:00, run_after=2021-01-01 00:00:00+00:00
[2024-04-06T23:53:52.322+0000] {processor.py:183} INFO - Processing /home/malangdataguy/miniconda3/envs/airflow_mdg/lib/python3.8/site-packages/airflow/example_dags/example_xcom.py took 0.117 seconds
[2024-04-06T23:54:35.378+0000] {processor.py:161} INFO - Started process (PID=70234) to work on /home/malangdataguy/miniconda3/envs/airflow_mdg/lib/python3.8/site-packages/airflow/example_dags/example_xcom.py
[2024-04-06T23:54:35.381+0000] {processor.py:830} INFO - Processing file /home/malangdataguy/miniconda3/envs/airflow_mdg/lib/python3.8/site-packages/airflow/example_dags/example_xcom.py for tasks to queue
[2024-04-06T23:54:35.383+0000] {logging_mixin.py:188} INFO - [2024-04-06T23:54:35.382+0000] {dagbag.py:540} INFO - Filling up the DagBag from /home/malangdataguy/miniconda3/envs/airflow_mdg/lib/python3.8/site-packages/airflow/example_dags/example_xcom.py
[2024-04-06T23:54:35.395+0000] {processor.py:840} INFO - DAG(s) 'example_xcom' retrieved from /home/malangdataguy/miniconda3/envs/airflow_mdg/lib/python3.8/site-packages/airflow/example_dags/example_xcom.py
[2024-04-06T23:54:35.422+0000] {logging_mixin.py:188} INFO - [2024-04-06T23:54:35.421+0000] {dag.py:3047} INFO - Sync 1 DAGs
[2024-04-06T23:54:35.449+0000] {logging_mixin.py:188} INFO - [2024-04-06T23:54:35.449+0000] {dag.py:3834} INFO - Setting next_dagrun for example_xcom to 2021-01-01 00:00:00+00:00, run_after=2021-01-01 00:00:00+00:00
[2024-04-06T23:54:35.484+0000] {processor.py:183} INFO - Processing /home/malangdataguy/miniconda3/envs/airflow_mdg/lib/python3.8/site-packages/airflow/example_dags/example_xcom.py took 0.111 seconds
[2024-04-06T23:55:17.578+0000] {processor.py:161} INFO - Started process (PID=70275) to work on /home/malangdataguy/miniconda3/envs/airflow_mdg/lib/python3.8/site-packages/airflow/example_dags/example_xcom.py
[2024-04-06T23:55:17.582+0000] {processor.py:830} INFO - Processing file /home/malangdataguy/miniconda3/envs/airflow_mdg/lib/python3.8/site-packages/airflow/example_dags/example_xcom.py for tasks to queue
[2024-04-06T23:55:17.584+0000] {logging_mixin.py:188} INFO - [2024-04-06T23:55:17.583+0000] {dagbag.py:540} INFO - Filling up the DagBag from /home/malangdataguy/miniconda3/envs/airflow_mdg/lib/python3.8/site-packages/airflow/example_dags/example_xcom.py
[2024-04-06T23:55:17.599+0000] {processor.py:840} INFO - DAG(s) 'example_xcom' retrieved from /home/malangdataguy/miniconda3/envs/airflow_mdg/lib/python3.8/site-packages/airflow/example_dags/example_xcom.py
[2024-04-06T23:55:17.627+0000] {logging_mixin.py:188} INFO - [2024-04-06T23:55:17.627+0000] {dag.py:3047} INFO - Sync 1 DAGs
[2024-04-06T23:55:17.655+0000] {logging_mixin.py:188} INFO - [2024-04-06T23:55:17.655+0000] {dag.py:3834} INFO - Setting next_dagrun for example_xcom to 2021-01-01 00:00:00+00:00, run_after=2021-01-01 00:00:00+00:00
[2024-04-06T23:55:17.690+0000] {processor.py:183} INFO - Processing /home/malangdataguy/miniconda3/envs/airflow_mdg/lib/python3.8/site-packages/airflow/example_dags/example_xcom.py took 0.118 seconds
[2024-04-06T23:56:00.167+0000] {processor.py:161} INFO - Started process (PID=70318) to work on /home/malangdataguy/miniconda3/envs/airflow_mdg/lib/python3.8/site-packages/airflow/example_dags/example_xcom.py
[2024-04-06T23:56:00.170+0000] {processor.py:830} INFO - Processing file /home/malangdataguy/miniconda3/envs/airflow_mdg/lib/python3.8/site-packages/airflow/example_dags/example_xcom.py for tasks to queue
[2024-04-06T23:56:00.171+0000] {logging_mixin.py:188} INFO - [2024-04-06T23:56:00.171+0000] {dagbag.py:540} INFO - Filling up the DagBag from /home/malangdataguy/miniconda3/envs/airflow_mdg/lib/python3.8/site-packages/airflow/example_dags/example_xcom.py
[2024-04-06T23:56:00.183+0000] {processor.py:840} INFO - DAG(s) 'example_xcom' retrieved from /home/malangdataguy/miniconda3/envs/airflow_mdg/lib/python3.8/site-packages/airflow/example_dags/example_xcom.py
[2024-04-06T23:56:00.207+0000] {logging_mixin.py:188} INFO - [2024-04-06T23:56:00.207+0000] {dag.py:3047} INFO - Sync 1 DAGs
[2024-04-06T23:56:00.232+0000] {logging_mixin.py:188} INFO - [2024-04-06T23:56:00.231+0000] {dag.py:3834} INFO - Setting next_dagrun for example_xcom to 2021-01-01 00:00:00+00:00, run_after=2021-01-01 00:00:00+00:00
[2024-04-06T23:56:00.261+0000] {processor.py:183} INFO - Processing /home/malangdataguy/miniconda3/envs/airflow_mdg/lib/python3.8/site-packages/airflow/example_dags/example_xcom.py took 0.099 seconds
