[2024-04-06T23:09:34.642+0000] {processor.py:161} INFO - Started process (PID=68386) to work on /home/malangdataguy/miniconda3/envs/airflow_mdg/lib/python3.8/site-packages/airflow/example_dags/example_branch_python_dop_operator_3.py
[2024-04-06T23:09:34.644+0000] {processor.py:830} INFO - Processing file /home/malangdataguy/miniconda3/envs/airflow_mdg/lib/python3.8/site-packages/airflow/example_dags/example_branch_python_dop_operator_3.py for tasks to queue
[2024-04-06T23:09:34.645+0000] {logging_mixin.py:188} INFO - [2024-04-06T23:09:34.644+0000] {dagbag.py:540} INFO - Filling up the DagBag from /home/malangdataguy/miniconda3/envs/airflow_mdg/lib/python3.8/site-packages/airflow/example_dags/example_branch_python_dop_operator_3.py
[2024-04-06T23:09:34.658+0000] {processor.py:840} INFO - DAG(s) 'example_branch_dop_operator_v3' retrieved from /home/malangdataguy/miniconda3/envs/airflow_mdg/lib/python3.8/site-packages/airflow/example_dags/example_branch_python_dop_operator_3.py
[2024-04-06T23:09:34.768+0000] {logging_mixin.py:188} INFO - [2024-04-06T23:09:34.768+0000] {dag.py:3047} INFO - Sync 1 DAGs
[2024-04-06T23:09:34.798+0000] {logging_mixin.py:188} INFO - [2024-04-06T23:09:34.798+0000] {dag.py:3834} INFO - Setting next_dagrun for example_branch_dop_operator_v3 to 2024-04-06 23:08:00+00:00, run_after=2024-04-06 23:09:00+00:00
[2024-04-06T23:09:34.825+0000] {processor.py:183} INFO - Processing /home/malangdataguy/miniconda3/envs/airflow_mdg/lib/python3.8/site-packages/airflow/example_dags/example_branch_python_dop_operator_3.py took 0.188 seconds
[2024-04-06T23:10:28.596+0000] {processor.py:161} INFO - Started process (PID=68436) to work on /home/malangdataguy/miniconda3/envs/airflow_mdg/lib/python3.8/site-packages/airflow/example_dags/example_branch_python_dop_operator_3.py
[2024-04-06T23:10:28.599+0000] {processor.py:830} INFO - Processing file /home/malangdataguy/miniconda3/envs/airflow_mdg/lib/python3.8/site-packages/airflow/example_dags/example_branch_python_dop_operator_3.py for tasks to queue
[2024-04-06T23:10:28.600+0000] {logging_mixin.py:188} INFO - [2024-04-06T23:10:28.599+0000] {dagbag.py:540} INFO - Filling up the DagBag from /home/malangdataguy/miniconda3/envs/airflow_mdg/lib/python3.8/site-packages/airflow/example_dags/example_branch_python_dop_operator_3.py
[2024-04-06T23:10:28.613+0000] {processor.py:840} INFO - DAG(s) 'example_branch_dop_operator_v3' retrieved from /home/malangdataguy/miniconda3/envs/airflow_mdg/lib/python3.8/site-packages/airflow/example_dags/example_branch_python_dop_operator_3.py
[2024-04-06T23:10:28.636+0000] {logging_mixin.py:188} INFO - [2024-04-06T23:10:28.636+0000] {dag.py:3047} INFO - Sync 1 DAGs
[2024-04-06T23:10:28.665+0000] {logging_mixin.py:188} INFO - [2024-04-06T23:10:28.665+0000] {dag.py:3834} INFO - Setting next_dagrun for example_branch_dop_operator_v3 to 2024-04-06 23:09:00+00:00, run_after=2024-04-06 23:10:00+00:00
[2024-04-06T23:10:28.693+0000] {processor.py:183} INFO - Processing /home/malangdataguy/miniconda3/envs/airflow_mdg/lib/python3.8/site-packages/airflow/example_dags/example_branch_python_dop_operator_3.py took 0.102 seconds
[2024-04-06T23:11:17.772+0000] {processor.py:161} INFO - Started process (PID=68496) to work on /home/malangdataguy/miniconda3/envs/airflow_mdg/lib/python3.8/site-packages/airflow/example_dags/example_branch_python_dop_operator_3.py
[2024-04-06T23:11:17.775+0000] {processor.py:830} INFO - Processing file /home/malangdataguy/miniconda3/envs/airflow_mdg/lib/python3.8/site-packages/airflow/example_dags/example_branch_python_dop_operator_3.py for tasks to queue
[2024-04-06T23:11:17.777+0000] {logging_mixin.py:188} INFO - [2024-04-06T23:11:17.776+0000] {dagbag.py:540} INFO - Filling up the DagBag from /home/malangdataguy/miniconda3/envs/airflow_mdg/lib/python3.8/site-packages/airflow/example_dags/example_branch_python_dop_operator_3.py
[2024-04-06T23:11:17.792+0000] {processor.py:840} INFO - DAG(s) 'example_branch_dop_operator_v3' retrieved from /home/malangdataguy/miniconda3/envs/airflow_mdg/lib/python3.8/site-packages/airflow/example_dags/example_branch_python_dop_operator_3.py
[2024-04-06T23:11:17.820+0000] {logging_mixin.py:188} INFO - [2024-04-06T23:11:17.820+0000] {dag.py:3047} INFO - Sync 1 DAGs
[2024-04-06T23:11:17.853+0000] {logging_mixin.py:188} INFO - [2024-04-06T23:11:17.853+0000] {dag.py:3834} INFO - Setting next_dagrun for example_branch_dop_operator_v3 to 2024-04-06 23:10:00+00:00, run_after=2024-04-06 23:11:00+00:00
[2024-04-06T23:11:17.893+0000] {processor.py:183} INFO - Processing /home/malangdataguy/miniconda3/envs/airflow_mdg/lib/python3.8/site-packages/airflow/example_dags/example_branch_python_dop_operator_3.py took 0.126 seconds
[2024-04-06T23:12:19.467+0000] {processor.py:161} INFO - Started process (PID=68558) to work on /home/malangdataguy/miniconda3/envs/airflow_mdg/lib/python3.8/site-packages/airflow/example_dags/example_branch_python_dop_operator_3.py
[2024-04-06T23:12:19.470+0000] {processor.py:830} INFO - Processing file /home/malangdataguy/miniconda3/envs/airflow_mdg/lib/python3.8/site-packages/airflow/example_dags/example_branch_python_dop_operator_3.py for tasks to queue
[2024-04-06T23:12:19.471+0000] {logging_mixin.py:188} INFO - [2024-04-06T23:12:19.470+0000] {dagbag.py:540} INFO - Filling up the DagBag from /home/malangdataguy/miniconda3/envs/airflow_mdg/lib/python3.8/site-packages/airflow/example_dags/example_branch_python_dop_operator_3.py
[2024-04-06T23:12:19.486+0000] {processor.py:840} INFO - DAG(s) 'example_branch_dop_operator_v3' retrieved from /home/malangdataguy/miniconda3/envs/airflow_mdg/lib/python3.8/site-packages/airflow/example_dags/example_branch_python_dop_operator_3.py
[2024-04-06T23:12:19.509+0000] {logging_mixin.py:188} INFO - [2024-04-06T23:12:19.509+0000] {dag.py:3047} INFO - Sync 1 DAGs
[2024-04-06T23:12:19.539+0000] {logging_mixin.py:188} INFO - [2024-04-06T23:12:19.538+0000] {dag.py:3834} INFO - Setting next_dagrun for example_branch_dop_operator_v3 to 2024-04-06 23:11:00+00:00, run_after=2024-04-06 23:12:00+00:00
[2024-04-06T23:12:19.570+0000] {processor.py:183} INFO - Processing /home/malangdataguy/miniconda3/envs/airflow_mdg/lib/python3.8/site-packages/airflow/example_dags/example_branch_python_dop_operator_3.py took 0.108 seconds
[2024-04-06T23:13:20.510+0000] {processor.py:161} INFO - Started process (PID=68619) to work on /home/malangdataguy/miniconda3/envs/airflow_mdg/lib/python3.8/site-packages/airflow/example_dags/example_branch_python_dop_operator_3.py
[2024-04-06T23:13:20.513+0000] {processor.py:830} INFO - Processing file /home/malangdataguy/miniconda3/envs/airflow_mdg/lib/python3.8/site-packages/airflow/example_dags/example_branch_python_dop_operator_3.py for tasks to queue
[2024-04-06T23:13:20.515+0000] {logging_mixin.py:188} INFO - [2024-04-06T23:13:20.514+0000] {dagbag.py:540} INFO - Filling up the DagBag from /home/malangdataguy/miniconda3/envs/airflow_mdg/lib/python3.8/site-packages/airflow/example_dags/example_branch_python_dop_operator_3.py
[2024-04-06T23:13:20.528+0000] {processor.py:840} INFO - DAG(s) 'example_branch_dop_operator_v3' retrieved from /home/malangdataguy/miniconda3/envs/airflow_mdg/lib/python3.8/site-packages/airflow/example_dags/example_branch_python_dop_operator_3.py
[2024-04-06T23:13:20.552+0000] {logging_mixin.py:188} INFO - [2024-04-06T23:13:20.552+0000] {dag.py:3047} INFO - Sync 1 DAGs
[2024-04-06T23:13:20.582+0000] {logging_mixin.py:188} INFO - [2024-04-06T23:13:20.581+0000] {dag.py:3834} INFO - Setting next_dagrun for example_branch_dop_operator_v3 to 2024-04-06 23:12:00+00:00, run_after=2024-04-06 23:13:00+00:00
[2024-04-06T23:13:20.610+0000] {processor.py:183} INFO - Processing /home/malangdataguy/miniconda3/envs/airflow_mdg/lib/python3.8/site-packages/airflow/example_dags/example_branch_python_dop_operator_3.py took 0.104 seconds
[2024-04-06T23:14:23.327+0000] {processor.py:161} INFO - Started process (PID=68684) to work on /home/malangdataguy/miniconda3/envs/airflow_mdg/lib/python3.8/site-packages/airflow/example_dags/example_branch_python_dop_operator_3.py
[2024-04-06T23:14:23.330+0000] {processor.py:830} INFO - Processing file /home/malangdataguy/miniconda3/envs/airflow_mdg/lib/python3.8/site-packages/airflow/example_dags/example_branch_python_dop_operator_3.py for tasks to queue
[2024-04-06T23:14:23.331+0000] {logging_mixin.py:188} INFO - [2024-04-06T23:14:23.331+0000] {dagbag.py:540} INFO - Filling up the DagBag from /home/malangdataguy/miniconda3/envs/airflow_mdg/lib/python3.8/site-packages/airflow/example_dags/example_branch_python_dop_operator_3.py
[2024-04-06T23:14:23.344+0000] {processor.py:840} INFO - DAG(s) 'example_branch_dop_operator_v3' retrieved from /home/malangdataguy/miniconda3/envs/airflow_mdg/lib/python3.8/site-packages/airflow/example_dags/example_branch_python_dop_operator_3.py
[2024-04-06T23:14:23.366+0000] {logging_mixin.py:188} INFO - [2024-04-06T23:14:23.365+0000] {dag.py:3047} INFO - Sync 1 DAGs
[2024-04-06T23:14:23.395+0000] {logging_mixin.py:188} INFO - [2024-04-06T23:14:23.395+0000] {dag.py:3834} INFO - Setting next_dagrun for example_branch_dop_operator_v3 to 2024-04-06 23:13:00+00:00, run_after=2024-04-06 23:14:00+00:00
[2024-04-06T23:14:23.425+0000] {processor.py:183} INFO - Processing /home/malangdataguy/miniconda3/envs/airflow_mdg/lib/python3.8/site-packages/airflow/example_dags/example_branch_python_dop_operator_3.py took 0.103 seconds
[2024-04-06T23:15:07.472+0000] {processor.py:161} INFO - Started process (PID=68729) to work on /home/malangdataguy/miniconda3/envs/airflow_mdg/lib/python3.8/site-packages/airflow/example_dags/example_branch_python_dop_operator_3.py
[2024-04-06T23:15:07.475+0000] {processor.py:830} INFO - Processing file /home/malangdataguy/miniconda3/envs/airflow_mdg/lib/python3.8/site-packages/airflow/example_dags/example_branch_python_dop_operator_3.py for tasks to queue
[2024-04-06T23:15:07.477+0000] {logging_mixin.py:188} INFO - [2024-04-06T23:15:07.476+0000] {dagbag.py:540} INFO - Filling up the DagBag from /home/malangdataguy/miniconda3/envs/airflow_mdg/lib/python3.8/site-packages/airflow/example_dags/example_branch_python_dop_operator_3.py
[2024-04-06T23:15:07.493+0000] {processor.py:840} INFO - DAG(s) 'example_branch_dop_operator_v3' retrieved from /home/malangdataguy/miniconda3/envs/airflow_mdg/lib/python3.8/site-packages/airflow/example_dags/example_branch_python_dop_operator_3.py
[2024-04-06T23:15:07.521+0000] {logging_mixin.py:188} INFO - [2024-04-06T23:15:07.520+0000] {dag.py:3047} INFO - Sync 1 DAGs
[2024-04-06T23:15:07.555+0000] {logging_mixin.py:188} INFO - [2024-04-06T23:15:07.554+0000] {dag.py:3834} INFO - Setting next_dagrun for example_branch_dop_operator_v3 to 2024-04-06 23:14:00+00:00, run_after=2024-04-06 23:15:00+00:00
[2024-04-06T23:15:07.592+0000] {processor.py:183} INFO - Processing /home/malangdataguy/miniconda3/envs/airflow_mdg/lib/python3.8/site-packages/airflow/example_dags/example_branch_python_dop_operator_3.py took 0.126 seconds
[2024-04-06T23:16:05.213+0000] {processor.py:161} INFO - Started process (PID=68789) to work on /home/malangdataguy/miniconda3/envs/airflow_mdg/lib/python3.8/site-packages/airflow/example_dags/example_branch_python_dop_operator_3.py
[2024-04-06T23:16:05.216+0000] {processor.py:830} INFO - Processing file /home/malangdataguy/miniconda3/envs/airflow_mdg/lib/python3.8/site-packages/airflow/example_dags/example_branch_python_dop_operator_3.py for tasks to queue
[2024-04-06T23:16:05.218+0000] {logging_mixin.py:188} INFO - [2024-04-06T23:16:05.217+0000] {dagbag.py:540} INFO - Filling up the DagBag from /home/malangdataguy/miniconda3/envs/airflow_mdg/lib/python3.8/site-packages/airflow/example_dags/example_branch_python_dop_operator_3.py
[2024-04-06T23:16:05.231+0000] {processor.py:840} INFO - DAG(s) 'example_branch_dop_operator_v3' retrieved from /home/malangdataguy/miniconda3/envs/airflow_mdg/lib/python3.8/site-packages/airflow/example_dags/example_branch_python_dop_operator_3.py
[2024-04-06T23:16:05.256+0000] {logging_mixin.py:188} INFO - [2024-04-06T23:16:05.255+0000] {dag.py:3047} INFO - Sync 1 DAGs
[2024-04-06T23:16:05.284+0000] {logging_mixin.py:188} INFO - [2024-04-06T23:16:05.284+0000] {dag.py:3834} INFO - Setting next_dagrun for example_branch_dop_operator_v3 to 2024-04-06 23:15:00+00:00, run_after=2024-04-06 23:16:00+00:00
[2024-04-06T23:16:05.312+0000] {processor.py:183} INFO - Processing /home/malangdataguy/miniconda3/envs/airflow_mdg/lib/python3.8/site-packages/airflow/example_dags/example_branch_python_dop_operator_3.py took 0.104 seconds
[2024-04-06T23:17:01.341+0000] {processor.py:161} INFO - Started process (PID=68851) to work on /home/malangdataguy/miniconda3/envs/airflow_mdg/lib/python3.8/site-packages/airflow/example_dags/example_branch_python_dop_operator_3.py
[2024-04-06T23:17:01.344+0000] {processor.py:830} INFO - Processing file /home/malangdataguy/miniconda3/envs/airflow_mdg/lib/python3.8/site-packages/airflow/example_dags/example_branch_python_dop_operator_3.py for tasks to queue
[2024-04-06T23:17:01.346+0000] {logging_mixin.py:188} INFO - [2024-04-06T23:17:01.345+0000] {dagbag.py:540} INFO - Filling up the DagBag from /home/malangdataguy/miniconda3/envs/airflow_mdg/lib/python3.8/site-packages/airflow/example_dags/example_branch_python_dop_operator_3.py
[2024-04-06T23:17:01.359+0000] {processor.py:840} INFO - DAG(s) 'example_branch_dop_operator_v3' retrieved from /home/malangdataguy/miniconda3/envs/airflow_mdg/lib/python3.8/site-packages/airflow/example_dags/example_branch_python_dop_operator_3.py
[2024-04-06T23:17:01.382+0000] {logging_mixin.py:188} INFO - [2024-04-06T23:17:01.382+0000] {dag.py:3047} INFO - Sync 1 DAGs
[2024-04-06T23:17:01.410+0000] {logging_mixin.py:188} INFO - [2024-04-06T23:17:01.409+0000] {dag.py:3834} INFO - Setting next_dagrun for example_branch_dop_operator_v3 to 2024-04-06 23:16:00+00:00, run_after=2024-04-06 23:17:00+00:00
[2024-04-06T23:17:01.441+0000] {processor.py:183} INFO - Processing /home/malangdataguy/miniconda3/envs/airflow_mdg/lib/python3.8/site-packages/airflow/example_dags/example_branch_python_dop_operator_3.py took 0.104 seconds
[2024-04-06T23:18:05.709+0000] {processor.py:161} INFO - Started process (PID=68920) to work on /home/malangdataguy/miniconda3/envs/airflow_mdg/lib/python3.8/site-packages/airflow/example_dags/example_branch_python_dop_operator_3.py
[2024-04-06T23:18:05.711+0000] {processor.py:830} INFO - Processing file /home/malangdataguy/miniconda3/envs/airflow_mdg/lib/python3.8/site-packages/airflow/example_dags/example_branch_python_dop_operator_3.py for tasks to queue
[2024-04-06T23:18:05.713+0000] {logging_mixin.py:188} INFO - [2024-04-06T23:18:05.712+0000] {dagbag.py:540} INFO - Filling up the DagBag from /home/malangdataguy/miniconda3/envs/airflow_mdg/lib/python3.8/site-packages/airflow/example_dags/example_branch_python_dop_operator_3.py
[2024-04-06T23:18:05.725+0000] {processor.py:840} INFO - DAG(s) 'example_branch_dop_operator_v3' retrieved from /home/malangdataguy/miniconda3/envs/airflow_mdg/lib/python3.8/site-packages/airflow/example_dags/example_branch_python_dop_operator_3.py
[2024-04-06T23:18:05.747+0000] {logging_mixin.py:188} INFO - [2024-04-06T23:18:05.747+0000] {dag.py:3047} INFO - Sync 1 DAGs
[2024-04-06T23:18:05.774+0000] {logging_mixin.py:188} INFO - [2024-04-06T23:18:05.774+0000] {dag.py:3834} INFO - Setting next_dagrun for example_branch_dop_operator_v3 to 2024-04-06 23:17:00+00:00, run_after=2024-04-06 23:18:00+00:00
[2024-04-06T23:18:05.801+0000] {processor.py:183} INFO - Processing /home/malangdataguy/miniconda3/envs/airflow_mdg/lib/python3.8/site-packages/airflow/example_dags/example_branch_python_dop_operator_3.py took 0.097 seconds
[2024-04-06T23:19:06.700+0000] {processor.py:161} INFO - Started process (PID=68983) to work on /home/malangdataguy/miniconda3/envs/airflow_mdg/lib/python3.8/site-packages/airflow/example_dags/example_branch_python_dop_operator_3.py
[2024-04-06T23:19:06.703+0000] {processor.py:830} INFO - Processing file /home/malangdataguy/miniconda3/envs/airflow_mdg/lib/python3.8/site-packages/airflow/example_dags/example_branch_python_dop_operator_3.py for tasks to queue
[2024-04-06T23:19:06.704+0000] {logging_mixin.py:188} INFO - [2024-04-06T23:19:06.703+0000] {dagbag.py:540} INFO - Filling up the DagBag from /home/malangdataguy/miniconda3/envs/airflow_mdg/lib/python3.8/site-packages/airflow/example_dags/example_branch_python_dop_operator_3.py
[2024-04-06T23:19:06.717+0000] {processor.py:840} INFO - DAG(s) 'example_branch_dop_operator_v3' retrieved from /home/malangdataguy/miniconda3/envs/airflow_mdg/lib/python3.8/site-packages/airflow/example_dags/example_branch_python_dop_operator_3.py
[2024-04-06T23:19:06.741+0000] {logging_mixin.py:188} INFO - [2024-04-06T23:19:06.740+0000] {dag.py:3047} INFO - Sync 1 DAGs
[2024-04-06T23:19:06.770+0000] {logging_mixin.py:188} INFO - [2024-04-06T23:19:06.770+0000] {dag.py:3834} INFO - Setting next_dagrun for example_branch_dop_operator_v3 to 2024-04-06 23:18:00+00:00, run_after=2024-04-06 23:19:00+00:00
[2024-04-06T23:19:06.801+0000] {processor.py:183} INFO - Processing /home/malangdataguy/miniconda3/envs/airflow_mdg/lib/python3.8/site-packages/airflow/example_dags/example_branch_python_dop_operator_3.py took 0.106 seconds
[2024-04-06T23:20:13.200+0000] {processor.py:161} INFO - Started process (PID=69046) to work on /home/malangdataguy/miniconda3/envs/airflow_mdg/lib/python3.8/site-packages/airflow/example_dags/example_branch_python_dop_operator_3.py
[2024-04-06T23:20:13.203+0000] {processor.py:830} INFO - Processing file /home/malangdataguy/miniconda3/envs/airflow_mdg/lib/python3.8/site-packages/airflow/example_dags/example_branch_python_dop_operator_3.py for tasks to queue
[2024-04-06T23:20:13.204+0000] {logging_mixin.py:188} INFO - [2024-04-06T23:20:13.204+0000] {dagbag.py:540} INFO - Filling up the DagBag from /home/malangdataguy/miniconda3/envs/airflow_mdg/lib/python3.8/site-packages/airflow/example_dags/example_branch_python_dop_operator_3.py
[2024-04-06T23:20:13.219+0000] {processor.py:840} INFO - DAG(s) 'example_branch_dop_operator_v3' retrieved from /home/malangdataguy/miniconda3/envs/airflow_mdg/lib/python3.8/site-packages/airflow/example_dags/example_branch_python_dop_operator_3.py
[2024-04-06T23:20:13.246+0000] {logging_mixin.py:188} INFO - [2024-04-06T23:20:13.246+0000] {dag.py:3047} INFO - Sync 1 DAGs
[2024-04-06T23:20:13.279+0000] {logging_mixin.py:188} INFO - [2024-04-06T23:20:13.279+0000] {dag.py:3834} INFO - Setting next_dagrun for example_branch_dop_operator_v3 to 2024-04-06 23:19:00+00:00, run_after=2024-04-06 23:20:00+00:00
[2024-04-06T23:20:13.317+0000] {processor.py:183} INFO - Processing /home/malangdataguy/miniconda3/envs/airflow_mdg/lib/python3.8/site-packages/airflow/example_dags/example_branch_python_dop_operator_3.py took 0.123 seconds
[2024-04-06T23:20:58.618+0000] {processor.py:161} INFO - Started process (PID=69092) to work on /home/malangdataguy/miniconda3/envs/airflow_mdg/lib/python3.8/site-packages/airflow/example_dags/example_branch_python_dop_operator_3.py
[2024-04-06T23:20:58.621+0000] {processor.py:830} INFO - Processing file /home/malangdataguy/miniconda3/envs/airflow_mdg/lib/python3.8/site-packages/airflow/example_dags/example_branch_python_dop_operator_3.py for tasks to queue
[2024-04-06T23:20:58.622+0000] {logging_mixin.py:188} INFO - [2024-04-06T23:20:58.622+0000] {dagbag.py:540} INFO - Filling up the DagBag from /home/malangdataguy/miniconda3/envs/airflow_mdg/lib/python3.8/site-packages/airflow/example_dags/example_branch_python_dop_operator_3.py
[2024-04-06T23:20:58.634+0000] {processor.py:840} INFO - DAG(s) 'example_branch_dop_operator_v3' retrieved from /home/malangdataguy/miniconda3/envs/airflow_mdg/lib/python3.8/site-packages/airflow/example_dags/example_branch_python_dop_operator_3.py
[2024-04-06T23:20:58.657+0000] {logging_mixin.py:188} INFO - [2024-04-06T23:20:58.656+0000] {dag.py:3047} INFO - Sync 1 DAGs
[2024-04-06T23:20:58.684+0000] {logging_mixin.py:188} INFO - [2024-04-06T23:20:58.684+0000] {dag.py:3834} INFO - Setting next_dagrun for example_branch_dop_operator_v3 to 2024-04-06 23:19:00+00:00, run_after=2024-04-06 23:20:00+00:00
[2024-04-06T23:20:58.715+0000] {processor.py:183} INFO - Processing /home/malangdataguy/miniconda3/envs/airflow_mdg/lib/python3.8/site-packages/airflow/example_dags/example_branch_python_dop_operator_3.py took 0.101 seconds
[2024-04-06T23:21:59.164+0000] {processor.py:161} INFO - Started process (PID=69153) to work on /home/malangdataguy/miniconda3/envs/airflow_mdg/lib/python3.8/site-packages/airflow/example_dags/example_branch_python_dop_operator_3.py
[2024-04-06T23:21:59.167+0000] {processor.py:830} INFO - Processing file /home/malangdataguy/miniconda3/envs/airflow_mdg/lib/python3.8/site-packages/airflow/example_dags/example_branch_python_dop_operator_3.py for tasks to queue
[2024-04-06T23:21:59.169+0000] {logging_mixin.py:188} INFO - [2024-04-06T23:21:59.168+0000] {dagbag.py:540} INFO - Filling up the DagBag from /home/malangdataguy/miniconda3/envs/airflow_mdg/lib/python3.8/site-packages/airflow/example_dags/example_branch_python_dop_operator_3.py
[2024-04-06T23:21:59.183+0000] {processor.py:840} INFO - DAG(s) 'example_branch_dop_operator_v3' retrieved from /home/malangdataguy/miniconda3/envs/airflow_mdg/lib/python3.8/site-packages/airflow/example_dags/example_branch_python_dop_operator_3.py
[2024-04-06T23:21:59.208+0000] {logging_mixin.py:188} INFO - [2024-04-06T23:21:59.207+0000] {dag.py:3047} INFO - Sync 1 DAGs
[2024-04-06T23:21:59.241+0000] {logging_mixin.py:188} INFO - [2024-04-06T23:21:59.241+0000] {dag.py:3834} INFO - Setting next_dagrun for example_branch_dop_operator_v3 to 2024-04-06 23:20:00+00:00, run_after=2024-04-06 23:21:00+00:00
[2024-04-06T23:21:59.274+0000] {processor.py:183} INFO - Processing /home/malangdataguy/miniconda3/envs/airflow_mdg/lib/python3.8/site-packages/airflow/example_dags/example_branch_python_dop_operator_3.py took 0.115 seconds
[2024-04-06T23:40:42.624+0000] {processor.py:161} INFO - Started process (PID=69299) to work on /home/malangdataguy/miniconda3/envs/airflow_mdg/lib/python3.8/site-packages/airflow/example_dags/example_branch_python_dop_operator_3.py
[2024-04-06T23:40:42.626+0000] {processor.py:830} INFO - Processing file /home/malangdataguy/miniconda3/envs/airflow_mdg/lib/python3.8/site-packages/airflow/example_dags/example_branch_python_dop_operator_3.py for tasks to queue
[2024-04-06T23:40:42.627+0000] {logging_mixin.py:188} INFO - [2024-04-06T23:40:42.627+0000] {dagbag.py:540} INFO - Filling up the DagBag from /home/malangdataguy/miniconda3/envs/airflow_mdg/lib/python3.8/site-packages/airflow/example_dags/example_branch_python_dop_operator_3.py
[2024-04-06T23:40:42.639+0000] {processor.py:840} INFO - DAG(s) 'example_branch_dop_operator_v3' retrieved from /home/malangdataguy/miniconda3/envs/airflow_mdg/lib/python3.8/site-packages/airflow/example_dags/example_branch_python_dop_operator_3.py
[2024-04-06T23:40:42.662+0000] {logging_mixin.py:188} INFO - [2024-04-06T23:40:42.661+0000] {dag.py:3047} INFO - Sync 1 DAGs
[2024-04-06T23:40:42.690+0000] {logging_mixin.py:188} INFO - [2024-04-06T23:40:42.689+0000] {dag.py:3834} INFO - Setting next_dagrun for example_branch_dop_operator_v3 to 2024-04-06 23:39:00+00:00, run_after=2024-04-06 23:40:00+00:00
[2024-04-06T23:40:42.719+0000] {processor.py:183} INFO - Processing /home/malangdataguy/miniconda3/envs/airflow_mdg/lib/python3.8/site-packages/airflow/example_dags/example_branch_python_dop_operator_3.py took 0.100 seconds
[2024-04-06T23:41:32.861+0000] {processor.py:161} INFO - Started process (PID=69349) to work on /home/malangdataguy/miniconda3/envs/airflow_mdg/lib/python3.8/site-packages/airflow/example_dags/example_branch_python_dop_operator_3.py
[2024-04-06T23:41:32.863+0000] {processor.py:830} INFO - Processing file /home/malangdataguy/miniconda3/envs/airflow_mdg/lib/python3.8/site-packages/airflow/example_dags/example_branch_python_dop_operator_3.py for tasks to queue
[2024-04-06T23:41:32.865+0000] {logging_mixin.py:188} INFO - [2024-04-06T23:41:32.864+0000] {dagbag.py:540} INFO - Filling up the DagBag from /home/malangdataguy/miniconda3/envs/airflow_mdg/lib/python3.8/site-packages/airflow/example_dags/example_branch_python_dop_operator_3.py
[2024-04-06T23:41:32.878+0000] {processor.py:840} INFO - DAG(s) 'example_branch_dop_operator_v3' retrieved from /home/malangdataguy/miniconda3/envs/airflow_mdg/lib/python3.8/site-packages/airflow/example_dags/example_branch_python_dop_operator_3.py
[2024-04-06T23:41:32.905+0000] {logging_mixin.py:188} INFO - [2024-04-06T23:41:32.904+0000] {dag.py:3047} INFO - Sync 1 DAGs
[2024-04-06T23:41:32.934+0000] {logging_mixin.py:188} INFO - [2024-04-06T23:41:32.934+0000] {dag.py:3834} INFO - Setting next_dagrun for example_branch_dop_operator_v3 to 2024-04-06 23:40:00+00:00, run_after=2024-04-06 23:41:00+00:00
[2024-04-06T23:41:32.965+0000] {processor.py:183} INFO - Processing /home/malangdataguy/miniconda3/envs/airflow_mdg/lib/python3.8/site-packages/airflow/example_dags/example_branch_python_dop_operator_3.py took 0.109 seconds
[2024-04-06T23:42:25.473+0000] {processor.py:161} INFO - Started process (PID=69399) to work on /home/malangdataguy/miniconda3/envs/airflow_mdg/lib/python3.8/site-packages/airflow/example_dags/example_branch_python_dop_operator_3.py
[2024-04-06T23:42:25.476+0000] {processor.py:830} INFO - Processing file /home/malangdataguy/miniconda3/envs/airflow_mdg/lib/python3.8/site-packages/airflow/example_dags/example_branch_python_dop_operator_3.py for tasks to queue
[2024-04-06T23:42:25.477+0000] {logging_mixin.py:188} INFO - [2024-04-06T23:42:25.476+0000] {dagbag.py:540} INFO - Filling up the DagBag from /home/malangdataguy/miniconda3/envs/airflow_mdg/lib/python3.8/site-packages/airflow/example_dags/example_branch_python_dop_operator_3.py
[2024-04-06T23:42:25.490+0000] {processor.py:840} INFO - DAG(s) 'example_branch_dop_operator_v3' retrieved from /home/malangdataguy/miniconda3/envs/airflow_mdg/lib/python3.8/site-packages/airflow/example_dags/example_branch_python_dop_operator_3.py
[2024-04-06T23:42:25.516+0000] {logging_mixin.py:188} INFO - [2024-04-06T23:42:25.515+0000] {dag.py:3047} INFO - Sync 1 DAGs
[2024-04-06T23:42:25.545+0000] {logging_mixin.py:188} INFO - [2024-04-06T23:42:25.545+0000] {dag.py:3834} INFO - Setting next_dagrun for example_branch_dop_operator_v3 to 2024-04-06 23:41:00+00:00, run_after=2024-04-06 23:42:00+00:00
[2024-04-06T23:42:25.574+0000] {processor.py:183} INFO - Processing /home/malangdataguy/miniconda3/envs/airflow_mdg/lib/python3.8/site-packages/airflow/example_dags/example_branch_python_dop_operator_3.py took 0.106 seconds
[2024-04-06T23:43:30.326+0000] {processor.py:161} INFO - Started process (PID=69465) to work on /home/malangdataguy/miniconda3/envs/airflow_mdg/lib/python3.8/site-packages/airflow/example_dags/example_branch_python_dop_operator_3.py
[2024-04-06T23:43:30.329+0000] {processor.py:830} INFO - Processing file /home/malangdataguy/miniconda3/envs/airflow_mdg/lib/python3.8/site-packages/airflow/example_dags/example_branch_python_dop_operator_3.py for tasks to queue
[2024-04-06T23:43:30.331+0000] {logging_mixin.py:188} INFO - [2024-04-06T23:43:30.330+0000] {dagbag.py:540} INFO - Filling up the DagBag from /home/malangdataguy/miniconda3/envs/airflow_mdg/lib/python3.8/site-packages/airflow/example_dags/example_branch_python_dop_operator_3.py
[2024-04-06T23:43:30.344+0000] {processor.py:840} INFO - DAG(s) 'example_branch_dop_operator_v3' retrieved from /home/malangdataguy/miniconda3/envs/airflow_mdg/lib/python3.8/site-packages/airflow/example_dags/example_branch_python_dop_operator_3.py
[2024-04-06T23:43:30.370+0000] {logging_mixin.py:188} INFO - [2024-04-06T23:43:30.369+0000] {dag.py:3047} INFO - Sync 1 DAGs
[2024-04-06T23:43:30.399+0000] {logging_mixin.py:188} INFO - [2024-04-06T23:43:30.398+0000] {dag.py:3834} INFO - Setting next_dagrun for example_branch_dop_operator_v3 to 2024-04-06 23:42:00+00:00, run_after=2024-04-06 23:43:00+00:00
[2024-04-06T23:43:30.427+0000] {processor.py:183} INFO - Processing /home/malangdataguy/miniconda3/envs/airflow_mdg/lib/python3.8/site-packages/airflow/example_dags/example_branch_python_dop_operator_3.py took 0.108 seconds
[2024-04-06T23:44:37.514+0000] {processor.py:161} INFO - Started process (PID=69547) to work on /home/malangdataguy/miniconda3/envs/airflow_mdg/lib/python3.8/site-packages/airflow/example_dags/example_branch_python_dop_operator_3.py
[2024-04-06T23:44:37.516+0000] {processor.py:830} INFO - Processing file /home/malangdataguy/miniconda3/envs/airflow_mdg/lib/python3.8/site-packages/airflow/example_dags/example_branch_python_dop_operator_3.py for tasks to queue
[2024-04-06T23:44:37.518+0000] {logging_mixin.py:188} INFO - [2024-04-06T23:44:37.517+0000] {dagbag.py:540} INFO - Filling up the DagBag from /home/malangdataguy/miniconda3/envs/airflow_mdg/lib/python3.8/site-packages/airflow/example_dags/example_branch_python_dop_operator_3.py
[2024-04-06T23:44:37.530+0000] {processor.py:840} INFO - DAG(s) 'example_branch_dop_operator_v3' retrieved from /home/malangdataguy/miniconda3/envs/airflow_mdg/lib/python3.8/site-packages/airflow/example_dags/example_branch_python_dop_operator_3.py
[2024-04-06T23:44:37.552+0000] {logging_mixin.py:188} INFO - [2024-04-06T23:44:37.552+0000] {dag.py:3047} INFO - Sync 1 DAGs
[2024-04-06T23:44:37.581+0000] {logging_mixin.py:188} INFO - [2024-04-06T23:44:37.581+0000] {dag.py:3834} INFO - Setting next_dagrun for example_branch_dop_operator_v3 to 2024-04-06 23:43:00+00:00, run_after=2024-04-06 23:44:00+00:00
[2024-04-06T23:44:37.610+0000] {processor.py:183} INFO - Processing /home/malangdataguy/miniconda3/envs/airflow_mdg/lib/python3.8/site-packages/airflow/example_dags/example_branch_python_dop_operator_3.py took 0.101 seconds
[2024-04-06T23:45:40.538+0000] {processor.py:161} INFO - Started process (PID=69615) to work on /home/malangdataguy/miniconda3/envs/airflow_mdg/lib/python3.8/site-packages/airflow/example_dags/example_branch_python_dop_operator_3.py
[2024-04-06T23:45:40.541+0000] {processor.py:830} INFO - Processing file /home/malangdataguy/miniconda3/envs/airflow_mdg/lib/python3.8/site-packages/airflow/example_dags/example_branch_python_dop_operator_3.py for tasks to queue
[2024-04-06T23:45:40.542+0000] {logging_mixin.py:188} INFO - [2024-04-06T23:45:40.542+0000] {dagbag.py:540} INFO - Filling up the DagBag from /home/malangdataguy/miniconda3/envs/airflow_mdg/lib/python3.8/site-packages/airflow/example_dags/example_branch_python_dop_operator_3.py
[2024-04-06T23:45:40.555+0000] {processor.py:840} INFO - DAG(s) 'example_branch_dop_operator_v3' retrieved from /home/malangdataguy/miniconda3/envs/airflow_mdg/lib/python3.8/site-packages/airflow/example_dags/example_branch_python_dop_operator_3.py
[2024-04-06T23:45:40.579+0000] {logging_mixin.py:188} INFO - [2024-04-06T23:45:40.578+0000] {dag.py:3047} INFO - Sync 1 DAGs
[2024-04-06T23:45:40.607+0000] {logging_mixin.py:188} INFO - [2024-04-06T23:45:40.607+0000] {dag.py:3834} INFO - Setting next_dagrun for example_branch_dop_operator_v3 to 2024-04-06 23:44:00+00:00, run_after=2024-04-06 23:45:00+00:00
[2024-04-06T23:45:40.635+0000] {processor.py:183} INFO - Processing /home/malangdataguy/miniconda3/envs/airflow_mdg/lib/python3.8/site-packages/airflow/example_dags/example_branch_python_dop_operator_3.py took 0.102 seconds
[2024-04-06T23:46:41.349+0000] {processor.py:161} INFO - Started process (PID=69694) to work on /home/malangdataguy/miniconda3/envs/airflow_mdg/lib/python3.8/site-packages/airflow/example_dags/example_branch_python_dop_operator_3.py
[2024-04-06T23:46:41.352+0000] {processor.py:830} INFO - Processing file /home/malangdataguy/miniconda3/envs/airflow_mdg/lib/python3.8/site-packages/airflow/example_dags/example_branch_python_dop_operator_3.py for tasks to queue
[2024-04-06T23:46:41.354+0000] {logging_mixin.py:188} INFO - [2024-04-06T23:46:41.353+0000] {dagbag.py:540} INFO - Filling up the DagBag from /home/malangdataguy/miniconda3/envs/airflow_mdg/lib/python3.8/site-packages/airflow/example_dags/example_branch_python_dop_operator_3.py
[2024-04-06T23:46:41.368+0000] {processor.py:840} INFO - DAG(s) 'example_branch_dop_operator_v3' retrieved from /home/malangdataguy/miniconda3/envs/airflow_mdg/lib/python3.8/site-packages/airflow/example_dags/example_branch_python_dop_operator_3.py
[2024-04-06T23:46:41.395+0000] {logging_mixin.py:188} INFO - [2024-04-06T23:46:41.395+0000] {dag.py:3047} INFO - Sync 1 DAGs
[2024-04-06T23:46:41.427+0000] {logging_mixin.py:188} INFO - [2024-04-06T23:46:41.427+0000] {dag.py:3834} INFO - Setting next_dagrun for example_branch_dop_operator_v3 to 2024-04-06 23:45:00+00:00, run_after=2024-04-06 23:46:00+00:00
[2024-04-06T23:46:41.459+0000] {processor.py:183} INFO - Processing /home/malangdataguy/miniconda3/envs/airflow_mdg/lib/python3.8/site-packages/airflow/example_dags/example_branch_python_dop_operator_3.py took 0.116 seconds
[2024-04-06T23:47:39.604+0000] {processor.py:161} INFO - Started process (PID=69770) to work on /home/malangdataguy/miniconda3/envs/airflow_mdg/lib/python3.8/site-packages/airflow/example_dags/example_branch_python_dop_operator_3.py
[2024-04-06T23:47:39.606+0000] {processor.py:830} INFO - Processing file /home/malangdataguy/miniconda3/envs/airflow_mdg/lib/python3.8/site-packages/airflow/example_dags/example_branch_python_dop_operator_3.py for tasks to queue
[2024-04-06T23:47:39.608+0000] {logging_mixin.py:188} INFO - [2024-04-06T23:47:39.607+0000] {dagbag.py:540} INFO - Filling up the DagBag from /home/malangdataguy/miniconda3/envs/airflow_mdg/lib/python3.8/site-packages/airflow/example_dags/example_branch_python_dop_operator_3.py
[2024-04-06T23:47:39.620+0000] {processor.py:840} INFO - DAG(s) 'example_branch_dop_operator_v3' retrieved from /home/malangdataguy/miniconda3/envs/airflow_mdg/lib/python3.8/site-packages/airflow/example_dags/example_branch_python_dop_operator_3.py
[2024-04-06T23:47:39.644+0000] {logging_mixin.py:188} INFO - [2024-04-06T23:47:39.643+0000] {dag.py:3047} INFO - Sync 1 DAGs
[2024-04-06T23:47:39.672+0000] {logging_mixin.py:188} INFO - [2024-04-06T23:47:39.672+0000] {dag.py:3834} INFO - Setting next_dagrun for example_branch_dop_operator_v3 to 2024-04-06 23:46:00+00:00, run_after=2024-04-06 23:47:00+00:00
[2024-04-06T23:47:39.700+0000] {processor.py:183} INFO - Processing /home/malangdataguy/miniconda3/envs/airflow_mdg/lib/python3.8/site-packages/airflow/example_dags/example_branch_python_dop_operator_3.py took 0.101 seconds
[2024-04-06T23:48:42.526+0000] {processor.py:161} INFO - Started process (PID=69838) to work on /home/malangdataguy/miniconda3/envs/airflow_mdg/lib/python3.8/site-packages/airflow/example_dags/example_branch_python_dop_operator_3.py
[2024-04-06T23:48:42.528+0000] {processor.py:830} INFO - Processing file /home/malangdataguy/miniconda3/envs/airflow_mdg/lib/python3.8/site-packages/airflow/example_dags/example_branch_python_dop_operator_3.py for tasks to queue
[2024-04-06T23:48:42.530+0000] {logging_mixin.py:188} INFO - [2024-04-06T23:48:42.529+0000] {dagbag.py:540} INFO - Filling up the DagBag from /home/malangdataguy/miniconda3/envs/airflow_mdg/lib/python3.8/site-packages/airflow/example_dags/example_branch_python_dop_operator_3.py
[2024-04-06T23:48:42.542+0000] {processor.py:840} INFO - DAG(s) 'example_branch_dop_operator_v3' retrieved from /home/malangdataguy/miniconda3/envs/airflow_mdg/lib/python3.8/site-packages/airflow/example_dags/example_branch_python_dop_operator_3.py
[2024-04-06T23:48:42.564+0000] {logging_mixin.py:188} INFO - [2024-04-06T23:48:42.564+0000] {dag.py:3047} INFO - Sync 1 DAGs
[2024-04-06T23:48:42.594+0000] {logging_mixin.py:188} INFO - [2024-04-06T23:48:42.594+0000] {dag.py:3834} INFO - Setting next_dagrun for example_branch_dop_operator_v3 to 2024-04-06 23:47:00+00:00, run_after=2024-04-06 23:48:00+00:00
[2024-04-06T23:48:42.623+0000] {processor.py:183} INFO - Processing /home/malangdataguy/miniconda3/envs/airflow_mdg/lib/python3.8/site-packages/airflow/example_dags/example_branch_python_dop_operator_3.py took 0.102 seconds
[2024-04-06T23:49:46.866+0000] {processor.py:161} INFO - Started process (PID=69902) to work on /home/malangdataguy/miniconda3/envs/airflow_mdg/lib/python3.8/site-packages/airflow/example_dags/example_branch_python_dop_operator_3.py
[2024-04-06T23:49:46.868+0000] {processor.py:830} INFO - Processing file /home/malangdataguy/miniconda3/envs/airflow_mdg/lib/python3.8/site-packages/airflow/example_dags/example_branch_python_dop_operator_3.py for tasks to queue
[2024-04-06T23:49:46.870+0000] {logging_mixin.py:188} INFO - [2024-04-06T23:49:46.869+0000] {dagbag.py:540} INFO - Filling up the DagBag from /home/malangdataguy/miniconda3/envs/airflow_mdg/lib/python3.8/site-packages/airflow/example_dags/example_branch_python_dop_operator_3.py
[2024-04-06T23:49:46.884+0000] {processor.py:840} INFO - DAG(s) 'example_branch_dop_operator_v3' retrieved from /home/malangdataguy/miniconda3/envs/airflow_mdg/lib/python3.8/site-packages/airflow/example_dags/example_branch_python_dop_operator_3.py
[2024-04-06T23:49:46.911+0000] {logging_mixin.py:188} INFO - [2024-04-06T23:49:46.910+0000] {dag.py:3047} INFO - Sync 1 DAGs
[2024-04-06T23:49:46.945+0000] {logging_mixin.py:188} INFO - [2024-04-06T23:49:46.944+0000] {dag.py:3834} INFO - Setting next_dagrun for example_branch_dop_operator_v3 to 2024-04-06 23:48:00+00:00, run_after=2024-04-06 23:49:00+00:00
[2024-04-06T23:49:46.979+0000] {processor.py:183} INFO - Processing /home/malangdataguy/miniconda3/envs/airflow_mdg/lib/python3.8/site-packages/airflow/example_dags/example_branch_python_dop_operator_3.py took 0.118 seconds
[2024-04-06T23:50:44.752+0000] {processor.py:161} INFO - Started process (PID=69961) to work on /home/malangdataguy/miniconda3/envs/airflow_mdg/lib/python3.8/site-packages/airflow/example_dags/example_branch_python_dop_operator_3.py
[2024-04-06T23:50:44.754+0000] {processor.py:830} INFO - Processing file /home/malangdataguy/miniconda3/envs/airflow_mdg/lib/python3.8/site-packages/airflow/example_dags/example_branch_python_dop_operator_3.py for tasks to queue
[2024-04-06T23:50:44.756+0000] {logging_mixin.py:188} INFO - [2024-04-06T23:50:44.755+0000] {dagbag.py:540} INFO - Filling up the DagBag from /home/malangdataguy/miniconda3/envs/airflow_mdg/lib/python3.8/site-packages/airflow/example_dags/example_branch_python_dop_operator_3.py
[2024-04-06T23:50:44.770+0000] {processor.py:840} INFO - DAG(s) 'example_branch_dop_operator_v3' retrieved from /home/malangdataguy/miniconda3/envs/airflow_mdg/lib/python3.8/site-packages/airflow/example_dags/example_branch_python_dop_operator_3.py
[2024-04-06T23:50:44.796+0000] {logging_mixin.py:188} INFO - [2024-04-06T23:50:44.795+0000] {dag.py:3047} INFO - Sync 1 DAGs
[2024-04-06T23:50:44.828+0000] {logging_mixin.py:188} INFO - [2024-04-06T23:50:44.828+0000] {dag.py:3834} INFO - Setting next_dagrun for example_branch_dop_operator_v3 to 2024-04-06 23:49:00+00:00, run_after=2024-04-06 23:50:00+00:00
[2024-04-06T23:50:44.862+0000] {processor.py:183} INFO - Processing /home/malangdataguy/miniconda3/envs/airflow_mdg/lib/python3.8/site-packages/airflow/example_dags/example_branch_python_dop_operator_3.py took 0.116 seconds
[2024-04-06T23:51:48.625+0000] {processor.py:161} INFO - Started process (PID=70027) to work on /home/malangdataguy/miniconda3/envs/airflow_mdg/lib/python3.8/site-packages/airflow/example_dags/example_branch_python_dop_operator_3.py
[2024-04-06T23:51:48.628+0000] {processor.py:830} INFO - Processing file /home/malangdataguy/miniconda3/envs/airflow_mdg/lib/python3.8/site-packages/airflow/example_dags/example_branch_python_dop_operator_3.py for tasks to queue
[2024-04-06T23:51:48.629+0000] {logging_mixin.py:188} INFO - [2024-04-06T23:51:48.628+0000] {dagbag.py:540} INFO - Filling up the DagBag from /home/malangdataguy/miniconda3/envs/airflow_mdg/lib/python3.8/site-packages/airflow/example_dags/example_branch_python_dop_operator_3.py
[2024-04-06T23:51:48.641+0000] {processor.py:840} INFO - DAG(s) 'example_branch_dop_operator_v3' retrieved from /home/malangdataguy/miniconda3/envs/airflow_mdg/lib/python3.8/site-packages/airflow/example_dags/example_branch_python_dop_operator_3.py
[2024-04-06T23:51:48.664+0000] {logging_mixin.py:188} INFO - [2024-04-06T23:51:48.664+0000] {dag.py:3047} INFO - Sync 1 DAGs
[2024-04-06T23:51:48.694+0000] {logging_mixin.py:188} INFO - [2024-04-06T23:51:48.694+0000] {dag.py:3834} INFO - Setting next_dagrun for example_branch_dop_operator_v3 to 2024-04-06 23:50:00+00:00, run_after=2024-04-06 23:51:00+00:00
[2024-04-06T23:51:48.724+0000] {processor.py:183} INFO - Processing /home/malangdataguy/miniconda3/envs/airflow_mdg/lib/python3.8/site-packages/airflow/example_dags/example_branch_python_dop_operator_3.py took 0.103 seconds
[2024-04-06T23:52:54.356+0000] {processor.py:161} INFO - Started process (PID=70094) to work on /home/malangdataguy/miniconda3/envs/airflow_mdg/lib/python3.8/site-packages/airflow/example_dags/example_branch_python_dop_operator_3.py
[2024-04-06T23:52:54.359+0000] {processor.py:830} INFO - Processing file /home/malangdataguy/miniconda3/envs/airflow_mdg/lib/python3.8/site-packages/airflow/example_dags/example_branch_python_dop_operator_3.py for tasks to queue
[2024-04-06T23:52:54.361+0000] {logging_mixin.py:188} INFO - [2024-04-06T23:52:54.360+0000] {dagbag.py:540} INFO - Filling up the DagBag from /home/malangdataguy/miniconda3/envs/airflow_mdg/lib/python3.8/site-packages/airflow/example_dags/example_branch_python_dop_operator_3.py
[2024-04-06T23:52:54.376+0000] {processor.py:840} INFO - DAG(s) 'example_branch_dop_operator_v3' retrieved from /home/malangdataguy/miniconda3/envs/airflow_mdg/lib/python3.8/site-packages/airflow/example_dags/example_branch_python_dop_operator_3.py
[2024-04-06T23:52:54.405+0000] {logging_mixin.py:188} INFO - [2024-04-06T23:52:54.405+0000] {dag.py:3047} INFO - Sync 1 DAGs
[2024-04-06T23:52:54.440+0000] {logging_mixin.py:188} INFO - [2024-04-06T23:52:54.440+0000] {dag.py:3834} INFO - Setting next_dagrun for example_branch_dop_operator_v3 to 2024-04-06 23:51:00+00:00, run_after=2024-04-06 23:52:00+00:00
[2024-04-06T23:52:54.475+0000] {processor.py:183} INFO - Processing /home/malangdataguy/miniconda3/envs/airflow_mdg/lib/python3.8/site-packages/airflow/example_dags/example_branch_python_dop_operator_3.py took 0.124 seconds
[2024-04-06T23:54:02.461+0000] {processor.py:161} INFO - Started process (PID=70181) to work on /home/malangdataguy/miniconda3/envs/airflow_mdg/lib/python3.8/site-packages/airflow/example_dags/example_branch_python_dop_operator_3.py
[2024-04-06T23:54:02.464+0000] {processor.py:830} INFO - Processing file /home/malangdataguy/miniconda3/envs/airflow_mdg/lib/python3.8/site-packages/airflow/example_dags/example_branch_python_dop_operator_3.py for tasks to queue
[2024-04-06T23:54:02.465+0000] {logging_mixin.py:188} INFO - [2024-04-06T23:54:02.465+0000] {dagbag.py:540} INFO - Filling up the DagBag from /home/malangdataguy/miniconda3/envs/airflow_mdg/lib/python3.8/site-packages/airflow/example_dags/example_branch_python_dop_operator_3.py
[2024-04-06T23:54:02.478+0000] {processor.py:840} INFO - DAG(s) 'example_branch_dop_operator_v3' retrieved from /home/malangdataguy/miniconda3/envs/airflow_mdg/lib/python3.8/site-packages/airflow/example_dags/example_branch_python_dop_operator_3.py
[2024-04-06T23:54:02.501+0000] {logging_mixin.py:188} INFO - [2024-04-06T23:54:02.501+0000] {dag.py:3047} INFO - Sync 1 DAGs
[2024-04-06T23:54:02.531+0000] {logging_mixin.py:188} INFO - [2024-04-06T23:54:02.530+0000] {dag.py:3834} INFO - Setting next_dagrun for example_branch_dop_operator_v3 to 2024-04-06 23:53:00+00:00, run_after=2024-04-06 23:54:00+00:00
[2024-04-06T23:54:02.559+0000] {processor.py:183} INFO - Processing /home/malangdataguy/miniconda3/envs/airflow_mdg/lib/python3.8/site-packages/airflow/example_dags/example_branch_python_dop_operator_3.py took 0.102 seconds
[2024-04-06T23:55:05.021+0000] {processor.py:161} INFO - Started process (PID=70262) to work on /home/malangdataguy/miniconda3/envs/airflow_mdg/lib/python3.8/site-packages/airflow/example_dags/example_branch_python_dop_operator_3.py
[2024-04-06T23:55:05.023+0000] {processor.py:830} INFO - Processing file /home/malangdataguy/miniconda3/envs/airflow_mdg/lib/python3.8/site-packages/airflow/example_dags/example_branch_python_dop_operator_3.py for tasks to queue
[2024-04-06T23:55:05.025+0000] {logging_mixin.py:188} INFO - [2024-04-06T23:55:05.024+0000] {dagbag.py:540} INFO - Filling up the DagBag from /home/malangdataguy/miniconda3/envs/airflow_mdg/lib/python3.8/site-packages/airflow/example_dags/example_branch_python_dop_operator_3.py
[2024-04-06T23:55:05.039+0000] {processor.py:840} INFO - DAG(s) 'example_branch_dop_operator_v3' retrieved from /home/malangdataguy/miniconda3/envs/airflow_mdg/lib/python3.8/site-packages/airflow/example_dags/example_branch_python_dop_operator_3.py
[2024-04-06T23:55:05.066+0000] {logging_mixin.py:188} INFO - [2024-04-06T23:55:05.066+0000] {dag.py:3047} INFO - Sync 1 DAGs
[2024-04-06T23:55:05.099+0000] {logging_mixin.py:188} INFO - [2024-04-06T23:55:05.099+0000] {dag.py:3834} INFO - Setting next_dagrun for example_branch_dop_operator_v3 to 2024-04-06 23:54:00+00:00, run_after=2024-04-06 23:55:00+00:00
[2024-04-06T23:55:05.131+0000] {processor.py:183} INFO - Processing /home/malangdataguy/miniconda3/envs/airflow_mdg/lib/python3.8/site-packages/airflow/example_dags/example_branch_python_dop_operator_3.py took 0.115 seconds
