[2024-04-06T23:09:22.001+0000] {processor.py:161} INFO - Started process (PID=68374) to work on /home/malangdataguy/miniconda3/envs/airflow_mdg/lib/python3.8/site-packages/airflow/example_dags/example_xcomargs.py
[2024-04-06T23:09:22.002+0000] {processor.py:830} INFO - Processing file /home/malangdataguy/miniconda3/envs/airflow_mdg/lib/python3.8/site-packages/airflow/example_dags/example_xcomargs.py for tasks to queue
[2024-04-06T23:09:22.005+0000] {logging_mixin.py:188} INFO - [2024-04-06T23:09:22.004+0000] {dagbag.py:540} INFO - Filling up the DagBag from /home/malangdataguy/miniconda3/envs/airflow_mdg/lib/python3.8/site-packages/airflow/example_dags/example_xcomargs.py
[2024-04-06T23:09:22.020+0000] {processor.py:840} INFO - DAG(s) 'example_xcom_args_with_operators', 'example_xcom_args' retrieved from /home/malangdataguy/miniconda3/envs/airflow_mdg/lib/python3.8/site-packages/airflow/example_dags/example_xcomargs.py
[2024-04-06T23:09:22.033+0000] {logging_mixin.py:188} INFO - [2024-04-06T23:09:22.033+0000] {dag.py:3047} INFO - Sync 2 DAGs
[2024-04-06T23:09:22.050+0000] {logging_mixin.py:188} INFO - [2024-04-06T23:09:22.050+0000] {dag.py:3834} INFO - Setting next_dagrun for example_xcom_args to None, run_after=None
[2024-04-06T23:09:22.055+0000] {logging_mixin.py:188} INFO - [2024-04-06T23:09:22.054+0000] {dag.py:3834} INFO - Setting next_dagrun for example_xcom_args_with_operators to None, run_after=None
[2024-04-06T23:09:22.085+0000] {processor.py:183} INFO - Processing /home/malangdataguy/miniconda3/envs/airflow_mdg/lib/python3.8/site-packages/airflow/example_dags/example_xcomargs.py took 0.089 seconds
[2024-04-06T23:10:15.548+0000] {processor.py:161} INFO - Started process (PID=68424) to work on /home/malangdataguy/miniconda3/envs/airflow_mdg/lib/python3.8/site-packages/airflow/example_dags/example_xcomargs.py
[2024-04-06T23:10:15.556+0000] {processor.py:830} INFO - Processing file /home/malangdataguy/miniconda3/envs/airflow_mdg/lib/python3.8/site-packages/airflow/example_dags/example_xcomargs.py for tasks to queue
[2024-04-06T23:10:15.558+0000] {logging_mixin.py:188} INFO - [2024-04-06T23:10:15.557+0000] {dagbag.py:540} INFO - Filling up the DagBag from /home/malangdataguy/miniconda3/envs/airflow_mdg/lib/python3.8/site-packages/airflow/example_dags/example_xcomargs.py
[2024-04-06T23:10:15.570+0000] {processor.py:840} INFO - DAG(s) 'example_xcom_args', 'example_xcom_args_with_operators' retrieved from /home/malangdataguy/miniconda3/envs/airflow_mdg/lib/python3.8/site-packages/airflow/example_dags/example_xcomargs.py
[2024-04-06T23:10:15.691+0000] {logging_mixin.py:188} INFO - [2024-04-06T23:10:15.691+0000] {dag.py:3047} INFO - Sync 2 DAGs
[2024-04-06T23:10:15.703+0000] {logging_mixin.py:188} INFO - [2024-04-06T23:10:15.702+0000] {dag.py:3834} INFO - Setting next_dagrun for example_xcom_args to None, run_after=None
[2024-04-06T23:10:15.706+0000] {logging_mixin.py:188} INFO - [2024-04-06T23:10:15.706+0000] {dag.py:3834} INFO - Setting next_dagrun for example_xcom_args_with_operators to None, run_after=None
[2024-04-06T23:10:15.731+0000] {processor.py:183} INFO - Processing /home/malangdataguy/miniconda3/envs/airflow_mdg/lib/python3.8/site-packages/airflow/example_dags/example_xcomargs.py took 0.187 seconds
[2024-04-06T23:11:04.504+0000] {processor.py:161} INFO - Started process (PID=68484) to work on /home/malangdataguy/miniconda3/envs/airflow_mdg/lib/python3.8/site-packages/airflow/example_dags/example_xcomargs.py
[2024-04-06T23:11:04.507+0000] {processor.py:830} INFO - Processing file /home/malangdataguy/miniconda3/envs/airflow_mdg/lib/python3.8/site-packages/airflow/example_dags/example_xcomargs.py for tasks to queue
[2024-04-06T23:11:04.509+0000] {logging_mixin.py:188} INFO - [2024-04-06T23:11:04.508+0000] {dagbag.py:540} INFO - Filling up the DagBag from /home/malangdataguy/miniconda3/envs/airflow_mdg/lib/python3.8/site-packages/airflow/example_dags/example_xcomargs.py
[2024-04-06T23:11:04.524+0000] {processor.py:840} INFO - DAG(s) 'example_xcom_args', 'example_xcom_args_with_operators' retrieved from /home/malangdataguy/miniconda3/envs/airflow_mdg/lib/python3.8/site-packages/airflow/example_dags/example_xcomargs.py
[2024-04-06T23:11:04.554+0000] {logging_mixin.py:188} INFO - [2024-04-06T23:11:04.553+0000] {dag.py:3047} INFO - Sync 2 DAGs
[2024-04-06T23:11:04.570+0000] {logging_mixin.py:188} INFO - [2024-04-06T23:11:04.570+0000] {dag.py:3834} INFO - Setting next_dagrun for example_xcom_args to None, run_after=None
[2024-04-06T23:11:04.575+0000] {logging_mixin.py:188} INFO - [2024-04-06T23:11:04.575+0000] {dag.py:3834} INFO - Setting next_dagrun for example_xcom_args_with_operators to None, run_after=None
[2024-04-06T23:11:04.605+0000] {processor.py:183} INFO - Processing /home/malangdataguy/miniconda3/envs/airflow_mdg/lib/python3.8/site-packages/airflow/example_dags/example_xcomargs.py took 0.106 seconds
[2024-04-06T23:11:51.467+0000] {processor.py:161} INFO - Started process (PID=68529) to work on /home/malangdataguy/miniconda3/envs/airflow_mdg/lib/python3.8/site-packages/airflow/example_dags/example_xcomargs.py
[2024-04-06T23:11:51.470+0000] {processor.py:830} INFO - Processing file /home/malangdataguy/miniconda3/envs/airflow_mdg/lib/python3.8/site-packages/airflow/example_dags/example_xcomargs.py for tasks to queue
[2024-04-06T23:11:51.471+0000] {logging_mixin.py:188} INFO - [2024-04-06T23:11:51.470+0000] {dagbag.py:540} INFO - Filling up the DagBag from /home/malangdataguy/miniconda3/envs/airflow_mdg/lib/python3.8/site-packages/airflow/example_dags/example_xcomargs.py
[2024-04-06T23:11:51.483+0000] {processor.py:840} INFO - DAG(s) 'example_xcom_args_with_operators', 'example_xcom_args' retrieved from /home/malangdataguy/miniconda3/envs/airflow_mdg/lib/python3.8/site-packages/airflow/example_dags/example_xcomargs.py
[2024-04-06T23:11:51.508+0000] {logging_mixin.py:188} INFO - [2024-04-06T23:11:51.508+0000] {dag.py:3047} INFO - Sync 2 DAGs
[2024-04-06T23:11:51.522+0000] {logging_mixin.py:188} INFO - [2024-04-06T23:11:51.521+0000] {dag.py:3834} INFO - Setting next_dagrun for example_xcom_args to None, run_after=None
[2024-04-06T23:11:51.526+0000] {logging_mixin.py:188} INFO - [2024-04-06T23:11:51.525+0000] {dag.py:3834} INFO - Setting next_dagrun for example_xcom_args_with_operators to None, run_after=None
[2024-04-06T23:11:51.552+0000] {processor.py:183} INFO - Processing /home/malangdataguy/miniconda3/envs/airflow_mdg/lib/python3.8/site-packages/airflow/example_dags/example_xcomargs.py took 0.089 seconds
[2024-04-06T23:12:37.059+0000] {processor.py:161} INFO - Started process (PID=68574) to work on /home/malangdataguy/miniconda3/envs/airflow_mdg/lib/python3.8/site-packages/airflow/example_dags/example_xcomargs.py
[2024-04-06T23:12:37.062+0000] {processor.py:830} INFO - Processing file /home/malangdataguy/miniconda3/envs/airflow_mdg/lib/python3.8/site-packages/airflow/example_dags/example_xcomargs.py for tasks to queue
[2024-04-06T23:12:37.063+0000] {logging_mixin.py:188} INFO - [2024-04-06T23:12:37.063+0000] {dagbag.py:540} INFO - Filling up the DagBag from /home/malangdataguy/miniconda3/envs/airflow_mdg/lib/python3.8/site-packages/airflow/example_dags/example_xcomargs.py
[2024-04-06T23:12:37.076+0000] {processor.py:840} INFO - DAG(s) 'example_xcom_args_with_operators', 'example_xcom_args' retrieved from /home/malangdataguy/miniconda3/envs/airflow_mdg/lib/python3.8/site-packages/airflow/example_dags/example_xcomargs.py
[2024-04-06T23:12:37.102+0000] {logging_mixin.py:188} INFO - [2024-04-06T23:12:37.102+0000] {dag.py:3047} INFO - Sync 2 DAGs
[2024-04-06T23:12:37.117+0000] {logging_mixin.py:188} INFO - [2024-04-06T23:12:37.117+0000] {dag.py:3834} INFO - Setting next_dagrun for example_xcom_args to None, run_after=None
[2024-04-06T23:12:37.121+0000] {logging_mixin.py:188} INFO - [2024-04-06T23:12:37.121+0000] {dag.py:3834} INFO - Setting next_dagrun for example_xcom_args_with_operators to None, run_after=None
[2024-04-06T23:12:37.150+0000] {processor.py:183} INFO - Processing /home/malangdataguy/miniconda3/envs/airflow_mdg/lib/python3.8/site-packages/airflow/example_dags/example_xcomargs.py took 0.096 seconds
[2024-04-06T23:13:17.743+0000] {processor.py:161} INFO - Started process (PID=68616) to work on /home/malangdataguy/miniconda3/envs/airflow_mdg/lib/python3.8/site-packages/airflow/example_dags/example_xcomargs.py
[2024-04-06T23:13:17.746+0000] {processor.py:830} INFO - Processing file /home/malangdataguy/miniconda3/envs/airflow_mdg/lib/python3.8/site-packages/airflow/example_dags/example_xcomargs.py for tasks to queue
[2024-04-06T23:13:17.748+0000] {logging_mixin.py:188} INFO - [2024-04-06T23:13:17.747+0000] {dagbag.py:540} INFO - Filling up the DagBag from /home/malangdataguy/miniconda3/envs/airflow_mdg/lib/python3.8/site-packages/airflow/example_dags/example_xcomargs.py
[2024-04-06T23:13:17.760+0000] {processor.py:840} INFO - DAG(s) 'example_xcom_args', 'example_xcom_args_with_operators' retrieved from /home/malangdataguy/miniconda3/envs/airflow_mdg/lib/python3.8/site-packages/airflow/example_dags/example_xcomargs.py
[2024-04-06T23:13:17.788+0000] {logging_mixin.py:188} INFO - [2024-04-06T23:13:17.788+0000] {dag.py:3047} INFO - Sync 2 DAGs
[2024-04-06T23:13:17.802+0000] {logging_mixin.py:188} INFO - [2024-04-06T23:13:17.802+0000] {dag.py:3834} INFO - Setting next_dagrun for example_xcom_args to None, run_after=None
[2024-04-06T23:13:17.806+0000] {logging_mixin.py:188} INFO - [2024-04-06T23:13:17.806+0000] {dag.py:3834} INFO - Setting next_dagrun for example_xcom_args_with_operators to None, run_after=None
[2024-04-06T23:13:17.832+0000] {processor.py:183} INFO - Processing /home/malangdataguy/miniconda3/envs/airflow_mdg/lib/python3.8/site-packages/airflow/example_dags/example_xcomargs.py took 0.094 seconds
[2024-04-06T23:13:58.177+0000] {processor.py:161} INFO - Started process (PID=68659) to work on /home/malangdataguy/miniconda3/envs/airflow_mdg/lib/python3.8/site-packages/airflow/example_dags/example_xcomargs.py
[2024-04-06T23:13:58.180+0000] {processor.py:830} INFO - Processing file /home/malangdataguy/miniconda3/envs/airflow_mdg/lib/python3.8/site-packages/airflow/example_dags/example_xcomargs.py for tasks to queue
[2024-04-06T23:13:58.181+0000] {logging_mixin.py:188} INFO - [2024-04-06T23:13:58.181+0000] {dagbag.py:540} INFO - Filling up the DagBag from /home/malangdataguy/miniconda3/envs/airflow_mdg/lib/python3.8/site-packages/airflow/example_dags/example_xcomargs.py
[2024-04-06T23:13:58.195+0000] {processor.py:840} INFO - DAG(s) 'example_xcom_args_with_operators', 'example_xcom_args' retrieved from /home/malangdataguy/miniconda3/envs/airflow_mdg/lib/python3.8/site-packages/airflow/example_dags/example_xcomargs.py
[2024-04-06T23:13:58.225+0000] {logging_mixin.py:188} INFO - [2024-04-06T23:13:58.225+0000] {dag.py:3047} INFO - Sync 2 DAGs
[2024-04-06T23:13:58.241+0000] {logging_mixin.py:188} INFO - [2024-04-06T23:13:58.241+0000] {dag.py:3834} INFO - Setting next_dagrun for example_xcom_args to None, run_after=None
[2024-04-06T23:13:58.246+0000] {logging_mixin.py:188} INFO - [2024-04-06T23:13:58.245+0000] {dag.py:3834} INFO - Setting next_dagrun for example_xcom_args_with_operators to None, run_after=None
[2024-04-06T23:13:58.274+0000] {processor.py:183} INFO - Processing /home/malangdataguy/miniconda3/envs/airflow_mdg/lib/python3.8/site-packages/airflow/example_dags/example_xcomargs.py took 0.103 seconds
[2024-04-06T23:14:40.447+0000] {processor.py:161} INFO - Started process (PID=68700) to work on /home/malangdataguy/miniconda3/envs/airflow_mdg/lib/python3.8/site-packages/airflow/example_dags/example_xcomargs.py
[2024-04-06T23:14:40.449+0000] {processor.py:830} INFO - Processing file /home/malangdataguy/miniconda3/envs/airflow_mdg/lib/python3.8/site-packages/airflow/example_dags/example_xcomargs.py for tasks to queue
[2024-04-06T23:14:40.450+0000] {logging_mixin.py:188} INFO - [2024-04-06T23:14:40.450+0000] {dagbag.py:540} INFO - Filling up the DagBag from /home/malangdataguy/miniconda3/envs/airflow_mdg/lib/python3.8/site-packages/airflow/example_dags/example_xcomargs.py
[2024-04-06T23:14:40.462+0000] {processor.py:840} INFO - DAG(s) 'example_xcom_args_with_operators', 'example_xcom_args' retrieved from /home/malangdataguy/miniconda3/envs/airflow_mdg/lib/python3.8/site-packages/airflow/example_dags/example_xcomargs.py
[2024-04-06T23:14:40.489+0000] {logging_mixin.py:188} INFO - [2024-04-06T23:14:40.489+0000] {dag.py:3047} INFO - Sync 2 DAGs
[2024-04-06T23:14:40.504+0000] {logging_mixin.py:188} INFO - [2024-04-06T23:14:40.503+0000] {dag.py:3834} INFO - Setting next_dagrun for example_xcom_args to None, run_after=None
[2024-04-06T23:14:40.508+0000] {logging_mixin.py:188} INFO - [2024-04-06T23:14:40.507+0000] {dag.py:3834} INFO - Setting next_dagrun for example_xcom_args_with_operators to None, run_after=None
[2024-04-06T23:14:40.534+0000] {processor.py:183} INFO - Processing /home/malangdataguy/miniconda3/envs/airflow_mdg/lib/python3.8/site-packages/airflow/example_dags/example_xcomargs.py took 0.092 seconds
[2024-04-06T23:15:21.360+0000] {processor.py:161} INFO - Started process (PID=68743) to work on /home/malangdataguy/miniconda3/envs/airflow_mdg/lib/python3.8/site-packages/airflow/example_dags/example_xcomargs.py
[2024-04-06T23:15:21.363+0000] {processor.py:830} INFO - Processing file /home/malangdataguy/miniconda3/envs/airflow_mdg/lib/python3.8/site-packages/airflow/example_dags/example_xcomargs.py for tasks to queue
[2024-04-06T23:15:21.365+0000] {logging_mixin.py:188} INFO - [2024-04-06T23:15:21.364+0000] {dagbag.py:540} INFO - Filling up the DagBag from /home/malangdataguy/miniconda3/envs/airflow_mdg/lib/python3.8/site-packages/airflow/example_dags/example_xcomargs.py
[2024-04-06T23:15:21.381+0000] {processor.py:840} INFO - DAG(s) 'example_xcom_args', 'example_xcom_args_with_operators' retrieved from /home/malangdataguy/miniconda3/envs/airflow_mdg/lib/python3.8/site-packages/airflow/example_dags/example_xcomargs.py
[2024-04-06T23:15:21.407+0000] {logging_mixin.py:188} INFO - [2024-04-06T23:15:21.407+0000] {dag.py:3047} INFO - Sync 2 DAGs
[2024-04-06T23:15:21.424+0000] {logging_mixin.py:188} INFO - [2024-04-06T23:15:21.424+0000] {dag.py:3834} INFO - Setting next_dagrun for example_xcom_args to None, run_after=None
[2024-04-06T23:15:21.429+0000] {logging_mixin.py:188} INFO - [2024-04-06T23:15:21.428+0000] {dag.py:3834} INFO - Setting next_dagrun for example_xcom_args_with_operators to None, run_after=None
[2024-04-06T23:15:21.463+0000] {processor.py:183} INFO - Processing /home/malangdataguy/miniconda3/envs/airflow_mdg/lib/python3.8/site-packages/airflow/example_dags/example_xcomargs.py took 0.107 seconds
[2024-04-06T23:16:18.600+0000] {processor.py:161} INFO - Started process (PID=68804) to work on /home/malangdataguy/miniconda3/envs/airflow_mdg/lib/python3.8/site-packages/airflow/example_dags/example_xcomargs.py
[2024-04-06T23:16:18.602+0000] {processor.py:830} INFO - Processing file /home/malangdataguy/miniconda3/envs/airflow_mdg/lib/python3.8/site-packages/airflow/example_dags/example_xcomargs.py for tasks to queue
[2024-04-06T23:16:18.604+0000] {logging_mixin.py:188} INFO - [2024-04-06T23:16:18.603+0000] {dagbag.py:540} INFO - Filling up the DagBag from /home/malangdataguy/miniconda3/envs/airflow_mdg/lib/python3.8/site-packages/airflow/example_dags/example_xcomargs.py
[2024-04-06T23:16:18.616+0000] {processor.py:840} INFO - DAG(s) 'example_xcom_args_with_operators', 'example_xcom_args' retrieved from /home/malangdataguy/miniconda3/envs/airflow_mdg/lib/python3.8/site-packages/airflow/example_dags/example_xcomargs.py
[2024-04-06T23:16:18.643+0000] {logging_mixin.py:188} INFO - [2024-04-06T23:16:18.643+0000] {dag.py:3047} INFO - Sync 2 DAGs
[2024-04-06T23:16:18.658+0000] {logging_mixin.py:188} INFO - [2024-04-06T23:16:18.658+0000] {dag.py:3834} INFO - Setting next_dagrun for example_xcom_args to None, run_after=None
[2024-04-06T23:16:18.662+0000] {logging_mixin.py:188} INFO - [2024-04-06T23:16:18.662+0000] {dag.py:3834} INFO - Setting next_dagrun for example_xcom_args_with_operators to None, run_after=None
[2024-04-06T23:16:18.688+0000] {processor.py:183} INFO - Processing /home/malangdataguy/miniconda3/envs/airflow_mdg/lib/python3.8/site-packages/airflow/example_dags/example_xcomargs.py took 0.094 seconds
[2024-04-06T23:17:16.591+0000] {processor.py:161} INFO - Started process (PID=68866) to work on /home/malangdataguy/miniconda3/envs/airflow_mdg/lib/python3.8/site-packages/airflow/example_dags/example_xcomargs.py
[2024-04-06T23:17:16.593+0000] {processor.py:830} INFO - Processing file /home/malangdataguy/miniconda3/envs/airflow_mdg/lib/python3.8/site-packages/airflow/example_dags/example_xcomargs.py for tasks to queue
[2024-04-06T23:17:16.595+0000] {logging_mixin.py:188} INFO - [2024-04-06T23:17:16.594+0000] {dagbag.py:540} INFO - Filling up the DagBag from /home/malangdataguy/miniconda3/envs/airflow_mdg/lib/python3.8/site-packages/airflow/example_dags/example_xcomargs.py
[2024-04-06T23:17:16.609+0000] {processor.py:840} INFO - DAG(s) 'example_xcom_args', 'example_xcom_args_with_operators' retrieved from /home/malangdataguy/miniconda3/envs/airflow_mdg/lib/python3.8/site-packages/airflow/example_dags/example_xcomargs.py
[2024-04-06T23:17:16.642+0000] {logging_mixin.py:188} INFO - [2024-04-06T23:17:16.642+0000] {dag.py:3047} INFO - Sync 2 DAGs
[2024-04-06T23:17:16.659+0000] {logging_mixin.py:188} INFO - [2024-04-06T23:17:16.659+0000] {dag.py:3834} INFO - Setting next_dagrun for example_xcom_args to None, run_after=None
[2024-04-06T23:17:16.664+0000] {logging_mixin.py:188} INFO - [2024-04-06T23:17:16.664+0000] {dag.py:3834} INFO - Setting next_dagrun for example_xcom_args_with_operators to None, run_after=None
[2024-04-06T23:17:16.696+0000] {processor.py:183} INFO - Processing /home/malangdataguy/miniconda3/envs/airflow_mdg/lib/python3.8/site-packages/airflow/example_dags/example_xcomargs.py took 0.111 seconds
[2024-04-06T23:18:00.108+0000] {processor.py:161} INFO - Started process (PID=68914) to work on /home/malangdataguy/miniconda3/envs/airflow_mdg/lib/python3.8/site-packages/airflow/example_dags/example_xcomargs.py
[2024-04-06T23:18:00.111+0000] {processor.py:830} INFO - Processing file /home/malangdataguy/miniconda3/envs/airflow_mdg/lib/python3.8/site-packages/airflow/example_dags/example_xcomargs.py for tasks to queue
[2024-04-06T23:18:00.113+0000] {logging_mixin.py:188} INFO - [2024-04-06T23:18:00.112+0000] {dagbag.py:540} INFO - Filling up the DagBag from /home/malangdataguy/miniconda3/envs/airflow_mdg/lib/python3.8/site-packages/airflow/example_dags/example_xcomargs.py
[2024-04-06T23:18:00.129+0000] {processor.py:840} INFO - DAG(s) 'example_xcom_args_with_operators', 'example_xcom_args' retrieved from /home/malangdataguy/miniconda3/envs/airflow_mdg/lib/python3.8/site-packages/airflow/example_dags/example_xcomargs.py
[2024-04-06T23:18:00.164+0000] {logging_mixin.py:188} INFO - [2024-04-06T23:18:00.163+0000] {dag.py:3047} INFO - Sync 2 DAGs
[2024-04-06T23:18:00.180+0000] {logging_mixin.py:188} INFO - [2024-04-06T23:18:00.180+0000] {dag.py:3834} INFO - Setting next_dagrun for example_xcom_args to None, run_after=None
[2024-04-06T23:18:00.186+0000] {logging_mixin.py:188} INFO - [2024-04-06T23:18:00.185+0000] {dag.py:3834} INFO - Setting next_dagrun for example_xcom_args_with_operators to None, run_after=None
[2024-04-06T23:18:00.216+0000] {processor.py:183} INFO - Processing /home/malangdataguy/miniconda3/envs/airflow_mdg/lib/python3.8/site-packages/airflow/example_dags/example_xcomargs.py took 0.113 seconds
[2024-04-06T23:18:43.033+0000] {processor.py:161} INFO - Started process (PID=68958) to work on /home/malangdataguy/miniconda3/envs/airflow_mdg/lib/python3.8/site-packages/airflow/example_dags/example_xcomargs.py
[2024-04-06T23:18:43.036+0000] {processor.py:830} INFO - Processing file /home/malangdataguy/miniconda3/envs/airflow_mdg/lib/python3.8/site-packages/airflow/example_dags/example_xcomargs.py for tasks to queue
[2024-04-06T23:18:43.038+0000] {logging_mixin.py:188} INFO - [2024-04-06T23:18:43.037+0000] {dagbag.py:540} INFO - Filling up the DagBag from /home/malangdataguy/miniconda3/envs/airflow_mdg/lib/python3.8/site-packages/airflow/example_dags/example_xcomargs.py
[2024-04-06T23:18:43.052+0000] {processor.py:840} INFO - DAG(s) 'example_xcom_args', 'example_xcom_args_with_operators' retrieved from /home/malangdataguy/miniconda3/envs/airflow_mdg/lib/python3.8/site-packages/airflow/example_dags/example_xcomargs.py
[2024-04-06T23:18:43.085+0000] {logging_mixin.py:188} INFO - [2024-04-06T23:18:43.085+0000] {dag.py:3047} INFO - Sync 2 DAGs
[2024-04-06T23:18:43.102+0000] {logging_mixin.py:188} INFO - [2024-04-06T23:18:43.102+0000] {dag.py:3834} INFO - Setting next_dagrun for example_xcom_args to None, run_after=None
[2024-04-06T23:18:43.107+0000] {logging_mixin.py:188} INFO - [2024-04-06T23:18:43.107+0000] {dag.py:3834} INFO - Setting next_dagrun for example_xcom_args_with_operators to None, run_after=None
[2024-04-06T23:18:43.138+0000] {processor.py:183} INFO - Processing /home/malangdataguy/miniconda3/envs/airflow_mdg/lib/python3.8/site-packages/airflow/example_dags/example_xcomargs.py took 0.110 seconds
[2024-04-06T23:19:44.578+0000] {processor.py:161} INFO - Started process (PID=69019) to work on /home/malangdataguy/miniconda3/envs/airflow_mdg/lib/python3.8/site-packages/airflow/example_dags/example_xcomargs.py
[2024-04-06T23:19:44.582+0000] {processor.py:830} INFO - Processing file /home/malangdataguy/miniconda3/envs/airflow_mdg/lib/python3.8/site-packages/airflow/example_dags/example_xcomargs.py for tasks to queue
[2024-04-06T23:19:44.584+0000] {logging_mixin.py:188} INFO - [2024-04-06T23:19:44.583+0000] {dagbag.py:540} INFO - Filling up the DagBag from /home/malangdataguy/miniconda3/envs/airflow_mdg/lib/python3.8/site-packages/airflow/example_dags/example_xcomargs.py
[2024-04-06T23:19:44.598+0000] {processor.py:840} INFO - DAG(s) 'example_xcom_args_with_operators', 'example_xcom_args' retrieved from /home/malangdataguy/miniconda3/envs/airflow_mdg/lib/python3.8/site-packages/airflow/example_dags/example_xcomargs.py
[2024-04-06T23:19:44.629+0000] {logging_mixin.py:188} INFO - [2024-04-06T23:19:44.629+0000] {dag.py:3047} INFO - Sync 2 DAGs
[2024-04-06T23:19:44.646+0000] {logging_mixin.py:188} INFO - [2024-04-06T23:19:44.646+0000] {dag.py:3834} INFO - Setting next_dagrun for example_xcom_args to None, run_after=None
[2024-04-06T23:19:44.651+0000] {logging_mixin.py:188} INFO - [2024-04-06T23:19:44.651+0000] {dag.py:3834} INFO - Setting next_dagrun for example_xcom_args_with_operators to None, run_after=None
[2024-04-06T23:19:44.686+0000] {processor.py:183} INFO - Processing /home/malangdataguy/miniconda3/envs/airflow_mdg/lib/python3.8/site-packages/airflow/example_dags/example_xcomargs.py took 0.113 seconds
[2024-04-06T23:20:31.428+0000] {processor.py:161} INFO - Started process (PID=69065) to work on /home/malangdataguy/miniconda3/envs/airflow_mdg/lib/python3.8/site-packages/airflow/example_dags/example_xcomargs.py
[2024-04-06T23:20:31.431+0000] {processor.py:830} INFO - Processing file /home/malangdataguy/miniconda3/envs/airflow_mdg/lib/python3.8/site-packages/airflow/example_dags/example_xcomargs.py for tasks to queue
[2024-04-06T23:20:31.433+0000] {logging_mixin.py:188} INFO - [2024-04-06T23:20:31.432+0000] {dagbag.py:540} INFO - Filling up the DagBag from /home/malangdataguy/miniconda3/envs/airflow_mdg/lib/python3.8/site-packages/airflow/example_dags/example_xcomargs.py
[2024-04-06T23:20:31.447+0000] {processor.py:840} INFO - DAG(s) 'example_xcom_args', 'example_xcom_args_with_operators' retrieved from /home/malangdataguy/miniconda3/envs/airflow_mdg/lib/python3.8/site-packages/airflow/example_dags/example_xcomargs.py
[2024-04-06T23:20:31.479+0000] {logging_mixin.py:188} INFO - [2024-04-06T23:20:31.478+0000] {dag.py:3047} INFO - Sync 2 DAGs
[2024-04-06T23:20:31.495+0000] {logging_mixin.py:188} INFO - [2024-04-06T23:20:31.495+0000] {dag.py:3834} INFO - Setting next_dagrun for example_xcom_args to None, run_after=None
[2024-04-06T23:20:31.500+0000] {logging_mixin.py:188} INFO - [2024-04-06T23:20:31.500+0000] {dag.py:3834} INFO - Setting next_dagrun for example_xcom_args_with_operators to None, run_after=None
[2024-04-06T23:20:31.536+0000] {processor.py:183} INFO - Processing /home/malangdataguy/miniconda3/envs/airflow_mdg/lib/python3.8/site-packages/airflow/example_dags/example_xcomargs.py took 0.113 seconds
[2024-04-06T23:21:14.419+0000] {processor.py:161} INFO - Started process (PID=69111) to work on /home/malangdataguy/miniconda3/envs/airflow_mdg/lib/python3.8/site-packages/airflow/example_dags/example_xcomargs.py
[2024-04-06T23:21:14.422+0000] {processor.py:830} INFO - Processing file /home/malangdataguy/miniconda3/envs/airflow_mdg/lib/python3.8/site-packages/airflow/example_dags/example_xcomargs.py for tasks to queue
[2024-04-06T23:21:14.423+0000] {logging_mixin.py:188} INFO - [2024-04-06T23:21:14.422+0000] {dagbag.py:540} INFO - Filling up the DagBag from /home/malangdataguy/miniconda3/envs/airflow_mdg/lib/python3.8/site-packages/airflow/example_dags/example_xcomargs.py
[2024-04-06T23:21:14.436+0000] {processor.py:840} INFO - DAG(s) 'example_xcom_args_with_operators', 'example_xcom_args' retrieved from /home/malangdataguy/miniconda3/envs/airflow_mdg/lib/python3.8/site-packages/airflow/example_dags/example_xcomargs.py
[2024-04-06T23:21:14.464+0000] {logging_mixin.py:188} INFO - [2024-04-06T23:21:14.464+0000] {dag.py:3047} INFO - Sync 2 DAGs
[2024-04-06T23:21:14.479+0000] {logging_mixin.py:188} INFO - [2024-04-06T23:21:14.479+0000] {dag.py:3834} INFO - Setting next_dagrun for example_xcom_args to None, run_after=None
[2024-04-06T23:21:14.483+0000] {logging_mixin.py:188} INFO - [2024-04-06T23:21:14.483+0000] {dag.py:3834} INFO - Setting next_dagrun for example_xcom_args_with_operators to None, run_after=None
[2024-04-06T23:21:14.511+0000] {processor.py:183} INFO - Processing /home/malangdataguy/miniconda3/envs/airflow_mdg/lib/python3.8/site-packages/airflow/example_dags/example_xcomargs.py took 0.097 seconds
[2024-04-06T23:21:54.259+0000] {processor.py:161} INFO - Started process (PID=69149) to work on /home/malangdataguy/miniconda3/envs/airflow_mdg/lib/python3.8/site-packages/airflow/example_dags/example_xcomargs.py
[2024-04-06T23:21:54.262+0000] {processor.py:830} INFO - Processing file /home/malangdataguy/miniconda3/envs/airflow_mdg/lib/python3.8/site-packages/airflow/example_dags/example_xcomargs.py for tasks to queue
[2024-04-06T23:21:54.264+0000] {logging_mixin.py:188} INFO - [2024-04-06T23:21:54.263+0000] {dagbag.py:540} INFO - Filling up the DagBag from /home/malangdataguy/miniconda3/envs/airflow_mdg/lib/python3.8/site-packages/airflow/example_dags/example_xcomargs.py
[2024-04-06T23:21:54.279+0000] {processor.py:840} INFO - DAG(s) 'example_xcom_args', 'example_xcom_args_with_operators' retrieved from /home/malangdataguy/miniconda3/envs/airflow_mdg/lib/python3.8/site-packages/airflow/example_dags/example_xcomargs.py
[2024-04-06T23:21:54.311+0000] {logging_mixin.py:188} INFO - [2024-04-06T23:21:54.311+0000] {dag.py:3047} INFO - Sync 2 DAGs
[2024-04-06T23:21:54.329+0000] {logging_mixin.py:188} INFO - [2024-04-06T23:21:54.328+0000] {dag.py:3834} INFO - Setting next_dagrun for example_xcom_args to None, run_after=None
[2024-04-06T23:21:54.333+0000] {logging_mixin.py:188} INFO - [2024-04-06T23:21:54.333+0000] {dag.py:3834} INFO - Setting next_dagrun for example_xcom_args_with_operators to None, run_after=None
[2024-04-06T23:21:54.365+0000] {processor.py:183} INFO - Processing /home/malangdataguy/miniconda3/envs/airflow_mdg/lib/python3.8/site-packages/airflow/example_dags/example_xcomargs.py took 0.112 seconds
[2024-04-06T23:40:28.741+0000] {processor.py:161} INFO - Started process (PID=69287) to work on /home/malangdataguy/miniconda3/envs/airflow_mdg/lib/python3.8/site-packages/airflow/example_dags/example_xcomargs.py
[2024-04-06T23:40:28.744+0000] {processor.py:830} INFO - Processing file /home/malangdataguy/miniconda3/envs/airflow_mdg/lib/python3.8/site-packages/airflow/example_dags/example_xcomargs.py for tasks to queue
[2024-04-06T23:40:28.746+0000] {logging_mixin.py:188} INFO - [2024-04-06T23:40:28.745+0000] {dagbag.py:540} INFO - Filling up the DagBag from /home/malangdataguy/miniconda3/envs/airflow_mdg/lib/python3.8/site-packages/airflow/example_dags/example_xcomargs.py
[2024-04-06T23:40:28.763+0000] {processor.py:840} INFO - DAG(s) 'example_xcom_args_with_operators', 'example_xcom_args' retrieved from /home/malangdataguy/miniconda3/envs/airflow_mdg/lib/python3.8/site-packages/airflow/example_dags/example_xcomargs.py
[2024-04-06T23:40:28.796+0000] {logging_mixin.py:188} INFO - [2024-04-06T23:40:28.796+0000] {dag.py:3047} INFO - Sync 2 DAGs
[2024-04-06T23:40:28.814+0000] {logging_mixin.py:188} INFO - [2024-04-06T23:40:28.814+0000] {dag.py:3834} INFO - Setting next_dagrun for example_xcom_args to None, run_after=None
[2024-04-06T23:40:28.819+0000] {logging_mixin.py:188} INFO - [2024-04-06T23:40:28.819+0000] {dag.py:3834} INFO - Setting next_dagrun for example_xcom_args_with_operators to None, run_after=None
[2024-04-06T23:40:28.850+0000] {processor.py:183} INFO - Processing /home/malangdataguy/miniconda3/envs/airflow_mdg/lib/python3.8/site-packages/airflow/example_dags/example_xcomargs.py took 0.115 seconds
[2024-04-06T23:41:19.912+0000] {processor.py:161} INFO - Started process (PID=69337) to work on /home/malangdataguy/miniconda3/envs/airflow_mdg/lib/python3.8/site-packages/airflow/example_dags/example_xcomargs.py
[2024-04-06T23:41:19.915+0000] {processor.py:830} INFO - Processing file /home/malangdataguy/miniconda3/envs/airflow_mdg/lib/python3.8/site-packages/airflow/example_dags/example_xcomargs.py for tasks to queue
[2024-04-06T23:41:19.917+0000] {logging_mixin.py:188} INFO - [2024-04-06T23:41:19.916+0000] {dagbag.py:540} INFO - Filling up the DagBag from /home/malangdataguy/miniconda3/envs/airflow_mdg/lib/python3.8/site-packages/airflow/example_dags/example_xcomargs.py
[2024-04-06T23:41:19.934+0000] {processor.py:840} INFO - DAG(s) 'example_xcom_args', 'example_xcom_args_with_operators' retrieved from /home/malangdataguy/miniconda3/envs/airflow_mdg/lib/python3.8/site-packages/airflow/example_dags/example_xcomargs.py
[2024-04-06T23:41:19.970+0000] {logging_mixin.py:188} INFO - [2024-04-06T23:41:19.970+0000] {dag.py:3047} INFO - Sync 2 DAGs
[2024-04-06T23:41:19.988+0000] {logging_mixin.py:188} INFO - [2024-04-06T23:41:19.987+0000] {dag.py:3834} INFO - Setting next_dagrun for example_xcom_args to None, run_after=None
[2024-04-06T23:41:19.994+0000] {logging_mixin.py:188} INFO - [2024-04-06T23:41:19.993+0000] {dag.py:3834} INFO - Setting next_dagrun for example_xcom_args_with_operators to None, run_after=None
[2024-04-06T23:41:20.024+0000] {processor.py:183} INFO - Processing /home/malangdataguy/miniconda3/envs/airflow_mdg/lib/python3.8/site-packages/airflow/example_dags/example_xcomargs.py took 0.117 seconds
[2024-04-06T23:42:11.875+0000] {processor.py:161} INFO - Started process (PID=69387) to work on /home/malangdataguy/miniconda3/envs/airflow_mdg/lib/python3.8/site-packages/airflow/example_dags/example_xcomargs.py
[2024-04-06T23:42:11.877+0000] {processor.py:830} INFO - Processing file /home/malangdataguy/miniconda3/envs/airflow_mdg/lib/python3.8/site-packages/airflow/example_dags/example_xcomargs.py for tasks to queue
[2024-04-06T23:42:11.879+0000] {logging_mixin.py:188} INFO - [2024-04-06T23:42:11.878+0000] {dagbag.py:540} INFO - Filling up the DagBag from /home/malangdataguy/miniconda3/envs/airflow_mdg/lib/python3.8/site-packages/airflow/example_dags/example_xcomargs.py
[2024-04-06T23:42:11.891+0000] {processor.py:840} INFO - DAG(s) 'example_xcom_args_with_operators', 'example_xcom_args' retrieved from /home/malangdataguy/miniconda3/envs/airflow_mdg/lib/python3.8/site-packages/airflow/example_dags/example_xcomargs.py
[2024-04-06T23:42:11.918+0000] {logging_mixin.py:188} INFO - [2024-04-06T23:42:11.918+0000] {dag.py:3047} INFO - Sync 2 DAGs
[2024-04-06T23:42:11.933+0000] {logging_mixin.py:188} INFO - [2024-04-06T23:42:11.933+0000] {dag.py:3834} INFO - Setting next_dagrun for example_xcom_args to None, run_after=None
[2024-04-06T23:42:11.937+0000] {logging_mixin.py:188} INFO - [2024-04-06T23:42:11.937+0000] {dag.py:3834} INFO - Setting next_dagrun for example_xcom_args_with_operators to None, run_after=None
[2024-04-06T23:42:11.964+0000] {processor.py:183} INFO - Processing /home/malangdataguy/miniconda3/envs/airflow_mdg/lib/python3.8/site-packages/airflow/example_dags/example_xcomargs.py took 0.094 seconds
[2024-04-06T23:42:55.985+0000] {processor.py:161} INFO - Started process (PID=69431) to work on /home/malangdataguy/miniconda3/envs/airflow_mdg/lib/python3.8/site-packages/airflow/example_dags/example_xcomargs.py
[2024-04-06T23:42:55.988+0000] {processor.py:830} INFO - Processing file /home/malangdataguy/miniconda3/envs/airflow_mdg/lib/python3.8/site-packages/airflow/example_dags/example_xcomargs.py for tasks to queue
[2024-04-06T23:42:55.990+0000] {logging_mixin.py:188} INFO - [2024-04-06T23:42:55.989+0000] {dagbag.py:540} INFO - Filling up the DagBag from /home/malangdataguy/miniconda3/envs/airflow_mdg/lib/python3.8/site-packages/airflow/example_dags/example_xcomargs.py
[2024-04-06T23:42:56.005+0000] {processor.py:840} INFO - DAG(s) 'example_xcom_args_with_operators', 'example_xcom_args' retrieved from /home/malangdataguy/miniconda3/envs/airflow_mdg/lib/python3.8/site-packages/airflow/example_dags/example_xcomargs.py
[2024-04-06T23:42:56.042+0000] {logging_mixin.py:188} INFO - [2024-04-06T23:42:56.041+0000] {dag.py:3047} INFO - Sync 2 DAGs
[2024-04-06T23:42:56.059+0000] {logging_mixin.py:188} INFO - [2024-04-06T23:42:56.059+0000] {dag.py:3834} INFO - Setting next_dagrun for example_xcom_args to None, run_after=None
[2024-04-06T23:42:56.064+0000] {logging_mixin.py:188} INFO - [2024-04-06T23:42:56.064+0000] {dag.py:3834} INFO - Setting next_dagrun for example_xcom_args_with_operators to None, run_after=None
[2024-04-06T23:42:56.099+0000] {processor.py:183} INFO - Processing /home/malangdataguy/miniconda3/envs/airflow_mdg/lib/python3.8/site-packages/airflow/example_dags/example_xcomargs.py took 0.120 seconds
[2024-04-06T23:43:41.602+0000] {processor.py:161} INFO - Started process (PID=69486) to work on /home/malangdataguy/miniconda3/envs/airflow_mdg/lib/python3.8/site-packages/airflow/example_dags/example_xcomargs.py
[2024-04-06T23:43:41.605+0000] {processor.py:830} INFO - Processing file /home/malangdataguy/miniconda3/envs/airflow_mdg/lib/python3.8/site-packages/airflow/example_dags/example_xcomargs.py for tasks to queue
[2024-04-06T23:43:41.607+0000] {logging_mixin.py:188} INFO - [2024-04-06T23:43:41.606+0000] {dagbag.py:540} INFO - Filling up the DagBag from /home/malangdataguy/miniconda3/envs/airflow_mdg/lib/python3.8/site-packages/airflow/example_dags/example_xcomargs.py
[2024-04-06T23:43:41.620+0000] {processor.py:840} INFO - DAG(s) 'example_xcom_args', 'example_xcom_args_with_operators' retrieved from /home/malangdataguy/miniconda3/envs/airflow_mdg/lib/python3.8/site-packages/airflow/example_dags/example_xcomargs.py
[2024-04-06T23:43:41.648+0000] {logging_mixin.py:188} INFO - [2024-04-06T23:43:41.648+0000] {dag.py:3047} INFO - Sync 2 DAGs
[2024-04-06T23:43:41.663+0000] {logging_mixin.py:188} INFO - [2024-04-06T23:43:41.663+0000] {dag.py:3834} INFO - Setting next_dagrun for example_xcom_args to None, run_after=None
[2024-04-06T23:43:41.667+0000] {logging_mixin.py:188} INFO - [2024-04-06T23:43:41.667+0000] {dag.py:3834} INFO - Setting next_dagrun for example_xcom_args_with_operators to None, run_after=None
[2024-04-06T23:43:41.696+0000] {processor.py:183} INFO - Processing /home/malangdataguy/miniconda3/envs/airflow_mdg/lib/python3.8/site-packages/airflow/example_dags/example_xcomargs.py took 0.098 seconds
[2024-04-06T23:44:25.951+0000] {processor.py:161} INFO - Started process (PID=69536) to work on /home/malangdataguy/miniconda3/envs/airflow_mdg/lib/python3.8/site-packages/airflow/example_dags/example_xcomargs.py
[2024-04-06T23:44:25.954+0000] {processor.py:830} INFO - Processing file /home/malangdataguy/miniconda3/envs/airflow_mdg/lib/python3.8/site-packages/airflow/example_dags/example_xcomargs.py for tasks to queue
[2024-04-06T23:44:25.955+0000] {logging_mixin.py:188} INFO - [2024-04-06T23:44:25.955+0000] {dagbag.py:540} INFO - Filling up the DagBag from /home/malangdataguy/miniconda3/envs/airflow_mdg/lib/python3.8/site-packages/airflow/example_dags/example_xcomargs.py
[2024-04-06T23:44:25.968+0000] {processor.py:840} INFO - DAG(s) 'example_xcom_args_with_operators', 'example_xcom_args' retrieved from /home/malangdataguy/miniconda3/envs/airflow_mdg/lib/python3.8/site-packages/airflow/example_dags/example_xcomargs.py
[2024-04-06T23:44:25.995+0000] {logging_mixin.py:188} INFO - [2024-04-06T23:44:25.994+0000] {dag.py:3047} INFO - Sync 2 DAGs
[2024-04-06T23:44:26.011+0000] {logging_mixin.py:188} INFO - [2024-04-06T23:44:26.010+0000] {dag.py:3834} INFO - Setting next_dagrun for example_xcom_args to None, run_after=None
[2024-04-06T23:44:26.015+0000] {logging_mixin.py:188} INFO - [2024-04-06T23:44:26.015+0000] {dag.py:3834} INFO - Setting next_dagrun for example_xcom_args_with_operators to None, run_after=None
[2024-04-06T23:44:26.040+0000] {processor.py:183} INFO - Processing /home/malangdataguy/miniconda3/envs/airflow_mdg/lib/python3.8/site-packages/airflow/example_dags/example_xcomargs.py took 0.094 seconds
[2024-04-06T23:45:08.021+0000] {processor.py:161} INFO - Started process (PID=69582) to work on /home/malangdataguy/miniconda3/envs/airflow_mdg/lib/python3.8/site-packages/airflow/example_dags/example_xcomargs.py
[2024-04-06T23:45:08.023+0000] {processor.py:830} INFO - Processing file /home/malangdataguy/miniconda3/envs/airflow_mdg/lib/python3.8/site-packages/airflow/example_dags/example_xcomargs.py for tasks to queue
[2024-04-06T23:45:08.025+0000] {logging_mixin.py:188} INFO - [2024-04-06T23:45:08.024+0000] {dagbag.py:540} INFO - Filling up the DagBag from /home/malangdataguy/miniconda3/envs/airflow_mdg/lib/python3.8/site-packages/airflow/example_dags/example_xcomargs.py
[2024-04-06T23:45:08.036+0000] {processor.py:840} INFO - DAG(s) 'example_xcom_args', 'example_xcom_args_with_operators' retrieved from /home/malangdataguy/miniconda3/envs/airflow_mdg/lib/python3.8/site-packages/airflow/example_dags/example_xcomargs.py
[2024-04-06T23:45:08.063+0000] {logging_mixin.py:188} INFO - [2024-04-06T23:45:08.063+0000] {dag.py:3047} INFO - Sync 2 DAGs
[2024-04-06T23:45:08.078+0000] {logging_mixin.py:188} INFO - [2024-04-06T23:45:08.077+0000] {dag.py:3834} INFO - Setting next_dagrun for example_xcom_args to None, run_after=None
[2024-04-06T23:45:08.082+0000] {logging_mixin.py:188} INFO - [2024-04-06T23:45:08.081+0000] {dag.py:3834} INFO - Setting next_dagrun for example_xcom_args_with_operators to None, run_after=None
[2024-04-06T23:45:08.106+0000] {processor.py:183} INFO - Processing /home/malangdataguy/miniconda3/envs/airflow_mdg/lib/python3.8/site-packages/airflow/example_dags/example_xcomargs.py took 0.090 seconds
[2024-04-06T23:45:52.020+0000] {processor.py:161} INFO - Started process (PID=69627) to work on /home/malangdataguy/miniconda3/envs/airflow_mdg/lib/python3.8/site-packages/airflow/example_dags/example_xcomargs.py
[2024-04-06T23:45:52.023+0000] {processor.py:830} INFO - Processing file /home/malangdataguy/miniconda3/envs/airflow_mdg/lib/python3.8/site-packages/airflow/example_dags/example_xcomargs.py for tasks to queue
[2024-04-06T23:45:52.024+0000] {logging_mixin.py:188} INFO - [2024-04-06T23:45:52.024+0000] {dagbag.py:540} INFO - Filling up the DagBag from /home/malangdataguy/miniconda3/envs/airflow_mdg/lib/python3.8/site-packages/airflow/example_dags/example_xcomargs.py
[2024-04-06T23:45:52.037+0000] {processor.py:840} INFO - DAG(s) 'example_xcom_args_with_operators', 'example_xcom_args' retrieved from /home/malangdataguy/miniconda3/envs/airflow_mdg/lib/python3.8/site-packages/airflow/example_dags/example_xcomargs.py
[2024-04-06T23:45:52.063+0000] {logging_mixin.py:188} INFO - [2024-04-06T23:45:52.063+0000] {dag.py:3047} INFO - Sync 2 DAGs
[2024-04-06T23:45:52.078+0000] {logging_mixin.py:188} INFO - [2024-04-06T23:45:52.078+0000] {dag.py:3834} INFO - Setting next_dagrun for example_xcom_args to None, run_after=None
[2024-04-06T23:45:52.082+0000] {logging_mixin.py:188} INFO - [2024-04-06T23:45:52.082+0000] {dag.py:3834} INFO - Setting next_dagrun for example_xcom_args_with_operators to None, run_after=None
[2024-04-06T23:45:52.111+0000] {processor.py:183} INFO - Processing /home/malangdataguy/miniconda3/envs/airflow_mdg/lib/python3.8/site-packages/airflow/example_dags/example_xcomargs.py took 0.095 seconds
[2024-04-06T23:46:32.429+0000] {processor.py:161} INFO - Started process (PID=69669) to work on /home/malangdataguy/miniconda3/envs/airflow_mdg/lib/python3.8/site-packages/airflow/example_dags/example_xcomargs.py
[2024-04-06T23:46:32.432+0000] {processor.py:830} INFO - Processing file /home/malangdataguy/miniconda3/envs/airflow_mdg/lib/python3.8/site-packages/airflow/example_dags/example_xcomargs.py for tasks to queue
[2024-04-06T23:46:32.433+0000] {logging_mixin.py:188} INFO - [2024-04-06T23:46:32.433+0000] {dagbag.py:540} INFO - Filling up the DagBag from /home/malangdataguy/miniconda3/envs/airflow_mdg/lib/python3.8/site-packages/airflow/example_dags/example_xcomargs.py
[2024-04-06T23:46:32.447+0000] {processor.py:840} INFO - DAG(s) 'example_xcom_args', 'example_xcom_args_with_operators' retrieved from /home/malangdataguy/miniconda3/envs/airflow_mdg/lib/python3.8/site-packages/airflow/example_dags/example_xcomargs.py
[2024-04-06T23:46:32.478+0000] {logging_mixin.py:188} INFO - [2024-04-06T23:46:32.477+0000] {dag.py:3047} INFO - Sync 2 DAGs
[2024-04-06T23:46:32.494+0000] {logging_mixin.py:188} INFO - [2024-04-06T23:46:32.493+0000] {dag.py:3834} INFO - Setting next_dagrun for example_xcom_args to None, run_after=None
[2024-04-06T23:46:32.499+0000] {logging_mixin.py:188} INFO - [2024-04-06T23:46:32.498+0000] {dag.py:3834} INFO - Setting next_dagrun for example_xcom_args_with_operators to None, run_after=None
[2024-04-06T23:46:32.530+0000] {processor.py:183} INFO - Processing /home/malangdataguy/miniconda3/envs/airflow_mdg/lib/python3.8/site-packages/airflow/example_dags/example_xcomargs.py took 0.107 seconds
[2024-04-06T23:47:13.612+0000] {processor.py:161} INFO - Started process (PID=69742) to work on /home/malangdataguy/miniconda3/envs/airflow_mdg/lib/python3.8/site-packages/airflow/example_dags/example_xcomargs.py
[2024-04-06T23:47:13.615+0000] {processor.py:830} INFO - Processing file /home/malangdataguy/miniconda3/envs/airflow_mdg/lib/python3.8/site-packages/airflow/example_dags/example_xcomargs.py for tasks to queue
[2024-04-06T23:47:13.616+0000] {logging_mixin.py:188} INFO - [2024-04-06T23:47:13.615+0000] {dagbag.py:540} INFO - Filling up the DagBag from /home/malangdataguy/miniconda3/envs/airflow_mdg/lib/python3.8/site-packages/airflow/example_dags/example_xcomargs.py
[2024-04-06T23:47:13.628+0000] {processor.py:840} INFO - DAG(s) 'example_xcom_args_with_operators', 'example_xcom_args' retrieved from /home/malangdataguy/miniconda3/envs/airflow_mdg/lib/python3.8/site-packages/airflow/example_dags/example_xcomargs.py
[2024-04-06T23:47:13.653+0000] {logging_mixin.py:188} INFO - [2024-04-06T23:47:13.652+0000] {dag.py:3047} INFO - Sync 2 DAGs
[2024-04-06T23:47:13.666+0000] {logging_mixin.py:188} INFO - [2024-04-06T23:47:13.666+0000] {dag.py:3834} INFO - Setting next_dagrun for example_xcom_args to None, run_after=None
[2024-04-06T23:47:13.670+0000] {logging_mixin.py:188} INFO - [2024-04-06T23:47:13.670+0000] {dag.py:3834} INFO - Setting next_dagrun for example_xcom_args_with_operators to None, run_after=None
[2024-04-06T23:47:13.695+0000] {processor.py:183} INFO - Processing /home/malangdataguy/miniconda3/envs/airflow_mdg/lib/python3.8/site-packages/airflow/example_dags/example_xcomargs.py took 0.088 seconds
[2024-04-06T23:47:53.999+0000] {processor.py:161} INFO - Started process (PID=69783) to work on /home/malangdataguy/miniconda3/envs/airflow_mdg/lib/python3.8/site-packages/airflow/example_dags/example_xcomargs.py
[2024-04-06T23:47:54.002+0000] {processor.py:830} INFO - Processing file /home/malangdataguy/miniconda3/envs/airflow_mdg/lib/python3.8/site-packages/airflow/example_dags/example_xcomargs.py for tasks to queue
[2024-04-06T23:47:54.003+0000] {logging_mixin.py:188} INFO - [2024-04-06T23:47:54.002+0000] {dagbag.py:540} INFO - Filling up the DagBag from /home/malangdataguy/miniconda3/envs/airflow_mdg/lib/python3.8/site-packages/airflow/example_dags/example_xcomargs.py
[2024-04-06T23:47:54.016+0000] {processor.py:840} INFO - DAG(s) 'example_xcom_args_with_operators', 'example_xcom_args' retrieved from /home/malangdataguy/miniconda3/envs/airflow_mdg/lib/python3.8/site-packages/airflow/example_dags/example_xcomargs.py
[2024-04-06T23:47:54.042+0000] {logging_mixin.py:188} INFO - [2024-04-06T23:47:54.042+0000] {dag.py:3047} INFO - Sync 2 DAGs
[2024-04-06T23:47:54.056+0000] {logging_mixin.py:188} INFO - [2024-04-06T23:47:54.056+0000] {dag.py:3834} INFO - Setting next_dagrun for example_xcom_args to None, run_after=None
[2024-04-06T23:47:54.060+0000] {logging_mixin.py:188} INFO - [2024-04-06T23:47:54.060+0000] {dag.py:3834} INFO - Setting next_dagrun for example_xcom_args_with_operators to None, run_after=None
[2024-04-06T23:47:54.086+0000] {processor.py:183} INFO - Processing /home/malangdataguy/miniconda3/envs/airflow_mdg/lib/python3.8/site-packages/airflow/example_dags/example_xcomargs.py took 0.093 seconds
[2024-04-06T23:48:36.188+0000] {processor.py:161} INFO - Started process (PID=69832) to work on /home/malangdataguy/miniconda3/envs/airflow_mdg/lib/python3.8/site-packages/airflow/example_dags/example_xcomargs.py
[2024-04-06T23:48:36.191+0000] {processor.py:830} INFO - Processing file /home/malangdataguy/miniconda3/envs/airflow_mdg/lib/python3.8/site-packages/airflow/example_dags/example_xcomargs.py for tasks to queue
[2024-04-06T23:48:36.192+0000] {logging_mixin.py:188} INFO - [2024-04-06T23:48:36.192+0000] {dagbag.py:540} INFO - Filling up the DagBag from /home/malangdataguy/miniconda3/envs/airflow_mdg/lib/python3.8/site-packages/airflow/example_dags/example_xcomargs.py
[2024-04-06T23:48:36.204+0000] {processor.py:840} INFO - DAG(s) 'example_xcom_args', 'example_xcom_args_with_operators' retrieved from /home/malangdataguy/miniconda3/envs/airflow_mdg/lib/python3.8/site-packages/airflow/example_dags/example_xcomargs.py
[2024-04-06T23:48:36.229+0000] {logging_mixin.py:188} INFO - [2024-04-06T23:48:36.229+0000] {dag.py:3047} INFO - Sync 2 DAGs
[2024-04-06T23:48:36.244+0000] {logging_mixin.py:188} INFO - [2024-04-06T23:48:36.243+0000] {dag.py:3834} INFO - Setting next_dagrun for example_xcom_args to None, run_after=None
[2024-04-06T23:48:36.248+0000] {logging_mixin.py:188} INFO - [2024-04-06T23:48:36.247+0000] {dag.py:3834} INFO - Setting next_dagrun for example_xcom_args_with_operators to None, run_after=None
[2024-04-06T23:48:36.275+0000] {processor.py:183} INFO - Processing /home/malangdataguy/miniconda3/envs/airflow_mdg/lib/python3.8/site-packages/airflow/example_dags/example_xcomargs.py took 0.091 seconds
[2024-04-06T23:49:18.108+0000] {processor.py:161} INFO - Started process (PID=69872) to work on /home/malangdataguy/miniconda3/envs/airflow_mdg/lib/python3.8/site-packages/airflow/example_dags/example_xcomargs.py
[2024-04-06T23:49:18.110+0000] {processor.py:830} INFO - Processing file /home/malangdataguy/miniconda3/envs/airflow_mdg/lib/python3.8/site-packages/airflow/example_dags/example_xcomargs.py for tasks to queue
[2024-04-06T23:49:18.112+0000] {logging_mixin.py:188} INFO - [2024-04-06T23:49:18.111+0000] {dagbag.py:540} INFO - Filling up the DagBag from /home/malangdataguy/miniconda3/envs/airflow_mdg/lib/python3.8/site-packages/airflow/example_dags/example_xcomargs.py
[2024-04-06T23:49:18.124+0000] {processor.py:840} INFO - DAG(s) 'example_xcom_args_with_operators', 'example_xcom_args' retrieved from /home/malangdataguy/miniconda3/envs/airflow_mdg/lib/python3.8/site-packages/airflow/example_dags/example_xcomargs.py
[2024-04-06T23:49:18.150+0000] {logging_mixin.py:188} INFO - [2024-04-06T23:49:18.150+0000] {dag.py:3047} INFO - Sync 2 DAGs
[2024-04-06T23:49:18.168+0000] {logging_mixin.py:188} INFO - [2024-04-06T23:49:18.167+0000] {dag.py:3834} INFO - Setting next_dagrun for example_xcom_args to None, run_after=None
[2024-04-06T23:49:18.174+0000] {logging_mixin.py:188} INFO - [2024-04-06T23:49:18.174+0000] {dag.py:3834} INFO - Setting next_dagrun for example_xcom_args_with_operators to None, run_after=None
[2024-04-06T23:49:18.202+0000] {processor.py:183} INFO - Processing /home/malangdataguy/miniconda3/envs/airflow_mdg/lib/python3.8/site-packages/airflow/example_dags/example_xcomargs.py took 0.098 seconds
[2024-04-06T23:50:00.862+0000] {processor.py:161} INFO - Started process (PID=69918) to work on /home/malangdataguy/miniconda3/envs/airflow_mdg/lib/python3.8/site-packages/airflow/example_dags/example_xcomargs.py
[2024-04-06T23:50:00.865+0000] {processor.py:830} INFO - Processing file /home/malangdataguy/miniconda3/envs/airflow_mdg/lib/python3.8/site-packages/airflow/example_dags/example_xcomargs.py for tasks to queue
[2024-04-06T23:50:00.867+0000] {logging_mixin.py:188} INFO - [2024-04-06T23:50:00.866+0000] {dagbag.py:540} INFO - Filling up the DagBag from /home/malangdataguy/miniconda3/envs/airflow_mdg/lib/python3.8/site-packages/airflow/example_dags/example_xcomargs.py
[2024-04-06T23:50:00.880+0000] {processor.py:840} INFO - DAG(s) 'example_xcom_args_with_operators', 'example_xcom_args' retrieved from /home/malangdataguy/miniconda3/envs/airflow_mdg/lib/python3.8/site-packages/airflow/example_dags/example_xcomargs.py
[2024-04-06T23:50:00.906+0000] {logging_mixin.py:188} INFO - [2024-04-06T23:50:00.906+0000] {dag.py:3047} INFO - Sync 2 DAGs
[2024-04-06T23:50:00.921+0000] {logging_mixin.py:188} INFO - [2024-04-06T23:50:00.921+0000] {dag.py:3834} INFO - Setting next_dagrun for example_xcom_args to None, run_after=None
[2024-04-06T23:50:00.926+0000] {logging_mixin.py:188} INFO - [2024-04-06T23:50:00.925+0000] {dag.py:3834} INFO - Setting next_dagrun for example_xcom_args_with_operators to None, run_after=None
[2024-04-06T23:50:00.957+0000] {processor.py:183} INFO - Processing /home/malangdataguy/miniconda3/envs/airflow_mdg/lib/python3.8/site-packages/airflow/example_dags/example_xcomargs.py took 0.100 seconds
[2024-04-06T23:51:00.174+0000] {processor.py:161} INFO - Started process (PID=69977) to work on /home/malangdataguy/miniconda3/envs/airflow_mdg/lib/python3.8/site-packages/airflow/example_dags/example_xcomargs.py
[2024-04-06T23:51:00.177+0000] {processor.py:830} INFO - Processing file /home/malangdataguy/miniconda3/envs/airflow_mdg/lib/python3.8/site-packages/airflow/example_dags/example_xcomargs.py for tasks to queue
[2024-04-06T23:51:00.178+0000] {logging_mixin.py:188} INFO - [2024-04-06T23:51:00.177+0000] {dagbag.py:540} INFO - Filling up the DagBag from /home/malangdataguy/miniconda3/envs/airflow_mdg/lib/python3.8/site-packages/airflow/example_dags/example_xcomargs.py
[2024-04-06T23:51:00.193+0000] {processor.py:840} INFO - DAG(s) 'example_xcom_args_with_operators', 'example_xcom_args' retrieved from /home/malangdataguy/miniconda3/envs/airflow_mdg/lib/python3.8/site-packages/airflow/example_dags/example_xcomargs.py
[2024-04-06T23:51:00.226+0000] {logging_mixin.py:188} INFO - [2024-04-06T23:51:00.226+0000] {dag.py:3047} INFO - Sync 2 DAGs
[2024-04-06T23:51:00.245+0000] {logging_mixin.py:188} INFO - [2024-04-06T23:51:00.244+0000] {dag.py:3834} INFO - Setting next_dagrun for example_xcom_args to None, run_after=None
[2024-04-06T23:51:00.250+0000] {logging_mixin.py:188} INFO - [2024-04-06T23:51:00.249+0000] {dag.py:3834} INFO - Setting next_dagrun for example_xcom_args_with_operators to None, run_after=None
[2024-04-06T23:51:00.280+0000] {processor.py:183} INFO - Processing /home/malangdataguy/miniconda3/envs/airflow_mdg/lib/python3.8/site-packages/airflow/example_dags/example_xcomargs.py took 0.112 seconds
[2024-04-06T23:51:43.464+0000] {processor.py:161} INFO - Started process (PID=70022) to work on /home/malangdataguy/miniconda3/envs/airflow_mdg/lib/python3.8/site-packages/airflow/example_dags/example_xcomargs.py
[2024-04-06T23:51:43.467+0000] {processor.py:830} INFO - Processing file /home/malangdataguy/miniconda3/envs/airflow_mdg/lib/python3.8/site-packages/airflow/example_dags/example_xcomargs.py for tasks to queue
[2024-04-06T23:51:43.469+0000] {logging_mixin.py:188} INFO - [2024-04-06T23:51:43.468+0000] {dagbag.py:540} INFO - Filling up the DagBag from /home/malangdataguy/miniconda3/envs/airflow_mdg/lib/python3.8/site-packages/airflow/example_dags/example_xcomargs.py
[2024-04-06T23:51:43.484+0000] {processor.py:840} INFO - DAG(s) 'example_xcom_args_with_operators', 'example_xcom_args' retrieved from /home/malangdataguy/miniconda3/envs/airflow_mdg/lib/python3.8/site-packages/airflow/example_dags/example_xcomargs.py
[2024-04-06T23:51:43.517+0000] {logging_mixin.py:188} INFO - [2024-04-06T23:51:43.516+0000] {dag.py:3047} INFO - Sync 2 DAGs
[2024-04-06T23:51:43.534+0000] {logging_mixin.py:188} INFO - [2024-04-06T23:51:43.534+0000] {dag.py:3834} INFO - Setting next_dagrun for example_xcom_args to None, run_after=None
[2024-04-06T23:51:43.539+0000] {logging_mixin.py:188} INFO - [2024-04-06T23:51:43.538+0000] {dag.py:3834} INFO - Setting next_dagrun for example_xcom_args_with_operators to None, run_after=None
[2024-04-06T23:51:43.568+0000] {processor.py:183} INFO - Processing /home/malangdataguy/miniconda3/envs/airflow_mdg/lib/python3.8/site-packages/airflow/example_dags/example_xcomargs.py took 0.110 seconds
[2024-04-06T23:52:26.986+0000] {processor.py:161} INFO - Started process (PID=70068) to work on /home/malangdataguy/miniconda3/envs/airflow_mdg/lib/python3.8/site-packages/airflow/example_dags/example_xcomargs.py
[2024-04-06T23:52:26.989+0000] {processor.py:830} INFO - Processing file /home/malangdataguy/miniconda3/envs/airflow_mdg/lib/python3.8/site-packages/airflow/example_dags/example_xcomargs.py for tasks to queue
[2024-04-06T23:52:26.991+0000] {logging_mixin.py:188} INFO - [2024-04-06T23:52:26.991+0000] {dagbag.py:540} INFO - Filling up the DagBag from /home/malangdataguy/miniconda3/envs/airflow_mdg/lib/python3.8/site-packages/airflow/example_dags/example_xcomargs.py
[2024-04-06T23:52:27.005+0000] {processor.py:840} INFO - DAG(s) 'example_xcom_args', 'example_xcom_args_with_operators' retrieved from /home/malangdataguy/miniconda3/envs/airflow_mdg/lib/python3.8/site-packages/airflow/example_dags/example_xcomargs.py
[2024-04-06T23:52:27.034+0000] {logging_mixin.py:188} INFO - [2024-04-06T23:52:27.034+0000] {dag.py:3047} INFO - Sync 2 DAGs
[2024-04-06T23:52:27.050+0000] {logging_mixin.py:188} INFO - [2024-04-06T23:52:27.050+0000] {dag.py:3834} INFO - Setting next_dagrun for example_xcom_args to None, run_after=None
[2024-04-06T23:52:27.055+0000] {logging_mixin.py:188} INFO - [2024-04-06T23:52:27.054+0000] {dag.py:3834} INFO - Setting next_dagrun for example_xcom_args_with_operators to None, run_after=None
[2024-04-06T23:52:27.086+0000] {processor.py:183} INFO - Processing /home/malangdataguy/miniconda3/envs/airflow_mdg/lib/python3.8/site-packages/airflow/example_dags/example_xcomargs.py took 0.106 seconds
[2024-04-06T23:53:10.834+0000] {processor.py:161} INFO - Started process (PID=70110) to work on /home/malangdataguy/miniconda3/envs/airflow_mdg/lib/python3.8/site-packages/airflow/example_dags/example_xcomargs.py
[2024-04-06T23:53:10.837+0000] {processor.py:830} INFO - Processing file /home/malangdataguy/miniconda3/envs/airflow_mdg/lib/python3.8/site-packages/airflow/example_dags/example_xcomargs.py for tasks to queue
[2024-04-06T23:53:10.838+0000] {logging_mixin.py:188} INFO - [2024-04-06T23:53:10.838+0000] {dagbag.py:540} INFO - Filling up the DagBag from /home/malangdataguy/miniconda3/envs/airflow_mdg/lib/python3.8/site-packages/airflow/example_dags/example_xcomargs.py
[2024-04-06T23:53:10.850+0000] {processor.py:840} INFO - DAG(s) 'example_xcom_args_with_operators', 'example_xcom_args' retrieved from /home/malangdataguy/miniconda3/envs/airflow_mdg/lib/python3.8/site-packages/airflow/example_dags/example_xcomargs.py
[2024-04-06T23:53:10.877+0000] {logging_mixin.py:188} INFO - [2024-04-06T23:53:10.877+0000] {dag.py:3047} INFO - Sync 2 DAGs
[2024-04-06T23:53:10.892+0000] {logging_mixin.py:188} INFO - [2024-04-06T23:53:10.892+0000] {dag.py:3834} INFO - Setting next_dagrun for example_xcom_args to None, run_after=None
[2024-04-06T23:53:10.897+0000] {logging_mixin.py:188} INFO - [2024-04-06T23:53:10.896+0000] {dag.py:3834} INFO - Setting next_dagrun for example_xcom_args_with_operators to None, run_after=None
[2024-04-06T23:53:10.927+0000] {processor.py:183} INFO - Processing /home/malangdataguy/miniconda3/envs/airflow_mdg/lib/python3.8/site-packages/airflow/example_dags/example_xcomargs.py took 0.097 seconds
[2024-04-06T23:53:55.980+0000] {processor.py:161} INFO - Started process (PID=70171) to work on /home/malangdataguy/miniconda3/envs/airflow_mdg/lib/python3.8/site-packages/airflow/example_dags/example_xcomargs.py
[2024-04-06T23:53:55.982+0000] {processor.py:830} INFO - Processing file /home/malangdataguy/miniconda3/envs/airflow_mdg/lib/python3.8/site-packages/airflow/example_dags/example_xcomargs.py for tasks to queue
[2024-04-06T23:53:55.984+0000] {logging_mixin.py:188} INFO - [2024-04-06T23:53:55.983+0000] {dagbag.py:540} INFO - Filling up the DagBag from /home/malangdataguy/miniconda3/envs/airflow_mdg/lib/python3.8/site-packages/airflow/example_dags/example_xcomargs.py
[2024-04-06T23:53:55.997+0000] {processor.py:840} INFO - DAG(s) 'example_xcom_args', 'example_xcom_args_with_operators' retrieved from /home/malangdataguy/miniconda3/envs/airflow_mdg/lib/python3.8/site-packages/airflow/example_dags/example_xcomargs.py
[2024-04-06T23:53:56.025+0000] {logging_mixin.py:188} INFO - [2024-04-06T23:53:56.025+0000] {dag.py:3047} INFO - Sync 2 DAGs
[2024-04-06T23:53:56.040+0000] {logging_mixin.py:188} INFO - [2024-04-06T23:53:56.040+0000] {dag.py:3834} INFO - Setting next_dagrun for example_xcom_args to None, run_after=None
[2024-04-06T23:53:56.045+0000] {logging_mixin.py:188} INFO - [2024-04-06T23:53:56.044+0000] {dag.py:3834} INFO - Setting next_dagrun for example_xcom_args_with_operators to None, run_after=None
[2024-04-06T23:53:56.074+0000] {processor.py:183} INFO - Processing /home/malangdataguy/miniconda3/envs/airflow_mdg/lib/python3.8/site-packages/airflow/example_dags/example_xcomargs.py took 0.099 seconds
[2024-04-06T23:54:38.654+0000] {processor.py:161} INFO - Started process (PID=70237) to work on /home/malangdataguy/miniconda3/envs/airflow_mdg/lib/python3.8/site-packages/airflow/example_dags/example_xcomargs.py
[2024-04-06T23:54:38.657+0000] {processor.py:830} INFO - Processing file /home/malangdataguy/miniconda3/envs/airflow_mdg/lib/python3.8/site-packages/airflow/example_dags/example_xcomargs.py for tasks to queue
[2024-04-06T23:54:38.659+0000] {logging_mixin.py:188} INFO - [2024-04-06T23:54:38.658+0000] {dagbag.py:540} INFO - Filling up the DagBag from /home/malangdataguy/miniconda3/envs/airflow_mdg/lib/python3.8/site-packages/airflow/example_dags/example_xcomargs.py
[2024-04-06T23:54:38.675+0000] {processor.py:840} INFO - DAG(s) 'example_xcom_args_with_operators', 'example_xcom_args' retrieved from /home/malangdataguy/miniconda3/envs/airflow_mdg/lib/python3.8/site-packages/airflow/example_dags/example_xcomargs.py
[2024-04-06T23:54:38.706+0000] {logging_mixin.py:188} INFO - [2024-04-06T23:54:38.705+0000] {dag.py:3047} INFO - Sync 2 DAGs
[2024-04-06T23:54:38.723+0000] {logging_mixin.py:188} INFO - [2024-04-06T23:54:38.723+0000] {dag.py:3834} INFO - Setting next_dagrun for example_xcom_args to None, run_after=None
[2024-04-06T23:54:38.728+0000] {logging_mixin.py:188} INFO - [2024-04-06T23:54:38.727+0000] {dag.py:3834} INFO - Setting next_dagrun for example_xcom_args_with_operators to None, run_after=None
[2024-04-06T23:54:38.758+0000] {processor.py:183} INFO - Processing /home/malangdataguy/miniconda3/envs/airflow_mdg/lib/python3.8/site-packages/airflow/example_dags/example_xcomargs.py took 0.109 seconds
[2024-04-06T23:55:21.048+0000] {processor.py:161} INFO - Started process (PID=70278) to work on /home/malangdataguy/miniconda3/envs/airflow_mdg/lib/python3.8/site-packages/airflow/example_dags/example_xcomargs.py
[2024-04-06T23:55:21.051+0000] {processor.py:830} INFO - Processing file /home/malangdataguy/miniconda3/envs/airflow_mdg/lib/python3.8/site-packages/airflow/example_dags/example_xcomargs.py for tasks to queue
[2024-04-06T23:55:21.053+0000] {logging_mixin.py:188} INFO - [2024-04-06T23:55:21.052+0000] {dagbag.py:540} INFO - Filling up the DagBag from /home/malangdataguy/miniconda3/envs/airflow_mdg/lib/python3.8/site-packages/airflow/example_dags/example_xcomargs.py
[2024-04-06T23:55:21.069+0000] {processor.py:840} INFO - DAG(s) 'example_xcom_args', 'example_xcom_args_with_operators' retrieved from /home/malangdataguy/miniconda3/envs/airflow_mdg/lib/python3.8/site-packages/airflow/example_dags/example_xcomargs.py
[2024-04-06T23:55:21.103+0000] {logging_mixin.py:188} INFO - [2024-04-06T23:55:21.103+0000] {dag.py:3047} INFO - Sync 2 DAGs
[2024-04-06T23:55:21.121+0000] {logging_mixin.py:188} INFO - [2024-04-06T23:55:21.121+0000] {dag.py:3834} INFO - Setting next_dagrun for example_xcom_args to None, run_after=None
[2024-04-06T23:55:21.126+0000] {logging_mixin.py:188} INFO - [2024-04-06T23:55:21.126+0000] {dag.py:3834} INFO - Setting next_dagrun for example_xcom_args_with_operators to None, run_after=None
[2024-04-06T23:55:21.157+0000] {processor.py:183} INFO - Processing /home/malangdataguy/miniconda3/envs/airflow_mdg/lib/python3.8/site-packages/airflow/example_dags/example_xcomargs.py took 0.115 seconds
