[2024-04-06T23:09:50.988+0000] {processor.py:161} INFO - Started process (PID=68400) to work on /home/malangdataguy/miniconda3/envs/airflow_mdg/lib/python3.8/site-packages/airflow/example_dags/example_branch_operator.py
[2024-04-06T23:09:50.990+0000] {processor.py:830} INFO - Processing file /home/malangdataguy/miniconda3/envs/airflow_mdg/lib/python3.8/site-packages/airflow/example_dags/example_branch_operator.py for tasks to queue
[2024-04-06T23:09:50.991+0000] {logging_mixin.py:188} INFO - [2024-04-06T23:09:50.991+0000] {dagbag.py:540} INFO - Filling up the DagBag from /home/malangdataguy/miniconda3/envs/airflow_mdg/lib/python3.8/site-packages/airflow/example_dags/example_branch_operator.py
[2024-04-06T23:09:50.996+0000] {processor.py:842} WARNING - No viable dags retrieved from /home/malangdataguy/miniconda3/envs/airflow_mdg/lib/python3.8/site-packages/airflow/example_dags/example_branch_operator.py
[2024-04-06T23:09:51.012+0000] {processor.py:183} INFO - Processing /home/malangdataguy/miniconda3/envs/airflow_mdg/lib/python3.8/site-packages/airflow/example_dags/example_branch_operator.py took 0.028 seconds
[2024-04-06T23:10:58.568+0000] {processor.py:161} INFO - Started process (PID=68477) to work on /home/malangdataguy/miniconda3/envs/airflow_mdg/lib/python3.8/site-packages/airflow/example_dags/example_branch_operator.py
[2024-04-06T23:10:58.570+0000] {processor.py:830} INFO - Processing file /home/malangdataguy/miniconda3/envs/airflow_mdg/lib/python3.8/site-packages/airflow/example_dags/example_branch_operator.py for tasks to queue
[2024-04-06T23:10:58.572+0000] {logging_mixin.py:188} INFO - [2024-04-06T23:10:58.571+0000] {dagbag.py:540} INFO - Filling up the DagBag from /home/malangdataguy/miniconda3/envs/airflow_mdg/lib/python3.8/site-packages/airflow/example_dags/example_branch_operator.py
[2024-04-06T23:10:58.576+0000] {processor.py:842} WARNING - No viable dags retrieved from /home/malangdataguy/miniconda3/envs/airflow_mdg/lib/python3.8/site-packages/airflow/example_dags/example_branch_operator.py
[2024-04-06T23:10:58.591+0000] {processor.py:183} INFO - Processing /home/malangdataguy/miniconda3/envs/airflow_mdg/lib/python3.8/site-packages/airflow/example_dags/example_branch_operator.py took 0.028 seconds
[2024-04-06T23:12:00.757+0000] {processor.py:161} INFO - Started process (PID=68538) to work on /home/malangdataguy/miniconda3/envs/airflow_mdg/lib/python3.8/site-packages/airflow/example_dags/example_branch_operator.py
[2024-04-06T23:12:00.760+0000] {processor.py:830} INFO - Processing file /home/malangdataguy/miniconda3/envs/airflow_mdg/lib/python3.8/site-packages/airflow/example_dags/example_branch_operator.py for tasks to queue
[2024-04-06T23:12:00.761+0000] {logging_mixin.py:188} INFO - [2024-04-06T23:12:00.761+0000] {dagbag.py:540} INFO - Filling up the DagBag from /home/malangdataguy/miniconda3/envs/airflow_mdg/lib/python3.8/site-packages/airflow/example_dags/example_branch_operator.py
[2024-04-06T23:12:00.766+0000] {processor.py:842} WARNING - No viable dags retrieved from /home/malangdataguy/miniconda3/envs/airflow_mdg/lib/python3.8/site-packages/airflow/example_dags/example_branch_operator.py
[2024-04-06T23:12:00.782+0000] {processor.py:183} INFO - Processing /home/malangdataguy/miniconda3/envs/airflow_mdg/lib/python3.8/site-packages/airflow/example_dags/example_branch_operator.py took 0.030 seconds
[2024-04-06T23:13:04.498+0000] {processor.py:161} INFO - Started process (PID=68603) to work on /home/malangdataguy/miniconda3/envs/airflow_mdg/lib/python3.8/site-packages/airflow/example_dags/example_branch_operator.py
[2024-04-06T23:13:04.501+0000] {processor.py:830} INFO - Processing file /home/malangdataguy/miniconda3/envs/airflow_mdg/lib/python3.8/site-packages/airflow/example_dags/example_branch_operator.py for tasks to queue
[2024-04-06T23:13:04.502+0000] {logging_mixin.py:188} INFO - [2024-04-06T23:13:04.502+0000] {dagbag.py:540} INFO - Filling up the DagBag from /home/malangdataguy/miniconda3/envs/airflow_mdg/lib/python3.8/site-packages/airflow/example_dags/example_branch_operator.py
[2024-04-06T23:13:04.507+0000] {processor.py:842} WARNING - No viable dags retrieved from /home/malangdataguy/miniconda3/envs/airflow_mdg/lib/python3.8/site-packages/airflow/example_dags/example_branch_operator.py
[2024-04-06T23:13:04.522+0000] {processor.py:183} INFO - Processing /home/malangdataguy/miniconda3/envs/airflow_mdg/lib/python3.8/site-packages/airflow/example_dags/example_branch_operator.py took 0.029 seconds
[2024-04-06T23:14:04.911+0000] {processor.py:161} INFO - Started process (PID=68666) to work on /home/malangdataguy/miniconda3/envs/airflow_mdg/lib/python3.8/site-packages/airflow/example_dags/example_branch_operator.py
[2024-04-06T23:14:04.914+0000] {processor.py:830} INFO - Processing file /home/malangdataguy/miniconda3/envs/airflow_mdg/lib/python3.8/site-packages/airflow/example_dags/example_branch_operator.py for tasks to queue
[2024-04-06T23:14:04.915+0000] {logging_mixin.py:188} INFO - [2024-04-06T23:14:04.915+0000] {dagbag.py:540} INFO - Filling up the DagBag from /home/malangdataguy/miniconda3/envs/airflow_mdg/lib/python3.8/site-packages/airflow/example_dags/example_branch_operator.py
[2024-04-06T23:14:04.921+0000] {processor.py:842} WARNING - No viable dags retrieved from /home/malangdataguy/miniconda3/envs/airflow_mdg/lib/python3.8/site-packages/airflow/example_dags/example_branch_operator.py
[2024-04-06T23:14:04.940+0000] {processor.py:183} INFO - Processing /home/malangdataguy/miniconda3/envs/airflow_mdg/lib/python3.8/site-packages/airflow/example_dags/example_branch_operator.py took 0.034 seconds
[2024-04-06T23:15:07.866+0000] {processor.py:161} INFO - Started process (PID=68730) to work on /home/malangdataguy/miniconda3/envs/airflow_mdg/lib/python3.8/site-packages/airflow/example_dags/example_branch_operator.py
[2024-04-06T23:15:07.869+0000] {processor.py:830} INFO - Processing file /home/malangdataguy/miniconda3/envs/airflow_mdg/lib/python3.8/site-packages/airflow/example_dags/example_branch_operator.py for tasks to queue
[2024-04-06T23:15:07.870+0000] {logging_mixin.py:188} INFO - [2024-04-06T23:15:07.870+0000] {dagbag.py:540} INFO - Filling up the DagBag from /home/malangdataguy/miniconda3/envs/airflow_mdg/lib/python3.8/site-packages/airflow/example_dags/example_branch_operator.py
[2024-04-06T23:15:07.876+0000] {processor.py:842} WARNING - No viable dags retrieved from /home/malangdataguy/miniconda3/envs/airflow_mdg/lib/python3.8/site-packages/airflow/example_dags/example_branch_operator.py
[2024-04-06T23:15:07.894+0000] {processor.py:183} INFO - Processing /home/malangdataguy/miniconda3/envs/airflow_mdg/lib/python3.8/site-packages/airflow/example_dags/example_branch_operator.py took 0.034 seconds
[2024-04-06T23:16:05.768+0000] {processor.py:161} INFO - Started process (PID=68790) to work on /home/malangdataguy/miniconda3/envs/airflow_mdg/lib/python3.8/site-packages/airflow/example_dags/example_branch_operator.py
[2024-04-06T23:16:05.770+0000] {processor.py:830} INFO - Processing file /home/malangdataguy/miniconda3/envs/airflow_mdg/lib/python3.8/site-packages/airflow/example_dags/example_branch_operator.py for tasks to queue
[2024-04-06T23:16:05.772+0000] {logging_mixin.py:188} INFO - [2024-04-06T23:16:05.771+0000] {dagbag.py:540} INFO - Filling up the DagBag from /home/malangdataguy/miniconda3/envs/airflow_mdg/lib/python3.8/site-packages/airflow/example_dags/example_branch_operator.py
[2024-04-06T23:16:05.776+0000] {processor.py:842} WARNING - No viable dags retrieved from /home/malangdataguy/miniconda3/envs/airflow_mdg/lib/python3.8/site-packages/airflow/example_dags/example_branch_operator.py
[2024-04-06T23:16:05.792+0000] {processor.py:183} INFO - Processing /home/malangdataguy/miniconda3/envs/airflow_mdg/lib/python3.8/site-packages/airflow/example_dags/example_branch_operator.py took 0.030 seconds
[2024-04-06T23:17:02.591+0000] {processor.py:161} INFO - Started process (PID=68852) to work on /home/malangdataguy/miniconda3/envs/airflow_mdg/lib/python3.8/site-packages/airflow/example_dags/example_branch_operator.py
[2024-04-06T23:17:02.594+0000] {processor.py:830} INFO - Processing file /home/malangdataguy/miniconda3/envs/airflow_mdg/lib/python3.8/site-packages/airflow/example_dags/example_branch_operator.py for tasks to queue
[2024-04-06T23:17:02.596+0000] {logging_mixin.py:188} INFO - [2024-04-06T23:17:02.595+0000] {dagbag.py:540} INFO - Filling up the DagBag from /home/malangdataguy/miniconda3/envs/airflow_mdg/lib/python3.8/site-packages/airflow/example_dags/example_branch_operator.py
[2024-04-06T23:17:02.601+0000] {processor.py:842} WARNING - No viable dags retrieved from /home/malangdataguy/miniconda3/envs/airflow_mdg/lib/python3.8/site-packages/airflow/example_dags/example_branch_operator.py
[2024-04-06T23:17:02.621+0000] {processor.py:183} INFO - Processing /home/malangdataguy/miniconda3/envs/airflow_mdg/lib/python3.8/site-packages/airflow/example_dags/example_branch_operator.py took 0.035 seconds
[2024-04-06T23:18:06.963+0000] {processor.py:161} INFO - Started process (PID=68921) to work on /home/malangdataguy/miniconda3/envs/airflow_mdg/lib/python3.8/site-packages/airflow/example_dags/example_branch_operator.py
[2024-04-06T23:18:06.965+0000] {processor.py:830} INFO - Processing file /home/malangdataguy/miniconda3/envs/airflow_mdg/lib/python3.8/site-packages/airflow/example_dags/example_branch_operator.py for tasks to queue
[2024-04-06T23:18:06.967+0000] {logging_mixin.py:188} INFO - [2024-04-06T23:18:06.966+0000] {dagbag.py:540} INFO - Filling up the DagBag from /home/malangdataguy/miniconda3/envs/airflow_mdg/lib/python3.8/site-packages/airflow/example_dags/example_branch_operator.py
[2024-04-06T23:18:06.971+0000] {processor.py:842} WARNING - No viable dags retrieved from /home/malangdataguy/miniconda3/envs/airflow_mdg/lib/python3.8/site-packages/airflow/example_dags/example_branch_operator.py
[2024-04-06T23:18:06.988+0000] {processor.py:183} INFO - Processing /home/malangdataguy/miniconda3/envs/airflow_mdg/lib/python3.8/site-packages/airflow/example_dags/example_branch_operator.py took 0.031 seconds
[2024-04-06T23:19:07.716+0000] {processor.py:161} INFO - Started process (PID=68984) to work on /home/malangdataguy/miniconda3/envs/airflow_mdg/lib/python3.8/site-packages/airflow/example_dags/example_branch_operator.py
[2024-04-06T23:19:07.719+0000] {processor.py:830} INFO - Processing file /home/malangdataguy/miniconda3/envs/airflow_mdg/lib/python3.8/site-packages/airflow/example_dags/example_branch_operator.py for tasks to queue
[2024-04-06T23:19:07.720+0000] {logging_mixin.py:188} INFO - [2024-04-06T23:19:07.720+0000] {dagbag.py:540} INFO - Filling up the DagBag from /home/malangdataguy/miniconda3/envs/airflow_mdg/lib/python3.8/site-packages/airflow/example_dags/example_branch_operator.py
[2024-04-06T23:19:07.726+0000] {processor.py:842} WARNING - No viable dags retrieved from /home/malangdataguy/miniconda3/envs/airflow_mdg/lib/python3.8/site-packages/airflow/example_dags/example_branch_operator.py
[2024-04-06T23:19:07.745+0000] {processor.py:183} INFO - Processing /home/malangdataguy/miniconda3/envs/airflow_mdg/lib/python3.8/site-packages/airflow/example_dags/example_branch_operator.py took 0.034 seconds
[2024-04-06T23:20:17.206+0000] {processor.py:161} INFO - Started process (PID=69050) to work on /home/malangdataguy/miniconda3/envs/airflow_mdg/lib/python3.8/site-packages/airflow/example_dags/example_branch_operator.py
[2024-04-06T23:20:17.209+0000] {processor.py:830} INFO - Processing file /home/malangdataguy/miniconda3/envs/airflow_mdg/lib/python3.8/site-packages/airflow/example_dags/example_branch_operator.py for tasks to queue
[2024-04-06T23:20:17.210+0000] {logging_mixin.py:188} INFO - [2024-04-06T23:20:17.209+0000] {dagbag.py:540} INFO - Filling up the DagBag from /home/malangdataguy/miniconda3/envs/airflow_mdg/lib/python3.8/site-packages/airflow/example_dags/example_branch_operator.py
[2024-04-06T23:20:17.214+0000] {processor.py:842} WARNING - No viable dags retrieved from /home/malangdataguy/miniconda3/envs/airflow_mdg/lib/python3.8/site-packages/airflow/example_dags/example_branch_operator.py
[2024-04-06T23:20:17.232+0000] {processor.py:183} INFO - Processing /home/malangdataguy/miniconda3/envs/airflow_mdg/lib/python3.8/site-packages/airflow/example_dags/example_branch_operator.py took 0.030 seconds
[2024-04-06T23:21:19.910+0000] {processor.py:161} INFO - Started process (PID=69116) to work on /home/malangdataguy/miniconda3/envs/airflow_mdg/lib/python3.8/site-packages/airflow/example_dags/example_branch_operator.py
[2024-04-06T23:21:19.913+0000] {processor.py:830} INFO - Processing file /home/malangdataguy/miniconda3/envs/airflow_mdg/lib/python3.8/site-packages/airflow/example_dags/example_branch_operator.py for tasks to queue
[2024-04-06T23:21:19.915+0000] {logging_mixin.py:188} INFO - [2024-04-06T23:21:19.914+0000] {dagbag.py:540} INFO - Filling up the DagBag from /home/malangdataguy/miniconda3/envs/airflow_mdg/lib/python3.8/site-packages/airflow/example_dags/example_branch_operator.py
[2024-04-06T23:21:19.919+0000] {processor.py:842} WARNING - No viable dags retrieved from /home/malangdataguy/miniconda3/envs/airflow_mdg/lib/python3.8/site-packages/airflow/example_dags/example_branch_operator.py
[2024-04-06T23:21:19.936+0000] {processor.py:183} INFO - Processing /home/malangdataguy/miniconda3/envs/airflow_mdg/lib/python3.8/site-packages/airflow/example_dags/example_branch_operator.py took 0.030 seconds
[2024-04-06T23:22:23.758+0000] {processor.py:161} INFO - Started process (PID=69177) to work on /home/malangdataguy/miniconda3/envs/airflow_mdg/lib/python3.8/site-packages/airflow/example_dags/example_branch_operator.py
[2024-04-06T23:22:23.760+0000] {processor.py:830} INFO - Processing file /home/malangdataguy/miniconda3/envs/airflow_mdg/lib/python3.8/site-packages/airflow/example_dags/example_branch_operator.py for tasks to queue
[2024-04-06T23:22:23.762+0000] {logging_mixin.py:188} INFO - [2024-04-06T23:22:23.761+0000] {dagbag.py:540} INFO - Filling up the DagBag from /home/malangdataguy/miniconda3/envs/airflow_mdg/lib/python3.8/site-packages/airflow/example_dags/example_branch_operator.py
[2024-04-06T23:22:23.766+0000] {processor.py:842} WARNING - No viable dags retrieved from /home/malangdataguy/miniconda3/envs/airflow_mdg/lib/python3.8/site-packages/airflow/example_dags/example_branch_operator.py
[2024-04-06T23:22:23.782+0000] {processor.py:183} INFO - Processing /home/malangdataguy/miniconda3/envs/airflow_mdg/lib/python3.8/site-packages/airflow/example_dags/example_branch_operator.py took 0.029 seconds
[2024-04-06T23:40:57.163+0000] {processor.py:161} INFO - Started process (PID=69313) to work on /home/malangdataguy/miniconda3/envs/airflow_mdg/lib/python3.8/site-packages/airflow/example_dags/example_branch_operator.py
[2024-04-06T23:40:57.166+0000] {processor.py:830} INFO - Processing file /home/malangdataguy/miniconda3/envs/airflow_mdg/lib/python3.8/site-packages/airflow/example_dags/example_branch_operator.py for tasks to queue
[2024-04-06T23:40:57.167+0000] {logging_mixin.py:188} INFO - [2024-04-06T23:40:57.167+0000] {dagbag.py:540} INFO - Filling up the DagBag from /home/malangdataguy/miniconda3/envs/airflow_mdg/lib/python3.8/site-packages/airflow/example_dags/example_branch_operator.py
[2024-04-06T23:40:57.173+0000] {processor.py:842} WARNING - No viable dags retrieved from /home/malangdataguy/miniconda3/envs/airflow_mdg/lib/python3.8/site-packages/airflow/example_dags/example_branch_operator.py
[2024-04-06T23:40:57.192+0000] {processor.py:183} INFO - Processing /home/malangdataguy/miniconda3/envs/airflow_mdg/lib/python3.8/site-packages/airflow/example_dags/example_branch_operator.py took 0.035 seconds
[2024-04-06T23:42:03.872+0000] {processor.py:161} INFO - Started process (PID=69378) to work on /home/malangdataguy/miniconda3/envs/airflow_mdg/lib/python3.8/site-packages/airflow/example_dags/example_branch_operator.py
[2024-04-06T23:42:03.875+0000] {processor.py:830} INFO - Processing file /home/malangdataguy/miniconda3/envs/airflow_mdg/lib/python3.8/site-packages/airflow/example_dags/example_branch_operator.py for tasks to queue
[2024-04-06T23:42:03.876+0000] {logging_mixin.py:188} INFO - [2024-04-06T23:42:03.876+0000] {dagbag.py:540} INFO - Filling up the DagBag from /home/malangdataguy/miniconda3/envs/airflow_mdg/lib/python3.8/site-packages/airflow/example_dags/example_branch_operator.py
[2024-04-06T23:42:03.881+0000] {processor.py:842} WARNING - No viable dags retrieved from /home/malangdataguy/miniconda3/envs/airflow_mdg/lib/python3.8/site-packages/airflow/example_dags/example_branch_operator.py
[2024-04-06T23:42:03.898+0000] {processor.py:183} INFO - Processing /home/malangdataguy/miniconda3/envs/airflow_mdg/lib/python3.8/site-packages/airflow/example_dags/example_branch_operator.py took 0.032 seconds
[2024-04-06T23:43:08.998+0000] {processor.py:161} INFO - Started process (PID=69443) to work on /home/malangdataguy/miniconda3/envs/airflow_mdg/lib/python3.8/site-packages/airflow/example_dags/example_branch_operator.py
[2024-04-06T23:43:09.001+0000] {processor.py:830} INFO - Processing file /home/malangdataguy/miniconda3/envs/airflow_mdg/lib/python3.8/site-packages/airflow/example_dags/example_branch_operator.py for tasks to queue
[2024-04-06T23:43:09.003+0000] {logging_mixin.py:188} INFO - [2024-04-06T23:43:09.002+0000] {dagbag.py:540} INFO - Filling up the DagBag from /home/malangdataguy/miniconda3/envs/airflow_mdg/lib/python3.8/site-packages/airflow/example_dags/example_branch_operator.py
[2024-04-06T23:43:09.009+0000] {processor.py:842} WARNING - No viable dags retrieved from /home/malangdataguy/miniconda3/envs/airflow_mdg/lib/python3.8/site-packages/airflow/example_dags/example_branch_operator.py
[2024-04-06T23:43:09.030+0000] {processor.py:183} INFO - Processing /home/malangdataguy/miniconda3/envs/airflow_mdg/lib/python3.8/site-packages/airflow/example_dags/example_branch_operator.py took 0.038 seconds
[2024-04-06T23:44:16.887+0000] {processor.py:161} INFO - Started process (PID=69525) to work on /home/malangdataguy/miniconda3/envs/airflow_mdg/lib/python3.8/site-packages/airflow/example_dags/example_branch_operator.py
[2024-04-06T23:44:16.890+0000] {processor.py:830} INFO - Processing file /home/malangdataguy/miniconda3/envs/airflow_mdg/lib/python3.8/site-packages/airflow/example_dags/example_branch_operator.py for tasks to queue
[2024-04-06T23:44:16.891+0000] {logging_mixin.py:188} INFO - [2024-04-06T23:44:16.890+0000] {dagbag.py:540} INFO - Filling up the DagBag from /home/malangdataguy/miniconda3/envs/airflow_mdg/lib/python3.8/site-packages/airflow/example_dags/example_branch_operator.py
[2024-04-06T23:44:16.896+0000] {processor.py:842} WARNING - No viable dags retrieved from /home/malangdataguy/miniconda3/envs/airflow_mdg/lib/python3.8/site-packages/airflow/example_dags/example_branch_operator.py
[2024-04-06T23:44:16.915+0000] {processor.py:183} INFO - Processing /home/malangdataguy/miniconda3/envs/airflow_mdg/lib/python3.8/site-packages/airflow/example_dags/example_branch_operator.py took 0.033 seconds
[2024-04-06T23:45:19.659+0000] {processor.py:161} INFO - Started process (PID=69593) to work on /home/malangdataguy/miniconda3/envs/airflow_mdg/lib/python3.8/site-packages/airflow/example_dags/example_branch_operator.py
[2024-04-06T23:45:19.662+0000] {processor.py:830} INFO - Processing file /home/malangdataguy/miniconda3/envs/airflow_mdg/lib/python3.8/site-packages/airflow/example_dags/example_branch_operator.py for tasks to queue
[2024-04-06T23:45:19.663+0000] {logging_mixin.py:188} INFO - [2024-04-06T23:45:19.663+0000] {dagbag.py:540} INFO - Filling up the DagBag from /home/malangdataguy/miniconda3/envs/airflow_mdg/lib/python3.8/site-packages/airflow/example_dags/example_branch_operator.py
[2024-04-06T23:45:19.669+0000] {processor.py:842} WARNING - No viable dags retrieved from /home/malangdataguy/miniconda3/envs/airflow_mdg/lib/python3.8/site-packages/airflow/example_dags/example_branch_operator.py
[2024-04-06T23:45:19.687+0000] {processor.py:183} INFO - Processing /home/malangdataguy/miniconda3/envs/airflow_mdg/lib/python3.8/site-packages/airflow/example_dags/example_branch_operator.py took 0.033 seconds
[2024-04-06T23:46:22.132+0000] {processor.py:161} INFO - Started process (PID=69659) to work on /home/malangdataguy/miniconda3/envs/airflow_mdg/lib/python3.8/site-packages/airflow/example_dags/example_branch_operator.py
[2024-04-06T23:46:22.135+0000] {processor.py:830} INFO - Processing file /home/malangdataguy/miniconda3/envs/airflow_mdg/lib/python3.8/site-packages/airflow/example_dags/example_branch_operator.py for tasks to queue
[2024-04-06T23:46:22.136+0000] {logging_mixin.py:188} INFO - [2024-04-06T23:46:22.135+0000] {dagbag.py:540} INFO - Filling up the DagBag from /home/malangdataguy/miniconda3/envs/airflow_mdg/lib/python3.8/site-packages/airflow/example_dags/example_branch_operator.py
[2024-04-06T23:46:22.140+0000] {processor.py:842} WARNING - No viable dags retrieved from /home/malangdataguy/miniconda3/envs/airflow_mdg/lib/python3.8/site-packages/airflow/example_dags/example_branch_operator.py
[2024-04-06T23:46:22.156+0000] {processor.py:183} INFO - Processing /home/malangdataguy/miniconda3/envs/airflow_mdg/lib/python3.8/site-packages/airflow/example_dags/example_branch_operator.py took 0.028 seconds
[2024-04-06T23:47:19.104+0000] {processor.py:161} INFO - Started process (PID=69749) to work on /home/malangdataguy/miniconda3/envs/airflow_mdg/lib/python3.8/site-packages/airflow/example_dags/example_branch_operator.py
[2024-04-06T23:47:19.107+0000] {processor.py:830} INFO - Processing file /home/malangdataguy/miniconda3/envs/airflow_mdg/lib/python3.8/site-packages/airflow/example_dags/example_branch_operator.py for tasks to queue
[2024-04-06T23:47:19.108+0000] {logging_mixin.py:188} INFO - [2024-04-06T23:47:19.108+0000] {dagbag.py:540} INFO - Filling up the DagBag from /home/malangdataguy/miniconda3/envs/airflow_mdg/lib/python3.8/site-packages/airflow/example_dags/example_branch_operator.py
[2024-04-06T23:47:19.112+0000] {processor.py:842} WARNING - No viable dags retrieved from /home/malangdataguy/miniconda3/envs/airflow_mdg/lib/python3.8/site-packages/airflow/example_dags/example_branch_operator.py
[2024-04-06T23:47:19.128+0000] {processor.py:183} INFO - Processing /home/malangdataguy/miniconda3/envs/airflow_mdg/lib/python3.8/site-packages/airflow/example_dags/example_branch_operator.py took 0.029 seconds
[2024-04-06T23:48:22.723+0000] {processor.py:161} INFO - Started process (PID=69818) to work on /home/malangdataguy/miniconda3/envs/airflow_mdg/lib/python3.8/site-packages/airflow/example_dags/example_branch_operator.py
[2024-04-06T23:48:22.725+0000] {processor.py:830} INFO - Processing file /home/malangdataguy/miniconda3/envs/airflow_mdg/lib/python3.8/site-packages/airflow/example_dags/example_branch_operator.py for tasks to queue
[2024-04-06T23:48:22.727+0000] {logging_mixin.py:188} INFO - [2024-04-06T23:48:22.726+0000] {dagbag.py:540} INFO - Filling up the DagBag from /home/malangdataguy/miniconda3/envs/airflow_mdg/lib/python3.8/site-packages/airflow/example_dags/example_branch_operator.py
[2024-04-06T23:48:22.731+0000] {processor.py:842} WARNING - No viable dags retrieved from /home/malangdataguy/miniconda3/envs/airflow_mdg/lib/python3.8/site-packages/airflow/example_dags/example_branch_operator.py
[2024-04-06T23:48:22.746+0000] {processor.py:183} INFO - Processing /home/malangdataguy/miniconda3/envs/airflow_mdg/lib/python3.8/site-packages/airflow/example_dags/example_branch_operator.py took 0.029 seconds
[2024-04-06T23:49:28.287+0000] {processor.py:161} INFO - Started process (PID=69881) to work on /home/malangdataguy/miniconda3/envs/airflow_mdg/lib/python3.8/site-packages/airflow/example_dags/example_branch_operator.py
[2024-04-06T23:49:28.290+0000] {processor.py:830} INFO - Processing file /home/malangdataguy/miniconda3/envs/airflow_mdg/lib/python3.8/site-packages/airflow/example_dags/example_branch_operator.py for tasks to queue
[2024-04-06T23:49:28.292+0000] {logging_mixin.py:188} INFO - [2024-04-06T23:49:28.291+0000] {dagbag.py:540} INFO - Filling up the DagBag from /home/malangdataguy/miniconda3/envs/airflow_mdg/lib/python3.8/site-packages/airflow/example_dags/example_branch_operator.py
[2024-04-06T23:49:28.296+0000] {processor.py:842} WARNING - No viable dags retrieved from /home/malangdataguy/miniconda3/envs/airflow_mdg/lib/python3.8/site-packages/airflow/example_dags/example_branch_operator.py
[2024-04-06T23:49:28.312+0000] {processor.py:183} INFO - Processing /home/malangdataguy/miniconda3/envs/airflow_mdg/lib/python3.8/site-packages/airflow/example_dags/example_branch_operator.py took 0.029 seconds
[2024-04-06T23:50:24.157+0000] {processor.py:161} INFO - Started process (PID=69942) to work on /home/malangdataguy/miniconda3/envs/airflow_mdg/lib/python3.8/site-packages/airflow/example_dags/example_branch_operator.py
[2024-04-06T23:50:24.160+0000] {processor.py:830} INFO - Processing file /home/malangdataguy/miniconda3/envs/airflow_mdg/lib/python3.8/site-packages/airflow/example_dags/example_branch_operator.py for tasks to queue
[2024-04-06T23:50:24.162+0000] {logging_mixin.py:188} INFO - [2024-04-06T23:50:24.161+0000] {dagbag.py:540} INFO - Filling up the DagBag from /home/malangdataguy/miniconda3/envs/airflow_mdg/lib/python3.8/site-packages/airflow/example_dags/example_branch_operator.py
[2024-04-06T23:50:24.167+0000] {processor.py:842} WARNING - No viable dags retrieved from /home/malangdataguy/miniconda3/envs/airflow_mdg/lib/python3.8/site-packages/airflow/example_dags/example_branch_operator.py
[2024-04-06T23:50:24.187+0000] {processor.py:183} INFO - Processing /home/malangdataguy/miniconda3/envs/airflow_mdg/lib/python3.8/site-packages/airflow/example_dags/example_branch_operator.py took 0.036 seconds
[2024-04-06T23:51:28.255+0000] {processor.py:161} INFO - Started process (PID=70007) to work on /home/malangdataguy/miniconda3/envs/airflow_mdg/lib/python3.8/site-packages/airflow/example_dags/example_branch_operator.py
[2024-04-06T23:51:28.257+0000] {processor.py:830} INFO - Processing file /home/malangdataguy/miniconda3/envs/airflow_mdg/lib/python3.8/site-packages/airflow/example_dags/example_branch_operator.py for tasks to queue
[2024-04-06T23:51:28.259+0000] {logging_mixin.py:188} INFO - [2024-04-06T23:51:28.258+0000] {dagbag.py:540} INFO - Filling up the DagBag from /home/malangdataguy/miniconda3/envs/airflow_mdg/lib/python3.8/site-packages/airflow/example_dags/example_branch_operator.py
[2024-04-06T23:51:28.263+0000] {processor.py:842} WARNING - No viable dags retrieved from /home/malangdataguy/miniconda3/envs/airflow_mdg/lib/python3.8/site-packages/airflow/example_dags/example_branch_operator.py
[2024-04-06T23:51:28.279+0000] {processor.py:183} INFO - Processing /home/malangdataguy/miniconda3/envs/airflow_mdg/lib/python3.8/site-packages/airflow/example_dags/example_branch_operator.py took 0.029 seconds
[2024-04-06T23:52:34.095+0000] {processor.py:161} INFO - Started process (PID=70075) to work on /home/malangdataguy/miniconda3/envs/airflow_mdg/lib/python3.8/site-packages/airflow/example_dags/example_branch_operator.py
[2024-04-06T23:52:34.098+0000] {processor.py:830} INFO - Processing file /home/malangdataguy/miniconda3/envs/airflow_mdg/lib/python3.8/site-packages/airflow/example_dags/example_branch_operator.py for tasks to queue
[2024-04-06T23:52:34.099+0000] {logging_mixin.py:188} INFO - [2024-04-06T23:52:34.099+0000] {dagbag.py:540} INFO - Filling up the DagBag from /home/malangdataguy/miniconda3/envs/airflow_mdg/lib/python3.8/site-packages/airflow/example_dags/example_branch_operator.py
[2024-04-06T23:52:34.105+0000] {processor.py:842} WARNING - No viable dags retrieved from /home/malangdataguy/miniconda3/envs/airflow_mdg/lib/python3.8/site-packages/airflow/example_dags/example_branch_operator.py
[2024-04-06T23:52:34.123+0000] {processor.py:183} INFO - Processing /home/malangdataguy/miniconda3/envs/airflow_mdg/lib/python3.8/site-packages/airflow/example_dags/example_branch_operator.py took 0.034 seconds
[2024-04-06T23:53:42.059+0000] {processor.py:161} INFO - Started process (PID=70146) to work on /home/malangdataguy/miniconda3/envs/airflow_mdg/lib/python3.8/site-packages/airflow/example_dags/example_branch_operator.py
[2024-04-06T23:53:42.062+0000] {processor.py:830} INFO - Processing file /home/malangdataguy/miniconda3/envs/airflow_mdg/lib/python3.8/site-packages/airflow/example_dags/example_branch_operator.py for tasks to queue
[2024-04-06T23:53:42.063+0000] {logging_mixin.py:188} INFO - [2024-04-06T23:53:42.062+0000] {dagbag.py:540} INFO - Filling up the DagBag from /home/malangdataguy/miniconda3/envs/airflow_mdg/lib/python3.8/site-packages/airflow/example_dags/example_branch_operator.py
[2024-04-06T23:53:42.067+0000] {processor.py:842} WARNING - No viable dags retrieved from /home/malangdataguy/miniconda3/envs/airflow_mdg/lib/python3.8/site-packages/airflow/example_dags/example_branch_operator.py
[2024-04-06T23:53:42.083+0000] {processor.py:183} INFO - Processing /home/malangdataguy/miniconda3/envs/airflow_mdg/lib/python3.8/site-packages/airflow/example_dags/example_branch_operator.py took 0.029 seconds
[2024-04-06T23:54:45.762+0000] {processor.py:161} INFO - Started process (PID=70243) to work on /home/malangdataguy/miniconda3/envs/airflow_mdg/lib/python3.8/site-packages/airflow/example_dags/example_branch_operator.py
[2024-04-06T23:54:45.765+0000] {processor.py:830} INFO - Processing file /home/malangdataguy/miniconda3/envs/airflow_mdg/lib/python3.8/site-packages/airflow/example_dags/example_branch_operator.py for tasks to queue
[2024-04-06T23:54:45.767+0000] {logging_mixin.py:188} INFO - [2024-04-06T23:54:45.766+0000] {dagbag.py:540} INFO - Filling up the DagBag from /home/malangdataguy/miniconda3/envs/airflow_mdg/lib/python3.8/site-packages/airflow/example_dags/example_branch_operator.py
[2024-04-06T23:54:45.772+0000] {processor.py:842} WARNING - No viable dags retrieved from /home/malangdataguy/miniconda3/envs/airflow_mdg/lib/python3.8/site-packages/airflow/example_dags/example_branch_operator.py
[2024-04-06T23:54:45.791+0000] {processor.py:183} INFO - Processing /home/malangdataguy/miniconda3/envs/airflow_mdg/lib/python3.8/site-packages/airflow/example_dags/example_branch_operator.py took 0.034 seconds
[2024-04-06T23:55:48.813+0000] {processor.py:161} INFO - Started process (PID=70306) to work on /home/malangdataguy/miniconda3/envs/airflow_mdg/lib/python3.8/site-packages/airflow/example_dags/example_branch_operator.py
[2024-04-06T23:55:48.815+0000] {processor.py:830} INFO - Processing file /home/malangdataguy/miniconda3/envs/airflow_mdg/lib/python3.8/site-packages/airflow/example_dags/example_branch_operator.py for tasks to queue
[2024-04-06T23:55:48.817+0000] {logging_mixin.py:188} INFO - [2024-04-06T23:55:48.816+0000] {dagbag.py:540} INFO - Filling up the DagBag from /home/malangdataguy/miniconda3/envs/airflow_mdg/lib/python3.8/site-packages/airflow/example_dags/example_branch_operator.py
[2024-04-06T23:55:48.821+0000] {processor.py:842} WARNING - No viable dags retrieved from /home/malangdataguy/miniconda3/envs/airflow_mdg/lib/python3.8/site-packages/airflow/example_dags/example_branch_operator.py
[2024-04-06T23:55:48.842+0000] {processor.py:183} INFO - Processing /home/malangdataguy/miniconda3/envs/airflow_mdg/lib/python3.8/site-packages/airflow/example_dags/example_branch_operator.py took 0.034 seconds
