[2024-04-06T23:09:17.873+0000] {processor.py:161} INFO - Started process (PID=68370) to work on /home/malangdataguy/miniconda3/envs/airflow_mdg/lib/python3.8/site-packages/airflow/example_dags/example_time_delta_sensor_async.py
[2024-04-06T23:09:17.875+0000] {processor.py:830} INFO - Processing file /home/malangdataguy/miniconda3/envs/airflow_mdg/lib/python3.8/site-packages/airflow/example_dags/example_time_delta_sensor_async.py for tasks to queue
[2024-04-06T23:09:17.876+0000] {logging_mixin.py:188} INFO - [2024-04-06T23:09:17.875+0000] {dagbag.py:540} INFO - Filling up the DagBag from /home/malangdataguy/miniconda3/envs/airflow_mdg/lib/python3.8/site-packages/airflow/example_dags/example_time_delta_sensor_async.py
[2024-04-06T23:09:17.885+0000] {processor.py:840} INFO - DAG(s) 'example_time_delta_sensor_async' retrieved from /home/malangdataguy/miniconda3/envs/airflow_mdg/lib/python3.8/site-packages/airflow/example_dags/example_time_delta_sensor_async.py
[2024-04-06T23:09:17.896+0000] {logging_mixin.py:188} INFO - [2024-04-06T23:09:17.896+0000] {dag.py:3047} INFO - Sync 1 DAGs
[2024-04-06T23:09:17.912+0000] {logging_mixin.py:188} INFO - [2024-04-06T23:09:17.911+0000] {dag.py:3834} INFO - Setting next_dagrun for example_time_delta_sensor_async to None, run_after=None
[2024-04-06T23:09:17.938+0000] {processor.py:183} INFO - Processing /home/malangdataguy/miniconda3/envs/airflow_mdg/lib/python3.8/site-packages/airflow/example_dags/example_time_delta_sensor_async.py took 0.069 seconds
[2024-04-06T23:10:10.339+0000] {processor.py:161} INFO - Started process (PID=68420) to work on /home/malangdataguy/miniconda3/envs/airflow_mdg/lib/python3.8/site-packages/airflow/example_dags/example_time_delta_sensor_async.py
[2024-04-06T23:10:10.341+0000] {processor.py:830} INFO - Processing file /home/malangdataguy/miniconda3/envs/airflow_mdg/lib/python3.8/site-packages/airflow/example_dags/example_time_delta_sensor_async.py for tasks to queue
[2024-04-06T23:10:10.343+0000] {logging_mixin.py:188} INFO - [2024-04-06T23:10:10.342+0000] {dagbag.py:540} INFO - Filling up the DagBag from /home/malangdataguy/miniconda3/envs/airflow_mdg/lib/python3.8/site-packages/airflow/example_dags/example_time_delta_sensor_async.py
[2024-04-06T23:10:10.351+0000] {processor.py:840} INFO - DAG(s) 'example_time_delta_sensor_async' retrieved from /home/malangdataguy/miniconda3/envs/airflow_mdg/lib/python3.8/site-packages/airflow/example_dags/example_time_delta_sensor_async.py
[2024-04-06T23:10:10.474+0000] {logging_mixin.py:188} INFO - [2024-04-06T23:10:10.473+0000] {dag.py:3047} INFO - Sync 1 DAGs
[2024-04-06T23:10:10.485+0000] {logging_mixin.py:188} INFO - [2024-04-06T23:10:10.485+0000] {dag.py:3834} INFO - Setting next_dagrun for example_time_delta_sensor_async to None, run_after=None
[2024-04-06T23:10:10.512+0000] {processor.py:183} INFO - Processing /home/malangdataguy/miniconda3/envs/airflow_mdg/lib/python3.8/site-packages/airflow/example_dags/example_time_delta_sensor_async.py took 0.179 seconds
[2024-04-06T23:10:56.278+0000] {processor.py:161} INFO - Started process (PID=68475) to work on /home/malangdataguy/miniconda3/envs/airflow_mdg/lib/python3.8/site-packages/airflow/example_dags/example_time_delta_sensor_async.py
[2024-04-06T23:10:56.281+0000] {processor.py:830} INFO - Processing file /home/malangdataguy/miniconda3/envs/airflow_mdg/lib/python3.8/site-packages/airflow/example_dags/example_time_delta_sensor_async.py for tasks to queue
[2024-04-06T23:10:56.282+0000] {logging_mixin.py:188} INFO - [2024-04-06T23:10:56.281+0000] {dagbag.py:540} INFO - Filling up the DagBag from /home/malangdataguy/miniconda3/envs/airflow_mdg/lib/python3.8/site-packages/airflow/example_dags/example_time_delta_sensor_async.py
[2024-04-06T23:10:56.290+0000] {processor.py:840} INFO - DAG(s) 'example_time_delta_sensor_async' retrieved from /home/malangdataguy/miniconda3/envs/airflow_mdg/lib/python3.8/site-packages/airflow/example_dags/example_time_delta_sensor_async.py
[2024-04-06T23:10:56.312+0000] {logging_mixin.py:188} INFO - [2024-04-06T23:10:56.312+0000] {dag.py:3047} INFO - Sync 1 DAGs
[2024-04-06T23:10:56.326+0000] {logging_mixin.py:188} INFO - [2024-04-06T23:10:56.325+0000] {dag.py:3834} INFO - Setting next_dagrun for example_time_delta_sensor_async to None, run_after=None
[2024-04-06T23:10:56.356+0000] {processor.py:183} INFO - Processing /home/malangdataguy/miniconda3/envs/airflow_mdg/lib/python3.8/site-packages/airflow/example_dags/example_time_delta_sensor_async.py took 0.082 seconds
[2024-04-06T23:11:48.105+0000] {processor.py:161} INFO - Started process (PID=68525) to work on /home/malangdataguy/miniconda3/envs/airflow_mdg/lib/python3.8/site-packages/airflow/example_dags/example_time_delta_sensor_async.py
[2024-04-06T23:11:48.107+0000] {processor.py:830} INFO - Processing file /home/malangdataguy/miniconda3/envs/airflow_mdg/lib/python3.8/site-packages/airflow/example_dags/example_time_delta_sensor_async.py for tasks to queue
[2024-04-06T23:11:48.109+0000] {logging_mixin.py:188} INFO - [2024-04-06T23:11:48.108+0000] {dagbag.py:540} INFO - Filling up the DagBag from /home/malangdataguy/miniconda3/envs/airflow_mdg/lib/python3.8/site-packages/airflow/example_dags/example_time_delta_sensor_async.py
[2024-04-06T23:11:48.118+0000] {processor.py:840} INFO - DAG(s) 'example_time_delta_sensor_async' retrieved from /home/malangdataguy/miniconda3/envs/airflow_mdg/lib/python3.8/site-packages/airflow/example_dags/example_time_delta_sensor_async.py
[2024-04-06T23:11:48.146+0000] {logging_mixin.py:188} INFO - [2024-04-06T23:11:48.146+0000] {dag.py:3047} INFO - Sync 1 DAGs
[2024-04-06T23:11:48.163+0000] {logging_mixin.py:188} INFO - [2024-04-06T23:11:48.163+0000] {dag.py:3834} INFO - Setting next_dagrun for example_time_delta_sensor_async to None, run_after=None
[2024-04-06T23:11:48.195+0000] {processor.py:183} INFO - Processing /home/malangdataguy/miniconda3/envs/airflow_mdg/lib/python3.8/site-packages/airflow/example_dags/example_time_delta_sensor_async.py took 0.096 seconds
[2024-04-06T23:12:32.317+0000] {processor.py:161} INFO - Started process (PID=68570) to work on /home/malangdataguy/miniconda3/envs/airflow_mdg/lib/python3.8/site-packages/airflow/example_dags/example_time_delta_sensor_async.py
[2024-04-06T23:12:32.320+0000] {processor.py:830} INFO - Processing file /home/malangdataguy/miniconda3/envs/airflow_mdg/lib/python3.8/site-packages/airflow/example_dags/example_time_delta_sensor_async.py for tasks to queue
[2024-04-06T23:12:32.321+0000] {logging_mixin.py:188} INFO - [2024-04-06T23:12:32.320+0000] {dagbag.py:540} INFO - Filling up the DagBag from /home/malangdataguy/miniconda3/envs/airflow_mdg/lib/python3.8/site-packages/airflow/example_dags/example_time_delta_sensor_async.py
[2024-04-06T23:12:32.328+0000] {processor.py:840} INFO - DAG(s) 'example_time_delta_sensor_async' retrieved from /home/malangdataguy/miniconda3/envs/airflow_mdg/lib/python3.8/site-packages/airflow/example_dags/example_time_delta_sensor_async.py
[2024-04-06T23:12:32.354+0000] {logging_mixin.py:188} INFO - [2024-04-06T23:12:32.353+0000] {dag.py:3047} INFO - Sync 1 DAGs
[2024-04-06T23:12:32.370+0000] {logging_mixin.py:188} INFO - [2024-04-06T23:12:32.370+0000] {dag.py:3834} INFO - Setting next_dagrun for example_time_delta_sensor_async to None, run_after=None
[2024-04-06T23:12:32.398+0000] {processor.py:183} INFO - Processing /home/malangdataguy/miniconda3/envs/airflow_mdg/lib/python3.8/site-packages/airflow/example_dags/example_time_delta_sensor_async.py took 0.085 seconds
[2024-04-06T23:13:13.738+0000] {processor.py:161} INFO - Started process (PID=68612) to work on /home/malangdataguy/miniconda3/envs/airflow_mdg/lib/python3.8/site-packages/airflow/example_dags/example_time_delta_sensor_async.py
[2024-04-06T23:13:13.741+0000] {processor.py:830} INFO - Processing file /home/malangdataguy/miniconda3/envs/airflow_mdg/lib/python3.8/site-packages/airflow/example_dags/example_time_delta_sensor_async.py for tasks to queue
[2024-04-06T23:13:13.742+0000] {logging_mixin.py:188} INFO - [2024-04-06T23:13:13.742+0000] {dagbag.py:540} INFO - Filling up the DagBag from /home/malangdataguy/miniconda3/envs/airflow_mdg/lib/python3.8/site-packages/airflow/example_dags/example_time_delta_sensor_async.py
[2024-04-06T23:13:13.749+0000] {processor.py:840} INFO - DAG(s) 'example_time_delta_sensor_async' retrieved from /home/malangdataguy/miniconda3/envs/airflow_mdg/lib/python3.8/site-packages/airflow/example_dags/example_time_delta_sensor_async.py
[2024-04-06T23:13:13.772+0000] {logging_mixin.py:188} INFO - [2024-04-06T23:13:13.772+0000] {dag.py:3047} INFO - Sync 1 DAGs
[2024-04-06T23:13:13.786+0000] {logging_mixin.py:188} INFO - [2024-04-06T23:13:13.786+0000] {dag.py:3834} INFO - Setting next_dagrun for example_time_delta_sensor_async to None, run_after=None
[2024-04-06T23:13:13.812+0000] {processor.py:183} INFO - Processing /home/malangdataguy/miniconda3/envs/airflow_mdg/lib/python3.8/site-packages/airflow/example_dags/example_time_delta_sensor_async.py took 0.078 seconds
[2024-04-06T23:13:54.075+0000] {processor.py:161} INFO - Started process (PID=68655) to work on /home/malangdataguy/miniconda3/envs/airflow_mdg/lib/python3.8/site-packages/airflow/example_dags/example_time_delta_sensor_async.py
[2024-04-06T23:13:54.078+0000] {processor.py:830} INFO - Processing file /home/malangdataguy/miniconda3/envs/airflow_mdg/lib/python3.8/site-packages/airflow/example_dags/example_time_delta_sensor_async.py for tasks to queue
[2024-04-06T23:13:54.079+0000] {logging_mixin.py:188} INFO - [2024-04-06T23:13:54.078+0000] {dagbag.py:540} INFO - Filling up the DagBag from /home/malangdataguy/miniconda3/envs/airflow_mdg/lib/python3.8/site-packages/airflow/example_dags/example_time_delta_sensor_async.py
[2024-04-06T23:13:54.087+0000] {processor.py:840} INFO - DAG(s) 'example_time_delta_sensor_async' retrieved from /home/malangdataguy/miniconda3/envs/airflow_mdg/lib/python3.8/site-packages/airflow/example_dags/example_time_delta_sensor_async.py
[2024-04-06T23:13:54.115+0000] {logging_mixin.py:188} INFO - [2024-04-06T23:13:54.114+0000] {dag.py:3047} INFO - Sync 1 DAGs
[2024-04-06T23:13:54.132+0000] {logging_mixin.py:188} INFO - [2024-04-06T23:13:54.131+0000] {dag.py:3834} INFO - Setting next_dagrun for example_time_delta_sensor_async to None, run_after=None
[2024-04-06T23:13:54.164+0000] {processor.py:183} INFO - Processing /home/malangdataguy/miniconda3/envs/airflow_mdg/lib/python3.8/site-packages/airflow/example_dags/example_time_delta_sensor_async.py took 0.094 seconds
[2024-04-06T23:14:36.706+0000] {processor.py:161} INFO - Started process (PID=68696) to work on /home/malangdataguy/miniconda3/envs/airflow_mdg/lib/python3.8/site-packages/airflow/example_dags/example_time_delta_sensor_async.py
[2024-04-06T23:14:36.708+0000] {processor.py:830} INFO - Processing file /home/malangdataguy/miniconda3/envs/airflow_mdg/lib/python3.8/site-packages/airflow/example_dags/example_time_delta_sensor_async.py for tasks to queue
[2024-04-06T23:14:36.710+0000] {logging_mixin.py:188} INFO - [2024-04-06T23:14:36.709+0000] {dagbag.py:540} INFO - Filling up the DagBag from /home/malangdataguy/miniconda3/envs/airflow_mdg/lib/python3.8/site-packages/airflow/example_dags/example_time_delta_sensor_async.py
[2024-04-06T23:14:36.717+0000] {processor.py:840} INFO - DAG(s) 'example_time_delta_sensor_async' retrieved from /home/malangdataguy/miniconda3/envs/airflow_mdg/lib/python3.8/site-packages/airflow/example_dags/example_time_delta_sensor_async.py
[2024-04-06T23:14:36.739+0000] {logging_mixin.py:188} INFO - [2024-04-06T23:14:36.739+0000] {dag.py:3047} INFO - Sync 1 DAGs
[2024-04-06T23:14:36.753+0000] {logging_mixin.py:188} INFO - [2024-04-06T23:14:36.753+0000] {dag.py:3834} INFO - Setting next_dagrun for example_time_delta_sensor_async to None, run_after=None
[2024-04-06T23:14:36.780+0000] {processor.py:183} INFO - Processing /home/malangdataguy/miniconda3/envs/airflow_mdg/lib/python3.8/site-packages/airflow/example_dags/example_time_delta_sensor_async.py took 0.079 seconds
[2024-04-06T23:15:17.831+0000] {processor.py:161} INFO - Started process (PID=68739) to work on /home/malangdataguy/miniconda3/envs/airflow_mdg/lib/python3.8/site-packages/airflow/example_dags/example_time_delta_sensor_async.py
[2024-04-06T23:15:17.833+0000] {processor.py:830} INFO - Processing file /home/malangdataguy/miniconda3/envs/airflow_mdg/lib/python3.8/site-packages/airflow/example_dags/example_time_delta_sensor_async.py for tasks to queue
[2024-04-06T23:15:17.835+0000] {logging_mixin.py:188} INFO - [2024-04-06T23:15:17.834+0000] {dagbag.py:540} INFO - Filling up the DagBag from /home/malangdataguy/miniconda3/envs/airflow_mdg/lib/python3.8/site-packages/airflow/example_dags/example_time_delta_sensor_async.py
[2024-04-06T23:15:17.842+0000] {processor.py:840} INFO - DAG(s) 'example_time_delta_sensor_async' retrieved from /home/malangdataguy/miniconda3/envs/airflow_mdg/lib/python3.8/site-packages/airflow/example_dags/example_time_delta_sensor_async.py
[2024-04-06T23:15:17.867+0000] {logging_mixin.py:188} INFO - [2024-04-06T23:15:17.866+0000] {dag.py:3047} INFO - Sync 1 DAGs
[2024-04-06T23:15:17.882+0000] {logging_mixin.py:188} INFO - [2024-04-06T23:15:17.881+0000] {dag.py:3834} INFO - Setting next_dagrun for example_time_delta_sensor_async to None, run_after=None
[2024-04-06T23:15:17.910+0000] {processor.py:183} INFO - Processing /home/malangdataguy/miniconda3/envs/airflow_mdg/lib/python3.8/site-packages/airflow/example_dags/example_time_delta_sensor_async.py took 0.084 seconds
[2024-04-06T23:15:57.658+0000] {processor.py:161} INFO - Started process (PID=68781) to work on /home/malangdataguy/miniconda3/envs/airflow_mdg/lib/python3.8/site-packages/airflow/example_dags/example_time_delta_sensor_async.py
[2024-04-06T23:15:57.662+0000] {processor.py:830} INFO - Processing file /home/malangdataguy/miniconda3/envs/airflow_mdg/lib/python3.8/site-packages/airflow/example_dags/example_time_delta_sensor_async.py for tasks to queue
[2024-04-06T23:15:57.663+0000] {logging_mixin.py:188} INFO - [2024-04-06T23:15:57.663+0000] {dagbag.py:540} INFO - Filling up the DagBag from /home/malangdataguy/miniconda3/envs/airflow_mdg/lib/python3.8/site-packages/airflow/example_dags/example_time_delta_sensor_async.py
[2024-04-06T23:15:57.671+0000] {processor.py:840} INFO - DAG(s) 'example_time_delta_sensor_async' retrieved from /home/malangdataguy/miniconda3/envs/airflow_mdg/lib/python3.8/site-packages/airflow/example_dags/example_time_delta_sensor_async.py
[2024-04-06T23:15:57.699+0000] {logging_mixin.py:188} INFO - [2024-04-06T23:15:57.699+0000] {dag.py:3047} INFO - Sync 1 DAGs
[2024-04-06T23:15:57.716+0000] {logging_mixin.py:188} INFO - [2024-04-06T23:15:57.716+0000] {dag.py:3834} INFO - Setting next_dagrun for example_time_delta_sensor_async to None, run_after=None
[2024-04-06T23:15:57.748+0000] {processor.py:183} INFO - Processing /home/malangdataguy/miniconda3/envs/airflow_mdg/lib/python3.8/site-packages/airflow/example_dags/example_time_delta_sensor_async.py took 0.095 seconds
[2024-04-06T23:16:34.774+0000] {processor.py:161} INFO - Started process (PID=68821) to work on /home/malangdataguy/miniconda3/envs/airflow_mdg/lib/python3.8/site-packages/airflow/example_dags/example_time_delta_sensor_async.py
[2024-04-06T23:16:34.776+0000] {processor.py:830} INFO - Processing file /home/malangdataguy/miniconda3/envs/airflow_mdg/lib/python3.8/site-packages/airflow/example_dags/example_time_delta_sensor_async.py for tasks to queue
[2024-04-06T23:16:34.778+0000] {logging_mixin.py:188} INFO - [2024-04-06T23:16:34.777+0000] {dagbag.py:540} INFO - Filling up the DagBag from /home/malangdataguy/miniconda3/envs/airflow_mdg/lib/python3.8/site-packages/airflow/example_dags/example_time_delta_sensor_async.py
[2024-04-06T23:16:34.785+0000] {processor.py:840} INFO - DAG(s) 'example_time_delta_sensor_async' retrieved from /home/malangdataguy/miniconda3/envs/airflow_mdg/lib/python3.8/site-packages/airflow/example_dags/example_time_delta_sensor_async.py
[2024-04-06T23:16:34.809+0000] {logging_mixin.py:188} INFO - [2024-04-06T23:16:34.808+0000] {dag.py:3047} INFO - Sync 1 DAGs
[2024-04-06T23:16:34.824+0000] {logging_mixin.py:188} INFO - [2024-04-06T23:16:34.824+0000] {dag.py:3834} INFO - Setting next_dagrun for example_time_delta_sensor_async to None, run_after=None
[2024-04-06T23:16:34.853+0000] {processor.py:183} INFO - Processing /home/malangdataguy/miniconda3/envs/airflow_mdg/lib/python3.8/site-packages/airflow/example_dags/example_time_delta_sensor_async.py took 0.084 seconds
[2024-04-06T23:17:14.193+0000] {processor.py:161} INFO - Started process (PID=68864) to work on /home/malangdataguy/miniconda3/envs/airflow_mdg/lib/python3.8/site-packages/airflow/example_dags/example_time_delta_sensor_async.py
[2024-04-06T23:17:14.196+0000] {processor.py:830} INFO - Processing file /home/malangdataguy/miniconda3/envs/airflow_mdg/lib/python3.8/site-packages/airflow/example_dags/example_time_delta_sensor_async.py for tasks to queue
[2024-04-06T23:17:14.197+0000] {logging_mixin.py:188} INFO - [2024-04-06T23:17:14.196+0000] {dagbag.py:540} INFO - Filling up the DagBag from /home/malangdataguy/miniconda3/envs/airflow_mdg/lib/python3.8/site-packages/airflow/example_dags/example_time_delta_sensor_async.py
[2024-04-06T23:17:14.205+0000] {processor.py:840} INFO - DAG(s) 'example_time_delta_sensor_async' retrieved from /home/malangdataguy/miniconda3/envs/airflow_mdg/lib/python3.8/site-packages/airflow/example_dags/example_time_delta_sensor_async.py
[2024-04-06T23:17:14.227+0000] {logging_mixin.py:188} INFO - [2024-04-06T23:17:14.226+0000] {dag.py:3047} INFO - Sync 1 DAGs
[2024-04-06T23:17:14.241+0000] {logging_mixin.py:188} INFO - [2024-04-06T23:17:14.241+0000] {dag.py:3834} INFO - Setting next_dagrun for example_time_delta_sensor_async to None, run_after=None
[2024-04-06T23:17:14.269+0000] {processor.py:183} INFO - Processing /home/malangdataguy/miniconda3/envs/airflow_mdg/lib/python3.8/site-packages/airflow/example_dags/example_time_delta_sensor_async.py took 0.081 seconds
[2024-04-06T23:17:58.415+0000] {processor.py:161} INFO - Started process (PID=68912) to work on /home/malangdataguy/miniconda3/envs/airflow_mdg/lib/python3.8/site-packages/airflow/example_dags/example_time_delta_sensor_async.py
[2024-04-06T23:17:58.418+0000] {processor.py:830} INFO - Processing file /home/malangdataguy/miniconda3/envs/airflow_mdg/lib/python3.8/site-packages/airflow/example_dags/example_time_delta_sensor_async.py for tasks to queue
[2024-04-06T23:17:58.419+0000] {logging_mixin.py:188} INFO - [2024-04-06T23:17:58.418+0000] {dagbag.py:540} INFO - Filling up the DagBag from /home/malangdataguy/miniconda3/envs/airflow_mdg/lib/python3.8/site-packages/airflow/example_dags/example_time_delta_sensor_async.py
[2024-04-06T23:17:58.427+0000] {processor.py:840} INFO - DAG(s) 'example_time_delta_sensor_async' retrieved from /home/malangdataguy/miniconda3/envs/airflow_mdg/lib/python3.8/site-packages/airflow/example_dags/example_time_delta_sensor_async.py
[2024-04-06T23:17:58.451+0000] {logging_mixin.py:188} INFO - [2024-04-06T23:17:58.451+0000] {dag.py:3047} INFO - Sync 1 DAGs
[2024-04-06T23:17:58.467+0000] {logging_mixin.py:188} INFO - [2024-04-06T23:17:58.467+0000] {dag.py:3834} INFO - Setting next_dagrun for example_time_delta_sensor_async to None, run_after=None
[2024-04-06T23:17:58.496+0000] {processor.py:183} INFO - Processing /home/malangdataguy/miniconda3/envs/airflow_mdg/lib/python3.8/site-packages/airflow/example_dags/example_time_delta_sensor_async.py took 0.087 seconds
[2024-04-06T23:18:41.460+0000] {processor.py:161} INFO - Started process (PID=68956) to work on /home/malangdataguy/miniconda3/envs/airflow_mdg/lib/python3.8/site-packages/airflow/example_dags/example_time_delta_sensor_async.py
[2024-04-06T23:18:41.463+0000] {processor.py:830} INFO - Processing file /home/malangdataguy/miniconda3/envs/airflow_mdg/lib/python3.8/site-packages/airflow/example_dags/example_time_delta_sensor_async.py for tasks to queue
[2024-04-06T23:18:41.464+0000] {logging_mixin.py:188} INFO - [2024-04-06T23:18:41.463+0000] {dagbag.py:540} INFO - Filling up the DagBag from /home/malangdataguy/miniconda3/envs/airflow_mdg/lib/python3.8/site-packages/airflow/example_dags/example_time_delta_sensor_async.py
[2024-04-06T23:18:41.472+0000] {processor.py:840} INFO - DAG(s) 'example_time_delta_sensor_async' retrieved from /home/malangdataguy/miniconda3/envs/airflow_mdg/lib/python3.8/site-packages/airflow/example_dags/example_time_delta_sensor_async.py
[2024-04-06T23:18:41.499+0000] {logging_mixin.py:188} INFO - [2024-04-06T23:18:41.499+0000] {dag.py:3047} INFO - Sync 1 DAGs
[2024-04-06T23:18:41.515+0000] {logging_mixin.py:188} INFO - [2024-04-06T23:18:41.515+0000] {dag.py:3834} INFO - Setting next_dagrun for example_time_delta_sensor_async to None, run_after=None
[2024-04-06T23:18:41.547+0000] {processor.py:183} INFO - Processing /home/malangdataguy/miniconda3/envs/airflow_mdg/lib/python3.8/site-packages/airflow/example_dags/example_time_delta_sensor_async.py took 0.093 seconds
[2024-04-06T23:19:20.440+0000] {processor.py:161} INFO - Started process (PID=68996) to work on /home/malangdataguy/miniconda3/envs/airflow_mdg/lib/python3.8/site-packages/airflow/example_dags/example_time_delta_sensor_async.py
[2024-04-06T23:19:20.442+0000] {processor.py:830} INFO - Processing file /home/malangdataguy/miniconda3/envs/airflow_mdg/lib/python3.8/site-packages/airflow/example_dags/example_time_delta_sensor_async.py for tasks to queue
[2024-04-06T23:19:20.444+0000] {logging_mixin.py:188} INFO - [2024-04-06T23:19:20.443+0000] {dagbag.py:540} INFO - Filling up the DagBag from /home/malangdataguy/miniconda3/envs/airflow_mdg/lib/python3.8/site-packages/airflow/example_dags/example_time_delta_sensor_async.py
[2024-04-06T23:19:20.451+0000] {processor.py:840} INFO - DAG(s) 'example_time_delta_sensor_async' retrieved from /home/malangdataguy/miniconda3/envs/airflow_mdg/lib/python3.8/site-packages/airflow/example_dags/example_time_delta_sensor_async.py
[2024-04-06T23:19:20.476+0000] {logging_mixin.py:188} INFO - [2024-04-06T23:19:20.476+0000] {dag.py:3047} INFO - Sync 1 DAGs
[2024-04-06T23:19:20.491+0000] {logging_mixin.py:188} INFO - [2024-04-06T23:19:20.491+0000] {dag.py:3834} INFO - Setting next_dagrun for example_time_delta_sensor_async to None, run_after=None
[2024-04-06T23:19:20.521+0000] {processor.py:183} INFO - Processing /home/malangdataguy/miniconda3/envs/airflow_mdg/lib/python3.8/site-packages/airflow/example_dags/example_time_delta_sensor_async.py took 0.086 seconds
[2024-04-06T23:20:06.206+0000] {processor.py:161} INFO - Started process (PID=69040) to work on /home/malangdataguy/miniconda3/envs/airflow_mdg/lib/python3.8/site-packages/airflow/example_dags/example_time_delta_sensor_async.py
[2024-04-06T23:20:06.208+0000] {processor.py:830} INFO - Processing file /home/malangdataguy/miniconda3/envs/airflow_mdg/lib/python3.8/site-packages/airflow/example_dags/example_time_delta_sensor_async.py for tasks to queue
[2024-04-06T23:20:06.210+0000] {logging_mixin.py:188} INFO - [2024-04-06T23:20:06.210+0000] {dagbag.py:540} INFO - Filling up the DagBag from /home/malangdataguy/miniconda3/envs/airflow_mdg/lib/python3.8/site-packages/airflow/example_dags/example_time_delta_sensor_async.py
[2024-04-06T23:20:06.218+0000] {processor.py:840} INFO - DAG(s) 'example_time_delta_sensor_async' retrieved from /home/malangdataguy/miniconda3/envs/airflow_mdg/lib/python3.8/site-packages/airflow/example_dags/example_time_delta_sensor_async.py
[2024-04-06T23:20:06.241+0000] {logging_mixin.py:188} INFO - [2024-04-06T23:20:06.241+0000] {dag.py:3047} INFO - Sync 1 DAGs
[2024-04-06T23:20:06.256+0000] {logging_mixin.py:188} INFO - [2024-04-06T23:20:06.255+0000] {dag.py:3834} INFO - Setting next_dagrun for example_time_delta_sensor_async to None, run_after=None
[2024-04-06T23:20:06.284+0000] {processor.py:183} INFO - Processing /home/malangdataguy/miniconda3/envs/airflow_mdg/lib/python3.8/site-packages/airflow/example_dags/example_time_delta_sensor_async.py took 0.083 seconds
[2024-04-06T23:20:52.207+0000] {processor.py:161} INFO - Started process (PID=69086) to work on /home/malangdataguy/miniconda3/envs/airflow_mdg/lib/python3.8/site-packages/airflow/example_dags/example_time_delta_sensor_async.py
[2024-04-06T23:20:52.210+0000] {processor.py:830} INFO - Processing file /home/malangdataguy/miniconda3/envs/airflow_mdg/lib/python3.8/site-packages/airflow/example_dags/example_time_delta_sensor_async.py for tasks to queue
[2024-04-06T23:20:52.211+0000] {logging_mixin.py:188} INFO - [2024-04-06T23:20:52.211+0000] {dagbag.py:540} INFO - Filling up the DagBag from /home/malangdataguy/miniconda3/envs/airflow_mdg/lib/python3.8/site-packages/airflow/example_dags/example_time_delta_sensor_async.py
[2024-04-06T23:20:52.219+0000] {processor.py:840} INFO - DAG(s) 'example_time_delta_sensor_async' retrieved from /home/malangdataguy/miniconda3/envs/airflow_mdg/lib/python3.8/site-packages/airflow/example_dags/example_time_delta_sensor_async.py
[2024-04-06T23:20:52.245+0000] {logging_mixin.py:188} INFO - [2024-04-06T23:20:52.244+0000] {dag.py:3047} INFO - Sync 1 DAGs
[2024-04-06T23:20:52.261+0000] {logging_mixin.py:188} INFO - [2024-04-06T23:20:52.261+0000] {dag.py:3834} INFO - Setting next_dagrun for example_time_delta_sensor_async to None, run_after=None
[2024-04-06T23:20:52.291+0000] {processor.py:183} INFO - Processing /home/malangdataguy/miniconda3/envs/airflow_mdg/lib/python3.8/site-packages/airflow/example_dags/example_time_delta_sensor_async.py took 0.089 seconds
[2024-04-06T23:21:32.736+0000] {processor.py:161} INFO - Started process (PID=69128) to work on /home/malangdataguy/miniconda3/envs/airflow_mdg/lib/python3.8/site-packages/airflow/example_dags/example_time_delta_sensor_async.py
[2024-04-06T23:21:32.739+0000] {processor.py:830} INFO - Processing file /home/malangdataguy/miniconda3/envs/airflow_mdg/lib/python3.8/site-packages/airflow/example_dags/example_time_delta_sensor_async.py for tasks to queue
[2024-04-06T23:21:32.740+0000] {logging_mixin.py:188} INFO - [2024-04-06T23:21:32.740+0000] {dagbag.py:540} INFO - Filling up the DagBag from /home/malangdataguy/miniconda3/envs/airflow_mdg/lib/python3.8/site-packages/airflow/example_dags/example_time_delta_sensor_async.py
[2024-04-06T23:21:32.748+0000] {processor.py:840} INFO - DAG(s) 'example_time_delta_sensor_async' retrieved from /home/malangdataguy/miniconda3/envs/airflow_mdg/lib/python3.8/site-packages/airflow/example_dags/example_time_delta_sensor_async.py
[2024-04-06T23:21:32.773+0000] {logging_mixin.py:188} INFO - [2024-04-06T23:21:32.772+0000] {dag.py:3047} INFO - Sync 1 DAGs
[2024-04-06T23:21:32.787+0000] {logging_mixin.py:188} INFO - [2024-04-06T23:21:32.787+0000] {dag.py:3834} INFO - Setting next_dagrun for example_time_delta_sensor_async to None, run_after=None
[2024-04-06T23:21:32.816+0000] {processor.py:183} INFO - Processing /home/malangdataguy/miniconda3/envs/airflow_mdg/lib/python3.8/site-packages/airflow/example_dags/example_time_delta_sensor_async.py took 0.086 seconds
[2024-04-06T23:22:15.027+0000] {processor.py:161} INFO - Started process (PID=69169) to work on /home/malangdataguy/miniconda3/envs/airflow_mdg/lib/python3.8/site-packages/airflow/example_dags/example_time_delta_sensor_async.py
[2024-04-06T23:22:15.030+0000] {processor.py:830} INFO - Processing file /home/malangdataguy/miniconda3/envs/airflow_mdg/lib/python3.8/site-packages/airflow/example_dags/example_time_delta_sensor_async.py for tasks to queue
[2024-04-06T23:22:15.031+0000] {logging_mixin.py:188} INFO - [2024-04-06T23:22:15.031+0000] {dagbag.py:540} INFO - Filling up the DagBag from /home/malangdataguy/miniconda3/envs/airflow_mdg/lib/python3.8/site-packages/airflow/example_dags/example_time_delta_sensor_async.py
[2024-04-06T23:22:15.039+0000] {processor.py:840} INFO - DAG(s) 'example_time_delta_sensor_async' retrieved from /home/malangdataguy/miniconda3/envs/airflow_mdg/lib/python3.8/site-packages/airflow/example_dags/example_time_delta_sensor_async.py
[2024-04-06T23:22:15.063+0000] {logging_mixin.py:188} INFO - [2024-04-06T23:22:15.063+0000] {dag.py:3047} INFO - Sync 1 DAGs
[2024-04-06T23:22:15.080+0000] {logging_mixin.py:188} INFO - [2024-04-06T23:22:15.079+0000] {dag.py:3834} INFO - Setting next_dagrun for example_time_delta_sensor_async to None, run_after=None
[2024-04-06T23:22:15.108+0000] {processor.py:183} INFO - Processing /home/malangdataguy/miniconda3/envs/airflow_mdg/lib/python3.8/site-packages/airflow/example_dags/example_time_delta_sensor_async.py took 0.086 seconds
[2024-04-06T23:40:23.706+0000] {processor.py:161} INFO - Started process (PID=69283) to work on /home/malangdataguy/miniconda3/envs/airflow_mdg/lib/python3.8/site-packages/airflow/example_dags/example_time_delta_sensor_async.py
[2024-04-06T23:40:23.709+0000] {processor.py:830} INFO - Processing file /home/malangdataguy/miniconda3/envs/airflow_mdg/lib/python3.8/site-packages/airflow/example_dags/example_time_delta_sensor_async.py for tasks to queue
[2024-04-06T23:40:23.710+0000] {logging_mixin.py:188} INFO - [2024-04-06T23:40:23.710+0000] {dagbag.py:540} INFO - Filling up the DagBag from /home/malangdataguy/miniconda3/envs/airflow_mdg/lib/python3.8/site-packages/airflow/example_dags/example_time_delta_sensor_async.py
[2024-04-06T23:40:23.723+0000] {processor.py:840} INFO - DAG(s) 'example_time_delta_sensor_async' retrieved from /home/malangdataguy/miniconda3/envs/airflow_mdg/lib/python3.8/site-packages/airflow/example_dags/example_time_delta_sensor_async.py
[2024-04-06T23:40:23.751+0000] {logging_mixin.py:188} INFO - [2024-04-06T23:40:23.751+0000] {dag.py:3047} INFO - Sync 1 DAGs
[2024-04-06T23:40:23.767+0000] {logging_mixin.py:188} INFO - [2024-04-06T23:40:23.767+0000] {dag.py:3834} INFO - Setting next_dagrun for example_time_delta_sensor_async to None, run_after=None
[2024-04-06T23:40:23.803+0000] {processor.py:183} INFO - Processing /home/malangdataguy/miniconda3/envs/airflow_mdg/lib/python3.8/site-packages/airflow/example_dags/example_time_delta_sensor_async.py took 0.103 seconds
[2024-04-06T23:41:15.912+0000] {processor.py:161} INFO - Started process (PID=69333) to work on /home/malangdataguy/miniconda3/envs/airflow_mdg/lib/python3.8/site-packages/airflow/example_dags/example_time_delta_sensor_async.py
[2024-04-06T23:41:15.915+0000] {processor.py:830} INFO - Processing file /home/malangdataguy/miniconda3/envs/airflow_mdg/lib/python3.8/site-packages/airflow/example_dags/example_time_delta_sensor_async.py for tasks to queue
[2024-04-06T23:41:15.917+0000] {logging_mixin.py:188} INFO - [2024-04-06T23:41:15.917+0000] {dagbag.py:540} INFO - Filling up the DagBag from /home/malangdataguy/miniconda3/envs/airflow_mdg/lib/python3.8/site-packages/airflow/example_dags/example_time_delta_sensor_async.py
[2024-04-06T23:41:15.928+0000] {processor.py:840} INFO - DAG(s) 'example_time_delta_sensor_async' retrieved from /home/malangdataguy/miniconda3/envs/airflow_mdg/lib/python3.8/site-packages/airflow/example_dags/example_time_delta_sensor_async.py
[2024-04-06T23:41:15.961+0000] {logging_mixin.py:188} INFO - [2024-04-06T23:41:15.960+0000] {dag.py:3047} INFO - Sync 1 DAGs
[2024-04-06T23:41:15.979+0000] {logging_mixin.py:188} INFO - [2024-04-06T23:41:15.979+0000] {dag.py:3834} INFO - Setting next_dagrun for example_time_delta_sensor_async to None, run_after=None
[2024-04-06T23:41:16.015+0000] {processor.py:183} INFO - Processing /home/malangdataguy/miniconda3/envs/airflow_mdg/lib/python3.8/site-packages/airflow/example_dags/example_time_delta_sensor_async.py took 0.108 seconds
[2024-04-06T23:42:08.747+0000] {processor.py:161} INFO - Started process (PID=69383) to work on /home/malangdataguy/miniconda3/envs/airflow_mdg/lib/python3.8/site-packages/airflow/example_dags/example_time_delta_sensor_async.py
[2024-04-06T23:42:08.750+0000] {processor.py:830} INFO - Processing file /home/malangdataguy/miniconda3/envs/airflow_mdg/lib/python3.8/site-packages/airflow/example_dags/example_time_delta_sensor_async.py for tasks to queue
[2024-04-06T23:42:08.751+0000] {logging_mixin.py:188} INFO - [2024-04-06T23:42:08.751+0000] {dagbag.py:540} INFO - Filling up the DagBag from /home/malangdataguy/miniconda3/envs/airflow_mdg/lib/python3.8/site-packages/airflow/example_dags/example_time_delta_sensor_async.py
[2024-04-06T23:42:08.759+0000] {processor.py:840} INFO - DAG(s) 'example_time_delta_sensor_async' retrieved from /home/malangdataguy/miniconda3/envs/airflow_mdg/lib/python3.8/site-packages/airflow/example_dags/example_time_delta_sensor_async.py
[2024-04-06T23:42:08.787+0000] {logging_mixin.py:188} INFO - [2024-04-06T23:42:08.787+0000] {dag.py:3047} INFO - Sync 1 DAGs
[2024-04-06T23:42:08.803+0000] {logging_mixin.py:188} INFO - [2024-04-06T23:42:08.803+0000] {dag.py:3834} INFO - Setting next_dagrun for example_time_delta_sensor_async to None, run_after=None
[2024-04-06T23:42:08.835+0000] {processor.py:183} INFO - Processing /home/malangdataguy/miniconda3/envs/airflow_mdg/lib/python3.8/site-packages/airflow/example_dags/example_time_delta_sensor_async.py took 0.093 seconds
[2024-04-06T23:42:52.243+0000] {processor.py:161} INFO - Started process (PID=69427) to work on /home/malangdataguy/miniconda3/envs/airflow_mdg/lib/python3.8/site-packages/airflow/example_dags/example_time_delta_sensor_async.py
[2024-04-06T23:42:52.246+0000] {processor.py:830} INFO - Processing file /home/malangdataguy/miniconda3/envs/airflow_mdg/lib/python3.8/site-packages/airflow/example_dags/example_time_delta_sensor_async.py for tasks to queue
[2024-04-06T23:42:52.247+0000] {logging_mixin.py:188} INFO - [2024-04-06T23:42:52.247+0000] {dagbag.py:540} INFO - Filling up the DagBag from /home/malangdataguy/miniconda3/envs/airflow_mdg/lib/python3.8/site-packages/airflow/example_dags/example_time_delta_sensor_async.py
[2024-04-06T23:42:52.254+0000] {processor.py:840} INFO - DAG(s) 'example_time_delta_sensor_async' retrieved from /home/malangdataguy/miniconda3/envs/airflow_mdg/lib/python3.8/site-packages/airflow/example_dags/example_time_delta_sensor_async.py
[2024-04-06T23:42:52.281+0000] {logging_mixin.py:188} INFO - [2024-04-06T23:42:52.281+0000] {dag.py:3047} INFO - Sync 1 DAGs
[2024-04-06T23:42:52.296+0000] {logging_mixin.py:188} INFO - [2024-04-06T23:42:52.296+0000] {dag.py:3834} INFO - Setting next_dagrun for example_time_delta_sensor_async to None, run_after=None
[2024-04-06T23:42:52.326+0000] {processor.py:183} INFO - Processing /home/malangdataguy/miniconda3/envs/airflow_mdg/lib/python3.8/site-packages/airflow/example_dags/example_time_delta_sensor_async.py took 0.087 seconds
[2024-04-06T23:43:36.593+0000] {processor.py:161} INFO - Started process (PID=69481) to work on /home/malangdataguy/miniconda3/envs/airflow_mdg/lib/python3.8/site-packages/airflow/example_dags/example_time_delta_sensor_async.py
[2024-04-06T23:43:36.596+0000] {processor.py:830} INFO - Processing file /home/malangdataguy/miniconda3/envs/airflow_mdg/lib/python3.8/site-packages/airflow/example_dags/example_time_delta_sensor_async.py for tasks to queue
[2024-04-06T23:43:36.598+0000] {logging_mixin.py:188} INFO - [2024-04-06T23:43:36.597+0000] {dagbag.py:540} INFO - Filling up the DagBag from /home/malangdataguy/miniconda3/envs/airflow_mdg/lib/python3.8/site-packages/airflow/example_dags/example_time_delta_sensor_async.py
[2024-04-06T23:43:36.607+0000] {processor.py:840} INFO - DAG(s) 'example_time_delta_sensor_async' retrieved from /home/malangdataguy/miniconda3/envs/airflow_mdg/lib/python3.8/site-packages/airflow/example_dags/example_time_delta_sensor_async.py
[2024-04-06T23:43:36.636+0000] {logging_mixin.py:188} INFO - [2024-04-06T23:43:36.635+0000] {dag.py:3047} INFO - Sync 1 DAGs
[2024-04-06T23:43:36.653+0000] {logging_mixin.py:188} INFO - [2024-04-06T23:43:36.652+0000] {dag.py:3834} INFO - Setting next_dagrun for example_time_delta_sensor_async to None, run_after=None
[2024-04-06T23:43:36.689+0000] {processor.py:183} INFO - Processing /home/malangdataguy/miniconda3/envs/airflow_mdg/lib/python3.8/site-packages/airflow/example_dags/example_time_delta_sensor_async.py took 0.102 seconds
[2024-04-06T23:44:22.036+0000] {processor.py:161} INFO - Started process (PID=69532) to work on /home/malangdataguy/miniconda3/envs/airflow_mdg/lib/python3.8/site-packages/airflow/example_dags/example_time_delta_sensor_async.py
[2024-04-06T23:44:22.038+0000] {processor.py:830} INFO - Processing file /home/malangdataguy/miniconda3/envs/airflow_mdg/lib/python3.8/site-packages/airflow/example_dags/example_time_delta_sensor_async.py for tasks to queue
[2024-04-06T23:44:22.039+0000] {logging_mixin.py:188} INFO - [2024-04-06T23:44:22.039+0000] {dagbag.py:540} INFO - Filling up the DagBag from /home/malangdataguy/miniconda3/envs/airflow_mdg/lib/python3.8/site-packages/airflow/example_dags/example_time_delta_sensor_async.py
[2024-04-06T23:44:22.046+0000] {processor.py:840} INFO - DAG(s) 'example_time_delta_sensor_async' retrieved from /home/malangdataguy/miniconda3/envs/airflow_mdg/lib/python3.8/site-packages/airflow/example_dags/example_time_delta_sensor_async.py
[2024-04-06T23:44:22.071+0000] {logging_mixin.py:188} INFO - [2024-04-06T23:44:22.071+0000] {dag.py:3047} INFO - Sync 1 DAGs
[2024-04-06T23:44:22.087+0000] {logging_mixin.py:188} INFO - [2024-04-06T23:44:22.087+0000] {dag.py:3834} INFO - Setting next_dagrun for example_time_delta_sensor_async to None, run_after=None
[2024-04-06T23:44:22.117+0000] {processor.py:183} INFO - Processing /home/malangdataguy/miniconda3/envs/airflow_mdg/lib/python3.8/site-packages/airflow/example_dags/example_time_delta_sensor_async.py took 0.086 seconds
[2024-04-06T23:45:03.969+0000] {processor.py:161} INFO - Started process (PID=69577) to work on /home/malangdataguy/miniconda3/envs/airflow_mdg/lib/python3.8/site-packages/airflow/example_dags/example_time_delta_sensor_async.py
[2024-04-06T23:45:03.971+0000] {processor.py:830} INFO - Processing file /home/malangdataguy/miniconda3/envs/airflow_mdg/lib/python3.8/site-packages/airflow/example_dags/example_time_delta_sensor_async.py for tasks to queue
[2024-04-06T23:45:03.973+0000] {logging_mixin.py:188} INFO - [2024-04-06T23:45:03.972+0000] {dagbag.py:540} INFO - Filling up the DagBag from /home/malangdataguy/miniconda3/envs/airflow_mdg/lib/python3.8/site-packages/airflow/example_dags/example_time_delta_sensor_async.py
[2024-04-06T23:45:03.980+0000] {processor.py:840} INFO - DAG(s) 'example_time_delta_sensor_async' retrieved from /home/malangdataguy/miniconda3/envs/airflow_mdg/lib/python3.8/site-packages/airflow/example_dags/example_time_delta_sensor_async.py
[2024-04-06T23:45:04.005+0000] {logging_mixin.py:188} INFO - [2024-04-06T23:45:04.005+0000] {dag.py:3047} INFO - Sync 1 DAGs
[2024-04-06T23:45:04.019+0000] {logging_mixin.py:188} INFO - [2024-04-06T23:45:04.019+0000] {dag.py:3834} INFO - Setting next_dagrun for example_time_delta_sensor_async to None, run_after=None
[2024-04-06T23:45:04.045+0000] {processor.py:183} INFO - Processing /home/malangdataguy/miniconda3/envs/airflow_mdg/lib/python3.8/site-packages/airflow/example_dags/example_time_delta_sensor_async.py took 0.081 seconds
[2024-04-06T23:45:46.957+0000] {processor.py:161} INFO - Started process (PID=69621) to work on /home/malangdataguy/miniconda3/envs/airflow_mdg/lib/python3.8/site-packages/airflow/example_dags/example_time_delta_sensor_async.py
[2024-04-06T23:45:46.959+0000] {processor.py:830} INFO - Processing file /home/malangdataguy/miniconda3/envs/airflow_mdg/lib/python3.8/site-packages/airflow/example_dags/example_time_delta_sensor_async.py for tasks to queue
[2024-04-06T23:45:46.960+0000] {logging_mixin.py:188} INFO - [2024-04-06T23:45:46.960+0000] {dagbag.py:540} INFO - Filling up the DagBag from /home/malangdataguy/miniconda3/envs/airflow_mdg/lib/python3.8/site-packages/airflow/example_dags/example_time_delta_sensor_async.py
[2024-04-06T23:45:46.968+0000] {processor.py:840} INFO - DAG(s) 'example_time_delta_sensor_async' retrieved from /home/malangdataguy/miniconda3/envs/airflow_mdg/lib/python3.8/site-packages/airflow/example_dags/example_time_delta_sensor_async.py
[2024-04-06T23:45:46.992+0000] {logging_mixin.py:188} INFO - [2024-04-06T23:45:46.992+0000] {dag.py:3047} INFO - Sync 1 DAGs
[2024-04-06T23:45:47.006+0000] {logging_mixin.py:188} INFO - [2024-04-06T23:45:47.006+0000] {dag.py:3834} INFO - Setting next_dagrun for example_time_delta_sensor_async to None, run_after=None
[2024-04-06T23:45:47.034+0000] {processor.py:183} INFO - Processing /home/malangdataguy/miniconda3/envs/airflow_mdg/lib/python3.8/site-packages/airflow/example_dags/example_time_delta_sensor_async.py took 0.082 seconds
[2024-04-06T23:46:28.126+0000] {processor.py:161} INFO - Started process (PID=69665) to work on /home/malangdataguy/miniconda3/envs/airflow_mdg/lib/python3.8/site-packages/airflow/example_dags/example_time_delta_sensor_async.py
[2024-04-06T23:46:28.128+0000] {processor.py:830} INFO - Processing file /home/malangdataguy/miniconda3/envs/airflow_mdg/lib/python3.8/site-packages/airflow/example_dags/example_time_delta_sensor_async.py for tasks to queue
[2024-04-06T23:46:28.130+0000] {logging_mixin.py:188} INFO - [2024-04-06T23:46:28.129+0000] {dagbag.py:540} INFO - Filling up the DagBag from /home/malangdataguy/miniconda3/envs/airflow_mdg/lib/python3.8/site-packages/airflow/example_dags/example_time_delta_sensor_async.py
[2024-04-06T23:46:28.136+0000] {processor.py:840} INFO - DAG(s) 'example_time_delta_sensor_async' retrieved from /home/malangdataguy/miniconda3/envs/airflow_mdg/lib/python3.8/site-packages/airflow/example_dags/example_time_delta_sensor_async.py
[2024-04-06T23:46:28.159+0000] {logging_mixin.py:188} INFO - [2024-04-06T23:46:28.158+0000] {dag.py:3047} INFO - Sync 1 DAGs
[2024-04-06T23:46:28.173+0000] {logging_mixin.py:188} INFO - [2024-04-06T23:46:28.172+0000] {dag.py:3834} INFO - Setting next_dagrun for example_time_delta_sensor_async to None, run_after=None
[2024-04-06T23:46:28.200+0000] {processor.py:183} INFO - Processing /home/malangdataguy/miniconda3/envs/airflow_mdg/lib/python3.8/site-packages/airflow/example_dags/example_time_delta_sensor_async.py took 0.079 seconds
[2024-04-06T23:47:08.922+0000] {processor.py:161} INFO - Started process (PID=69738) to work on /home/malangdataguy/miniconda3/envs/airflow_mdg/lib/python3.8/site-packages/airflow/example_dags/example_time_delta_sensor_async.py
[2024-04-06T23:47:08.924+0000] {processor.py:830} INFO - Processing file /home/malangdataguy/miniconda3/envs/airflow_mdg/lib/python3.8/site-packages/airflow/example_dags/example_time_delta_sensor_async.py for tasks to queue
[2024-04-06T23:47:08.926+0000] {logging_mixin.py:188} INFO - [2024-04-06T23:47:08.925+0000] {dagbag.py:540} INFO - Filling up the DagBag from /home/malangdataguy/miniconda3/envs/airflow_mdg/lib/python3.8/site-packages/airflow/example_dags/example_time_delta_sensor_async.py
[2024-04-06T23:47:08.933+0000] {processor.py:840} INFO - DAG(s) 'example_time_delta_sensor_async' retrieved from /home/malangdataguy/miniconda3/envs/airflow_mdg/lib/python3.8/site-packages/airflow/example_dags/example_time_delta_sensor_async.py
[2024-04-06T23:47:08.957+0000] {logging_mixin.py:188} INFO - [2024-04-06T23:47:08.957+0000] {dag.py:3047} INFO - Sync 1 DAGs
[2024-04-06T23:47:08.971+0000] {logging_mixin.py:188} INFO - [2024-04-06T23:47:08.971+0000] {dag.py:3834} INFO - Setting next_dagrun for example_time_delta_sensor_async to None, run_after=None
[2024-04-06T23:47:09.002+0000] {processor.py:183} INFO - Processing /home/malangdataguy/miniconda3/envs/airflow_mdg/lib/python3.8/site-packages/airflow/example_dags/example_time_delta_sensor_async.py took 0.084 seconds
[2024-04-06T23:47:49.884+0000] {processor.py:161} INFO - Started process (PID=69779) to work on /home/malangdataguy/miniconda3/envs/airflow_mdg/lib/python3.8/site-packages/airflow/example_dags/example_time_delta_sensor_async.py
[2024-04-06T23:47:49.887+0000] {processor.py:830} INFO - Processing file /home/malangdataguy/miniconda3/envs/airflow_mdg/lib/python3.8/site-packages/airflow/example_dags/example_time_delta_sensor_async.py for tasks to queue
[2024-04-06T23:47:49.889+0000] {logging_mixin.py:188} INFO - [2024-04-06T23:47:49.888+0000] {dagbag.py:540} INFO - Filling up the DagBag from /home/malangdataguy/miniconda3/envs/airflow_mdg/lib/python3.8/site-packages/airflow/example_dags/example_time_delta_sensor_async.py
[2024-04-06T23:47:49.898+0000] {processor.py:840} INFO - DAG(s) 'example_time_delta_sensor_async' retrieved from /home/malangdataguy/miniconda3/envs/airflow_mdg/lib/python3.8/site-packages/airflow/example_dags/example_time_delta_sensor_async.py
[2024-04-06T23:47:49.927+0000] {logging_mixin.py:188} INFO - [2024-04-06T23:47:49.926+0000] {dag.py:3047} INFO - Sync 1 DAGs
[2024-04-06T23:47:49.944+0000] {logging_mixin.py:188} INFO - [2024-04-06T23:47:49.944+0000] {dag.py:3834} INFO - Setting next_dagrun for example_time_delta_sensor_async to None, run_after=None
[2024-04-06T23:47:49.978+0000] {processor.py:183} INFO - Processing /home/malangdataguy/miniconda3/envs/airflow_mdg/lib/python3.8/site-packages/airflow/example_dags/example_time_delta_sensor_async.py took 0.100 seconds
[2024-04-06T23:48:31.993+0000] {processor.py:161} INFO - Started process (PID=69827) to work on /home/malangdataguy/miniconda3/envs/airflow_mdg/lib/python3.8/site-packages/airflow/example_dags/example_time_delta_sensor_async.py
[2024-04-06T23:48:31.996+0000] {processor.py:830} INFO - Processing file /home/malangdataguy/miniconda3/envs/airflow_mdg/lib/python3.8/site-packages/airflow/example_dags/example_time_delta_sensor_async.py for tasks to queue
[2024-04-06T23:48:31.997+0000] {logging_mixin.py:188} INFO - [2024-04-06T23:48:31.997+0000] {dagbag.py:540} INFO - Filling up the DagBag from /home/malangdataguy/miniconda3/envs/airflow_mdg/lib/python3.8/site-packages/airflow/example_dags/example_time_delta_sensor_async.py
[2024-04-06T23:48:32.007+0000] {processor.py:840} INFO - DAG(s) 'example_time_delta_sensor_async' retrieved from /home/malangdataguy/miniconda3/envs/airflow_mdg/lib/python3.8/site-packages/airflow/example_dags/example_time_delta_sensor_async.py
[2024-04-06T23:48:32.038+0000] {logging_mixin.py:188} INFO - [2024-04-06T23:48:32.037+0000] {dag.py:3047} INFO - Sync 1 DAGs
[2024-04-06T23:48:32.057+0000] {logging_mixin.py:188} INFO - [2024-04-06T23:48:32.057+0000] {dag.py:3834} INFO - Setting next_dagrun for example_time_delta_sensor_async to None, run_after=None
[2024-04-06T23:48:32.094+0000] {processor.py:183} INFO - Processing /home/malangdataguy/miniconda3/envs/airflow_mdg/lib/python3.8/site-packages/airflow/example_dags/example_time_delta_sensor_async.py took 0.107 seconds
[2024-04-06T23:49:14.291+0000] {processor.py:161} INFO - Started process (PID=69868) to work on /home/malangdataguy/miniconda3/envs/airflow_mdg/lib/python3.8/site-packages/airflow/example_dags/example_time_delta_sensor_async.py
[2024-04-06T23:49:14.294+0000] {processor.py:830} INFO - Processing file /home/malangdataguy/miniconda3/envs/airflow_mdg/lib/python3.8/site-packages/airflow/example_dags/example_time_delta_sensor_async.py for tasks to queue
[2024-04-06T23:49:14.295+0000] {logging_mixin.py:188} INFO - [2024-04-06T23:49:14.295+0000] {dagbag.py:540} INFO - Filling up the DagBag from /home/malangdataguy/miniconda3/envs/airflow_mdg/lib/python3.8/site-packages/airflow/example_dags/example_time_delta_sensor_async.py
[2024-04-06T23:49:14.303+0000] {processor.py:840} INFO - DAG(s) 'example_time_delta_sensor_async' retrieved from /home/malangdataguy/miniconda3/envs/airflow_mdg/lib/python3.8/site-packages/airflow/example_dags/example_time_delta_sensor_async.py
[2024-04-06T23:49:14.326+0000] {logging_mixin.py:188} INFO - [2024-04-06T23:49:14.325+0000] {dag.py:3047} INFO - Sync 1 DAGs
[2024-04-06T23:49:14.339+0000] {logging_mixin.py:188} INFO - [2024-04-06T23:49:14.339+0000] {dag.py:3834} INFO - Setting next_dagrun for example_time_delta_sensor_async to None, run_after=None
[2024-04-06T23:49:14.369+0000] {processor.py:183} INFO - Processing /home/malangdataguy/miniconda3/envs/airflow_mdg/lib/python3.8/site-packages/airflow/example_dags/example_time_delta_sensor_async.py took 0.083 seconds
[2024-04-06T23:49:56.932+0000] {processor.py:161} INFO - Started process (PID=69914) to work on /home/malangdataguy/miniconda3/envs/airflow_mdg/lib/python3.8/site-packages/airflow/example_dags/example_time_delta_sensor_async.py
[2024-04-06T23:49:56.935+0000] {processor.py:830} INFO - Processing file /home/malangdataguy/miniconda3/envs/airflow_mdg/lib/python3.8/site-packages/airflow/example_dags/example_time_delta_sensor_async.py for tasks to queue
[2024-04-06T23:49:56.936+0000] {logging_mixin.py:188} INFO - [2024-04-06T23:49:56.936+0000] {dagbag.py:540} INFO - Filling up the DagBag from /home/malangdataguy/miniconda3/envs/airflow_mdg/lib/python3.8/site-packages/airflow/example_dags/example_time_delta_sensor_async.py
[2024-04-06T23:49:56.943+0000] {processor.py:840} INFO - DAG(s) 'example_time_delta_sensor_async' retrieved from /home/malangdataguy/miniconda3/envs/airflow_mdg/lib/python3.8/site-packages/airflow/example_dags/example_time_delta_sensor_async.py
[2024-04-06T23:49:56.966+0000] {logging_mixin.py:188} INFO - [2024-04-06T23:49:56.966+0000] {dag.py:3047} INFO - Sync 1 DAGs
[2024-04-06T23:49:56.980+0000] {logging_mixin.py:188} INFO - [2024-04-06T23:49:56.980+0000] {dag.py:3834} INFO - Setting next_dagrun for example_time_delta_sensor_async to None, run_after=None
[2024-04-06T23:49:57.013+0000] {processor.py:183} INFO - Processing /home/malangdataguy/miniconda3/envs/airflow_mdg/lib/python3.8/site-packages/airflow/example_dags/example_time_delta_sensor_async.py took 0.085 seconds
[2024-04-06T23:50:35.925+0000] {processor.py:161} INFO - Started process (PID=69953) to work on /home/malangdataguy/miniconda3/envs/airflow_mdg/lib/python3.8/site-packages/airflow/example_dags/example_time_delta_sensor_async.py
[2024-04-06T23:50:35.928+0000] {processor.py:830} INFO - Processing file /home/malangdataguy/miniconda3/envs/airflow_mdg/lib/python3.8/site-packages/airflow/example_dags/example_time_delta_sensor_async.py for tasks to queue
[2024-04-06T23:50:35.930+0000] {logging_mixin.py:188} INFO - [2024-04-06T23:50:35.929+0000] {dagbag.py:540} INFO - Filling up the DagBag from /home/malangdataguy/miniconda3/envs/airflow_mdg/lib/python3.8/site-packages/airflow/example_dags/example_time_delta_sensor_async.py
[2024-04-06T23:50:35.939+0000] {processor.py:840} INFO - DAG(s) 'example_time_delta_sensor_async' retrieved from /home/malangdataguy/miniconda3/envs/airflow_mdg/lib/python3.8/site-packages/airflow/example_dags/example_time_delta_sensor_async.py
[2024-04-06T23:50:35.965+0000] {logging_mixin.py:188} INFO - [2024-04-06T23:50:35.965+0000] {dag.py:3047} INFO - Sync 1 DAGs
[2024-04-06T23:50:35.982+0000] {logging_mixin.py:188} INFO - [2024-04-06T23:50:35.982+0000] {dag.py:3834} INFO - Setting next_dagrun for example_time_delta_sensor_async to None, run_after=None
[2024-04-06T23:50:36.019+0000] {processor.py:183} INFO - Processing /home/malangdataguy/miniconda3/envs/airflow_mdg/lib/python3.8/site-packages/airflow/example_dags/example_time_delta_sensor_async.py took 0.099 seconds
[2024-04-06T23:51:18.989+0000] {processor.py:161} INFO - Started process (PID=69998) to work on /home/malangdataguy/miniconda3/envs/airflow_mdg/lib/python3.8/site-packages/airflow/example_dags/example_time_delta_sensor_async.py
[2024-04-06T23:51:18.992+0000] {processor.py:830} INFO - Processing file /home/malangdataguy/miniconda3/envs/airflow_mdg/lib/python3.8/site-packages/airflow/example_dags/example_time_delta_sensor_async.py for tasks to queue
[2024-04-06T23:51:18.993+0000] {logging_mixin.py:188} INFO - [2024-04-06T23:51:18.992+0000] {dagbag.py:540} INFO - Filling up the DagBag from /home/malangdataguy/miniconda3/envs/airflow_mdg/lib/python3.8/site-packages/airflow/example_dags/example_time_delta_sensor_async.py
[2024-04-06T23:51:19.001+0000] {processor.py:840} INFO - DAG(s) 'example_time_delta_sensor_async' retrieved from /home/malangdataguy/miniconda3/envs/airflow_mdg/lib/python3.8/site-packages/airflow/example_dags/example_time_delta_sensor_async.py
[2024-04-06T23:51:19.025+0000] {logging_mixin.py:188} INFO - [2024-04-06T23:51:19.024+0000] {dag.py:3047} INFO - Sync 1 DAGs
[2024-04-06T23:51:19.041+0000] {logging_mixin.py:188} INFO - [2024-04-06T23:51:19.040+0000] {dag.py:3834} INFO - Setting next_dagrun for example_time_delta_sensor_async to None, run_after=None
[2024-04-06T23:51:19.074+0000] {processor.py:183} INFO - Processing /home/malangdataguy/miniconda3/envs/airflow_mdg/lib/python3.8/site-packages/airflow/example_dags/example_time_delta_sensor_async.py took 0.090 seconds
[2024-04-06T23:52:02.434+0000] {processor.py:161} INFO - Started process (PID=70041) to work on /home/malangdataguy/miniconda3/envs/airflow_mdg/lib/python3.8/site-packages/airflow/example_dags/example_time_delta_sensor_async.py
[2024-04-06T23:52:02.436+0000] {processor.py:830} INFO - Processing file /home/malangdataguy/miniconda3/envs/airflow_mdg/lib/python3.8/site-packages/airflow/example_dags/example_time_delta_sensor_async.py for tasks to queue
[2024-04-06T23:52:02.438+0000] {logging_mixin.py:188} INFO - [2024-04-06T23:52:02.437+0000] {dagbag.py:540} INFO - Filling up the DagBag from /home/malangdataguy/miniconda3/envs/airflow_mdg/lib/python3.8/site-packages/airflow/example_dags/example_time_delta_sensor_async.py
[2024-04-06T23:52:02.447+0000] {processor.py:840} INFO - DAG(s) 'example_time_delta_sensor_async' retrieved from /home/malangdataguy/miniconda3/envs/airflow_mdg/lib/python3.8/site-packages/airflow/example_dags/example_time_delta_sensor_async.py
[2024-04-06T23:52:02.476+0000] {logging_mixin.py:188} INFO - [2024-04-06T23:52:02.476+0000] {dag.py:3047} INFO - Sync 1 DAGs
[2024-04-06T23:52:02.493+0000] {logging_mixin.py:188} INFO - [2024-04-06T23:52:02.492+0000] {dag.py:3834} INFO - Setting next_dagrun for example_time_delta_sensor_async to None, run_after=None
[2024-04-06T23:52:02.528+0000] {processor.py:183} INFO - Processing /home/malangdataguy/miniconda3/envs/airflow_mdg/lib/python3.8/site-packages/airflow/example_dags/example_time_delta_sensor_async.py took 0.100 seconds
[2024-04-06T23:52:46.418+0000] {processor.py:161} INFO - Started process (PID=70086) to work on /home/malangdataguy/miniconda3/envs/airflow_mdg/lib/python3.8/site-packages/airflow/example_dags/example_time_delta_sensor_async.py
[2024-04-06T23:52:46.420+0000] {processor.py:830} INFO - Processing file /home/malangdataguy/miniconda3/envs/airflow_mdg/lib/python3.8/site-packages/airflow/example_dags/example_time_delta_sensor_async.py for tasks to queue
[2024-04-06T23:52:46.422+0000] {logging_mixin.py:188} INFO - [2024-04-06T23:52:46.421+0000] {dagbag.py:540} INFO - Filling up the DagBag from /home/malangdataguy/miniconda3/envs/airflow_mdg/lib/python3.8/site-packages/airflow/example_dags/example_time_delta_sensor_async.py
[2024-04-06T23:52:46.429+0000] {processor.py:840} INFO - DAG(s) 'example_time_delta_sensor_async' retrieved from /home/malangdataguy/miniconda3/envs/airflow_mdg/lib/python3.8/site-packages/airflow/example_dags/example_time_delta_sensor_async.py
[2024-04-06T23:52:46.456+0000] {logging_mixin.py:188} INFO - [2024-04-06T23:52:46.456+0000] {dag.py:3047} INFO - Sync 1 DAGs
[2024-04-06T23:52:46.470+0000] {logging_mixin.py:188} INFO - [2024-04-06T23:52:46.470+0000] {dag.py:3834} INFO - Setting next_dagrun for example_time_delta_sensor_async to None, run_after=None
[2024-04-06T23:52:46.498+0000] {processor.py:183} INFO - Processing /home/malangdataguy/miniconda3/envs/airflow_mdg/lib/python3.8/site-packages/airflow/example_dags/example_time_delta_sensor_async.py took 0.085 seconds
[2024-04-06T23:53:31.808+0000] {processor.py:161} INFO - Started process (PID=70134) to work on /home/malangdataguy/miniconda3/envs/airflow_mdg/lib/python3.8/site-packages/airflow/example_dags/example_time_delta_sensor_async.py
[2024-04-06T23:53:31.811+0000] {processor.py:830} INFO - Processing file /home/malangdataguy/miniconda3/envs/airflow_mdg/lib/python3.8/site-packages/airflow/example_dags/example_time_delta_sensor_async.py for tasks to queue
[2024-04-06T23:53:31.813+0000] {logging_mixin.py:188} INFO - [2024-04-06T23:53:31.812+0000] {dagbag.py:540} INFO - Filling up the DagBag from /home/malangdataguy/miniconda3/envs/airflow_mdg/lib/python3.8/site-packages/airflow/example_dags/example_time_delta_sensor_async.py
[2024-04-06T23:53:31.823+0000] {processor.py:840} INFO - DAG(s) 'example_time_delta_sensor_async' retrieved from /home/malangdataguy/miniconda3/envs/airflow_mdg/lib/python3.8/site-packages/airflow/example_dags/example_time_delta_sensor_async.py
[2024-04-06T23:53:31.851+0000] {logging_mixin.py:188} INFO - [2024-04-06T23:53:31.851+0000] {dag.py:3047} INFO - Sync 1 DAGs
[2024-04-06T23:53:31.869+0000] {logging_mixin.py:188} INFO - [2024-04-06T23:53:31.869+0000] {dag.py:3834} INFO - Setting next_dagrun for example_time_delta_sensor_async to None, run_after=None
[2024-04-06T23:53:31.903+0000] {processor.py:183} INFO - Processing /home/malangdataguy/miniconda3/envs/airflow_mdg/lib/python3.8/site-packages/airflow/example_dags/example_time_delta_sensor_async.py took 0.100 seconds
[2024-04-06T23:54:15.119+0000] {processor.py:161} INFO - Started process (PID=70210) to work on /home/malangdataguy/miniconda3/envs/airflow_mdg/lib/python3.8/site-packages/airflow/example_dags/example_time_delta_sensor_async.py
[2024-04-06T23:54:15.122+0000] {processor.py:830} INFO - Processing file /home/malangdataguy/miniconda3/envs/airflow_mdg/lib/python3.8/site-packages/airflow/example_dags/example_time_delta_sensor_async.py for tasks to queue
[2024-04-06T23:54:15.123+0000] {logging_mixin.py:188} INFO - [2024-04-06T23:54:15.123+0000] {dagbag.py:540} INFO - Filling up the DagBag from /home/malangdataguy/miniconda3/envs/airflow_mdg/lib/python3.8/site-packages/airflow/example_dags/example_time_delta_sensor_async.py
[2024-04-06T23:54:15.130+0000] {processor.py:840} INFO - DAG(s) 'example_time_delta_sensor_async' retrieved from /home/malangdataguy/miniconda3/envs/airflow_mdg/lib/python3.8/site-packages/airflow/example_dags/example_time_delta_sensor_async.py
[2024-04-06T23:54:15.157+0000] {logging_mixin.py:188} INFO - [2024-04-06T23:54:15.156+0000] {dag.py:3047} INFO - Sync 1 DAGs
[2024-04-06T23:54:15.172+0000] {logging_mixin.py:188} INFO - [2024-04-06T23:54:15.172+0000] {dag.py:3834} INFO - Setting next_dagrun for example_time_delta_sensor_async to None, run_after=None
[2024-04-06T23:54:15.204+0000] {processor.py:183} INFO - Processing /home/malangdataguy/miniconda3/envs/airflow_mdg/lib/python3.8/site-packages/airflow/example_dags/example_time_delta_sensor_async.py took 0.089 seconds
[2024-04-06T23:54:56.743+0000] {processor.py:161} INFO - Started process (PID=70254) to work on /home/malangdataguy/miniconda3/envs/airflow_mdg/lib/python3.8/site-packages/airflow/example_dags/example_time_delta_sensor_async.py
[2024-04-06T23:54:56.745+0000] {processor.py:830} INFO - Processing file /home/malangdataguy/miniconda3/envs/airflow_mdg/lib/python3.8/site-packages/airflow/example_dags/example_time_delta_sensor_async.py for tasks to queue
[2024-04-06T23:54:56.747+0000] {logging_mixin.py:188} INFO - [2024-04-06T23:54:56.746+0000] {dagbag.py:540} INFO - Filling up the DagBag from /home/malangdataguy/miniconda3/envs/airflow_mdg/lib/python3.8/site-packages/airflow/example_dags/example_time_delta_sensor_async.py
[2024-04-06T23:54:56.756+0000] {processor.py:840} INFO - DAG(s) 'example_time_delta_sensor_async' retrieved from /home/malangdataguy/miniconda3/envs/airflow_mdg/lib/python3.8/site-packages/airflow/example_dags/example_time_delta_sensor_async.py
[2024-04-06T23:54:56.781+0000] {logging_mixin.py:188} INFO - [2024-04-06T23:54:56.781+0000] {dag.py:3047} INFO - Sync 1 DAGs
[2024-04-06T23:54:56.796+0000] {logging_mixin.py:188} INFO - [2024-04-06T23:54:56.796+0000] {dag.py:3834} INFO - Setting next_dagrun for example_time_delta_sensor_async to None, run_after=None
[2024-04-06T23:54:56.826+0000] {processor.py:183} INFO - Processing /home/malangdataguy/miniconda3/envs/airflow_mdg/lib/python3.8/site-packages/airflow/example_dags/example_time_delta_sensor_async.py took 0.090 seconds
[2024-04-06T23:55:38.286+0000] {processor.py:161} INFO - Started process (PID=70296) to work on /home/malangdataguy/miniconda3/envs/airflow_mdg/lib/python3.8/site-packages/airflow/example_dags/example_time_delta_sensor_async.py
[2024-04-06T23:55:38.289+0000] {processor.py:830} INFO - Processing file /home/malangdataguy/miniconda3/envs/airflow_mdg/lib/python3.8/site-packages/airflow/example_dags/example_time_delta_sensor_async.py for tasks to queue
[2024-04-06T23:55:38.291+0000] {logging_mixin.py:188} INFO - [2024-04-06T23:55:38.290+0000] {dagbag.py:540} INFO - Filling up the DagBag from /home/malangdataguy/miniconda3/envs/airflow_mdg/lib/python3.8/site-packages/airflow/example_dags/example_time_delta_sensor_async.py
[2024-04-06T23:55:38.300+0000] {processor.py:840} INFO - DAG(s) 'example_time_delta_sensor_async' retrieved from /home/malangdataguy/miniconda3/envs/airflow_mdg/lib/python3.8/site-packages/airflow/example_dags/example_time_delta_sensor_async.py
[2024-04-06T23:55:38.329+0000] {logging_mixin.py:188} INFO - [2024-04-06T23:55:38.329+0000] {dag.py:3047} INFO - Sync 1 DAGs
[2024-04-06T23:55:38.347+0000] {logging_mixin.py:188} INFO - [2024-04-06T23:55:38.346+0000] {dag.py:3834} INFO - Setting next_dagrun for example_time_delta_sensor_async to None, run_after=None
[2024-04-06T23:55:38.382+0000] {processor.py:183} INFO - Processing /home/malangdataguy/miniconda3/envs/airflow_mdg/lib/python3.8/site-packages/airflow/example_dags/example_time_delta_sensor_async.py took 0.101 seconds
