[2024-04-06T23:09:37.850+0000] {processor.py:161} INFO - Started process (PID=68389) to work on /home/malangdataguy/miniconda3/envs/airflow_mdg/lib/python3.8/site-packages/airflow/example_dags/example_latest_only_with_trigger.py
[2024-04-06T23:09:37.852+0000] {processor.py:830} INFO - Processing file /home/malangdataguy/miniconda3/envs/airflow_mdg/lib/python3.8/site-packages/airflow/example_dags/example_latest_only_with_trigger.py for tasks to queue
[2024-04-06T23:09:37.853+0000] {logging_mixin.py:188} INFO - [2024-04-06T23:09:37.853+0000] {dagbag.py:540} INFO - Filling up the DagBag from /home/malangdataguy/miniconda3/envs/airflow_mdg/lib/python3.8/site-packages/airflow/example_dags/example_latest_only_with_trigger.py
[2024-04-06T23:09:37.864+0000] {processor.py:840} INFO - DAG(s) 'latest_only_with_trigger' retrieved from /home/malangdataguy/miniconda3/envs/airflow_mdg/lib/python3.8/site-packages/airflow/example_dags/example_latest_only_with_trigger.py
[2024-04-06T23:09:37.989+0000] {logging_mixin.py:188} INFO - [2024-04-06T23:09:37.989+0000] {dag.py:3047} INFO - Sync 1 DAGs
[2024-04-06T23:09:38.015+0000] {logging_mixin.py:188} INFO - [2024-04-06T23:09:38.014+0000] {dag.py:3834} INFO - Setting next_dagrun for latest_only_with_trigger to 2024-04-06 16:00:00+00:00, run_after=2024-04-06 20:00:00+00:00
[2024-04-06T23:09:38.047+0000] {processor.py:183} INFO - Processing /home/malangdataguy/miniconda3/envs/airflow_mdg/lib/python3.8/site-packages/airflow/example_dags/example_latest_only_with_trigger.py took 0.202 seconds
[2024-04-06T23:10:32.456+0000] {processor.py:161} INFO - Started process (PID=68439) to work on /home/malangdataguy/miniconda3/envs/airflow_mdg/lib/python3.8/site-packages/airflow/example_dags/example_latest_only_with_trigger.py
[2024-04-06T23:10:32.459+0000] {processor.py:830} INFO - Processing file /home/malangdataguy/miniconda3/envs/airflow_mdg/lib/python3.8/site-packages/airflow/example_dags/example_latest_only_with_trigger.py for tasks to queue
[2024-04-06T23:10:32.461+0000] {logging_mixin.py:188} INFO - [2024-04-06T23:10:32.460+0000] {dagbag.py:540} INFO - Filling up the DagBag from /home/malangdataguy/miniconda3/envs/airflow_mdg/lib/python3.8/site-packages/airflow/example_dags/example_latest_only_with_trigger.py
[2024-04-06T23:10:32.473+0000] {processor.py:840} INFO - DAG(s) 'latest_only_with_trigger' retrieved from /home/malangdataguy/miniconda3/envs/airflow_mdg/lib/python3.8/site-packages/airflow/example_dags/example_latest_only_with_trigger.py
[2024-04-06T23:10:32.499+0000] {logging_mixin.py:188} INFO - [2024-04-06T23:10:32.499+0000] {dag.py:3047} INFO - Sync 1 DAGs
[2024-04-06T23:10:32.527+0000] {logging_mixin.py:188} INFO - [2024-04-06T23:10:32.526+0000] {dag.py:3834} INFO - Setting next_dagrun for latest_only_with_trigger to 2024-04-06 16:00:00+00:00, run_after=2024-04-06 20:00:00+00:00
[2024-04-06T23:10:32.561+0000] {processor.py:183} INFO - Processing /home/malangdataguy/miniconda3/envs/airflow_mdg/lib/python3.8/site-packages/airflow/example_dags/example_latest_only_with_trigger.py took 0.110 seconds
[2024-04-06T23:11:20.968+0000] {processor.py:161} INFO - Started process (PID=68499) to work on /home/malangdataguy/miniconda3/envs/airflow_mdg/lib/python3.8/site-packages/airflow/example_dags/example_latest_only_with_trigger.py
[2024-04-06T23:11:20.971+0000] {processor.py:830} INFO - Processing file /home/malangdataguy/miniconda3/envs/airflow_mdg/lib/python3.8/site-packages/airflow/example_dags/example_latest_only_with_trigger.py for tasks to queue
[2024-04-06T23:11:20.972+0000] {logging_mixin.py:188} INFO - [2024-04-06T23:11:20.972+0000] {dagbag.py:540} INFO - Filling up the DagBag from /home/malangdataguy/miniconda3/envs/airflow_mdg/lib/python3.8/site-packages/airflow/example_dags/example_latest_only_with_trigger.py
[2024-04-06T23:11:20.984+0000] {processor.py:840} INFO - DAG(s) 'latest_only_with_trigger' retrieved from /home/malangdataguy/miniconda3/envs/airflow_mdg/lib/python3.8/site-packages/airflow/example_dags/example_latest_only_with_trigger.py
[2024-04-06T23:11:21.014+0000] {logging_mixin.py:188} INFO - [2024-04-06T23:11:21.014+0000] {dag.py:3047} INFO - Sync 1 DAGs
[2024-04-06T23:11:21.043+0000] {logging_mixin.py:188} INFO - [2024-04-06T23:11:21.043+0000] {dag.py:3834} INFO - Setting next_dagrun for latest_only_with_trigger to 2024-04-06 16:00:00+00:00, run_after=2024-04-06 20:00:00+00:00
[2024-04-06T23:11:21.079+0000] {processor.py:183} INFO - Processing /home/malangdataguy/miniconda3/envs/airflow_mdg/lib/python3.8/site-packages/airflow/example_dags/example_latest_only_with_trigger.py took 0.117 seconds
[2024-04-06T23:12:23.064+0000] {processor.py:161} INFO - Started process (PID=68561) to work on /home/malangdataguy/miniconda3/envs/airflow_mdg/lib/python3.8/site-packages/airflow/example_dags/example_latest_only_with_trigger.py
[2024-04-06T23:12:23.067+0000] {processor.py:830} INFO - Processing file /home/malangdataguy/miniconda3/envs/airflow_mdg/lib/python3.8/site-packages/airflow/example_dags/example_latest_only_with_trigger.py for tasks to queue
[2024-04-06T23:12:23.069+0000] {logging_mixin.py:188} INFO - [2024-04-06T23:12:23.068+0000] {dagbag.py:540} INFO - Filling up the DagBag from /home/malangdataguy/miniconda3/envs/airflow_mdg/lib/python3.8/site-packages/airflow/example_dags/example_latest_only_with_trigger.py
[2024-04-06T23:12:23.080+0000] {processor.py:840} INFO - DAG(s) 'latest_only_with_trigger' retrieved from /home/malangdataguy/miniconda3/envs/airflow_mdg/lib/python3.8/site-packages/airflow/example_dags/example_latest_only_with_trigger.py
[2024-04-06T23:12:23.112+0000] {logging_mixin.py:188} INFO - [2024-04-06T23:12:23.111+0000] {dag.py:3047} INFO - Sync 1 DAGs
[2024-04-06T23:12:23.144+0000] {logging_mixin.py:188} INFO - [2024-04-06T23:12:23.144+0000] {dag.py:3834} INFO - Setting next_dagrun for latest_only_with_trigger to 2024-04-06 16:00:00+00:00, run_after=2024-04-06 20:00:00+00:00
[2024-04-06T23:12:23.179+0000] {processor.py:183} INFO - Processing /home/malangdataguy/miniconda3/envs/airflow_mdg/lib/python3.8/site-packages/airflow/example_dags/example_latest_only_with_trigger.py took 0.120 seconds
[2024-04-06T23:13:23.779+0000] {processor.py:161} INFO - Started process (PID=68622) to work on /home/malangdataguy/miniconda3/envs/airflow_mdg/lib/python3.8/site-packages/airflow/example_dags/example_latest_only_with_trigger.py
[2024-04-06T23:13:23.782+0000] {processor.py:830} INFO - Processing file /home/malangdataguy/miniconda3/envs/airflow_mdg/lib/python3.8/site-packages/airflow/example_dags/example_latest_only_with_trigger.py for tasks to queue
[2024-04-06T23:13:23.784+0000] {logging_mixin.py:188} INFO - [2024-04-06T23:13:23.783+0000] {dagbag.py:540} INFO - Filling up the DagBag from /home/malangdataguy/miniconda3/envs/airflow_mdg/lib/python3.8/site-packages/airflow/example_dags/example_latest_only_with_trigger.py
[2024-04-06T23:13:23.795+0000] {processor.py:840} INFO - DAG(s) 'latest_only_with_trigger' retrieved from /home/malangdataguy/miniconda3/envs/airflow_mdg/lib/python3.8/site-packages/airflow/example_dags/example_latest_only_with_trigger.py
[2024-04-06T23:13:23.821+0000] {logging_mixin.py:188} INFO - [2024-04-06T23:13:23.820+0000] {dag.py:3047} INFO - Sync 1 DAGs
[2024-04-06T23:13:23.849+0000] {logging_mixin.py:188} INFO - [2024-04-06T23:13:23.849+0000] {dag.py:3834} INFO - Setting next_dagrun for latest_only_with_trigger to 2024-04-06 16:00:00+00:00, run_after=2024-04-06 20:00:00+00:00
[2024-04-06T23:13:23.884+0000] {processor.py:183} INFO - Processing /home/malangdataguy/miniconda3/envs/airflow_mdg/lib/python3.8/site-packages/airflow/example_dags/example_latest_only_with_trigger.py took 0.110 seconds
[2024-04-06T23:14:26.537+0000] {processor.py:161} INFO - Started process (PID=68687) to work on /home/malangdataguy/miniconda3/envs/airflow_mdg/lib/python3.8/site-packages/airflow/example_dags/example_latest_only_with_trigger.py
[2024-04-06T23:14:26.540+0000] {processor.py:830} INFO - Processing file /home/malangdataguy/miniconda3/envs/airflow_mdg/lib/python3.8/site-packages/airflow/example_dags/example_latest_only_with_trigger.py for tasks to queue
[2024-04-06T23:14:26.541+0000] {logging_mixin.py:188} INFO - [2024-04-06T23:14:26.541+0000] {dagbag.py:540} INFO - Filling up the DagBag from /home/malangdataguy/miniconda3/envs/airflow_mdg/lib/python3.8/site-packages/airflow/example_dags/example_latest_only_with_trigger.py
[2024-04-06T23:14:26.551+0000] {processor.py:840} INFO - DAG(s) 'latest_only_with_trigger' retrieved from /home/malangdataguy/miniconda3/envs/airflow_mdg/lib/python3.8/site-packages/airflow/example_dags/example_latest_only_with_trigger.py
[2024-04-06T23:14:26.574+0000] {logging_mixin.py:188} INFO - [2024-04-06T23:14:26.574+0000] {dag.py:3047} INFO - Sync 1 DAGs
[2024-04-06T23:14:26.598+0000] {logging_mixin.py:188} INFO - [2024-04-06T23:14:26.597+0000] {dag.py:3834} INFO - Setting next_dagrun for latest_only_with_trigger to 2024-04-06 16:00:00+00:00, run_after=2024-04-06 20:00:00+00:00
[2024-04-06T23:14:26.624+0000] {processor.py:183} INFO - Processing /home/malangdataguy/miniconda3/envs/airflow_mdg/lib/python3.8/site-packages/airflow/example_dags/example_latest_only_with_trigger.py took 0.091 seconds
[2024-04-06T23:15:26.762+0000] {processor.py:161} INFO - Started process (PID=68748) to work on /home/malangdataguy/miniconda3/envs/airflow_mdg/lib/python3.8/site-packages/airflow/example_dags/example_latest_only_with_trigger.py
[2024-04-06T23:15:26.765+0000] {processor.py:830} INFO - Processing file /home/malangdataguy/miniconda3/envs/airflow_mdg/lib/python3.8/site-packages/airflow/example_dags/example_latest_only_with_trigger.py for tasks to queue
[2024-04-06T23:15:26.767+0000] {logging_mixin.py:188} INFO - [2024-04-06T23:15:26.766+0000] {dagbag.py:540} INFO - Filling up the DagBag from /home/malangdataguy/miniconda3/envs/airflow_mdg/lib/python3.8/site-packages/airflow/example_dags/example_latest_only_with_trigger.py
[2024-04-06T23:15:26.778+0000] {processor.py:840} INFO - DAG(s) 'latest_only_with_trigger' retrieved from /home/malangdataguy/miniconda3/envs/airflow_mdg/lib/python3.8/site-packages/airflow/example_dags/example_latest_only_with_trigger.py
[2024-04-06T23:15:26.804+0000] {logging_mixin.py:188} INFO - [2024-04-06T23:15:26.804+0000] {dag.py:3047} INFO - Sync 1 DAGs
[2024-04-06T23:15:26.832+0000] {logging_mixin.py:188} INFO - [2024-04-06T23:15:26.832+0000] {dag.py:3834} INFO - Setting next_dagrun for latest_only_with_trigger to 2024-04-06 16:00:00+00:00, run_after=2024-04-06 20:00:00+00:00
[2024-04-06T23:15:26.866+0000] {processor.py:183} INFO - Processing /home/malangdataguy/miniconda3/envs/airflow_mdg/lib/python3.8/site-packages/airflow/example_dags/example_latest_only_with_trigger.py took 0.109 seconds
[2024-04-06T23:16:24.523+0000] {processor.py:161} INFO - Started process (PID=68810) to work on /home/malangdataguy/miniconda3/envs/airflow_mdg/lib/python3.8/site-packages/airflow/example_dags/example_latest_only_with_trigger.py
[2024-04-06T23:16:24.526+0000] {processor.py:830} INFO - Processing file /home/malangdataguy/miniconda3/envs/airflow_mdg/lib/python3.8/site-packages/airflow/example_dags/example_latest_only_with_trigger.py for tasks to queue
[2024-04-06T23:16:24.528+0000] {logging_mixin.py:188} INFO - [2024-04-06T23:16:24.527+0000] {dagbag.py:540} INFO - Filling up the DagBag from /home/malangdataguy/miniconda3/envs/airflow_mdg/lib/python3.8/site-packages/airflow/example_dags/example_latest_only_with_trigger.py
[2024-04-06T23:16:24.539+0000] {processor.py:840} INFO - DAG(s) 'latest_only_with_trigger' retrieved from /home/malangdataguy/miniconda3/envs/airflow_mdg/lib/python3.8/site-packages/airflow/example_dags/example_latest_only_with_trigger.py
[2024-04-06T23:16:24.571+0000] {logging_mixin.py:188} INFO - [2024-04-06T23:16:24.570+0000] {dag.py:3047} INFO - Sync 1 DAGs
[2024-04-06T23:16:24.604+0000] {logging_mixin.py:188} INFO - [2024-04-06T23:16:24.604+0000] {dag.py:3834} INFO - Setting next_dagrun for latest_only_with_trigger to 2024-04-06 16:00:00+00:00, run_after=2024-04-06 20:00:00+00:00
[2024-04-06T23:16:24.641+0000] {processor.py:183} INFO - Processing /home/malangdataguy/miniconda3/envs/airflow_mdg/lib/python3.8/site-packages/airflow/example_dags/example_latest_only_with_trigger.py took 0.124 seconds
[2024-04-06T23:17:23.610+0000] {processor.py:161} INFO - Started process (PID=68878) to work on /home/malangdataguy/miniconda3/envs/airflow_mdg/lib/python3.8/site-packages/airflow/example_dags/example_latest_only_with_trigger.py
[2024-04-06T23:17:23.612+0000] {processor.py:830} INFO - Processing file /home/malangdataguy/miniconda3/envs/airflow_mdg/lib/python3.8/site-packages/airflow/example_dags/example_latest_only_with_trigger.py for tasks to queue
[2024-04-06T23:17:23.614+0000] {logging_mixin.py:188} INFO - [2024-04-06T23:17:23.613+0000] {dagbag.py:540} INFO - Filling up the DagBag from /home/malangdataguy/miniconda3/envs/airflow_mdg/lib/python3.8/site-packages/airflow/example_dags/example_latest_only_with_trigger.py
[2024-04-06T23:17:23.625+0000] {processor.py:840} INFO - DAG(s) 'latest_only_with_trigger' retrieved from /home/malangdataguy/miniconda3/envs/airflow_mdg/lib/python3.8/site-packages/airflow/example_dags/example_latest_only_with_trigger.py
[2024-04-06T23:17:23.652+0000] {logging_mixin.py:188} INFO - [2024-04-06T23:17:23.651+0000] {dag.py:3047} INFO - Sync 1 DAGs
[2024-04-06T23:17:23.679+0000] {logging_mixin.py:188} INFO - [2024-04-06T23:17:23.679+0000] {dag.py:3834} INFO - Setting next_dagrun for latest_only_with_trigger to 2024-04-06 16:00:00+00:00, run_after=2024-04-06 20:00:00+00:00
[2024-04-06T23:17:23.711+0000] {processor.py:183} INFO - Processing /home/malangdataguy/miniconda3/envs/airflow_mdg/lib/python3.8/site-packages/airflow/example_dags/example_latest_only_with_trigger.py took 0.107 seconds
[2024-04-06T23:18:27.767+0000] {processor.py:161} INFO - Started process (PID=68943) to work on /home/malangdataguy/miniconda3/envs/airflow_mdg/lib/python3.8/site-packages/airflow/example_dags/example_latest_only_with_trigger.py
[2024-04-06T23:18:27.770+0000] {processor.py:830} INFO - Processing file /home/malangdataguy/miniconda3/envs/airflow_mdg/lib/python3.8/site-packages/airflow/example_dags/example_latest_only_with_trigger.py for tasks to queue
[2024-04-06T23:18:27.772+0000] {logging_mixin.py:188} INFO - [2024-04-06T23:18:27.771+0000] {dagbag.py:540} INFO - Filling up the DagBag from /home/malangdataguy/miniconda3/envs/airflow_mdg/lib/python3.8/site-packages/airflow/example_dags/example_latest_only_with_trigger.py
[2024-04-06T23:18:27.781+0000] {processor.py:840} INFO - DAG(s) 'latest_only_with_trigger' retrieved from /home/malangdataguy/miniconda3/envs/airflow_mdg/lib/python3.8/site-packages/airflow/example_dags/example_latest_only_with_trigger.py
[2024-04-06T23:18:27.806+0000] {logging_mixin.py:188} INFO - [2024-04-06T23:18:27.805+0000] {dag.py:3047} INFO - Sync 1 DAGs
[2024-04-06T23:18:27.831+0000] {logging_mixin.py:188} INFO - [2024-04-06T23:18:27.831+0000] {dag.py:3834} INFO - Setting next_dagrun for latest_only_with_trigger to 2024-04-06 16:00:00+00:00, run_after=2024-04-06 20:00:00+00:00
[2024-04-06T23:18:27.868+0000] {processor.py:183} INFO - Processing /home/malangdataguy/miniconda3/envs/airflow_mdg/lib/python3.8/site-packages/airflow/example_dags/example_latest_only_with_trigger.py took 0.106 seconds
[2024-04-06T23:19:28.473+0000] {processor.py:161} INFO - Started process (PID=69004) to work on /home/malangdataguy/miniconda3/envs/airflow_mdg/lib/python3.8/site-packages/airflow/example_dags/example_latest_only_with_trigger.py
[2024-04-06T23:19:28.477+0000] {processor.py:830} INFO - Processing file /home/malangdataguy/miniconda3/envs/airflow_mdg/lib/python3.8/site-packages/airflow/example_dags/example_latest_only_with_trigger.py for tasks to queue
[2024-04-06T23:19:28.479+0000] {logging_mixin.py:188} INFO - [2024-04-06T23:19:28.478+0000] {dagbag.py:540} INFO - Filling up the DagBag from /home/malangdataguy/miniconda3/envs/airflow_mdg/lib/python3.8/site-packages/airflow/example_dags/example_latest_only_with_trigger.py
[2024-04-06T23:19:28.501+0000] {processor.py:840} INFO - DAG(s) 'latest_only_with_trigger' retrieved from /home/malangdataguy/miniconda3/envs/airflow_mdg/lib/python3.8/site-packages/airflow/example_dags/example_latest_only_with_trigger.py
[2024-04-06T23:19:28.548+0000] {logging_mixin.py:188} INFO - [2024-04-06T23:19:28.547+0000] {dag.py:3047} INFO - Sync 1 DAGs
[2024-04-06T23:19:28.602+0000] {logging_mixin.py:188} INFO - [2024-04-06T23:19:28.601+0000] {dag.py:3834} INFO - Setting next_dagrun for latest_only_with_trigger to 2024-04-06 16:00:00+00:00, run_after=2024-04-06 20:00:00+00:00
[2024-04-06T23:19:28.657+0000] {processor.py:183} INFO - Processing /home/malangdataguy/miniconda3/envs/airflow_mdg/lib/python3.8/site-packages/airflow/example_dags/example_latest_only_with_trigger.py took 0.193 seconds
[2024-04-06T23:20:15.948+0000] {processor.py:161} INFO - Started process (PID=69049) to work on /home/malangdataguy/miniconda3/envs/airflow_mdg/lib/python3.8/site-packages/airflow/example_dags/example_latest_only_with_trigger.py
[2024-04-06T23:20:15.951+0000] {processor.py:830} INFO - Processing file /home/malangdataguy/miniconda3/envs/airflow_mdg/lib/python3.8/site-packages/airflow/example_dags/example_latest_only_with_trigger.py for tasks to queue
[2024-04-06T23:20:15.953+0000] {logging_mixin.py:188} INFO - [2024-04-06T23:20:15.952+0000] {dagbag.py:540} INFO - Filling up the DagBag from /home/malangdataguy/miniconda3/envs/airflow_mdg/lib/python3.8/site-packages/airflow/example_dags/example_latest_only_with_trigger.py
[2024-04-06T23:20:15.962+0000] {processor.py:840} INFO - DAG(s) 'latest_only_with_trigger' retrieved from /home/malangdataguy/miniconda3/envs/airflow_mdg/lib/python3.8/site-packages/airflow/example_dags/example_latest_only_with_trigger.py
[2024-04-06T23:20:15.987+0000] {logging_mixin.py:188} INFO - [2024-04-06T23:20:15.986+0000] {dag.py:3047} INFO - Sync 1 DAGs
[2024-04-06T23:20:16.011+0000] {logging_mixin.py:188} INFO - [2024-04-06T23:20:16.011+0000] {dag.py:3834} INFO - Setting next_dagrun for latest_only_with_trigger to 2024-04-06 16:00:00+00:00, run_after=2024-04-06 20:00:00+00:00
[2024-04-06T23:20:16.042+0000] {processor.py:183} INFO - Processing /home/malangdataguy/miniconda3/envs/airflow_mdg/lib/python3.8/site-packages/airflow/example_dags/example_latest_only_with_trigger.py took 0.098 seconds
[2024-04-06T23:21:18.744+0000] {processor.py:161} INFO - Started process (PID=69115) to work on /home/malangdataguy/miniconda3/envs/airflow_mdg/lib/python3.8/site-packages/airflow/example_dags/example_latest_only_with_trigger.py
[2024-04-06T23:21:18.747+0000] {processor.py:830} INFO - Processing file /home/malangdataguy/miniconda3/envs/airflow_mdg/lib/python3.8/site-packages/airflow/example_dags/example_latest_only_with_trigger.py for tasks to queue
[2024-04-06T23:21:18.748+0000] {logging_mixin.py:188} INFO - [2024-04-06T23:21:18.747+0000] {dagbag.py:540} INFO - Filling up the DagBag from /home/malangdataguy/miniconda3/envs/airflow_mdg/lib/python3.8/site-packages/airflow/example_dags/example_latest_only_with_trigger.py
[2024-04-06T23:21:18.757+0000] {processor.py:840} INFO - DAG(s) 'latest_only_with_trigger' retrieved from /home/malangdataguy/miniconda3/envs/airflow_mdg/lib/python3.8/site-packages/airflow/example_dags/example_latest_only_with_trigger.py
[2024-04-06T23:21:18.782+0000] {logging_mixin.py:188} INFO - [2024-04-06T23:21:18.781+0000] {dag.py:3047} INFO - Sync 1 DAGs
[2024-04-06T23:21:18.806+0000] {logging_mixin.py:188} INFO - [2024-04-06T23:21:18.806+0000] {dag.py:3834} INFO - Setting next_dagrun for latest_only_with_trigger to 2024-04-06 16:00:00+00:00, run_after=2024-04-06 20:00:00+00:00
[2024-04-06T23:21:18.834+0000] {processor.py:183} INFO - Processing /home/malangdataguy/miniconda3/envs/airflow_mdg/lib/python3.8/site-packages/airflow/example_dags/example_latest_only_with_trigger.py took 0.094 seconds
[2024-04-06T23:22:22.508+0000] {processor.py:161} INFO - Started process (PID=69176) to work on /home/malangdataguy/miniconda3/envs/airflow_mdg/lib/python3.8/site-packages/airflow/example_dags/example_latest_only_with_trigger.py
[2024-04-06T23:22:22.511+0000] {processor.py:830} INFO - Processing file /home/malangdataguy/miniconda3/envs/airflow_mdg/lib/python3.8/site-packages/airflow/example_dags/example_latest_only_with_trigger.py for tasks to queue
[2024-04-06T23:22:22.513+0000] {logging_mixin.py:188} INFO - [2024-04-06T23:22:22.512+0000] {dagbag.py:540} INFO - Filling up the DagBag from /home/malangdataguy/miniconda3/envs/airflow_mdg/lib/python3.8/site-packages/airflow/example_dags/example_latest_only_with_trigger.py
[2024-04-06T23:22:22.522+0000] {processor.py:840} INFO - DAG(s) 'latest_only_with_trigger' retrieved from /home/malangdataguy/miniconda3/envs/airflow_mdg/lib/python3.8/site-packages/airflow/example_dags/example_latest_only_with_trigger.py
[2024-04-06T23:22:22.548+0000] {logging_mixin.py:188} INFO - [2024-04-06T23:22:22.548+0000] {dag.py:3047} INFO - Sync 1 DAGs
[2024-04-06T23:22:22.574+0000] {logging_mixin.py:188} INFO - [2024-04-06T23:22:22.574+0000] {dag.py:3834} INFO - Setting next_dagrun for latest_only_with_trigger to 2024-04-06 16:00:00+00:00, run_after=2024-04-06 20:00:00+00:00
[2024-04-06T23:22:22.603+0000] {processor.py:183} INFO - Processing /home/malangdataguy/miniconda3/envs/airflow_mdg/lib/python3.8/site-packages/airflow/example_dags/example_latest_only_with_trigger.py took 0.100 seconds
[2024-04-06T23:40:45.590+0000] {processor.py:161} INFO - Started process (PID=69302) to work on /home/malangdataguy/miniconda3/envs/airflow_mdg/lib/python3.8/site-packages/airflow/example_dags/example_latest_only_with_trigger.py
[2024-04-06T23:40:45.593+0000] {processor.py:830} INFO - Processing file /home/malangdataguy/miniconda3/envs/airflow_mdg/lib/python3.8/site-packages/airflow/example_dags/example_latest_only_with_trigger.py for tasks to queue
[2024-04-06T23:40:45.595+0000] {logging_mixin.py:188} INFO - [2024-04-06T23:40:45.594+0000] {dagbag.py:540} INFO - Filling up the DagBag from /home/malangdataguy/miniconda3/envs/airflow_mdg/lib/python3.8/site-packages/airflow/example_dags/example_latest_only_with_trigger.py
[2024-04-06T23:40:45.606+0000] {processor.py:840} INFO - DAG(s) 'latest_only_with_trigger' retrieved from /home/malangdataguy/miniconda3/envs/airflow_mdg/lib/python3.8/site-packages/airflow/example_dags/example_latest_only_with_trigger.py
[2024-04-06T23:40:45.633+0000] {logging_mixin.py:188} INFO - [2024-04-06T23:40:45.633+0000] {dag.py:3047} INFO - Sync 1 DAGs
[2024-04-06T23:40:45.662+0000] {logging_mixin.py:188} INFO - [2024-04-06T23:40:45.661+0000] {dag.py:3834} INFO - Setting next_dagrun for latest_only_with_trigger to 2024-04-06 16:00:00+00:00, run_after=2024-04-06 20:00:00+00:00
[2024-04-06T23:40:45.698+0000] {processor.py:183} INFO - Processing /home/malangdataguy/miniconda3/envs/airflow_mdg/lib/python3.8/site-packages/airflow/example_dags/example_latest_only_with_trigger.py took 0.113 seconds
[2024-04-06T23:41:36.824+0000] {processor.py:161} INFO - Started process (PID=69352) to work on /home/malangdataguy/miniconda3/envs/airflow_mdg/lib/python3.8/site-packages/airflow/example_dags/example_latest_only_with_trigger.py
[2024-04-06T23:41:36.827+0000] {processor.py:830} INFO - Processing file /home/malangdataguy/miniconda3/envs/airflow_mdg/lib/python3.8/site-packages/airflow/example_dags/example_latest_only_with_trigger.py for tasks to queue
[2024-04-06T23:41:36.829+0000] {logging_mixin.py:188} INFO - [2024-04-06T23:41:36.828+0000] {dagbag.py:540} INFO - Filling up the DagBag from /home/malangdataguy/miniconda3/envs/airflow_mdg/lib/python3.8/site-packages/airflow/example_dags/example_latest_only_with_trigger.py
[2024-04-06T23:41:36.840+0000] {processor.py:840} INFO - DAG(s) 'latest_only_with_trigger' retrieved from /home/malangdataguy/miniconda3/envs/airflow_mdg/lib/python3.8/site-packages/airflow/example_dags/example_latest_only_with_trigger.py
[2024-04-06T23:41:36.867+0000] {logging_mixin.py:188} INFO - [2024-04-06T23:41:36.867+0000] {dag.py:3047} INFO - Sync 1 DAGs
[2024-04-06T23:41:36.898+0000] {logging_mixin.py:188} INFO - [2024-04-06T23:41:36.897+0000] {dag.py:3834} INFO - Setting next_dagrun for latest_only_with_trigger to 2024-04-06 16:00:00+00:00, run_after=2024-04-06 20:00:00+00:00
[2024-04-06T23:41:36.927+0000] {processor.py:183} INFO - Processing /home/malangdataguy/miniconda3/envs/airflow_mdg/lib/python3.8/site-packages/airflow/example_dags/example_latest_only_with_trigger.py took 0.108 seconds
[2024-04-06T23:42:28.571+0000] {processor.py:161} INFO - Started process (PID=69402) to work on /home/malangdataguy/miniconda3/envs/airflow_mdg/lib/python3.8/site-packages/airflow/example_dags/example_latest_only_with_trigger.py
[2024-04-06T23:42:28.574+0000] {processor.py:830} INFO - Processing file /home/malangdataguy/miniconda3/envs/airflow_mdg/lib/python3.8/site-packages/airflow/example_dags/example_latest_only_with_trigger.py for tasks to queue
[2024-04-06T23:42:28.576+0000] {logging_mixin.py:188} INFO - [2024-04-06T23:42:28.575+0000] {dagbag.py:540} INFO - Filling up the DagBag from /home/malangdataguy/miniconda3/envs/airflow_mdg/lib/python3.8/site-packages/airflow/example_dags/example_latest_only_with_trigger.py
[2024-04-06T23:42:28.587+0000] {processor.py:840} INFO - DAG(s) 'latest_only_with_trigger' retrieved from /home/malangdataguy/miniconda3/envs/airflow_mdg/lib/python3.8/site-packages/airflow/example_dags/example_latest_only_with_trigger.py
[2024-04-06T23:42:28.616+0000] {logging_mixin.py:188} INFO - [2024-04-06T23:42:28.615+0000] {dag.py:3047} INFO - Sync 1 DAGs
[2024-04-06T23:42:28.645+0000] {logging_mixin.py:188} INFO - [2024-04-06T23:42:28.645+0000] {dag.py:3834} INFO - Setting next_dagrun for latest_only_with_trigger to 2024-04-06 16:00:00+00:00, run_after=2024-04-06 20:00:00+00:00
[2024-04-06T23:42:28.678+0000] {processor.py:183} INFO - Processing /home/malangdataguy/miniconda3/envs/airflow_mdg/lib/python3.8/site-packages/airflow/example_dags/example_latest_only_with_trigger.py took 0.113 seconds
[2024-04-06T23:43:34.179+0000] {processor.py:161} INFO - Started process (PID=69468) to work on /home/malangdataguy/miniconda3/envs/airflow_mdg/lib/python3.8/site-packages/airflow/example_dags/example_latest_only_with_trigger.py
[2024-04-06T23:43:34.182+0000] {processor.py:830} INFO - Processing file /home/malangdataguy/miniconda3/envs/airflow_mdg/lib/python3.8/site-packages/airflow/example_dags/example_latest_only_with_trigger.py for tasks to queue
[2024-04-06T23:43:34.183+0000] {logging_mixin.py:188} INFO - [2024-04-06T23:43:34.183+0000] {dagbag.py:540} INFO - Filling up the DagBag from /home/malangdataguy/miniconda3/envs/airflow_mdg/lib/python3.8/site-packages/airflow/example_dags/example_latest_only_with_trigger.py
[2024-04-06T23:43:34.192+0000] {processor.py:840} INFO - DAG(s) 'latest_only_with_trigger' retrieved from /home/malangdataguy/miniconda3/envs/airflow_mdg/lib/python3.8/site-packages/airflow/example_dags/example_latest_only_with_trigger.py
[2024-04-06T23:43:34.215+0000] {logging_mixin.py:188} INFO - [2024-04-06T23:43:34.215+0000] {dag.py:3047} INFO - Sync 1 DAGs
[2024-04-06T23:43:34.239+0000] {logging_mixin.py:188} INFO - [2024-04-06T23:43:34.239+0000] {dag.py:3834} INFO - Setting next_dagrun for latest_only_with_trigger to 2024-04-06 16:00:00+00:00, run_after=2024-04-06 20:00:00+00:00
[2024-04-06T23:43:34.267+0000] {processor.py:183} INFO - Processing /home/malangdataguy/miniconda3/envs/airflow_mdg/lib/python3.8/site-packages/airflow/example_dags/example_latest_only_with_trigger.py took 0.092 seconds
[2024-04-06T23:44:40.375+0000] {processor.py:161} INFO - Started process (PID=69550) to work on /home/malangdataguy/miniconda3/envs/airflow_mdg/lib/python3.8/site-packages/airflow/example_dags/example_latest_only_with_trigger.py
[2024-04-06T23:44:40.377+0000] {processor.py:830} INFO - Processing file /home/malangdataguy/miniconda3/envs/airflow_mdg/lib/python3.8/site-packages/airflow/example_dags/example_latest_only_with_trigger.py for tasks to queue
[2024-04-06T23:44:40.379+0000] {logging_mixin.py:188} INFO - [2024-04-06T23:44:40.378+0000] {dagbag.py:540} INFO - Filling up the DagBag from /home/malangdataguy/miniconda3/envs/airflow_mdg/lib/python3.8/site-packages/airflow/example_dags/example_latest_only_with_trigger.py
[2024-04-06T23:44:40.388+0000] {processor.py:840} INFO - DAG(s) 'latest_only_with_trigger' retrieved from /home/malangdataguy/miniconda3/envs/airflow_mdg/lib/python3.8/site-packages/airflow/example_dags/example_latest_only_with_trigger.py
[2024-04-06T23:44:40.412+0000] {logging_mixin.py:188} INFO - [2024-04-06T23:44:40.412+0000] {dag.py:3047} INFO - Sync 1 DAGs
[2024-04-06T23:44:40.437+0000] {logging_mixin.py:188} INFO - [2024-04-06T23:44:40.436+0000] {dag.py:3834} INFO - Setting next_dagrun for latest_only_with_trigger to 2024-04-06 16:00:00+00:00, run_after=2024-04-06 20:00:00+00:00
[2024-04-06T23:44:40.464+0000] {processor.py:183} INFO - Processing /home/malangdataguy/miniconda3/envs/airflow_mdg/lib/python3.8/site-packages/airflow/example_dags/example_latest_only_with_trigger.py took 0.094 seconds
[2024-04-06T23:45:43.738+0000] {processor.py:161} INFO - Started process (PID=69618) to work on /home/malangdataguy/miniconda3/envs/airflow_mdg/lib/python3.8/site-packages/airflow/example_dags/example_latest_only_with_trigger.py
[2024-04-06T23:45:43.741+0000] {processor.py:830} INFO - Processing file /home/malangdataguy/miniconda3/envs/airflow_mdg/lib/python3.8/site-packages/airflow/example_dags/example_latest_only_with_trigger.py for tasks to queue
[2024-04-06T23:45:43.742+0000] {logging_mixin.py:188} INFO - [2024-04-06T23:45:43.741+0000] {dagbag.py:540} INFO - Filling up the DagBag from /home/malangdataguy/miniconda3/envs/airflow_mdg/lib/python3.8/site-packages/airflow/example_dags/example_latest_only_with_trigger.py
[2024-04-06T23:45:43.751+0000] {processor.py:840} INFO - DAG(s) 'latest_only_with_trigger' retrieved from /home/malangdataguy/miniconda3/envs/airflow_mdg/lib/python3.8/site-packages/airflow/example_dags/example_latest_only_with_trigger.py
[2024-04-06T23:45:43.774+0000] {logging_mixin.py:188} INFO - [2024-04-06T23:45:43.774+0000] {dag.py:3047} INFO - Sync 1 DAGs
[2024-04-06T23:45:43.799+0000] {logging_mixin.py:188} INFO - [2024-04-06T23:45:43.798+0000] {dag.py:3834} INFO - Setting next_dagrun for latest_only_with_trigger to 2024-04-06 16:00:00+00:00, run_after=2024-04-06 20:00:00+00:00
[2024-04-06T23:45:43.825+0000] {processor.py:183} INFO - Processing /home/malangdataguy/miniconda3/envs/airflow_mdg/lib/python3.8/site-packages/airflow/example_dags/example_latest_only_with_trigger.py took 0.092 seconds
[2024-04-06T23:46:43.271+0000] {processor.py:161} INFO - Started process (PID=69697) to work on /home/malangdataguy/miniconda3/envs/airflow_mdg/lib/python3.8/site-packages/airflow/example_dags/example_latest_only_with_trigger.py
[2024-04-06T23:46:43.273+0000] {processor.py:830} INFO - Processing file /home/malangdataguy/miniconda3/envs/airflow_mdg/lib/python3.8/site-packages/airflow/example_dags/example_latest_only_with_trigger.py for tasks to queue
[2024-04-06T23:46:43.275+0000] {logging_mixin.py:188} INFO - [2024-04-06T23:46:43.274+0000] {dagbag.py:540} INFO - Filling up the DagBag from /home/malangdataguy/miniconda3/envs/airflow_mdg/lib/python3.8/site-packages/airflow/example_dags/example_latest_only_with_trigger.py
[2024-04-06T23:46:43.284+0000] {processor.py:840} INFO - DAG(s) 'latest_only_with_trigger' retrieved from /home/malangdataguy/miniconda3/envs/airflow_mdg/lib/python3.8/site-packages/airflow/example_dags/example_latest_only_with_trigger.py
[2024-04-06T23:46:43.307+0000] {logging_mixin.py:188} INFO - [2024-04-06T23:46:43.307+0000] {dag.py:3047} INFO - Sync 1 DAGs
[2024-04-06T23:46:43.331+0000] {logging_mixin.py:188} INFO - [2024-04-06T23:46:43.331+0000] {dag.py:3834} INFO - Setting next_dagrun for latest_only_with_trigger to 2024-04-06 16:00:00+00:00, run_after=2024-04-06 20:00:00+00:00
[2024-04-06T23:46:43.359+0000] {processor.py:183} INFO - Processing /home/malangdataguy/miniconda3/envs/airflow_mdg/lib/python3.8/site-packages/airflow/example_dags/example_latest_only_with_trigger.py took 0.092 seconds
[2024-04-06T23:47:42.456+0000] {processor.py:161} INFO - Started process (PID=69773) to work on /home/malangdataguy/miniconda3/envs/airflow_mdg/lib/python3.8/site-packages/airflow/example_dags/example_latest_only_with_trigger.py
[2024-04-06T23:47:42.459+0000] {processor.py:830} INFO - Processing file /home/malangdataguy/miniconda3/envs/airflow_mdg/lib/python3.8/site-packages/airflow/example_dags/example_latest_only_with_trigger.py for tasks to queue
[2024-04-06T23:47:42.460+0000] {logging_mixin.py:188} INFO - [2024-04-06T23:47:42.460+0000] {dagbag.py:540} INFO - Filling up the DagBag from /home/malangdataguy/miniconda3/envs/airflow_mdg/lib/python3.8/site-packages/airflow/example_dags/example_latest_only_with_trigger.py
[2024-04-06T23:47:42.469+0000] {processor.py:840} INFO - DAG(s) 'latest_only_with_trigger' retrieved from /home/malangdataguy/miniconda3/envs/airflow_mdg/lib/python3.8/site-packages/airflow/example_dags/example_latest_only_with_trigger.py
[2024-04-06T23:47:42.493+0000] {logging_mixin.py:188} INFO - [2024-04-06T23:47:42.493+0000] {dag.py:3047} INFO - Sync 1 DAGs
[2024-04-06T23:47:42.523+0000] {logging_mixin.py:188} INFO - [2024-04-06T23:47:42.522+0000] {dag.py:3834} INFO - Setting next_dagrun for latest_only_with_trigger to 2024-04-06 16:00:00+00:00, run_after=2024-04-06 20:00:00+00:00
[2024-04-06T23:47:42.550+0000] {processor.py:183} INFO - Processing /home/malangdataguy/miniconda3/envs/airflow_mdg/lib/python3.8/site-packages/airflow/example_dags/example_latest_only_with_trigger.py took 0.098 seconds
[2024-04-06T23:48:45.858+0000] {processor.py:161} INFO - Started process (PID=69841) to work on /home/malangdataguy/miniconda3/envs/airflow_mdg/lib/python3.8/site-packages/airflow/example_dags/example_latest_only_with_trigger.py
[2024-04-06T23:48:45.860+0000] {processor.py:830} INFO - Processing file /home/malangdataguy/miniconda3/envs/airflow_mdg/lib/python3.8/site-packages/airflow/example_dags/example_latest_only_with_trigger.py for tasks to queue
[2024-04-06T23:48:45.862+0000] {logging_mixin.py:188} INFO - [2024-04-06T23:48:45.861+0000] {dagbag.py:540} INFO - Filling up the DagBag from /home/malangdataguy/miniconda3/envs/airflow_mdg/lib/python3.8/site-packages/airflow/example_dags/example_latest_only_with_trigger.py
[2024-04-06T23:48:45.874+0000] {processor.py:840} INFO - DAG(s) 'latest_only_with_trigger' retrieved from /home/malangdataguy/miniconda3/envs/airflow_mdg/lib/python3.8/site-packages/airflow/example_dags/example_latest_only_with_trigger.py
[2024-04-06T23:48:45.902+0000] {logging_mixin.py:188} INFO - [2024-04-06T23:48:45.901+0000] {dag.py:3047} INFO - Sync 1 DAGs
[2024-04-06T23:48:45.930+0000] {logging_mixin.py:188} INFO - [2024-04-06T23:48:45.930+0000] {dag.py:3834} INFO - Setting next_dagrun for latest_only_with_trigger to 2024-04-06 16:00:00+00:00, run_after=2024-04-06 20:00:00+00:00
[2024-04-06T23:48:45.963+0000] {processor.py:183} INFO - Processing /home/malangdataguy/miniconda3/envs/airflow_mdg/lib/python3.8/site-packages/airflow/example_dags/example_latest_only_with_trigger.py took 0.110 seconds
[2024-04-06T23:49:49.365+0000] {processor.py:161} INFO - Started process (PID=69907) to work on /home/malangdataguy/miniconda3/envs/airflow_mdg/lib/python3.8/site-packages/airflow/example_dags/example_latest_only_with_trigger.py
[2024-04-06T23:49:49.368+0000] {processor.py:830} INFO - Processing file /home/malangdataguy/miniconda3/envs/airflow_mdg/lib/python3.8/site-packages/airflow/example_dags/example_latest_only_with_trigger.py for tasks to queue
[2024-04-06T23:49:49.369+0000] {logging_mixin.py:188} INFO - [2024-04-06T23:49:49.369+0000] {dagbag.py:540} INFO - Filling up the DagBag from /home/malangdataguy/miniconda3/envs/airflow_mdg/lib/python3.8/site-packages/airflow/example_dags/example_latest_only_with_trigger.py
[2024-04-06T23:49:49.380+0000] {processor.py:840} INFO - DAG(s) 'latest_only_with_trigger' retrieved from /home/malangdataguy/miniconda3/envs/airflow_mdg/lib/python3.8/site-packages/airflow/example_dags/example_latest_only_with_trigger.py
[2024-04-06T23:49:49.408+0000] {logging_mixin.py:188} INFO - [2024-04-06T23:49:49.407+0000] {dag.py:3047} INFO - Sync 1 DAGs
[2024-04-06T23:49:49.438+0000] {logging_mixin.py:188} INFO - [2024-04-06T23:49:49.437+0000] {dag.py:3834} INFO - Setting next_dagrun for latest_only_with_trigger to 2024-04-06 16:00:00+00:00, run_after=2024-04-06 20:00:00+00:00
[2024-04-06T23:49:49.470+0000] {processor.py:183} INFO - Processing /home/malangdataguy/miniconda3/envs/airflow_mdg/lib/python3.8/site-packages/airflow/example_dags/example_latest_only_with_trigger.py took 0.111 seconds
[2024-04-06T23:50:47.726+0000] {processor.py:161} INFO - Started process (PID=69964) to work on /home/malangdataguy/miniconda3/envs/airflow_mdg/lib/python3.8/site-packages/airflow/example_dags/example_latest_only_with_trigger.py
[2024-04-06T23:50:47.729+0000] {processor.py:830} INFO - Processing file /home/malangdataguy/miniconda3/envs/airflow_mdg/lib/python3.8/site-packages/airflow/example_dags/example_latest_only_with_trigger.py for tasks to queue
[2024-04-06T23:50:47.731+0000] {logging_mixin.py:188} INFO - [2024-04-06T23:50:47.730+0000] {dagbag.py:540} INFO - Filling up the DagBag from /home/malangdataguy/miniconda3/envs/airflow_mdg/lib/python3.8/site-packages/airflow/example_dags/example_latest_only_with_trigger.py
[2024-04-06T23:50:47.743+0000] {processor.py:840} INFO - DAG(s) 'latest_only_with_trigger' retrieved from /home/malangdataguy/miniconda3/envs/airflow_mdg/lib/python3.8/site-packages/airflow/example_dags/example_latest_only_with_trigger.py
[2024-04-06T23:50:47.773+0000] {logging_mixin.py:188} INFO - [2024-04-06T23:50:47.772+0000] {dag.py:3047} INFO - Sync 1 DAGs
[2024-04-06T23:50:47.803+0000] {logging_mixin.py:188} INFO - [2024-04-06T23:50:47.803+0000] {dag.py:3834} INFO - Setting next_dagrun for latest_only_with_trigger to 2024-04-06 16:00:00+00:00, run_after=2024-04-06 20:00:00+00:00
[2024-04-06T23:50:47.834+0000] {processor.py:183} INFO - Processing /home/malangdataguy/miniconda3/envs/airflow_mdg/lib/python3.8/site-packages/airflow/example_dags/example_latest_only_with_trigger.py took 0.114 seconds
[2024-04-06T23:51:52.486+0000] {processor.py:161} INFO - Started process (PID=70032) to work on /home/malangdataguy/miniconda3/envs/airflow_mdg/lib/python3.8/site-packages/airflow/example_dags/example_latest_only_with_trigger.py
[2024-04-06T23:51:52.489+0000] {processor.py:830} INFO - Processing file /home/malangdataguy/miniconda3/envs/airflow_mdg/lib/python3.8/site-packages/airflow/example_dags/example_latest_only_with_trigger.py for tasks to queue
[2024-04-06T23:51:52.490+0000] {logging_mixin.py:188} INFO - [2024-04-06T23:51:52.490+0000] {dagbag.py:540} INFO - Filling up the DagBag from /home/malangdataguy/miniconda3/envs/airflow_mdg/lib/python3.8/site-packages/airflow/example_dags/example_latest_only_with_trigger.py
[2024-04-06T23:51:52.501+0000] {processor.py:840} INFO - DAG(s) 'latest_only_with_trigger' retrieved from /home/malangdataguy/miniconda3/envs/airflow_mdg/lib/python3.8/site-packages/airflow/example_dags/example_latest_only_with_trigger.py
[2024-04-06T23:51:52.530+0000] {logging_mixin.py:188} INFO - [2024-04-06T23:51:52.529+0000] {dag.py:3047} INFO - Sync 1 DAGs
[2024-04-06T23:51:52.559+0000] {logging_mixin.py:188} INFO - [2024-04-06T23:51:52.559+0000] {dag.py:3834} INFO - Setting next_dagrun for latest_only_with_trigger to 2024-04-06 16:00:00+00:00, run_after=2024-04-06 20:00:00+00:00
[2024-04-06T23:51:52.593+0000] {processor.py:183} INFO - Processing /home/malangdataguy/miniconda3/envs/airflow_mdg/lib/python3.8/site-packages/airflow/example_dags/example_latest_only_with_trigger.py took 0.113 seconds
[2024-04-06T23:52:58.233+0000] {processor.py:161} INFO - Started process (PID=70097) to work on /home/malangdataguy/miniconda3/envs/airflow_mdg/lib/python3.8/site-packages/airflow/example_dags/example_latest_only_with_trigger.py
[2024-04-06T23:52:58.235+0000] {processor.py:830} INFO - Processing file /home/malangdataguy/miniconda3/envs/airflow_mdg/lib/python3.8/site-packages/airflow/example_dags/example_latest_only_with_trigger.py for tasks to queue
[2024-04-06T23:52:58.237+0000] {logging_mixin.py:188} INFO - [2024-04-06T23:52:58.236+0000] {dagbag.py:540} INFO - Filling up the DagBag from /home/malangdataguy/miniconda3/envs/airflow_mdg/lib/python3.8/site-packages/airflow/example_dags/example_latest_only_with_trigger.py
[2024-04-06T23:52:58.248+0000] {processor.py:840} INFO - DAG(s) 'latest_only_with_trigger' retrieved from /home/malangdataguy/miniconda3/envs/airflow_mdg/lib/python3.8/site-packages/airflow/example_dags/example_latest_only_with_trigger.py
[2024-04-06T23:52:58.275+0000] {logging_mixin.py:188} INFO - [2024-04-06T23:52:58.274+0000] {dag.py:3047} INFO - Sync 1 DAGs
[2024-04-06T23:52:58.303+0000] {logging_mixin.py:188} INFO - [2024-04-06T23:52:58.302+0000] {dag.py:3834} INFO - Setting next_dagrun for latest_only_with_trigger to 2024-04-06 16:00:00+00:00, run_after=2024-04-06 20:00:00+00:00
[2024-04-06T23:52:58.335+0000] {processor.py:183} INFO - Processing /home/malangdataguy/miniconda3/envs/airflow_mdg/lib/python3.8/site-packages/airflow/example_dags/example_latest_only_with_trigger.py took 0.108 seconds
[2024-04-06T23:54:06.120+0000] {processor.py:161} INFO - Started process (PID=70186) to work on /home/malangdataguy/miniconda3/envs/airflow_mdg/lib/python3.8/site-packages/airflow/example_dags/example_latest_only_with_trigger.py
[2024-04-06T23:54:06.122+0000] {processor.py:830} INFO - Processing file /home/malangdataguy/miniconda3/envs/airflow_mdg/lib/python3.8/site-packages/airflow/example_dags/example_latest_only_with_trigger.py for tasks to queue
[2024-04-06T23:54:06.124+0000] {logging_mixin.py:188} INFO - [2024-04-06T23:54:06.123+0000] {dagbag.py:540} INFO - Filling up the DagBag from /home/malangdataguy/miniconda3/envs/airflow_mdg/lib/python3.8/site-packages/airflow/example_dags/example_latest_only_with_trigger.py
[2024-04-06T23:54:06.133+0000] {processor.py:840} INFO - DAG(s) 'latest_only_with_trigger' retrieved from /home/malangdataguy/miniconda3/envs/airflow_mdg/lib/python3.8/site-packages/airflow/example_dags/example_latest_only_with_trigger.py
[2024-04-06T23:54:06.156+0000] {logging_mixin.py:188} INFO - [2024-04-06T23:54:06.156+0000] {dag.py:3047} INFO - Sync 1 DAGs
[2024-04-06T23:54:06.189+0000] {logging_mixin.py:188} INFO - [2024-04-06T23:54:06.188+0000] {dag.py:3834} INFO - Setting next_dagrun for latest_only_with_trigger to 2024-04-06 16:00:00+00:00, run_after=2024-04-06 20:00:00+00:00
[2024-04-06T23:54:06.222+0000] {processor.py:183} INFO - Processing /home/malangdataguy/miniconda3/envs/airflow_mdg/lib/python3.8/site-packages/airflow/example_dags/example_latest_only_with_trigger.py took 0.107 seconds
[2024-04-06T23:55:07.818+0000] {processor.py:161} INFO - Started process (PID=70265) to work on /home/malangdataguy/miniconda3/envs/airflow_mdg/lib/python3.8/site-packages/airflow/example_dags/example_latest_only_with_trigger.py
[2024-04-06T23:55:07.820+0000] {processor.py:830} INFO - Processing file /home/malangdataguy/miniconda3/envs/airflow_mdg/lib/python3.8/site-packages/airflow/example_dags/example_latest_only_with_trigger.py for tasks to queue
[2024-04-06T23:55:07.822+0000] {logging_mixin.py:188} INFO - [2024-04-06T23:55:07.821+0000] {dagbag.py:540} INFO - Filling up the DagBag from /home/malangdataguy/miniconda3/envs/airflow_mdg/lib/python3.8/site-packages/airflow/example_dags/example_latest_only_with_trigger.py
[2024-04-06T23:55:07.833+0000] {processor.py:840} INFO - DAG(s) 'latest_only_with_trigger' retrieved from /home/malangdataguy/miniconda3/envs/airflow_mdg/lib/python3.8/site-packages/airflow/example_dags/example_latest_only_with_trigger.py
[2024-04-06T23:55:07.860+0000] {logging_mixin.py:188} INFO - [2024-04-06T23:55:07.860+0000] {dag.py:3047} INFO - Sync 1 DAGs
[2024-04-06T23:55:07.891+0000] {logging_mixin.py:188} INFO - [2024-04-06T23:55:07.891+0000] {dag.py:3834} INFO - Setting next_dagrun for latest_only_with_trigger to 2024-04-06 16:00:00+00:00, run_after=2024-04-06 20:00:00+00:00
[2024-04-06T23:55:07.925+0000] {processor.py:183} INFO - Processing /home/malangdataguy/miniconda3/envs/airflow_mdg/lib/python3.8/site-packages/airflow/example_dags/example_latest_only_with_trigger.py took 0.113 seconds
