[2024-04-06T23:09:12.827+0000] {processor.py:161} INFO - Started process (PID=68364) to work on /home/malangdataguy/miniconda3/envs/airflow_mdg/lib/python3.8/site-packages/airflow/example_dags/example_trigger_controller_dag.py
[2024-04-06T23:09:12.829+0000] {processor.py:830} INFO - Processing file /home/malangdataguy/miniconda3/envs/airflow_mdg/lib/python3.8/site-packages/airflow/example_dags/example_trigger_controller_dag.py for tasks to queue
[2024-04-06T23:09:12.830+0000] {logging_mixin.py:188} INFO - [2024-04-06T23:09:12.829+0000] {dagbag.py:540} INFO - Filling up the DagBag from /home/malangdataguy/miniconda3/envs/airflow_mdg/lib/python3.8/site-packages/airflow/example_dags/example_trigger_controller_dag.py
[2024-04-06T23:09:12.840+0000] {processor.py:840} INFO - DAG(s) 'example_trigger_controller_dag' retrieved from /home/malangdataguy/miniconda3/envs/airflow_mdg/lib/python3.8/site-packages/airflow/example_dags/example_trigger_controller_dag.py
[2024-04-06T23:09:12.854+0000] {logging_mixin.py:188} INFO - [2024-04-06T23:09:12.853+0000] {dag.py:3047} INFO - Sync 1 DAGs
[2024-04-06T23:09:12.884+0000] {logging_mixin.py:188} INFO - [2024-04-06T23:09:12.884+0000] {dag.py:3834} INFO - Setting next_dagrun for example_trigger_controller_dag to 2021-01-01 00:00:00+00:00, run_after=2021-01-01 00:00:00+00:00
[2024-04-06T23:09:12.919+0000] {processor.py:183} INFO - Processing /home/malangdataguy/miniconda3/envs/airflow_mdg/lib/python3.8/site-packages/airflow/example_dags/example_trigger_controller_dag.py took 0.096 seconds
[2024-04-06T23:10:04.243+0000] {processor.py:161} INFO - Started process (PID=68414) to work on /home/malangdataguy/miniconda3/envs/airflow_mdg/lib/python3.8/site-packages/airflow/example_dags/example_trigger_controller_dag.py
[2024-04-06T23:10:04.246+0000] {processor.py:830} INFO - Processing file /home/malangdataguy/miniconda3/envs/airflow_mdg/lib/python3.8/site-packages/airflow/example_dags/example_trigger_controller_dag.py for tasks to queue
[2024-04-06T23:10:04.247+0000] {logging_mixin.py:188} INFO - [2024-04-06T23:10:04.247+0000] {dagbag.py:540} INFO - Filling up the DagBag from /home/malangdataguy/miniconda3/envs/airflow_mdg/lib/python3.8/site-packages/airflow/example_dags/example_trigger_controller_dag.py
[2024-04-06T23:10:04.256+0000] {processor.py:840} INFO - DAG(s) 'example_trigger_controller_dag' retrieved from /home/malangdataguy/miniconda3/envs/airflow_mdg/lib/python3.8/site-packages/airflow/example_dags/example_trigger_controller_dag.py
[2024-04-06T23:10:04.384+0000] {logging_mixin.py:188} INFO - [2024-04-06T23:10:04.383+0000] {dag.py:3047} INFO - Sync 1 DAGs
[2024-04-06T23:10:04.404+0000] {logging_mixin.py:188} INFO - [2024-04-06T23:10:04.404+0000] {dag.py:3834} INFO - Setting next_dagrun for example_trigger_controller_dag to 2021-01-01 00:00:00+00:00, run_after=2021-01-01 00:00:00+00:00
[2024-04-06T23:10:04.432+0000] {processor.py:183} INFO - Processing /home/malangdataguy/miniconda3/envs/airflow_mdg/lib/python3.8/site-packages/airflow/example_dags/example_trigger_controller_dag.py took 0.195 seconds
[2024-04-06T23:10:50.556+0000] {processor.py:161} INFO - Started process (PID=68469) to work on /home/malangdataguy/miniconda3/envs/airflow_mdg/lib/python3.8/site-packages/airflow/example_dags/example_trigger_controller_dag.py
[2024-04-06T23:10:50.559+0000] {processor.py:830} INFO - Processing file /home/malangdataguy/miniconda3/envs/airflow_mdg/lib/python3.8/site-packages/airflow/example_dags/example_trigger_controller_dag.py for tasks to queue
[2024-04-06T23:10:50.560+0000] {logging_mixin.py:188} INFO - [2024-04-06T23:10:50.559+0000] {dagbag.py:540} INFO - Filling up the DagBag from /home/malangdataguy/miniconda3/envs/airflow_mdg/lib/python3.8/site-packages/airflow/example_dags/example_trigger_controller_dag.py
[2024-04-06T23:10:50.568+0000] {processor.py:840} INFO - DAG(s) 'example_trigger_controller_dag' retrieved from /home/malangdataguy/miniconda3/envs/airflow_mdg/lib/python3.8/site-packages/airflow/example_dags/example_trigger_controller_dag.py
[2024-04-06T23:10:50.592+0000] {logging_mixin.py:188} INFO - [2024-04-06T23:10:50.591+0000] {dag.py:3047} INFO - Sync 1 DAGs
[2024-04-06T23:10:50.616+0000] {logging_mixin.py:188} INFO - [2024-04-06T23:10:50.616+0000] {dag.py:3834} INFO - Setting next_dagrun for example_trigger_controller_dag to 2021-01-01 00:00:00+00:00, run_after=2021-01-01 00:00:00+00:00
[2024-04-06T23:10:50.645+0000] {processor.py:183} INFO - Processing /home/malangdataguy/miniconda3/envs/airflow_mdg/lib/python3.8/site-packages/airflow/example_dags/example_trigger_controller_dag.py took 0.094 seconds
[2024-04-06T23:11:30.157+0000] {processor.py:161} INFO - Started process (PID=68509) to work on /home/malangdataguy/miniconda3/envs/airflow_mdg/lib/python3.8/site-packages/airflow/example_dags/example_trigger_controller_dag.py
[2024-04-06T23:11:30.160+0000] {processor.py:830} INFO - Processing file /home/malangdataguy/miniconda3/envs/airflow_mdg/lib/python3.8/site-packages/airflow/example_dags/example_trigger_controller_dag.py for tasks to queue
[2024-04-06T23:11:30.162+0000] {logging_mixin.py:188} INFO - [2024-04-06T23:11:30.161+0000] {dagbag.py:540} INFO - Filling up the DagBag from /home/malangdataguy/miniconda3/envs/airflow_mdg/lib/python3.8/site-packages/airflow/example_dags/example_trigger_controller_dag.py
[2024-04-06T23:11:30.169+0000] {processor.py:840} INFO - DAG(s) 'example_trigger_controller_dag' retrieved from /home/malangdataguy/miniconda3/envs/airflow_mdg/lib/python3.8/site-packages/airflow/example_dags/example_trigger_controller_dag.py
[2024-04-06T23:11:30.192+0000] {logging_mixin.py:188} INFO - [2024-04-06T23:11:30.192+0000] {dag.py:3047} INFO - Sync 1 DAGs
[2024-04-06T23:11:30.216+0000] {logging_mixin.py:188} INFO - [2024-04-06T23:11:30.216+0000] {dag.py:3834} INFO - Setting next_dagrun for example_trigger_controller_dag to 2021-01-01 00:00:00+00:00, run_after=2021-01-01 00:00:00+00:00
[2024-04-06T23:11:30.243+0000] {processor.py:183} INFO - Processing /home/malangdataguy/miniconda3/envs/airflow_mdg/lib/python3.8/site-packages/airflow/example_dags/example_trigger_controller_dag.py took 0.091 seconds
[2024-04-06T23:12:14.041+0000] {processor.py:161} INFO - Started process (PID=68552) to work on /home/malangdataguy/miniconda3/envs/airflow_mdg/lib/python3.8/site-packages/airflow/example_dags/example_trigger_controller_dag.py
[2024-04-06T23:12:14.044+0000] {processor.py:830} INFO - Processing file /home/malangdataguy/miniconda3/envs/airflow_mdg/lib/python3.8/site-packages/airflow/example_dags/example_trigger_controller_dag.py for tasks to queue
[2024-04-06T23:12:14.045+0000] {logging_mixin.py:188} INFO - [2024-04-06T23:12:14.044+0000] {dagbag.py:540} INFO - Filling up the DagBag from /home/malangdataguy/miniconda3/envs/airflow_mdg/lib/python3.8/site-packages/airflow/example_dags/example_trigger_controller_dag.py
[2024-04-06T23:12:14.053+0000] {processor.py:840} INFO - DAG(s) 'example_trigger_controller_dag' retrieved from /home/malangdataguy/miniconda3/envs/airflow_mdg/lib/python3.8/site-packages/airflow/example_dags/example_trigger_controller_dag.py
[2024-04-06T23:12:14.078+0000] {logging_mixin.py:188} INFO - [2024-04-06T23:12:14.078+0000] {dag.py:3047} INFO - Sync 1 DAGs
[2024-04-06T23:12:14.103+0000] {logging_mixin.py:188} INFO - [2024-04-06T23:12:14.102+0000] {dag.py:3834} INFO - Setting next_dagrun for example_trigger_controller_dag to 2021-01-01 00:00:00+00:00, run_after=2021-01-01 00:00:00+00:00
[2024-04-06T23:12:14.130+0000] {processor.py:183} INFO - Processing /home/malangdataguy/miniconda3/envs/airflow_mdg/lib/python3.8/site-packages/airflow/example_dags/example_trigger_controller_dag.py took 0.094 seconds
[2024-04-06T23:12:56.704+0000] {processor.py:161} INFO - Started process (PID=68595) to work on /home/malangdataguy/miniconda3/envs/airflow_mdg/lib/python3.8/site-packages/airflow/example_dags/example_trigger_controller_dag.py
[2024-04-06T23:12:56.707+0000] {processor.py:830} INFO - Processing file /home/malangdataguy/miniconda3/envs/airflow_mdg/lib/python3.8/site-packages/airflow/example_dags/example_trigger_controller_dag.py for tasks to queue
[2024-04-06T23:12:56.708+0000] {logging_mixin.py:188} INFO - [2024-04-06T23:12:56.708+0000] {dagbag.py:540} INFO - Filling up the DagBag from /home/malangdataguy/miniconda3/envs/airflow_mdg/lib/python3.8/site-packages/airflow/example_dags/example_trigger_controller_dag.py
[2024-04-06T23:12:56.716+0000] {processor.py:840} INFO - DAG(s) 'example_trigger_controller_dag' retrieved from /home/malangdataguy/miniconda3/envs/airflow_mdg/lib/python3.8/site-packages/airflow/example_dags/example_trigger_controller_dag.py
[2024-04-06T23:12:56.739+0000] {logging_mixin.py:188} INFO - [2024-04-06T23:12:56.739+0000] {dag.py:3047} INFO - Sync 1 DAGs
[2024-04-06T23:12:56.762+0000] {logging_mixin.py:188} INFO - [2024-04-06T23:12:56.762+0000] {dag.py:3834} INFO - Setting next_dagrun for example_trigger_controller_dag to 2021-01-01 00:00:00+00:00, run_after=2021-01-01 00:00:00+00:00
[2024-04-06T23:12:56.791+0000] {processor.py:183} INFO - Processing /home/malangdataguy/miniconda3/envs/airflow_mdg/lib/python3.8/site-packages/airflow/example_dags/example_trigger_controller_dag.py took 0.091 seconds
[2024-04-06T23:13:37.342+0000] {processor.py:161} INFO - Started process (PID=68636) to work on /home/malangdataguy/miniconda3/envs/airflow_mdg/lib/python3.8/site-packages/airflow/example_dags/example_trigger_controller_dag.py
[2024-04-06T23:13:37.344+0000] {processor.py:830} INFO - Processing file /home/malangdataguy/miniconda3/envs/airflow_mdg/lib/python3.8/site-packages/airflow/example_dags/example_trigger_controller_dag.py for tasks to queue
[2024-04-06T23:13:37.346+0000] {logging_mixin.py:188} INFO - [2024-04-06T23:13:37.345+0000] {dagbag.py:540} INFO - Filling up the DagBag from /home/malangdataguy/miniconda3/envs/airflow_mdg/lib/python3.8/site-packages/airflow/example_dags/example_trigger_controller_dag.py
[2024-04-06T23:13:37.354+0000] {processor.py:840} INFO - DAG(s) 'example_trigger_controller_dag' retrieved from /home/malangdataguy/miniconda3/envs/airflow_mdg/lib/python3.8/site-packages/airflow/example_dags/example_trigger_controller_dag.py
[2024-04-06T23:13:37.379+0000] {logging_mixin.py:188} INFO - [2024-04-06T23:13:37.379+0000] {dag.py:3047} INFO - Sync 1 DAGs
[2024-04-06T23:13:37.403+0000] {logging_mixin.py:188} INFO - [2024-04-06T23:13:37.402+0000] {dag.py:3834} INFO - Setting next_dagrun for example_trigger_controller_dag to 2021-01-01 00:00:00+00:00, run_after=2021-01-01 00:00:00+00:00
[2024-04-06T23:13:37.434+0000] {processor.py:183} INFO - Processing /home/malangdataguy/miniconda3/envs/airflow_mdg/lib/python3.8/site-packages/airflow/example_dags/example_trigger_controller_dag.py took 0.097 seconds
[2024-04-06T23:14:18.773+0000] {processor.py:161} INFO - Started process (PID=68680) to work on /home/malangdataguy/miniconda3/envs/airflow_mdg/lib/python3.8/site-packages/airflow/example_dags/example_trigger_controller_dag.py
[2024-04-06T23:14:18.775+0000] {processor.py:830} INFO - Processing file /home/malangdataguy/miniconda3/envs/airflow_mdg/lib/python3.8/site-packages/airflow/example_dags/example_trigger_controller_dag.py for tasks to queue
[2024-04-06T23:14:18.777+0000] {logging_mixin.py:188} INFO - [2024-04-06T23:14:18.776+0000] {dagbag.py:540} INFO - Filling up the DagBag from /home/malangdataguy/miniconda3/envs/airflow_mdg/lib/python3.8/site-packages/airflow/example_dags/example_trigger_controller_dag.py
[2024-04-06T23:14:18.785+0000] {processor.py:840} INFO - DAG(s) 'example_trigger_controller_dag' retrieved from /home/malangdataguy/miniconda3/envs/airflow_mdg/lib/python3.8/site-packages/airflow/example_dags/example_trigger_controller_dag.py
[2024-04-06T23:14:18.811+0000] {logging_mixin.py:188} INFO - [2024-04-06T23:14:18.810+0000] {dag.py:3047} INFO - Sync 1 DAGs
[2024-04-06T23:14:18.839+0000] {logging_mixin.py:188} INFO - [2024-04-06T23:14:18.838+0000] {dag.py:3834} INFO - Setting next_dagrun for example_trigger_controller_dag to 2021-01-01 00:00:00+00:00, run_after=2021-01-01 00:00:00+00:00
[2024-04-06T23:14:18.870+0000] {processor.py:183} INFO - Processing /home/malangdataguy/miniconda3/envs/airflow_mdg/lib/python3.8/site-packages/airflow/example_dags/example_trigger_controller_dag.py took 0.102 seconds
[2024-04-06T23:15:02.104+0000] {processor.py:161} INFO - Started process (PID=68723) to work on /home/malangdataguy/miniconda3/envs/airflow_mdg/lib/python3.8/site-packages/airflow/example_dags/example_trigger_controller_dag.py
[2024-04-06T23:15:02.106+0000] {processor.py:830} INFO - Processing file /home/malangdataguy/miniconda3/envs/airflow_mdg/lib/python3.8/site-packages/airflow/example_dags/example_trigger_controller_dag.py for tasks to queue
[2024-04-06T23:15:02.108+0000] {logging_mixin.py:188} INFO - [2024-04-06T23:15:02.107+0000] {dagbag.py:540} INFO - Filling up the DagBag from /home/malangdataguy/miniconda3/envs/airflow_mdg/lib/python3.8/site-packages/airflow/example_dags/example_trigger_controller_dag.py
[2024-04-06T23:15:02.116+0000] {processor.py:840} INFO - DAG(s) 'example_trigger_controller_dag' retrieved from /home/malangdataguy/miniconda3/envs/airflow_mdg/lib/python3.8/site-packages/airflow/example_dags/example_trigger_controller_dag.py
[2024-04-06T23:15:02.140+0000] {logging_mixin.py:188} INFO - [2024-04-06T23:15:02.139+0000] {dag.py:3047} INFO - Sync 1 DAGs
[2024-04-06T23:15:02.167+0000] {logging_mixin.py:188} INFO - [2024-04-06T23:15:02.167+0000] {dag.py:3834} INFO - Setting next_dagrun for example_trigger_controller_dag to 2021-01-01 00:00:00+00:00, run_after=2021-01-01 00:00:00+00:00
[2024-04-06T23:15:02.201+0000] {processor.py:183} INFO - Processing /home/malangdataguy/miniconda3/envs/airflow_mdg/lib/python3.8/site-packages/airflow/example_dags/example_trigger_controller_dag.py took 0.102 seconds
[2024-04-06T23:15:51.344+0000] {processor.py:161} INFO - Started process (PID=68775) to work on /home/malangdataguy/miniconda3/envs/airflow_mdg/lib/python3.8/site-packages/airflow/example_dags/example_trigger_controller_dag.py
[2024-04-06T23:15:51.347+0000] {processor.py:830} INFO - Processing file /home/malangdataguy/miniconda3/envs/airflow_mdg/lib/python3.8/site-packages/airflow/example_dags/example_trigger_controller_dag.py for tasks to queue
[2024-04-06T23:15:51.348+0000] {logging_mixin.py:188} INFO - [2024-04-06T23:15:51.347+0000] {dagbag.py:540} INFO - Filling up the DagBag from /home/malangdataguy/miniconda3/envs/airflow_mdg/lib/python3.8/site-packages/airflow/example_dags/example_trigger_controller_dag.py
[2024-04-06T23:15:51.356+0000] {processor.py:840} INFO - DAG(s) 'example_trigger_controller_dag' retrieved from /home/malangdataguy/miniconda3/envs/airflow_mdg/lib/python3.8/site-packages/airflow/example_dags/example_trigger_controller_dag.py
[2024-04-06T23:15:51.381+0000] {logging_mixin.py:188} INFO - [2024-04-06T23:15:51.380+0000] {dag.py:3047} INFO - Sync 1 DAGs
[2024-04-06T23:15:51.405+0000] {logging_mixin.py:188} INFO - [2024-04-06T23:15:51.404+0000] {dag.py:3834} INFO - Setting next_dagrun for example_trigger_controller_dag to 2021-01-01 00:00:00+00:00, run_after=2021-01-01 00:00:00+00:00
[2024-04-06T23:15:51.434+0000] {processor.py:183} INFO - Processing /home/malangdataguy/miniconda3/envs/airflow_mdg/lib/python3.8/site-packages/airflow/example_dags/example_trigger_controller_dag.py took 0.095 seconds
[2024-04-06T23:16:29.034+0000] {processor.py:161} INFO - Started process (PID=68815) to work on /home/malangdataguy/miniconda3/envs/airflow_mdg/lib/python3.8/site-packages/airflow/example_dags/example_trigger_controller_dag.py
[2024-04-06T23:16:29.039+0000] {processor.py:830} INFO - Processing file /home/malangdataguy/miniconda3/envs/airflow_mdg/lib/python3.8/site-packages/airflow/example_dags/example_trigger_controller_dag.py for tasks to queue
[2024-04-06T23:16:29.040+0000] {logging_mixin.py:188} INFO - [2024-04-06T23:16:29.040+0000] {dagbag.py:540} INFO - Filling up the DagBag from /home/malangdataguy/miniconda3/envs/airflow_mdg/lib/python3.8/site-packages/airflow/example_dags/example_trigger_controller_dag.py
[2024-04-06T23:16:29.048+0000] {processor.py:840} INFO - DAG(s) 'example_trigger_controller_dag' retrieved from /home/malangdataguy/miniconda3/envs/airflow_mdg/lib/python3.8/site-packages/airflow/example_dags/example_trigger_controller_dag.py
[2024-04-06T23:16:29.075+0000] {logging_mixin.py:188} INFO - [2024-04-06T23:16:29.075+0000] {dag.py:3047} INFO - Sync 1 DAGs
[2024-04-06T23:16:29.103+0000] {logging_mixin.py:188} INFO - [2024-04-06T23:16:29.103+0000] {dag.py:3834} INFO - Setting next_dagrun for example_trigger_controller_dag to 2021-01-01 00:00:00+00:00, run_after=2021-01-01 00:00:00+00:00
[2024-04-06T23:16:29.134+0000] {processor.py:183} INFO - Processing /home/malangdataguy/miniconda3/envs/airflow_mdg/lib/python3.8/site-packages/airflow/example_dags/example_trigger_controller_dag.py took 0.105 seconds
[2024-04-06T23:17:07.968+0000] {processor.py:161} INFO - Started process (PID=68858) to work on /home/malangdataguy/miniconda3/envs/airflow_mdg/lib/python3.8/site-packages/airflow/example_dags/example_trigger_controller_dag.py
[2024-04-06T23:17:07.971+0000] {processor.py:830} INFO - Processing file /home/malangdataguy/miniconda3/envs/airflow_mdg/lib/python3.8/site-packages/airflow/example_dags/example_trigger_controller_dag.py for tasks to queue
[2024-04-06T23:17:07.972+0000] {logging_mixin.py:188} INFO - [2024-04-06T23:17:07.972+0000] {dagbag.py:540} INFO - Filling up the DagBag from /home/malangdataguy/miniconda3/envs/airflow_mdg/lib/python3.8/site-packages/airflow/example_dags/example_trigger_controller_dag.py
[2024-04-06T23:17:07.981+0000] {processor.py:840} INFO - DAG(s) 'example_trigger_controller_dag' retrieved from /home/malangdataguy/miniconda3/envs/airflow_mdg/lib/python3.8/site-packages/airflow/example_dags/example_trigger_controller_dag.py
[2024-04-06T23:17:08.007+0000] {logging_mixin.py:188} INFO - [2024-04-06T23:17:08.006+0000] {dag.py:3047} INFO - Sync 1 DAGs
[2024-04-06T23:17:08.033+0000] {logging_mixin.py:188} INFO - [2024-04-06T23:17:08.032+0000] {dag.py:3834} INFO - Setting next_dagrun for example_trigger_controller_dag to 2021-01-01 00:00:00+00:00, run_after=2021-01-01 00:00:00+00:00
[2024-04-06T23:17:08.064+0000] {processor.py:183} INFO - Processing /home/malangdataguy/miniconda3/envs/airflow_mdg/lib/python3.8/site-packages/airflow/example_dags/example_trigger_controller_dag.py took 0.101 seconds
[2024-04-06T23:17:52.085+0000] {processor.py:161} INFO - Started process (PID=68906) to work on /home/malangdataguy/miniconda3/envs/airflow_mdg/lib/python3.8/site-packages/airflow/example_dags/example_trigger_controller_dag.py
[2024-04-06T23:17:52.087+0000] {processor.py:830} INFO - Processing file /home/malangdataguy/miniconda3/envs/airflow_mdg/lib/python3.8/site-packages/airflow/example_dags/example_trigger_controller_dag.py for tasks to queue
[2024-04-06T23:17:52.089+0000] {logging_mixin.py:188} INFO - [2024-04-06T23:17:52.088+0000] {dagbag.py:540} INFO - Filling up the DagBag from /home/malangdataguy/miniconda3/envs/airflow_mdg/lib/python3.8/site-packages/airflow/example_dags/example_trigger_controller_dag.py
[2024-04-06T23:17:52.096+0000] {processor.py:840} INFO - DAG(s) 'example_trigger_controller_dag' retrieved from /home/malangdataguy/miniconda3/envs/airflow_mdg/lib/python3.8/site-packages/airflow/example_dags/example_trigger_controller_dag.py
[2024-04-06T23:17:52.118+0000] {logging_mixin.py:188} INFO - [2024-04-06T23:17:52.118+0000] {dag.py:3047} INFO - Sync 1 DAGs
[2024-04-06T23:17:52.144+0000] {logging_mixin.py:188} INFO - [2024-04-06T23:17:52.144+0000] {dag.py:3834} INFO - Setting next_dagrun for example_trigger_controller_dag to 2021-01-01 00:00:00+00:00, run_after=2021-01-01 00:00:00+00:00
[2024-04-06T23:17:52.174+0000] {processor.py:183} INFO - Processing /home/malangdataguy/miniconda3/envs/airflow_mdg/lib/python3.8/site-packages/airflow/example_dags/example_trigger_controller_dag.py took 0.093 seconds
[2024-04-06T23:18:35.144+0000] {processor.py:161} INFO - Started process (PID=68949) to work on /home/malangdataguy/miniconda3/envs/airflow_mdg/lib/python3.8/site-packages/airflow/example_dags/example_trigger_controller_dag.py
[2024-04-06T23:18:35.148+0000] {processor.py:830} INFO - Processing file /home/malangdataguy/miniconda3/envs/airflow_mdg/lib/python3.8/site-packages/airflow/example_dags/example_trigger_controller_dag.py for tasks to queue
[2024-04-06T23:18:35.150+0000] {logging_mixin.py:188} INFO - [2024-04-06T23:18:35.149+0000] {dagbag.py:540} INFO - Filling up the DagBag from /home/malangdataguy/miniconda3/envs/airflow_mdg/lib/python3.8/site-packages/airflow/example_dags/example_trigger_controller_dag.py
[2024-04-06T23:18:35.158+0000] {processor.py:840} INFO - DAG(s) 'example_trigger_controller_dag' retrieved from /home/malangdataguy/miniconda3/envs/airflow_mdg/lib/python3.8/site-packages/airflow/example_dags/example_trigger_controller_dag.py
[2024-04-06T23:18:35.186+0000] {logging_mixin.py:188} INFO - [2024-04-06T23:18:35.185+0000] {dag.py:3047} INFO - Sync 1 DAGs
[2024-04-06T23:18:35.215+0000] {logging_mixin.py:188} INFO - [2024-04-06T23:18:35.215+0000] {dag.py:3834} INFO - Setting next_dagrun for example_trigger_controller_dag to 2021-01-01 00:00:00+00:00, run_after=2021-01-01 00:00:00+00:00
[2024-04-06T23:18:35.251+0000] {processor.py:183} INFO - Processing /home/malangdataguy/miniconda3/envs/airflow_mdg/lib/python3.8/site-packages/airflow/example_dags/example_trigger_controller_dag.py took 0.112 seconds
[2024-04-06T23:19:14.136+0000] {processor.py:161} INFO - Started process (PID=68990) to work on /home/malangdataguy/miniconda3/envs/airflow_mdg/lib/python3.8/site-packages/airflow/example_dags/example_trigger_controller_dag.py
[2024-04-06T23:19:14.139+0000] {processor.py:830} INFO - Processing file /home/malangdataguy/miniconda3/envs/airflow_mdg/lib/python3.8/site-packages/airflow/example_dags/example_trigger_controller_dag.py for tasks to queue
[2024-04-06T23:19:14.141+0000] {logging_mixin.py:188} INFO - [2024-04-06T23:19:14.140+0000] {dagbag.py:540} INFO - Filling up the DagBag from /home/malangdataguy/miniconda3/envs/airflow_mdg/lib/python3.8/site-packages/airflow/example_dags/example_trigger_controller_dag.py
[2024-04-06T23:19:14.148+0000] {processor.py:840} INFO - DAG(s) 'example_trigger_controller_dag' retrieved from /home/malangdataguy/miniconda3/envs/airflow_mdg/lib/python3.8/site-packages/airflow/example_dags/example_trigger_controller_dag.py
[2024-04-06T23:19:14.171+0000] {logging_mixin.py:188} INFO - [2024-04-06T23:19:14.171+0000] {dag.py:3047} INFO - Sync 1 DAGs
[2024-04-06T23:19:14.195+0000] {logging_mixin.py:188} INFO - [2024-04-06T23:19:14.194+0000] {dag.py:3834} INFO - Setting next_dagrun for example_trigger_controller_dag to 2021-01-01 00:00:00+00:00, run_after=2021-01-01 00:00:00+00:00
[2024-04-06T23:19:14.222+0000] {processor.py:183} INFO - Processing /home/malangdataguy/miniconda3/envs/airflow_mdg/lib/python3.8/site-packages/airflow/example_dags/example_trigger_controller_dag.py took 0.090 seconds
[2024-04-06T23:20:00.264+0000] {processor.py:161} INFO - Started process (PID=69034) to work on /home/malangdataguy/miniconda3/envs/airflow_mdg/lib/python3.8/site-packages/airflow/example_dags/example_trigger_controller_dag.py
[2024-04-06T23:20:00.267+0000] {processor.py:830} INFO - Processing file /home/malangdataguy/miniconda3/envs/airflow_mdg/lib/python3.8/site-packages/airflow/example_dags/example_trigger_controller_dag.py for tasks to queue
[2024-04-06T23:20:00.268+0000] {logging_mixin.py:188} INFO - [2024-04-06T23:20:00.268+0000] {dagbag.py:540} INFO - Filling up the DagBag from /home/malangdataguy/miniconda3/envs/airflow_mdg/lib/python3.8/site-packages/airflow/example_dags/example_trigger_controller_dag.py
[2024-04-06T23:20:00.279+0000] {processor.py:840} INFO - DAG(s) 'example_trigger_controller_dag' retrieved from /home/malangdataguy/miniconda3/envs/airflow_mdg/lib/python3.8/site-packages/airflow/example_dags/example_trigger_controller_dag.py
[2024-04-06T23:20:00.303+0000] {logging_mixin.py:188} INFO - [2024-04-06T23:20:00.302+0000] {dag.py:3047} INFO - Sync 1 DAGs
[2024-04-06T23:20:00.333+0000] {logging_mixin.py:188} INFO - [2024-04-06T23:20:00.333+0000] {dag.py:3834} INFO - Setting next_dagrun for example_trigger_controller_dag to 2021-01-01 00:00:00+00:00, run_after=2021-01-01 00:00:00+00:00
[2024-04-06T23:20:00.365+0000] {processor.py:183} INFO - Processing /home/malangdataguy/miniconda3/envs/airflow_mdg/lib/python3.8/site-packages/airflow/example_dags/example_trigger_controller_dag.py took 0.105 seconds
[2024-04-06T23:20:46.520+0000] {processor.py:161} INFO - Started process (PID=69080) to work on /home/malangdataguy/miniconda3/envs/airflow_mdg/lib/python3.8/site-packages/airflow/example_dags/example_trigger_controller_dag.py
[2024-04-06T23:20:46.523+0000] {processor.py:830} INFO - Processing file /home/malangdataguy/miniconda3/envs/airflow_mdg/lib/python3.8/site-packages/airflow/example_dags/example_trigger_controller_dag.py for tasks to queue
[2024-04-06T23:20:46.525+0000] {logging_mixin.py:188} INFO - [2024-04-06T23:20:46.524+0000] {dagbag.py:540} INFO - Filling up the DagBag from /home/malangdataguy/miniconda3/envs/airflow_mdg/lib/python3.8/site-packages/airflow/example_dags/example_trigger_controller_dag.py
[2024-04-06T23:20:46.533+0000] {processor.py:840} INFO - DAG(s) 'example_trigger_controller_dag' retrieved from /home/malangdataguy/miniconda3/envs/airflow_mdg/lib/python3.8/site-packages/airflow/example_dags/example_trigger_controller_dag.py
[2024-04-06T23:20:46.560+0000] {logging_mixin.py:188} INFO - [2024-04-06T23:20:46.560+0000] {dag.py:3047} INFO - Sync 1 DAGs
[2024-04-06T23:20:46.588+0000] {logging_mixin.py:188} INFO - [2024-04-06T23:20:46.587+0000] {dag.py:3834} INFO - Setting next_dagrun for example_trigger_controller_dag to 2021-01-01 00:00:00+00:00, run_after=2021-01-01 00:00:00+00:00
[2024-04-06T23:20:46.624+0000] {processor.py:183} INFO - Processing /home/malangdataguy/miniconda3/envs/airflow_mdg/lib/python3.8/site-packages/airflow/example_dags/example_trigger_controller_dag.py took 0.109 seconds
[2024-04-06T23:21:26.242+0000] {processor.py:161} INFO - Started process (PID=69122) to work on /home/malangdataguy/miniconda3/envs/airflow_mdg/lib/python3.8/site-packages/airflow/example_dags/example_trigger_controller_dag.py
[2024-04-06T23:21:26.245+0000] {processor.py:830} INFO - Processing file /home/malangdataguy/miniconda3/envs/airflow_mdg/lib/python3.8/site-packages/airflow/example_dags/example_trigger_controller_dag.py for tasks to queue
[2024-04-06T23:21:26.246+0000] {logging_mixin.py:188} INFO - [2024-04-06T23:21:26.246+0000] {dagbag.py:540} INFO - Filling up the DagBag from /home/malangdataguy/miniconda3/envs/airflow_mdg/lib/python3.8/site-packages/airflow/example_dags/example_trigger_controller_dag.py
[2024-04-06T23:21:26.254+0000] {processor.py:840} INFO - DAG(s) 'example_trigger_controller_dag' retrieved from /home/malangdataguy/miniconda3/envs/airflow_mdg/lib/python3.8/site-packages/airflow/example_dags/example_trigger_controller_dag.py
[2024-04-06T23:21:26.279+0000] {logging_mixin.py:188} INFO - [2024-04-06T23:21:26.279+0000] {dag.py:3047} INFO - Sync 1 DAGs
[2024-04-06T23:21:26.303+0000] {logging_mixin.py:188} INFO - [2024-04-06T23:21:26.303+0000] {dag.py:3834} INFO - Setting next_dagrun for example_trigger_controller_dag to 2021-01-01 00:00:00+00:00, run_after=2021-01-01 00:00:00+00:00
[2024-04-06T23:21:26.334+0000] {processor.py:183} INFO - Processing /home/malangdataguy/miniconda3/envs/airflow_mdg/lib/python3.8/site-packages/airflow/example_dags/example_trigger_controller_dag.py took 0.096 seconds
[2024-04-06T23:22:09.009+0000] {processor.py:161} INFO - Started process (PID=69163) to work on /home/malangdataguy/miniconda3/envs/airflow_mdg/lib/python3.8/site-packages/airflow/example_dags/example_trigger_controller_dag.py
[2024-04-06T23:22:09.012+0000] {processor.py:830} INFO - Processing file /home/malangdataguy/miniconda3/envs/airflow_mdg/lib/python3.8/site-packages/airflow/example_dags/example_trigger_controller_dag.py for tasks to queue
[2024-04-06T23:22:09.014+0000] {logging_mixin.py:188} INFO - [2024-04-06T23:22:09.014+0000] {dagbag.py:540} INFO - Filling up the DagBag from /home/malangdataguy/miniconda3/envs/airflow_mdg/lib/python3.8/site-packages/airflow/example_dags/example_trigger_controller_dag.py
[2024-04-06T23:22:09.024+0000] {processor.py:840} INFO - DAG(s) 'example_trigger_controller_dag' retrieved from /home/malangdataguy/miniconda3/envs/airflow_mdg/lib/python3.8/site-packages/airflow/example_dags/example_trigger_controller_dag.py
[2024-04-06T23:22:09.054+0000] {logging_mixin.py:188} INFO - [2024-04-06T23:22:09.054+0000] {dag.py:3047} INFO - Sync 1 DAGs
[2024-04-06T23:22:09.083+0000] {logging_mixin.py:188} INFO - [2024-04-06T23:22:09.083+0000] {dag.py:3834} INFO - Setting next_dagrun for example_trigger_controller_dag to 2021-01-01 00:00:00+00:00, run_after=2021-01-01 00:00:00+00:00
[2024-04-06T23:22:09.118+0000] {processor.py:183} INFO - Processing /home/malangdataguy/miniconda3/envs/airflow_mdg/lib/python3.8/site-packages/airflow/example_dags/example_trigger_controller_dag.py took 0.114 seconds
[2024-04-06T23:40:16.147+0000] {processor.py:161} INFO - Started process (PID=69277) to work on /home/malangdataguy/miniconda3/envs/airflow_mdg/lib/python3.8/site-packages/airflow/example_dags/example_trigger_controller_dag.py
[2024-04-06T23:40:16.167+0000] {processor.py:830} INFO - Processing file /home/malangdataguy/miniconda3/envs/airflow_mdg/lib/python3.8/site-packages/airflow/example_dags/example_trigger_controller_dag.py for tasks to queue
[2024-04-06T23:40:16.169+0000] {logging_mixin.py:188} INFO - [2024-04-06T23:40:16.168+0000] {dagbag.py:540} INFO - Filling up the DagBag from /home/malangdataguy/miniconda3/envs/airflow_mdg/lib/python3.8/site-packages/airflow/example_dags/example_trigger_controller_dag.py
[2024-04-06T23:40:16.180+0000] {processor.py:840} INFO - DAG(s) 'example_trigger_controller_dag' retrieved from /home/malangdataguy/miniconda3/envs/airflow_mdg/lib/python3.8/site-packages/airflow/example_dags/example_trigger_controller_dag.py
[2024-04-06T23:40:16.210+0000] {logging_mixin.py:188} INFO - [2024-04-06T23:40:16.210+0000] {dag.py:3047} INFO - Sync 1 DAGs
[2024-04-06T23:40:16.243+0000] {logging_mixin.py:188} INFO - [2024-04-06T23:40:16.243+0000] {dag.py:3834} INFO - Setting next_dagrun for example_trigger_controller_dag to 2021-01-01 00:00:00+00:00, run_after=2021-01-01 00:00:00+00:00
[2024-04-06T23:40:16.280+0000] {processor.py:183} INFO - Processing /home/malangdataguy/miniconda3/envs/airflow_mdg/lib/python3.8/site-packages/airflow/example_dags/example_trigger_controller_dag.py took 0.139 seconds
[2024-04-06T23:41:09.491+0000] {processor.py:161} INFO - Started process (PID=69327) to work on /home/malangdataguy/miniconda3/envs/airflow_mdg/lib/python3.8/site-packages/airflow/example_dags/example_trigger_controller_dag.py
[2024-04-06T23:41:09.494+0000] {processor.py:830} INFO - Processing file /home/malangdataguy/miniconda3/envs/airflow_mdg/lib/python3.8/site-packages/airflow/example_dags/example_trigger_controller_dag.py for tasks to queue
[2024-04-06T23:41:09.496+0000] {logging_mixin.py:188} INFO - [2024-04-06T23:41:09.495+0000] {dagbag.py:540} INFO - Filling up the DagBag from /home/malangdataguy/miniconda3/envs/airflow_mdg/lib/python3.8/site-packages/airflow/example_dags/example_trigger_controller_dag.py
[2024-04-06T23:41:09.505+0000] {processor.py:840} INFO - DAG(s) 'example_trigger_controller_dag' retrieved from /home/malangdataguy/miniconda3/envs/airflow_mdg/lib/python3.8/site-packages/airflow/example_dags/example_trigger_controller_dag.py
[2024-04-06T23:41:09.534+0000] {logging_mixin.py:188} INFO - [2024-04-06T23:41:09.534+0000] {dag.py:3047} INFO - Sync 1 DAGs
[2024-04-06T23:41:09.563+0000] {logging_mixin.py:188} INFO - [2024-04-06T23:41:09.563+0000] {dag.py:3834} INFO - Setting next_dagrun for example_trigger_controller_dag to 2021-01-01 00:00:00+00:00, run_after=2021-01-01 00:00:00+00:00
[2024-04-06T23:41:09.597+0000] {processor.py:183} INFO - Processing /home/malangdataguy/miniconda3/envs/airflow_mdg/lib/python3.8/site-packages/airflow/example_dags/example_trigger_controller_dag.py took 0.112 seconds
[2024-04-06T23:41:53.718+0000] {processor.py:161} INFO - Started process (PID=69369) to work on /home/malangdataguy/miniconda3/envs/airflow_mdg/lib/python3.8/site-packages/airflow/example_dags/example_trigger_controller_dag.py
[2024-04-06T23:41:53.721+0000] {processor.py:830} INFO - Processing file /home/malangdataguy/miniconda3/envs/airflow_mdg/lib/python3.8/site-packages/airflow/example_dags/example_trigger_controller_dag.py for tasks to queue
[2024-04-06T23:41:53.723+0000] {logging_mixin.py:188} INFO - [2024-04-06T23:41:53.722+0000] {dagbag.py:540} INFO - Filling up the DagBag from /home/malangdataguy/miniconda3/envs/airflow_mdg/lib/python3.8/site-packages/airflow/example_dags/example_trigger_controller_dag.py
[2024-04-06T23:41:53.732+0000] {processor.py:840} INFO - DAG(s) 'example_trigger_controller_dag' retrieved from /home/malangdataguy/miniconda3/envs/airflow_mdg/lib/python3.8/site-packages/airflow/example_dags/example_trigger_controller_dag.py
[2024-04-06T23:41:53.760+0000] {logging_mixin.py:188} INFO - [2024-04-06T23:41:53.759+0000] {dag.py:3047} INFO - Sync 1 DAGs
[2024-04-06T23:41:53.788+0000] {logging_mixin.py:188} INFO - [2024-04-06T23:41:53.787+0000] {dag.py:3834} INFO - Setting next_dagrun for example_trigger_controller_dag to 2021-01-01 00:00:00+00:00, run_after=2021-01-01 00:00:00+00:00
[2024-04-06T23:41:53.824+0000] {processor.py:183} INFO - Processing /home/malangdataguy/miniconda3/envs/airflow_mdg/lib/python3.8/site-packages/airflow/example_dags/example_trigger_controller_dag.py took 0.112 seconds
[2024-04-06T23:42:38.327+0000] {processor.py:161} INFO - Started process (PID=69413) to work on /home/malangdataguy/miniconda3/envs/airflow_mdg/lib/python3.8/site-packages/airflow/example_dags/example_trigger_controller_dag.py
[2024-04-06T23:42:38.329+0000] {processor.py:830} INFO - Processing file /home/malangdataguy/miniconda3/envs/airflow_mdg/lib/python3.8/site-packages/airflow/example_dags/example_trigger_controller_dag.py for tasks to queue
[2024-04-06T23:42:38.331+0000] {logging_mixin.py:188} INFO - [2024-04-06T23:42:38.330+0000] {dagbag.py:540} INFO - Filling up the DagBag from /home/malangdataguy/miniconda3/envs/airflow_mdg/lib/python3.8/site-packages/airflow/example_dags/example_trigger_controller_dag.py
[2024-04-06T23:42:38.338+0000] {processor.py:840} INFO - DAG(s) 'example_trigger_controller_dag' retrieved from /home/malangdataguy/miniconda3/envs/airflow_mdg/lib/python3.8/site-packages/airflow/example_dags/example_trigger_controller_dag.py
[2024-04-06T23:42:38.360+0000] {logging_mixin.py:188} INFO - [2024-04-06T23:42:38.360+0000] {dag.py:3047} INFO - Sync 1 DAGs
[2024-04-06T23:42:38.385+0000] {logging_mixin.py:188} INFO - [2024-04-06T23:42:38.385+0000] {dag.py:3834} INFO - Setting next_dagrun for example_trigger_controller_dag to 2021-01-01 00:00:00+00:00, run_after=2021-01-01 00:00:00+00:00
[2024-04-06T23:42:38.414+0000] {processor.py:183} INFO - Processing /home/malangdataguy/miniconda3/envs/airflow_mdg/lib/python3.8/site-packages/airflow/example_dags/example_trigger_controller_dag.py took 0.092 seconds
[2024-04-06T23:43:21.495+0000] {processor.py:161} INFO - Started process (PID=69457) to work on /home/malangdataguy/miniconda3/envs/airflow_mdg/lib/python3.8/site-packages/airflow/example_dags/example_trigger_controller_dag.py
[2024-04-06T23:43:21.498+0000] {processor.py:830} INFO - Processing file /home/malangdataguy/miniconda3/envs/airflow_mdg/lib/python3.8/site-packages/airflow/example_dags/example_trigger_controller_dag.py for tasks to queue
[2024-04-06T23:43:21.499+0000] {logging_mixin.py:188} INFO - [2024-04-06T23:43:21.498+0000] {dagbag.py:540} INFO - Filling up the DagBag from /home/malangdataguy/miniconda3/envs/airflow_mdg/lib/python3.8/site-packages/airflow/example_dags/example_trigger_controller_dag.py
[2024-04-06T23:43:21.508+0000] {processor.py:840} INFO - DAG(s) 'example_trigger_controller_dag' retrieved from /home/malangdataguy/miniconda3/envs/airflow_mdg/lib/python3.8/site-packages/airflow/example_dags/example_trigger_controller_dag.py
[2024-04-06T23:43:21.534+0000] {logging_mixin.py:188} INFO - [2024-04-06T23:43:21.534+0000] {dag.py:3047} INFO - Sync 1 DAGs
[2024-04-06T23:43:21.561+0000] {logging_mixin.py:188} INFO - [2024-04-06T23:43:21.560+0000] {dag.py:3834} INFO - Setting next_dagrun for example_trigger_controller_dag to 2021-01-01 00:00:00+00:00, run_after=2021-01-01 00:00:00+00:00
[2024-04-06T23:43:21.593+0000] {processor.py:183} INFO - Processing /home/malangdataguy/miniconda3/envs/airflow_mdg/lib/python3.8/site-packages/airflow/example_dags/example_trigger_controller_dag.py took 0.105 seconds
[2024-04-06T23:44:06.949+0000] {processor.py:161} INFO - Started process (PID=69516) to work on /home/malangdataguy/miniconda3/envs/airflow_mdg/lib/python3.8/site-packages/airflow/example_dags/example_trigger_controller_dag.py
[2024-04-06T23:44:06.951+0000] {processor.py:830} INFO - Processing file /home/malangdataguy/miniconda3/envs/airflow_mdg/lib/python3.8/site-packages/airflow/example_dags/example_trigger_controller_dag.py for tasks to queue
[2024-04-06T23:44:06.952+0000] {logging_mixin.py:188} INFO - [2024-04-06T23:44:06.952+0000] {dagbag.py:540} INFO - Filling up the DagBag from /home/malangdataguy/miniconda3/envs/airflow_mdg/lib/python3.8/site-packages/airflow/example_dags/example_trigger_controller_dag.py
[2024-04-06T23:44:06.960+0000] {processor.py:840} INFO - DAG(s) 'example_trigger_controller_dag' retrieved from /home/malangdataguy/miniconda3/envs/airflow_mdg/lib/python3.8/site-packages/airflow/example_dags/example_trigger_controller_dag.py
[2024-04-06T23:44:06.982+0000] {logging_mixin.py:188} INFO - [2024-04-06T23:44:06.982+0000] {dag.py:3047} INFO - Sync 1 DAGs
[2024-04-06T23:44:07.009+0000] {logging_mixin.py:188} INFO - [2024-04-06T23:44:07.008+0000] {dag.py:3834} INFO - Setting next_dagrun for example_trigger_controller_dag to 2021-01-01 00:00:00+00:00, run_after=2021-01-01 00:00:00+00:00
[2024-04-06T23:44:07.036+0000] {processor.py:183} INFO - Processing /home/malangdataguy/miniconda3/envs/airflow_mdg/lib/python3.8/site-packages/airflow/example_dags/example_trigger_controller_dag.py took 0.092 seconds
[2024-04-06T23:44:50.699+0000] {processor.py:161} INFO - Started process (PID=69563) to work on /home/malangdataguy/miniconda3/envs/airflow_mdg/lib/python3.8/site-packages/airflow/example_dags/example_trigger_controller_dag.py
[2024-04-06T23:44:50.701+0000] {processor.py:830} INFO - Processing file /home/malangdataguy/miniconda3/envs/airflow_mdg/lib/python3.8/site-packages/airflow/example_dags/example_trigger_controller_dag.py for tasks to queue
[2024-04-06T23:44:50.703+0000] {logging_mixin.py:188} INFO - [2024-04-06T23:44:50.702+0000] {dagbag.py:540} INFO - Filling up the DagBag from /home/malangdataguy/miniconda3/envs/airflow_mdg/lib/python3.8/site-packages/airflow/example_dags/example_trigger_controller_dag.py
[2024-04-06T23:44:50.712+0000] {processor.py:840} INFO - DAG(s) 'example_trigger_controller_dag' retrieved from /home/malangdataguy/miniconda3/envs/airflow_mdg/lib/python3.8/site-packages/airflow/example_dags/example_trigger_controller_dag.py
[2024-04-06T23:44:50.738+0000] {logging_mixin.py:188} INFO - [2024-04-06T23:44:50.738+0000] {dag.py:3047} INFO - Sync 1 DAGs
[2024-04-06T23:44:50.764+0000] {logging_mixin.py:188} INFO - [2024-04-06T23:44:50.764+0000] {dag.py:3834} INFO - Setting next_dagrun for example_trigger_controller_dag to 2021-01-01 00:00:00+00:00, run_after=2021-01-01 00:00:00+00:00
[2024-04-06T23:44:50.795+0000] {processor.py:183} INFO - Processing /home/malangdataguy/miniconda3/envs/airflow_mdg/lib/python3.8/site-packages/airflow/example_dags/example_trigger_controller_dag.py took 0.102 seconds
[2024-04-06T23:45:32.136+0000] {processor.py:161} INFO - Started process (PID=69607) to work on /home/malangdataguy/miniconda3/envs/airflow_mdg/lib/python3.8/site-packages/airflow/example_dags/example_trigger_controller_dag.py
[2024-04-06T23:45:32.139+0000] {processor.py:830} INFO - Processing file /home/malangdataguy/miniconda3/envs/airflow_mdg/lib/python3.8/site-packages/airflow/example_dags/example_trigger_controller_dag.py for tasks to queue
[2024-04-06T23:45:32.141+0000] {logging_mixin.py:188} INFO - [2024-04-06T23:45:32.140+0000] {dagbag.py:540} INFO - Filling up the DagBag from /home/malangdataguy/miniconda3/envs/airflow_mdg/lib/python3.8/site-packages/airflow/example_dags/example_trigger_controller_dag.py
[2024-04-06T23:45:32.149+0000] {processor.py:840} INFO - DAG(s) 'example_trigger_controller_dag' retrieved from /home/malangdataguy/miniconda3/envs/airflow_mdg/lib/python3.8/site-packages/airflow/example_dags/example_trigger_controller_dag.py
[2024-04-06T23:45:32.179+0000] {logging_mixin.py:188} INFO - [2024-04-06T23:45:32.178+0000] {dag.py:3047} INFO - Sync 1 DAGs
[2024-04-06T23:45:32.204+0000] {logging_mixin.py:188} INFO - [2024-04-06T23:45:32.204+0000] {dag.py:3834} INFO - Setting next_dagrun for example_trigger_controller_dag to 2021-01-01 00:00:00+00:00, run_after=2021-01-01 00:00:00+00:00
[2024-04-06T23:45:32.233+0000] {processor.py:183} INFO - Processing /home/malangdataguy/miniconda3/envs/airflow_mdg/lib/python3.8/site-packages/airflow/example_dags/example_trigger_controller_dag.py took 0.103 seconds
[2024-04-06T23:46:13.372+0000] {processor.py:161} INFO - Started process (PID=69651) to work on /home/malangdataguy/miniconda3/envs/airflow_mdg/lib/python3.8/site-packages/airflow/example_dags/example_trigger_controller_dag.py
[2024-04-06T23:46:13.375+0000] {processor.py:830} INFO - Processing file /home/malangdataguy/miniconda3/envs/airflow_mdg/lib/python3.8/site-packages/airflow/example_dags/example_trigger_controller_dag.py for tasks to queue
[2024-04-06T23:46:13.376+0000] {logging_mixin.py:188} INFO - [2024-04-06T23:46:13.375+0000] {dagbag.py:540} INFO - Filling up the DagBag from /home/malangdataguy/miniconda3/envs/airflow_mdg/lib/python3.8/site-packages/airflow/example_dags/example_trigger_controller_dag.py
[2024-04-06T23:46:13.383+0000] {processor.py:840} INFO - DAG(s) 'example_trigger_controller_dag' retrieved from /home/malangdataguy/miniconda3/envs/airflow_mdg/lib/python3.8/site-packages/airflow/example_dags/example_trigger_controller_dag.py
[2024-04-06T23:46:13.406+0000] {logging_mixin.py:188} INFO - [2024-04-06T23:46:13.405+0000] {dag.py:3047} INFO - Sync 1 DAGs
[2024-04-06T23:46:13.429+0000] {logging_mixin.py:188} INFO - [2024-04-06T23:46:13.429+0000] {dag.py:3834} INFO - Setting next_dagrun for example_trigger_controller_dag to 2021-01-01 00:00:00+00:00, run_after=2021-01-01 00:00:00+00:00
[2024-04-06T23:46:13.458+0000] {processor.py:183} INFO - Processing /home/malangdataguy/miniconda3/envs/airflow_mdg/lib/python3.8/site-packages/airflow/example_dags/example_trigger_controller_dag.py took 0.091 seconds
[2024-04-06T23:46:52.806+0000] {processor.py:161} INFO - Started process (PID=69719) to work on /home/malangdataguy/miniconda3/envs/airflow_mdg/lib/python3.8/site-packages/airflow/example_dags/example_trigger_controller_dag.py
[2024-04-06T23:46:52.809+0000] {processor.py:830} INFO - Processing file /home/malangdataguy/miniconda3/envs/airflow_mdg/lib/python3.8/site-packages/airflow/example_dags/example_trigger_controller_dag.py for tasks to queue
[2024-04-06T23:46:52.810+0000] {logging_mixin.py:188} INFO - [2024-04-06T23:46:52.809+0000] {dagbag.py:540} INFO - Filling up the DagBag from /home/malangdataguy/miniconda3/envs/airflow_mdg/lib/python3.8/site-packages/airflow/example_dags/example_trigger_controller_dag.py
[2024-04-06T23:46:52.817+0000] {processor.py:840} INFO - DAG(s) 'example_trigger_controller_dag' retrieved from /home/malangdataguy/miniconda3/envs/airflow_mdg/lib/python3.8/site-packages/airflow/example_dags/example_trigger_controller_dag.py
[2024-04-06T23:46:52.840+0000] {logging_mixin.py:188} INFO - [2024-04-06T23:46:52.839+0000] {dag.py:3047} INFO - Sync 1 DAGs
[2024-04-06T23:46:52.864+0000] {logging_mixin.py:188} INFO - [2024-04-06T23:46:52.863+0000] {dag.py:3834} INFO - Setting next_dagrun for example_trigger_controller_dag to 2021-01-01 00:00:00+00:00, run_after=2021-01-01 00:00:00+00:00
[2024-04-06T23:46:52.895+0000] {processor.py:183} INFO - Processing /home/malangdataguy/miniconda3/envs/airflow_mdg/lib/python3.8/site-packages/airflow/example_dags/example_trigger_controller_dag.py took 0.094 seconds
[2024-04-06T23:47:31.838+0000] {processor.py:161} INFO - Started process (PID=69763) to work on /home/malangdataguy/miniconda3/envs/airflow_mdg/lib/python3.8/site-packages/airflow/example_dags/example_trigger_controller_dag.py
[2024-04-06T23:47:31.841+0000] {processor.py:830} INFO - Processing file /home/malangdataguy/miniconda3/envs/airflow_mdg/lib/python3.8/site-packages/airflow/example_dags/example_trigger_controller_dag.py for tasks to queue
[2024-04-06T23:47:31.842+0000] {logging_mixin.py:188} INFO - [2024-04-06T23:47:31.842+0000] {dagbag.py:540} INFO - Filling up the DagBag from /home/malangdataguy/miniconda3/envs/airflow_mdg/lib/python3.8/site-packages/airflow/example_dags/example_trigger_controller_dag.py
[2024-04-06T23:47:31.849+0000] {processor.py:840} INFO - DAG(s) 'example_trigger_controller_dag' retrieved from /home/malangdataguy/miniconda3/envs/airflow_mdg/lib/python3.8/site-packages/airflow/example_dags/example_trigger_controller_dag.py
[2024-04-06T23:47:31.871+0000] {logging_mixin.py:188} INFO - [2024-04-06T23:47:31.871+0000] {dag.py:3047} INFO - Sync 1 DAGs
[2024-04-06T23:47:31.895+0000] {logging_mixin.py:188} INFO - [2024-04-06T23:47:31.895+0000] {dag.py:3834} INFO - Setting next_dagrun for example_trigger_controller_dag to 2021-01-01 00:00:00+00:00, run_after=2021-01-01 00:00:00+00:00
[2024-04-06T23:47:31.923+0000] {processor.py:183} INFO - Processing /home/malangdataguy/miniconda3/envs/airflow_mdg/lib/python3.8/site-packages/airflow/example_dags/example_trigger_controller_dag.py took 0.090 seconds
[2024-04-06T23:48:15.276+0000] {processor.py:161} INFO - Started process (PID=69810) to work on /home/malangdataguy/miniconda3/envs/airflow_mdg/lib/python3.8/site-packages/airflow/example_dags/example_trigger_controller_dag.py
[2024-04-06T23:48:15.280+0000] {processor.py:830} INFO - Processing file /home/malangdataguy/miniconda3/envs/airflow_mdg/lib/python3.8/site-packages/airflow/example_dags/example_trigger_controller_dag.py for tasks to queue
[2024-04-06T23:48:15.281+0000] {logging_mixin.py:188} INFO - [2024-04-06T23:48:15.281+0000] {dagbag.py:540} INFO - Filling up the DagBag from /home/malangdataguy/miniconda3/envs/airflow_mdg/lib/python3.8/site-packages/airflow/example_dags/example_trigger_controller_dag.py
[2024-04-06T23:48:15.290+0000] {processor.py:840} INFO - DAG(s) 'example_trigger_controller_dag' retrieved from /home/malangdataguy/miniconda3/envs/airflow_mdg/lib/python3.8/site-packages/airflow/example_dags/example_trigger_controller_dag.py
[2024-04-06T23:48:15.319+0000] {logging_mixin.py:188} INFO - [2024-04-06T23:48:15.318+0000] {dag.py:3047} INFO - Sync 1 DAGs
[2024-04-06T23:48:15.346+0000] {logging_mixin.py:188} INFO - [2024-04-06T23:48:15.345+0000] {dag.py:3834} INFO - Setting next_dagrun for example_trigger_controller_dag to 2021-01-01 00:00:00+00:00, run_after=2021-01-01 00:00:00+00:00
[2024-04-06T23:48:15.379+0000] {processor.py:183} INFO - Processing /home/malangdataguy/miniconda3/envs/airflow_mdg/lib/python3.8/site-packages/airflow/example_dags/example_trigger_controller_dag.py took 0.108 seconds
[2024-04-06T23:48:56.429+0000] {processor.py:161} INFO - Started process (PID=69852) to work on /home/malangdataguy/miniconda3/envs/airflow_mdg/lib/python3.8/site-packages/airflow/example_dags/example_trigger_controller_dag.py
[2024-04-06T23:48:56.432+0000] {processor.py:830} INFO - Processing file /home/malangdataguy/miniconda3/envs/airflow_mdg/lib/python3.8/site-packages/airflow/example_dags/example_trigger_controller_dag.py for tasks to queue
[2024-04-06T23:48:56.433+0000] {logging_mixin.py:188} INFO - [2024-04-06T23:48:56.433+0000] {dagbag.py:540} INFO - Filling up the DagBag from /home/malangdataguy/miniconda3/envs/airflow_mdg/lib/python3.8/site-packages/airflow/example_dags/example_trigger_controller_dag.py
[2024-04-06T23:48:56.442+0000] {processor.py:840} INFO - DAG(s) 'example_trigger_controller_dag' retrieved from /home/malangdataguy/miniconda3/envs/airflow_mdg/lib/python3.8/site-packages/airflow/example_dags/example_trigger_controller_dag.py
[2024-04-06T23:48:56.469+0000] {logging_mixin.py:188} INFO - [2024-04-06T23:48:56.468+0000] {dag.py:3047} INFO - Sync 1 DAGs
[2024-04-06T23:48:56.497+0000] {logging_mixin.py:188} INFO - [2024-04-06T23:48:56.497+0000] {dag.py:3834} INFO - Setting next_dagrun for example_trigger_controller_dag to 2021-01-01 00:00:00+00:00, run_after=2021-01-01 00:00:00+00:00
[2024-04-06T23:48:56.528+0000] {processor.py:183} INFO - Processing /home/malangdataguy/miniconda3/envs/airflow_mdg/lib/python3.8/site-packages/airflow/example_dags/example_trigger_controller_dag.py took 0.104 seconds
[2024-04-06T23:49:40.204+0000] {processor.py:161} INFO - Started process (PID=69895) to work on /home/malangdataguy/miniconda3/envs/airflow_mdg/lib/python3.8/site-packages/airflow/example_dags/example_trigger_controller_dag.py
[2024-04-06T23:49:40.206+0000] {processor.py:830} INFO - Processing file /home/malangdataguy/miniconda3/envs/airflow_mdg/lib/python3.8/site-packages/airflow/example_dags/example_trigger_controller_dag.py for tasks to queue
[2024-04-06T23:49:40.208+0000] {logging_mixin.py:188} INFO - [2024-04-06T23:49:40.207+0000] {dagbag.py:540} INFO - Filling up the DagBag from /home/malangdataguy/miniconda3/envs/airflow_mdg/lib/python3.8/site-packages/airflow/example_dags/example_trigger_controller_dag.py
[2024-04-06T23:49:40.215+0000] {processor.py:840} INFO - DAG(s) 'example_trigger_controller_dag' retrieved from /home/malangdataguy/miniconda3/envs/airflow_mdg/lib/python3.8/site-packages/airflow/example_dags/example_trigger_controller_dag.py
[2024-04-06T23:49:40.238+0000] {logging_mixin.py:188} INFO - [2024-04-06T23:49:40.237+0000] {dag.py:3047} INFO - Sync 1 DAGs
[2024-04-06T23:49:40.262+0000] {logging_mixin.py:188} INFO - [2024-04-06T23:49:40.262+0000] {dag.py:3834} INFO - Setting next_dagrun for example_trigger_controller_dag to 2021-01-01 00:00:00+00:00, run_after=2021-01-01 00:00:00+00:00
[2024-04-06T23:49:40.292+0000] {processor.py:183} INFO - Processing /home/malangdataguy/miniconda3/envs/airflow_mdg/lib/python3.8/site-packages/airflow/example_dags/example_trigger_controller_dag.py took 0.093 seconds
[2024-04-06T23:50:29.420+0000] {processor.py:161} INFO - Started process (PID=69947) to work on /home/malangdataguy/miniconda3/envs/airflow_mdg/lib/python3.8/site-packages/airflow/example_dags/example_trigger_controller_dag.py
[2024-04-06T23:50:29.423+0000] {processor.py:830} INFO - Processing file /home/malangdataguy/miniconda3/envs/airflow_mdg/lib/python3.8/site-packages/airflow/example_dags/example_trigger_controller_dag.py for tasks to queue
[2024-04-06T23:50:29.425+0000] {logging_mixin.py:188} INFO - [2024-04-06T23:50:29.424+0000] {dagbag.py:540} INFO - Filling up the DagBag from /home/malangdataguy/miniconda3/envs/airflow_mdg/lib/python3.8/site-packages/airflow/example_dags/example_trigger_controller_dag.py
[2024-04-06T23:50:29.433+0000] {processor.py:840} INFO - DAG(s) 'example_trigger_controller_dag' retrieved from /home/malangdataguy/miniconda3/envs/airflow_mdg/lib/python3.8/site-packages/airflow/example_dags/example_trigger_controller_dag.py
[2024-04-06T23:50:29.461+0000] {logging_mixin.py:188} INFO - [2024-04-06T23:50:29.460+0000] {dag.py:3047} INFO - Sync 1 DAGs
[2024-04-06T23:50:29.488+0000] {logging_mixin.py:188} INFO - [2024-04-06T23:50:29.488+0000] {dag.py:3834} INFO - Setting next_dagrun for example_trigger_controller_dag to 2021-01-01 00:00:00+00:00, run_after=2021-01-01 00:00:00+00:00
[2024-04-06T23:50:29.523+0000] {processor.py:183} INFO - Processing /home/malangdataguy/miniconda3/envs/airflow_mdg/lib/python3.8/site-packages/airflow/example_dags/example_trigger_controller_dag.py took 0.114 seconds
[2024-04-06T23:51:12.674+0000] {processor.py:161} INFO - Started process (PID=69990) to work on /home/malangdataguy/miniconda3/envs/airflow_mdg/lib/python3.8/site-packages/airflow/example_dags/example_trigger_controller_dag.py
[2024-04-06T23:51:12.677+0000] {processor.py:830} INFO - Processing file /home/malangdataguy/miniconda3/envs/airflow_mdg/lib/python3.8/site-packages/airflow/example_dags/example_trigger_controller_dag.py for tasks to queue
[2024-04-06T23:51:12.679+0000] {logging_mixin.py:188} INFO - [2024-04-06T23:51:12.678+0000] {dagbag.py:540} INFO - Filling up the DagBag from /home/malangdataguy/miniconda3/envs/airflow_mdg/lib/python3.8/site-packages/airflow/example_dags/example_trigger_controller_dag.py
[2024-04-06T23:51:12.686+0000] {processor.py:840} INFO - DAG(s) 'example_trigger_controller_dag' retrieved from /home/malangdataguy/miniconda3/envs/airflow_mdg/lib/python3.8/site-packages/airflow/example_dags/example_trigger_controller_dag.py
[2024-04-06T23:51:12.709+0000] {logging_mixin.py:188} INFO - [2024-04-06T23:51:12.709+0000] {dag.py:3047} INFO - Sync 1 DAGs
[2024-04-06T23:51:12.732+0000] {logging_mixin.py:188} INFO - [2024-04-06T23:51:12.732+0000] {dag.py:3834} INFO - Setting next_dagrun for example_trigger_controller_dag to 2021-01-01 00:00:00+00:00, run_after=2021-01-01 00:00:00+00:00
[2024-04-06T23:51:12.760+0000] {processor.py:183} INFO - Processing /home/malangdataguy/miniconda3/envs/airflow_mdg/lib/python3.8/site-packages/airflow/example_dags/example_trigger_controller_dag.py took 0.091 seconds
[2024-04-06T23:51:56.147+0000] {processor.py:161} INFO - Started process (PID=70035) to work on /home/malangdataguy/miniconda3/envs/airflow_mdg/lib/python3.8/site-packages/airflow/example_dags/example_trigger_controller_dag.py
[2024-04-06T23:51:56.150+0000] {processor.py:830} INFO - Processing file /home/malangdataguy/miniconda3/envs/airflow_mdg/lib/python3.8/site-packages/airflow/example_dags/example_trigger_controller_dag.py for tasks to queue
[2024-04-06T23:51:56.151+0000] {logging_mixin.py:188} INFO - [2024-04-06T23:51:56.150+0000] {dagbag.py:540} INFO - Filling up the DagBag from /home/malangdataguy/miniconda3/envs/airflow_mdg/lib/python3.8/site-packages/airflow/example_dags/example_trigger_controller_dag.py
[2024-04-06T23:51:56.158+0000] {processor.py:840} INFO - DAG(s) 'example_trigger_controller_dag' retrieved from /home/malangdataguy/miniconda3/envs/airflow_mdg/lib/python3.8/site-packages/airflow/example_dags/example_trigger_controller_dag.py
[2024-04-06T23:51:56.181+0000] {logging_mixin.py:188} INFO - [2024-04-06T23:51:56.180+0000] {dag.py:3047} INFO - Sync 1 DAGs
[2024-04-06T23:51:56.206+0000] {logging_mixin.py:188} INFO - [2024-04-06T23:51:56.205+0000] {dag.py:3834} INFO - Setting next_dagrun for example_trigger_controller_dag to 2021-01-01 00:00:00+00:00, run_after=2021-01-01 00:00:00+00:00
[2024-04-06T23:51:56.234+0000] {processor.py:183} INFO - Processing /home/malangdataguy/miniconda3/envs/airflow_mdg/lib/python3.8/site-packages/airflow/example_dags/example_trigger_controller_dag.py took 0.092 seconds
[2024-04-06T23:52:40.003+0000] {processor.py:161} INFO - Started process (PID=70080) to work on /home/malangdataguy/miniconda3/envs/airflow_mdg/lib/python3.8/site-packages/airflow/example_dags/example_trigger_controller_dag.py
[2024-04-06T23:52:40.006+0000] {processor.py:830} INFO - Processing file /home/malangdataguy/miniconda3/envs/airflow_mdg/lib/python3.8/site-packages/airflow/example_dags/example_trigger_controller_dag.py for tasks to queue
[2024-04-06T23:52:40.008+0000] {logging_mixin.py:188} INFO - [2024-04-06T23:52:40.007+0000] {dagbag.py:540} INFO - Filling up the DagBag from /home/malangdataguy/miniconda3/envs/airflow_mdg/lib/python3.8/site-packages/airflow/example_dags/example_trigger_controller_dag.py
[2024-04-06T23:52:40.017+0000] {processor.py:840} INFO - DAG(s) 'example_trigger_controller_dag' retrieved from /home/malangdataguy/miniconda3/envs/airflow_mdg/lib/python3.8/site-packages/airflow/example_dags/example_trigger_controller_dag.py
[2024-04-06T23:52:40.045+0000] {logging_mixin.py:188} INFO - [2024-04-06T23:52:40.044+0000] {dag.py:3047} INFO - Sync 1 DAGs
[2024-04-06T23:52:40.076+0000] {logging_mixin.py:188} INFO - [2024-04-06T23:52:40.076+0000] {dag.py:3834} INFO - Setting next_dagrun for example_trigger_controller_dag to 2021-01-01 00:00:00+00:00, run_after=2021-01-01 00:00:00+00:00
[2024-04-06T23:52:40.111+0000] {processor.py:183} INFO - Processing /home/malangdataguy/miniconda3/envs/airflow_mdg/lib/python3.8/site-packages/airflow/example_dags/example_trigger_controller_dag.py took 0.113 seconds
[2024-04-06T23:53:24.399+0000] {processor.py:161} INFO - Started process (PID=70125) to work on /home/malangdataguy/miniconda3/envs/airflow_mdg/lib/python3.8/site-packages/airflow/example_dags/example_trigger_controller_dag.py
[2024-04-06T23:53:24.402+0000] {processor.py:830} INFO - Processing file /home/malangdataguy/miniconda3/envs/airflow_mdg/lib/python3.8/site-packages/airflow/example_dags/example_trigger_controller_dag.py for tasks to queue
[2024-04-06T23:53:24.404+0000] {logging_mixin.py:188} INFO - [2024-04-06T23:53:24.403+0000] {dagbag.py:540} INFO - Filling up the DagBag from /home/malangdataguy/miniconda3/envs/airflow_mdg/lib/python3.8/site-packages/airflow/example_dags/example_trigger_controller_dag.py
[2024-04-06T23:53:24.412+0000] {processor.py:840} INFO - DAG(s) 'example_trigger_controller_dag' retrieved from /home/malangdataguy/miniconda3/envs/airflow_mdg/lib/python3.8/site-packages/airflow/example_dags/example_trigger_controller_dag.py
[2024-04-06T23:53:24.438+0000] {logging_mixin.py:188} INFO - [2024-04-06T23:53:24.437+0000] {dag.py:3047} INFO - Sync 1 DAGs
[2024-04-06T23:53:24.465+0000] {logging_mixin.py:188} INFO - [2024-04-06T23:53:24.465+0000] {dag.py:3834} INFO - Setting next_dagrun for example_trigger_controller_dag to 2021-01-01 00:00:00+00:00, run_after=2021-01-01 00:00:00+00:00
[2024-04-06T23:53:24.504+0000] {processor.py:183} INFO - Processing /home/malangdataguy/miniconda3/envs/airflow_mdg/lib/python3.8/site-packages/airflow/example_dags/example_trigger_controller_dag.py took 0.111 seconds
[2024-04-06T23:54:09.768+0000] {processor.py:161} INFO - Started process (PID=70204) to work on /home/malangdataguy/miniconda3/envs/airflow_mdg/lib/python3.8/site-packages/airflow/example_dags/example_trigger_controller_dag.py
[2024-04-06T23:54:09.771+0000] {processor.py:830} INFO - Processing file /home/malangdataguy/miniconda3/envs/airflow_mdg/lib/python3.8/site-packages/airflow/example_dags/example_trigger_controller_dag.py for tasks to queue
[2024-04-06T23:54:09.773+0000] {logging_mixin.py:188} INFO - [2024-04-06T23:54:09.772+0000] {dagbag.py:540} INFO - Filling up the DagBag from /home/malangdataguy/miniconda3/envs/airflow_mdg/lib/python3.8/site-packages/airflow/example_dags/example_trigger_controller_dag.py
[2024-04-06T23:54:09.782+0000] {processor.py:840} INFO - DAG(s) 'example_trigger_controller_dag' retrieved from /home/malangdataguy/miniconda3/envs/airflow_mdg/lib/python3.8/site-packages/airflow/example_dags/example_trigger_controller_dag.py
[2024-04-06T23:54:09.814+0000] {logging_mixin.py:188} INFO - [2024-04-06T23:54:09.813+0000] {dag.py:3047} INFO - Sync 1 DAGs
[2024-04-06T23:54:09.843+0000] {logging_mixin.py:188} INFO - [2024-04-06T23:54:09.843+0000] {dag.py:3834} INFO - Setting next_dagrun for example_trigger_controller_dag to 2021-01-01 00:00:00+00:00, run_after=2021-01-01 00:00:00+00:00
[2024-04-06T23:54:09.879+0000] {processor.py:183} INFO - Processing /home/malangdataguy/miniconda3/envs/airflow_mdg/lib/python3.8/site-packages/airflow/example_dags/example_trigger_controller_dag.py took 0.118 seconds
[2024-04-06T23:54:50.633+0000] {processor.py:161} INFO - Started process (PID=70248) to work on /home/malangdataguy/miniconda3/envs/airflow_mdg/lib/python3.8/site-packages/airflow/example_dags/example_trigger_controller_dag.py
[2024-04-06T23:54:50.636+0000] {processor.py:830} INFO - Processing file /home/malangdataguy/miniconda3/envs/airflow_mdg/lib/python3.8/site-packages/airflow/example_dags/example_trigger_controller_dag.py for tasks to queue
[2024-04-06T23:54:50.637+0000] {logging_mixin.py:188} INFO - [2024-04-06T23:54:50.637+0000] {dagbag.py:540} INFO - Filling up the DagBag from /home/malangdataguy/miniconda3/envs/airflow_mdg/lib/python3.8/site-packages/airflow/example_dags/example_trigger_controller_dag.py
[2024-04-06T23:54:50.645+0000] {processor.py:840} INFO - DAG(s) 'example_trigger_controller_dag' retrieved from /home/malangdataguy/miniconda3/envs/airflow_mdg/lib/python3.8/site-packages/airflow/example_dags/example_trigger_controller_dag.py
[2024-04-06T23:54:50.669+0000] {logging_mixin.py:188} INFO - [2024-04-06T23:54:50.668+0000] {dag.py:3047} INFO - Sync 1 DAGs
[2024-04-06T23:54:50.692+0000] {logging_mixin.py:188} INFO - [2024-04-06T23:54:50.692+0000] {dag.py:3834} INFO - Setting next_dagrun for example_trigger_controller_dag to 2021-01-01 00:00:00+00:00, run_after=2021-01-01 00:00:00+00:00
[2024-04-06T23:54:50.722+0000] {processor.py:183} INFO - Processing /home/malangdataguy/miniconda3/envs/airflow_mdg/lib/python3.8/site-packages/airflow/example_dags/example_trigger_controller_dag.py took 0.094 seconds
[2024-04-06T23:55:33.022+0000] {processor.py:161} INFO - Started process (PID=70290) to work on /home/malangdataguy/miniconda3/envs/airflow_mdg/lib/python3.8/site-packages/airflow/example_dags/example_trigger_controller_dag.py
[2024-04-06T23:55:33.024+0000] {processor.py:830} INFO - Processing file /home/malangdataguy/miniconda3/envs/airflow_mdg/lib/python3.8/site-packages/airflow/example_dags/example_trigger_controller_dag.py for tasks to queue
[2024-04-06T23:55:33.026+0000] {logging_mixin.py:188} INFO - [2024-04-06T23:55:33.025+0000] {dagbag.py:540} INFO - Filling up the DagBag from /home/malangdataguy/miniconda3/envs/airflow_mdg/lib/python3.8/site-packages/airflow/example_dags/example_trigger_controller_dag.py
[2024-04-06T23:55:33.034+0000] {processor.py:840} INFO - DAG(s) 'example_trigger_controller_dag' retrieved from /home/malangdataguy/miniconda3/envs/airflow_mdg/lib/python3.8/site-packages/airflow/example_dags/example_trigger_controller_dag.py
[2024-04-06T23:55:33.057+0000] {logging_mixin.py:188} INFO - [2024-04-06T23:55:33.057+0000] {dag.py:3047} INFO - Sync 1 DAGs
[2024-04-06T23:55:33.084+0000] {logging_mixin.py:188} INFO - [2024-04-06T23:55:33.084+0000] {dag.py:3834} INFO - Setting next_dagrun for example_trigger_controller_dag to 2021-01-01 00:00:00+00:00, run_after=2021-01-01 00:00:00+00:00
[2024-04-06T23:55:33.114+0000] {processor.py:183} INFO - Processing /home/malangdataguy/miniconda3/envs/airflow_mdg/lib/python3.8/site-packages/airflow/example_dags/example_trigger_controller_dag.py took 0.097 seconds
