[2024-04-06T23:09:47.019+0000] {processor.py:161} INFO - Started process (PID=68397) to work on /home/malangdataguy/miniconda3/envs/airflow_mdg/lib/python3.8/site-packages/airflow/example_dags/example_latest_only.py
[2024-04-06T23:09:47.021+0000] {processor.py:830} INFO - Processing file /home/malangdataguy/miniconda3/envs/airflow_mdg/lib/python3.8/site-packages/airflow/example_dags/example_latest_only.py for tasks to queue
[2024-04-06T23:09:47.023+0000] {logging_mixin.py:188} INFO - [2024-04-06T23:09:47.022+0000] {dagbag.py:540} INFO - Filling up the DagBag from /home/malangdataguy/miniconda3/envs/airflow_mdg/lib/python3.8/site-packages/airflow/example_dags/example_latest_only.py
[2024-04-06T23:09:47.032+0000] {processor.py:840} INFO - DAG(s) 'latest_only' retrieved from /home/malangdataguy/miniconda3/envs/airflow_mdg/lib/python3.8/site-packages/airflow/example_dags/example_latest_only.py
[2024-04-06T23:09:47.153+0000] {logging_mixin.py:188} INFO - [2024-04-06T23:09:47.152+0000] {dag.py:3047} INFO - Sync 1 DAGs
[2024-04-06T23:09:47.179+0000] {logging_mixin.py:188} INFO - [2024-04-06T23:09:47.178+0000] {dag.py:3834} INFO - Setting next_dagrun for latest_only to 2024-04-06 16:00:00+00:00, run_after=2024-04-06 20:00:00+00:00
[2024-04-06T23:09:47.211+0000] {processor.py:183} INFO - Processing /home/malangdataguy/miniconda3/envs/airflow_mdg/lib/python3.8/site-packages/airflow/example_dags/example_latest_only.py took 0.197 seconds
[2024-04-06T23:10:40.142+0000] {processor.py:161} INFO - Started process (PID=68447) to work on /home/malangdataguy/miniconda3/envs/airflow_mdg/lib/python3.8/site-packages/airflow/example_dags/example_latest_only.py
[2024-04-06T23:10:40.145+0000] {processor.py:830} INFO - Processing file /home/malangdataguy/miniconda3/envs/airflow_mdg/lib/python3.8/site-packages/airflow/example_dags/example_latest_only.py for tasks to queue
[2024-04-06T23:10:40.146+0000] {logging_mixin.py:188} INFO - [2024-04-06T23:10:40.145+0000] {dagbag.py:540} INFO - Filling up the DagBag from /home/malangdataguy/miniconda3/envs/airflow_mdg/lib/python3.8/site-packages/airflow/example_dags/example_latest_only.py
[2024-04-06T23:10:40.154+0000] {processor.py:840} INFO - DAG(s) 'latest_only' retrieved from /home/malangdataguy/miniconda3/envs/airflow_mdg/lib/python3.8/site-packages/airflow/example_dags/example_latest_only.py
[2024-04-06T23:10:40.176+0000] {logging_mixin.py:188} INFO - [2024-04-06T23:10:40.176+0000] {dag.py:3047} INFO - Sync 1 DAGs
[2024-04-06T23:10:40.201+0000] {logging_mixin.py:188} INFO - [2024-04-06T23:10:40.201+0000] {dag.py:3834} INFO - Setting next_dagrun for latest_only to 2024-04-06 16:00:00+00:00, run_after=2024-04-06 20:00:00+00:00
[2024-04-06T23:10:40.227+0000] {processor.py:183} INFO - Processing /home/malangdataguy/miniconda3/envs/airflow_mdg/lib/python3.8/site-packages/airflow/example_dags/example_latest_only.py took 0.090 seconds
[2024-04-06T23:11:39.319+0000] {processor.py:161} INFO - Started process (PID=68518) to work on /home/malangdataguy/miniconda3/envs/airflow_mdg/lib/python3.8/site-packages/airflow/example_dags/example_latest_only.py
[2024-04-06T23:11:39.322+0000] {processor.py:830} INFO - Processing file /home/malangdataguy/miniconda3/envs/airflow_mdg/lib/python3.8/site-packages/airflow/example_dags/example_latest_only.py for tasks to queue
[2024-04-06T23:11:39.324+0000] {logging_mixin.py:188} INFO - [2024-04-06T23:11:39.323+0000] {dagbag.py:540} INFO - Filling up the DagBag from /home/malangdataguy/miniconda3/envs/airflow_mdg/lib/python3.8/site-packages/airflow/example_dags/example_latest_only.py
[2024-04-06T23:11:39.334+0000] {processor.py:840} INFO - DAG(s) 'latest_only' retrieved from /home/malangdataguy/miniconda3/envs/airflow_mdg/lib/python3.8/site-packages/airflow/example_dags/example_latest_only.py
[2024-04-06T23:11:39.362+0000] {logging_mixin.py:188} INFO - [2024-04-06T23:11:39.362+0000] {dag.py:3047} INFO - Sync 1 DAGs
[2024-04-06T23:11:39.394+0000] {logging_mixin.py:188} INFO - [2024-04-06T23:11:39.393+0000] {dag.py:3834} INFO - Setting next_dagrun for latest_only to 2024-04-06 16:00:00+00:00, run_after=2024-04-06 20:00:00+00:00
[2024-04-06T23:11:39.428+0000] {processor.py:183} INFO - Processing /home/malangdataguy/miniconda3/envs/airflow_mdg/lib/python3.8/site-packages/airflow/example_dags/example_latest_only.py took 0.114 seconds
[2024-04-06T23:12:46.392+0000] {processor.py:161} INFO - Started process (PID=68583) to work on /home/malangdataguy/miniconda3/envs/airflow_mdg/lib/python3.8/site-packages/airflow/example_dags/example_latest_only.py
[2024-04-06T23:12:46.395+0000] {processor.py:830} INFO - Processing file /home/malangdataguy/miniconda3/envs/airflow_mdg/lib/python3.8/site-packages/airflow/example_dags/example_latest_only.py for tasks to queue
[2024-04-06T23:12:46.396+0000] {logging_mixin.py:188} INFO - [2024-04-06T23:12:46.396+0000] {dagbag.py:540} INFO - Filling up the DagBag from /home/malangdataguy/miniconda3/envs/airflow_mdg/lib/python3.8/site-packages/airflow/example_dags/example_latest_only.py
[2024-04-06T23:12:46.406+0000] {processor.py:840} INFO - DAG(s) 'latest_only' retrieved from /home/malangdataguy/miniconda3/envs/airflow_mdg/lib/python3.8/site-packages/airflow/example_dags/example_latest_only.py
[2024-04-06T23:12:46.433+0000] {logging_mixin.py:188} INFO - [2024-04-06T23:12:46.432+0000] {dag.py:3047} INFO - Sync 1 DAGs
[2024-04-06T23:12:46.460+0000] {logging_mixin.py:188} INFO - [2024-04-06T23:12:46.459+0000] {dag.py:3834} INFO - Setting next_dagrun for latest_only to 2024-04-06 16:00:00+00:00, run_after=2024-04-06 20:00:00+00:00
[2024-04-06T23:12:46.491+0000] {processor.py:183} INFO - Processing /home/malangdataguy/miniconda3/envs/airflow_mdg/lib/python3.8/site-packages/airflow/example_dags/example_latest_only.py took 0.105 seconds
[2024-04-06T23:13:46.401+0000] {processor.py:161} INFO - Started process (PID=68648) to work on /home/malangdataguy/miniconda3/envs/airflow_mdg/lib/python3.8/site-packages/airflow/example_dags/example_latest_only.py
[2024-04-06T23:13:46.404+0000] {processor.py:830} INFO - Processing file /home/malangdataguy/miniconda3/envs/airflow_mdg/lib/python3.8/site-packages/airflow/example_dags/example_latest_only.py for tasks to queue
[2024-04-06T23:13:46.405+0000] {logging_mixin.py:188} INFO - [2024-04-06T23:13:46.404+0000] {dagbag.py:540} INFO - Filling up the DagBag from /home/malangdataguy/miniconda3/envs/airflow_mdg/lib/python3.8/site-packages/airflow/example_dags/example_latest_only.py
[2024-04-06T23:13:46.414+0000] {processor.py:840} INFO - DAG(s) 'latest_only' retrieved from /home/malangdataguy/miniconda3/envs/airflow_mdg/lib/python3.8/site-packages/airflow/example_dags/example_latest_only.py
[2024-04-06T23:13:46.437+0000] {logging_mixin.py:188} INFO - [2024-04-06T23:13:46.437+0000] {dag.py:3047} INFO - Sync 1 DAGs
[2024-04-06T23:13:46.462+0000] {logging_mixin.py:188} INFO - [2024-04-06T23:13:46.462+0000] {dag.py:3834} INFO - Setting next_dagrun for latest_only to 2024-04-06 16:00:00+00:00, run_after=2024-04-06 20:00:00+00:00
[2024-04-06T23:13:46.488+0000] {processor.py:183} INFO - Processing /home/malangdataguy/miniconda3/envs/airflow_mdg/lib/python3.8/site-packages/airflow/example_dags/example_latest_only.py took 0.092 seconds
[2024-04-06T23:14:51.853+0000] {processor.py:161} INFO - Started process (PID=68711) to work on /home/malangdataguy/miniconda3/envs/airflow_mdg/lib/python3.8/site-packages/airflow/example_dags/example_latest_only.py
[2024-04-06T23:14:51.856+0000] {processor.py:830} INFO - Processing file /home/malangdataguy/miniconda3/envs/airflow_mdg/lib/python3.8/site-packages/airflow/example_dags/example_latest_only.py for tasks to queue
[2024-04-06T23:14:51.858+0000] {logging_mixin.py:188} INFO - [2024-04-06T23:14:51.857+0000] {dagbag.py:540} INFO - Filling up the DagBag from /home/malangdataguy/miniconda3/envs/airflow_mdg/lib/python3.8/site-packages/airflow/example_dags/example_latest_only.py
[2024-04-06T23:14:51.869+0000] {processor.py:840} INFO - DAG(s) 'latest_only' retrieved from /home/malangdataguy/miniconda3/envs/airflow_mdg/lib/python3.8/site-packages/airflow/example_dags/example_latest_only.py
[2024-04-06T23:14:51.899+0000] {logging_mixin.py:188} INFO - [2024-04-06T23:14:51.899+0000] {dag.py:3047} INFO - Sync 1 DAGs
[2024-04-06T23:14:51.931+0000] {logging_mixin.py:188} INFO - [2024-04-06T23:14:51.931+0000] {dag.py:3834} INFO - Setting next_dagrun for latest_only to 2024-04-06 16:00:00+00:00, run_after=2024-04-06 20:00:00+00:00
[2024-04-06T23:14:51.962+0000] {processor.py:183} INFO - Processing /home/malangdataguy/miniconda3/envs/airflow_mdg/lib/python3.8/site-packages/airflow/example_dags/example_latest_only.py took 0.114 seconds
[2024-04-06T23:15:48.461+0000] {processor.py:161} INFO - Started process (PID=68770) to work on /home/malangdataguy/miniconda3/envs/airflow_mdg/lib/python3.8/site-packages/airflow/example_dags/example_latest_only.py
[2024-04-06T23:15:48.464+0000] {processor.py:830} INFO - Processing file /home/malangdataguy/miniconda3/envs/airflow_mdg/lib/python3.8/site-packages/airflow/example_dags/example_latest_only.py for tasks to queue
[2024-04-06T23:15:48.465+0000] {logging_mixin.py:188} INFO - [2024-04-06T23:15:48.465+0000] {dagbag.py:540} INFO - Filling up the DagBag from /home/malangdataguy/miniconda3/envs/airflow_mdg/lib/python3.8/site-packages/airflow/example_dags/example_latest_only.py
[2024-04-06T23:15:48.475+0000] {processor.py:840} INFO - DAG(s) 'latest_only' retrieved from /home/malangdataguy/miniconda3/envs/airflow_mdg/lib/python3.8/site-packages/airflow/example_dags/example_latest_only.py
[2024-04-06T23:15:48.502+0000] {logging_mixin.py:188} INFO - [2024-04-06T23:15:48.502+0000] {dag.py:3047} INFO - Sync 1 DAGs
[2024-04-06T23:15:48.531+0000] {logging_mixin.py:188} INFO - [2024-04-06T23:15:48.530+0000] {dag.py:3834} INFO - Setting next_dagrun for latest_only to 2024-04-06 16:00:00+00:00, run_after=2024-04-06 20:00:00+00:00
[2024-04-06T23:15:48.563+0000] {processor.py:183} INFO - Processing /home/malangdataguy/miniconda3/envs/airflow_mdg/lib/python3.8/site-packages/airflow/example_dags/example_latest_only.py took 0.107 seconds
[2024-04-06T23:16:43.773+0000] {processor.py:161} INFO - Started process (PID=68830) to work on /home/malangdataguy/miniconda3/envs/airflow_mdg/lib/python3.8/site-packages/airflow/example_dags/example_latest_only.py
[2024-04-06T23:16:43.775+0000] {processor.py:830} INFO - Processing file /home/malangdataguy/miniconda3/envs/airflow_mdg/lib/python3.8/site-packages/airflow/example_dags/example_latest_only.py for tasks to queue
[2024-04-06T23:16:43.777+0000] {logging_mixin.py:188} INFO - [2024-04-06T23:16:43.776+0000] {dagbag.py:540} INFO - Filling up the DagBag from /home/malangdataguy/miniconda3/envs/airflow_mdg/lib/python3.8/site-packages/airflow/example_dags/example_latest_only.py
[2024-04-06T23:16:43.785+0000] {processor.py:840} INFO - DAG(s) 'latest_only' retrieved from /home/malangdataguy/miniconda3/envs/airflow_mdg/lib/python3.8/site-packages/airflow/example_dags/example_latest_only.py
[2024-04-06T23:16:43.808+0000] {logging_mixin.py:188} INFO - [2024-04-06T23:16:43.807+0000] {dag.py:3047} INFO - Sync 1 DAGs
[2024-04-06T23:16:43.831+0000] {logging_mixin.py:188} INFO - [2024-04-06T23:16:43.831+0000] {dag.py:3834} INFO - Setting next_dagrun for latest_only to 2024-04-06 16:00:00+00:00, run_after=2024-04-06 20:00:00+00:00
[2024-04-06T23:16:43.859+0000] {processor.py:183} INFO - Processing /home/malangdataguy/miniconda3/envs/airflow_mdg/lib/python3.8/site-packages/airflow/example_dags/example_latest_only.py took 0.091 seconds
[2024-04-06T23:17:47.159+0000] {processor.py:161} INFO - Started process (PID=68902) to work on /home/malangdataguy/miniconda3/envs/airflow_mdg/lib/python3.8/site-packages/airflow/example_dags/example_latest_only.py
[2024-04-06T23:17:47.162+0000] {processor.py:830} INFO - Processing file /home/malangdataguy/miniconda3/envs/airflow_mdg/lib/python3.8/site-packages/airflow/example_dags/example_latest_only.py for tasks to queue
[2024-04-06T23:17:47.163+0000] {logging_mixin.py:188} INFO - [2024-04-06T23:17:47.163+0000] {dagbag.py:540} INFO - Filling up the DagBag from /home/malangdataguy/miniconda3/envs/airflow_mdg/lib/python3.8/site-packages/airflow/example_dags/example_latest_only.py
[2024-04-06T23:17:47.173+0000] {processor.py:840} INFO - DAG(s) 'latest_only' retrieved from /home/malangdataguy/miniconda3/envs/airflow_mdg/lib/python3.8/site-packages/airflow/example_dags/example_latest_only.py
[2024-04-06T23:17:47.199+0000] {logging_mixin.py:188} INFO - [2024-04-06T23:17:47.199+0000] {dag.py:3047} INFO - Sync 1 DAGs
[2024-04-06T23:17:47.231+0000] {logging_mixin.py:188} INFO - [2024-04-06T23:17:47.230+0000] {dag.py:3834} INFO - Setting next_dagrun for latest_only to 2024-04-06 16:00:00+00:00, run_after=2024-04-06 20:00:00+00:00
[2024-04-06T23:17:47.261+0000] {processor.py:183} INFO - Processing /home/malangdataguy/miniconda3/envs/airflow_mdg/lib/python3.8/site-packages/airflow/example_dags/example_latest_only.py took 0.108 seconds
[2024-04-06T23:18:50.789+0000] {processor.py:161} INFO - Started process (PID=68965) to work on /home/malangdataguy/miniconda3/envs/airflow_mdg/lib/python3.8/site-packages/airflow/example_dags/example_latest_only.py
[2024-04-06T23:18:50.792+0000] {processor.py:830} INFO - Processing file /home/malangdataguy/miniconda3/envs/airflow_mdg/lib/python3.8/site-packages/airflow/example_dags/example_latest_only.py for tasks to queue
[2024-04-06T23:18:50.793+0000] {logging_mixin.py:188} INFO - [2024-04-06T23:18:50.792+0000] {dagbag.py:540} INFO - Filling up the DagBag from /home/malangdataguy/miniconda3/envs/airflow_mdg/lib/python3.8/site-packages/airflow/example_dags/example_latest_only.py
[2024-04-06T23:18:50.801+0000] {processor.py:840} INFO - DAG(s) 'latest_only' retrieved from /home/malangdataguy/miniconda3/envs/airflow_mdg/lib/python3.8/site-packages/airflow/example_dags/example_latest_only.py
[2024-04-06T23:18:50.825+0000] {logging_mixin.py:188} INFO - [2024-04-06T23:18:50.825+0000] {dag.py:3047} INFO - Sync 1 DAGs
[2024-04-06T23:18:50.851+0000] {logging_mixin.py:188} INFO - [2024-04-06T23:18:50.850+0000] {dag.py:3834} INFO - Setting next_dagrun for latest_only to 2024-04-06 16:00:00+00:00, run_after=2024-04-06 20:00:00+00:00
[2024-04-06T23:18:50.878+0000] {processor.py:183} INFO - Processing /home/malangdataguy/miniconda3/envs/airflow_mdg/lib/python3.8/site-packages/airflow/example_dags/example_latest_only.py took 0.094 seconds
[2024-04-06T23:19:56.266+0000] {processor.py:161} INFO - Started process (PID=69030) to work on /home/malangdataguy/miniconda3/envs/airflow_mdg/lib/python3.8/site-packages/airflow/example_dags/example_latest_only.py
[2024-04-06T23:19:56.269+0000] {processor.py:830} INFO - Processing file /home/malangdataguy/miniconda3/envs/airflow_mdg/lib/python3.8/site-packages/airflow/example_dags/example_latest_only.py for tasks to queue
[2024-04-06T23:19:56.271+0000] {logging_mixin.py:188} INFO - [2024-04-06T23:19:56.270+0000] {dagbag.py:540} INFO - Filling up the DagBag from /home/malangdataguy/miniconda3/envs/airflow_mdg/lib/python3.8/site-packages/airflow/example_dags/example_latest_only.py
[2024-04-06T23:19:56.281+0000] {processor.py:840} INFO - DAG(s) 'latest_only' retrieved from /home/malangdataguy/miniconda3/envs/airflow_mdg/lib/python3.8/site-packages/airflow/example_dags/example_latest_only.py
[2024-04-06T23:19:56.308+0000] {logging_mixin.py:188} INFO - [2024-04-06T23:19:56.307+0000] {dag.py:3047} INFO - Sync 1 DAGs
[2024-04-06T23:19:56.337+0000] {logging_mixin.py:188} INFO - [2024-04-06T23:19:56.337+0000] {dag.py:3834} INFO - Setting next_dagrun for latest_only to 2024-04-06 16:00:00+00:00, run_after=2024-04-06 20:00:00+00:00
[2024-04-06T23:19:56.371+0000] {processor.py:183} INFO - Processing /home/malangdataguy/miniconda3/envs/airflow_mdg/lib/python3.8/site-packages/airflow/example_dags/example_latest_only.py took 0.111 seconds
[2024-04-06T23:21:03.778+0000] {processor.py:161} INFO - Started process (PID=69098) to work on /home/malangdataguy/miniconda3/envs/airflow_mdg/lib/python3.8/site-packages/airflow/example_dags/example_latest_only.py
[2024-04-06T23:21:03.781+0000] {processor.py:830} INFO - Processing file /home/malangdataguy/miniconda3/envs/airflow_mdg/lib/python3.8/site-packages/airflow/example_dags/example_latest_only.py for tasks to queue
[2024-04-06T23:21:03.783+0000] {logging_mixin.py:188} INFO - [2024-04-06T23:21:03.782+0000] {dagbag.py:540} INFO - Filling up the DagBag from /home/malangdataguy/miniconda3/envs/airflow_mdg/lib/python3.8/site-packages/airflow/example_dags/example_latest_only.py
[2024-04-06T23:21:03.793+0000] {processor.py:840} INFO - DAG(s) 'latest_only' retrieved from /home/malangdataguy/miniconda3/envs/airflow_mdg/lib/python3.8/site-packages/airflow/example_dags/example_latest_only.py
[2024-04-06T23:21:03.820+0000] {logging_mixin.py:188} INFO - [2024-04-06T23:21:03.820+0000] {dag.py:3047} INFO - Sync 1 DAGs
[2024-04-06T23:21:03.850+0000] {logging_mixin.py:188} INFO - [2024-04-06T23:21:03.850+0000] {dag.py:3834} INFO - Setting next_dagrun for latest_only to 2024-04-06 16:00:00+00:00, run_after=2024-04-06 20:00:00+00:00
[2024-04-06T23:21:03.884+0000] {processor.py:183} INFO - Processing /home/malangdataguy/miniconda3/envs/airflow_mdg/lib/python3.8/site-packages/airflow/example_dags/example_latest_only.py took 0.111 seconds
[2024-04-06T23:22:04.506+0000] {processor.py:161} INFO - Started process (PID=69159) to work on /home/malangdataguy/miniconda3/envs/airflow_mdg/lib/python3.8/site-packages/airflow/example_dags/example_latest_only.py
[2024-04-06T23:22:04.508+0000] {processor.py:830} INFO - Processing file /home/malangdataguy/miniconda3/envs/airflow_mdg/lib/python3.8/site-packages/airflow/example_dags/example_latest_only.py for tasks to queue
[2024-04-06T23:22:04.510+0000] {logging_mixin.py:188} INFO - [2024-04-06T23:22:04.509+0000] {dagbag.py:540} INFO - Filling up the DagBag from /home/malangdataguy/miniconda3/envs/airflow_mdg/lib/python3.8/site-packages/airflow/example_dags/example_latest_only.py
[2024-04-06T23:22:04.519+0000] {processor.py:840} INFO - DAG(s) 'latest_only' retrieved from /home/malangdataguy/miniconda3/envs/airflow_mdg/lib/python3.8/site-packages/airflow/example_dags/example_latest_only.py
[2024-04-06T23:22:04.543+0000] {logging_mixin.py:188} INFO - [2024-04-06T23:22:04.542+0000] {dag.py:3047} INFO - Sync 1 DAGs
[2024-04-06T23:22:04.569+0000] {logging_mixin.py:188} INFO - [2024-04-06T23:22:04.569+0000] {dag.py:3834} INFO - Setting next_dagrun for latest_only to 2024-04-06 16:00:00+00:00, run_after=2024-04-06 20:00:00+00:00
[2024-04-06T23:22:04.599+0000] {processor.py:183} INFO - Processing /home/malangdataguy/miniconda3/envs/airflow_mdg/lib/python3.8/site-packages/airflow/example_dags/example_latest_only.py took 0.099 seconds
[2024-04-06T23:40:53.391+0000] {processor.py:161} INFO - Started process (PID=69310) to work on /home/malangdataguy/miniconda3/envs/airflow_mdg/lib/python3.8/site-packages/airflow/example_dags/example_latest_only.py
[2024-04-06T23:40:53.394+0000] {processor.py:830} INFO - Processing file /home/malangdataguy/miniconda3/envs/airflow_mdg/lib/python3.8/site-packages/airflow/example_dags/example_latest_only.py for tasks to queue
[2024-04-06T23:40:53.396+0000] {logging_mixin.py:188} INFO - [2024-04-06T23:40:53.395+0000] {dagbag.py:540} INFO - Filling up the DagBag from /home/malangdataguy/miniconda3/envs/airflow_mdg/lib/python3.8/site-packages/airflow/example_dags/example_latest_only.py
[2024-04-06T23:40:53.406+0000] {processor.py:840} INFO - DAG(s) 'latest_only' retrieved from /home/malangdataguy/miniconda3/envs/airflow_mdg/lib/python3.8/site-packages/airflow/example_dags/example_latest_only.py
[2024-04-06T23:40:53.432+0000] {logging_mixin.py:188} INFO - [2024-04-06T23:40:53.432+0000] {dag.py:3047} INFO - Sync 1 DAGs
[2024-04-06T23:40:53.462+0000] {logging_mixin.py:188} INFO - [2024-04-06T23:40:53.461+0000] {dag.py:3834} INFO - Setting next_dagrun for latest_only to 2024-04-06 16:00:00+00:00, run_after=2024-04-06 20:00:00+00:00
[2024-04-06T23:40:53.498+0000] {processor.py:183} INFO - Processing /home/malangdataguy/miniconda3/envs/airflow_mdg/lib/python3.8/site-packages/airflow/example_dags/example_latest_only.py took 0.113 seconds
[2024-04-06T23:42:00.199+0000] {processor.py:161} INFO - Started process (PID=69375) to work on /home/malangdataguy/miniconda3/envs/airflow_mdg/lib/python3.8/site-packages/airflow/example_dags/example_latest_only.py
[2024-04-06T23:42:00.202+0000] {processor.py:830} INFO - Processing file /home/malangdataguy/miniconda3/envs/airflow_mdg/lib/python3.8/site-packages/airflow/example_dags/example_latest_only.py for tasks to queue
[2024-04-06T23:42:00.203+0000] {logging_mixin.py:188} INFO - [2024-04-06T23:42:00.203+0000] {dagbag.py:540} INFO - Filling up the DagBag from /home/malangdataguy/miniconda3/envs/airflow_mdg/lib/python3.8/site-packages/airflow/example_dags/example_latest_only.py
[2024-04-06T23:42:00.212+0000] {processor.py:840} INFO - DAG(s) 'latest_only' retrieved from /home/malangdataguy/miniconda3/envs/airflow_mdg/lib/python3.8/site-packages/airflow/example_dags/example_latest_only.py
[2024-04-06T23:42:00.234+0000] {logging_mixin.py:188} INFO - [2024-04-06T23:42:00.234+0000] {dag.py:3047} INFO - Sync 1 DAGs
[2024-04-06T23:42:00.259+0000] {logging_mixin.py:188} INFO - [2024-04-06T23:42:00.259+0000] {dag.py:3834} INFO - Setting next_dagrun for latest_only to 2024-04-06 16:00:00+00:00, run_after=2024-04-06 20:00:00+00:00
[2024-04-06T23:42:00.290+0000] {processor.py:183} INFO - Processing /home/malangdataguy/miniconda3/envs/airflow_mdg/lib/python3.8/site-packages/airflow/example_dags/example_latest_only.py took 0.095 seconds
[2024-04-06T23:42:50.999+0000] {processor.py:161} INFO - Started process (PID=69426) to work on /home/malangdataguy/miniconda3/envs/airflow_mdg/lib/python3.8/site-packages/airflow/example_dags/example_latest_only.py
[2024-04-06T23:42:51.002+0000] {processor.py:830} INFO - Processing file /home/malangdataguy/miniconda3/envs/airflow_mdg/lib/python3.8/site-packages/airflow/example_dags/example_latest_only.py for tasks to queue
[2024-04-06T23:42:51.004+0000] {logging_mixin.py:188} INFO - [2024-04-06T23:42:51.003+0000] {dagbag.py:540} INFO - Filling up the DagBag from /home/malangdataguy/miniconda3/envs/airflow_mdg/lib/python3.8/site-packages/airflow/example_dags/example_latest_only.py
[2024-04-06T23:42:51.014+0000] {processor.py:840} INFO - DAG(s) 'latest_only' retrieved from /home/malangdataguy/miniconda3/envs/airflow_mdg/lib/python3.8/site-packages/airflow/example_dags/example_latest_only.py
[2024-04-06T23:42:51.038+0000] {logging_mixin.py:188} INFO - [2024-04-06T23:42:51.037+0000] {dag.py:3047} INFO - Sync 1 DAGs
[2024-04-06T23:42:51.064+0000] {logging_mixin.py:188} INFO - [2024-04-06T23:42:51.064+0000] {dag.py:3834} INFO - Setting next_dagrun for latest_only to 2024-04-06 16:00:00+00:00, run_after=2024-04-06 20:00:00+00:00
[2024-04-06T23:42:51.094+0000] {processor.py:183} INFO - Processing /home/malangdataguy/miniconda3/envs/airflow_mdg/lib/python3.8/site-packages/airflow/example_dags/example_latest_only.py took 0.100 seconds
[2024-04-06T23:43:58.435+0000] {processor.py:161} INFO - Started process (PID=69506) to work on /home/malangdataguy/miniconda3/envs/airflow_mdg/lib/python3.8/site-packages/airflow/example_dags/example_latest_only.py
[2024-04-06T23:43:58.437+0000] {processor.py:830} INFO - Processing file /home/malangdataguy/miniconda3/envs/airflow_mdg/lib/python3.8/site-packages/airflow/example_dags/example_latest_only.py for tasks to queue
[2024-04-06T23:43:58.438+0000] {logging_mixin.py:188} INFO - [2024-04-06T23:43:58.438+0000] {dagbag.py:540} INFO - Filling up the DagBag from /home/malangdataguy/miniconda3/envs/airflow_mdg/lib/python3.8/site-packages/airflow/example_dags/example_latest_only.py
[2024-04-06T23:43:58.447+0000] {processor.py:840} INFO - DAG(s) 'latest_only' retrieved from /home/malangdataguy/miniconda3/envs/airflow_mdg/lib/python3.8/site-packages/airflow/example_dags/example_latest_only.py
[2024-04-06T23:43:58.473+0000] {logging_mixin.py:188} INFO - [2024-04-06T23:43:58.473+0000] {dag.py:3047} INFO - Sync 1 DAGs
[2024-04-06T23:43:58.498+0000] {logging_mixin.py:188} INFO - [2024-04-06T23:43:58.498+0000] {dag.py:3834} INFO - Setting next_dagrun for latest_only to 2024-04-06 16:00:00+00:00, run_after=2024-04-06 20:00:00+00:00
[2024-04-06T23:43:58.527+0000] {processor.py:183} INFO - Processing /home/malangdataguy/miniconda3/envs/airflow_mdg/lib/python3.8/site-packages/airflow/example_dags/example_latest_only.py took 0.097 seconds
[2024-04-06T23:45:02.869+0000] {processor.py:161} INFO - Started process (PID=69576) to work on /home/malangdataguy/miniconda3/envs/airflow_mdg/lib/python3.8/site-packages/airflow/example_dags/example_latest_only.py
[2024-04-06T23:45:02.872+0000] {processor.py:830} INFO - Processing file /home/malangdataguy/miniconda3/envs/airflow_mdg/lib/python3.8/site-packages/airflow/example_dags/example_latest_only.py for tasks to queue
[2024-04-06T23:45:02.873+0000] {logging_mixin.py:188} INFO - [2024-04-06T23:45:02.872+0000] {dagbag.py:540} INFO - Filling up the DagBag from /home/malangdataguy/miniconda3/envs/airflow_mdg/lib/python3.8/site-packages/airflow/example_dags/example_latest_only.py
[2024-04-06T23:45:02.882+0000] {processor.py:840} INFO - DAG(s) 'latest_only' retrieved from /home/malangdataguy/miniconda3/envs/airflow_mdg/lib/python3.8/site-packages/airflow/example_dags/example_latest_only.py
[2024-04-06T23:45:02.908+0000] {logging_mixin.py:188} INFO - [2024-04-06T23:45:02.907+0000] {dag.py:3047} INFO - Sync 1 DAGs
[2024-04-06T23:45:02.938+0000] {logging_mixin.py:188} INFO - [2024-04-06T23:45:02.937+0000] {dag.py:3834} INFO - Setting next_dagrun for latest_only to 2024-04-06 16:00:00+00:00, run_after=2024-04-06 20:00:00+00:00
[2024-04-06T23:45:02.968+0000] {processor.py:183} INFO - Processing /home/malangdataguy/miniconda3/envs/airflow_mdg/lib/python3.8/site-packages/airflow/example_dags/example_latest_only.py took 0.104 seconds
[2024-04-06T23:46:06.453+0000] {processor.py:161} INFO - Started process (PID=69641) to work on /home/malangdataguy/miniconda3/envs/airflow_mdg/lib/python3.8/site-packages/airflow/example_dags/example_latest_only.py
[2024-04-06T23:46:06.456+0000] {processor.py:830} INFO - Processing file /home/malangdataguy/miniconda3/envs/airflow_mdg/lib/python3.8/site-packages/airflow/example_dags/example_latest_only.py for tasks to queue
[2024-04-06T23:46:06.458+0000] {logging_mixin.py:188} INFO - [2024-04-06T23:46:06.457+0000] {dagbag.py:540} INFO - Filling up the DagBag from /home/malangdataguy/miniconda3/envs/airflow_mdg/lib/python3.8/site-packages/airflow/example_dags/example_latest_only.py
[2024-04-06T23:46:06.469+0000] {processor.py:840} INFO - DAG(s) 'latest_only' retrieved from /home/malangdataguy/miniconda3/envs/airflow_mdg/lib/python3.8/site-packages/airflow/example_dags/example_latest_only.py
[2024-04-06T23:46:06.500+0000] {logging_mixin.py:188} INFO - [2024-04-06T23:46:06.499+0000] {dag.py:3047} INFO - Sync 1 DAGs
[2024-04-06T23:46:06.531+0000] {logging_mixin.py:188} INFO - [2024-04-06T23:46:06.530+0000] {dag.py:3834} INFO - Setting next_dagrun for latest_only to 2024-04-06 16:00:00+00:00, run_after=2024-04-06 20:00:00+00:00
[2024-04-06T23:46:06.568+0000] {processor.py:183} INFO - Processing /home/malangdataguy/miniconda3/envs/airflow_mdg/lib/python3.8/site-packages/airflow/example_dags/example_latest_only.py took 0.122 seconds
[2024-04-06T23:47:04.338+0000] {processor.py:161} INFO - Started process (PID=69733) to work on /home/malangdataguy/miniconda3/envs/airflow_mdg/lib/python3.8/site-packages/airflow/example_dags/example_latest_only.py
[2024-04-06T23:47:04.341+0000] {processor.py:830} INFO - Processing file /home/malangdataguy/miniconda3/envs/airflow_mdg/lib/python3.8/site-packages/airflow/example_dags/example_latest_only.py for tasks to queue
[2024-04-06T23:47:04.342+0000] {logging_mixin.py:188} INFO - [2024-04-06T23:47:04.342+0000] {dagbag.py:540} INFO - Filling up the DagBag from /home/malangdataguy/miniconda3/envs/airflow_mdg/lib/python3.8/site-packages/airflow/example_dags/example_latest_only.py
[2024-04-06T23:47:04.351+0000] {processor.py:840} INFO - DAG(s) 'latest_only' retrieved from /home/malangdataguy/miniconda3/envs/airflow_mdg/lib/python3.8/site-packages/airflow/example_dags/example_latest_only.py
[2024-04-06T23:47:04.374+0000] {logging_mixin.py:188} INFO - [2024-04-06T23:47:04.374+0000] {dag.py:3047} INFO - Sync 1 DAGs
[2024-04-06T23:47:04.399+0000] {logging_mixin.py:188} INFO - [2024-04-06T23:47:04.399+0000] {dag.py:3834} INFO - Setting next_dagrun for latest_only to 2024-04-06 16:00:00+00:00, run_after=2024-04-06 20:00:00+00:00
[2024-04-06T23:47:04.429+0000] {processor.py:183} INFO - Processing /home/malangdataguy/miniconda3/envs/airflow_mdg/lib/python3.8/site-packages/airflow/example_dags/example_latest_only.py took 0.095 seconds
[2024-04-06T23:48:05.812+0000] {processor.py:161} INFO - Started process (PID=69800) to work on /home/malangdataguy/miniconda3/envs/airflow_mdg/lib/python3.8/site-packages/airflow/example_dags/example_latest_only.py
[2024-04-06T23:48:05.814+0000] {processor.py:830} INFO - Processing file /home/malangdataguy/miniconda3/envs/airflow_mdg/lib/python3.8/site-packages/airflow/example_dags/example_latest_only.py for tasks to queue
[2024-04-06T23:48:05.815+0000] {logging_mixin.py:188} INFO - [2024-04-06T23:48:05.815+0000] {dagbag.py:540} INFO - Filling up the DagBag from /home/malangdataguy/miniconda3/envs/airflow_mdg/lib/python3.8/site-packages/airflow/example_dags/example_latest_only.py
[2024-04-06T23:48:05.824+0000] {processor.py:840} INFO - DAG(s) 'latest_only' retrieved from /home/malangdataguy/miniconda3/envs/airflow_mdg/lib/python3.8/site-packages/airflow/example_dags/example_latest_only.py
[2024-04-06T23:48:05.848+0000] {logging_mixin.py:188} INFO - [2024-04-06T23:48:05.847+0000] {dag.py:3047} INFO - Sync 1 DAGs
[2024-04-06T23:48:05.874+0000] {logging_mixin.py:188} INFO - [2024-04-06T23:48:05.873+0000] {dag.py:3834} INFO - Setting next_dagrun for latest_only to 2024-04-06 16:00:00+00:00, run_after=2024-04-06 20:00:00+00:00
[2024-04-06T23:48:05.903+0000] {processor.py:183} INFO - Processing /home/malangdataguy/miniconda3/envs/airflow_mdg/lib/python3.8/site-packages/airflow/example_dags/example_latest_only.py took 0.096 seconds
[2024-04-06T23:49:09.135+0000] {processor.py:161} INFO - Started process (PID=69863) to work on /home/malangdataguy/miniconda3/envs/airflow_mdg/lib/python3.8/site-packages/airflow/example_dags/example_latest_only.py
[2024-04-06T23:49:09.139+0000] {processor.py:830} INFO - Processing file /home/malangdataguy/miniconda3/envs/airflow_mdg/lib/python3.8/site-packages/airflow/example_dags/example_latest_only.py for tasks to queue
[2024-04-06T23:49:09.140+0000] {logging_mixin.py:188} INFO - [2024-04-06T23:49:09.140+0000] {dagbag.py:540} INFO - Filling up the DagBag from /home/malangdataguy/miniconda3/envs/airflow_mdg/lib/python3.8/site-packages/airflow/example_dags/example_latest_only.py
[2024-04-06T23:49:09.150+0000] {processor.py:840} INFO - DAG(s) 'latest_only' retrieved from /home/malangdataguy/miniconda3/envs/airflow_mdg/lib/python3.8/site-packages/airflow/example_dags/example_latest_only.py
[2024-04-06T23:49:09.177+0000] {logging_mixin.py:188} INFO - [2024-04-06T23:49:09.177+0000] {dag.py:3047} INFO - Sync 1 DAGs
[2024-04-06T23:49:09.206+0000] {logging_mixin.py:188} INFO - [2024-04-06T23:49:09.206+0000] {dag.py:3834} INFO - Setting next_dagrun for latest_only to 2024-04-06 16:00:00+00:00, run_after=2024-04-06 20:00:00+00:00
[2024-04-06T23:49:09.239+0000] {processor.py:183} INFO - Processing /home/malangdataguy/miniconda3/envs/airflow_mdg/lib/python3.8/site-packages/airflow/example_dags/example_latest_only.py took 0.109 seconds
[2024-04-06T23:50:09.472+0000] {processor.py:161} INFO - Started process (PID=69927) to work on /home/malangdataguy/miniconda3/envs/airflow_mdg/lib/python3.8/site-packages/airflow/example_dags/example_latest_only.py
[2024-04-06T23:50:09.475+0000] {processor.py:830} INFO - Processing file /home/malangdataguy/miniconda3/envs/airflow_mdg/lib/python3.8/site-packages/airflow/example_dags/example_latest_only.py for tasks to queue
[2024-04-06T23:50:09.477+0000] {logging_mixin.py:188} INFO - [2024-04-06T23:50:09.476+0000] {dagbag.py:540} INFO - Filling up the DagBag from /home/malangdataguy/miniconda3/envs/airflow_mdg/lib/python3.8/site-packages/airflow/example_dags/example_latest_only.py
[2024-04-06T23:50:09.486+0000] {processor.py:840} INFO - DAG(s) 'latest_only' retrieved from /home/malangdataguy/miniconda3/envs/airflow_mdg/lib/python3.8/site-packages/airflow/example_dags/example_latest_only.py
[2024-04-06T23:50:09.517+0000] {logging_mixin.py:188} INFO - [2024-04-06T23:50:09.516+0000] {dag.py:3047} INFO - Sync 1 DAGs
[2024-04-06T23:50:09.545+0000] {logging_mixin.py:188} INFO - [2024-04-06T23:50:09.545+0000] {dag.py:3834} INFO - Setting next_dagrun for latest_only to 2024-04-06 16:00:00+00:00, run_after=2024-04-06 20:00:00+00:00
[2024-04-06T23:50:09.584+0000] {processor.py:183} INFO - Processing /home/malangdataguy/miniconda3/envs/airflow_mdg/lib/python3.8/site-packages/airflow/example_dags/example_latest_only.py took 0.117 seconds
[2024-04-06T23:51:11.683+0000] {processor.py:161} INFO - Started process (PID=69989) to work on /home/malangdataguy/miniconda3/envs/airflow_mdg/lib/python3.8/site-packages/airflow/example_dags/example_latest_only.py
[2024-04-06T23:51:11.686+0000] {processor.py:830} INFO - Processing file /home/malangdataguy/miniconda3/envs/airflow_mdg/lib/python3.8/site-packages/airflow/example_dags/example_latest_only.py for tasks to queue
[2024-04-06T23:51:11.688+0000] {logging_mixin.py:188} INFO - [2024-04-06T23:51:11.687+0000] {dagbag.py:540} INFO - Filling up the DagBag from /home/malangdataguy/miniconda3/envs/airflow_mdg/lib/python3.8/site-packages/airflow/example_dags/example_latest_only.py
[2024-04-06T23:51:11.697+0000] {processor.py:840} INFO - DAG(s) 'latest_only' retrieved from /home/malangdataguy/miniconda3/envs/airflow_mdg/lib/python3.8/site-packages/airflow/example_dags/example_latest_only.py
[2024-04-06T23:51:11.720+0000] {logging_mixin.py:188} INFO - [2024-04-06T23:51:11.720+0000] {dag.py:3047} INFO - Sync 1 DAGs
[2024-04-06T23:51:11.747+0000] {logging_mixin.py:188} INFO - [2024-04-06T23:51:11.747+0000] {dag.py:3834} INFO - Setting next_dagrun for latest_only to 2024-04-06 16:00:00+00:00, run_after=2024-04-06 20:00:00+00:00
[2024-04-06T23:51:11.775+0000] {processor.py:183} INFO - Processing /home/malangdataguy/miniconda3/envs/airflow_mdg/lib/python3.8/site-packages/airflow/example_dags/example_latest_only.py took 0.097 seconds
[2024-04-06T23:52:17.211+0000] {processor.py:161} INFO - Started process (PID=70057) to work on /home/malangdataguy/miniconda3/envs/airflow_mdg/lib/python3.8/site-packages/airflow/example_dags/example_latest_only.py
[2024-04-06T23:52:17.214+0000] {processor.py:830} INFO - Processing file /home/malangdataguy/miniconda3/envs/airflow_mdg/lib/python3.8/site-packages/airflow/example_dags/example_latest_only.py for tasks to queue
[2024-04-06T23:52:17.215+0000] {logging_mixin.py:188} INFO - [2024-04-06T23:52:17.214+0000] {dagbag.py:540} INFO - Filling up the DagBag from /home/malangdataguy/miniconda3/envs/airflow_mdg/lib/python3.8/site-packages/airflow/example_dags/example_latest_only.py
[2024-04-06T23:52:17.224+0000] {processor.py:840} INFO - DAG(s) 'latest_only' retrieved from /home/malangdataguy/miniconda3/envs/airflow_mdg/lib/python3.8/site-packages/airflow/example_dags/example_latest_only.py
[2024-04-06T23:52:17.251+0000] {logging_mixin.py:188} INFO - [2024-04-06T23:52:17.251+0000] {dag.py:3047} INFO - Sync 1 DAGs
[2024-04-06T23:52:17.277+0000] {logging_mixin.py:188} INFO - [2024-04-06T23:52:17.276+0000] {dag.py:3834} INFO - Setting next_dagrun for latest_only to 2024-04-06 16:00:00+00:00, run_after=2024-04-06 20:00:00+00:00
[2024-04-06T23:52:17.307+0000] {processor.py:183} INFO - Processing /home/malangdataguy/miniconda3/envs/airflow_mdg/lib/python3.8/site-packages/airflow/example_dags/example_latest_only.py took 0.101 seconds
[2024-04-06T23:53:23.137+0000] {processor.py:161} INFO - Started process (PID=70124) to work on /home/malangdataguy/miniconda3/envs/airflow_mdg/lib/python3.8/site-packages/airflow/example_dags/example_latest_only.py
[2024-04-06T23:53:23.141+0000] {processor.py:830} INFO - Processing file /home/malangdataguy/miniconda3/envs/airflow_mdg/lib/python3.8/site-packages/airflow/example_dags/example_latest_only.py for tasks to queue
[2024-04-06T23:53:23.142+0000] {logging_mixin.py:188} INFO - [2024-04-06T23:53:23.142+0000] {dagbag.py:540} INFO - Filling up the DagBag from /home/malangdataguy/miniconda3/envs/airflow_mdg/lib/python3.8/site-packages/airflow/example_dags/example_latest_only.py
[2024-04-06T23:53:23.152+0000] {processor.py:840} INFO - DAG(s) 'latest_only' retrieved from /home/malangdataguy/miniconda3/envs/airflow_mdg/lib/python3.8/site-packages/airflow/example_dags/example_latest_only.py
[2024-04-06T23:53:23.180+0000] {logging_mixin.py:188} INFO - [2024-04-06T23:53:23.180+0000] {dag.py:3047} INFO - Sync 1 DAGs
[2024-04-06T23:53:23.211+0000] {logging_mixin.py:188} INFO - [2024-04-06T23:53:23.211+0000] {dag.py:3834} INFO - Setting next_dagrun for latest_only to 2024-04-06 16:00:00+00:00, run_after=2024-04-06 20:00:00+00:00
[2024-04-06T23:53:23.245+0000] {processor.py:183} INFO - Processing /home/malangdataguy/miniconda3/envs/airflow_mdg/lib/python3.8/site-packages/airflow/example_dags/example_latest_only.py took 0.114 seconds
[2024-04-06T23:54:29.479+0000] {processor.py:161} INFO - Started process (PID=70226) to work on /home/malangdataguy/miniconda3/envs/airflow_mdg/lib/python3.8/site-packages/airflow/example_dags/example_latest_only.py
[2024-04-06T23:54:29.481+0000] {processor.py:830} INFO - Processing file /home/malangdataguy/miniconda3/envs/airflow_mdg/lib/python3.8/site-packages/airflow/example_dags/example_latest_only.py for tasks to queue
[2024-04-06T23:54:29.483+0000] {logging_mixin.py:188} INFO - [2024-04-06T23:54:29.482+0000] {dagbag.py:540} INFO - Filling up the DagBag from /home/malangdataguy/miniconda3/envs/airflow_mdg/lib/python3.8/site-packages/airflow/example_dags/example_latest_only.py
[2024-04-06T23:54:29.492+0000] {processor.py:840} INFO - DAG(s) 'latest_only' retrieved from /home/malangdataguy/miniconda3/envs/airflow_mdg/lib/python3.8/site-packages/airflow/example_dags/example_latest_only.py
[2024-04-06T23:54:29.520+0000] {logging_mixin.py:188} INFO - [2024-04-06T23:54:29.520+0000] {dag.py:3047} INFO - Sync 1 DAGs
[2024-04-06T23:54:29.550+0000] {logging_mixin.py:188} INFO - [2024-04-06T23:54:29.549+0000] {dag.py:3834} INFO - Setting next_dagrun for latest_only to 2024-04-06 16:00:00+00:00, run_after=2024-04-06 20:00:00+00:00
[2024-04-06T23:54:29.581+0000] {processor.py:183} INFO - Processing /home/malangdataguy/miniconda3/envs/airflow_mdg/lib/python3.8/site-packages/airflow/example_dags/example_latest_only.py took 0.108 seconds
[2024-04-06T23:55:31.773+0000] {processor.py:161} INFO - Started process (PID=70289) to work on /home/malangdataguy/miniconda3/envs/airflow_mdg/lib/python3.8/site-packages/airflow/example_dags/example_latest_only.py
[2024-04-06T23:55:31.776+0000] {processor.py:830} INFO - Processing file /home/malangdataguy/miniconda3/envs/airflow_mdg/lib/python3.8/site-packages/airflow/example_dags/example_latest_only.py for tasks to queue
[2024-04-06T23:55:31.777+0000] {logging_mixin.py:188} INFO - [2024-04-06T23:55:31.777+0000] {dagbag.py:540} INFO - Filling up the DagBag from /home/malangdataguy/miniconda3/envs/airflow_mdg/lib/python3.8/site-packages/airflow/example_dags/example_latest_only.py
[2024-04-06T23:55:31.787+0000] {processor.py:840} INFO - DAG(s) 'latest_only' retrieved from /home/malangdataguy/miniconda3/envs/airflow_mdg/lib/python3.8/site-packages/airflow/example_dags/example_latest_only.py
[2024-04-06T23:55:31.815+0000] {logging_mixin.py:188} INFO - [2024-04-06T23:55:31.814+0000] {dag.py:3047} INFO - Sync 1 DAGs
[2024-04-06T23:55:31.843+0000] {logging_mixin.py:188} INFO - [2024-04-06T23:55:31.843+0000] {dag.py:3834} INFO - Setting next_dagrun for latest_only to 2024-04-06 16:00:00+00:00, run_after=2024-04-06 20:00:00+00:00
[2024-04-06T23:55:31.879+0000] {processor.py:183} INFO - Processing /home/malangdataguy/miniconda3/envs/airflow_mdg/lib/python3.8/site-packages/airflow/example_dags/example_latest_only.py took 0.112 seconds
