[2024-04-06T23:09:33.629+0000] {processor.py:161} INFO - Started process (PID=68384) to work on /home/malangdataguy/miniconda3/envs/airflow_mdg/lib/python3.8/site-packages/airflow/example_dags/example_external_task_marker_dag.py
[2024-04-06T23:09:33.630+0000] {processor.py:830} INFO - Processing file /home/malangdataguy/miniconda3/envs/airflow_mdg/lib/python3.8/site-packages/airflow/example_dags/example_external_task_marker_dag.py for tasks to queue
[2024-04-06T23:09:33.632+0000] {logging_mixin.py:188} INFO - [2024-04-06T23:09:33.631+0000] {dagbag.py:540} INFO - Filling up the DagBag from /home/malangdataguy/miniconda3/envs/airflow_mdg/lib/python3.8/site-packages/airflow/example_dags/example_external_task_marker_dag.py
[2024-04-06T23:09:33.641+0000] {processor.py:840} INFO - DAG(s) 'example_external_task_marker_parent', 'example_external_task_marker_child' retrieved from /home/malangdataguy/miniconda3/envs/airflow_mdg/lib/python3.8/site-packages/airflow/example_dags/example_external_task_marker_dag.py
[2024-04-06T23:09:33.764+0000] {logging_mixin.py:188} INFO - [2024-04-06T23:09:33.764+0000] {dag.py:3047} INFO - Sync 2 DAGs
[2024-04-06T23:09:33.777+0000] {logging_mixin.py:188} INFO - [2024-04-06T23:09:33.776+0000] {dag.py:3834} INFO - Setting next_dagrun for example_external_task_marker_child to None, run_after=None
[2024-04-06T23:09:33.780+0000] {logging_mixin.py:188} INFO - [2024-04-06T23:09:33.780+0000] {dag.py:3834} INFO - Setting next_dagrun for example_external_task_marker_parent to None, run_after=None
[2024-04-06T23:09:33.809+0000] {processor.py:183} INFO - Processing /home/malangdataguy/miniconda3/envs/airflow_mdg/lib/python3.8/site-packages/airflow/example_dags/example_external_task_marker_dag.py took 0.184 seconds
[2024-04-06T23:10:26.889+0000] {processor.py:161} INFO - Started process (PID=68434) to work on /home/malangdataguy/miniconda3/envs/airflow_mdg/lib/python3.8/site-packages/airflow/example_dags/example_external_task_marker_dag.py
[2024-04-06T23:10:26.892+0000] {processor.py:830} INFO - Processing file /home/malangdataguy/miniconda3/envs/airflow_mdg/lib/python3.8/site-packages/airflow/example_dags/example_external_task_marker_dag.py for tasks to queue
[2024-04-06T23:10:26.893+0000] {logging_mixin.py:188} INFO - [2024-04-06T23:10:26.892+0000] {dagbag.py:540} INFO - Filling up the DagBag from /home/malangdataguy/miniconda3/envs/airflow_mdg/lib/python3.8/site-packages/airflow/example_dags/example_external_task_marker_dag.py
[2024-04-06T23:10:26.905+0000] {processor.py:840} INFO - DAG(s) 'example_external_task_marker_parent', 'example_external_task_marker_child' retrieved from /home/malangdataguy/miniconda3/envs/airflow_mdg/lib/python3.8/site-packages/airflow/example_dags/example_external_task_marker_dag.py
[2024-04-06T23:10:26.945+0000] {logging_mixin.py:188} INFO - [2024-04-06T23:10:26.944+0000] {dag.py:3047} INFO - Sync 2 DAGs
[2024-04-06T23:10:26.962+0000] {logging_mixin.py:188} INFO - [2024-04-06T23:10:26.962+0000] {dag.py:3834} INFO - Setting next_dagrun for example_external_task_marker_child to None, run_after=None
[2024-04-06T23:10:26.967+0000] {logging_mixin.py:188} INFO - [2024-04-06T23:10:26.967+0000] {dag.py:3834} INFO - Setting next_dagrun for example_external_task_marker_parent to None, run_after=None
[2024-04-06T23:10:27.000+0000] {processor.py:183} INFO - Processing /home/malangdataguy/miniconda3/envs/airflow_mdg/lib/python3.8/site-packages/airflow/example_dags/example_external_task_marker_dag.py took 0.117 seconds
[2024-04-06T23:11:15.259+0000] {processor.py:161} INFO - Started process (PID=68494) to work on /home/malangdataguy/miniconda3/envs/airflow_mdg/lib/python3.8/site-packages/airflow/example_dags/example_external_task_marker_dag.py
[2024-04-06T23:11:15.262+0000] {processor.py:830} INFO - Processing file /home/malangdataguy/miniconda3/envs/airflow_mdg/lib/python3.8/site-packages/airflow/example_dags/example_external_task_marker_dag.py for tasks to queue
[2024-04-06T23:11:15.264+0000] {logging_mixin.py:188} INFO - [2024-04-06T23:11:15.263+0000] {dagbag.py:540} INFO - Filling up the DagBag from /home/malangdataguy/miniconda3/envs/airflow_mdg/lib/python3.8/site-packages/airflow/example_dags/example_external_task_marker_dag.py
[2024-04-06T23:11:15.274+0000] {processor.py:840} INFO - DAG(s) 'example_external_task_marker_child', 'example_external_task_marker_parent' retrieved from /home/malangdataguy/miniconda3/envs/airflow_mdg/lib/python3.8/site-packages/airflow/example_dags/example_external_task_marker_dag.py
[2024-04-06T23:11:15.308+0000] {logging_mixin.py:188} INFO - [2024-04-06T23:11:15.308+0000] {dag.py:3047} INFO - Sync 2 DAGs
[2024-04-06T23:11:15.324+0000] {logging_mixin.py:188} INFO - [2024-04-06T23:11:15.324+0000] {dag.py:3834} INFO - Setting next_dagrun for example_external_task_marker_child to None, run_after=None
[2024-04-06T23:11:15.329+0000] {logging_mixin.py:188} INFO - [2024-04-06T23:11:15.329+0000] {dag.py:3834} INFO - Setting next_dagrun for example_external_task_marker_parent to None, run_after=None
[2024-04-06T23:11:15.362+0000] {processor.py:183} INFO - Processing /home/malangdataguy/miniconda3/envs/airflow_mdg/lib/python3.8/site-packages/airflow/example_dags/example_external_task_marker_dag.py took 0.108 seconds
[2024-04-06T23:12:17.949+0000] {processor.py:161} INFO - Started process (PID=68556) to work on /home/malangdataguy/miniconda3/envs/airflow_mdg/lib/python3.8/site-packages/airflow/example_dags/example_external_task_marker_dag.py
[2024-04-06T23:12:17.951+0000] {processor.py:830} INFO - Processing file /home/malangdataguy/miniconda3/envs/airflow_mdg/lib/python3.8/site-packages/airflow/example_dags/example_external_task_marker_dag.py for tasks to queue
[2024-04-06T23:12:17.952+0000] {logging_mixin.py:188} INFO - [2024-04-06T23:12:17.952+0000] {dagbag.py:540} INFO - Filling up the DagBag from /home/malangdataguy/miniconda3/envs/airflow_mdg/lib/python3.8/site-packages/airflow/example_dags/example_external_task_marker_dag.py
[2024-04-06T23:12:17.961+0000] {processor.py:840} INFO - DAG(s) 'example_external_task_marker_child', 'example_external_task_marker_parent' retrieved from /home/malangdataguy/miniconda3/envs/airflow_mdg/lib/python3.8/site-packages/airflow/example_dags/example_external_task_marker_dag.py
[2024-04-06T23:12:17.988+0000] {logging_mixin.py:188} INFO - [2024-04-06T23:12:17.988+0000] {dag.py:3047} INFO - Sync 2 DAGs
[2024-04-06T23:12:18.002+0000] {logging_mixin.py:188} INFO - [2024-04-06T23:12:18.002+0000] {dag.py:3834} INFO - Setting next_dagrun for example_external_task_marker_child to None, run_after=None
[2024-04-06T23:12:18.006+0000] {logging_mixin.py:188} INFO - [2024-04-06T23:12:18.006+0000] {dag.py:3834} INFO - Setting next_dagrun for example_external_task_marker_parent to None, run_after=None
[2024-04-06T23:12:18.032+0000] {processor.py:183} INFO - Processing /home/malangdataguy/miniconda3/envs/airflow_mdg/lib/python3.8/site-packages/airflow/example_dags/example_external_task_marker_dag.py took 0.088 seconds
[2024-04-06T23:13:02.417+0000] {processor.py:161} INFO - Started process (PID=68601) to work on /home/malangdataguy/miniconda3/envs/airflow_mdg/lib/python3.8/site-packages/airflow/example_dags/example_external_task_marker_dag.py
[2024-04-06T23:13:02.419+0000] {processor.py:830} INFO - Processing file /home/malangdataguy/miniconda3/envs/airflow_mdg/lib/python3.8/site-packages/airflow/example_dags/example_external_task_marker_dag.py for tasks to queue
[2024-04-06T23:13:02.420+0000] {logging_mixin.py:188} INFO - [2024-04-06T23:13:02.420+0000] {dagbag.py:540} INFO - Filling up the DagBag from /home/malangdataguy/miniconda3/envs/airflow_mdg/lib/python3.8/site-packages/airflow/example_dags/example_external_task_marker_dag.py
[2024-04-06T23:13:02.430+0000] {processor.py:840} INFO - DAG(s) 'example_external_task_marker_child', 'example_external_task_marker_parent' retrieved from /home/malangdataguy/miniconda3/envs/airflow_mdg/lib/python3.8/site-packages/airflow/example_dags/example_external_task_marker_dag.py
[2024-04-06T23:13:02.455+0000] {logging_mixin.py:188} INFO - [2024-04-06T23:13:02.455+0000] {dag.py:3047} INFO - Sync 2 DAGs
[2024-04-06T23:13:02.471+0000] {logging_mixin.py:188} INFO - [2024-04-06T23:13:02.470+0000] {dag.py:3834} INFO - Setting next_dagrun for example_external_task_marker_child to None, run_after=None
[2024-04-06T23:13:02.474+0000] {logging_mixin.py:188} INFO - [2024-04-06T23:13:02.474+0000] {dag.py:3834} INFO - Setting next_dagrun for example_external_task_marker_parent to None, run_after=None
[2024-04-06T23:13:02.501+0000] {processor.py:183} INFO - Processing /home/malangdataguy/miniconda3/envs/airflow_mdg/lib/python3.8/site-packages/airflow/example_dags/example_external_task_marker_dag.py took 0.088 seconds
[2024-04-06T23:14:03.326+0000] {processor.py:161} INFO - Started process (PID=68664) to work on /home/malangdataguy/miniconda3/envs/airflow_mdg/lib/python3.8/site-packages/airflow/example_dags/example_external_task_marker_dag.py
[2024-04-06T23:14:03.328+0000] {processor.py:830} INFO - Processing file /home/malangdataguy/miniconda3/envs/airflow_mdg/lib/python3.8/site-packages/airflow/example_dags/example_external_task_marker_dag.py for tasks to queue
[2024-04-06T23:14:03.330+0000] {logging_mixin.py:188} INFO - [2024-04-06T23:14:03.329+0000] {dagbag.py:540} INFO - Filling up the DagBag from /home/malangdataguy/miniconda3/envs/airflow_mdg/lib/python3.8/site-packages/airflow/example_dags/example_external_task_marker_dag.py
[2024-04-06T23:14:03.340+0000] {processor.py:840} INFO - DAG(s) 'example_external_task_marker_parent', 'example_external_task_marker_child' retrieved from /home/malangdataguy/miniconda3/envs/airflow_mdg/lib/python3.8/site-packages/airflow/example_dags/example_external_task_marker_dag.py
[2024-04-06T23:14:03.366+0000] {logging_mixin.py:188} INFO - [2024-04-06T23:14:03.366+0000] {dag.py:3047} INFO - Sync 2 DAGs
[2024-04-06T23:14:03.381+0000] {logging_mixin.py:188} INFO - [2024-04-06T23:14:03.381+0000] {dag.py:3834} INFO - Setting next_dagrun for example_external_task_marker_child to None, run_after=None
[2024-04-06T23:14:03.385+0000] {logging_mixin.py:188} INFO - [2024-04-06T23:14:03.385+0000] {dag.py:3834} INFO - Setting next_dagrun for example_external_task_marker_parent to None, run_after=None
[2024-04-06T23:14:03.413+0000] {processor.py:183} INFO - Processing /home/malangdataguy/miniconda3/envs/airflow_mdg/lib/python3.8/site-packages/airflow/example_dags/example_external_task_marker_dag.py took 0.091 seconds
[2024-04-06T23:15:05.059+0000] {processor.py:161} INFO - Started process (PID=68727) to work on /home/malangdataguy/miniconda3/envs/airflow_mdg/lib/python3.8/site-packages/airflow/example_dags/example_external_task_marker_dag.py
[2024-04-06T23:15:05.062+0000] {processor.py:830} INFO - Processing file /home/malangdataguy/miniconda3/envs/airflow_mdg/lib/python3.8/site-packages/airflow/example_dags/example_external_task_marker_dag.py for tasks to queue
[2024-04-06T23:15:05.063+0000] {logging_mixin.py:188} INFO - [2024-04-06T23:15:05.062+0000] {dagbag.py:540} INFO - Filling up the DagBag from /home/malangdataguy/miniconda3/envs/airflow_mdg/lib/python3.8/site-packages/airflow/example_dags/example_external_task_marker_dag.py
[2024-04-06T23:15:05.072+0000] {processor.py:840} INFO - DAG(s) 'example_external_task_marker_parent', 'example_external_task_marker_child' retrieved from /home/malangdataguy/miniconda3/envs/airflow_mdg/lib/python3.8/site-packages/airflow/example_dags/example_external_task_marker_dag.py
[2024-04-06T23:15:05.102+0000] {logging_mixin.py:188} INFO - [2024-04-06T23:15:05.101+0000] {dag.py:3047} INFO - Sync 2 DAGs
[2024-04-06T23:15:05.115+0000] {logging_mixin.py:188} INFO - [2024-04-06T23:15:05.115+0000] {dag.py:3834} INFO - Setting next_dagrun for example_external_task_marker_child to None, run_after=None
[2024-04-06T23:15:05.119+0000] {logging_mixin.py:188} INFO - [2024-04-06T23:15:05.119+0000] {dag.py:3834} INFO - Setting next_dagrun for example_external_task_marker_parent to None, run_after=None
[2024-04-06T23:15:05.147+0000] {processor.py:183} INFO - Processing /home/malangdataguy/miniconda3/envs/airflow_mdg/lib/python3.8/site-packages/airflow/example_dags/example_external_task_marker_dag.py took 0.093 seconds
[2024-04-06T23:16:03.416+0000] {processor.py:161} INFO - Started process (PID=68787) to work on /home/malangdataguy/miniconda3/envs/airflow_mdg/lib/python3.8/site-packages/airflow/example_dags/example_external_task_marker_dag.py
[2024-04-06T23:16:03.419+0000] {processor.py:830} INFO - Processing file /home/malangdataguy/miniconda3/envs/airflow_mdg/lib/python3.8/site-packages/airflow/example_dags/example_external_task_marker_dag.py for tasks to queue
[2024-04-06T23:16:03.420+0000] {logging_mixin.py:188} INFO - [2024-04-06T23:16:03.420+0000] {dagbag.py:540} INFO - Filling up the DagBag from /home/malangdataguy/miniconda3/envs/airflow_mdg/lib/python3.8/site-packages/airflow/example_dags/example_external_task_marker_dag.py
[2024-04-06T23:16:03.429+0000] {processor.py:840} INFO - DAG(s) 'example_external_task_marker_child', 'example_external_task_marker_parent' retrieved from /home/malangdataguy/miniconda3/envs/airflow_mdg/lib/python3.8/site-packages/airflow/example_dags/example_external_task_marker_dag.py
[2024-04-06T23:16:03.458+0000] {logging_mixin.py:188} INFO - [2024-04-06T23:16:03.458+0000] {dag.py:3047} INFO - Sync 2 DAGs
[2024-04-06T23:16:03.472+0000] {logging_mixin.py:188} INFO - [2024-04-06T23:16:03.472+0000] {dag.py:3834} INFO - Setting next_dagrun for example_external_task_marker_child to None, run_after=None
[2024-04-06T23:16:03.476+0000] {logging_mixin.py:188} INFO - [2024-04-06T23:16:03.475+0000] {dag.py:3834} INFO - Setting next_dagrun for example_external_task_marker_parent to None, run_after=None
[2024-04-06T23:16:03.500+0000] {processor.py:183} INFO - Processing /home/malangdataguy/miniconda3/envs/airflow_mdg/lib/python3.8/site-packages/airflow/example_dags/example_external_task_marker_dag.py took 0.089 seconds
[2024-04-06T23:16:58.948+0000] {processor.py:161} INFO - Started process (PID=68846) to work on /home/malangdataguy/miniconda3/envs/airflow_mdg/lib/python3.8/site-packages/airflow/example_dags/example_external_task_marker_dag.py
[2024-04-06T23:16:58.951+0000] {processor.py:830} INFO - Processing file /home/malangdataguy/miniconda3/envs/airflow_mdg/lib/python3.8/site-packages/airflow/example_dags/example_external_task_marker_dag.py for tasks to queue
[2024-04-06T23:16:58.952+0000] {logging_mixin.py:188} INFO - [2024-04-06T23:16:58.952+0000] {dagbag.py:540} INFO - Filling up the DagBag from /home/malangdataguy/miniconda3/envs/airflow_mdg/lib/python3.8/site-packages/airflow/example_dags/example_external_task_marker_dag.py
[2024-04-06T23:16:58.961+0000] {processor.py:840} INFO - DAG(s) 'example_external_task_marker_parent', 'example_external_task_marker_child' retrieved from /home/malangdataguy/miniconda3/envs/airflow_mdg/lib/python3.8/site-packages/airflow/example_dags/example_external_task_marker_dag.py
[2024-04-06T23:16:58.987+0000] {logging_mixin.py:188} INFO - [2024-04-06T23:16:58.987+0000] {dag.py:3047} INFO - Sync 2 DAGs
[2024-04-06T23:16:59.001+0000] {logging_mixin.py:188} INFO - [2024-04-06T23:16:59.001+0000] {dag.py:3834} INFO - Setting next_dagrun for example_external_task_marker_child to None, run_after=None
[2024-04-06T23:16:59.005+0000] {logging_mixin.py:188} INFO - [2024-04-06T23:16:59.004+0000] {dag.py:3834} INFO - Setting next_dagrun for example_external_task_marker_parent to None, run_after=None
[2024-04-06T23:16:59.030+0000] {processor.py:183} INFO - Processing /home/malangdataguy/miniconda3/envs/airflow_mdg/lib/python3.8/site-packages/airflow/example_dags/example_external_task_marker_dag.py took 0.086 seconds
[2024-04-06T23:18:05.109+0000] {processor.py:161} INFO - Started process (PID=68918) to work on /home/malangdataguy/miniconda3/envs/airflow_mdg/lib/python3.8/site-packages/airflow/example_dags/example_external_task_marker_dag.py
[2024-04-06T23:18:05.112+0000] {processor.py:830} INFO - Processing file /home/malangdataguy/miniconda3/envs/airflow_mdg/lib/python3.8/site-packages/airflow/example_dags/example_external_task_marker_dag.py for tasks to queue
[2024-04-06T23:18:05.114+0000] {logging_mixin.py:188} INFO - [2024-04-06T23:18:05.113+0000] {dagbag.py:540} INFO - Filling up the DagBag from /home/malangdataguy/miniconda3/envs/airflow_mdg/lib/python3.8/site-packages/airflow/example_dags/example_external_task_marker_dag.py
[2024-04-06T23:18:05.123+0000] {processor.py:840} INFO - DAG(s) 'example_external_task_marker_child', 'example_external_task_marker_parent' retrieved from /home/malangdataguy/miniconda3/envs/airflow_mdg/lib/python3.8/site-packages/airflow/example_dags/example_external_task_marker_dag.py
[2024-04-06T23:18:05.150+0000] {logging_mixin.py:188} INFO - [2024-04-06T23:18:05.150+0000] {dag.py:3047} INFO - Sync 2 DAGs
[2024-04-06T23:18:05.165+0000] {logging_mixin.py:188} INFO - [2024-04-06T23:18:05.165+0000] {dag.py:3834} INFO - Setting next_dagrun for example_external_task_marker_child to None, run_after=None
[2024-04-06T23:18:05.169+0000] {logging_mixin.py:188} INFO - [2024-04-06T23:18:05.168+0000] {dag.py:3834} INFO - Setting next_dagrun for example_external_task_marker_parent to None, run_after=None
[2024-04-06T23:18:05.196+0000] {processor.py:183} INFO - Processing /home/malangdataguy/miniconda3/envs/airflow_mdg/lib/python3.8/site-packages/airflow/example_dags/example_external_task_marker_dag.py took 0.092 seconds
[2024-04-06T23:19:05.144+0000] {processor.py:161} INFO - Started process (PID=68981) to work on /home/malangdataguy/miniconda3/envs/airflow_mdg/lib/python3.8/site-packages/airflow/example_dags/example_external_task_marker_dag.py
[2024-04-06T23:19:05.146+0000] {processor.py:830} INFO - Processing file /home/malangdataguy/miniconda3/envs/airflow_mdg/lib/python3.8/site-packages/airflow/example_dags/example_external_task_marker_dag.py for tasks to queue
[2024-04-06T23:19:05.147+0000] {logging_mixin.py:188} INFO - [2024-04-06T23:19:05.147+0000] {dagbag.py:540} INFO - Filling up the DagBag from /home/malangdataguy/miniconda3/envs/airflow_mdg/lib/python3.8/site-packages/airflow/example_dags/example_external_task_marker_dag.py
[2024-04-06T23:19:05.156+0000] {processor.py:840} INFO - DAG(s) 'example_external_task_marker_parent', 'example_external_task_marker_child' retrieved from /home/malangdataguy/miniconda3/envs/airflow_mdg/lib/python3.8/site-packages/airflow/example_dags/example_external_task_marker_dag.py
[2024-04-06T23:19:05.182+0000] {logging_mixin.py:188} INFO - [2024-04-06T23:19:05.182+0000] {dag.py:3047} INFO - Sync 2 DAGs
[2024-04-06T23:19:05.197+0000] {logging_mixin.py:188} INFO - [2024-04-06T23:19:05.197+0000] {dag.py:3834} INFO - Setting next_dagrun for example_external_task_marker_child to None, run_after=None
[2024-04-06T23:19:05.201+0000] {logging_mixin.py:188} INFO - [2024-04-06T23:19:05.201+0000] {dag.py:3834} INFO - Setting next_dagrun for example_external_task_marker_parent to None, run_after=None
[2024-04-06T23:19:05.227+0000] {processor.py:183} INFO - Processing /home/malangdataguy/miniconda3/envs/airflow_mdg/lib/python3.8/site-packages/airflow/example_dags/example_external_task_marker_dag.py took 0.088 seconds
[2024-04-06T23:19:52.145+0000] {processor.py:161} INFO - Started process (PID=69026) to work on /home/malangdataguy/miniconda3/envs/airflow_mdg/lib/python3.8/site-packages/airflow/example_dags/example_external_task_marker_dag.py
[2024-04-06T23:19:52.148+0000] {processor.py:830} INFO - Processing file /home/malangdataguy/miniconda3/envs/airflow_mdg/lib/python3.8/site-packages/airflow/example_dags/example_external_task_marker_dag.py for tasks to queue
[2024-04-06T23:19:52.149+0000] {logging_mixin.py:188} INFO - [2024-04-06T23:19:52.149+0000] {dagbag.py:540} INFO - Filling up the DagBag from /home/malangdataguy/miniconda3/envs/airflow_mdg/lib/python3.8/site-packages/airflow/example_dags/example_external_task_marker_dag.py
[2024-04-06T23:19:52.160+0000] {processor.py:840} INFO - DAG(s) 'example_external_task_marker_parent', 'example_external_task_marker_child' retrieved from /home/malangdataguy/miniconda3/envs/airflow_mdg/lib/python3.8/site-packages/airflow/example_dags/example_external_task_marker_dag.py
[2024-04-06T23:19:52.192+0000] {logging_mixin.py:188} INFO - [2024-04-06T23:19:52.191+0000] {dag.py:3047} INFO - Sync 2 DAGs
[2024-04-06T23:19:52.213+0000] {logging_mixin.py:188} INFO - [2024-04-06T23:19:52.213+0000] {dag.py:3834} INFO - Setting next_dagrun for example_external_task_marker_child to None, run_after=None
[2024-04-06T23:19:52.218+0000] {logging_mixin.py:188} INFO - [2024-04-06T23:19:52.218+0000] {dag.py:3834} INFO - Setting next_dagrun for example_external_task_marker_parent to None, run_after=None
[2024-04-06T23:19:52.250+0000] {processor.py:183} INFO - Processing /home/malangdataguy/miniconda3/envs/airflow_mdg/lib/python3.8/site-packages/airflow/example_dags/example_external_task_marker_dag.py took 0.111 seconds
[2024-04-06T23:20:39.991+0000] {processor.py:161} INFO - Started process (PID=69074) to work on /home/malangdataguy/miniconda3/envs/airflow_mdg/lib/python3.8/site-packages/airflow/example_dags/example_external_task_marker_dag.py
[2024-04-06T23:20:39.993+0000] {processor.py:830} INFO - Processing file /home/malangdataguy/miniconda3/envs/airflow_mdg/lib/python3.8/site-packages/airflow/example_dags/example_external_task_marker_dag.py for tasks to queue
[2024-04-06T23:20:39.995+0000] {logging_mixin.py:188} INFO - [2024-04-06T23:20:39.994+0000] {dagbag.py:540} INFO - Filling up the DagBag from /home/malangdataguy/miniconda3/envs/airflow_mdg/lib/python3.8/site-packages/airflow/example_dags/example_external_task_marker_dag.py
[2024-04-06T23:20:40.004+0000] {processor.py:840} INFO - DAG(s) 'example_external_task_marker_parent', 'example_external_task_marker_child' retrieved from /home/malangdataguy/miniconda3/envs/airflow_mdg/lib/python3.8/site-packages/airflow/example_dags/example_external_task_marker_dag.py
[2024-04-06T23:20:40.033+0000] {logging_mixin.py:188} INFO - [2024-04-06T23:20:40.032+0000] {dag.py:3047} INFO - Sync 2 DAGs
[2024-04-06T23:20:40.047+0000] {logging_mixin.py:188} INFO - [2024-04-06T23:20:40.047+0000] {dag.py:3834} INFO - Setting next_dagrun for example_external_task_marker_child to None, run_after=None
[2024-04-06T23:20:40.051+0000] {logging_mixin.py:188} INFO - [2024-04-06T23:20:40.051+0000] {dag.py:3834} INFO - Setting next_dagrun for example_external_task_marker_parent to None, run_after=None
[2024-04-06T23:20:40.078+0000] {processor.py:183} INFO - Processing /home/malangdataguy/miniconda3/envs/airflow_mdg/lib/python3.8/site-packages/airflow/example_dags/example_external_task_marker_dag.py took 0.092 seconds
[2024-04-06T23:21:39.047+0000] {processor.py:161} INFO - Started process (PID=69134) to work on /home/malangdataguy/miniconda3/envs/airflow_mdg/lib/python3.8/site-packages/airflow/example_dags/example_external_task_marker_dag.py
[2024-04-06T23:21:39.050+0000] {processor.py:830} INFO - Processing file /home/malangdataguy/miniconda3/envs/airflow_mdg/lib/python3.8/site-packages/airflow/example_dags/example_external_task_marker_dag.py for tasks to queue
[2024-04-06T23:21:39.051+0000] {logging_mixin.py:188} INFO - [2024-04-06T23:21:39.051+0000] {dagbag.py:540} INFO - Filling up the DagBag from /home/malangdataguy/miniconda3/envs/airflow_mdg/lib/python3.8/site-packages/airflow/example_dags/example_external_task_marker_dag.py
[2024-04-06T23:21:39.062+0000] {processor.py:840} INFO - DAG(s) 'example_external_task_marker_child', 'example_external_task_marker_parent' retrieved from /home/malangdataguy/miniconda3/envs/airflow_mdg/lib/python3.8/site-packages/airflow/example_dags/example_external_task_marker_dag.py
[2024-04-06T23:21:39.094+0000] {logging_mixin.py:188} INFO - [2024-04-06T23:21:39.094+0000] {dag.py:3047} INFO - Sync 2 DAGs
[2024-04-06T23:21:39.111+0000] {logging_mixin.py:188} INFO - [2024-04-06T23:21:39.111+0000] {dag.py:3834} INFO - Setting next_dagrun for example_external_task_marker_child to None, run_after=None
[2024-04-06T23:21:39.117+0000] {logging_mixin.py:188} INFO - [2024-04-06T23:21:39.116+0000] {dag.py:3834} INFO - Setting next_dagrun for example_external_task_marker_parent to None, run_after=None
[2024-04-06T23:21:39.151+0000] {processor.py:183} INFO - Processing /home/malangdataguy/miniconda3/envs/airflow_mdg/lib/python3.8/site-packages/airflow/example_dags/example_external_task_marker_dag.py took 0.110 seconds
[2024-04-06T23:40:40.131+0000] {processor.py:161} INFO - Started process (PID=69297) to work on /home/malangdataguy/miniconda3/envs/airflow_mdg/lib/python3.8/site-packages/airflow/example_dags/example_external_task_marker_dag.py
[2024-04-06T23:40:40.146+0000] {processor.py:830} INFO - Processing file /home/malangdataguy/miniconda3/envs/airflow_mdg/lib/python3.8/site-packages/airflow/example_dags/example_external_task_marker_dag.py for tasks to queue
[2024-04-06T23:40:40.148+0000] {logging_mixin.py:188} INFO - [2024-04-06T23:40:40.147+0000] {dagbag.py:540} INFO - Filling up the DagBag from /home/malangdataguy/miniconda3/envs/airflow_mdg/lib/python3.8/site-packages/airflow/example_dags/example_external_task_marker_dag.py
[2024-04-06T23:40:40.158+0000] {processor.py:840} INFO - DAG(s) 'example_external_task_marker_child', 'example_external_task_marker_parent' retrieved from /home/malangdataguy/miniconda3/envs/airflow_mdg/lib/python3.8/site-packages/airflow/example_dags/example_external_task_marker_dag.py
[2024-04-06T23:40:40.186+0000] {logging_mixin.py:188} INFO - [2024-04-06T23:40:40.185+0000] {dag.py:3047} INFO - Sync 2 DAGs
[2024-04-06T23:40:40.201+0000] {logging_mixin.py:188} INFO - [2024-04-06T23:40:40.200+0000] {dag.py:3834} INFO - Setting next_dagrun for example_external_task_marker_child to None, run_after=None
[2024-04-06T23:40:40.205+0000] {logging_mixin.py:188} INFO - [2024-04-06T23:40:40.205+0000] {dag.py:3834} INFO - Setting next_dagrun for example_external_task_marker_parent to None, run_after=None
[2024-04-06T23:40:40.231+0000] {processor.py:183} INFO - Processing /home/malangdataguy/miniconda3/envs/airflow_mdg/lib/python3.8/site-packages/airflow/example_dags/example_external_task_marker_dag.py took 0.104 seconds
[2024-04-06T23:41:30.448+0000] {processor.py:161} INFO - Started process (PID=69347) to work on /home/malangdataguy/miniconda3/envs/airflow_mdg/lib/python3.8/site-packages/airflow/example_dags/example_external_task_marker_dag.py
[2024-04-06T23:41:30.451+0000] {processor.py:830} INFO - Processing file /home/malangdataguy/miniconda3/envs/airflow_mdg/lib/python3.8/site-packages/airflow/example_dags/example_external_task_marker_dag.py for tasks to queue
[2024-04-06T23:41:30.453+0000] {logging_mixin.py:188} INFO - [2024-04-06T23:41:30.452+0000] {dagbag.py:540} INFO - Filling up the DagBag from /home/malangdataguy/miniconda3/envs/airflow_mdg/lib/python3.8/site-packages/airflow/example_dags/example_external_task_marker_dag.py
[2024-04-06T23:41:30.462+0000] {processor.py:840} INFO - DAG(s) 'example_external_task_marker_parent', 'example_external_task_marker_child' retrieved from /home/malangdataguy/miniconda3/envs/airflow_mdg/lib/python3.8/site-packages/airflow/example_dags/example_external_task_marker_dag.py
[2024-04-06T23:41:30.490+0000] {logging_mixin.py:188} INFO - [2024-04-06T23:41:30.490+0000] {dag.py:3047} INFO - Sync 2 DAGs
[2024-04-06T23:41:30.507+0000] {logging_mixin.py:188} INFO - [2024-04-06T23:41:30.507+0000] {dag.py:3834} INFO - Setting next_dagrun for example_external_task_marker_child to None, run_after=None
[2024-04-06T23:41:30.511+0000] {logging_mixin.py:188} INFO - [2024-04-06T23:41:30.511+0000] {dag.py:3834} INFO - Setting next_dagrun for example_external_task_marker_parent to None, run_after=None
[2024-04-06T23:41:30.539+0000] {processor.py:183} INFO - Processing /home/malangdataguy/miniconda3/envs/airflow_mdg/lib/python3.8/site-packages/airflow/example_dags/example_external_task_marker_dag.py took 0.096 seconds
[2024-04-06T23:42:23.207+0000] {processor.py:161} INFO - Started process (PID=69397) to work on /home/malangdataguy/miniconda3/envs/airflow_mdg/lib/python3.8/site-packages/airflow/example_dags/example_external_task_marker_dag.py
[2024-04-06T23:42:23.209+0000] {processor.py:830} INFO - Processing file /home/malangdataguy/miniconda3/envs/airflow_mdg/lib/python3.8/site-packages/airflow/example_dags/example_external_task_marker_dag.py for tasks to queue
[2024-04-06T23:42:23.211+0000] {logging_mixin.py:188} INFO - [2024-04-06T23:42:23.210+0000] {dagbag.py:540} INFO - Filling up the DagBag from /home/malangdataguy/miniconda3/envs/airflow_mdg/lib/python3.8/site-packages/airflow/example_dags/example_external_task_marker_dag.py
[2024-04-06T23:42:23.220+0000] {processor.py:840} INFO - DAG(s) 'example_external_task_marker_parent', 'example_external_task_marker_child' retrieved from /home/malangdataguy/miniconda3/envs/airflow_mdg/lib/python3.8/site-packages/airflow/example_dags/example_external_task_marker_dag.py
[2024-04-06T23:42:23.248+0000] {logging_mixin.py:188} INFO - [2024-04-06T23:42:23.247+0000] {dag.py:3047} INFO - Sync 2 DAGs
[2024-04-06T23:42:23.263+0000] {logging_mixin.py:188} INFO - [2024-04-06T23:42:23.262+0000] {dag.py:3834} INFO - Setting next_dagrun for example_external_task_marker_child to None, run_after=None
[2024-04-06T23:42:23.267+0000] {logging_mixin.py:188} INFO - [2024-04-06T23:42:23.267+0000] {dag.py:3834} INFO - Setting next_dagrun for example_external_task_marker_parent to None, run_after=None
[2024-04-06T23:42:23.293+0000] {processor.py:183} INFO - Processing /home/malangdataguy/miniconda3/envs/airflow_mdg/lib/python3.8/site-packages/airflow/example_dags/example_external_task_marker_dag.py took 0.091 seconds
[2024-04-06T23:43:28.723+0000] {processor.py:161} INFO - Started process (PID=69463) to work on /home/malangdataguy/miniconda3/envs/airflow_mdg/lib/python3.8/site-packages/airflow/example_dags/example_external_task_marker_dag.py
[2024-04-06T23:43:28.725+0000] {processor.py:830} INFO - Processing file /home/malangdataguy/miniconda3/envs/airflow_mdg/lib/python3.8/site-packages/airflow/example_dags/example_external_task_marker_dag.py for tasks to queue
[2024-04-06T23:43:28.727+0000] {logging_mixin.py:188} INFO - [2024-04-06T23:43:28.726+0000] {dagbag.py:540} INFO - Filling up the DagBag from /home/malangdataguy/miniconda3/envs/airflow_mdg/lib/python3.8/site-packages/airflow/example_dags/example_external_task_marker_dag.py
[2024-04-06T23:43:28.736+0000] {processor.py:840} INFO - DAG(s) 'example_external_task_marker_child', 'example_external_task_marker_parent' retrieved from /home/malangdataguy/miniconda3/envs/airflow_mdg/lib/python3.8/site-packages/airflow/example_dags/example_external_task_marker_dag.py
[2024-04-06T23:43:28.765+0000] {logging_mixin.py:188} INFO - [2024-04-06T23:43:28.765+0000] {dag.py:3047} INFO - Sync 2 DAGs
[2024-04-06T23:43:28.780+0000] {logging_mixin.py:188} INFO - [2024-04-06T23:43:28.779+0000] {dag.py:3834} INFO - Setting next_dagrun for example_external_task_marker_child to None, run_after=None
[2024-04-06T23:43:28.784+0000] {logging_mixin.py:188} INFO - [2024-04-06T23:43:28.784+0000] {dag.py:3834} INFO - Setting next_dagrun for example_external_task_marker_parent to None, run_after=None
[2024-04-06T23:43:28.810+0000] {processor.py:183} INFO - Processing /home/malangdataguy/miniconda3/envs/airflow_mdg/lib/python3.8/site-packages/airflow/example_dags/example_external_task_marker_dag.py took 0.092 seconds
[2024-04-06T23:44:13.129+0000] {processor.py:161} INFO - Started process (PID=69522) to work on /home/malangdataguy/miniconda3/envs/airflow_mdg/lib/python3.8/site-packages/airflow/example_dags/example_external_task_marker_dag.py
[2024-04-06T23:44:13.133+0000] {processor.py:830} INFO - Processing file /home/malangdataguy/miniconda3/envs/airflow_mdg/lib/python3.8/site-packages/airflow/example_dags/example_external_task_marker_dag.py for tasks to queue
[2024-04-06T23:44:13.134+0000] {logging_mixin.py:188} INFO - [2024-04-06T23:44:13.134+0000] {dagbag.py:540} INFO - Filling up the DagBag from /home/malangdataguy/miniconda3/envs/airflow_mdg/lib/python3.8/site-packages/airflow/example_dags/example_external_task_marker_dag.py
[2024-04-06T23:44:13.145+0000] {processor.py:840} INFO - DAG(s) 'example_external_task_marker_child', 'example_external_task_marker_parent' retrieved from /home/malangdataguy/miniconda3/envs/airflow_mdg/lib/python3.8/site-packages/airflow/example_dags/example_external_task_marker_dag.py
[2024-04-06T23:44:13.178+0000] {logging_mixin.py:188} INFO - [2024-04-06T23:44:13.178+0000] {dag.py:3047} INFO - Sync 2 DAGs
[2024-04-06T23:44:13.195+0000] {logging_mixin.py:188} INFO - [2024-04-06T23:44:13.195+0000] {dag.py:3834} INFO - Setting next_dagrun for example_external_task_marker_child to None, run_after=None
[2024-04-06T23:44:13.200+0000] {logging_mixin.py:188} INFO - [2024-04-06T23:44:13.200+0000] {dag.py:3834} INFO - Setting next_dagrun for example_external_task_marker_parent to None, run_after=None
[2024-04-06T23:44:13.238+0000] {processor.py:183} INFO - Processing /home/malangdataguy/miniconda3/envs/airflow_mdg/lib/python3.8/site-packages/airflow/example_dags/example_external_task_marker_dag.py took 0.117 seconds
[2024-04-06T23:45:16.799+0000] {processor.py:161} INFO - Started process (PID=69590) to work on /home/malangdataguy/miniconda3/envs/airflow_mdg/lib/python3.8/site-packages/airflow/example_dags/example_external_task_marker_dag.py
[2024-04-06T23:45:16.802+0000] {processor.py:830} INFO - Processing file /home/malangdataguy/miniconda3/envs/airflow_mdg/lib/python3.8/site-packages/airflow/example_dags/example_external_task_marker_dag.py for tasks to queue
[2024-04-06T23:45:16.803+0000] {logging_mixin.py:188} INFO - [2024-04-06T23:45:16.802+0000] {dagbag.py:540} INFO - Filling up the DagBag from /home/malangdataguy/miniconda3/envs/airflow_mdg/lib/python3.8/site-packages/airflow/example_dags/example_external_task_marker_dag.py
[2024-04-06T23:45:16.812+0000] {processor.py:840} INFO - DAG(s) 'example_external_task_marker_child', 'example_external_task_marker_parent' retrieved from /home/malangdataguy/miniconda3/envs/airflow_mdg/lib/python3.8/site-packages/airflow/example_dags/example_external_task_marker_dag.py
[2024-04-06T23:45:16.837+0000] {logging_mixin.py:188} INFO - [2024-04-06T23:45:16.837+0000] {dag.py:3047} INFO - Sync 2 DAGs
[2024-04-06T23:45:16.851+0000] {logging_mixin.py:188} INFO - [2024-04-06T23:45:16.851+0000] {dag.py:3834} INFO - Setting next_dagrun for example_external_task_marker_child to None, run_after=None
[2024-04-06T23:45:16.855+0000] {logging_mixin.py:188} INFO - [2024-04-06T23:45:16.855+0000] {dag.py:3834} INFO - Setting next_dagrun for example_external_task_marker_parent to None, run_after=None
[2024-04-06T23:45:16.882+0000] {processor.py:183} INFO - Processing /home/malangdataguy/miniconda3/envs/airflow_mdg/lib/python3.8/site-packages/airflow/example_dags/example_external_task_marker_dag.py took 0.088 seconds
[2024-04-06T23:46:19.279+0000] {processor.py:161} INFO - Started process (PID=69656) to work on /home/malangdataguy/miniconda3/envs/airflow_mdg/lib/python3.8/site-packages/airflow/example_dags/example_external_task_marker_dag.py
[2024-04-06T23:46:19.282+0000] {processor.py:830} INFO - Processing file /home/malangdataguy/miniconda3/envs/airflow_mdg/lib/python3.8/site-packages/airflow/example_dags/example_external_task_marker_dag.py for tasks to queue
[2024-04-06T23:46:19.284+0000] {logging_mixin.py:188} INFO - [2024-04-06T23:46:19.283+0000] {dagbag.py:540} INFO - Filling up the DagBag from /home/malangdataguy/miniconda3/envs/airflow_mdg/lib/python3.8/site-packages/airflow/example_dags/example_external_task_marker_dag.py
[2024-04-06T23:46:19.293+0000] {processor.py:840} INFO - DAG(s) 'example_external_task_marker_parent', 'example_external_task_marker_child' retrieved from /home/malangdataguy/miniconda3/envs/airflow_mdg/lib/python3.8/site-packages/airflow/example_dags/example_external_task_marker_dag.py
[2024-04-06T23:46:19.322+0000] {logging_mixin.py:188} INFO - [2024-04-06T23:46:19.322+0000] {dag.py:3047} INFO - Sync 2 DAGs
[2024-04-06T23:46:19.337+0000] {logging_mixin.py:188} INFO - [2024-04-06T23:46:19.337+0000] {dag.py:3834} INFO - Setting next_dagrun for example_external_task_marker_child to None, run_after=None
[2024-04-06T23:46:19.341+0000] {logging_mixin.py:188} INFO - [2024-04-06T23:46:19.341+0000] {dag.py:3834} INFO - Setting next_dagrun for example_external_task_marker_parent to None, run_after=None
[2024-04-06T23:46:19.372+0000] {processor.py:183} INFO - Processing /home/malangdataguy/miniconda3/envs/airflow_mdg/lib/python3.8/site-packages/airflow/example_dags/example_external_task_marker_dag.py took 0.098 seconds
[2024-04-06T23:47:15.638+0000] {processor.py:161} INFO - Started process (PID=69745) to work on /home/malangdataguy/miniconda3/envs/airflow_mdg/lib/python3.8/site-packages/airflow/example_dags/example_external_task_marker_dag.py
[2024-04-06T23:47:15.640+0000] {processor.py:830} INFO - Processing file /home/malangdataguy/miniconda3/envs/airflow_mdg/lib/python3.8/site-packages/airflow/example_dags/example_external_task_marker_dag.py for tasks to queue
[2024-04-06T23:47:15.641+0000] {logging_mixin.py:188} INFO - [2024-04-06T23:47:15.641+0000] {dagbag.py:540} INFO - Filling up the DagBag from /home/malangdataguy/miniconda3/envs/airflow_mdg/lib/python3.8/site-packages/airflow/example_dags/example_external_task_marker_dag.py
[2024-04-06T23:47:15.650+0000] {processor.py:840} INFO - DAG(s) 'example_external_task_marker_child', 'example_external_task_marker_parent' retrieved from /home/malangdataguy/miniconda3/envs/airflow_mdg/lib/python3.8/site-packages/airflow/example_dags/example_external_task_marker_dag.py
[2024-04-06T23:47:15.677+0000] {logging_mixin.py:188} INFO - [2024-04-06T23:47:15.676+0000] {dag.py:3047} INFO - Sync 2 DAGs
[2024-04-06T23:47:15.691+0000] {logging_mixin.py:188} INFO - [2024-04-06T23:47:15.690+0000] {dag.py:3834} INFO - Setting next_dagrun for example_external_task_marker_child to None, run_after=None
[2024-04-06T23:47:15.695+0000] {logging_mixin.py:188} INFO - [2024-04-06T23:47:15.695+0000] {dag.py:3834} INFO - Setting next_dagrun for example_external_task_marker_parent to None, run_after=None
[2024-04-06T23:47:15.722+0000] {processor.py:183} INFO - Processing /home/malangdataguy/miniconda3/envs/airflow_mdg/lib/python3.8/site-packages/airflow/example_dags/example_external_task_marker_dag.py took 0.089 seconds
[2024-04-06T23:48:19.959+0000] {processor.py:161} INFO - Started process (PID=69815) to work on /home/malangdataguy/miniconda3/envs/airflow_mdg/lib/python3.8/site-packages/airflow/example_dags/example_external_task_marker_dag.py
[2024-04-06T23:48:19.961+0000] {processor.py:830} INFO - Processing file /home/malangdataguy/miniconda3/envs/airflow_mdg/lib/python3.8/site-packages/airflow/example_dags/example_external_task_marker_dag.py for tasks to queue
[2024-04-06T23:48:19.963+0000] {logging_mixin.py:188} INFO - [2024-04-06T23:48:19.962+0000] {dagbag.py:540} INFO - Filling up the DagBag from /home/malangdataguy/miniconda3/envs/airflow_mdg/lib/python3.8/site-packages/airflow/example_dags/example_external_task_marker_dag.py
[2024-04-06T23:48:19.971+0000] {processor.py:840} INFO - DAG(s) 'example_external_task_marker_parent', 'example_external_task_marker_child' retrieved from /home/malangdataguy/miniconda3/envs/airflow_mdg/lib/python3.8/site-packages/airflow/example_dags/example_external_task_marker_dag.py
[2024-04-06T23:48:19.999+0000] {logging_mixin.py:188} INFO - [2024-04-06T23:48:19.999+0000] {dag.py:3047} INFO - Sync 2 DAGs
[2024-04-06T23:48:20.014+0000] {logging_mixin.py:188} INFO - [2024-04-06T23:48:20.014+0000] {dag.py:3834} INFO - Setting next_dagrun for example_external_task_marker_child to None, run_after=None
[2024-04-06T23:48:20.018+0000] {logging_mixin.py:188} INFO - [2024-04-06T23:48:20.018+0000] {dag.py:3834} INFO - Setting next_dagrun for example_external_task_marker_parent to None, run_after=None
[2024-04-06T23:48:20.044+0000] {processor.py:183} INFO - Processing /home/malangdataguy/miniconda3/envs/airflow_mdg/lib/python3.8/site-packages/airflow/example_dags/example_external_task_marker_dag.py took 0.090 seconds
[2024-04-06T23:49:24.634+0000] {processor.py:161} INFO - Started process (PID=69878) to work on /home/malangdataguy/miniconda3/envs/airflow_mdg/lib/python3.8/site-packages/airflow/example_dags/example_external_task_marker_dag.py
[2024-04-06T23:49:24.636+0000] {processor.py:830} INFO - Processing file /home/malangdataguy/miniconda3/envs/airflow_mdg/lib/python3.8/site-packages/airflow/example_dags/example_external_task_marker_dag.py for tasks to queue
[2024-04-06T23:49:24.638+0000] {logging_mixin.py:188} INFO - [2024-04-06T23:49:24.637+0000] {dagbag.py:540} INFO - Filling up the DagBag from /home/malangdataguy/miniconda3/envs/airflow_mdg/lib/python3.8/site-packages/airflow/example_dags/example_external_task_marker_dag.py
[2024-04-06T23:49:24.647+0000] {processor.py:840} INFO - DAG(s) 'example_external_task_marker_child', 'example_external_task_marker_parent' retrieved from /home/malangdataguy/miniconda3/envs/airflow_mdg/lib/python3.8/site-packages/airflow/example_dags/example_external_task_marker_dag.py
[2024-04-06T23:49:24.675+0000] {logging_mixin.py:188} INFO - [2024-04-06T23:49:24.675+0000] {dag.py:3047} INFO - Sync 2 DAGs
[2024-04-06T23:49:24.690+0000] {logging_mixin.py:188} INFO - [2024-04-06T23:49:24.690+0000] {dag.py:3834} INFO - Setting next_dagrun for example_external_task_marker_child to None, run_after=None
[2024-04-06T23:49:24.694+0000] {logging_mixin.py:188} INFO - [2024-04-06T23:49:24.694+0000] {dag.py:3834} INFO - Setting next_dagrun for example_external_task_marker_parent to None, run_after=None
[2024-04-06T23:49:24.721+0000] {processor.py:183} INFO - Processing /home/malangdataguy/miniconda3/envs/airflow_mdg/lib/python3.8/site-packages/airflow/example_dags/example_external_task_marker_dag.py took 0.093 seconds
[2024-04-06T23:50:20.499+0000] {processor.py:161} INFO - Started process (PID=69939) to work on /home/malangdataguy/miniconda3/envs/airflow_mdg/lib/python3.8/site-packages/airflow/example_dags/example_external_task_marker_dag.py
[2024-04-06T23:50:20.502+0000] {processor.py:830} INFO - Processing file /home/malangdataguy/miniconda3/envs/airflow_mdg/lib/python3.8/site-packages/airflow/example_dags/example_external_task_marker_dag.py for tasks to queue
[2024-04-06T23:50:20.503+0000] {logging_mixin.py:188} INFO - [2024-04-06T23:50:20.502+0000] {dagbag.py:540} INFO - Filling up the DagBag from /home/malangdataguy/miniconda3/envs/airflow_mdg/lib/python3.8/site-packages/airflow/example_dags/example_external_task_marker_dag.py
[2024-04-06T23:50:20.513+0000] {processor.py:840} INFO - DAG(s) 'example_external_task_marker_parent', 'example_external_task_marker_child' retrieved from /home/malangdataguy/miniconda3/envs/airflow_mdg/lib/python3.8/site-packages/airflow/example_dags/example_external_task_marker_dag.py
[2024-04-06T23:50:20.539+0000] {logging_mixin.py:188} INFO - [2024-04-06T23:50:20.538+0000] {dag.py:3047} INFO - Sync 2 DAGs
[2024-04-06T23:50:20.554+0000] {logging_mixin.py:188} INFO - [2024-04-06T23:50:20.554+0000] {dag.py:3834} INFO - Setting next_dagrun for example_external_task_marker_child to None, run_after=None
[2024-04-06T23:50:20.558+0000] {logging_mixin.py:188} INFO - [2024-04-06T23:50:20.558+0000] {dag.py:3834} INFO - Setting next_dagrun for example_external_task_marker_parent to None, run_after=None
[2024-04-06T23:50:20.585+0000] {processor.py:183} INFO - Processing /home/malangdataguy/miniconda3/envs/airflow_mdg/lib/python3.8/site-packages/airflow/example_dags/example_external_task_marker_dag.py took 0.091 seconds
[2024-04-06T23:51:05.817+0000] {processor.py:161} INFO - Started process (PID=69983) to work on /home/malangdataguy/miniconda3/envs/airflow_mdg/lib/python3.8/site-packages/airflow/example_dags/example_external_task_marker_dag.py
[2024-04-06T23:51:05.820+0000] {processor.py:830} INFO - Processing file /home/malangdataguy/miniconda3/envs/airflow_mdg/lib/python3.8/site-packages/airflow/example_dags/example_external_task_marker_dag.py for tasks to queue
[2024-04-06T23:51:05.821+0000] {logging_mixin.py:188} INFO - [2024-04-06T23:51:05.820+0000] {dagbag.py:540} INFO - Filling up the DagBag from /home/malangdataguy/miniconda3/envs/airflow_mdg/lib/python3.8/site-packages/airflow/example_dags/example_external_task_marker_dag.py
[2024-04-06T23:51:05.831+0000] {processor.py:840} INFO - DAG(s) 'example_external_task_marker_child', 'example_external_task_marker_parent' retrieved from /home/malangdataguy/miniconda3/envs/airflow_mdg/lib/python3.8/site-packages/airflow/example_dags/example_external_task_marker_dag.py
[2024-04-06T23:51:05.859+0000] {logging_mixin.py:188} INFO - [2024-04-06T23:51:05.859+0000] {dag.py:3047} INFO - Sync 2 DAGs
[2024-04-06T23:51:05.875+0000] {logging_mixin.py:188} INFO - [2024-04-06T23:51:05.874+0000] {dag.py:3834} INFO - Setting next_dagrun for example_external_task_marker_child to None, run_after=None
[2024-04-06T23:51:05.879+0000] {logging_mixin.py:188} INFO - [2024-04-06T23:51:05.879+0000] {dag.py:3834} INFO - Setting next_dagrun for example_external_task_marker_parent to None, run_after=None
[2024-04-06T23:51:05.907+0000] {processor.py:183} INFO - Processing /home/malangdataguy/miniconda3/envs/airflow_mdg/lib/python3.8/site-packages/airflow/example_dags/example_external_task_marker_dag.py took 0.094 seconds
[2024-04-06T23:52:10.681+0000] {processor.py:161} INFO - Started process (PID=70051) to work on /home/malangdataguy/miniconda3/envs/airflow_mdg/lib/python3.8/site-packages/airflow/example_dags/example_external_task_marker_dag.py
[2024-04-06T23:52:10.684+0000] {processor.py:830} INFO - Processing file /home/malangdataguy/miniconda3/envs/airflow_mdg/lib/python3.8/site-packages/airflow/example_dags/example_external_task_marker_dag.py for tasks to queue
[2024-04-06T23:52:10.685+0000] {logging_mixin.py:188} INFO - [2024-04-06T23:52:10.684+0000] {dagbag.py:540} INFO - Filling up the DagBag from /home/malangdataguy/miniconda3/envs/airflow_mdg/lib/python3.8/site-packages/airflow/example_dags/example_external_task_marker_dag.py
[2024-04-06T23:52:10.695+0000] {processor.py:840} INFO - DAG(s) 'example_external_task_marker_child', 'example_external_task_marker_parent' retrieved from /home/malangdataguy/miniconda3/envs/airflow_mdg/lib/python3.8/site-packages/airflow/example_dags/example_external_task_marker_dag.py
[2024-04-06T23:52:10.724+0000] {logging_mixin.py:188} INFO - [2024-04-06T23:52:10.724+0000] {dag.py:3047} INFO - Sync 2 DAGs
[2024-04-06T23:52:10.740+0000] {logging_mixin.py:188} INFO - [2024-04-06T23:52:10.739+0000] {dag.py:3834} INFO - Setting next_dagrun for example_external_task_marker_child to None, run_after=None
[2024-04-06T23:52:10.745+0000] {logging_mixin.py:188} INFO - [2024-04-06T23:52:10.744+0000] {dag.py:3834} INFO - Setting next_dagrun for example_external_task_marker_parent to None, run_after=None
[2024-04-06T23:52:10.771+0000] {processor.py:183} INFO - Processing /home/malangdataguy/miniconda3/envs/airflow_mdg/lib/python3.8/site-packages/airflow/example_dags/example_external_task_marker_dag.py took 0.096 seconds
[2024-04-06T23:53:16.261+0000] {processor.py:161} INFO - Started process (PID=70115) to work on /home/malangdataguy/miniconda3/envs/airflow_mdg/lib/python3.8/site-packages/airflow/example_dags/example_external_task_marker_dag.py
[2024-04-06T23:53:16.264+0000] {processor.py:830} INFO - Processing file /home/malangdataguy/miniconda3/envs/airflow_mdg/lib/python3.8/site-packages/airflow/example_dags/example_external_task_marker_dag.py for tasks to queue
[2024-04-06T23:53:16.266+0000] {logging_mixin.py:188} INFO - [2024-04-06T23:53:16.265+0000] {dagbag.py:540} INFO - Filling up the DagBag from /home/malangdataguy/miniconda3/envs/airflow_mdg/lib/python3.8/site-packages/airflow/example_dags/example_external_task_marker_dag.py
[2024-04-06T23:53:16.275+0000] {processor.py:840} INFO - DAG(s) 'example_external_task_marker_child', 'example_external_task_marker_parent' retrieved from /home/malangdataguy/miniconda3/envs/airflow_mdg/lib/python3.8/site-packages/airflow/example_dags/example_external_task_marker_dag.py
[2024-04-06T23:53:16.303+0000] {logging_mixin.py:188} INFO - [2024-04-06T23:53:16.303+0000] {dag.py:3047} INFO - Sync 2 DAGs
[2024-04-06T23:53:16.318+0000] {logging_mixin.py:188} INFO - [2024-04-06T23:53:16.318+0000] {dag.py:3834} INFO - Setting next_dagrun for example_external_task_marker_child to None, run_after=None
[2024-04-06T23:53:16.322+0000] {logging_mixin.py:188} INFO - [2024-04-06T23:53:16.321+0000] {dag.py:3834} INFO - Setting next_dagrun for example_external_task_marker_parent to None, run_after=None
[2024-04-06T23:53:16.350+0000] {processor.py:183} INFO - Processing /home/malangdataguy/miniconda3/envs/airflow_mdg/lib/python3.8/site-packages/airflow/example_dags/example_external_task_marker_dag.py took 0.094 seconds
[2024-04-06T23:54:02.145+0000] {processor.py:161} INFO - Started process (PID=70180) to work on /home/malangdataguy/miniconda3/envs/airflow_mdg/lib/python3.8/site-packages/airflow/example_dags/example_external_task_marker_dag.py
[2024-04-06T23:54:02.148+0000] {processor.py:830} INFO - Processing file /home/malangdataguy/miniconda3/envs/airflow_mdg/lib/python3.8/site-packages/airflow/example_dags/example_external_task_marker_dag.py for tasks to queue
[2024-04-06T23:54:02.149+0000] {logging_mixin.py:188} INFO - [2024-04-06T23:54:02.149+0000] {dagbag.py:540} INFO - Filling up the DagBag from /home/malangdataguy/miniconda3/envs/airflow_mdg/lib/python3.8/site-packages/airflow/example_dags/example_external_task_marker_dag.py
[2024-04-06T23:54:02.159+0000] {processor.py:840} INFO - DAG(s) 'example_external_task_marker_parent', 'example_external_task_marker_child' retrieved from /home/malangdataguy/miniconda3/envs/airflow_mdg/lib/python3.8/site-packages/airflow/example_dags/example_external_task_marker_dag.py
[2024-04-06T23:54:02.187+0000] {logging_mixin.py:188} INFO - [2024-04-06T23:54:02.187+0000] {dag.py:3047} INFO - Sync 2 DAGs
[2024-04-06T23:54:02.205+0000] {logging_mixin.py:188} INFO - [2024-04-06T23:54:02.204+0000] {dag.py:3834} INFO - Setting next_dagrun for example_external_task_marker_child to None, run_after=None
[2024-04-06T23:54:02.209+0000] {logging_mixin.py:188} INFO - [2024-04-06T23:54:02.209+0000] {dag.py:3834} INFO - Setting next_dagrun for example_external_task_marker_parent to None, run_after=None
[2024-04-06T23:54:02.236+0000] {processor.py:183} INFO - Processing /home/malangdataguy/miniconda3/envs/airflow_mdg/lib/python3.8/site-packages/airflow/example_dags/example_external_task_marker_dag.py took 0.095 seconds
[2024-04-06T23:55:03.764+0000] {processor.py:161} INFO - Started process (PID=70261) to work on /home/malangdataguy/miniconda3/envs/airflow_mdg/lib/python3.8/site-packages/airflow/example_dags/example_external_task_marker_dag.py
[2024-04-06T23:55:03.767+0000] {processor.py:830} INFO - Processing file /home/malangdataguy/miniconda3/envs/airflow_mdg/lib/python3.8/site-packages/airflow/example_dags/example_external_task_marker_dag.py for tasks to queue
[2024-04-06T23:55:03.769+0000] {logging_mixin.py:188} INFO - [2024-04-06T23:55:03.768+0000] {dagbag.py:540} INFO - Filling up the DagBag from /home/malangdataguy/miniconda3/envs/airflow_mdg/lib/python3.8/site-packages/airflow/example_dags/example_external_task_marker_dag.py
[2024-04-06T23:55:03.779+0000] {processor.py:840} INFO - DAG(s) 'example_external_task_marker_parent', 'example_external_task_marker_child' retrieved from /home/malangdataguy/miniconda3/envs/airflow_mdg/lib/python3.8/site-packages/airflow/example_dags/example_external_task_marker_dag.py
[2024-04-06T23:55:03.809+0000] {logging_mixin.py:188} INFO - [2024-04-06T23:55:03.809+0000] {dag.py:3047} INFO - Sync 2 DAGs
[2024-04-06T23:55:03.825+0000] {logging_mixin.py:188} INFO - [2024-04-06T23:55:03.825+0000] {dag.py:3834} INFO - Setting next_dagrun for example_external_task_marker_child to None, run_after=None
[2024-04-06T23:55:03.831+0000] {logging_mixin.py:188} INFO - [2024-04-06T23:55:03.830+0000] {dag.py:3834} INFO - Setting next_dagrun for example_external_task_marker_parent to None, run_after=None
[2024-04-06T23:55:03.861+0000] {processor.py:183} INFO - Processing /home/malangdataguy/miniconda3/envs/airflow_mdg/lib/python3.8/site-packages/airflow/example_dags/example_external_task_marker_dag.py took 0.103 seconds
