[2024-04-06T23:09:14.075+0000] {processor.py:161} INFO - Started process (PID=68365) to work on /home/malangdataguy/miniconda3/envs/airflow_mdg/lib/python3.8/site-packages/airflow/example_dags/example_setup_teardown.py
[2024-04-06T23:09:14.076+0000] {processor.py:830} INFO - Processing file /home/malangdataguy/miniconda3/envs/airflow_mdg/lib/python3.8/site-packages/airflow/example_dags/example_setup_teardown.py for tasks to queue
[2024-04-06T23:09:14.078+0000] {logging_mixin.py:188} INFO - [2024-04-06T23:09:14.077+0000] {dagbag.py:540} INFO - Filling up the DagBag from /home/malangdataguy/miniconda3/envs/airflow_mdg/lib/python3.8/site-packages/airflow/example_dags/example_setup_teardown.py
[2024-04-06T23:09:14.091+0000] {processor.py:840} INFO - DAG(s) 'example_setup_teardown' retrieved from /home/malangdataguy/miniconda3/envs/airflow_mdg/lib/python3.8/site-packages/airflow/example_dags/example_setup_teardown.py
[2024-04-06T23:09:14.103+0000] {logging_mixin.py:188} INFO - [2024-04-06T23:09:14.103+0000] {dag.py:3047} INFO - Sync 1 DAGs
[2024-04-06T23:09:14.127+0000] {logging_mixin.py:188} INFO - [2024-04-06T23:09:14.127+0000] {dag.py:3834} INFO - Setting next_dagrun for example_setup_teardown to 2024-04-05 00:00:00+00:00, run_after=2024-04-06 00:00:00+00:00
[2024-04-06T23:09:14.158+0000] {processor.py:183} INFO - Processing /home/malangdataguy/miniconda3/envs/airflow_mdg/lib/python3.8/site-packages/airflow/example_dags/example_setup_teardown.py took 0.088 seconds
[2024-04-06T23:10:04.989+0000] {processor.py:161} INFO - Started process (PID=68415) to work on /home/malangdataguy/miniconda3/envs/airflow_mdg/lib/python3.8/site-packages/airflow/example_dags/example_setup_teardown.py
[2024-04-06T23:10:04.992+0000] {processor.py:830} INFO - Processing file /home/malangdataguy/miniconda3/envs/airflow_mdg/lib/python3.8/site-packages/airflow/example_dags/example_setup_teardown.py for tasks to queue
[2024-04-06T23:10:04.994+0000] {logging_mixin.py:188} INFO - [2024-04-06T23:10:04.993+0000] {dagbag.py:540} INFO - Filling up the DagBag from /home/malangdataguy/miniconda3/envs/airflow_mdg/lib/python3.8/site-packages/airflow/example_dags/example_setup_teardown.py
[2024-04-06T23:10:05.005+0000] {processor.py:840} INFO - DAG(s) 'example_setup_teardown' retrieved from /home/malangdataguy/miniconda3/envs/airflow_mdg/lib/python3.8/site-packages/airflow/example_dags/example_setup_teardown.py
[2024-04-06T23:10:05.120+0000] {logging_mixin.py:188} INFO - [2024-04-06T23:10:05.120+0000] {dag.py:3047} INFO - Sync 1 DAGs
[2024-04-06T23:10:05.141+0000] {logging_mixin.py:188} INFO - [2024-04-06T23:10:05.141+0000] {dag.py:3834} INFO - Setting next_dagrun for example_setup_teardown to 2024-04-05 00:00:00+00:00, run_after=2024-04-06 00:00:00+00:00
[2024-04-06T23:10:05.169+0000] {processor.py:183} INFO - Processing /home/malangdataguy/miniconda3/envs/airflow_mdg/lib/python3.8/site-packages/airflow/example_dags/example_setup_teardown.py took 0.185 seconds
[2024-04-06T23:10:51.712+0000] {processor.py:161} INFO - Started process (PID=68470) to work on /home/malangdataguy/miniconda3/envs/airflow_mdg/lib/python3.8/site-packages/airflow/example_dags/example_setup_teardown.py
[2024-04-06T23:10:51.715+0000] {processor.py:830} INFO - Processing file /home/malangdataguy/miniconda3/envs/airflow_mdg/lib/python3.8/site-packages/airflow/example_dags/example_setup_teardown.py for tasks to queue
[2024-04-06T23:10:51.717+0000] {logging_mixin.py:188} INFO - [2024-04-06T23:10:51.716+0000] {dagbag.py:540} INFO - Filling up the DagBag from /home/malangdataguy/miniconda3/envs/airflow_mdg/lib/python3.8/site-packages/airflow/example_dags/example_setup_teardown.py
[2024-04-06T23:10:51.730+0000] {processor.py:840} INFO - DAG(s) 'example_setup_teardown' retrieved from /home/malangdataguy/miniconda3/envs/airflow_mdg/lib/python3.8/site-packages/airflow/example_dags/example_setup_teardown.py
[2024-04-06T23:10:51.756+0000] {logging_mixin.py:188} INFO - [2024-04-06T23:10:51.755+0000] {dag.py:3047} INFO - Sync 1 DAGs
[2024-04-06T23:10:51.786+0000] {logging_mixin.py:188} INFO - [2024-04-06T23:10:51.786+0000] {dag.py:3834} INFO - Setting next_dagrun for example_setup_teardown to 2024-04-05 00:00:00+00:00, run_after=2024-04-06 00:00:00+00:00
[2024-04-06T23:10:51.819+0000] {processor.py:183} INFO - Processing /home/malangdataguy/miniconda3/envs/airflow_mdg/lib/python3.8/site-packages/airflow/example_dags/example_setup_teardown.py took 0.113 seconds
[2024-04-06T23:11:31.315+0000] {processor.py:161} INFO - Started process (PID=68510) to work on /home/malangdataguy/miniconda3/envs/airflow_mdg/lib/python3.8/site-packages/airflow/example_dags/example_setup_teardown.py
[2024-04-06T23:11:31.319+0000] {processor.py:830} INFO - Processing file /home/malangdataguy/miniconda3/envs/airflow_mdg/lib/python3.8/site-packages/airflow/example_dags/example_setup_teardown.py for tasks to queue
[2024-04-06T23:11:31.320+0000] {logging_mixin.py:188} INFO - [2024-04-06T23:11:31.320+0000] {dagbag.py:540} INFO - Filling up the DagBag from /home/malangdataguy/miniconda3/envs/airflow_mdg/lib/python3.8/site-packages/airflow/example_dags/example_setup_teardown.py
[2024-04-06T23:11:31.332+0000] {processor.py:840} INFO - DAG(s) 'example_setup_teardown' retrieved from /home/malangdataguy/miniconda3/envs/airflow_mdg/lib/python3.8/site-packages/airflow/example_dags/example_setup_teardown.py
[2024-04-06T23:11:31.355+0000] {logging_mixin.py:188} INFO - [2024-04-06T23:11:31.355+0000] {dag.py:3047} INFO - Sync 1 DAGs
[2024-04-06T23:11:31.380+0000] {logging_mixin.py:188} INFO - [2024-04-06T23:11:31.380+0000] {dag.py:3834} INFO - Setting next_dagrun for example_setup_teardown to 2024-04-05 00:00:00+00:00, run_after=2024-04-06 00:00:00+00:00
[2024-04-06T23:11:31.410+0000] {processor.py:183} INFO - Processing /home/malangdataguy/miniconda3/envs/airflow_mdg/lib/python3.8/site-packages/airflow/example_dags/example_setup_teardown.py took 0.100 seconds
[2024-04-06T23:12:15.195+0000] {processor.py:161} INFO - Started process (PID=68553) to work on /home/malangdataguy/miniconda3/envs/airflow_mdg/lib/python3.8/site-packages/airflow/example_dags/example_setup_teardown.py
[2024-04-06T23:12:15.198+0000] {processor.py:830} INFO - Processing file /home/malangdataguy/miniconda3/envs/airflow_mdg/lib/python3.8/site-packages/airflow/example_dags/example_setup_teardown.py for tasks to queue
[2024-04-06T23:12:15.199+0000] {logging_mixin.py:188} INFO - [2024-04-06T23:12:15.198+0000] {dagbag.py:540} INFO - Filling up the DagBag from /home/malangdataguy/miniconda3/envs/airflow_mdg/lib/python3.8/site-packages/airflow/example_dags/example_setup_teardown.py
[2024-04-06T23:12:15.212+0000] {processor.py:840} INFO - DAG(s) 'example_setup_teardown' retrieved from /home/malangdataguy/miniconda3/envs/airflow_mdg/lib/python3.8/site-packages/airflow/example_dags/example_setup_teardown.py
[2024-04-06T23:12:15.241+0000] {logging_mixin.py:188} INFO - [2024-04-06T23:12:15.240+0000] {dag.py:3047} INFO - Sync 1 DAGs
[2024-04-06T23:12:15.271+0000] {logging_mixin.py:188} INFO - [2024-04-06T23:12:15.270+0000] {dag.py:3834} INFO - Setting next_dagrun for example_setup_teardown to 2024-04-05 00:00:00+00:00, run_after=2024-04-06 00:00:00+00:00
[2024-04-06T23:12:15.305+0000] {processor.py:183} INFO - Processing /home/malangdataguy/miniconda3/envs/airflow_mdg/lib/python3.8/site-packages/airflow/example_dags/example_setup_teardown.py took 0.116 seconds
[2024-04-06T23:12:57.854+0000] {processor.py:161} INFO - Started process (PID=68596) to work on /home/malangdataguy/miniconda3/envs/airflow_mdg/lib/python3.8/site-packages/airflow/example_dags/example_setup_teardown.py
[2024-04-06T23:12:57.857+0000] {processor.py:830} INFO - Processing file /home/malangdataguy/miniconda3/envs/airflow_mdg/lib/python3.8/site-packages/airflow/example_dags/example_setup_teardown.py for tasks to queue
[2024-04-06T23:12:57.859+0000] {logging_mixin.py:188} INFO - [2024-04-06T23:12:57.858+0000] {dagbag.py:540} INFO - Filling up the DagBag from /home/malangdataguy/miniconda3/envs/airflow_mdg/lib/python3.8/site-packages/airflow/example_dags/example_setup_teardown.py
[2024-04-06T23:12:57.871+0000] {processor.py:840} INFO - DAG(s) 'example_setup_teardown' retrieved from /home/malangdataguy/miniconda3/envs/airflow_mdg/lib/python3.8/site-packages/airflow/example_dags/example_setup_teardown.py
[2024-04-06T23:12:57.896+0000] {logging_mixin.py:188} INFO - [2024-04-06T23:12:57.896+0000] {dag.py:3047} INFO - Sync 1 DAGs
[2024-04-06T23:12:57.924+0000] {logging_mixin.py:188} INFO - [2024-04-06T23:12:57.923+0000] {dag.py:3834} INFO - Setting next_dagrun for example_setup_teardown to 2024-04-05 00:00:00+00:00, run_after=2024-04-06 00:00:00+00:00
[2024-04-06T23:12:57.954+0000] {processor.py:183} INFO - Processing /home/malangdataguy/miniconda3/envs/airflow_mdg/lib/python3.8/site-packages/airflow/example_dags/example_setup_teardown.py took 0.106 seconds
[2024-04-06T23:13:37.774+0000] {processor.py:161} INFO - Started process (PID=68639) to work on /home/malangdataguy/miniconda3/envs/airflow_mdg/lib/python3.8/site-packages/airflow/example_dags/example_setup_teardown.py
[2024-04-06T23:13:37.776+0000] {processor.py:830} INFO - Processing file /home/malangdataguy/miniconda3/envs/airflow_mdg/lib/python3.8/site-packages/airflow/example_dags/example_setup_teardown.py for tasks to queue
[2024-04-06T23:13:37.778+0000] {logging_mixin.py:188} INFO - [2024-04-06T23:13:37.777+0000] {dagbag.py:540} INFO - Filling up the DagBag from /home/malangdataguy/miniconda3/envs/airflow_mdg/lib/python3.8/site-packages/airflow/example_dags/example_setup_teardown.py
[2024-04-06T23:13:37.788+0000] {processor.py:840} INFO - DAG(s) 'example_setup_teardown' retrieved from /home/malangdataguy/miniconda3/envs/airflow_mdg/lib/python3.8/site-packages/airflow/example_dags/example_setup_teardown.py
[2024-04-06T23:13:37.810+0000] {logging_mixin.py:188} INFO - [2024-04-06T23:13:37.810+0000] {dag.py:3047} INFO - Sync 1 DAGs
[2024-04-06T23:13:37.833+0000] {logging_mixin.py:188} INFO - [2024-04-06T23:13:37.833+0000] {dag.py:3834} INFO - Setting next_dagrun for example_setup_teardown to 2024-04-05 00:00:00+00:00, run_after=2024-04-06 00:00:00+00:00
[2024-04-06T23:13:37.862+0000] {processor.py:183} INFO - Processing /home/malangdataguy/miniconda3/envs/airflow_mdg/lib/python3.8/site-packages/airflow/example_dags/example_setup_teardown.py took 0.093 seconds
[2024-04-06T23:14:20.022+0000] {processor.py:161} INFO - Started process (PID=68681) to work on /home/malangdataguy/miniconda3/envs/airflow_mdg/lib/python3.8/site-packages/airflow/example_dags/example_setup_teardown.py
[2024-04-06T23:14:20.024+0000] {processor.py:830} INFO - Processing file /home/malangdataguy/miniconda3/envs/airflow_mdg/lib/python3.8/site-packages/airflow/example_dags/example_setup_teardown.py for tasks to queue
[2024-04-06T23:14:20.026+0000] {logging_mixin.py:188} INFO - [2024-04-06T23:14:20.025+0000] {dagbag.py:540} INFO - Filling up the DagBag from /home/malangdataguy/miniconda3/envs/airflow_mdg/lib/python3.8/site-packages/airflow/example_dags/example_setup_teardown.py
[2024-04-06T23:14:20.038+0000] {processor.py:840} INFO - DAG(s) 'example_setup_teardown' retrieved from /home/malangdataguy/miniconda3/envs/airflow_mdg/lib/python3.8/site-packages/airflow/example_dags/example_setup_teardown.py
[2024-04-06T23:14:20.064+0000] {logging_mixin.py:188} INFO - [2024-04-06T23:14:20.064+0000] {dag.py:3047} INFO - Sync 1 DAGs
[2024-04-06T23:14:20.092+0000] {logging_mixin.py:188} INFO - [2024-04-06T23:14:20.092+0000] {dag.py:3834} INFO - Setting next_dagrun for example_setup_teardown to 2024-04-05 00:00:00+00:00, run_after=2024-04-06 00:00:00+00:00
[2024-04-06T23:14:20.123+0000] {processor.py:183} INFO - Processing /home/malangdataguy/miniconda3/envs/airflow_mdg/lib/python3.8/site-packages/airflow/example_dags/example_setup_teardown.py took 0.106 seconds
[2024-04-06T23:15:02.600+0000] {processor.py:161} INFO - Started process (PID=68724) to work on /home/malangdataguy/miniconda3/envs/airflow_mdg/lib/python3.8/site-packages/airflow/example_dags/example_setup_teardown.py
[2024-04-06T23:15:02.602+0000] {processor.py:830} INFO - Processing file /home/malangdataguy/miniconda3/envs/airflow_mdg/lib/python3.8/site-packages/airflow/example_dags/example_setup_teardown.py for tasks to queue
[2024-04-06T23:15:02.604+0000] {logging_mixin.py:188} INFO - [2024-04-06T23:15:02.603+0000] {dagbag.py:540} INFO - Filling up the DagBag from /home/malangdataguy/miniconda3/envs/airflow_mdg/lib/python3.8/site-packages/airflow/example_dags/example_setup_teardown.py
[2024-04-06T23:15:02.615+0000] {processor.py:840} INFO - DAG(s) 'example_setup_teardown' retrieved from /home/malangdataguy/miniconda3/envs/airflow_mdg/lib/python3.8/site-packages/airflow/example_dags/example_setup_teardown.py
[2024-04-06T23:15:02.640+0000] {logging_mixin.py:188} INFO - [2024-04-06T23:15:02.639+0000] {dag.py:3047} INFO - Sync 1 DAGs
[2024-04-06T23:15:02.664+0000] {logging_mixin.py:188} INFO - [2024-04-06T23:15:02.664+0000] {dag.py:3834} INFO - Setting next_dagrun for example_setup_teardown to 2024-04-05 00:00:00+00:00, run_after=2024-04-06 00:00:00+00:00
[2024-04-06T23:15:02.697+0000] {processor.py:183} INFO - Processing /home/malangdataguy/miniconda3/envs/airflow_mdg/lib/python3.8/site-packages/airflow/example_dags/example_setup_teardown.py took 0.102 seconds
[2024-04-06T23:15:51.919+0000] {processor.py:161} INFO - Started process (PID=68776) to work on /home/malangdataguy/miniconda3/envs/airflow_mdg/lib/python3.8/site-packages/airflow/example_dags/example_setup_teardown.py
[2024-04-06T23:15:51.922+0000] {processor.py:830} INFO - Processing file /home/malangdataguy/miniconda3/envs/airflow_mdg/lib/python3.8/site-packages/airflow/example_dags/example_setup_teardown.py for tasks to queue
[2024-04-06T23:15:51.923+0000] {logging_mixin.py:188} INFO - [2024-04-06T23:15:51.923+0000] {dagbag.py:540} INFO - Filling up the DagBag from /home/malangdataguy/miniconda3/envs/airflow_mdg/lib/python3.8/site-packages/airflow/example_dags/example_setup_teardown.py
[2024-04-06T23:15:51.934+0000] {processor.py:840} INFO - DAG(s) 'example_setup_teardown' retrieved from /home/malangdataguy/miniconda3/envs/airflow_mdg/lib/python3.8/site-packages/airflow/example_dags/example_setup_teardown.py
[2024-04-06T23:15:51.957+0000] {logging_mixin.py:188} INFO - [2024-04-06T23:15:51.956+0000] {dag.py:3047} INFO - Sync 1 DAGs
[2024-04-06T23:15:51.983+0000] {logging_mixin.py:188} INFO - [2024-04-06T23:15:51.982+0000] {dag.py:3834} INFO - Setting next_dagrun for example_setup_teardown to 2024-04-05 00:00:00+00:00, run_after=2024-04-06 00:00:00+00:00
[2024-04-06T23:15:52.012+0000] {processor.py:183} INFO - Processing /home/malangdataguy/miniconda3/envs/airflow_mdg/lib/python3.8/site-packages/airflow/example_dags/example_setup_teardown.py took 0.097 seconds
[2024-04-06T23:16:30.283+0000] {processor.py:161} INFO - Started process (PID=68816) to work on /home/malangdataguy/miniconda3/envs/airflow_mdg/lib/python3.8/site-packages/airflow/example_dags/example_setup_teardown.py
[2024-04-06T23:16:30.285+0000] {processor.py:830} INFO - Processing file /home/malangdataguy/miniconda3/envs/airflow_mdg/lib/python3.8/site-packages/airflow/example_dags/example_setup_teardown.py for tasks to queue
[2024-04-06T23:16:30.286+0000] {logging_mixin.py:188} INFO - [2024-04-06T23:16:30.286+0000] {dagbag.py:540} INFO - Filling up the DagBag from /home/malangdataguy/miniconda3/envs/airflow_mdg/lib/python3.8/site-packages/airflow/example_dags/example_setup_teardown.py
[2024-04-06T23:16:30.297+0000] {processor.py:840} INFO - DAG(s) 'example_setup_teardown' retrieved from /home/malangdataguy/miniconda3/envs/airflow_mdg/lib/python3.8/site-packages/airflow/example_dags/example_setup_teardown.py
[2024-04-06T23:16:30.319+0000] {logging_mixin.py:188} INFO - [2024-04-06T23:16:30.319+0000] {dag.py:3047} INFO - Sync 1 DAGs
[2024-04-06T23:16:30.344+0000] {logging_mixin.py:188} INFO - [2024-04-06T23:16:30.344+0000] {dag.py:3834} INFO - Setting next_dagrun for example_setup_teardown to 2024-04-05 00:00:00+00:00, run_after=2024-04-06 00:00:00+00:00
[2024-04-06T23:16:30.373+0000] {processor.py:183} INFO - Processing /home/malangdataguy/miniconda3/envs/airflow_mdg/lib/python3.8/site-packages/airflow/example_dags/example_setup_teardown.py took 0.095 seconds
[2024-04-06T23:17:09.231+0000] {processor.py:161} INFO - Started process (PID=68859) to work on /home/malangdataguy/miniconda3/envs/airflow_mdg/lib/python3.8/site-packages/airflow/example_dags/example_setup_teardown.py
[2024-04-06T23:17:09.233+0000] {processor.py:830} INFO - Processing file /home/malangdataguy/miniconda3/envs/airflow_mdg/lib/python3.8/site-packages/airflow/example_dags/example_setup_teardown.py for tasks to queue
[2024-04-06T23:17:09.235+0000] {logging_mixin.py:188} INFO - [2024-04-06T23:17:09.234+0000] {dagbag.py:540} INFO - Filling up the DagBag from /home/malangdataguy/miniconda3/envs/airflow_mdg/lib/python3.8/site-packages/airflow/example_dags/example_setup_teardown.py
[2024-04-06T23:17:09.246+0000] {processor.py:840} INFO - DAG(s) 'example_setup_teardown' retrieved from /home/malangdataguy/miniconda3/envs/airflow_mdg/lib/python3.8/site-packages/airflow/example_dags/example_setup_teardown.py
[2024-04-06T23:17:09.271+0000] {logging_mixin.py:188} INFO - [2024-04-06T23:17:09.270+0000] {dag.py:3047} INFO - Sync 1 DAGs
[2024-04-06T23:17:09.295+0000] {logging_mixin.py:188} INFO - [2024-04-06T23:17:09.295+0000] {dag.py:3834} INFO - Setting next_dagrun for example_setup_teardown to 2024-04-05 00:00:00+00:00, run_after=2024-04-06 00:00:00+00:00
[2024-04-06T23:17:09.325+0000] {processor.py:183} INFO - Processing /home/malangdataguy/miniconda3/envs/airflow_mdg/lib/python3.8/site-packages/airflow/example_dags/example_setup_teardown.py took 0.099 seconds
[2024-04-06T23:17:53.231+0000] {processor.py:161} INFO - Started process (PID=68907) to work on /home/malangdataguy/miniconda3/envs/airflow_mdg/lib/python3.8/site-packages/airflow/example_dags/example_setup_teardown.py
[2024-04-06T23:17:53.233+0000] {processor.py:830} INFO - Processing file /home/malangdataguy/miniconda3/envs/airflow_mdg/lib/python3.8/site-packages/airflow/example_dags/example_setup_teardown.py for tasks to queue
[2024-04-06T23:17:53.235+0000] {logging_mixin.py:188} INFO - [2024-04-06T23:17:53.234+0000] {dagbag.py:540} INFO - Filling up the DagBag from /home/malangdataguy/miniconda3/envs/airflow_mdg/lib/python3.8/site-packages/airflow/example_dags/example_setup_teardown.py
[2024-04-06T23:17:53.245+0000] {processor.py:840} INFO - DAG(s) 'example_setup_teardown' retrieved from /home/malangdataguy/miniconda3/envs/airflow_mdg/lib/python3.8/site-packages/airflow/example_dags/example_setup_teardown.py
[2024-04-06T23:17:53.270+0000] {logging_mixin.py:188} INFO - [2024-04-06T23:17:53.269+0000] {dag.py:3047} INFO - Sync 1 DAGs
[2024-04-06T23:17:53.294+0000] {logging_mixin.py:188} INFO - [2024-04-06T23:17:53.294+0000] {dag.py:3834} INFO - Setting next_dagrun for example_setup_teardown to 2024-04-05 00:00:00+00:00, run_after=2024-04-06 00:00:00+00:00
[2024-04-06T23:17:53.323+0000] {processor.py:183} INFO - Processing /home/malangdataguy/miniconda3/envs/airflow_mdg/lib/python3.8/site-packages/airflow/example_dags/example_setup_teardown.py took 0.097 seconds
[2024-04-06T23:18:35.720+0000] {processor.py:161} INFO - Started process (PID=68950) to work on /home/malangdataguy/miniconda3/envs/airflow_mdg/lib/python3.8/site-packages/airflow/example_dags/example_setup_teardown.py
[2024-04-06T23:18:35.723+0000] {processor.py:830} INFO - Processing file /home/malangdataguy/miniconda3/envs/airflow_mdg/lib/python3.8/site-packages/airflow/example_dags/example_setup_teardown.py for tasks to queue
[2024-04-06T23:18:35.724+0000] {logging_mixin.py:188} INFO - [2024-04-06T23:18:35.724+0000] {dagbag.py:540} INFO - Filling up the DagBag from /home/malangdataguy/miniconda3/envs/airflow_mdg/lib/python3.8/site-packages/airflow/example_dags/example_setup_teardown.py
[2024-04-06T23:18:35.735+0000] {processor.py:840} INFO - DAG(s) 'example_setup_teardown' retrieved from /home/malangdataguy/miniconda3/envs/airflow_mdg/lib/python3.8/site-packages/airflow/example_dags/example_setup_teardown.py
[2024-04-06T23:18:35.758+0000] {logging_mixin.py:188} INFO - [2024-04-06T23:18:35.757+0000] {dag.py:3047} INFO - Sync 1 DAGs
[2024-04-06T23:18:35.782+0000] {logging_mixin.py:188} INFO - [2024-04-06T23:18:35.782+0000] {dag.py:3834} INFO - Setting next_dagrun for example_setup_teardown to 2024-04-05 00:00:00+00:00, run_after=2024-04-06 00:00:00+00:00
[2024-04-06T23:18:35.812+0000] {processor.py:183} INFO - Processing /home/malangdataguy/miniconda3/envs/airflow_mdg/lib/python3.8/site-packages/airflow/example_dags/example_setup_teardown.py took 0.096 seconds
[2024-04-06T23:19:15.280+0000] {processor.py:161} INFO - Started process (PID=68991) to work on /home/malangdataguy/miniconda3/envs/airflow_mdg/lib/python3.8/site-packages/airflow/example_dags/example_setup_teardown.py
[2024-04-06T23:19:15.283+0000] {processor.py:830} INFO - Processing file /home/malangdataguy/miniconda3/envs/airflow_mdg/lib/python3.8/site-packages/airflow/example_dags/example_setup_teardown.py for tasks to queue
[2024-04-06T23:19:15.284+0000] {logging_mixin.py:188} INFO - [2024-04-06T23:19:15.283+0000] {dagbag.py:540} INFO - Filling up the DagBag from /home/malangdataguy/miniconda3/envs/airflow_mdg/lib/python3.8/site-packages/airflow/example_dags/example_setup_teardown.py
[2024-04-06T23:19:15.294+0000] {processor.py:840} INFO - DAG(s) 'example_setup_teardown' retrieved from /home/malangdataguy/miniconda3/envs/airflow_mdg/lib/python3.8/site-packages/airflow/example_dags/example_setup_teardown.py
[2024-04-06T23:19:15.316+0000] {logging_mixin.py:188} INFO - [2024-04-06T23:19:15.316+0000] {dag.py:3047} INFO - Sync 1 DAGs
[2024-04-06T23:19:15.340+0000] {logging_mixin.py:188} INFO - [2024-04-06T23:19:15.339+0000] {dag.py:3834} INFO - Setting next_dagrun for example_setup_teardown to 2024-04-05 00:00:00+00:00, run_after=2024-04-06 00:00:00+00:00
[2024-04-06T23:19:15.368+0000] {processor.py:183} INFO - Processing /home/malangdataguy/miniconda3/envs/airflow_mdg/lib/python3.8/site-packages/airflow/example_dags/example_setup_teardown.py took 0.092 seconds
[2024-04-06T23:20:01.523+0000] {processor.py:161} INFO - Started process (PID=69035) to work on /home/malangdataguy/miniconda3/envs/airflow_mdg/lib/python3.8/site-packages/airflow/example_dags/example_setup_teardown.py
[2024-04-06T23:20:01.526+0000] {processor.py:830} INFO - Processing file /home/malangdataguy/miniconda3/envs/airflow_mdg/lib/python3.8/site-packages/airflow/example_dags/example_setup_teardown.py for tasks to queue
[2024-04-06T23:20:01.527+0000] {logging_mixin.py:188} INFO - [2024-04-06T23:20:01.526+0000] {dagbag.py:540} INFO - Filling up the DagBag from /home/malangdataguy/miniconda3/envs/airflow_mdg/lib/python3.8/site-packages/airflow/example_dags/example_setup_teardown.py
[2024-04-06T23:20:01.537+0000] {processor.py:840} INFO - DAG(s) 'example_setup_teardown' retrieved from /home/malangdataguy/miniconda3/envs/airflow_mdg/lib/python3.8/site-packages/airflow/example_dags/example_setup_teardown.py
[2024-04-06T23:20:01.560+0000] {logging_mixin.py:188} INFO - [2024-04-06T23:20:01.559+0000] {dag.py:3047} INFO - Sync 1 DAGs
[2024-04-06T23:20:01.585+0000] {logging_mixin.py:188} INFO - [2024-04-06T23:20:01.584+0000] {dag.py:3834} INFO - Setting next_dagrun for example_setup_teardown to 2024-04-05 00:00:00+00:00, run_after=2024-04-06 00:00:00+00:00
[2024-04-06T23:20:01.615+0000] {processor.py:183} INFO - Processing /home/malangdataguy/miniconda3/envs/airflow_mdg/lib/python3.8/site-packages/airflow/example_dags/example_setup_teardown.py took 0.097 seconds
[2024-04-06T23:20:46.947+0000] {processor.py:161} INFO - Started process (PID=69081) to work on /home/malangdataguy/miniconda3/envs/airflow_mdg/lib/python3.8/site-packages/airflow/example_dags/example_setup_teardown.py
[2024-04-06T23:20:46.950+0000] {processor.py:830} INFO - Processing file /home/malangdataguy/miniconda3/envs/airflow_mdg/lib/python3.8/site-packages/airflow/example_dags/example_setup_teardown.py for tasks to queue
[2024-04-06T23:20:46.952+0000] {logging_mixin.py:188} INFO - [2024-04-06T23:20:46.951+0000] {dagbag.py:540} INFO - Filling up the DagBag from /home/malangdataguy/miniconda3/envs/airflow_mdg/lib/python3.8/site-packages/airflow/example_dags/example_setup_teardown.py
[2024-04-06T23:20:46.964+0000] {processor.py:840} INFO - DAG(s) 'example_setup_teardown' retrieved from /home/malangdataguy/miniconda3/envs/airflow_mdg/lib/python3.8/site-packages/airflow/example_dags/example_setup_teardown.py
[2024-04-06T23:20:46.991+0000] {logging_mixin.py:188} INFO - [2024-04-06T23:20:46.991+0000] {dag.py:3047} INFO - Sync 1 DAGs
[2024-04-06T23:20:47.020+0000] {logging_mixin.py:188} INFO - [2024-04-06T23:20:47.020+0000] {dag.py:3834} INFO - Setting next_dagrun for example_setup_teardown to 2024-04-05 00:00:00+00:00, run_after=2024-04-06 00:00:00+00:00
[2024-04-06T23:20:47.055+0000] {processor.py:183} INFO - Processing /home/malangdataguy/miniconda3/envs/airflow_mdg/lib/python3.8/site-packages/airflow/example_dags/example_setup_teardown.py took 0.114 seconds
[2024-04-06T23:21:27.497+0000] {processor.py:161} INFO - Started process (PID=69123) to work on /home/malangdataguy/miniconda3/envs/airflow_mdg/lib/python3.8/site-packages/airflow/example_dags/example_setup_teardown.py
[2024-04-06T23:21:27.500+0000] {processor.py:830} INFO - Processing file /home/malangdataguy/miniconda3/envs/airflow_mdg/lib/python3.8/site-packages/airflow/example_dags/example_setup_teardown.py for tasks to queue
[2024-04-06T23:21:27.502+0000] {logging_mixin.py:188} INFO - [2024-04-06T23:21:27.502+0000] {dagbag.py:540} INFO - Filling up the DagBag from /home/malangdataguy/miniconda3/envs/airflow_mdg/lib/python3.8/site-packages/airflow/example_dags/example_setup_teardown.py
[2024-04-06T23:21:27.515+0000] {processor.py:840} INFO - DAG(s) 'example_setup_teardown' retrieved from /home/malangdataguy/miniconda3/envs/airflow_mdg/lib/python3.8/site-packages/airflow/example_dags/example_setup_teardown.py
[2024-04-06T23:21:27.543+0000] {logging_mixin.py:188} INFO - [2024-04-06T23:21:27.543+0000] {dag.py:3047} INFO - Sync 1 DAGs
[2024-04-06T23:21:27.575+0000] {logging_mixin.py:188} INFO - [2024-04-06T23:21:27.574+0000] {dag.py:3834} INFO - Setting next_dagrun for example_setup_teardown to 2024-04-05 00:00:00+00:00, run_after=2024-04-06 00:00:00+00:00
[2024-04-06T23:21:27.611+0000] {processor.py:183} INFO - Processing /home/malangdataguy/miniconda3/envs/airflow_mdg/lib/python3.8/site-packages/airflow/example_dags/example_setup_teardown.py took 0.119 seconds
[2024-04-06T23:22:09.767+0000] {processor.py:161} INFO - Started process (PID=69164) to work on /home/malangdataguy/miniconda3/envs/airflow_mdg/lib/python3.8/site-packages/airflow/example_dags/example_setup_teardown.py
[2024-04-06T23:22:09.770+0000] {processor.py:830} INFO - Processing file /home/malangdataguy/miniconda3/envs/airflow_mdg/lib/python3.8/site-packages/airflow/example_dags/example_setup_teardown.py for tasks to queue
[2024-04-06T23:22:09.772+0000] {logging_mixin.py:188} INFO - [2024-04-06T23:22:09.772+0000] {dagbag.py:540} INFO - Filling up the DagBag from /home/malangdataguy/miniconda3/envs/airflow_mdg/lib/python3.8/site-packages/airflow/example_dags/example_setup_teardown.py
[2024-04-06T23:22:09.784+0000] {processor.py:840} INFO - DAG(s) 'example_setup_teardown' retrieved from /home/malangdataguy/miniconda3/envs/airflow_mdg/lib/python3.8/site-packages/airflow/example_dags/example_setup_teardown.py
[2024-04-06T23:22:09.808+0000] {logging_mixin.py:188} INFO - [2024-04-06T23:22:09.808+0000] {dag.py:3047} INFO - Sync 1 DAGs
[2024-04-06T23:22:09.835+0000] {logging_mixin.py:188} INFO - [2024-04-06T23:22:09.835+0000] {dag.py:3834} INFO - Setting next_dagrun for example_setup_teardown to 2024-04-05 00:00:00+00:00, run_after=2024-04-06 00:00:00+00:00
[2024-04-06T23:22:09.867+0000] {processor.py:183} INFO - Processing /home/malangdataguy/miniconda3/envs/airflow_mdg/lib/python3.8/site-packages/airflow/example_dags/example_setup_teardown.py took 0.105 seconds
[2024-04-06T23:40:17.398+0000] {processor.py:161} INFO - Started process (PID=69278) to work on /home/malangdataguy/miniconda3/envs/airflow_mdg/lib/python3.8/site-packages/airflow/example_dags/example_setup_teardown.py
[2024-04-06T23:40:17.410+0000] {processor.py:830} INFO - Processing file /home/malangdataguy/miniconda3/envs/airflow_mdg/lib/python3.8/site-packages/airflow/example_dags/example_setup_teardown.py for tasks to queue
[2024-04-06T23:40:17.412+0000] {logging_mixin.py:188} INFO - [2024-04-06T23:40:17.412+0000] {dagbag.py:540} INFO - Filling up the DagBag from /home/malangdataguy/miniconda3/envs/airflow_mdg/lib/python3.8/site-packages/airflow/example_dags/example_setup_teardown.py
[2024-04-06T23:40:17.429+0000] {processor.py:840} INFO - DAG(s) 'example_setup_teardown' retrieved from /home/malangdataguy/miniconda3/envs/airflow_mdg/lib/python3.8/site-packages/airflow/example_dags/example_setup_teardown.py
[2024-04-06T23:40:17.458+0000] {logging_mixin.py:188} INFO - [2024-04-06T23:40:17.458+0000] {dag.py:3047} INFO - Sync 1 DAGs
[2024-04-06T23:40:17.489+0000] {logging_mixin.py:188} INFO - [2024-04-06T23:40:17.489+0000] {dag.py:3834} INFO - Setting next_dagrun for example_setup_teardown to 2024-04-05 00:00:00+00:00, run_after=2024-04-06 00:00:00+00:00
[2024-04-06T23:40:17.523+0000] {processor.py:183} INFO - Processing /home/malangdataguy/miniconda3/envs/airflow_mdg/lib/python3.8/site-packages/airflow/example_dags/example_setup_teardown.py took 0.131 seconds
[2024-04-06T23:41:10.755+0000] {processor.py:161} INFO - Started process (PID=69328) to work on /home/malangdataguy/miniconda3/envs/airflow_mdg/lib/python3.8/site-packages/airflow/example_dags/example_setup_teardown.py
[2024-04-06T23:41:10.757+0000] {processor.py:830} INFO - Processing file /home/malangdataguy/miniconda3/envs/airflow_mdg/lib/python3.8/site-packages/airflow/example_dags/example_setup_teardown.py for tasks to queue
[2024-04-06T23:41:10.759+0000] {logging_mixin.py:188} INFO - [2024-04-06T23:41:10.758+0000] {dagbag.py:540} INFO - Filling up the DagBag from /home/malangdataguy/miniconda3/envs/airflow_mdg/lib/python3.8/site-packages/airflow/example_dags/example_setup_teardown.py
[2024-04-06T23:41:10.772+0000] {processor.py:840} INFO - DAG(s) 'example_setup_teardown' retrieved from /home/malangdataguy/miniconda3/envs/airflow_mdg/lib/python3.8/site-packages/airflow/example_dags/example_setup_teardown.py
[2024-04-06T23:41:10.799+0000] {logging_mixin.py:188} INFO - [2024-04-06T23:41:10.799+0000] {dag.py:3047} INFO - Sync 1 DAGs
[2024-04-06T23:41:10.828+0000] {logging_mixin.py:188} INFO - [2024-04-06T23:41:10.828+0000] {dag.py:3834} INFO - Setting next_dagrun for example_setup_teardown to 2024-04-05 00:00:00+00:00, run_after=2024-04-06 00:00:00+00:00
[2024-04-06T23:41:10.862+0000] {processor.py:183} INFO - Processing /home/malangdataguy/miniconda3/envs/airflow_mdg/lib/python3.8/site-packages/airflow/example_dags/example_setup_teardown.py took 0.113 seconds
[2024-04-06T23:41:54.971+0000] {processor.py:161} INFO - Started process (PID=69370) to work on /home/malangdataguy/miniconda3/envs/airflow_mdg/lib/python3.8/site-packages/airflow/example_dags/example_setup_teardown.py
[2024-04-06T23:41:54.974+0000] {processor.py:830} INFO - Processing file /home/malangdataguy/miniconda3/envs/airflow_mdg/lib/python3.8/site-packages/airflow/example_dags/example_setup_teardown.py for tasks to queue
[2024-04-06T23:41:54.975+0000] {logging_mixin.py:188} INFO - [2024-04-06T23:41:54.975+0000] {dagbag.py:540} INFO - Filling up the DagBag from /home/malangdataguy/miniconda3/envs/airflow_mdg/lib/python3.8/site-packages/airflow/example_dags/example_setup_teardown.py
[2024-04-06T23:41:54.987+0000] {processor.py:840} INFO - DAG(s) 'example_setup_teardown' retrieved from /home/malangdataguy/miniconda3/envs/airflow_mdg/lib/python3.8/site-packages/airflow/example_dags/example_setup_teardown.py
[2024-04-06T23:41:55.012+0000] {logging_mixin.py:188} INFO - [2024-04-06T23:41:55.012+0000] {dag.py:3047} INFO - Sync 1 DAGs
[2024-04-06T23:41:55.038+0000] {logging_mixin.py:188} INFO - [2024-04-06T23:41:55.038+0000] {dag.py:3834} INFO - Setting next_dagrun for example_setup_teardown to 2024-04-05 00:00:00+00:00, run_after=2024-04-06 00:00:00+00:00
[2024-04-06T23:41:55.071+0000] {processor.py:183} INFO - Processing /home/malangdataguy/miniconda3/envs/airflow_mdg/lib/python3.8/site-packages/airflow/example_dags/example_setup_teardown.py took 0.105 seconds
[2024-04-06T23:42:39.477+0000] {processor.py:161} INFO - Started process (PID=69414) to work on /home/malangdataguy/miniconda3/envs/airflow_mdg/lib/python3.8/site-packages/airflow/example_dags/example_setup_teardown.py
[2024-04-06T23:42:39.481+0000] {processor.py:830} INFO - Processing file /home/malangdataguy/miniconda3/envs/airflow_mdg/lib/python3.8/site-packages/airflow/example_dags/example_setup_teardown.py for tasks to queue
[2024-04-06T23:42:39.483+0000] {logging_mixin.py:188} INFO - [2024-04-06T23:42:39.482+0000] {dagbag.py:540} INFO - Filling up the DagBag from /home/malangdataguy/miniconda3/envs/airflow_mdg/lib/python3.8/site-packages/airflow/example_dags/example_setup_teardown.py
[2024-04-06T23:42:39.496+0000] {processor.py:840} INFO - DAG(s) 'example_setup_teardown' retrieved from /home/malangdataguy/miniconda3/envs/airflow_mdg/lib/python3.8/site-packages/airflow/example_dags/example_setup_teardown.py
[2024-04-06T23:42:39.525+0000] {logging_mixin.py:188} INFO - [2024-04-06T23:42:39.524+0000] {dag.py:3047} INFO - Sync 1 DAGs
[2024-04-06T23:42:39.554+0000] {logging_mixin.py:188} INFO - [2024-04-06T23:42:39.554+0000] {dag.py:3834} INFO - Setting next_dagrun for example_setup_teardown to 2024-04-05 00:00:00+00:00, run_after=2024-04-06 00:00:00+00:00
[2024-04-06T23:42:39.591+0000] {processor.py:183} INFO - Processing /home/malangdataguy/miniconda3/envs/airflow_mdg/lib/python3.8/site-packages/airflow/example_dags/example_setup_teardown.py took 0.120 seconds
[2024-04-06T23:43:22.744+0000] {processor.py:161} INFO - Started process (PID=69458) to work on /home/malangdataguy/miniconda3/envs/airflow_mdg/lib/python3.8/site-packages/airflow/example_dags/example_setup_teardown.py
[2024-04-06T23:43:22.747+0000] {processor.py:830} INFO - Processing file /home/malangdataguy/miniconda3/envs/airflow_mdg/lib/python3.8/site-packages/airflow/example_dags/example_setup_teardown.py for tasks to queue
[2024-04-06T23:43:22.749+0000] {logging_mixin.py:188} INFO - [2024-04-06T23:43:22.748+0000] {dagbag.py:540} INFO - Filling up the DagBag from /home/malangdataguy/miniconda3/envs/airflow_mdg/lib/python3.8/site-packages/airflow/example_dags/example_setup_teardown.py
[2024-04-06T23:43:22.760+0000] {processor.py:840} INFO - DAG(s) 'example_setup_teardown' retrieved from /home/malangdataguy/miniconda3/envs/airflow_mdg/lib/python3.8/site-packages/airflow/example_dags/example_setup_teardown.py
[2024-04-06T23:43:22.784+0000] {logging_mixin.py:188} INFO - [2024-04-06T23:43:22.784+0000] {dag.py:3047} INFO - Sync 1 DAGs
[2024-04-06T23:43:22.809+0000] {logging_mixin.py:188} INFO - [2024-04-06T23:43:22.808+0000] {dag.py:3834} INFO - Setting next_dagrun for example_setup_teardown to 2024-04-05 00:00:00+00:00, run_after=2024-04-06 00:00:00+00:00
[2024-04-06T23:43:22.838+0000] {processor.py:183} INFO - Processing /home/malangdataguy/miniconda3/envs/airflow_mdg/lib/python3.8/site-packages/airflow/example_dags/example_setup_teardown.py took 0.099 seconds
[2024-04-06T23:44:07.740+0000] {processor.py:161} INFO - Started process (PID=69517) to work on /home/malangdataguy/miniconda3/envs/airflow_mdg/lib/python3.8/site-packages/airflow/example_dags/example_setup_teardown.py
[2024-04-06T23:44:07.744+0000] {processor.py:830} INFO - Processing file /home/malangdataguy/miniconda3/envs/airflow_mdg/lib/python3.8/site-packages/airflow/example_dags/example_setup_teardown.py for tasks to queue
[2024-04-06T23:44:07.745+0000] {logging_mixin.py:188} INFO - [2024-04-06T23:44:07.744+0000] {dagbag.py:540} INFO - Filling up the DagBag from /home/malangdataguy/miniconda3/envs/airflow_mdg/lib/python3.8/site-packages/airflow/example_dags/example_setup_teardown.py
[2024-04-06T23:44:07.757+0000] {processor.py:840} INFO - DAG(s) 'example_setup_teardown' retrieved from /home/malangdataguy/miniconda3/envs/airflow_mdg/lib/python3.8/site-packages/airflow/example_dags/example_setup_teardown.py
[2024-04-06T23:44:07.783+0000] {logging_mixin.py:188} INFO - [2024-04-06T23:44:07.782+0000] {dag.py:3047} INFO - Sync 1 DAGs
[2024-04-06T23:44:07.810+0000] {logging_mixin.py:188} INFO - [2024-04-06T23:44:07.809+0000] {dag.py:3834} INFO - Setting next_dagrun for example_setup_teardown to 2024-04-05 00:00:00+00:00, run_after=2024-04-06 00:00:00+00:00
[2024-04-06T23:44:07.843+0000] {processor.py:183} INFO - Processing /home/malangdataguy/miniconda3/envs/airflow_mdg/lib/python3.8/site-packages/airflow/example_dags/example_setup_teardown.py took 0.112 seconds
[2024-04-06T23:44:51.371+0000] {processor.py:161} INFO - Started process (PID=69564) to work on /home/malangdataguy/miniconda3/envs/airflow_mdg/lib/python3.8/site-packages/airflow/example_dags/example_setup_teardown.py
[2024-04-06T23:44:51.373+0000] {processor.py:830} INFO - Processing file /home/malangdataguy/miniconda3/envs/airflow_mdg/lib/python3.8/site-packages/airflow/example_dags/example_setup_teardown.py for tasks to queue
[2024-04-06T23:44:51.375+0000] {logging_mixin.py:188} INFO - [2024-04-06T23:44:51.374+0000] {dagbag.py:540} INFO - Filling up the DagBag from /home/malangdataguy/miniconda3/envs/airflow_mdg/lib/python3.8/site-packages/airflow/example_dags/example_setup_teardown.py
[2024-04-06T23:44:51.386+0000] {processor.py:840} INFO - DAG(s) 'example_setup_teardown' retrieved from /home/malangdataguy/miniconda3/envs/airflow_mdg/lib/python3.8/site-packages/airflow/example_dags/example_setup_teardown.py
[2024-04-06T23:44:51.409+0000] {logging_mixin.py:188} INFO - [2024-04-06T23:44:51.409+0000] {dag.py:3047} INFO - Sync 1 DAGs
[2024-04-06T23:44:51.434+0000] {logging_mixin.py:188} INFO - [2024-04-06T23:44:51.433+0000] {dag.py:3834} INFO - Setting next_dagrun for example_setup_teardown to 2024-04-05 00:00:00+00:00, run_after=2024-04-06 00:00:00+00:00
[2024-04-06T23:44:51.462+0000] {processor.py:183} INFO - Processing /home/malangdataguy/miniconda3/envs/airflow_mdg/lib/python3.8/site-packages/airflow/example_dags/example_setup_teardown.py took 0.096 seconds
[2024-04-06T23:45:33.383+0000] {processor.py:161} INFO - Started process (PID=69608) to work on /home/malangdataguy/miniconda3/envs/airflow_mdg/lib/python3.8/site-packages/airflow/example_dags/example_setup_teardown.py
[2024-04-06T23:45:33.385+0000] {processor.py:830} INFO - Processing file /home/malangdataguy/miniconda3/envs/airflow_mdg/lib/python3.8/site-packages/airflow/example_dags/example_setup_teardown.py for tasks to queue
[2024-04-06T23:45:33.387+0000] {logging_mixin.py:188} INFO - [2024-04-06T23:45:33.386+0000] {dagbag.py:540} INFO - Filling up the DagBag from /home/malangdataguy/miniconda3/envs/airflow_mdg/lib/python3.8/site-packages/airflow/example_dags/example_setup_teardown.py
[2024-04-06T23:45:33.397+0000] {processor.py:840} INFO - DAG(s) 'example_setup_teardown' retrieved from /home/malangdataguy/miniconda3/envs/airflow_mdg/lib/python3.8/site-packages/airflow/example_dags/example_setup_teardown.py
[2024-04-06T23:45:33.420+0000] {logging_mixin.py:188} INFO - [2024-04-06T23:45:33.419+0000] {dag.py:3047} INFO - Sync 1 DAGs
[2024-04-06T23:45:33.444+0000] {logging_mixin.py:188} INFO - [2024-04-06T23:45:33.444+0000] {dag.py:3834} INFO - Setting next_dagrun for example_setup_teardown to 2024-04-05 00:00:00+00:00, run_after=2024-04-06 00:00:00+00:00
[2024-04-06T23:45:33.472+0000] {processor.py:183} INFO - Processing /home/malangdataguy/miniconda3/envs/airflow_mdg/lib/python3.8/site-packages/airflow/example_dags/example_setup_teardown.py took 0.094 seconds
[2024-04-06T23:46:14.524+0000] {processor.py:161} INFO - Started process (PID=69652) to work on /home/malangdataguy/miniconda3/envs/airflow_mdg/lib/python3.8/site-packages/airflow/example_dags/example_setup_teardown.py
[2024-04-06T23:46:14.527+0000] {processor.py:830} INFO - Processing file /home/malangdataguy/miniconda3/envs/airflow_mdg/lib/python3.8/site-packages/airflow/example_dags/example_setup_teardown.py for tasks to queue
[2024-04-06T23:46:14.529+0000] {logging_mixin.py:188} INFO - [2024-04-06T23:46:14.528+0000] {dagbag.py:540} INFO - Filling up the DagBag from /home/malangdataguy/miniconda3/envs/airflow_mdg/lib/python3.8/site-packages/airflow/example_dags/example_setup_teardown.py
[2024-04-06T23:46:14.541+0000] {processor.py:840} INFO - DAG(s) 'example_setup_teardown' retrieved from /home/malangdataguy/miniconda3/envs/airflow_mdg/lib/python3.8/site-packages/airflow/example_dags/example_setup_teardown.py
[2024-04-06T23:46:14.566+0000] {logging_mixin.py:188} INFO - [2024-04-06T23:46:14.566+0000] {dag.py:3047} INFO - Sync 1 DAGs
[2024-04-06T23:46:14.594+0000] {logging_mixin.py:188} INFO - [2024-04-06T23:46:14.594+0000] {dag.py:3834} INFO - Setting next_dagrun for example_setup_teardown to 2024-04-05 00:00:00+00:00, run_after=2024-04-06 00:00:00+00:00
[2024-04-06T23:46:14.624+0000] {processor.py:183} INFO - Processing /home/malangdataguy/miniconda3/envs/airflow_mdg/lib/python3.8/site-packages/airflow/example_dags/example_setup_teardown.py took 0.105 seconds
[2024-04-06T23:46:53.366+0000] {processor.py:161} INFO - Started process (PID=69720) to work on /home/malangdataguy/miniconda3/envs/airflow_mdg/lib/python3.8/site-packages/airflow/example_dags/example_setup_teardown.py
[2024-04-06T23:46:53.368+0000] {processor.py:830} INFO - Processing file /home/malangdataguy/miniconda3/envs/airflow_mdg/lib/python3.8/site-packages/airflow/example_dags/example_setup_teardown.py for tasks to queue
[2024-04-06T23:46:53.370+0000] {logging_mixin.py:188} INFO - [2024-04-06T23:46:53.369+0000] {dagbag.py:540} INFO - Filling up the DagBag from /home/malangdataguy/miniconda3/envs/airflow_mdg/lib/python3.8/site-packages/airflow/example_dags/example_setup_teardown.py
[2024-04-06T23:46:53.380+0000] {processor.py:840} INFO - DAG(s) 'example_setup_teardown' retrieved from /home/malangdataguy/miniconda3/envs/airflow_mdg/lib/python3.8/site-packages/airflow/example_dags/example_setup_teardown.py
[2024-04-06T23:46:53.402+0000] {logging_mixin.py:188} INFO - [2024-04-06T23:46:53.401+0000] {dag.py:3047} INFO - Sync 1 DAGs
[2024-04-06T23:46:53.426+0000] {logging_mixin.py:188} INFO - [2024-04-06T23:46:53.426+0000] {dag.py:3834} INFO - Setting next_dagrun for example_setup_teardown to 2024-04-05 00:00:00+00:00, run_after=2024-04-06 00:00:00+00:00
[2024-04-06T23:46:53.459+0000] {processor.py:183} INFO - Processing /home/malangdataguy/miniconda3/envs/airflow_mdg/lib/python3.8/site-packages/airflow/example_dags/example_setup_teardown.py took 0.098 seconds
[2024-04-06T23:47:32.981+0000] {processor.py:161} INFO - Started process (PID=69764) to work on /home/malangdataguy/miniconda3/envs/airflow_mdg/lib/python3.8/site-packages/airflow/example_dags/example_setup_teardown.py
[2024-04-06T23:47:32.984+0000] {processor.py:830} INFO - Processing file /home/malangdataguy/miniconda3/envs/airflow_mdg/lib/python3.8/site-packages/airflow/example_dags/example_setup_teardown.py for tasks to queue
[2024-04-06T23:47:32.985+0000] {logging_mixin.py:188} INFO - [2024-04-06T23:47:32.985+0000] {dagbag.py:540} INFO - Filling up the DagBag from /home/malangdataguy/miniconda3/envs/airflow_mdg/lib/python3.8/site-packages/airflow/example_dags/example_setup_teardown.py
[2024-04-06T23:47:32.996+0000] {processor.py:840} INFO - DAG(s) 'example_setup_teardown' retrieved from /home/malangdataguy/miniconda3/envs/airflow_mdg/lib/python3.8/site-packages/airflow/example_dags/example_setup_teardown.py
[2024-04-06T23:47:33.018+0000] {logging_mixin.py:188} INFO - [2024-04-06T23:47:33.018+0000] {dag.py:3047} INFO - Sync 1 DAGs
[2024-04-06T23:47:33.042+0000] {logging_mixin.py:188} INFO - [2024-04-06T23:47:33.042+0000] {dag.py:3834} INFO - Setting next_dagrun for example_setup_teardown to 2024-04-05 00:00:00+00:00, run_after=2024-04-06 00:00:00+00:00
[2024-04-06T23:47:33.076+0000] {processor.py:183} INFO - Processing /home/malangdataguy/miniconda3/envs/airflow_mdg/lib/python3.8/site-packages/airflow/example_dags/example_setup_teardown.py took 0.100 seconds
[2024-04-06T23:48:15.657+0000] {processor.py:161} INFO - Started process (PID=69811) to work on /home/malangdataguy/miniconda3/envs/airflow_mdg/lib/python3.8/site-packages/airflow/example_dags/example_setup_teardown.py
[2024-04-06T23:48:15.660+0000] {processor.py:830} INFO - Processing file /home/malangdataguy/miniconda3/envs/airflow_mdg/lib/python3.8/site-packages/airflow/example_dags/example_setup_teardown.py for tasks to queue
[2024-04-06T23:48:15.662+0000] {logging_mixin.py:188} INFO - [2024-04-06T23:48:15.662+0000] {dagbag.py:540} INFO - Filling up the DagBag from /home/malangdataguy/miniconda3/envs/airflow_mdg/lib/python3.8/site-packages/airflow/example_dags/example_setup_teardown.py
[2024-04-06T23:48:15.676+0000] {processor.py:840} INFO - DAG(s) 'example_setup_teardown' retrieved from /home/malangdataguy/miniconda3/envs/airflow_mdg/lib/python3.8/site-packages/airflow/example_dags/example_setup_teardown.py
[2024-04-06T23:48:15.704+0000] {logging_mixin.py:188} INFO - [2024-04-06T23:48:15.704+0000] {dag.py:3047} INFO - Sync 1 DAGs
[2024-04-06T23:48:15.746+0000] {logging_mixin.py:188} INFO - [2024-04-06T23:48:15.746+0000] {dag.py:3834} INFO - Setting next_dagrun for example_setup_teardown to 2024-04-05 00:00:00+00:00, run_after=2024-04-06 00:00:00+00:00
[2024-04-06T23:48:15.784+0000] {processor.py:183} INFO - Processing /home/malangdataguy/miniconda3/envs/airflow_mdg/lib/python3.8/site-packages/airflow/example_dags/example_setup_teardown.py took 0.132 seconds
[2024-04-06T23:48:57.686+0000] {processor.py:161} INFO - Started process (PID=69853) to work on /home/malangdataguy/miniconda3/envs/airflow_mdg/lib/python3.8/site-packages/airflow/example_dags/example_setup_teardown.py
[2024-04-06T23:48:57.689+0000] {processor.py:830} INFO - Processing file /home/malangdataguy/miniconda3/envs/airflow_mdg/lib/python3.8/site-packages/airflow/example_dags/example_setup_teardown.py for tasks to queue
[2024-04-06T23:48:57.691+0000] {logging_mixin.py:188} INFO - [2024-04-06T23:48:57.690+0000] {dagbag.py:540} INFO - Filling up the DagBag from /home/malangdataguy/miniconda3/envs/airflow_mdg/lib/python3.8/site-packages/airflow/example_dags/example_setup_teardown.py
[2024-04-06T23:48:57.704+0000] {processor.py:840} INFO - DAG(s) 'example_setup_teardown' retrieved from /home/malangdataguy/miniconda3/envs/airflow_mdg/lib/python3.8/site-packages/airflow/example_dags/example_setup_teardown.py
[2024-04-06T23:48:57.730+0000] {logging_mixin.py:188} INFO - [2024-04-06T23:48:57.730+0000] {dag.py:3047} INFO - Sync 1 DAGs
[2024-04-06T23:48:57.761+0000] {logging_mixin.py:188} INFO - [2024-04-06T23:48:57.761+0000] {dag.py:3834} INFO - Setting next_dagrun for example_setup_teardown to 2024-04-05 00:00:00+00:00, run_after=2024-04-06 00:00:00+00:00
[2024-04-06T23:48:57.792+0000] {processor.py:183} INFO - Processing /home/malangdataguy/miniconda3/envs/airflow_mdg/lib/python3.8/site-packages/airflow/example_dags/example_setup_teardown.py took 0.111 seconds
[2024-04-06T23:49:41.354+0000] {processor.py:161} INFO - Started process (PID=69896) to work on /home/malangdataguy/miniconda3/envs/airflow_mdg/lib/python3.8/site-packages/airflow/example_dags/example_setup_teardown.py
[2024-04-06T23:49:41.356+0000] {processor.py:830} INFO - Processing file /home/malangdataguy/miniconda3/envs/airflow_mdg/lib/python3.8/site-packages/airflow/example_dags/example_setup_teardown.py for tasks to queue
[2024-04-06T23:49:41.358+0000] {logging_mixin.py:188} INFO - [2024-04-06T23:49:41.357+0000] {dagbag.py:540} INFO - Filling up the DagBag from /home/malangdataguy/miniconda3/envs/airflow_mdg/lib/python3.8/site-packages/airflow/example_dags/example_setup_teardown.py
[2024-04-06T23:49:41.370+0000] {processor.py:840} INFO - DAG(s) 'example_setup_teardown' retrieved from /home/malangdataguy/miniconda3/envs/airflow_mdg/lib/python3.8/site-packages/airflow/example_dags/example_setup_teardown.py
[2024-04-06T23:49:41.396+0000] {logging_mixin.py:188} INFO - [2024-04-06T23:49:41.396+0000] {dag.py:3047} INFO - Sync 1 DAGs
[2024-04-06T23:49:41.424+0000] {logging_mixin.py:188} INFO - [2024-04-06T23:49:41.424+0000] {dag.py:3834} INFO - Setting next_dagrun for example_setup_teardown to 2024-04-05 00:00:00+00:00, run_after=2024-04-06 00:00:00+00:00
[2024-04-06T23:49:41.458+0000] {processor.py:183} INFO - Processing /home/malangdataguy/miniconda3/envs/airflow_mdg/lib/python3.8/site-packages/airflow/example_dags/example_setup_teardown.py took 0.109 seconds
[2024-04-06T23:50:30.662+0000] {processor.py:161} INFO - Started process (PID=69948) to work on /home/malangdataguy/miniconda3/envs/airflow_mdg/lib/python3.8/site-packages/airflow/example_dags/example_setup_teardown.py
[2024-04-06T23:50:30.665+0000] {processor.py:830} INFO - Processing file /home/malangdataguy/miniconda3/envs/airflow_mdg/lib/python3.8/site-packages/airflow/example_dags/example_setup_teardown.py for tasks to queue
[2024-04-06T23:50:30.666+0000] {logging_mixin.py:188} INFO - [2024-04-06T23:50:30.666+0000] {dagbag.py:540} INFO - Filling up the DagBag from /home/malangdataguy/miniconda3/envs/airflow_mdg/lib/python3.8/site-packages/airflow/example_dags/example_setup_teardown.py
[2024-04-06T23:50:30.678+0000] {processor.py:840} INFO - DAG(s) 'example_setup_teardown' retrieved from /home/malangdataguy/miniconda3/envs/airflow_mdg/lib/python3.8/site-packages/airflow/example_dags/example_setup_teardown.py
[2024-04-06T23:50:30.701+0000] {logging_mixin.py:188} INFO - [2024-04-06T23:50:30.700+0000] {dag.py:3047} INFO - Sync 1 DAGs
[2024-04-06T23:50:30.726+0000] {logging_mixin.py:188} INFO - [2024-04-06T23:50:30.725+0000] {dag.py:3834} INFO - Setting next_dagrun for example_setup_teardown to 2024-04-05 00:00:00+00:00, run_after=2024-04-06 00:00:00+00:00
[2024-04-06T23:50:30.754+0000] {processor.py:183} INFO - Processing /home/malangdataguy/miniconda3/envs/airflow_mdg/lib/python3.8/site-packages/airflow/example_dags/example_setup_teardown.py took 0.098 seconds
[2024-04-06T23:51:13.835+0000] {processor.py:161} INFO - Started process (PID=69991) to work on /home/malangdataguy/miniconda3/envs/airflow_mdg/lib/python3.8/site-packages/airflow/example_dags/example_setup_teardown.py
[2024-04-06T23:51:13.838+0000] {processor.py:830} INFO - Processing file /home/malangdataguy/miniconda3/envs/airflow_mdg/lib/python3.8/site-packages/airflow/example_dags/example_setup_teardown.py for tasks to queue
[2024-04-06T23:51:13.839+0000] {logging_mixin.py:188} INFO - [2024-04-06T23:51:13.839+0000] {dagbag.py:540} INFO - Filling up the DagBag from /home/malangdataguy/miniconda3/envs/airflow_mdg/lib/python3.8/site-packages/airflow/example_dags/example_setup_teardown.py
[2024-04-06T23:51:13.852+0000] {processor.py:840} INFO - DAG(s) 'example_setup_teardown' retrieved from /home/malangdataguy/miniconda3/envs/airflow_mdg/lib/python3.8/site-packages/airflow/example_dags/example_setup_teardown.py
[2024-04-06T23:51:13.878+0000] {logging_mixin.py:188} INFO - [2024-04-06T23:51:13.877+0000] {dag.py:3047} INFO - Sync 1 DAGs
[2024-04-06T23:51:13.905+0000] {logging_mixin.py:188} INFO - [2024-04-06T23:51:13.905+0000] {dag.py:3834} INFO - Setting next_dagrun for example_setup_teardown to 2024-04-05 00:00:00+00:00, run_after=2024-04-06 00:00:00+00:00
[2024-04-06T23:51:13.936+0000] {processor.py:183} INFO - Processing /home/malangdataguy/miniconda3/envs/airflow_mdg/lib/python3.8/site-packages/airflow/example_dags/example_setup_teardown.py took 0.107 seconds
[2024-04-06T23:51:57.298+0000] {processor.py:161} INFO - Started process (PID=70036) to work on /home/malangdataguy/miniconda3/envs/airflow_mdg/lib/python3.8/site-packages/airflow/example_dags/example_setup_teardown.py
[2024-04-06T23:51:57.302+0000] {processor.py:830} INFO - Processing file /home/malangdataguy/miniconda3/envs/airflow_mdg/lib/python3.8/site-packages/airflow/example_dags/example_setup_teardown.py for tasks to queue
[2024-04-06T23:51:57.304+0000] {logging_mixin.py:188} INFO - [2024-04-06T23:51:57.303+0000] {dagbag.py:540} INFO - Filling up the DagBag from /home/malangdataguy/miniconda3/envs/airflow_mdg/lib/python3.8/site-packages/airflow/example_dags/example_setup_teardown.py
[2024-04-06T23:51:57.316+0000] {processor.py:840} INFO - DAG(s) 'example_setup_teardown' retrieved from /home/malangdataguy/miniconda3/envs/airflow_mdg/lib/python3.8/site-packages/airflow/example_dags/example_setup_teardown.py
[2024-04-06T23:51:57.343+0000] {logging_mixin.py:188} INFO - [2024-04-06T23:51:57.343+0000] {dag.py:3047} INFO - Sync 1 DAGs
[2024-04-06T23:51:57.373+0000] {logging_mixin.py:188} INFO - [2024-04-06T23:51:57.372+0000] {dag.py:3834} INFO - Setting next_dagrun for example_setup_teardown to 2024-04-05 00:00:00+00:00, run_after=2024-04-06 00:00:00+00:00
[2024-04-06T23:51:57.407+0000] {processor.py:183} INFO - Processing /home/malangdataguy/miniconda3/envs/airflow_mdg/lib/python3.8/site-packages/airflow/example_dags/example_setup_teardown.py took 0.115 seconds
[2024-04-06T23:52:40.878+0000] {processor.py:161} INFO - Started process (PID=70081) to work on /home/malangdataguy/miniconda3/envs/airflow_mdg/lib/python3.8/site-packages/airflow/example_dags/example_setup_teardown.py
[2024-04-06T23:52:40.881+0000] {processor.py:830} INFO - Processing file /home/malangdataguy/miniconda3/envs/airflow_mdg/lib/python3.8/site-packages/airflow/example_dags/example_setup_teardown.py for tasks to queue
[2024-04-06T23:52:40.882+0000] {logging_mixin.py:188} INFO - [2024-04-06T23:52:40.882+0000] {dagbag.py:540} INFO - Filling up the DagBag from /home/malangdataguy/miniconda3/envs/airflow_mdg/lib/python3.8/site-packages/airflow/example_dags/example_setup_teardown.py
[2024-04-06T23:52:40.893+0000] {processor.py:840} INFO - DAG(s) 'example_setup_teardown' retrieved from /home/malangdataguy/miniconda3/envs/airflow_mdg/lib/python3.8/site-packages/airflow/example_dags/example_setup_teardown.py
[2024-04-06T23:52:40.916+0000] {logging_mixin.py:188} INFO - [2024-04-06T23:52:40.916+0000] {dag.py:3047} INFO - Sync 1 DAGs
[2024-04-06T23:52:40.941+0000] {logging_mixin.py:188} INFO - [2024-04-06T23:52:40.941+0000] {dag.py:3834} INFO - Setting next_dagrun for example_setup_teardown to 2024-04-05 00:00:00+00:00, run_after=2024-04-06 00:00:00+00:00
[2024-04-06T23:52:40.970+0000] {processor.py:183} INFO - Processing /home/malangdataguy/miniconda3/envs/airflow_mdg/lib/python3.8/site-packages/airflow/example_dags/example_setup_teardown.py took 0.096 seconds
[2024-04-06T23:53:25.645+0000] {processor.py:161} INFO - Started process (PID=70126) to work on /home/malangdataguy/miniconda3/envs/airflow_mdg/lib/python3.8/site-packages/airflow/example_dags/example_setup_teardown.py
[2024-04-06T23:53:25.647+0000] {processor.py:830} INFO - Processing file /home/malangdataguy/miniconda3/envs/airflow_mdg/lib/python3.8/site-packages/airflow/example_dags/example_setup_teardown.py for tasks to queue
[2024-04-06T23:53:25.648+0000] {logging_mixin.py:188} INFO - [2024-04-06T23:53:25.648+0000] {dagbag.py:540} INFO - Filling up the DagBag from /home/malangdataguy/miniconda3/envs/airflow_mdg/lib/python3.8/site-packages/airflow/example_dags/example_setup_teardown.py
[2024-04-06T23:53:25.659+0000] {processor.py:840} INFO - DAG(s) 'example_setup_teardown' retrieved from /home/malangdataguy/miniconda3/envs/airflow_mdg/lib/python3.8/site-packages/airflow/example_dags/example_setup_teardown.py
[2024-04-06T23:53:25.682+0000] {logging_mixin.py:188} INFO - [2024-04-06T23:53:25.681+0000] {dag.py:3047} INFO - Sync 1 DAGs
[2024-04-06T23:53:25.710+0000] {logging_mixin.py:188} INFO - [2024-04-06T23:53:25.709+0000] {dag.py:3834} INFO - Setting next_dagrun for example_setup_teardown to 2024-04-05 00:00:00+00:00, run_after=2024-04-06 00:00:00+00:00
[2024-04-06T23:53:25.741+0000] {processor.py:183} INFO - Processing /home/malangdataguy/miniconda3/envs/airflow_mdg/lib/python3.8/site-packages/airflow/example_dags/example_setup_teardown.py took 0.101 seconds
[2024-04-06T23:54:10.123+0000] {processor.py:161} INFO - Started process (PID=70205) to work on /home/malangdataguy/miniconda3/envs/airflow_mdg/lib/python3.8/site-packages/airflow/example_dags/example_setup_teardown.py
[2024-04-06T23:54:10.126+0000] {processor.py:830} INFO - Processing file /home/malangdataguy/miniconda3/envs/airflow_mdg/lib/python3.8/site-packages/airflow/example_dags/example_setup_teardown.py for tasks to queue
[2024-04-06T23:54:10.128+0000] {logging_mixin.py:188} INFO - [2024-04-06T23:54:10.127+0000] {dagbag.py:540} INFO - Filling up the DagBag from /home/malangdataguy/miniconda3/envs/airflow_mdg/lib/python3.8/site-packages/airflow/example_dags/example_setup_teardown.py
[2024-04-06T23:54:10.141+0000] {processor.py:840} INFO - DAG(s) 'example_setup_teardown' retrieved from /home/malangdataguy/miniconda3/envs/airflow_mdg/lib/python3.8/site-packages/airflow/example_dags/example_setup_teardown.py
[2024-04-06T23:54:10.169+0000] {logging_mixin.py:188} INFO - [2024-04-06T23:54:10.169+0000] {dag.py:3047} INFO - Sync 1 DAGs
[2024-04-06T23:54:10.201+0000] {logging_mixin.py:188} INFO - [2024-04-06T23:54:10.200+0000] {dag.py:3834} INFO - Setting next_dagrun for example_setup_teardown to 2024-04-05 00:00:00+00:00, run_after=2024-04-06 00:00:00+00:00
[2024-04-06T23:54:10.239+0000] {processor.py:183} INFO - Processing /home/malangdataguy/miniconda3/envs/airflow_mdg/lib/python3.8/site-packages/airflow/example_dags/example_setup_teardown.py took 0.122 seconds
[2024-04-06T23:54:51.581+0000] {processor.py:161} INFO - Started process (PID=70249) to work on /home/malangdataguy/miniconda3/envs/airflow_mdg/lib/python3.8/site-packages/airflow/example_dags/example_setup_teardown.py
[2024-04-06T23:54:51.583+0000] {processor.py:830} INFO - Processing file /home/malangdataguy/miniconda3/envs/airflow_mdg/lib/python3.8/site-packages/airflow/example_dags/example_setup_teardown.py for tasks to queue
[2024-04-06T23:54:51.584+0000] {logging_mixin.py:188} INFO - [2024-04-06T23:54:51.584+0000] {dagbag.py:540} INFO - Filling up the DagBag from /home/malangdataguy/miniconda3/envs/airflow_mdg/lib/python3.8/site-packages/airflow/example_dags/example_setup_teardown.py
[2024-04-06T23:54:51.595+0000] {processor.py:840} INFO - DAG(s) 'example_setup_teardown' retrieved from /home/malangdataguy/miniconda3/envs/airflow_mdg/lib/python3.8/site-packages/airflow/example_dags/example_setup_teardown.py
[2024-04-06T23:54:51.617+0000] {logging_mixin.py:188} INFO - [2024-04-06T23:54:51.616+0000] {dag.py:3047} INFO - Sync 1 DAGs
[2024-04-06T23:54:51.642+0000] {logging_mixin.py:188} INFO - [2024-04-06T23:54:51.641+0000] {dag.py:3834} INFO - Setting next_dagrun for example_setup_teardown to 2024-04-05 00:00:00+00:00, run_after=2024-04-06 00:00:00+00:00
[2024-04-06T23:54:51.671+0000] {processor.py:183} INFO - Processing /home/malangdataguy/miniconda3/envs/airflow_mdg/lib/python3.8/site-packages/airflow/example_dags/example_setup_teardown.py took 0.094 seconds
[2024-04-06T23:55:34.282+0000] {processor.py:161} INFO - Started process (PID=70291) to work on /home/malangdataguy/miniconda3/envs/airflow_mdg/lib/python3.8/site-packages/airflow/example_dags/example_setup_teardown.py
[2024-04-06T23:55:34.284+0000] {processor.py:830} INFO - Processing file /home/malangdataguy/miniconda3/envs/airflow_mdg/lib/python3.8/site-packages/airflow/example_dags/example_setup_teardown.py for tasks to queue
[2024-04-06T23:55:34.286+0000] {logging_mixin.py:188} INFO - [2024-04-06T23:55:34.285+0000] {dagbag.py:540} INFO - Filling up the DagBag from /home/malangdataguy/miniconda3/envs/airflow_mdg/lib/python3.8/site-packages/airflow/example_dags/example_setup_teardown.py
[2024-04-06T23:55:34.298+0000] {processor.py:840} INFO - DAG(s) 'example_setup_teardown' retrieved from /home/malangdataguy/miniconda3/envs/airflow_mdg/lib/python3.8/site-packages/airflow/example_dags/example_setup_teardown.py
[2024-04-06T23:55:34.320+0000] {logging_mixin.py:188} INFO - [2024-04-06T23:55:34.320+0000] {dag.py:3047} INFO - Sync 1 DAGs
[2024-04-06T23:55:34.346+0000] {logging_mixin.py:188} INFO - [2024-04-06T23:55:34.346+0000] {dag.py:3834} INFO - Setting next_dagrun for example_setup_teardown to 2024-04-05 00:00:00+00:00, run_after=2024-04-06 00:00:00+00:00
[2024-04-06T23:55:34.379+0000] {processor.py:183} INFO - Processing /home/malangdataguy/miniconda3/envs/airflow_mdg/lib/python3.8/site-packages/airflow/example_dags/example_setup_teardown.py took 0.102 seconds
