[2024-04-06T23:09:28.736+0000] {processor.py:161} INFO - Started process (PID=68380) to work on /home/malangdataguy/miniconda3/envs/airflow_mdg/lib/python3.8/site-packages/airflow/example_dags/example_sla_dag.py
[2024-04-06T23:09:28.737+0000] {processor.py:830} INFO - Processing file /home/malangdataguy/miniconda3/envs/airflow_mdg/lib/python3.8/site-packages/airflow/example_dags/example_sla_dag.py for tasks to queue
[2024-04-06T23:09:28.738+0000] {logging_mixin.py:188} INFO - [2024-04-06T23:09:28.738+0000] {dagbag.py:540} INFO - Filling up the DagBag from /home/malangdataguy/miniconda3/envs/airflow_mdg/lib/python3.8/site-packages/airflow/example_dags/example_sla_dag.py
[2024-04-06T23:09:28.751+0000] {processor.py:840} INFO - DAG(s) 'example_sla_dag' retrieved from /home/malangdataguy/miniconda3/envs/airflow_mdg/lib/python3.8/site-packages/airflow/example_dags/example_sla_dag.py
[2024-04-06T23:09:28.860+0000] {logging_mixin.py:188} INFO - [2024-04-06T23:09:28.860+0000] {dag.py:3047} INFO - Sync 1 DAGs
[2024-04-06T23:09:28.887+0000] {logging_mixin.py:188} INFO - [2024-04-06T23:09:28.886+0000] {dag.py:3834} INFO - Setting next_dagrun for example_sla_dag to 2024-04-06 23:06:00+00:00, run_after=2024-04-06 23:08:00+00:00
[2024-04-06T23:09:28.914+0000] {processor.py:183} INFO - Processing /home/malangdataguy/miniconda3/envs/airflow_mdg/lib/python3.8/site-packages/airflow/example_dags/example_sla_dag.py took 0.183 seconds
[2024-04-06T23:10:22.064+0000] {processor.py:161} INFO - Started process (PID=68430) to work on /home/malangdataguy/miniconda3/envs/airflow_mdg/lib/python3.8/site-packages/airflow/example_dags/example_sla_dag.py
[2024-04-06T23:10:22.066+0000] {processor.py:830} INFO - Processing file /home/malangdataguy/miniconda3/envs/airflow_mdg/lib/python3.8/site-packages/airflow/example_dags/example_sla_dag.py for tasks to queue
[2024-04-06T23:10:22.068+0000] {logging_mixin.py:188} INFO - [2024-04-06T23:10:22.067+0000] {dagbag.py:540} INFO - Filling up the DagBag from /home/malangdataguy/miniconda3/envs/airflow_mdg/lib/python3.8/site-packages/airflow/example_dags/example_sla_dag.py
[2024-04-06T23:10:22.080+0000] {processor.py:840} INFO - DAG(s) 'example_sla_dag' retrieved from /home/malangdataguy/miniconda3/envs/airflow_mdg/lib/python3.8/site-packages/airflow/example_dags/example_sla_dag.py
[2024-04-06T23:10:22.102+0000] {logging_mixin.py:188} INFO - [2024-04-06T23:10:22.101+0000] {dag.py:3047} INFO - Sync 1 DAGs
[2024-04-06T23:10:22.130+0000] {logging_mixin.py:188} INFO - [2024-04-06T23:10:22.129+0000] {dag.py:3834} INFO - Setting next_dagrun for example_sla_dag to 2024-04-06 23:08:00+00:00, run_after=2024-04-06 23:10:00+00:00
[2024-04-06T23:10:22.160+0000] {processor.py:183} INFO - Processing /home/malangdataguy/miniconda3/envs/airflow_mdg/lib/python3.8/site-packages/airflow/example_dags/example_sla_dag.py took 0.101 seconds
[2024-04-06T23:11:11.357+0000] {processor.py:161} INFO - Started process (PID=68490) to work on /home/malangdataguy/miniconda3/envs/airflow_mdg/lib/python3.8/site-packages/airflow/example_dags/example_sla_dag.py
[2024-04-06T23:11:11.360+0000] {processor.py:830} INFO - Processing file /home/malangdataguy/miniconda3/envs/airflow_mdg/lib/python3.8/site-packages/airflow/example_dags/example_sla_dag.py for tasks to queue
[2024-04-06T23:11:11.362+0000] {logging_mixin.py:188} INFO - [2024-04-06T23:11:11.361+0000] {dagbag.py:540} INFO - Filling up the DagBag from /home/malangdataguy/miniconda3/envs/airflow_mdg/lib/python3.8/site-packages/airflow/example_dags/example_sla_dag.py
[2024-04-06T23:11:11.377+0000] {processor.py:840} INFO - DAG(s) 'example_sla_dag' retrieved from /home/malangdataguy/miniconda3/envs/airflow_mdg/lib/python3.8/site-packages/airflow/example_dags/example_sla_dag.py
[2024-04-06T23:11:11.404+0000] {logging_mixin.py:188} INFO - [2024-04-06T23:11:11.404+0000] {dag.py:3047} INFO - Sync 1 DAGs
[2024-04-06T23:11:11.436+0000] {logging_mixin.py:188} INFO - [2024-04-06T23:11:11.435+0000] {dag.py:3834} INFO - Setting next_dagrun for example_sla_dag to 2024-04-06 23:08:00+00:00, run_after=2024-04-06 23:10:00+00:00
[2024-04-06T23:11:11.468+0000] {processor.py:183} INFO - Processing /home/malangdataguy/miniconda3/envs/airflow_mdg/lib/python3.8/site-packages/airflow/example_dags/example_sla_dag.py took 0.117 seconds
[2024-04-06T23:11:58.358+0000] {processor.py:161} INFO - Started process (PID=68536) to work on /home/malangdataguy/miniconda3/envs/airflow_mdg/lib/python3.8/site-packages/airflow/example_dags/example_sla_dag.py
[2024-04-06T23:11:58.361+0000] {processor.py:830} INFO - Processing file /home/malangdataguy/miniconda3/envs/airflow_mdg/lib/python3.8/site-packages/airflow/example_dags/example_sla_dag.py for tasks to queue
[2024-04-06T23:11:58.362+0000] {logging_mixin.py:188} INFO - [2024-04-06T23:11:58.362+0000] {dagbag.py:540} INFO - Filling up the DagBag from /home/malangdataguy/miniconda3/envs/airflow_mdg/lib/python3.8/site-packages/airflow/example_dags/example_sla_dag.py
[2024-04-06T23:11:58.375+0000] {processor.py:840} INFO - DAG(s) 'example_sla_dag' retrieved from /home/malangdataguy/miniconda3/envs/airflow_mdg/lib/python3.8/site-packages/airflow/example_dags/example_sla_dag.py
[2024-04-06T23:11:58.397+0000] {logging_mixin.py:188} INFO - [2024-04-06T23:11:58.397+0000] {dag.py:3047} INFO - Sync 1 DAGs
[2024-04-06T23:11:58.427+0000] {logging_mixin.py:188} INFO - [2024-04-06T23:11:58.427+0000] {dag.py:3834} INFO - Setting next_dagrun for example_sla_dag to 2024-04-06 23:08:00+00:00, run_after=2024-04-06 23:10:00+00:00
[2024-04-06T23:11:58.455+0000] {processor.py:183} INFO - Processing /home/malangdataguy/miniconda3/envs/airflow_mdg/lib/python3.8/site-packages/airflow/example_dags/example_sla_dag.py took 0.102 seconds
[2024-04-06T23:12:58.411+0000] {processor.py:161} INFO - Started process (PID=68597) to work on /home/malangdataguy/miniconda3/envs/airflow_mdg/lib/python3.8/site-packages/airflow/example_dags/example_sla_dag.py
[2024-04-06T23:12:58.413+0000] {processor.py:830} INFO - Processing file /home/malangdataguy/miniconda3/envs/airflow_mdg/lib/python3.8/site-packages/airflow/example_dags/example_sla_dag.py for tasks to queue
[2024-04-06T23:12:58.415+0000] {logging_mixin.py:188} INFO - [2024-04-06T23:12:58.414+0000] {dagbag.py:540} INFO - Filling up the DagBag from /home/malangdataguy/miniconda3/envs/airflow_mdg/lib/python3.8/site-packages/airflow/example_dags/example_sla_dag.py
[2024-04-06T23:12:58.428+0000] {processor.py:840} INFO - DAG(s) 'example_sla_dag' retrieved from /home/malangdataguy/miniconda3/envs/airflow_mdg/lib/python3.8/site-packages/airflow/example_dags/example_sla_dag.py
[2024-04-06T23:12:58.450+0000] {logging_mixin.py:188} INFO - [2024-04-06T23:12:58.450+0000] {dag.py:3047} INFO - Sync 1 DAGs
[2024-04-06T23:12:58.478+0000] {logging_mixin.py:188} INFO - [2024-04-06T23:12:58.478+0000] {dag.py:3834} INFO - Setting next_dagrun for example_sla_dag to 2024-04-06 23:10:00+00:00, run_after=2024-04-06 23:12:00+00:00
[2024-04-06T23:12:58.507+0000] {processor.py:183} INFO - Processing /home/malangdataguy/miniconda3/envs/airflow_mdg/lib/python3.8/site-packages/airflow/example_dags/example_sla_dag.py took 0.101 seconds
[2024-04-06T23:13:41.251+0000] {processor.py:161} INFO - Started process (PID=68643) to work on /home/malangdataguy/miniconda3/envs/airflow_mdg/lib/python3.8/site-packages/airflow/example_dags/example_sla_dag.py
[2024-04-06T23:13:41.254+0000] {processor.py:830} INFO - Processing file /home/malangdataguy/miniconda3/envs/airflow_mdg/lib/python3.8/site-packages/airflow/example_dags/example_sla_dag.py for tasks to queue
[2024-04-06T23:13:41.256+0000] {logging_mixin.py:188} INFO - [2024-04-06T23:13:41.255+0000] {dagbag.py:540} INFO - Filling up the DagBag from /home/malangdataguy/miniconda3/envs/airflow_mdg/lib/python3.8/site-packages/airflow/example_dags/example_sla_dag.py
[2024-04-06T23:13:41.270+0000] {processor.py:840} INFO - DAG(s) 'example_sla_dag' retrieved from /home/malangdataguy/miniconda3/envs/airflow_mdg/lib/python3.8/site-packages/airflow/example_dags/example_sla_dag.py
[2024-04-06T23:13:41.296+0000] {logging_mixin.py:188} INFO - [2024-04-06T23:13:41.296+0000] {dag.py:3047} INFO - Sync 1 DAGs
[2024-04-06T23:13:41.326+0000] {logging_mixin.py:188} INFO - [2024-04-06T23:13:41.326+0000] {dag.py:3834} INFO - Setting next_dagrun for example_sla_dag to 2024-04-06 23:10:00+00:00, run_after=2024-04-06 23:12:00+00:00
[2024-04-06T23:13:41.358+0000] {processor.py:183} INFO - Processing /home/malangdataguy/miniconda3/envs/airflow_mdg/lib/python3.8/site-packages/airflow/example_dags/example_sla_dag.py took 0.112 seconds
[2024-04-06T23:14:44.167+0000] {processor.py:161} INFO - Started process (PID=68704) to work on /home/malangdataguy/miniconda3/envs/airflow_mdg/lib/python3.8/site-packages/airflow/example_dags/example_sla_dag.py
[2024-04-06T23:14:44.169+0000] {processor.py:830} INFO - Processing file /home/malangdataguy/miniconda3/envs/airflow_mdg/lib/python3.8/site-packages/airflow/example_dags/example_sla_dag.py for tasks to queue
[2024-04-06T23:14:44.171+0000] {logging_mixin.py:188} INFO - [2024-04-06T23:14:44.170+0000] {dagbag.py:540} INFO - Filling up the DagBag from /home/malangdataguy/miniconda3/envs/airflow_mdg/lib/python3.8/site-packages/airflow/example_dags/example_sla_dag.py
[2024-04-06T23:14:44.182+0000] {processor.py:840} INFO - DAG(s) 'example_sla_dag' retrieved from /home/malangdataguy/miniconda3/envs/airflow_mdg/lib/python3.8/site-packages/airflow/example_dags/example_sla_dag.py
[2024-04-06T23:14:44.204+0000] {logging_mixin.py:188} INFO - [2024-04-06T23:14:44.204+0000] {dag.py:3047} INFO - Sync 1 DAGs
[2024-04-06T23:14:44.231+0000] {logging_mixin.py:188} INFO - [2024-04-06T23:14:44.231+0000] {dag.py:3834} INFO - Setting next_dagrun for example_sla_dag to 2024-04-06 23:12:00+00:00, run_after=2024-04-06 23:14:00+00:00
[2024-04-06T23:14:44.259+0000] {processor.py:183} INFO - Processing /home/malangdataguy/miniconda3/envs/airflow_mdg/lib/python3.8/site-packages/airflow/example_dags/example_sla_dag.py took 0.097 seconds
[2024-04-06T23:15:40.811+0000] {processor.py:161} INFO - Started process (PID=68763) to work on /home/malangdataguy/miniconda3/envs/airflow_mdg/lib/python3.8/site-packages/airflow/example_dags/example_sla_dag.py
[2024-04-06T23:15:40.814+0000] {processor.py:830} INFO - Processing file /home/malangdataguy/miniconda3/envs/airflow_mdg/lib/python3.8/site-packages/airflow/example_dags/example_sla_dag.py for tasks to queue
[2024-04-06T23:15:40.816+0000] {logging_mixin.py:188} INFO - [2024-04-06T23:15:40.815+0000] {dagbag.py:540} INFO - Filling up the DagBag from /home/malangdataguy/miniconda3/envs/airflow_mdg/lib/python3.8/site-packages/airflow/example_dags/example_sla_dag.py
[2024-04-06T23:15:40.831+0000] {processor.py:840} INFO - DAG(s) 'example_sla_dag' retrieved from /home/malangdataguy/miniconda3/envs/airflow_mdg/lib/python3.8/site-packages/airflow/example_dags/example_sla_dag.py
[2024-04-06T23:15:40.858+0000] {logging_mixin.py:188} INFO - [2024-04-06T23:15:40.858+0000] {dag.py:3047} INFO - Sync 1 DAGs
[2024-04-06T23:15:40.892+0000] {logging_mixin.py:188} INFO - [2024-04-06T23:15:40.891+0000] {dag.py:3834} INFO - Setting next_dagrun for example_sla_dag to 2024-04-06 23:12:00+00:00, run_after=2024-04-06 23:14:00+00:00
[2024-04-06T23:15:40.928+0000] {processor.py:183} INFO - Processing /home/malangdataguy/miniconda3/envs/airflow_mdg/lib/python3.8/site-packages/airflow/example_dags/example_sla_dag.py took 0.122 seconds
[2024-04-06T23:16:37.044+0000] {processor.py:161} INFO - Started process (PID=68823) to work on /home/malangdataguy/miniconda3/envs/airflow_mdg/lib/python3.8/site-packages/airflow/example_dags/example_sla_dag.py
[2024-04-06T23:16:37.047+0000] {processor.py:830} INFO - Processing file /home/malangdataguy/miniconda3/envs/airflow_mdg/lib/python3.8/site-packages/airflow/example_dags/example_sla_dag.py for tasks to queue
[2024-04-06T23:16:37.048+0000] {logging_mixin.py:188} INFO - [2024-04-06T23:16:37.048+0000] {dagbag.py:540} INFO - Filling up the DagBag from /home/malangdataguy/miniconda3/envs/airflow_mdg/lib/python3.8/site-packages/airflow/example_dags/example_sla_dag.py
[2024-04-06T23:16:37.063+0000] {processor.py:840} INFO - DAG(s) 'example_sla_dag' retrieved from /home/malangdataguy/miniconda3/envs/airflow_mdg/lib/python3.8/site-packages/airflow/example_dags/example_sla_dag.py
[2024-04-06T23:16:37.091+0000] {logging_mixin.py:188} INFO - [2024-04-06T23:16:37.090+0000] {dag.py:3047} INFO - Sync 1 DAGs
[2024-04-06T23:16:37.124+0000] {logging_mixin.py:188} INFO - [2024-04-06T23:16:37.123+0000] {dag.py:3834} INFO - Setting next_dagrun for example_sla_dag to 2024-04-06 23:14:00+00:00, run_after=2024-04-06 23:16:00+00:00
[2024-04-06T23:16:37.159+0000] {processor.py:183} INFO - Processing /home/malangdataguy/miniconda3/envs/airflow_mdg/lib/python3.8/site-packages/airflow/example_dags/example_sla_dag.py took 0.120 seconds
[2024-04-06T23:17:40.400+0000] {processor.py:161} INFO - Started process (PID=68895) to work on /home/malangdataguy/miniconda3/envs/airflow_mdg/lib/python3.8/site-packages/airflow/example_dags/example_sla_dag.py
[2024-04-06T23:17:40.403+0000] {processor.py:830} INFO - Processing file /home/malangdataguy/miniconda3/envs/airflow_mdg/lib/python3.8/site-packages/airflow/example_dags/example_sla_dag.py for tasks to queue
[2024-04-06T23:17:40.405+0000] {logging_mixin.py:188} INFO - [2024-04-06T23:17:40.404+0000] {dagbag.py:540} INFO - Filling up the DagBag from /home/malangdataguy/miniconda3/envs/airflow_mdg/lib/python3.8/site-packages/airflow/example_dags/example_sla_dag.py
[2024-04-06T23:17:40.420+0000] {processor.py:840} INFO - DAG(s) 'example_sla_dag' retrieved from /home/malangdataguy/miniconda3/envs/airflow_mdg/lib/python3.8/site-packages/airflow/example_dags/example_sla_dag.py
[2024-04-06T23:17:40.447+0000] {logging_mixin.py:188} INFO - [2024-04-06T23:17:40.447+0000] {dag.py:3047} INFO - Sync 1 DAGs
[2024-04-06T23:17:40.480+0000] {logging_mixin.py:188} INFO - [2024-04-06T23:17:40.479+0000] {dag.py:3834} INFO - Setting next_dagrun for example_sla_dag to 2024-04-06 23:14:00+00:00, run_after=2024-04-06 23:16:00+00:00
[2024-04-06T23:17:40.515+0000] {processor.py:183} INFO - Processing /home/malangdataguy/miniconda3/envs/airflow_mdg/lib/python3.8/site-packages/airflow/example_dags/example_sla_dag.py took 0.121 seconds
[2024-04-06T23:18:23.358+0000] {processor.py:161} INFO - Started process (PID=68938) to work on /home/malangdataguy/miniconda3/envs/airflow_mdg/lib/python3.8/site-packages/airflow/example_dags/example_sla_dag.py
[2024-04-06T23:18:23.361+0000] {processor.py:830} INFO - Processing file /home/malangdataguy/miniconda3/envs/airflow_mdg/lib/python3.8/site-packages/airflow/example_dags/example_sla_dag.py for tasks to queue
[2024-04-06T23:18:23.362+0000] {logging_mixin.py:188} INFO - [2024-04-06T23:18:23.362+0000] {dagbag.py:540} INFO - Filling up the DagBag from /home/malangdataguy/miniconda3/envs/airflow_mdg/lib/python3.8/site-packages/airflow/example_dags/example_sla_dag.py
[2024-04-06T23:18:23.375+0000] {processor.py:840} INFO - DAG(s) 'example_sla_dag' retrieved from /home/malangdataguy/miniconda3/envs/airflow_mdg/lib/python3.8/site-packages/airflow/example_dags/example_sla_dag.py
[2024-04-06T23:18:23.398+0000] {logging_mixin.py:188} INFO - [2024-04-06T23:18:23.398+0000] {dag.py:3047} INFO - Sync 1 DAGs
[2024-04-06T23:18:23.426+0000] {logging_mixin.py:188} INFO - [2024-04-06T23:18:23.426+0000] {dag.py:3834} INFO - Setting next_dagrun for example_sla_dag to 2024-04-06 23:16:00+00:00, run_after=2024-04-06 23:18:00+00:00
[2024-04-06T23:18:23.454+0000] {processor.py:183} INFO - Processing /home/malangdataguy/miniconda3/envs/airflow_mdg/lib/python3.8/site-packages/airflow/example_dags/example_sla_dag.py took 0.101 seconds
[2024-04-06T23:19:22.831+0000] {processor.py:161} INFO - Started process (PID=68998) to work on /home/malangdataguy/miniconda3/envs/airflow_mdg/lib/python3.8/site-packages/airflow/example_dags/example_sla_dag.py
[2024-04-06T23:19:22.833+0000] {processor.py:830} INFO - Processing file /home/malangdataguy/miniconda3/envs/airflow_mdg/lib/python3.8/site-packages/airflow/example_dags/example_sla_dag.py for tasks to queue
[2024-04-06T23:19:22.835+0000] {logging_mixin.py:188} INFO - [2024-04-06T23:19:22.834+0000] {dagbag.py:540} INFO - Filling up the DagBag from /home/malangdataguy/miniconda3/envs/airflow_mdg/lib/python3.8/site-packages/airflow/example_dags/example_sla_dag.py
[2024-04-06T23:19:22.847+0000] {processor.py:840} INFO - DAG(s) 'example_sla_dag' retrieved from /home/malangdataguy/miniconda3/envs/airflow_mdg/lib/python3.8/site-packages/airflow/example_dags/example_sla_dag.py
[2024-04-06T23:19:22.869+0000] {logging_mixin.py:188} INFO - [2024-04-06T23:19:22.869+0000] {dag.py:3047} INFO - Sync 1 DAGs
[2024-04-06T23:19:22.896+0000] {logging_mixin.py:188} INFO - [2024-04-06T23:19:22.896+0000] {dag.py:3834} INFO - Setting next_dagrun for example_sla_dag to 2024-04-06 23:16:00+00:00, run_after=2024-04-06 23:18:00+00:00
[2024-04-06T23:19:22.925+0000] {processor.py:183} INFO - Processing /home/malangdataguy/miniconda3/envs/airflow_mdg/lib/python3.8/site-packages/airflow/example_dags/example_sla_dag.py took 0.099 seconds
[2024-04-06T23:20:08.608+0000] {processor.py:161} INFO - Started process (PID=69042) to work on /home/malangdataguy/miniconda3/envs/airflow_mdg/lib/python3.8/site-packages/airflow/example_dags/example_sla_dag.py
[2024-04-06T23:20:08.611+0000] {processor.py:830} INFO - Processing file /home/malangdataguy/miniconda3/envs/airflow_mdg/lib/python3.8/site-packages/airflow/example_dags/example_sla_dag.py for tasks to queue
[2024-04-06T23:20:08.613+0000] {logging_mixin.py:188} INFO - [2024-04-06T23:20:08.612+0000] {dagbag.py:540} INFO - Filling up the DagBag from /home/malangdataguy/miniconda3/envs/airflow_mdg/lib/python3.8/site-packages/airflow/example_dags/example_sla_dag.py
[2024-04-06T23:20:08.628+0000] {processor.py:840} INFO - DAG(s) 'example_sla_dag' retrieved from /home/malangdataguy/miniconda3/envs/airflow_mdg/lib/python3.8/site-packages/airflow/example_dags/example_sla_dag.py
[2024-04-06T23:20:08.655+0000] {logging_mixin.py:188} INFO - [2024-04-06T23:20:08.654+0000] {dag.py:3047} INFO - Sync 1 DAGs
[2024-04-06T23:20:08.689+0000] {logging_mixin.py:188} INFO - [2024-04-06T23:20:08.688+0000] {dag.py:3834} INFO - Setting next_dagrun for example_sla_dag to 2024-04-06 23:18:00+00:00, run_after=2024-04-06 23:20:00+00:00
[2024-04-06T23:20:08.725+0000] {processor.py:183} INFO - Processing /home/malangdataguy/miniconda3/envs/airflow_mdg/lib/python3.8/site-packages/airflow/example_dags/example_sla_dag.py took 0.122 seconds
[2024-04-06T23:20:54.613+0000] {processor.py:161} INFO - Started process (PID=69088) to work on /home/malangdataguy/miniconda3/envs/airflow_mdg/lib/python3.8/site-packages/airflow/example_dags/example_sla_dag.py
[2024-04-06T23:20:54.616+0000] {processor.py:830} INFO - Processing file /home/malangdataguy/miniconda3/envs/airflow_mdg/lib/python3.8/site-packages/airflow/example_dags/example_sla_dag.py for tasks to queue
[2024-04-06T23:20:54.618+0000] {logging_mixin.py:188} INFO - [2024-04-06T23:20:54.617+0000] {dagbag.py:540} INFO - Filling up the DagBag from /home/malangdataguy/miniconda3/envs/airflow_mdg/lib/python3.8/site-packages/airflow/example_dags/example_sla_dag.py
[2024-04-06T23:20:54.631+0000] {processor.py:840} INFO - DAG(s) 'example_sla_dag' retrieved from /home/malangdataguy/miniconda3/envs/airflow_mdg/lib/python3.8/site-packages/airflow/example_dags/example_sla_dag.py
[2024-04-06T23:20:54.655+0000] {logging_mixin.py:188} INFO - [2024-04-06T23:20:54.654+0000] {dag.py:3047} INFO - Sync 1 DAGs
[2024-04-06T23:20:54.687+0000] {logging_mixin.py:188} INFO - [2024-04-06T23:20:54.687+0000] {dag.py:3834} INFO - Setting next_dagrun for example_sla_dag to 2024-04-06 23:18:00+00:00, run_after=2024-04-06 23:20:00+00:00
[2024-04-06T23:20:54.716+0000] {processor.py:183} INFO - Processing /home/malangdataguy/miniconda3/envs/airflow_mdg/lib/python3.8/site-packages/airflow/example_dags/example_sla_dag.py took 0.108 seconds
[2024-04-06T23:21:37.554+0000] {processor.py:161} INFO - Started process (PID=69132) to work on /home/malangdataguy/miniconda3/envs/airflow_mdg/lib/python3.8/site-packages/airflow/example_dags/example_sla_dag.py
[2024-04-06T23:21:37.557+0000] {processor.py:830} INFO - Processing file /home/malangdataguy/miniconda3/envs/airflow_mdg/lib/python3.8/site-packages/airflow/example_dags/example_sla_dag.py for tasks to queue
[2024-04-06T23:21:37.558+0000] {logging_mixin.py:188} INFO - [2024-04-06T23:21:37.558+0000] {dagbag.py:540} INFO - Filling up the DagBag from /home/malangdataguy/miniconda3/envs/airflow_mdg/lib/python3.8/site-packages/airflow/example_dags/example_sla_dag.py
[2024-04-06T23:21:37.573+0000] {processor.py:840} INFO - DAG(s) 'example_sla_dag' retrieved from /home/malangdataguy/miniconda3/envs/airflow_mdg/lib/python3.8/site-packages/airflow/example_dags/example_sla_dag.py
[2024-04-06T23:21:37.599+0000] {logging_mixin.py:188} INFO - [2024-04-06T23:21:37.598+0000] {dag.py:3047} INFO - Sync 1 DAGs
[2024-04-06T23:21:37.629+0000] {logging_mixin.py:188} INFO - [2024-04-06T23:21:37.629+0000] {dag.py:3834} INFO - Setting next_dagrun for example_sla_dag to 2024-04-06 23:18:00+00:00, run_after=2024-04-06 23:20:00+00:00
[2024-04-06T23:21:37.660+0000] {processor.py:183} INFO - Processing /home/malangdataguy/miniconda3/envs/airflow_mdg/lib/python3.8/site-packages/airflow/example_dags/example_sla_dag.py took 0.112 seconds
[2024-04-06T23:40:36.299+0000] {processor.py:161} INFO - Started process (PID=69293) to work on /home/malangdataguy/miniconda3/envs/airflow_mdg/lib/python3.8/site-packages/airflow/example_dags/example_sla_dag.py
[2024-04-06T23:40:36.302+0000] {processor.py:830} INFO - Processing file /home/malangdataguy/miniconda3/envs/airflow_mdg/lib/python3.8/site-packages/airflow/example_dags/example_sla_dag.py for tasks to queue
[2024-04-06T23:40:36.303+0000] {logging_mixin.py:188} INFO - [2024-04-06T23:40:36.302+0000] {dagbag.py:540} INFO - Filling up the DagBag from /home/malangdataguy/miniconda3/envs/airflow_mdg/lib/python3.8/site-packages/airflow/example_dags/example_sla_dag.py
[2024-04-06T23:40:36.316+0000] {processor.py:840} INFO - DAG(s) 'example_sla_dag' retrieved from /home/malangdataguy/miniconda3/envs/airflow_mdg/lib/python3.8/site-packages/airflow/example_dags/example_sla_dag.py
[2024-04-06T23:40:36.340+0000] {logging_mixin.py:188} INFO - [2024-04-06T23:40:36.340+0000] {dag.py:3047} INFO - Sync 1 DAGs
[2024-04-06T23:40:36.368+0000] {logging_mixin.py:188} INFO - [2024-04-06T23:40:36.367+0000] {dag.py:3834} INFO - Setting next_dagrun for example_sla_dag to 2024-04-06 23:38:00+00:00, run_after=2024-04-06 23:40:00+00:00
[2024-04-06T23:40:36.395+0000] {processor.py:183} INFO - Processing /home/malangdataguy/miniconda3/envs/airflow_mdg/lib/python3.8/site-packages/airflow/example_dags/example_sla_dag.py took 0.101 seconds
[2024-04-06T23:41:26.453+0000] {processor.py:161} INFO - Started process (PID=69343) to work on /home/malangdataguy/miniconda3/envs/airflow_mdg/lib/python3.8/site-packages/airflow/example_dags/example_sla_dag.py
[2024-04-06T23:41:26.456+0000] {processor.py:830} INFO - Processing file /home/malangdataguy/miniconda3/envs/airflow_mdg/lib/python3.8/site-packages/airflow/example_dags/example_sla_dag.py for tasks to queue
[2024-04-06T23:41:26.458+0000] {logging_mixin.py:188} INFO - [2024-04-06T23:41:26.457+0000] {dagbag.py:540} INFO - Filling up the DagBag from /home/malangdataguy/miniconda3/envs/airflow_mdg/lib/python3.8/site-packages/airflow/example_dags/example_sla_dag.py
[2024-04-06T23:41:26.474+0000] {processor.py:840} INFO - DAG(s) 'example_sla_dag' retrieved from /home/malangdataguy/miniconda3/envs/airflow_mdg/lib/python3.8/site-packages/airflow/example_dags/example_sla_dag.py
[2024-04-06T23:41:26.503+0000] {logging_mixin.py:188} INFO - [2024-04-06T23:41:26.502+0000] {dag.py:3047} INFO - Sync 1 DAGs
[2024-04-06T23:41:26.536+0000] {logging_mixin.py:188} INFO - [2024-04-06T23:41:26.536+0000] {dag.py:3834} INFO - Setting next_dagrun for example_sla_dag to 2024-04-06 23:38:00+00:00, run_after=2024-04-06 23:40:00+00:00
[2024-04-06T23:41:26.574+0000] {processor.py:183} INFO - Processing /home/malangdataguy/miniconda3/envs/airflow_mdg/lib/python3.8/site-packages/airflow/example_dags/example_sla_dag.py took 0.127 seconds
[2024-04-06T23:42:19.183+0000] {processor.py:161} INFO - Started process (PID=69393) to work on /home/malangdataguy/miniconda3/envs/airflow_mdg/lib/python3.8/site-packages/airflow/example_dags/example_sla_dag.py
[2024-04-06T23:42:19.186+0000] {processor.py:830} INFO - Processing file /home/malangdataguy/miniconda3/envs/airflow_mdg/lib/python3.8/site-packages/airflow/example_dags/example_sla_dag.py for tasks to queue
[2024-04-06T23:42:19.187+0000] {logging_mixin.py:188} INFO - [2024-04-06T23:42:19.187+0000] {dagbag.py:540} INFO - Filling up the DagBag from /home/malangdataguy/miniconda3/envs/airflow_mdg/lib/python3.8/site-packages/airflow/example_dags/example_sla_dag.py
[2024-04-06T23:42:19.201+0000] {processor.py:840} INFO - DAG(s) 'example_sla_dag' retrieved from /home/malangdataguy/miniconda3/envs/airflow_mdg/lib/python3.8/site-packages/airflow/example_dags/example_sla_dag.py
[2024-04-06T23:42:19.224+0000] {logging_mixin.py:188} INFO - [2024-04-06T23:42:19.224+0000] {dag.py:3047} INFO - Sync 1 DAGs
[2024-04-06T23:42:19.256+0000] {logging_mixin.py:188} INFO - [2024-04-06T23:42:19.256+0000] {dag.py:3834} INFO - Setting next_dagrun for example_sla_dag to 2024-04-06 23:40:00+00:00, run_after=2024-04-06 23:42:00+00:00
[2024-04-06T23:42:19.291+0000] {processor.py:183} INFO - Processing /home/malangdataguy/miniconda3/envs/airflow_mdg/lib/python3.8/site-packages/airflow/example_dags/example_sla_dag.py took 0.113 seconds
[2024-04-06T23:43:02.387+0000] {processor.py:161} INFO - Started process (PID=69437) to work on /home/malangdataguy/miniconda3/envs/airflow_mdg/lib/python3.8/site-packages/airflow/example_dags/example_sla_dag.py
[2024-04-06T23:43:02.390+0000] {processor.py:830} INFO - Processing file /home/malangdataguy/miniconda3/envs/airflow_mdg/lib/python3.8/site-packages/airflow/example_dags/example_sla_dag.py for tasks to queue
[2024-04-06T23:43:02.392+0000] {logging_mixin.py:188} INFO - [2024-04-06T23:43:02.391+0000] {dagbag.py:540} INFO - Filling up the DagBag from /home/malangdataguy/miniconda3/envs/airflow_mdg/lib/python3.8/site-packages/airflow/example_dags/example_sla_dag.py
[2024-04-06T23:43:02.406+0000] {processor.py:840} INFO - DAG(s) 'example_sla_dag' retrieved from /home/malangdataguy/miniconda3/envs/airflow_mdg/lib/python3.8/site-packages/airflow/example_dags/example_sla_dag.py
[2024-04-06T23:43:02.434+0000] {logging_mixin.py:188} INFO - [2024-04-06T23:43:02.433+0000] {dag.py:3047} INFO - Sync 1 DAGs
[2024-04-06T23:43:02.467+0000] {logging_mixin.py:188} INFO - [2024-04-06T23:43:02.467+0000] {dag.py:3834} INFO - Setting next_dagrun for example_sla_dag to 2024-04-06 23:40:00+00:00, run_after=2024-04-06 23:42:00+00:00
[2024-04-06T23:43:02.504+0000] {processor.py:183} INFO - Processing /home/malangdataguy/miniconda3/envs/airflow_mdg/lib/python3.8/site-packages/airflow/example_dags/example_sla_dag.py took 0.122 seconds
[2024-04-06T23:43:48.000+0000] {processor.py:161} INFO - Started process (PID=69492) to work on /home/malangdataguy/miniconda3/envs/airflow_mdg/lib/python3.8/site-packages/airflow/example_dags/example_sla_dag.py
[2024-04-06T23:43:48.002+0000] {processor.py:830} INFO - Processing file /home/malangdataguy/miniconda3/envs/airflow_mdg/lib/python3.8/site-packages/airflow/example_dags/example_sla_dag.py for tasks to queue
[2024-04-06T23:43:48.004+0000] {logging_mixin.py:188} INFO - [2024-04-06T23:43:48.003+0000] {dagbag.py:540} INFO - Filling up the DagBag from /home/malangdataguy/miniconda3/envs/airflow_mdg/lib/python3.8/site-packages/airflow/example_dags/example_sla_dag.py
[2024-04-06T23:43:48.017+0000] {processor.py:840} INFO - DAG(s) 'example_sla_dag' retrieved from /home/malangdataguy/miniconda3/envs/airflow_mdg/lib/python3.8/site-packages/airflow/example_dags/example_sla_dag.py
[2024-04-06T23:43:48.038+0000] {logging_mixin.py:188} INFO - [2024-04-06T23:43:48.038+0000] {dag.py:3047} INFO - Sync 1 DAGs
[2024-04-06T23:43:48.066+0000] {logging_mixin.py:188} INFO - [2024-04-06T23:43:48.066+0000] {dag.py:3834} INFO - Setting next_dagrun for example_sla_dag to 2024-04-06 23:40:00+00:00, run_after=2024-04-06 23:42:00+00:00
[2024-04-06T23:43:48.095+0000] {processor.py:183} INFO - Processing /home/malangdataguy/miniconda3/envs/airflow_mdg/lib/python3.8/site-packages/airflow/example_dags/example_sla_dag.py took 0.100 seconds
[2024-04-06T23:44:32.297+0000] {processor.py:161} INFO - Started process (PID=69542) to work on /home/malangdataguy/miniconda3/envs/airflow_mdg/lib/python3.8/site-packages/airflow/example_dags/example_sla_dag.py
[2024-04-06T23:44:32.300+0000] {processor.py:830} INFO - Processing file /home/malangdataguy/miniconda3/envs/airflow_mdg/lib/python3.8/site-packages/airflow/example_dags/example_sla_dag.py for tasks to queue
[2024-04-06T23:44:32.302+0000] {logging_mixin.py:188} INFO - [2024-04-06T23:44:32.301+0000] {dagbag.py:540} INFO - Filling up the DagBag from /home/malangdataguy/miniconda3/envs/airflow_mdg/lib/python3.8/site-packages/airflow/example_dags/example_sla_dag.py
[2024-04-06T23:44:32.316+0000] {processor.py:840} INFO - DAG(s) 'example_sla_dag' retrieved from /home/malangdataguy/miniconda3/envs/airflow_mdg/lib/python3.8/site-packages/airflow/example_dags/example_sla_dag.py
[2024-04-06T23:44:32.343+0000] {logging_mixin.py:188} INFO - [2024-04-06T23:44:32.343+0000] {dag.py:3047} INFO - Sync 1 DAGs
[2024-04-06T23:44:32.375+0000] {logging_mixin.py:188} INFO - [2024-04-06T23:44:32.375+0000] {dag.py:3834} INFO - Setting next_dagrun for example_sla_dag to 2024-04-06 23:42:00+00:00, run_after=2024-04-06 23:44:00+00:00
[2024-04-06T23:44:32.409+0000] {processor.py:183} INFO - Processing /home/malangdataguy/miniconda3/envs/airflow_mdg/lib/python3.8/site-packages/airflow/example_dags/example_sla_dag.py took 0.117 seconds
[2024-04-06T23:45:14.397+0000] {processor.py:161} INFO - Started process (PID=69588) to work on /home/malangdataguy/miniconda3/envs/airflow_mdg/lib/python3.8/site-packages/airflow/example_dags/example_sla_dag.py
[2024-04-06T23:45:14.400+0000] {processor.py:830} INFO - Processing file /home/malangdataguy/miniconda3/envs/airflow_mdg/lib/python3.8/site-packages/airflow/example_dags/example_sla_dag.py for tasks to queue
[2024-04-06T23:45:14.401+0000] {logging_mixin.py:188} INFO - [2024-04-06T23:45:14.400+0000] {dagbag.py:540} INFO - Filling up the DagBag from /home/malangdataguy/miniconda3/envs/airflow_mdg/lib/python3.8/site-packages/airflow/example_dags/example_sla_dag.py
[2024-04-06T23:45:14.414+0000] {processor.py:840} INFO - DAG(s) 'example_sla_dag' retrieved from /home/malangdataguy/miniconda3/envs/airflow_mdg/lib/python3.8/site-packages/airflow/example_dags/example_sla_dag.py
[2024-04-06T23:45:14.436+0000] {logging_mixin.py:188} INFO - [2024-04-06T23:45:14.435+0000] {dag.py:3047} INFO - Sync 1 DAGs
[2024-04-06T23:45:14.462+0000] {logging_mixin.py:188} INFO - [2024-04-06T23:45:14.462+0000] {dag.py:3834} INFO - Setting next_dagrun for example_sla_dag to 2024-04-06 23:42:00+00:00, run_after=2024-04-06 23:44:00+00:00
[2024-04-06T23:45:14.490+0000] {processor.py:183} INFO - Processing /home/malangdataguy/miniconda3/envs/airflow_mdg/lib/python3.8/site-packages/airflow/example_dags/example_sla_dag.py took 0.097 seconds
[2024-04-06T23:45:57.736+0000] {processor.py:161} INFO - Started process (PID=69633) to work on /home/malangdataguy/miniconda3/envs/airflow_mdg/lib/python3.8/site-packages/airflow/example_dags/example_sla_dag.py
[2024-04-06T23:45:57.738+0000] {processor.py:830} INFO - Processing file /home/malangdataguy/miniconda3/envs/airflow_mdg/lib/python3.8/site-packages/airflow/example_dags/example_sla_dag.py for tasks to queue
[2024-04-06T23:45:57.740+0000] {logging_mixin.py:188} INFO - [2024-04-06T23:45:57.739+0000] {dagbag.py:540} INFO - Filling up the DagBag from /home/malangdataguy/miniconda3/envs/airflow_mdg/lib/python3.8/site-packages/airflow/example_dags/example_sla_dag.py
[2024-04-06T23:45:57.752+0000] {processor.py:840} INFO - DAG(s) 'example_sla_dag' retrieved from /home/malangdataguy/miniconda3/envs/airflow_mdg/lib/python3.8/site-packages/airflow/example_dags/example_sla_dag.py
[2024-04-06T23:45:57.773+0000] {logging_mixin.py:188} INFO - [2024-04-06T23:45:57.773+0000] {dag.py:3047} INFO - Sync 1 DAGs
[2024-04-06T23:45:57.800+0000] {logging_mixin.py:188} INFO - [2024-04-06T23:45:57.799+0000] {dag.py:3834} INFO - Setting next_dagrun for example_sla_dag to 2024-04-06 23:42:00+00:00, run_after=2024-04-06 23:44:00+00:00
[2024-04-06T23:45:57.826+0000] {processor.py:183} INFO - Processing /home/malangdataguy/miniconda3/envs/airflow_mdg/lib/python3.8/site-packages/airflow/example_dags/example_sla_dag.py took 0.095 seconds
[2024-04-06T23:46:55.343+0000] {processor.py:161} INFO - Started process (PID=69722) to work on /home/malangdataguy/miniconda3/envs/airflow_mdg/lib/python3.8/site-packages/airflow/example_dags/example_sla_dag.py
[2024-04-06T23:46:55.346+0000] {processor.py:830} INFO - Processing file /home/malangdataguy/miniconda3/envs/airflow_mdg/lib/python3.8/site-packages/airflow/example_dags/example_sla_dag.py for tasks to queue
[2024-04-06T23:46:55.347+0000] {logging_mixin.py:188} INFO - [2024-04-06T23:46:55.346+0000] {dagbag.py:540} INFO - Filling up the DagBag from /home/malangdataguy/miniconda3/envs/airflow_mdg/lib/python3.8/site-packages/airflow/example_dags/example_sla_dag.py
[2024-04-06T23:46:55.361+0000] {processor.py:840} INFO - DAG(s) 'example_sla_dag' retrieved from /home/malangdataguy/miniconda3/envs/airflow_mdg/lib/python3.8/site-packages/airflow/example_dags/example_sla_dag.py
[2024-04-06T23:46:55.387+0000] {logging_mixin.py:188} INFO - [2024-04-06T23:46:55.386+0000] {dag.py:3047} INFO - Sync 1 DAGs
[2024-04-06T23:46:55.417+0000] {logging_mixin.py:188} INFO - [2024-04-06T23:46:55.417+0000] {dag.py:3834} INFO - Setting next_dagrun for example_sla_dag to 2024-04-06 23:44:00+00:00, run_after=2024-04-06 23:46:00+00:00
[2024-04-06T23:46:55.448+0000] {processor.py:183} INFO - Processing /home/malangdataguy/miniconda3/envs/airflow_mdg/lib/python3.8/site-packages/airflow/example_dags/example_sla_dag.py took 0.110 seconds
[2024-04-06T23:47:57.794+0000] {processor.py:161} INFO - Started process (PID=69787) to work on /home/malangdataguy/miniconda3/envs/airflow_mdg/lib/python3.8/site-packages/airflow/example_dags/example_sla_dag.py
[2024-04-06T23:47:57.796+0000] {processor.py:830} INFO - Processing file /home/malangdataguy/miniconda3/envs/airflow_mdg/lib/python3.8/site-packages/airflow/example_dags/example_sla_dag.py for tasks to queue
[2024-04-06T23:47:57.798+0000] {logging_mixin.py:188} INFO - [2024-04-06T23:47:57.797+0000] {dagbag.py:540} INFO - Filling up the DagBag from /home/malangdataguy/miniconda3/envs/airflow_mdg/lib/python3.8/site-packages/airflow/example_dags/example_sla_dag.py
[2024-04-06T23:47:57.810+0000] {processor.py:840} INFO - DAG(s) 'example_sla_dag' retrieved from /home/malangdataguy/miniconda3/envs/airflow_mdg/lib/python3.8/site-packages/airflow/example_dags/example_sla_dag.py
[2024-04-06T23:47:57.832+0000] {logging_mixin.py:188} INFO - [2024-04-06T23:47:57.832+0000] {dag.py:3047} INFO - Sync 1 DAGs
[2024-04-06T23:47:57.861+0000] {logging_mixin.py:188} INFO - [2024-04-06T23:47:57.860+0000] {dag.py:3834} INFO - Setting next_dagrun for example_sla_dag to 2024-04-06 23:44:00+00:00, run_after=2024-04-06 23:46:00+00:00
[2024-04-06T23:47:57.889+0000] {processor.py:183} INFO - Processing /home/malangdataguy/miniconda3/envs/airflow_mdg/lib/python3.8/site-packages/airflow/example_dags/example_sla_dag.py took 0.101 seconds
[2024-04-06T23:48:59.853+0000] {processor.py:161} INFO - Started process (PID=69855) to work on /home/malangdataguy/miniconda3/envs/airflow_mdg/lib/python3.8/site-packages/airflow/example_dags/example_sla_dag.py
[2024-04-06T23:48:59.855+0000] {processor.py:830} INFO - Processing file /home/malangdataguy/miniconda3/envs/airflow_mdg/lib/python3.8/site-packages/airflow/example_dags/example_sla_dag.py for tasks to queue
[2024-04-06T23:48:59.857+0000] {logging_mixin.py:188} INFO - [2024-04-06T23:48:59.856+0000] {dagbag.py:540} INFO - Filling up the DagBag from /home/malangdataguy/miniconda3/envs/airflow_mdg/lib/python3.8/site-packages/airflow/example_dags/example_sla_dag.py
[2024-04-06T23:48:59.869+0000] {processor.py:840} INFO - DAG(s) 'example_sla_dag' retrieved from /home/malangdataguy/miniconda3/envs/airflow_mdg/lib/python3.8/site-packages/airflow/example_dags/example_sla_dag.py
[2024-04-06T23:48:59.892+0000] {logging_mixin.py:188} INFO - [2024-04-06T23:48:59.891+0000] {dag.py:3047} INFO - Sync 1 DAGs
[2024-04-06T23:48:59.919+0000] {logging_mixin.py:188} INFO - [2024-04-06T23:48:59.919+0000] {dag.py:3834} INFO - Setting next_dagrun for example_sla_dag to 2024-04-06 23:46:00+00:00, run_after=2024-04-06 23:48:00+00:00
[2024-04-06T23:48:59.947+0000] {processor.py:183} INFO - Processing /home/malangdataguy/miniconda3/envs/airflow_mdg/lib/python3.8/site-packages/airflow/example_dags/example_sla_dag.py took 0.099 seconds
[2024-04-06T23:49:43.853+0000] {processor.py:161} INFO - Started process (PID=69898) to work on /home/malangdataguy/miniconda3/envs/airflow_mdg/lib/python3.8/site-packages/airflow/example_dags/example_sla_dag.py
[2024-04-06T23:49:43.855+0000] {processor.py:830} INFO - Processing file /home/malangdataguy/miniconda3/envs/airflow_mdg/lib/python3.8/site-packages/airflow/example_dags/example_sla_dag.py for tasks to queue
[2024-04-06T23:49:43.857+0000] {logging_mixin.py:188} INFO - [2024-04-06T23:49:43.856+0000] {dagbag.py:540} INFO - Filling up the DagBag from /home/malangdataguy/miniconda3/envs/airflow_mdg/lib/python3.8/site-packages/airflow/example_dags/example_sla_dag.py
[2024-04-06T23:49:43.870+0000] {processor.py:840} INFO - DAG(s) 'example_sla_dag' retrieved from /home/malangdataguy/miniconda3/envs/airflow_mdg/lib/python3.8/site-packages/airflow/example_dags/example_sla_dag.py
[2024-04-06T23:49:43.893+0000] {logging_mixin.py:188} INFO - [2024-04-06T23:49:43.893+0000] {dag.py:3047} INFO - Sync 1 DAGs
[2024-04-06T23:49:43.922+0000] {logging_mixin.py:188} INFO - [2024-04-06T23:49:43.922+0000] {dag.py:3834} INFO - Setting next_dagrun for example_sla_dag to 2024-04-06 23:46:00+00:00, run_after=2024-04-06 23:48:00+00:00
[2024-04-06T23:49:43.952+0000] {processor.py:183} INFO - Processing /home/malangdataguy/miniconda3/envs/airflow_mdg/lib/python3.8/site-packages/airflow/example_dags/example_sla_dag.py took 0.104 seconds
[2024-04-06T23:50:40.905+0000] {processor.py:161} INFO - Started process (PID=69957) to work on /home/malangdataguy/miniconda3/envs/airflow_mdg/lib/python3.8/site-packages/airflow/example_dags/example_sla_dag.py
[2024-04-06T23:50:40.908+0000] {processor.py:830} INFO - Processing file /home/malangdataguy/miniconda3/envs/airflow_mdg/lib/python3.8/site-packages/airflow/example_dags/example_sla_dag.py for tasks to queue
[2024-04-06T23:50:40.910+0000] {logging_mixin.py:188} INFO - [2024-04-06T23:50:40.909+0000] {dagbag.py:540} INFO - Filling up the DagBag from /home/malangdataguy/miniconda3/envs/airflow_mdg/lib/python3.8/site-packages/airflow/example_dags/example_sla_dag.py
[2024-04-06T23:50:40.925+0000] {processor.py:840} INFO - DAG(s) 'example_sla_dag' retrieved from /home/malangdataguy/miniconda3/envs/airflow_mdg/lib/python3.8/site-packages/airflow/example_dags/example_sla_dag.py
[2024-04-06T23:50:40.951+0000] {logging_mixin.py:188} INFO - [2024-04-06T23:50:40.951+0000] {dag.py:3047} INFO - Sync 1 DAGs
[2024-04-06T23:50:40.982+0000] {logging_mixin.py:188} INFO - [2024-04-06T23:50:40.982+0000] {dag.py:3834} INFO - Setting next_dagrun for example_sla_dag to 2024-04-06 23:48:00+00:00, run_after=2024-04-06 23:50:00+00:00
[2024-04-06T23:50:41.018+0000] {processor.py:183} INFO - Processing /home/malangdataguy/miniconda3/envs/airflow_mdg/lib/python3.8/site-packages/airflow/example_dags/example_sla_dag.py took 0.118 seconds
[2024-04-06T23:51:22.993+0000] {processor.py:161} INFO - Started process (PID=70002) to work on /home/malangdataguy/miniconda3/envs/airflow_mdg/lib/python3.8/site-packages/airflow/example_dags/example_sla_dag.py
[2024-04-06T23:51:22.996+0000] {processor.py:830} INFO - Processing file /home/malangdataguy/miniconda3/envs/airflow_mdg/lib/python3.8/site-packages/airflow/example_dags/example_sla_dag.py for tasks to queue
[2024-04-06T23:51:22.998+0000] {logging_mixin.py:188} INFO - [2024-04-06T23:51:22.997+0000] {dagbag.py:540} INFO - Filling up the DagBag from /home/malangdataguy/miniconda3/envs/airflow_mdg/lib/python3.8/site-packages/airflow/example_dags/example_sla_dag.py
[2024-04-06T23:51:23.012+0000] {processor.py:840} INFO - DAG(s) 'example_sla_dag' retrieved from /home/malangdataguy/miniconda3/envs/airflow_mdg/lib/python3.8/site-packages/airflow/example_dags/example_sla_dag.py
[2024-04-06T23:51:23.038+0000] {logging_mixin.py:188} INFO - [2024-04-06T23:51:23.038+0000] {dag.py:3047} INFO - Sync 1 DAGs
[2024-04-06T23:51:23.072+0000] {logging_mixin.py:188} INFO - [2024-04-06T23:51:23.071+0000] {dag.py:3834} INFO - Setting next_dagrun for example_sla_dag to 2024-04-06 23:48:00+00:00, run_after=2024-04-06 23:50:00+00:00
[2024-04-06T23:51:23.105+0000] {processor.py:183} INFO - Processing /home/malangdataguy/miniconda3/envs/airflow_mdg/lib/python3.8/site-packages/airflow/example_dags/example_sla_dag.py took 0.118 seconds
[2024-04-06T23:52:07.928+0000] {processor.py:161} INFO - Started process (PID=70047) to work on /home/malangdataguy/miniconda3/envs/airflow_mdg/lib/python3.8/site-packages/airflow/example_dags/example_sla_dag.py
[2024-04-06T23:52:07.930+0000] {processor.py:830} INFO - Processing file /home/malangdataguy/miniconda3/envs/airflow_mdg/lib/python3.8/site-packages/airflow/example_dags/example_sla_dag.py for tasks to queue
[2024-04-06T23:52:07.932+0000] {logging_mixin.py:188} INFO - [2024-04-06T23:52:07.931+0000] {dagbag.py:540} INFO - Filling up the DagBag from /home/malangdataguy/miniconda3/envs/airflow_mdg/lib/python3.8/site-packages/airflow/example_dags/example_sla_dag.py
[2024-04-06T23:52:07.945+0000] {processor.py:840} INFO - DAG(s) 'example_sla_dag' retrieved from /home/malangdataguy/miniconda3/envs/airflow_mdg/lib/python3.8/site-packages/airflow/example_dags/example_sla_dag.py
[2024-04-06T23:52:07.968+0000] {logging_mixin.py:188} INFO - [2024-04-06T23:52:07.967+0000] {dag.py:3047} INFO - Sync 1 DAGs
[2024-04-06T23:52:07.998+0000] {logging_mixin.py:188} INFO - [2024-04-06T23:52:07.998+0000] {dag.py:3834} INFO - Setting next_dagrun for example_sla_dag to 2024-04-06 23:50:00+00:00, run_after=2024-04-06 23:52:00+00:00
[2024-04-06T23:52:08.027+0000] {processor.py:183} INFO - Processing /home/malangdataguy/miniconda3/envs/airflow_mdg/lib/python3.8/site-packages/airflow/example_dags/example_sla_dag.py took 0.103 seconds
[2024-04-06T23:52:51.126+0000] {processor.py:161} INFO - Started process (PID=70091) to work on /home/malangdataguy/miniconda3/envs/airflow_mdg/lib/python3.8/site-packages/airflow/example_dags/example_sla_dag.py
[2024-04-06T23:52:51.129+0000] {processor.py:830} INFO - Processing file /home/malangdataguy/miniconda3/envs/airflow_mdg/lib/python3.8/site-packages/airflow/example_dags/example_sla_dag.py for tasks to queue
[2024-04-06T23:52:51.130+0000] {logging_mixin.py:188} INFO - [2024-04-06T23:52:51.130+0000] {dagbag.py:540} INFO - Filling up the DagBag from /home/malangdataguy/miniconda3/envs/airflow_mdg/lib/python3.8/site-packages/airflow/example_dags/example_sla_dag.py
[2024-04-06T23:52:51.143+0000] {processor.py:840} INFO - DAG(s) 'example_sla_dag' retrieved from /home/malangdataguy/miniconda3/envs/airflow_mdg/lib/python3.8/site-packages/airflow/example_dags/example_sla_dag.py
[2024-04-06T23:52:51.164+0000] {logging_mixin.py:188} INFO - [2024-04-06T23:52:51.164+0000] {dag.py:3047} INFO - Sync 1 DAGs
[2024-04-06T23:52:51.191+0000] {logging_mixin.py:188} INFO - [2024-04-06T23:52:51.190+0000] {dag.py:3834} INFO - Setting next_dagrun for example_sla_dag to 2024-04-06 23:50:00+00:00, run_after=2024-04-06 23:52:00+00:00
[2024-04-06T23:52:51.219+0000] {processor.py:183} INFO - Processing /home/malangdataguy/miniconda3/envs/airflow_mdg/lib/python3.8/site-packages/airflow/example_dags/example_sla_dag.py took 0.097 seconds
[2024-04-06T23:53:36.690+0000] {processor.py:161} INFO - Started process (PID=70139) to work on /home/malangdataguy/miniconda3/envs/airflow_mdg/lib/python3.8/site-packages/airflow/example_dags/example_sla_dag.py
[2024-04-06T23:53:36.693+0000] {processor.py:830} INFO - Processing file /home/malangdataguy/miniconda3/envs/airflow_mdg/lib/python3.8/site-packages/airflow/example_dags/example_sla_dag.py for tasks to queue
[2024-04-06T23:53:36.694+0000] {logging_mixin.py:188} INFO - [2024-04-06T23:53:36.694+0000] {dagbag.py:540} INFO - Filling up the DagBag from /home/malangdataguy/miniconda3/envs/airflow_mdg/lib/python3.8/site-packages/airflow/example_dags/example_sla_dag.py
[2024-04-06T23:53:36.707+0000] {processor.py:840} INFO - DAG(s) 'example_sla_dag' retrieved from /home/malangdataguy/miniconda3/envs/airflow_mdg/lib/python3.8/site-packages/airflow/example_dags/example_sla_dag.py
[2024-04-06T23:53:36.730+0000] {logging_mixin.py:188} INFO - [2024-04-06T23:53:36.729+0000] {dag.py:3047} INFO - Sync 1 DAGs
[2024-04-06T23:53:36.757+0000] {logging_mixin.py:188} INFO - [2024-04-06T23:53:36.757+0000] {dag.py:3834} INFO - Setting next_dagrun for example_sla_dag to 2024-04-06 23:50:00+00:00, run_after=2024-04-06 23:52:00+00:00
[2024-04-06T23:53:36.785+0000] {processor.py:183} INFO - Processing /home/malangdataguy/miniconda3/envs/airflow_mdg/lib/python3.8/site-packages/airflow/example_dags/example_sla_dag.py took 0.100 seconds
[2024-04-06T23:54:20.119+0000] {processor.py:161} INFO - Started process (PID=70215) to work on /home/malangdataguy/miniconda3/envs/airflow_mdg/lib/python3.8/site-packages/airflow/example_dags/example_sla_dag.py
[2024-04-06T23:54:20.122+0000] {processor.py:830} INFO - Processing file /home/malangdataguy/miniconda3/envs/airflow_mdg/lib/python3.8/site-packages/airflow/example_dags/example_sla_dag.py for tasks to queue
[2024-04-06T23:54:20.124+0000] {logging_mixin.py:188} INFO - [2024-04-06T23:54:20.123+0000] {dagbag.py:540} INFO - Filling up the DagBag from /home/malangdataguy/miniconda3/envs/airflow_mdg/lib/python3.8/site-packages/airflow/example_dags/example_sla_dag.py
[2024-04-06T23:54:20.138+0000] {processor.py:840} INFO - DAG(s) 'example_sla_dag' retrieved from /home/malangdataguy/miniconda3/envs/airflow_mdg/lib/python3.8/site-packages/airflow/example_dags/example_sla_dag.py
[2024-04-06T23:54:20.168+0000] {logging_mixin.py:188} INFO - [2024-04-06T23:54:20.167+0000] {dag.py:3047} INFO - Sync 1 DAGs
[2024-04-06T23:54:20.200+0000] {logging_mixin.py:188} INFO - [2024-04-06T23:54:20.200+0000] {dag.py:3834} INFO - Setting next_dagrun for example_sla_dag to 2024-04-06 23:52:00+00:00, run_after=2024-04-06 23:54:00+00:00
[2024-04-06T23:54:20.237+0000] {processor.py:183} INFO - Processing /home/malangdataguy/miniconda3/envs/airflow_mdg/lib/python3.8/site-packages/airflow/example_dags/example_sla_dag.py took 0.123 seconds
[2024-04-06T23:55:01.900+0000] {processor.py:161} INFO - Started process (PID=70259) to work on /home/malangdataguy/miniconda3/envs/airflow_mdg/lib/python3.8/site-packages/airflow/example_dags/example_sla_dag.py
[2024-04-06T23:55:01.902+0000] {processor.py:830} INFO - Processing file /home/malangdataguy/miniconda3/envs/airflow_mdg/lib/python3.8/site-packages/airflow/example_dags/example_sla_dag.py for tasks to queue
[2024-04-06T23:55:01.904+0000] {logging_mixin.py:188} INFO - [2024-04-06T23:55:01.903+0000] {dagbag.py:540} INFO - Filling up the DagBag from /home/malangdataguy/miniconda3/envs/airflow_mdg/lib/python3.8/site-packages/airflow/example_dags/example_sla_dag.py
[2024-04-06T23:55:01.916+0000] {processor.py:840} INFO - DAG(s) 'example_sla_dag' retrieved from /home/malangdataguy/miniconda3/envs/airflow_mdg/lib/python3.8/site-packages/airflow/example_dags/example_sla_dag.py
[2024-04-06T23:55:01.938+0000] {logging_mixin.py:188} INFO - [2024-04-06T23:55:01.937+0000] {dag.py:3047} INFO - Sync 1 DAGs
[2024-04-06T23:55:01.968+0000] {logging_mixin.py:188} INFO - [2024-04-06T23:55:01.967+0000] {dag.py:3834} INFO - Setting next_dagrun for example_sla_dag to 2024-04-06 23:52:00+00:00, run_after=2024-04-06 23:54:00+00:00
[2024-04-06T23:55:02.002+0000] {processor.py:183} INFO - Processing /home/malangdataguy/miniconda3/envs/airflow_mdg/lib/python3.8/site-packages/airflow/example_dags/example_sla_dag.py took 0.107 seconds
[2024-04-06T23:55:45.967+0000] {processor.py:161} INFO - Started process (PID=70303) to work on /home/malangdataguy/miniconda3/envs/airflow_mdg/lib/python3.8/site-packages/airflow/example_dags/example_sla_dag.py
[2024-04-06T23:55:45.970+0000] {processor.py:830} INFO - Processing file /home/malangdataguy/miniconda3/envs/airflow_mdg/lib/python3.8/site-packages/airflow/example_dags/example_sla_dag.py for tasks to queue
[2024-04-06T23:55:45.972+0000] {logging_mixin.py:188} INFO - [2024-04-06T23:55:45.971+0000] {dagbag.py:540} INFO - Filling up the DagBag from /home/malangdataguy/miniconda3/envs/airflow_mdg/lib/python3.8/site-packages/airflow/example_dags/example_sla_dag.py
[2024-04-06T23:55:45.986+0000] {processor.py:840} INFO - DAG(s) 'example_sla_dag' retrieved from /home/malangdataguy/miniconda3/envs/airflow_mdg/lib/python3.8/site-packages/airflow/example_dags/example_sla_dag.py
[2024-04-06T23:55:46.013+0000] {logging_mixin.py:188} INFO - [2024-04-06T23:55:46.013+0000] {dag.py:3047} INFO - Sync 1 DAGs
[2024-04-06T23:55:46.048+0000] {logging_mixin.py:188} INFO - [2024-04-06T23:55:46.048+0000] {dag.py:3834} INFO - Setting next_dagrun for example_sla_dag to 2024-04-06 23:52:00+00:00, run_after=2024-04-06 23:54:00+00:00
[2024-04-06T23:55:46.084+0000] {processor.py:183} INFO - Processing /home/malangdataguy/miniconda3/envs/airflow_mdg/lib/python3.8/site-packages/airflow/example_dags/example_sla_dag.py took 0.122 seconds
