[2024-04-06T23:09:11.673+0000] {processor.py:161} INFO - Started process (PID=68363) to work on /home/malangdataguy/miniconda3/envs/airflow_mdg/lib/python3.8/site-packages/airflow/example_dags/example_skip_dag.py
[2024-04-06T23:09:11.674+0000] {processor.py:830} INFO - Processing file /home/malangdataguy/miniconda3/envs/airflow_mdg/lib/python3.8/site-packages/airflow/example_dags/example_skip_dag.py for tasks to queue
[2024-04-06T23:09:11.676+0000] {logging_mixin.py:188} INFO - [2024-04-06T23:09:11.675+0000] {dagbag.py:540} INFO - Filling up the DagBag from /home/malangdataguy/miniconda3/envs/airflow_mdg/lib/python3.8/site-packages/airflow/example_dags/example_skip_dag.py
[2024-04-06T23:09:11.691+0000] {processor.py:840} INFO - DAG(s) 'example_skip_dag' retrieved from /home/malangdataguy/miniconda3/envs/airflow_mdg/lib/python3.8/site-packages/airflow/example_dags/example_skip_dag.py
[2024-04-06T23:09:11.703+0000] {logging_mixin.py:188} INFO - [2024-04-06T23:09:11.702+0000] {dag.py:3047} INFO - Sync 1 DAGs
[2024-04-06T23:09:11.730+0000] {logging_mixin.py:188} INFO - [2024-04-06T23:09:11.730+0000] {dag.py:3834} INFO - Setting next_dagrun for example_skip_dag to 2024-04-05 00:00:00+00:00, run_after=2024-04-06 00:00:00+00:00
[2024-04-06T23:09:11.761+0000] {processor.py:183} INFO - Processing /home/malangdataguy/miniconda3/envs/airflow_mdg/lib/python3.8/site-packages/airflow/example_dags/example_skip_dag.py took 0.093 seconds
[2024-04-06T23:10:03.728+0000] {processor.py:161} INFO - Started process (PID=68413) to work on /home/malangdataguy/miniconda3/envs/airflow_mdg/lib/python3.8/site-packages/airflow/example_dags/example_skip_dag.py
[2024-04-06T23:10:03.735+0000] {processor.py:830} INFO - Processing file /home/malangdataguy/miniconda3/envs/airflow_mdg/lib/python3.8/site-packages/airflow/example_dags/example_skip_dag.py for tasks to queue
[2024-04-06T23:10:03.737+0000] {logging_mixin.py:188} INFO - [2024-04-06T23:10:03.736+0000] {dagbag.py:540} INFO - Filling up the DagBag from /home/malangdataguy/miniconda3/envs/airflow_mdg/lib/python3.8/site-packages/airflow/example_dags/example_skip_dag.py
[2024-04-06T23:10:03.750+0000] {processor.py:840} INFO - DAG(s) 'example_skip_dag' retrieved from /home/malangdataguy/miniconda3/envs/airflow_mdg/lib/python3.8/site-packages/airflow/example_dags/example_skip_dag.py
[2024-04-06T23:10:03.884+0000] {logging_mixin.py:188} INFO - [2024-04-06T23:10:03.883+0000] {dag.py:3047} INFO - Sync 1 DAGs
[2024-04-06T23:10:03.911+0000] {logging_mixin.py:188} INFO - [2024-04-06T23:10:03.910+0000] {dag.py:3834} INFO - Setting next_dagrun for example_skip_dag to 2024-04-05 00:00:00+00:00, run_after=2024-04-06 00:00:00+00:00
[2024-04-06T23:10:03.944+0000] {processor.py:183} INFO - Processing /home/malangdataguy/miniconda3/envs/airflow_mdg/lib/python3.8/site-packages/airflow/example_dags/example_skip_dag.py took 0.221 seconds
[2024-04-06T23:10:49.310+0000] {processor.py:161} INFO - Started process (PID=68468) to work on /home/malangdataguy/miniconda3/envs/airflow_mdg/lib/python3.8/site-packages/airflow/example_dags/example_skip_dag.py
[2024-04-06T23:10:49.313+0000] {processor.py:830} INFO - Processing file /home/malangdataguy/miniconda3/envs/airflow_mdg/lib/python3.8/site-packages/airflow/example_dags/example_skip_dag.py for tasks to queue
[2024-04-06T23:10:49.314+0000] {logging_mixin.py:188} INFO - [2024-04-06T23:10:49.314+0000] {dagbag.py:540} INFO - Filling up the DagBag from /home/malangdataguy/miniconda3/envs/airflow_mdg/lib/python3.8/site-packages/airflow/example_dags/example_skip_dag.py
[2024-04-06T23:10:49.325+0000] {processor.py:840} INFO - DAG(s) 'example_skip_dag' retrieved from /home/malangdataguy/miniconda3/envs/airflow_mdg/lib/python3.8/site-packages/airflow/example_dags/example_skip_dag.py
[2024-04-06T23:10:49.348+0000] {logging_mixin.py:188} INFO - [2024-04-06T23:10:49.348+0000] {dag.py:3047} INFO - Sync 1 DAGs
[2024-04-06T23:10:49.373+0000] {logging_mixin.py:188} INFO - [2024-04-06T23:10:49.373+0000] {dag.py:3834} INFO - Setting next_dagrun for example_skip_dag to 2024-04-05 00:00:00+00:00, run_after=2024-04-06 00:00:00+00:00
[2024-04-06T23:10:49.404+0000] {processor.py:183} INFO - Processing /home/malangdataguy/miniconda3/envs/airflow_mdg/lib/python3.8/site-packages/airflow/example_dags/example_skip_dag.py took 0.099 seconds
[2024-04-06T23:11:29.069+0000] {processor.py:161} INFO - Started process (PID=68508) to work on /home/malangdataguy/miniconda3/envs/airflow_mdg/lib/python3.8/site-packages/airflow/example_dags/example_skip_dag.py
[2024-04-06T23:11:29.072+0000] {processor.py:830} INFO - Processing file /home/malangdataguy/miniconda3/envs/airflow_mdg/lib/python3.8/site-packages/airflow/example_dags/example_skip_dag.py for tasks to queue
[2024-04-06T23:11:29.073+0000] {logging_mixin.py:188} INFO - [2024-04-06T23:11:29.073+0000] {dagbag.py:540} INFO - Filling up the DagBag from /home/malangdataguy/miniconda3/envs/airflow_mdg/lib/python3.8/site-packages/airflow/example_dags/example_skip_dag.py
[2024-04-06T23:11:29.086+0000] {processor.py:840} INFO - DAG(s) 'example_skip_dag' retrieved from /home/malangdataguy/miniconda3/envs/airflow_mdg/lib/python3.8/site-packages/airflow/example_dags/example_skip_dag.py
[2024-04-06T23:11:29.113+0000] {logging_mixin.py:188} INFO - [2024-04-06T23:11:29.112+0000] {dag.py:3047} INFO - Sync 1 DAGs
[2024-04-06T23:11:29.140+0000] {logging_mixin.py:188} INFO - [2024-04-06T23:11:29.140+0000] {dag.py:3834} INFO - Setting next_dagrun for example_skip_dag to 2024-04-05 00:00:00+00:00, run_after=2024-04-06 00:00:00+00:00
[2024-04-06T23:11:29.172+0000] {processor.py:183} INFO - Processing /home/malangdataguy/miniconda3/envs/airflow_mdg/lib/python3.8/site-packages/airflow/example_dags/example_skip_dag.py took 0.109 seconds
[2024-04-06T23:12:12.794+0000] {processor.py:161} INFO - Started process (PID=68551) to work on /home/malangdataguy/miniconda3/envs/airflow_mdg/lib/python3.8/site-packages/airflow/example_dags/example_skip_dag.py
[2024-04-06T23:12:12.797+0000] {processor.py:830} INFO - Processing file /home/malangdataguy/miniconda3/envs/airflow_mdg/lib/python3.8/site-packages/airflow/example_dags/example_skip_dag.py for tasks to queue
[2024-04-06T23:12:12.798+0000] {logging_mixin.py:188} INFO - [2024-04-06T23:12:12.797+0000] {dagbag.py:540} INFO - Filling up the DagBag from /home/malangdataguy/miniconda3/envs/airflow_mdg/lib/python3.8/site-packages/airflow/example_dags/example_skip_dag.py
[2024-04-06T23:12:12.810+0000] {processor.py:840} INFO - DAG(s) 'example_skip_dag' retrieved from /home/malangdataguy/miniconda3/envs/airflow_mdg/lib/python3.8/site-packages/airflow/example_dags/example_skip_dag.py
[2024-04-06T23:12:12.836+0000] {logging_mixin.py:188} INFO - [2024-04-06T23:12:12.836+0000] {dag.py:3047} INFO - Sync 1 DAGs
[2024-04-06T23:12:12.868+0000] {logging_mixin.py:188} INFO - [2024-04-06T23:12:12.867+0000] {dag.py:3834} INFO - Setting next_dagrun for example_skip_dag to 2024-04-05 00:00:00+00:00, run_after=2024-04-06 00:00:00+00:00
[2024-04-06T23:12:12.903+0000] {processor.py:183} INFO - Processing /home/malangdataguy/miniconda3/envs/airflow_mdg/lib/python3.8/site-packages/airflow/example_dags/example_skip_dag.py took 0.115 seconds
[2024-04-06T23:12:55.558+0000] {processor.py:161} INFO - Started process (PID=68594) to work on /home/malangdataguy/miniconda3/envs/airflow_mdg/lib/python3.8/site-packages/airflow/example_dags/example_skip_dag.py
[2024-04-06T23:12:55.561+0000] {processor.py:830} INFO - Processing file /home/malangdataguy/miniconda3/envs/airflow_mdg/lib/python3.8/site-packages/airflow/example_dags/example_skip_dag.py for tasks to queue
[2024-04-06T23:12:55.562+0000] {logging_mixin.py:188} INFO - [2024-04-06T23:12:55.562+0000] {dagbag.py:540} INFO - Filling up the DagBag from /home/malangdataguy/miniconda3/envs/airflow_mdg/lib/python3.8/site-packages/airflow/example_dags/example_skip_dag.py
[2024-04-06T23:12:55.573+0000] {processor.py:840} INFO - DAG(s) 'example_skip_dag' retrieved from /home/malangdataguy/miniconda3/envs/airflow_mdg/lib/python3.8/site-packages/airflow/example_dags/example_skip_dag.py
[2024-04-06T23:12:55.596+0000] {logging_mixin.py:188} INFO - [2024-04-06T23:12:55.596+0000] {dag.py:3047} INFO - Sync 1 DAGs
[2024-04-06T23:12:55.620+0000] {logging_mixin.py:188} INFO - [2024-04-06T23:12:55.619+0000] {dag.py:3834} INFO - Setting next_dagrun for example_skip_dag to 2024-04-05 00:00:00+00:00, run_after=2024-04-06 00:00:00+00:00
[2024-04-06T23:12:55.646+0000] {processor.py:183} INFO - Processing /home/malangdataguy/miniconda3/envs/airflow_mdg/lib/python3.8/site-packages/airflow/example_dags/example_skip_dag.py took 0.092 seconds
[2024-04-06T23:13:36.096+0000] {processor.py:161} INFO - Started process (PID=68635) to work on /home/malangdataguy/miniconda3/envs/airflow_mdg/lib/python3.8/site-packages/airflow/example_dags/example_skip_dag.py
[2024-04-06T23:13:36.099+0000] {processor.py:830} INFO - Processing file /home/malangdataguy/miniconda3/envs/airflow_mdg/lib/python3.8/site-packages/airflow/example_dags/example_skip_dag.py for tasks to queue
[2024-04-06T23:13:36.100+0000] {logging_mixin.py:188} INFO - [2024-04-06T23:13:36.099+0000] {dagbag.py:540} INFO - Filling up the DagBag from /home/malangdataguy/miniconda3/envs/airflow_mdg/lib/python3.8/site-packages/airflow/example_dags/example_skip_dag.py
[2024-04-06T23:13:36.112+0000] {processor.py:840} INFO - DAG(s) 'example_skip_dag' retrieved from /home/malangdataguy/miniconda3/envs/airflow_mdg/lib/python3.8/site-packages/airflow/example_dags/example_skip_dag.py
[2024-04-06T23:13:36.141+0000] {logging_mixin.py:188} INFO - [2024-04-06T23:13:36.140+0000] {dag.py:3047} INFO - Sync 1 DAGs
[2024-04-06T23:13:36.169+0000] {logging_mixin.py:188} INFO - [2024-04-06T23:13:36.169+0000] {dag.py:3834} INFO - Setting next_dagrun for example_skip_dag to 2024-04-05 00:00:00+00:00, run_after=2024-04-06 00:00:00+00:00
[2024-04-06T23:13:36.204+0000] {processor.py:183} INFO - Processing /home/malangdataguy/miniconda3/envs/airflow_mdg/lib/python3.8/site-packages/airflow/example_dags/example_skip_dag.py took 0.113 seconds
[2024-04-06T23:14:17.521+0000] {processor.py:161} INFO - Started process (PID=68679) to work on /home/malangdataguy/miniconda3/envs/airflow_mdg/lib/python3.8/site-packages/airflow/example_dags/example_skip_dag.py
[2024-04-06T23:14:17.524+0000] {processor.py:830} INFO - Processing file /home/malangdataguy/miniconda3/envs/airflow_mdg/lib/python3.8/site-packages/airflow/example_dags/example_skip_dag.py for tasks to queue
[2024-04-06T23:14:17.525+0000] {logging_mixin.py:188} INFO - [2024-04-06T23:14:17.525+0000] {dagbag.py:540} INFO - Filling up the DagBag from /home/malangdataguy/miniconda3/envs/airflow_mdg/lib/python3.8/site-packages/airflow/example_dags/example_skip_dag.py
[2024-04-06T23:14:17.537+0000] {processor.py:840} INFO - DAG(s) 'example_skip_dag' retrieved from /home/malangdataguy/miniconda3/envs/airflow_mdg/lib/python3.8/site-packages/airflow/example_dags/example_skip_dag.py
[2024-04-06T23:14:17.563+0000] {logging_mixin.py:188} INFO - [2024-04-06T23:14:17.563+0000] {dag.py:3047} INFO - Sync 1 DAGs
[2024-04-06T23:14:17.591+0000] {logging_mixin.py:188} INFO - [2024-04-06T23:14:17.591+0000] {dag.py:3834} INFO - Setting next_dagrun for example_skip_dag to 2024-04-05 00:00:00+00:00, run_after=2024-04-06 00:00:00+00:00
[2024-04-06T23:14:17.623+0000] {processor.py:183} INFO - Processing /home/malangdataguy/miniconda3/envs/airflow_mdg/lib/python3.8/site-packages/airflow/example_dags/example_skip_dag.py took 0.108 seconds
[2024-04-06T23:15:00.852+0000] {processor.py:161} INFO - Started process (PID=68722) to work on /home/malangdataguy/miniconda3/envs/airflow_mdg/lib/python3.8/site-packages/airflow/example_dags/example_skip_dag.py
[2024-04-06T23:15:00.854+0000] {processor.py:830} INFO - Processing file /home/malangdataguy/miniconda3/envs/airflow_mdg/lib/python3.8/site-packages/airflow/example_dags/example_skip_dag.py for tasks to queue
[2024-04-06T23:15:00.856+0000] {logging_mixin.py:188} INFO - [2024-04-06T23:15:00.855+0000] {dagbag.py:540} INFO - Filling up the DagBag from /home/malangdataguy/miniconda3/envs/airflow_mdg/lib/python3.8/site-packages/airflow/example_dags/example_skip_dag.py
[2024-04-06T23:15:00.867+0000] {processor.py:840} INFO - DAG(s) 'example_skip_dag' retrieved from /home/malangdataguy/miniconda3/envs/airflow_mdg/lib/python3.8/site-packages/airflow/example_dags/example_skip_dag.py
[2024-04-06T23:15:00.892+0000] {logging_mixin.py:188} INFO - [2024-04-06T23:15:00.892+0000] {dag.py:3047} INFO - Sync 1 DAGs
[2024-04-06T23:15:00.917+0000] {logging_mixin.py:188} INFO - [2024-04-06T23:15:00.917+0000] {dag.py:3834} INFO - Setting next_dagrun for example_skip_dag to 2024-04-05 00:00:00+00:00, run_after=2024-04-06 00:00:00+00:00
[2024-04-06T23:15:00.945+0000] {processor.py:183} INFO - Processing /home/malangdataguy/miniconda3/envs/airflow_mdg/lib/python3.8/site-packages/airflow/example_dags/example_skip_dag.py took 0.098 seconds
[2024-04-06T23:15:39.190+0000] {processor.py:161} INFO - Started process (PID=68761) to work on /home/malangdataguy/miniconda3/envs/airflow_mdg/lib/python3.8/site-packages/airflow/example_dags/example_skip_dag.py
[2024-04-06T23:15:39.193+0000] {processor.py:830} INFO - Processing file /home/malangdataguy/miniconda3/envs/airflow_mdg/lib/python3.8/site-packages/airflow/example_dags/example_skip_dag.py for tasks to queue
[2024-04-06T23:15:39.195+0000] {logging_mixin.py:188} INFO - [2024-04-06T23:15:39.194+0000] {dagbag.py:540} INFO - Filling up the DagBag from /home/malangdataguy/miniconda3/envs/airflow_mdg/lib/python3.8/site-packages/airflow/example_dags/example_skip_dag.py
[2024-04-06T23:15:39.207+0000] {processor.py:840} INFO - DAG(s) 'example_skip_dag' retrieved from /home/malangdataguy/miniconda3/envs/airflow_mdg/lib/python3.8/site-packages/airflow/example_dags/example_skip_dag.py
[2024-04-06T23:15:39.231+0000] {logging_mixin.py:188} INFO - [2024-04-06T23:15:39.231+0000] {dag.py:3047} INFO - Sync 1 DAGs
[2024-04-06T23:15:39.258+0000] {logging_mixin.py:188} INFO - [2024-04-06T23:15:39.258+0000] {dag.py:3834} INFO - Setting next_dagrun for example_skip_dag to 2024-04-05 00:00:00+00:00, run_after=2024-04-06 00:00:00+00:00
[2024-04-06T23:15:39.289+0000] {processor.py:183} INFO - Processing /home/malangdataguy/miniconda3/envs/airflow_mdg/lib/python3.8/site-packages/airflow/example_dags/example_skip_dag.py took 0.104 seconds
[2024-04-06T23:16:17.347+0000] {processor.py:161} INFO - Started process (PID=68803) to work on /home/malangdataguy/miniconda3/envs/airflow_mdg/lib/python3.8/site-packages/airflow/example_dags/example_skip_dag.py
[2024-04-06T23:16:17.350+0000] {processor.py:830} INFO - Processing file /home/malangdataguy/miniconda3/envs/airflow_mdg/lib/python3.8/site-packages/airflow/example_dags/example_skip_dag.py for tasks to queue
[2024-04-06T23:16:17.351+0000] {logging_mixin.py:188} INFO - [2024-04-06T23:16:17.351+0000] {dagbag.py:540} INFO - Filling up the DagBag from /home/malangdataguy/miniconda3/envs/airflow_mdg/lib/python3.8/site-packages/airflow/example_dags/example_skip_dag.py
[2024-04-06T23:16:17.363+0000] {processor.py:840} INFO - DAG(s) 'example_skip_dag' retrieved from /home/malangdataguy/miniconda3/envs/airflow_mdg/lib/python3.8/site-packages/airflow/example_dags/example_skip_dag.py
[2024-04-06T23:16:17.387+0000] {logging_mixin.py:188} INFO - [2024-04-06T23:16:17.386+0000] {dag.py:3047} INFO - Sync 1 DAGs
[2024-04-06T23:16:17.416+0000] {logging_mixin.py:188} INFO - [2024-04-06T23:16:17.415+0000] {dag.py:3834} INFO - Setting next_dagrun for example_skip_dag to 2024-04-05 00:00:00+00:00, run_after=2024-04-06 00:00:00+00:00
[2024-04-06T23:16:17.446+0000] {processor.py:183} INFO - Processing /home/malangdataguy/miniconda3/envs/airflow_mdg/lib/python3.8/site-packages/airflow/example_dags/example_skip_dag.py took 0.104 seconds
[2024-04-06T23:17:06.713+0000] {processor.py:161} INFO - Started process (PID=68857) to work on /home/malangdataguy/miniconda3/envs/airflow_mdg/lib/python3.8/site-packages/airflow/example_dags/example_skip_dag.py
[2024-04-06T23:17:06.718+0000] {processor.py:830} INFO - Processing file /home/malangdataguy/miniconda3/envs/airflow_mdg/lib/python3.8/site-packages/airflow/example_dags/example_skip_dag.py for tasks to queue
[2024-04-06T23:17:06.719+0000] {logging_mixin.py:188} INFO - [2024-04-06T23:17:06.718+0000] {dagbag.py:540} INFO - Filling up the DagBag from /home/malangdataguy/miniconda3/envs/airflow_mdg/lib/python3.8/site-packages/airflow/example_dags/example_skip_dag.py
[2024-04-06T23:17:06.729+0000] {processor.py:840} INFO - DAG(s) 'example_skip_dag' retrieved from /home/malangdataguy/miniconda3/envs/airflow_mdg/lib/python3.8/site-packages/airflow/example_dags/example_skip_dag.py
[2024-04-06T23:17:06.754+0000] {logging_mixin.py:188} INFO - [2024-04-06T23:17:06.754+0000] {dag.py:3047} INFO - Sync 1 DAGs
[2024-04-06T23:17:06.779+0000] {logging_mixin.py:188} INFO - [2024-04-06T23:17:06.779+0000] {dag.py:3834} INFO - Setting next_dagrun for example_skip_dag to 2024-04-05 00:00:00+00:00, run_after=2024-04-06 00:00:00+00:00
[2024-04-06T23:17:06.808+0000] {processor.py:183} INFO - Processing /home/malangdataguy/miniconda3/envs/airflow_mdg/lib/python3.8/site-packages/airflow/example_dags/example_skip_dag.py took 0.099 seconds
[2024-04-06T23:17:50.839+0000] {processor.py:161} INFO - Started process (PID=68905) to work on /home/malangdataguy/miniconda3/envs/airflow_mdg/lib/python3.8/site-packages/airflow/example_dags/example_skip_dag.py
[2024-04-06T23:17:50.842+0000] {processor.py:830} INFO - Processing file /home/malangdataguy/miniconda3/envs/airflow_mdg/lib/python3.8/site-packages/airflow/example_dags/example_skip_dag.py for tasks to queue
[2024-04-06T23:17:50.844+0000] {logging_mixin.py:188} INFO - [2024-04-06T23:17:50.843+0000] {dagbag.py:540} INFO - Filling up the DagBag from /home/malangdataguy/miniconda3/envs/airflow_mdg/lib/python3.8/site-packages/airflow/example_dags/example_skip_dag.py
[2024-04-06T23:17:50.855+0000] {processor.py:840} INFO - DAG(s) 'example_skip_dag' retrieved from /home/malangdataguy/miniconda3/envs/airflow_mdg/lib/python3.8/site-packages/airflow/example_dags/example_skip_dag.py
[2024-04-06T23:17:50.879+0000] {logging_mixin.py:188} INFO - [2024-04-06T23:17:50.879+0000] {dag.py:3047} INFO - Sync 1 DAGs
[2024-04-06T23:17:50.903+0000] {logging_mixin.py:188} INFO - [2024-04-06T23:17:50.903+0000] {dag.py:3834} INFO - Setting next_dagrun for example_skip_dag to 2024-04-05 00:00:00+00:00, run_after=2024-04-06 00:00:00+00:00
[2024-04-06T23:17:50.932+0000] {processor.py:183} INFO - Processing /home/malangdataguy/miniconda3/envs/airflow_mdg/lib/python3.8/site-packages/airflow/example_dags/example_skip_dag.py took 0.097 seconds
[2024-04-06T23:18:33.893+0000] {processor.py:161} INFO - Started process (PID=68948) to work on /home/malangdataguy/miniconda3/envs/airflow_mdg/lib/python3.8/site-packages/airflow/example_dags/example_skip_dag.py
[2024-04-06T23:18:33.896+0000] {processor.py:830} INFO - Processing file /home/malangdataguy/miniconda3/envs/airflow_mdg/lib/python3.8/site-packages/airflow/example_dags/example_skip_dag.py for tasks to queue
[2024-04-06T23:18:33.898+0000] {logging_mixin.py:188} INFO - [2024-04-06T23:18:33.897+0000] {dagbag.py:540} INFO - Filling up the DagBag from /home/malangdataguy/miniconda3/envs/airflow_mdg/lib/python3.8/site-packages/airflow/example_dags/example_skip_dag.py
[2024-04-06T23:18:33.910+0000] {processor.py:840} INFO - DAG(s) 'example_skip_dag' retrieved from /home/malangdataguy/miniconda3/envs/airflow_mdg/lib/python3.8/site-packages/airflow/example_dags/example_skip_dag.py
[2024-04-06T23:18:33.938+0000] {logging_mixin.py:188} INFO - [2024-04-06T23:18:33.937+0000] {dag.py:3047} INFO - Sync 1 DAGs
[2024-04-06T23:18:33.967+0000] {logging_mixin.py:188} INFO - [2024-04-06T23:18:33.966+0000] {dag.py:3834} INFO - Setting next_dagrun for example_skip_dag to 2024-04-05 00:00:00+00:00, run_after=2024-04-06 00:00:00+00:00
[2024-04-06T23:18:34.003+0000] {processor.py:183} INFO - Processing /home/malangdataguy/miniconda3/envs/airflow_mdg/lib/python3.8/site-packages/airflow/example_dags/example_skip_dag.py took 0.116 seconds
[2024-04-06T23:19:12.879+0000] {processor.py:161} INFO - Started process (PID=68989) to work on /home/malangdataguy/miniconda3/envs/airflow_mdg/lib/python3.8/site-packages/airflow/example_dags/example_skip_dag.py
[2024-04-06T23:19:12.882+0000] {processor.py:830} INFO - Processing file /home/malangdataguy/miniconda3/envs/airflow_mdg/lib/python3.8/site-packages/airflow/example_dags/example_skip_dag.py for tasks to queue
[2024-04-06T23:19:12.883+0000] {logging_mixin.py:188} INFO - [2024-04-06T23:19:12.883+0000] {dagbag.py:540} INFO - Filling up the DagBag from /home/malangdataguy/miniconda3/envs/airflow_mdg/lib/python3.8/site-packages/airflow/example_dags/example_skip_dag.py
[2024-04-06T23:19:12.894+0000] {processor.py:840} INFO - DAG(s) 'example_skip_dag' retrieved from /home/malangdataguy/miniconda3/envs/airflow_mdg/lib/python3.8/site-packages/airflow/example_dags/example_skip_dag.py
[2024-04-06T23:19:12.917+0000] {logging_mixin.py:188} INFO - [2024-04-06T23:19:12.917+0000] {dag.py:3047} INFO - Sync 1 DAGs
[2024-04-06T23:19:12.942+0000] {logging_mixin.py:188} INFO - [2024-04-06T23:19:12.942+0000] {dag.py:3834} INFO - Setting next_dagrun for example_skip_dag to 2024-04-05 00:00:00+00:00, run_after=2024-04-06 00:00:00+00:00
[2024-04-06T23:19:12.974+0000] {processor.py:183} INFO - Processing /home/malangdataguy/miniconda3/envs/airflow_mdg/lib/python3.8/site-packages/airflow/example_dags/example_skip_dag.py took 0.099 seconds
[2024-04-06T23:19:59.515+0000] {processor.py:161} INFO - Started process (PID=69033) to work on /home/malangdataguy/miniconda3/envs/airflow_mdg/lib/python3.8/site-packages/airflow/example_dags/example_skip_dag.py
[2024-04-06T23:19:59.518+0000] {processor.py:830} INFO - Processing file /home/malangdataguy/miniconda3/envs/airflow_mdg/lib/python3.8/site-packages/airflow/example_dags/example_skip_dag.py for tasks to queue
[2024-04-06T23:19:59.519+0000] {logging_mixin.py:188} INFO - [2024-04-06T23:19:59.519+0000] {dagbag.py:540} INFO - Filling up the DagBag from /home/malangdataguy/miniconda3/envs/airflow_mdg/lib/python3.8/site-packages/airflow/example_dags/example_skip_dag.py
[2024-04-06T23:19:59.531+0000] {processor.py:840} INFO - DAG(s) 'example_skip_dag' retrieved from /home/malangdataguy/miniconda3/envs/airflow_mdg/lib/python3.8/site-packages/airflow/example_dags/example_skip_dag.py
[2024-04-06T23:19:59.558+0000] {logging_mixin.py:188} INFO - [2024-04-06T23:19:59.558+0000] {dag.py:3047} INFO - Sync 1 DAGs
[2024-04-06T23:19:59.587+0000] {logging_mixin.py:188} INFO - [2024-04-06T23:19:59.587+0000] {dag.py:3834} INFO - Setting next_dagrun for example_skip_dag to 2024-04-05 00:00:00+00:00, run_after=2024-04-06 00:00:00+00:00
[2024-04-06T23:19:59.618+0000] {processor.py:183} INFO - Processing /home/malangdataguy/miniconda3/envs/airflow_mdg/lib/python3.8/site-packages/airflow/example_dags/example_skip_dag.py took 0.109 seconds
[2024-04-06T23:20:45.270+0000] {processor.py:161} INFO - Started process (PID=69079) to work on /home/malangdataguy/miniconda3/envs/airflow_mdg/lib/python3.8/site-packages/airflow/example_dags/example_skip_dag.py
[2024-04-06T23:20:45.272+0000] {processor.py:830} INFO - Processing file /home/malangdataguy/miniconda3/envs/airflow_mdg/lib/python3.8/site-packages/airflow/example_dags/example_skip_dag.py for tasks to queue
[2024-04-06T23:20:45.274+0000] {logging_mixin.py:188} INFO - [2024-04-06T23:20:45.273+0000] {dagbag.py:540} INFO - Filling up the DagBag from /home/malangdataguy/miniconda3/envs/airflow_mdg/lib/python3.8/site-packages/airflow/example_dags/example_skip_dag.py
[2024-04-06T23:20:45.285+0000] {processor.py:840} INFO - DAG(s) 'example_skip_dag' retrieved from /home/malangdataguy/miniconda3/envs/airflow_mdg/lib/python3.8/site-packages/airflow/example_dags/example_skip_dag.py
[2024-04-06T23:20:45.308+0000] {logging_mixin.py:188} INFO - [2024-04-06T23:20:45.308+0000] {dag.py:3047} INFO - Sync 1 DAGs
[2024-04-06T23:20:45.333+0000] {logging_mixin.py:188} INFO - [2024-04-06T23:20:45.333+0000] {dag.py:3834} INFO - Setting next_dagrun for example_skip_dag to 2024-04-05 00:00:00+00:00, run_after=2024-04-06 00:00:00+00:00
[2024-04-06T23:20:45.365+0000] {processor.py:183} INFO - Processing /home/malangdataguy/miniconda3/envs/airflow_mdg/lib/python3.8/site-packages/airflow/example_dags/example_skip_dag.py took 0.100 seconds
[2024-04-06T23:21:24.997+0000] {processor.py:161} INFO - Started process (PID=69121) to work on /home/malangdataguy/miniconda3/envs/airflow_mdg/lib/python3.8/site-packages/airflow/example_dags/example_skip_dag.py
[2024-04-06T23:21:25.000+0000] {processor.py:830} INFO - Processing file /home/malangdataguy/miniconda3/envs/airflow_mdg/lib/python3.8/site-packages/airflow/example_dags/example_skip_dag.py for tasks to queue
[2024-04-06T23:21:25.002+0000] {logging_mixin.py:188} INFO - [2024-04-06T23:21:25.001+0000] {dagbag.py:540} INFO - Filling up the DagBag from /home/malangdataguy/miniconda3/envs/airflow_mdg/lib/python3.8/site-packages/airflow/example_dags/example_skip_dag.py
[2024-04-06T23:21:25.013+0000] {processor.py:840} INFO - DAG(s) 'example_skip_dag' retrieved from /home/malangdataguy/miniconda3/envs/airflow_mdg/lib/python3.8/site-packages/airflow/example_dags/example_skip_dag.py
[2024-04-06T23:21:25.040+0000] {logging_mixin.py:188} INFO - [2024-04-06T23:21:25.040+0000] {dag.py:3047} INFO - Sync 1 DAGs
[2024-04-06T23:21:25.069+0000] {logging_mixin.py:188} INFO - [2024-04-06T23:21:25.069+0000] {dag.py:3834} INFO - Setting next_dagrun for example_skip_dag to 2024-04-05 00:00:00+00:00, run_after=2024-04-06 00:00:00+00:00
[2024-04-06T23:21:25.105+0000] {processor.py:183} INFO - Processing /home/malangdataguy/miniconda3/envs/airflow_mdg/lib/python3.8/site-packages/airflow/example_dags/example_skip_dag.py took 0.113 seconds
[2024-04-06T23:22:07.758+0000] {processor.py:161} INFO - Started process (PID=69162) to work on /home/malangdataguy/miniconda3/envs/airflow_mdg/lib/python3.8/site-packages/airflow/example_dags/example_skip_dag.py
[2024-04-06T23:22:07.761+0000] {processor.py:830} INFO - Processing file /home/malangdataguy/miniconda3/envs/airflow_mdg/lib/python3.8/site-packages/airflow/example_dags/example_skip_dag.py for tasks to queue
[2024-04-06T23:22:07.763+0000] {logging_mixin.py:188} INFO - [2024-04-06T23:22:07.762+0000] {dagbag.py:540} INFO - Filling up the DagBag from /home/malangdataguy/miniconda3/envs/airflow_mdg/lib/python3.8/site-packages/airflow/example_dags/example_skip_dag.py
[2024-04-06T23:22:07.775+0000] {processor.py:840} INFO - DAG(s) 'example_skip_dag' retrieved from /home/malangdataguy/miniconda3/envs/airflow_mdg/lib/python3.8/site-packages/airflow/example_dags/example_skip_dag.py
[2024-04-06T23:22:07.803+0000] {logging_mixin.py:188} INFO - [2024-04-06T23:22:07.802+0000] {dag.py:3047} INFO - Sync 1 DAGs
[2024-04-06T23:22:07.832+0000] {logging_mixin.py:188} INFO - [2024-04-06T23:22:07.832+0000] {dag.py:3834} INFO - Setting next_dagrun for example_skip_dag to 2024-04-05 00:00:00+00:00, run_after=2024-04-06 00:00:00+00:00
[2024-04-06T23:22:07.864+0000] {processor.py:183} INFO - Processing /home/malangdataguy/miniconda3/envs/airflow_mdg/lib/python3.8/site-packages/airflow/example_dags/example_skip_dag.py took 0.112 seconds
[2024-04-06T23:40:14.885+0000] {processor.py:161} INFO - Started process (PID=69276) to work on /home/malangdataguy/miniconda3/envs/airflow_mdg/lib/python3.8/site-packages/airflow/example_dags/example_skip_dag.py
[2024-04-06T23:40:14.888+0000] {processor.py:830} INFO - Processing file /home/malangdataguy/miniconda3/envs/airflow_mdg/lib/python3.8/site-packages/airflow/example_dags/example_skip_dag.py for tasks to queue
[2024-04-06T23:40:14.889+0000] {logging_mixin.py:188} INFO - [2024-04-06T23:40:14.889+0000] {dagbag.py:540} INFO - Filling up the DagBag from /home/malangdataguy/miniconda3/envs/airflow_mdg/lib/python3.8/site-packages/airflow/example_dags/example_skip_dag.py
[2024-04-06T23:40:14.905+0000] {processor.py:840} INFO - DAG(s) 'example_skip_dag' retrieved from /home/malangdataguy/miniconda3/envs/airflow_mdg/lib/python3.8/site-packages/airflow/example_dags/example_skip_dag.py
[2024-04-06T23:40:14.940+0000] {logging_mixin.py:188} INFO - [2024-04-06T23:40:14.939+0000] {dag.py:3047} INFO - Sync 1 DAGs
[2024-04-06T23:40:14.969+0000] {logging_mixin.py:188} INFO - [2024-04-06T23:40:14.968+0000] {dag.py:3834} INFO - Setting next_dagrun for example_skip_dag to 2024-04-05 00:00:00+00:00, run_after=2024-04-06 00:00:00+00:00
[2024-04-06T23:40:15.001+0000] {processor.py:183} INFO - Processing /home/malangdataguy/miniconda3/envs/airflow_mdg/lib/python3.8/site-packages/airflow/example_dags/example_skip_dag.py took 0.121 seconds
[2024-04-06T23:41:08.230+0000] {processor.py:161} INFO - Started process (PID=69326) to work on /home/malangdataguy/miniconda3/envs/airflow_mdg/lib/python3.8/site-packages/airflow/example_dags/example_skip_dag.py
[2024-04-06T23:41:08.233+0000] {processor.py:830} INFO - Processing file /home/malangdataguy/miniconda3/envs/airflow_mdg/lib/python3.8/site-packages/airflow/example_dags/example_skip_dag.py for tasks to queue
[2024-04-06T23:41:08.236+0000] {logging_mixin.py:188} INFO - [2024-04-06T23:41:08.235+0000] {dagbag.py:540} INFO - Filling up the DagBag from /home/malangdataguy/miniconda3/envs/airflow_mdg/lib/python3.8/site-packages/airflow/example_dags/example_skip_dag.py
[2024-04-06T23:41:08.248+0000] {processor.py:840} INFO - DAG(s) 'example_skip_dag' retrieved from /home/malangdataguy/miniconda3/envs/airflow_mdg/lib/python3.8/site-packages/airflow/example_dags/example_skip_dag.py
[2024-04-06T23:41:08.278+0000] {logging_mixin.py:188} INFO - [2024-04-06T23:41:08.277+0000] {dag.py:3047} INFO - Sync 1 DAGs
[2024-04-06T23:41:08.307+0000] {logging_mixin.py:188} INFO - [2024-04-06T23:41:08.306+0000] {dag.py:3834} INFO - Setting next_dagrun for example_skip_dag to 2024-04-05 00:00:00+00:00, run_after=2024-04-06 00:00:00+00:00
[2024-04-06T23:41:08.339+0000] {processor.py:183} INFO - Processing /home/malangdataguy/miniconda3/envs/airflow_mdg/lib/python3.8/site-packages/airflow/example_dags/example_skip_dag.py took 0.116 seconds
[2024-04-06T23:41:52.467+0000] {processor.py:161} INFO - Started process (PID=69368) to work on /home/malangdataguy/miniconda3/envs/airflow_mdg/lib/python3.8/site-packages/airflow/example_dags/example_skip_dag.py
[2024-04-06T23:41:52.469+0000] {processor.py:830} INFO - Processing file /home/malangdataguy/miniconda3/envs/airflow_mdg/lib/python3.8/site-packages/airflow/example_dags/example_skip_dag.py for tasks to queue
[2024-04-06T23:41:52.471+0000] {logging_mixin.py:188} INFO - [2024-04-06T23:41:52.470+0000] {dagbag.py:540} INFO - Filling up the DagBag from /home/malangdataguy/miniconda3/envs/airflow_mdg/lib/python3.8/site-packages/airflow/example_dags/example_skip_dag.py
[2024-04-06T23:41:52.483+0000] {processor.py:840} INFO - DAG(s) 'example_skip_dag' retrieved from /home/malangdataguy/miniconda3/envs/airflow_mdg/lib/python3.8/site-packages/airflow/example_dags/example_skip_dag.py
[2024-04-06T23:41:52.510+0000] {logging_mixin.py:188} INFO - [2024-04-06T23:41:52.510+0000] {dag.py:3047} INFO - Sync 1 DAGs
[2024-04-06T23:41:52.540+0000] {logging_mixin.py:188} INFO - [2024-04-06T23:41:52.539+0000] {dag.py:3834} INFO - Setting next_dagrun for example_skip_dag to 2024-04-05 00:00:00+00:00, run_after=2024-04-06 00:00:00+00:00
[2024-04-06T23:41:52.578+0000] {processor.py:183} INFO - Processing /home/malangdataguy/miniconda3/envs/airflow_mdg/lib/python3.8/site-packages/airflow/example_dags/example_skip_dag.py took 0.117 seconds
[2024-04-06T23:42:37.877+0000] {processor.py:161} INFO - Started process (PID=69412) to work on /home/malangdataguy/miniconda3/envs/airflow_mdg/lib/python3.8/site-packages/airflow/example_dags/example_skip_dag.py
[2024-04-06T23:42:37.879+0000] {processor.py:830} INFO - Processing file /home/malangdataguy/miniconda3/envs/airflow_mdg/lib/python3.8/site-packages/airflow/example_dags/example_skip_dag.py for tasks to queue
[2024-04-06T23:42:37.881+0000] {logging_mixin.py:188} INFO - [2024-04-06T23:42:37.880+0000] {dagbag.py:540} INFO - Filling up the DagBag from /home/malangdataguy/miniconda3/envs/airflow_mdg/lib/python3.8/site-packages/airflow/example_dags/example_skip_dag.py
[2024-04-06T23:42:37.894+0000] {processor.py:840} INFO - DAG(s) 'example_skip_dag' retrieved from /home/malangdataguy/miniconda3/envs/airflow_mdg/lib/python3.8/site-packages/airflow/example_dags/example_skip_dag.py
[2024-04-06T23:42:37.917+0000] {logging_mixin.py:188} INFO - [2024-04-06T23:42:37.917+0000] {dag.py:3047} INFO - Sync 1 DAGs
[2024-04-06T23:42:37.942+0000] {logging_mixin.py:188} INFO - [2024-04-06T23:42:37.941+0000] {dag.py:3834} INFO - Setting next_dagrun for example_skip_dag to 2024-04-05 00:00:00+00:00, run_after=2024-04-06 00:00:00+00:00
[2024-04-06T23:42:37.970+0000] {processor.py:183} INFO - Processing /home/malangdataguy/miniconda3/envs/airflow_mdg/lib/python3.8/site-packages/airflow/example_dags/example_skip_dag.py took 0.098 seconds
[2024-04-06T23:43:20.243+0000] {processor.py:161} INFO - Started process (PID=69456) to work on /home/malangdataguy/miniconda3/envs/airflow_mdg/lib/python3.8/site-packages/airflow/example_dags/example_skip_dag.py
[2024-04-06T23:43:20.246+0000] {processor.py:830} INFO - Processing file /home/malangdataguy/miniconda3/envs/airflow_mdg/lib/python3.8/site-packages/airflow/example_dags/example_skip_dag.py for tasks to queue
[2024-04-06T23:43:20.247+0000] {logging_mixin.py:188} INFO - [2024-04-06T23:43:20.247+0000] {dagbag.py:540} INFO - Filling up the DagBag from /home/malangdataguy/miniconda3/envs/airflow_mdg/lib/python3.8/site-packages/airflow/example_dags/example_skip_dag.py
[2024-04-06T23:43:20.258+0000] {processor.py:840} INFO - DAG(s) 'example_skip_dag' retrieved from /home/malangdataguy/miniconda3/envs/airflow_mdg/lib/python3.8/site-packages/airflow/example_dags/example_skip_dag.py
[2024-04-06T23:43:20.287+0000] {logging_mixin.py:188} INFO - [2024-04-06T23:43:20.286+0000] {dag.py:3047} INFO - Sync 1 DAGs
[2024-04-06T23:43:20.313+0000] {logging_mixin.py:188} INFO - [2024-04-06T23:43:20.312+0000] {dag.py:3834} INFO - Setting next_dagrun for example_skip_dag to 2024-04-05 00:00:00+00:00, run_after=2024-04-06 00:00:00+00:00
[2024-04-06T23:43:20.344+0000] {processor.py:183} INFO - Processing /home/malangdataguy/miniconda3/envs/airflow_mdg/lib/python3.8/site-packages/airflow/example_dags/example_skip_dag.py took 0.105 seconds
[2024-04-06T23:44:06.505+0000] {processor.py:161} INFO - Started process (PID=69515) to work on /home/malangdataguy/miniconda3/envs/airflow_mdg/lib/python3.8/site-packages/airflow/example_dags/example_skip_dag.py
[2024-04-06T23:44:06.507+0000] {processor.py:830} INFO - Processing file /home/malangdataguy/miniconda3/envs/airflow_mdg/lib/python3.8/site-packages/airflow/example_dags/example_skip_dag.py for tasks to queue
[2024-04-06T23:44:06.509+0000] {logging_mixin.py:188} INFO - [2024-04-06T23:44:06.508+0000] {dagbag.py:540} INFO - Filling up the DagBag from /home/malangdataguy/miniconda3/envs/airflow_mdg/lib/python3.8/site-packages/airflow/example_dags/example_skip_dag.py
[2024-04-06T23:44:06.520+0000] {processor.py:840} INFO - DAG(s) 'example_skip_dag' retrieved from /home/malangdataguy/miniconda3/envs/airflow_mdg/lib/python3.8/site-packages/airflow/example_dags/example_skip_dag.py
[2024-04-06T23:44:06.545+0000] {logging_mixin.py:188} INFO - [2024-04-06T23:44:06.545+0000] {dag.py:3047} INFO - Sync 1 DAGs
[2024-04-06T23:44:06.570+0000] {logging_mixin.py:188} INFO - [2024-04-06T23:44:06.569+0000] {dag.py:3834} INFO - Setting next_dagrun for example_skip_dag to 2024-04-05 00:00:00+00:00, run_after=2024-04-06 00:00:00+00:00
[2024-04-06T23:44:06.597+0000] {processor.py:183} INFO - Processing /home/malangdataguy/miniconda3/envs/airflow_mdg/lib/python3.8/site-packages/airflow/example_dags/example_skip_dag.py took 0.098 seconds
[2024-04-06T23:44:49.450+0000] {processor.py:161} INFO - Started process (PID=69561) to work on /home/malangdataguy/miniconda3/envs/airflow_mdg/lib/python3.8/site-packages/airflow/example_dags/example_skip_dag.py
[2024-04-06T23:44:49.453+0000] {processor.py:830} INFO - Processing file /home/malangdataguy/miniconda3/envs/airflow_mdg/lib/python3.8/site-packages/airflow/example_dags/example_skip_dag.py for tasks to queue
[2024-04-06T23:44:49.454+0000] {logging_mixin.py:188} INFO - [2024-04-06T23:44:49.454+0000] {dagbag.py:540} INFO - Filling up the DagBag from /home/malangdataguy/miniconda3/envs/airflow_mdg/lib/python3.8/site-packages/airflow/example_dags/example_skip_dag.py
[2024-04-06T23:44:49.465+0000] {processor.py:840} INFO - DAG(s) 'example_skip_dag' retrieved from /home/malangdataguy/miniconda3/envs/airflow_mdg/lib/python3.8/site-packages/airflow/example_dags/example_skip_dag.py
[2024-04-06T23:44:49.488+0000] {logging_mixin.py:188} INFO - [2024-04-06T23:44:49.487+0000] {dag.py:3047} INFO - Sync 1 DAGs
[2024-04-06T23:44:49.515+0000] {logging_mixin.py:188} INFO - [2024-04-06T23:44:49.514+0000] {dag.py:3834} INFO - Setting next_dagrun for example_skip_dag to 2024-04-05 00:00:00+00:00, run_after=2024-04-06 00:00:00+00:00
[2024-04-06T23:44:49.543+0000] {processor.py:183} INFO - Processing /home/malangdataguy/miniconda3/envs/airflow_mdg/lib/python3.8/site-packages/airflow/example_dags/example_skip_dag.py took 0.098 seconds
[2024-04-06T23:45:31.278+0000] {processor.py:161} INFO - Started process (PID=69606) to work on /home/malangdataguy/miniconda3/envs/airflow_mdg/lib/python3.8/site-packages/airflow/example_dags/example_skip_dag.py
[2024-04-06T23:45:31.280+0000] {processor.py:830} INFO - Processing file /home/malangdataguy/miniconda3/envs/airflow_mdg/lib/python3.8/site-packages/airflow/example_dags/example_skip_dag.py for tasks to queue
[2024-04-06T23:45:31.282+0000] {logging_mixin.py:188} INFO - [2024-04-06T23:45:31.281+0000] {dagbag.py:540} INFO - Filling up the DagBag from /home/malangdataguy/miniconda3/envs/airflow_mdg/lib/python3.8/site-packages/airflow/example_dags/example_skip_dag.py
[2024-04-06T23:45:31.294+0000] {processor.py:840} INFO - DAG(s) 'example_skip_dag' retrieved from /home/malangdataguy/miniconda3/envs/airflow_mdg/lib/python3.8/site-packages/airflow/example_dags/example_skip_dag.py
[2024-04-06T23:45:31.321+0000] {logging_mixin.py:188} INFO - [2024-04-06T23:45:31.320+0000] {dag.py:3047} INFO - Sync 1 DAGs
[2024-04-06T23:45:31.350+0000] {logging_mixin.py:188} INFO - [2024-04-06T23:45:31.349+0000] {dag.py:3834} INFO - Setting next_dagrun for example_skip_dag to 2024-04-05 00:00:00+00:00, run_after=2024-04-06 00:00:00+00:00
[2024-04-06T23:45:31.383+0000] {processor.py:183} INFO - Processing /home/malangdataguy/miniconda3/envs/airflow_mdg/lib/python3.8/site-packages/airflow/example_dags/example_skip_dag.py took 0.111 seconds
[2024-04-06T23:46:12.875+0000] {processor.py:161} INFO - Started process (PID=69650) to work on /home/malangdataguy/miniconda3/envs/airflow_mdg/lib/python3.8/site-packages/airflow/example_dags/example_skip_dag.py
[2024-04-06T23:46:12.877+0000] {processor.py:830} INFO - Processing file /home/malangdataguy/miniconda3/envs/airflow_mdg/lib/python3.8/site-packages/airflow/example_dags/example_skip_dag.py for tasks to queue
[2024-04-06T23:46:12.879+0000] {logging_mixin.py:188} INFO - [2024-04-06T23:46:12.878+0000] {dagbag.py:540} INFO - Filling up the DagBag from /home/malangdataguy/miniconda3/envs/airflow_mdg/lib/python3.8/site-packages/airflow/example_dags/example_skip_dag.py
[2024-04-06T23:46:12.890+0000] {processor.py:840} INFO - DAG(s) 'example_skip_dag' retrieved from /home/malangdataguy/miniconda3/envs/airflow_mdg/lib/python3.8/site-packages/airflow/example_dags/example_skip_dag.py
[2024-04-06T23:46:12.913+0000] {logging_mixin.py:188} INFO - [2024-04-06T23:46:12.912+0000] {dag.py:3047} INFO - Sync 1 DAGs
[2024-04-06T23:46:12.937+0000] {logging_mixin.py:188} INFO - [2024-04-06T23:46:12.937+0000] {dag.py:3834} INFO - Setting next_dagrun for example_skip_dag to 2024-04-05 00:00:00+00:00, run_after=2024-04-06 00:00:00+00:00
[2024-04-06T23:46:12.966+0000] {processor.py:183} INFO - Processing /home/malangdataguy/miniconda3/envs/airflow_mdg/lib/python3.8/site-packages/airflow/example_dags/example_skip_dag.py took 0.096 seconds
[2024-04-06T23:46:51.658+0000] {processor.py:161} INFO - Started process (PID=69718) to work on /home/malangdataguy/miniconda3/envs/airflow_mdg/lib/python3.8/site-packages/airflow/example_dags/example_skip_dag.py
[2024-04-06T23:46:51.661+0000] {processor.py:830} INFO - Processing file /home/malangdataguy/miniconda3/envs/airflow_mdg/lib/python3.8/site-packages/airflow/example_dags/example_skip_dag.py for tasks to queue
[2024-04-06T23:46:51.662+0000] {logging_mixin.py:188} INFO - [2024-04-06T23:46:51.662+0000] {dagbag.py:540} INFO - Filling up the DagBag from /home/malangdataguy/miniconda3/envs/airflow_mdg/lib/python3.8/site-packages/airflow/example_dags/example_skip_dag.py
[2024-04-06T23:46:51.672+0000] {processor.py:840} INFO - DAG(s) 'example_skip_dag' retrieved from /home/malangdataguy/miniconda3/envs/airflow_mdg/lib/python3.8/site-packages/airflow/example_dags/example_skip_dag.py
[2024-04-06T23:46:51.695+0000] {logging_mixin.py:188} INFO - [2024-04-06T23:46:51.694+0000] {dag.py:3047} INFO - Sync 1 DAGs
[2024-04-06T23:46:51.718+0000] {logging_mixin.py:188} INFO - [2024-04-06T23:46:51.718+0000] {dag.py:3834} INFO - Setting next_dagrun for example_skip_dag to 2024-04-05 00:00:00+00:00, run_after=2024-04-06 00:00:00+00:00
[2024-04-06T23:46:51.746+0000] {processor.py:183} INFO - Processing /home/malangdataguy/miniconda3/envs/airflow_mdg/lib/python3.8/site-packages/airflow/example_dags/example_skip_dag.py took 0.092 seconds
[2024-04-06T23:47:30.694+0000] {processor.py:161} INFO - Started process (PID=69762) to work on /home/malangdataguy/miniconda3/envs/airflow_mdg/lib/python3.8/site-packages/airflow/example_dags/example_skip_dag.py
[2024-04-06T23:47:30.696+0000] {processor.py:830} INFO - Processing file /home/malangdataguy/miniconda3/envs/airflow_mdg/lib/python3.8/site-packages/airflow/example_dags/example_skip_dag.py for tasks to queue
[2024-04-06T23:47:30.697+0000] {logging_mixin.py:188} INFO - [2024-04-06T23:47:30.697+0000] {dagbag.py:540} INFO - Filling up the DagBag from /home/malangdataguy/miniconda3/envs/airflow_mdg/lib/python3.8/site-packages/airflow/example_dags/example_skip_dag.py
[2024-04-06T23:47:30.708+0000] {processor.py:840} INFO - DAG(s) 'example_skip_dag' retrieved from /home/malangdataguy/miniconda3/envs/airflow_mdg/lib/python3.8/site-packages/airflow/example_dags/example_skip_dag.py
[2024-04-06T23:47:30.731+0000] {logging_mixin.py:188} INFO - [2024-04-06T23:47:30.730+0000] {dag.py:3047} INFO - Sync 1 DAGs
[2024-04-06T23:47:30.755+0000] {logging_mixin.py:188} INFO - [2024-04-06T23:47:30.754+0000] {dag.py:3834} INFO - Setting next_dagrun for example_skip_dag to 2024-04-05 00:00:00+00:00, run_after=2024-04-06 00:00:00+00:00
[2024-04-06T23:47:30.782+0000] {processor.py:183} INFO - Processing /home/malangdataguy/miniconda3/envs/airflow_mdg/lib/python3.8/site-packages/airflow/example_dags/example_skip_dag.py took 0.093 seconds
[2024-04-06T23:48:14.116+0000] {processor.py:161} INFO - Started process (PID=69809) to work on /home/malangdataguy/miniconda3/envs/airflow_mdg/lib/python3.8/site-packages/airflow/example_dags/example_skip_dag.py
[2024-04-06T23:48:14.118+0000] {processor.py:830} INFO - Processing file /home/malangdataguy/miniconda3/envs/airflow_mdg/lib/python3.8/site-packages/airflow/example_dags/example_skip_dag.py for tasks to queue
[2024-04-06T23:48:14.120+0000] {logging_mixin.py:188} INFO - [2024-04-06T23:48:14.119+0000] {dagbag.py:540} INFO - Filling up the DagBag from /home/malangdataguy/miniconda3/envs/airflow_mdg/lib/python3.8/site-packages/airflow/example_dags/example_skip_dag.py
[2024-04-06T23:48:14.130+0000] {processor.py:840} INFO - DAG(s) 'example_skip_dag' retrieved from /home/malangdataguy/miniconda3/envs/airflow_mdg/lib/python3.8/site-packages/airflow/example_dags/example_skip_dag.py
[2024-04-06T23:48:14.154+0000] {logging_mixin.py:188} INFO - [2024-04-06T23:48:14.154+0000] {dag.py:3047} INFO - Sync 1 DAGs
[2024-04-06T23:48:14.178+0000] {logging_mixin.py:188} INFO - [2024-04-06T23:48:14.178+0000] {dag.py:3834} INFO - Setting next_dagrun for example_skip_dag to 2024-04-05 00:00:00+00:00, run_after=2024-04-06 00:00:00+00:00
[2024-04-06T23:48:14.206+0000] {processor.py:183} INFO - Processing /home/malangdataguy/miniconda3/envs/airflow_mdg/lib/python3.8/site-packages/airflow/example_dags/example_skip_dag.py took 0.095 seconds
[2024-04-06T23:48:55.181+0000] {processor.py:161} INFO - Started process (PID=69851) to work on /home/malangdataguy/miniconda3/envs/airflow_mdg/lib/python3.8/site-packages/airflow/example_dags/example_skip_dag.py
[2024-04-06T23:48:55.183+0000] {processor.py:830} INFO - Processing file /home/malangdataguy/miniconda3/envs/airflow_mdg/lib/python3.8/site-packages/airflow/example_dags/example_skip_dag.py for tasks to queue
[2024-04-06T23:48:55.185+0000] {logging_mixin.py:188} INFO - [2024-04-06T23:48:55.184+0000] {dagbag.py:540} INFO - Filling up the DagBag from /home/malangdataguy/miniconda3/envs/airflow_mdg/lib/python3.8/site-packages/airflow/example_dags/example_skip_dag.py
[2024-04-06T23:48:55.196+0000] {processor.py:840} INFO - DAG(s) 'example_skip_dag' retrieved from /home/malangdataguy/miniconda3/envs/airflow_mdg/lib/python3.8/site-packages/airflow/example_dags/example_skip_dag.py
[2024-04-06T23:48:55.220+0000] {logging_mixin.py:188} INFO - [2024-04-06T23:48:55.220+0000] {dag.py:3047} INFO - Sync 1 DAGs
[2024-04-06T23:48:55.245+0000] {logging_mixin.py:188} INFO - [2024-04-06T23:48:55.245+0000] {dag.py:3834} INFO - Setting next_dagrun for example_skip_dag to 2024-04-05 00:00:00+00:00, run_after=2024-04-06 00:00:00+00:00
[2024-04-06T23:48:55.273+0000] {processor.py:183} INFO - Processing /home/malangdataguy/miniconda3/envs/airflow_mdg/lib/python3.8/site-packages/airflow/example_dags/example_skip_dag.py took 0.097 seconds
[2024-04-06T23:49:38.946+0000] {processor.py:161} INFO - Started process (PID=69894) to work on /home/malangdataguy/miniconda3/envs/airflow_mdg/lib/python3.8/site-packages/airflow/example_dags/example_skip_dag.py
[2024-04-06T23:49:38.948+0000] {processor.py:830} INFO - Processing file /home/malangdataguy/miniconda3/envs/airflow_mdg/lib/python3.8/site-packages/airflow/example_dags/example_skip_dag.py for tasks to queue
[2024-04-06T23:49:38.950+0000] {logging_mixin.py:188} INFO - [2024-04-06T23:49:38.949+0000] {dagbag.py:540} INFO - Filling up the DagBag from /home/malangdataguy/miniconda3/envs/airflow_mdg/lib/python3.8/site-packages/airflow/example_dags/example_skip_dag.py
[2024-04-06T23:49:38.961+0000] {processor.py:840} INFO - DAG(s) 'example_skip_dag' retrieved from /home/malangdataguy/miniconda3/envs/airflow_mdg/lib/python3.8/site-packages/airflow/example_dags/example_skip_dag.py
[2024-04-06T23:49:38.985+0000] {logging_mixin.py:188} INFO - [2024-04-06T23:49:38.984+0000] {dag.py:3047} INFO - Sync 1 DAGs
[2024-04-06T23:49:39.010+0000] {logging_mixin.py:188} INFO - [2024-04-06T23:49:39.010+0000] {dag.py:3834} INFO - Setting next_dagrun for example_skip_dag to 2024-04-05 00:00:00+00:00, run_after=2024-04-06 00:00:00+00:00
[2024-04-06T23:49:39.042+0000] {processor.py:183} INFO - Processing /home/malangdataguy/miniconda3/envs/airflow_mdg/lib/python3.8/site-packages/airflow/example_dags/example_skip_dag.py took 0.101 seconds
[2024-04-06T23:50:17.274+0000] {processor.py:161} INFO - Started process (PID=69936) to work on /home/malangdataguy/miniconda3/envs/airflow_mdg/lib/python3.8/site-packages/airflow/example_dags/example_skip_dag.py
[2024-04-06T23:50:17.277+0000] {processor.py:830} INFO - Processing file /home/malangdataguy/miniconda3/envs/airflow_mdg/lib/python3.8/site-packages/airflow/example_dags/example_skip_dag.py for tasks to queue
[2024-04-06T23:50:17.279+0000] {logging_mixin.py:188} INFO - [2024-04-06T23:50:17.278+0000] {dagbag.py:540} INFO - Filling up the DagBag from /home/malangdataguy/miniconda3/envs/airflow_mdg/lib/python3.8/site-packages/airflow/example_dags/example_skip_dag.py
[2024-04-06T23:50:17.291+0000] {processor.py:840} INFO - DAG(s) 'example_skip_dag' retrieved from /home/malangdataguy/miniconda3/envs/airflow_mdg/lib/python3.8/site-packages/airflow/example_dags/example_skip_dag.py
[2024-04-06T23:50:17.320+0000] {logging_mixin.py:188} INFO - [2024-04-06T23:50:17.319+0000] {dag.py:3047} INFO - Sync 1 DAGs
[2024-04-06T23:50:17.350+0000] {logging_mixin.py:188} INFO - [2024-04-06T23:50:17.350+0000] {dag.py:3834} INFO - Setting next_dagrun for example_skip_dag to 2024-04-05 00:00:00+00:00, run_after=2024-04-06 00:00:00+00:00
[2024-04-06T23:50:17.382+0000] {processor.py:183} INFO - Processing /home/malangdataguy/miniconda3/envs/airflow_mdg/lib/python3.8/site-packages/airflow/example_dags/example_skip_dag.py took 0.114 seconds
[2024-04-06T23:50:58.157+0000] {processor.py:161} INFO - Started process (PID=69975) to work on /home/malangdataguy/miniconda3/envs/airflow_mdg/lib/python3.8/site-packages/airflow/example_dags/example_skip_dag.py
[2024-04-06T23:50:58.159+0000] {processor.py:830} INFO - Processing file /home/malangdataguy/miniconda3/envs/airflow_mdg/lib/python3.8/site-packages/airflow/example_dags/example_skip_dag.py for tasks to queue
[2024-04-06T23:50:58.161+0000] {logging_mixin.py:188} INFO - [2024-04-06T23:50:58.160+0000] {dagbag.py:540} INFO - Filling up the DagBag from /home/malangdataguy/miniconda3/envs/airflow_mdg/lib/python3.8/site-packages/airflow/example_dags/example_skip_dag.py
[2024-04-06T23:50:58.172+0000] {processor.py:840} INFO - DAG(s) 'example_skip_dag' retrieved from /home/malangdataguy/miniconda3/envs/airflow_mdg/lib/python3.8/site-packages/airflow/example_dags/example_skip_dag.py
[2024-04-06T23:50:58.197+0000] {logging_mixin.py:188} INFO - [2024-04-06T23:50:58.196+0000] {dag.py:3047} INFO - Sync 1 DAGs
[2024-04-06T23:50:58.222+0000] {logging_mixin.py:188} INFO - [2024-04-06T23:50:58.222+0000] {dag.py:3834} INFO - Setting next_dagrun for example_skip_dag to 2024-04-05 00:00:00+00:00, run_after=2024-04-06 00:00:00+00:00
[2024-04-06T23:50:58.250+0000] {processor.py:183} INFO - Processing /home/malangdataguy/miniconda3/envs/airflow_mdg/lib/python3.8/site-packages/airflow/example_dags/example_skip_dag.py took 0.098 seconds
[2024-04-06T23:51:40.966+0000] {processor.py:161} INFO - Started process (PID=70020) to work on /home/malangdataguy/miniconda3/envs/airflow_mdg/lib/python3.8/site-packages/airflow/example_dags/example_skip_dag.py
[2024-04-06T23:51:40.969+0000] {processor.py:830} INFO - Processing file /home/malangdataguy/miniconda3/envs/airflow_mdg/lib/python3.8/site-packages/airflow/example_dags/example_skip_dag.py for tasks to queue
[2024-04-06T23:51:40.970+0000] {logging_mixin.py:188} INFO - [2024-04-06T23:51:40.969+0000] {dagbag.py:540} INFO - Filling up the DagBag from /home/malangdataguy/miniconda3/envs/airflow_mdg/lib/python3.8/site-packages/airflow/example_dags/example_skip_dag.py
[2024-04-06T23:51:40.983+0000] {processor.py:840} INFO - DAG(s) 'example_skip_dag' retrieved from /home/malangdataguy/miniconda3/envs/airflow_mdg/lib/python3.8/site-packages/airflow/example_dags/example_skip_dag.py
[2024-04-06T23:51:41.011+0000] {logging_mixin.py:188} INFO - [2024-04-06T23:51:41.011+0000] {dag.py:3047} INFO - Sync 1 DAGs
[2024-04-06T23:51:41.040+0000] {logging_mixin.py:188} INFO - [2024-04-06T23:51:41.039+0000] {dag.py:3834} INFO - Setting next_dagrun for example_skip_dag to 2024-04-05 00:00:00+00:00, run_after=2024-04-06 00:00:00+00:00
[2024-04-06T23:51:41.079+0000] {processor.py:183} INFO - Processing /home/malangdataguy/miniconda3/envs/airflow_mdg/lib/python3.8/site-packages/airflow/example_dags/example_skip_dag.py took 0.119 seconds
[2024-04-06T23:52:25.273+0000] {processor.py:161} INFO - Started process (PID=70066) to work on /home/malangdataguy/miniconda3/envs/airflow_mdg/lib/python3.8/site-packages/airflow/example_dags/example_skip_dag.py
[2024-04-06T23:52:25.276+0000] {processor.py:830} INFO - Processing file /home/malangdataguy/miniconda3/envs/airflow_mdg/lib/python3.8/site-packages/airflow/example_dags/example_skip_dag.py for tasks to queue
[2024-04-06T23:52:25.278+0000] {logging_mixin.py:188} INFO - [2024-04-06T23:52:25.277+0000] {dagbag.py:540} INFO - Filling up the DagBag from /home/malangdataguy/miniconda3/envs/airflow_mdg/lib/python3.8/site-packages/airflow/example_dags/example_skip_dag.py
[2024-04-06T23:52:25.290+0000] {processor.py:840} INFO - DAG(s) 'example_skip_dag' retrieved from /home/malangdataguy/miniconda3/envs/airflow_mdg/lib/python3.8/site-packages/airflow/example_dags/example_skip_dag.py
[2024-04-06T23:52:25.324+0000] {logging_mixin.py:188} INFO - [2024-04-06T23:52:25.324+0000] {dag.py:3047} INFO - Sync 1 DAGs
[2024-04-06T23:52:25.357+0000] {logging_mixin.py:188} INFO - [2024-04-06T23:52:25.357+0000] {dag.py:3834} INFO - Setting next_dagrun for example_skip_dag to 2024-04-05 00:00:00+00:00, run_after=2024-04-06 00:00:00+00:00
[2024-04-06T23:52:25.393+0000] {processor.py:183} INFO - Processing /home/malangdataguy/miniconda3/envs/airflow_mdg/lib/python3.8/site-packages/airflow/example_dags/example_skip_dag.py took 0.125 seconds
[2024-04-06T23:53:08.601+0000] {processor.py:161} INFO - Started process (PID=70108) to work on /home/malangdataguy/miniconda3/envs/airflow_mdg/lib/python3.8/site-packages/airflow/example_dags/example_skip_dag.py
[2024-04-06T23:53:08.603+0000] {processor.py:830} INFO - Processing file /home/malangdataguy/miniconda3/envs/airflow_mdg/lib/python3.8/site-packages/airflow/example_dags/example_skip_dag.py for tasks to queue
[2024-04-06T23:53:08.605+0000] {logging_mixin.py:188} INFO - [2024-04-06T23:53:08.604+0000] {dagbag.py:540} INFO - Filling up the DagBag from /home/malangdataguy/miniconda3/envs/airflow_mdg/lib/python3.8/site-packages/airflow/example_dags/example_skip_dag.py
[2024-04-06T23:53:08.616+0000] {processor.py:840} INFO - DAG(s) 'example_skip_dag' retrieved from /home/malangdataguy/miniconda3/envs/airflow_mdg/lib/python3.8/site-packages/airflow/example_dags/example_skip_dag.py
[2024-04-06T23:53:08.643+0000] {logging_mixin.py:188} INFO - [2024-04-06T23:53:08.643+0000] {dag.py:3047} INFO - Sync 1 DAGs
[2024-04-06T23:53:08.670+0000] {logging_mixin.py:188} INFO - [2024-04-06T23:53:08.669+0000] {dag.py:3834} INFO - Setting next_dagrun for example_skip_dag to 2024-04-05 00:00:00+00:00, run_after=2024-04-06 00:00:00+00:00
[2024-04-06T23:53:08.704+0000] {processor.py:183} INFO - Processing /home/malangdataguy/miniconda3/envs/airflow_mdg/lib/python3.8/site-packages/airflow/example_dags/example_skip_dag.py took 0.108 seconds
[2024-04-06T23:53:53.464+0000] {processor.py:161} INFO - Started process (PID=70169) to work on /home/malangdataguy/miniconda3/envs/airflow_mdg/lib/python3.8/site-packages/airflow/example_dags/example_skip_dag.py
[2024-04-06T23:53:53.467+0000] {processor.py:830} INFO - Processing file /home/malangdataguy/miniconda3/envs/airflow_mdg/lib/python3.8/site-packages/airflow/example_dags/example_skip_dag.py for tasks to queue
[2024-04-06T23:53:53.469+0000] {logging_mixin.py:188} INFO - [2024-04-06T23:53:53.468+0000] {dagbag.py:540} INFO - Filling up the DagBag from /home/malangdataguy/miniconda3/envs/airflow_mdg/lib/python3.8/site-packages/airflow/example_dags/example_skip_dag.py
[2024-04-06T23:53:53.480+0000] {processor.py:840} INFO - DAG(s) 'example_skip_dag' retrieved from /home/malangdataguy/miniconda3/envs/airflow_mdg/lib/python3.8/site-packages/airflow/example_dags/example_skip_dag.py
[2024-04-06T23:53:53.506+0000] {logging_mixin.py:188} INFO - [2024-04-06T23:53:53.506+0000] {dag.py:3047} INFO - Sync 1 DAGs
[2024-04-06T23:53:53.532+0000] {logging_mixin.py:188} INFO - [2024-04-06T23:53:53.531+0000] {dag.py:3834} INFO - Setting next_dagrun for example_skip_dag to 2024-04-05 00:00:00+00:00, run_after=2024-04-06 00:00:00+00:00
[2024-04-06T23:53:53.561+0000] {processor.py:183} INFO - Processing /home/malangdataguy/miniconda3/envs/airflow_mdg/lib/python3.8/site-packages/airflow/example_dags/example_skip_dag.py took 0.101 seconds
[2024-04-06T23:54:36.140+0000] {processor.py:161} INFO - Started process (PID=70235) to work on /home/malangdataguy/miniconda3/envs/airflow_mdg/lib/python3.8/site-packages/airflow/example_dags/example_skip_dag.py
[2024-04-06T23:54:36.143+0000] {processor.py:830} INFO - Processing file /home/malangdataguy/miniconda3/envs/airflow_mdg/lib/python3.8/site-packages/airflow/example_dags/example_skip_dag.py for tasks to queue
[2024-04-06T23:54:36.145+0000] {logging_mixin.py:188} INFO - [2024-04-06T23:54:36.144+0000] {dagbag.py:540} INFO - Filling up the DagBag from /home/malangdataguy/miniconda3/envs/airflow_mdg/lib/python3.8/site-packages/airflow/example_dags/example_skip_dag.py
[2024-04-06T23:54:36.158+0000] {processor.py:840} INFO - DAG(s) 'example_skip_dag' retrieved from /home/malangdataguy/miniconda3/envs/airflow_mdg/lib/python3.8/site-packages/airflow/example_dags/example_skip_dag.py
[2024-04-06T23:54:36.187+0000] {logging_mixin.py:188} INFO - [2024-04-06T23:54:36.186+0000] {dag.py:3047} INFO - Sync 1 DAGs
[2024-04-06T23:54:36.218+0000] {logging_mixin.py:188} INFO - [2024-04-06T23:54:36.218+0000] {dag.py:3834} INFO - Setting next_dagrun for example_skip_dag to 2024-04-05 00:00:00+00:00, run_after=2024-04-06 00:00:00+00:00
[2024-04-06T23:54:36.255+0000] {processor.py:183} INFO - Processing /home/malangdataguy/miniconda3/envs/airflow_mdg/lib/python3.8/site-packages/airflow/example_dags/example_skip_dag.py took 0.120 seconds
[2024-04-06T23:55:18.846+0000] {processor.py:161} INFO - Started process (PID=70276) to work on /home/malangdataguy/miniconda3/envs/airflow_mdg/lib/python3.8/site-packages/airflow/example_dags/example_skip_dag.py
[2024-04-06T23:55:18.849+0000] {processor.py:830} INFO - Processing file /home/malangdataguy/miniconda3/envs/airflow_mdg/lib/python3.8/site-packages/airflow/example_dags/example_skip_dag.py for tasks to queue
[2024-04-06T23:55:18.850+0000] {logging_mixin.py:188} INFO - [2024-04-06T23:55:18.850+0000] {dagbag.py:540} INFO - Filling up the DagBag from /home/malangdataguy/miniconda3/envs/airflow_mdg/lib/python3.8/site-packages/airflow/example_dags/example_skip_dag.py
[2024-04-06T23:55:18.863+0000] {processor.py:840} INFO - DAG(s) 'example_skip_dag' retrieved from /home/malangdataguy/miniconda3/envs/airflow_mdg/lib/python3.8/site-packages/airflow/example_dags/example_skip_dag.py
[2024-04-06T23:55:18.892+0000] {logging_mixin.py:188} INFO - [2024-04-06T23:55:18.892+0000] {dag.py:3047} INFO - Sync 1 DAGs
[2024-04-06T23:55:18.921+0000] {logging_mixin.py:188} INFO - [2024-04-06T23:55:18.920+0000] {dag.py:3834} INFO - Setting next_dagrun for example_skip_dag to 2024-04-05 00:00:00+00:00, run_after=2024-04-06 00:00:00+00:00
[2024-04-06T23:55:18.955+0000] {processor.py:183} INFO - Processing /home/malangdataguy/miniconda3/envs/airflow_mdg/lib/python3.8/site-packages/airflow/example_dags/example_skip_dag.py took 0.115 seconds
[2024-04-06T23:56:01.416+0000] {processor.py:161} INFO - Started process (PID=70319) to work on /home/malangdataguy/miniconda3/envs/airflow_mdg/lib/python3.8/site-packages/airflow/example_dags/example_skip_dag.py
[2024-04-06T23:56:01.419+0000] {processor.py:830} INFO - Processing file /home/malangdataguy/miniconda3/envs/airflow_mdg/lib/python3.8/site-packages/airflow/example_dags/example_skip_dag.py for tasks to queue
[2024-04-06T23:56:01.421+0000] {logging_mixin.py:188} INFO - [2024-04-06T23:56:01.420+0000] {dagbag.py:540} INFO - Filling up the DagBag from /home/malangdataguy/miniconda3/envs/airflow_mdg/lib/python3.8/site-packages/airflow/example_dags/example_skip_dag.py
[2024-04-06T23:56:01.434+0000] {processor.py:840} INFO - DAG(s) 'example_skip_dag' retrieved from /home/malangdataguy/miniconda3/envs/airflow_mdg/lib/python3.8/site-packages/airflow/example_dags/example_skip_dag.py
[2024-04-06T23:56:01.463+0000] {logging_mixin.py:188} INFO - [2024-04-06T23:56:01.463+0000] {dag.py:3047} INFO - Sync 1 DAGs
[2024-04-06T23:56:01.494+0000] {logging_mixin.py:188} INFO - [2024-04-06T23:56:01.493+0000] {dag.py:3834} INFO - Setting next_dagrun for example_skip_dag to 2024-04-05 00:00:00+00:00, run_after=2024-04-06 00:00:00+00:00
[2024-04-06T23:56:01.529+0000] {processor.py:183} INFO - Processing /home/malangdataguy/miniconda3/envs/airflow_mdg/lib/python3.8/site-packages/airflow/example_dags/example_skip_dag.py took 0.119 seconds
