[2024-04-06T23:09:49.633+0000] {processor.py:161} INFO - Started process (PID=68399) to work on /home/malangdataguy/miniconda3/envs/airflow_mdg/lib/python3.8/site-packages/airflow/example_dags/example_bash_operator.py
[2024-04-06T23:09:49.635+0000] {processor.py:830} INFO - Processing file /home/malangdataguy/miniconda3/envs/airflow_mdg/lib/python3.8/site-packages/airflow/example_dags/example_bash_operator.py for tasks to queue
[2024-04-06T23:09:49.636+0000] {logging_mixin.py:188} INFO - [2024-04-06T23:09:49.635+0000] {dagbag.py:540} INFO - Filling up the DagBag from /home/malangdataguy/miniconda3/envs/airflow_mdg/lib/python3.8/site-packages/airflow/example_dags/example_bash_operator.py
[2024-04-06T23:09:49.660+0000] {processor.py:840} INFO - DAG(s) 'example_bash_operator' retrieved from /home/malangdataguy/miniconda3/envs/airflow_mdg/lib/python3.8/site-packages/airflow/example_dags/example_bash_operator.py
[2024-04-06T23:09:49.796+0000] {logging_mixin.py:188} INFO - [2024-04-06T23:09:49.796+0000] {dag.py:3047} INFO - Sync 1 DAGs
[2024-04-06T23:09:49.823+0000] {logging_mixin.py:188} INFO - [2024-04-06T23:09:49.823+0000] {dag.py:3834} INFO - Setting next_dagrun for example_bash_operator to 2024-04-05 00:00:00+00:00, run_after=2024-04-06 00:00:00+00:00
[2024-04-06T23:09:49.856+0000] {processor.py:183} INFO - Processing /home/malangdataguy/miniconda3/envs/airflow_mdg/lib/python3.8/site-packages/airflow/example_dags/example_bash_operator.py took 0.228 seconds
[2024-04-06T23:10:42.533+0000] {processor.py:161} INFO - Started process (PID=68449) to work on /home/malangdataguy/miniconda3/envs/airflow_mdg/lib/python3.8/site-packages/airflow/example_dags/example_bash_operator.py
[2024-04-06T23:10:42.535+0000] {processor.py:830} INFO - Processing file /home/malangdataguy/miniconda3/envs/airflow_mdg/lib/python3.8/site-packages/airflow/example_dags/example_bash_operator.py for tasks to queue
[2024-04-06T23:10:42.536+0000] {logging_mixin.py:188} INFO - [2024-04-06T23:10:42.536+0000] {dagbag.py:540} INFO - Filling up the DagBag from /home/malangdataguy/miniconda3/envs/airflow_mdg/lib/python3.8/site-packages/airflow/example_dags/example_bash_operator.py
[2024-04-06T23:10:42.553+0000] {processor.py:840} INFO - DAG(s) 'example_bash_operator' retrieved from /home/malangdataguy/miniconda3/envs/airflow_mdg/lib/python3.8/site-packages/airflow/example_dags/example_bash_operator.py
[2024-04-06T23:10:42.585+0000] {logging_mixin.py:188} INFO - [2024-04-06T23:10:42.585+0000] {dag.py:3047} INFO - Sync 1 DAGs
[2024-04-06T23:10:42.612+0000] {logging_mixin.py:188} INFO - [2024-04-06T23:10:42.611+0000] {dag.py:3834} INFO - Setting next_dagrun for example_bash_operator to 2024-04-05 00:00:00+00:00, run_after=2024-04-06 00:00:00+00:00
[2024-04-06T23:10:42.641+0000] {processor.py:183} INFO - Processing /home/malangdataguy/miniconda3/envs/airflow_mdg/lib/python3.8/site-packages/airflow/example_dags/example_bash_operator.py took 0.114 seconds
[2024-04-06T23:11:41.835+0000] {processor.py:161} INFO - Started process (PID=68520) to work on /home/malangdataguy/miniconda3/envs/airflow_mdg/lib/python3.8/site-packages/airflow/example_dags/example_bash_operator.py
[2024-04-06T23:11:41.838+0000] {processor.py:830} INFO - Processing file /home/malangdataguy/miniconda3/envs/airflow_mdg/lib/python3.8/site-packages/airflow/example_dags/example_bash_operator.py for tasks to queue
[2024-04-06T23:11:41.840+0000] {logging_mixin.py:188} INFO - [2024-04-06T23:11:41.839+0000] {dagbag.py:540} INFO - Filling up the DagBag from /home/malangdataguy/miniconda3/envs/airflow_mdg/lib/python3.8/site-packages/airflow/example_dags/example_bash_operator.py
[2024-04-06T23:11:41.859+0000] {processor.py:840} INFO - DAG(s) 'example_bash_operator' retrieved from /home/malangdataguy/miniconda3/envs/airflow_mdg/lib/python3.8/site-packages/airflow/example_dags/example_bash_operator.py
[2024-04-06T23:11:41.894+0000] {logging_mixin.py:188} INFO - [2024-04-06T23:11:41.894+0000] {dag.py:3047} INFO - Sync 1 DAGs
[2024-04-06T23:11:41.922+0000] {logging_mixin.py:188} INFO - [2024-04-06T23:11:41.922+0000] {dag.py:3834} INFO - Setting next_dagrun for example_bash_operator to 2024-04-05 00:00:00+00:00, run_after=2024-04-06 00:00:00+00:00
[2024-04-06T23:11:41.956+0000] {processor.py:183} INFO - Processing /home/malangdataguy/miniconda3/envs/airflow_mdg/lib/python3.8/site-packages/airflow/example_dags/example_bash_operator.py took 0.126 seconds
[2024-04-06T23:12:47.998+0000] {processor.py:161} INFO - Started process (PID=68585) to work on /home/malangdataguy/miniconda3/envs/airflow_mdg/lib/python3.8/site-packages/airflow/example_dags/example_bash_operator.py
[2024-04-06T23:12:48.001+0000] {processor.py:830} INFO - Processing file /home/malangdataguy/miniconda3/envs/airflow_mdg/lib/python3.8/site-packages/airflow/example_dags/example_bash_operator.py for tasks to queue
[2024-04-06T23:12:48.003+0000] {logging_mixin.py:188} INFO - [2024-04-06T23:12:48.002+0000] {dagbag.py:540} INFO - Filling up the DagBag from /home/malangdataguy/miniconda3/envs/airflow_mdg/lib/python3.8/site-packages/airflow/example_dags/example_bash_operator.py
[2024-04-06T23:12:48.021+0000] {processor.py:840} INFO - DAG(s) 'example_bash_operator' retrieved from /home/malangdataguy/miniconda3/envs/airflow_mdg/lib/python3.8/site-packages/airflow/example_dags/example_bash_operator.py
[2024-04-06T23:12:48.056+0000] {logging_mixin.py:188} INFO - [2024-04-06T23:12:48.055+0000] {dag.py:3047} INFO - Sync 1 DAGs
[2024-04-06T23:12:48.084+0000] {logging_mixin.py:188} INFO - [2024-04-06T23:12:48.084+0000] {dag.py:3834} INFO - Setting next_dagrun for example_bash_operator to 2024-04-05 00:00:00+00:00, run_after=2024-04-06 00:00:00+00:00
[2024-04-06T23:12:48.118+0000] {processor.py:183} INFO - Processing /home/malangdataguy/miniconda3/envs/airflow_mdg/lib/python3.8/site-packages/airflow/example_dags/example_bash_operator.py took 0.128 seconds
[2024-04-06T23:13:48.803+0000] {processor.py:161} INFO - Started process (PID=68650) to work on /home/malangdataguy/miniconda3/envs/airflow_mdg/lib/python3.8/site-packages/airflow/example_dags/example_bash_operator.py
[2024-04-06T23:13:48.806+0000] {processor.py:830} INFO - Processing file /home/malangdataguy/miniconda3/envs/airflow_mdg/lib/python3.8/site-packages/airflow/example_dags/example_bash_operator.py for tasks to queue
[2024-04-06T23:13:48.807+0000] {logging_mixin.py:188} INFO - [2024-04-06T23:13:48.807+0000] {dagbag.py:540} INFO - Filling up the DagBag from /home/malangdataguy/miniconda3/envs/airflow_mdg/lib/python3.8/site-packages/airflow/example_dags/example_bash_operator.py
[2024-04-06T23:13:48.826+0000] {processor.py:840} INFO - DAG(s) 'example_bash_operator' retrieved from /home/malangdataguy/miniconda3/envs/airflow_mdg/lib/python3.8/site-packages/airflow/example_dags/example_bash_operator.py
[2024-04-06T23:13:48.862+0000] {logging_mixin.py:188} INFO - [2024-04-06T23:13:48.862+0000] {dag.py:3047} INFO - Sync 1 DAGs
[2024-04-06T23:13:48.891+0000] {logging_mixin.py:188} INFO - [2024-04-06T23:13:48.891+0000] {dag.py:3834} INFO - Setting next_dagrun for example_bash_operator to 2024-04-05 00:00:00+00:00, run_after=2024-04-06 00:00:00+00:00
[2024-04-06T23:13:48.923+0000] {processor.py:183} INFO - Processing /home/malangdataguy/miniconda3/envs/airflow_mdg/lib/python3.8/site-packages/airflow/example_dags/example_bash_operator.py took 0.126 seconds
[2024-04-06T23:14:53.447+0000] {processor.py:161} INFO - Started process (PID=68713) to work on /home/malangdataguy/miniconda3/envs/airflow_mdg/lib/python3.8/site-packages/airflow/example_dags/example_bash_operator.py
[2024-04-06T23:14:53.450+0000] {processor.py:830} INFO - Processing file /home/malangdataguy/miniconda3/envs/airflow_mdg/lib/python3.8/site-packages/airflow/example_dags/example_bash_operator.py for tasks to queue
[2024-04-06T23:14:53.452+0000] {logging_mixin.py:188} INFO - [2024-04-06T23:14:53.451+0000] {dagbag.py:540} INFO - Filling up the DagBag from /home/malangdataguy/miniconda3/envs/airflow_mdg/lib/python3.8/site-packages/airflow/example_dags/example_bash_operator.py
[2024-04-06T23:14:53.471+0000] {processor.py:840} INFO - DAG(s) 'example_bash_operator' retrieved from /home/malangdataguy/miniconda3/envs/airflow_mdg/lib/python3.8/site-packages/airflow/example_dags/example_bash_operator.py
[2024-04-06T23:14:53.507+0000] {logging_mixin.py:188} INFO - [2024-04-06T23:14:53.507+0000] {dag.py:3047} INFO - Sync 1 DAGs
[2024-04-06T23:14:53.536+0000] {logging_mixin.py:188} INFO - [2024-04-06T23:14:53.536+0000] {dag.py:3834} INFO - Setting next_dagrun for example_bash_operator to 2024-04-05 00:00:00+00:00, run_after=2024-04-06 00:00:00+00:00
[2024-04-06T23:14:53.567+0000] {processor.py:183} INFO - Processing /home/malangdataguy/miniconda3/envs/airflow_mdg/lib/python3.8/site-packages/airflow/example_dags/example_bash_operator.py took 0.126 seconds
[2024-04-06T23:15:50.075+0000] {processor.py:161} INFO - Started process (PID=68772) to work on /home/malangdataguy/miniconda3/envs/airflow_mdg/lib/python3.8/site-packages/airflow/example_dags/example_bash_operator.py
[2024-04-06T23:15:50.078+0000] {processor.py:830} INFO - Processing file /home/malangdataguy/miniconda3/envs/airflow_mdg/lib/python3.8/site-packages/airflow/example_dags/example_bash_operator.py for tasks to queue
[2024-04-06T23:15:50.080+0000] {logging_mixin.py:188} INFO - [2024-04-06T23:15:50.079+0000] {dagbag.py:540} INFO - Filling up the DagBag from /home/malangdataguy/miniconda3/envs/airflow_mdg/lib/python3.8/site-packages/airflow/example_dags/example_bash_operator.py
[2024-04-06T23:15:50.102+0000] {processor.py:840} INFO - DAG(s) 'example_bash_operator' retrieved from /home/malangdataguy/miniconda3/envs/airflow_mdg/lib/python3.8/site-packages/airflow/example_dags/example_bash_operator.py
[2024-04-06T23:15:50.146+0000] {logging_mixin.py:188} INFO - [2024-04-06T23:15:50.146+0000] {dag.py:3047} INFO - Sync 1 DAGs
[2024-04-06T23:15:50.182+0000] {logging_mixin.py:188} INFO - [2024-04-06T23:15:50.182+0000] {dag.py:3834} INFO - Setting next_dagrun for example_bash_operator to 2024-04-05 00:00:00+00:00, run_after=2024-04-06 00:00:00+00:00
[2024-04-06T23:15:50.221+0000] {processor.py:183} INFO - Processing /home/malangdataguy/miniconda3/envs/airflow_mdg/lib/python3.8/site-packages/airflow/example_dags/example_bash_operator.py took 0.152 seconds
[2024-04-06T23:16:46.171+0000] {processor.py:161} INFO - Started process (PID=68832) to work on /home/malangdataguy/miniconda3/envs/airflow_mdg/lib/python3.8/site-packages/airflow/example_dags/example_bash_operator.py
[2024-04-06T23:16:46.174+0000] {processor.py:830} INFO - Processing file /home/malangdataguy/miniconda3/envs/airflow_mdg/lib/python3.8/site-packages/airflow/example_dags/example_bash_operator.py for tasks to queue
[2024-04-06T23:16:46.176+0000] {logging_mixin.py:188} INFO - [2024-04-06T23:16:46.175+0000] {dagbag.py:540} INFO - Filling up the DagBag from /home/malangdataguy/miniconda3/envs/airflow_mdg/lib/python3.8/site-packages/airflow/example_dags/example_bash_operator.py
[2024-04-06T23:16:46.194+0000] {processor.py:840} INFO - DAG(s) 'example_bash_operator' retrieved from /home/malangdataguy/miniconda3/envs/airflow_mdg/lib/python3.8/site-packages/airflow/example_dags/example_bash_operator.py
[2024-04-06T23:16:46.230+0000] {logging_mixin.py:188} INFO - [2024-04-06T23:16:46.229+0000] {dag.py:3047} INFO - Sync 1 DAGs
[2024-04-06T23:16:46.258+0000] {logging_mixin.py:188} INFO - [2024-04-06T23:16:46.258+0000] {dag.py:3834} INFO - Setting next_dagrun for example_bash_operator to 2024-04-05 00:00:00+00:00, run_after=2024-04-06 00:00:00+00:00
[2024-04-06T23:16:46.291+0000] {processor.py:183} INFO - Processing /home/malangdataguy/miniconda3/envs/airflow_mdg/lib/python3.8/site-packages/airflow/example_dags/example_bash_operator.py took 0.125 seconds
[2024-04-06T23:17:49.575+0000] {processor.py:161} INFO - Started process (PID=68904) to work on /home/malangdataguy/miniconda3/envs/airflow_mdg/lib/python3.8/site-packages/airflow/example_dags/example_bash_operator.py
[2024-04-06T23:17:49.578+0000] {processor.py:830} INFO - Processing file /home/malangdataguy/miniconda3/envs/airflow_mdg/lib/python3.8/site-packages/airflow/example_dags/example_bash_operator.py for tasks to queue
[2024-04-06T23:17:49.580+0000] {logging_mixin.py:188} INFO - [2024-04-06T23:17:49.579+0000] {dagbag.py:540} INFO - Filling up the DagBag from /home/malangdataguy/miniconda3/envs/airflow_mdg/lib/python3.8/site-packages/airflow/example_dags/example_bash_operator.py
[2024-04-06T23:17:49.599+0000] {processor.py:840} INFO - DAG(s) 'example_bash_operator' retrieved from /home/malangdataguy/miniconda3/envs/airflow_mdg/lib/python3.8/site-packages/airflow/example_dags/example_bash_operator.py
[2024-04-06T23:17:49.638+0000] {logging_mixin.py:188} INFO - [2024-04-06T23:17:49.638+0000] {dag.py:3047} INFO - Sync 1 DAGs
[2024-04-06T23:17:49.670+0000] {logging_mixin.py:188} INFO - [2024-04-06T23:17:49.669+0000] {dag.py:3834} INFO - Setting next_dagrun for example_bash_operator to 2024-04-05 00:00:00+00:00, run_after=2024-04-06 00:00:00+00:00
[2024-04-06T23:17:49.706+0000] {processor.py:183} INFO - Processing /home/malangdataguy/miniconda3/envs/airflow_mdg/lib/python3.8/site-packages/airflow/example_dags/example_bash_operator.py took 0.137 seconds
[2024-04-06T23:18:52.289+0000] {processor.py:161} INFO - Started process (PID=68967) to work on /home/malangdataguy/miniconda3/envs/airflow_mdg/lib/python3.8/site-packages/airflow/example_dags/example_bash_operator.py
[2024-04-06T23:18:52.291+0000] {processor.py:830} INFO - Processing file /home/malangdataguy/miniconda3/envs/airflow_mdg/lib/python3.8/site-packages/airflow/example_dags/example_bash_operator.py for tasks to queue
[2024-04-06T23:18:52.292+0000] {logging_mixin.py:188} INFO - [2024-04-06T23:18:52.292+0000] {dagbag.py:540} INFO - Filling up the DagBag from /home/malangdataguy/miniconda3/envs/airflow_mdg/lib/python3.8/site-packages/airflow/example_dags/example_bash_operator.py
[2024-04-06T23:18:52.308+0000] {processor.py:840} INFO - DAG(s) 'example_bash_operator' retrieved from /home/malangdataguy/miniconda3/envs/airflow_mdg/lib/python3.8/site-packages/airflow/example_dags/example_bash_operator.py
[2024-04-06T23:18:52.342+0000] {logging_mixin.py:188} INFO - [2024-04-06T23:18:52.342+0000] {dag.py:3047} INFO - Sync 1 DAGs
[2024-04-06T23:18:52.368+0000] {logging_mixin.py:188} INFO - [2024-04-06T23:18:52.368+0000] {dag.py:3834} INFO - Setting next_dagrun for example_bash_operator to 2024-04-05 00:00:00+00:00, run_after=2024-04-06 00:00:00+00:00
[2024-04-06T23:18:52.396+0000] {processor.py:183} INFO - Processing /home/malangdataguy/miniconda3/envs/airflow_mdg/lib/python3.8/site-packages/airflow/example_dags/example_bash_operator.py took 0.112 seconds
[2024-04-06T23:19:58.264+0000] {processor.py:161} INFO - Started process (PID=69032) to work on /home/malangdataguy/miniconda3/envs/airflow_mdg/lib/python3.8/site-packages/airflow/example_dags/example_bash_operator.py
[2024-04-06T23:19:58.266+0000] {processor.py:830} INFO - Processing file /home/malangdataguy/miniconda3/envs/airflow_mdg/lib/python3.8/site-packages/airflow/example_dags/example_bash_operator.py for tasks to queue
[2024-04-06T23:19:58.268+0000] {logging_mixin.py:188} INFO - [2024-04-06T23:19:58.267+0000] {dagbag.py:540} INFO - Filling up the DagBag from /home/malangdataguy/miniconda3/envs/airflow_mdg/lib/python3.8/site-packages/airflow/example_dags/example_bash_operator.py
[2024-04-06T23:19:58.286+0000] {processor.py:840} INFO - DAG(s) 'example_bash_operator' retrieved from /home/malangdataguy/miniconda3/envs/airflow_mdg/lib/python3.8/site-packages/airflow/example_dags/example_bash_operator.py
[2024-04-06T23:19:58.317+0000] {logging_mixin.py:188} INFO - [2024-04-06T23:19:58.317+0000] {dag.py:3047} INFO - Sync 1 DAGs
[2024-04-06T23:19:58.344+0000] {logging_mixin.py:188} INFO - [2024-04-06T23:19:58.344+0000] {dag.py:3834} INFO - Setting next_dagrun for example_bash_operator to 2024-04-05 00:00:00+00:00, run_after=2024-04-06 00:00:00+00:00
[2024-04-06T23:19:58.373+0000] {processor.py:183} INFO - Processing /home/malangdataguy/miniconda3/envs/airflow_mdg/lib/python3.8/site-packages/airflow/example_dags/example_bash_operator.py took 0.115 seconds
[2024-04-06T23:21:05.291+0000] {processor.py:161} INFO - Started process (PID=69100) to work on /home/malangdataguy/miniconda3/envs/airflow_mdg/lib/python3.8/site-packages/airflow/example_dags/example_bash_operator.py
[2024-04-06T23:21:05.294+0000] {processor.py:830} INFO - Processing file /home/malangdataguy/miniconda3/envs/airflow_mdg/lib/python3.8/site-packages/airflow/example_dags/example_bash_operator.py for tasks to queue
[2024-04-06T23:21:05.295+0000] {logging_mixin.py:188} INFO - [2024-04-06T23:21:05.294+0000] {dagbag.py:540} INFO - Filling up the DagBag from /home/malangdataguy/miniconda3/envs/airflow_mdg/lib/python3.8/site-packages/airflow/example_dags/example_bash_operator.py
[2024-04-06T23:21:05.311+0000] {processor.py:840} INFO - DAG(s) 'example_bash_operator' retrieved from /home/malangdataguy/miniconda3/envs/airflow_mdg/lib/python3.8/site-packages/airflow/example_dags/example_bash_operator.py
[2024-04-06T23:21:05.342+0000] {logging_mixin.py:188} INFO - [2024-04-06T23:21:05.342+0000] {dag.py:3047} INFO - Sync 1 DAGs
[2024-04-06T23:21:05.370+0000] {logging_mixin.py:188} INFO - [2024-04-06T23:21:05.370+0000] {dag.py:3834} INFO - Setting next_dagrun for example_bash_operator to 2024-04-05 00:00:00+00:00, run_after=2024-04-06 00:00:00+00:00
[2024-04-06T23:21:05.398+0000] {processor.py:183} INFO - Processing /home/malangdataguy/miniconda3/envs/airflow_mdg/lib/python3.8/site-packages/airflow/example_dags/example_bash_operator.py took 0.111 seconds
[2024-04-06T23:22:06.503+0000] {processor.py:161} INFO - Started process (PID=69161) to work on /home/malangdataguy/miniconda3/envs/airflow_mdg/lib/python3.8/site-packages/airflow/example_dags/example_bash_operator.py
[2024-04-06T23:22:06.506+0000] {processor.py:830} INFO - Processing file /home/malangdataguy/miniconda3/envs/airflow_mdg/lib/python3.8/site-packages/airflow/example_dags/example_bash_operator.py for tasks to queue
[2024-04-06T23:22:06.507+0000] {logging_mixin.py:188} INFO - [2024-04-06T23:22:06.507+0000] {dagbag.py:540} INFO - Filling up the DagBag from /home/malangdataguy/miniconda3/envs/airflow_mdg/lib/python3.8/site-packages/airflow/example_dags/example_bash_operator.py
[2024-04-06T23:22:06.525+0000] {processor.py:840} INFO - DAG(s) 'example_bash_operator' retrieved from /home/malangdataguy/miniconda3/envs/airflow_mdg/lib/python3.8/site-packages/airflow/example_dags/example_bash_operator.py
[2024-04-06T23:22:06.557+0000] {logging_mixin.py:188} INFO - [2024-04-06T23:22:06.557+0000] {dag.py:3047} INFO - Sync 1 DAGs
[2024-04-06T23:22:06.586+0000] {logging_mixin.py:188} INFO - [2024-04-06T23:22:06.586+0000] {dag.py:3834} INFO - Setting next_dagrun for example_bash_operator to 2024-04-05 00:00:00+00:00, run_after=2024-04-06 00:00:00+00:00
[2024-04-06T23:22:06.615+0000] {processor.py:183} INFO - Processing /home/malangdataguy/miniconda3/envs/airflow_mdg/lib/python3.8/site-packages/airflow/example_dags/example_bash_operator.py took 0.117 seconds
[2024-04-06T23:40:55.905+0000] {processor.py:161} INFO - Started process (PID=69312) to work on /home/malangdataguy/miniconda3/envs/airflow_mdg/lib/python3.8/site-packages/airflow/example_dags/example_bash_operator.py
[2024-04-06T23:40:55.908+0000] {processor.py:830} INFO - Processing file /home/malangdataguy/miniconda3/envs/airflow_mdg/lib/python3.8/site-packages/airflow/example_dags/example_bash_operator.py for tasks to queue
[2024-04-06T23:40:55.910+0000] {logging_mixin.py:188} INFO - [2024-04-06T23:40:55.909+0000] {dagbag.py:540} INFO - Filling up the DagBag from /home/malangdataguy/miniconda3/envs/airflow_mdg/lib/python3.8/site-packages/airflow/example_dags/example_bash_operator.py
[2024-04-06T23:40:55.929+0000] {processor.py:840} INFO - DAG(s) 'example_bash_operator' retrieved from /home/malangdataguy/miniconda3/envs/airflow_mdg/lib/python3.8/site-packages/airflow/example_dags/example_bash_operator.py
[2024-04-06T23:40:55.964+0000] {logging_mixin.py:188} INFO - [2024-04-06T23:40:55.964+0000] {dag.py:3047} INFO - Sync 1 DAGs
[2024-04-06T23:40:55.995+0000] {logging_mixin.py:188} INFO - [2024-04-06T23:40:55.995+0000] {dag.py:3834} INFO - Setting next_dagrun for example_bash_operator to 2024-04-05 00:00:00+00:00, run_after=2024-04-06 00:00:00+00:00
[2024-04-06T23:40:56.028+0000] {processor.py:183} INFO - Processing /home/malangdataguy/miniconda3/envs/airflow_mdg/lib/python3.8/site-packages/airflow/example_dags/example_bash_operator.py took 0.128 seconds
[2024-04-06T23:42:02.622+0000] {processor.py:161} INFO - Started process (PID=69377) to work on /home/malangdataguy/miniconda3/envs/airflow_mdg/lib/python3.8/site-packages/airflow/example_dags/example_bash_operator.py
[2024-04-06T23:42:02.624+0000] {processor.py:830} INFO - Processing file /home/malangdataguy/miniconda3/envs/airflow_mdg/lib/python3.8/site-packages/airflow/example_dags/example_bash_operator.py for tasks to queue
[2024-04-06T23:42:02.626+0000] {logging_mixin.py:188} INFO - [2024-04-06T23:42:02.625+0000] {dagbag.py:540} INFO - Filling up the DagBag from /home/malangdataguy/miniconda3/envs/airflow_mdg/lib/python3.8/site-packages/airflow/example_dags/example_bash_operator.py
[2024-04-06T23:42:02.647+0000] {processor.py:840} INFO - DAG(s) 'example_bash_operator' retrieved from /home/malangdataguy/miniconda3/envs/airflow_mdg/lib/python3.8/site-packages/airflow/example_dags/example_bash_operator.py
[2024-04-06T23:42:02.682+0000] {logging_mixin.py:188} INFO - [2024-04-06T23:42:02.682+0000] {dag.py:3047} INFO - Sync 1 DAGs
[2024-04-06T23:42:02.713+0000] {logging_mixin.py:188} INFO - [2024-04-06T23:42:02.713+0000] {dag.py:3834} INFO - Setting next_dagrun for example_bash_operator to 2024-04-05 00:00:00+00:00, run_after=2024-04-06 00:00:00+00:00
[2024-04-06T23:42:02.747+0000] {processor.py:183} INFO - Processing /home/malangdataguy/miniconda3/envs/airflow_mdg/lib/python3.8/site-packages/airflow/example_dags/example_bash_operator.py took 0.131 seconds
[2024-04-06T23:43:07.736+0000] {processor.py:161} INFO - Started process (PID=69442) to work on /home/malangdataguy/miniconda3/envs/airflow_mdg/lib/python3.8/site-packages/airflow/example_dags/example_bash_operator.py
[2024-04-06T23:43:07.739+0000] {processor.py:830} INFO - Processing file /home/malangdataguy/miniconda3/envs/airflow_mdg/lib/python3.8/site-packages/airflow/example_dags/example_bash_operator.py for tasks to queue
[2024-04-06T23:43:07.740+0000] {logging_mixin.py:188} INFO - [2024-04-06T23:43:07.739+0000] {dagbag.py:540} INFO - Filling up the DagBag from /home/malangdataguy/miniconda3/envs/airflow_mdg/lib/python3.8/site-packages/airflow/example_dags/example_bash_operator.py
[2024-04-06T23:43:07.756+0000] {processor.py:840} INFO - DAG(s) 'example_bash_operator' retrieved from /home/malangdataguy/miniconda3/envs/airflow_mdg/lib/python3.8/site-packages/airflow/example_dags/example_bash_operator.py
[2024-04-06T23:43:07.788+0000] {logging_mixin.py:188} INFO - [2024-04-06T23:43:07.787+0000] {dag.py:3047} INFO - Sync 1 DAGs
[2024-04-06T23:43:07.816+0000] {logging_mixin.py:188} INFO - [2024-04-06T23:43:07.816+0000] {dag.py:3834} INFO - Setting next_dagrun for example_bash_operator to 2024-04-05 00:00:00+00:00, run_after=2024-04-06 00:00:00+00:00
[2024-04-06T23:43:07.845+0000] {processor.py:183} INFO - Processing /home/malangdataguy/miniconda3/envs/airflow_mdg/lib/python3.8/site-packages/airflow/example_dags/example_bash_operator.py took 0.113 seconds
[2024-04-06T23:44:15.634+0000] {processor.py:161} INFO - Started process (PID=69524) to work on /home/malangdataguy/miniconda3/envs/airflow_mdg/lib/python3.8/site-packages/airflow/example_dags/example_bash_operator.py
[2024-04-06T23:44:15.636+0000] {processor.py:830} INFO - Processing file /home/malangdataguy/miniconda3/envs/airflow_mdg/lib/python3.8/site-packages/airflow/example_dags/example_bash_operator.py for tasks to queue
[2024-04-06T23:44:15.638+0000] {logging_mixin.py:188} INFO - [2024-04-06T23:44:15.637+0000] {dagbag.py:540} INFO - Filling up the DagBag from /home/malangdataguy/miniconda3/envs/airflow_mdg/lib/python3.8/site-packages/airflow/example_dags/example_bash_operator.py
[2024-04-06T23:44:15.656+0000] {processor.py:840} INFO - DAG(s) 'example_bash_operator' retrieved from /home/malangdataguy/miniconda3/envs/airflow_mdg/lib/python3.8/site-packages/airflow/example_dags/example_bash_operator.py
[2024-04-06T23:44:15.691+0000] {logging_mixin.py:188} INFO - [2024-04-06T23:44:15.691+0000] {dag.py:3047} INFO - Sync 1 DAGs
[2024-04-06T23:44:15.720+0000] {logging_mixin.py:188} INFO - [2024-04-06T23:44:15.719+0000] {dag.py:3834} INFO - Setting next_dagrun for example_bash_operator to 2024-04-05 00:00:00+00:00, run_after=2024-04-06 00:00:00+00:00
[2024-04-06T23:44:15.752+0000] {processor.py:183} INFO - Processing /home/malangdataguy/miniconda3/envs/airflow_mdg/lib/python3.8/site-packages/airflow/example_dags/example_bash_operator.py took 0.124 seconds
[2024-04-06T23:45:19.202+0000] {processor.py:161} INFO - Started process (PID=69592) to work on /home/malangdataguy/miniconda3/envs/airflow_mdg/lib/python3.8/site-packages/airflow/example_dags/example_bash_operator.py
[2024-04-06T23:45:19.204+0000] {processor.py:830} INFO - Processing file /home/malangdataguy/miniconda3/envs/airflow_mdg/lib/python3.8/site-packages/airflow/example_dags/example_bash_operator.py for tasks to queue
[2024-04-06T23:45:19.206+0000] {logging_mixin.py:188} INFO - [2024-04-06T23:45:19.205+0000] {dagbag.py:540} INFO - Filling up the DagBag from /home/malangdataguy/miniconda3/envs/airflow_mdg/lib/python3.8/site-packages/airflow/example_dags/example_bash_operator.py
[2024-04-06T23:45:19.225+0000] {processor.py:840} INFO - DAG(s) 'example_bash_operator' retrieved from /home/malangdataguy/miniconda3/envs/airflow_mdg/lib/python3.8/site-packages/airflow/example_dags/example_bash_operator.py
[2024-04-06T23:45:19.260+0000] {logging_mixin.py:188} INFO - [2024-04-06T23:45:19.260+0000] {dag.py:3047} INFO - Sync 1 DAGs
[2024-04-06T23:45:19.288+0000] {logging_mixin.py:188} INFO - [2024-04-06T23:45:19.288+0000] {dag.py:3834} INFO - Setting next_dagrun for example_bash_operator to 2024-04-05 00:00:00+00:00, run_after=2024-04-06 00:00:00+00:00
[2024-04-06T23:45:19.321+0000] {processor.py:183} INFO - Processing /home/malangdataguy/miniconda3/envs/airflow_mdg/lib/python3.8/site-packages/airflow/example_dags/example_bash_operator.py took 0.125 seconds
[2024-04-06T23:46:21.769+0000] {processor.py:161} INFO - Started process (PID=69658) to work on /home/malangdataguy/miniconda3/envs/airflow_mdg/lib/python3.8/site-packages/airflow/example_dags/example_bash_operator.py
[2024-04-06T23:46:21.771+0000] {processor.py:830} INFO - Processing file /home/malangdataguy/miniconda3/envs/airflow_mdg/lib/python3.8/site-packages/airflow/example_dags/example_bash_operator.py for tasks to queue
[2024-04-06T23:46:21.772+0000] {logging_mixin.py:188} INFO - [2024-04-06T23:46:21.772+0000] {dagbag.py:540} INFO - Filling up the DagBag from /home/malangdataguy/miniconda3/envs/airflow_mdg/lib/python3.8/site-packages/airflow/example_dags/example_bash_operator.py
[2024-04-06T23:46:21.789+0000] {processor.py:840} INFO - DAG(s) 'example_bash_operator' retrieved from /home/malangdataguy/miniconda3/envs/airflow_mdg/lib/python3.8/site-packages/airflow/example_dags/example_bash_operator.py
[2024-04-06T23:46:21.821+0000] {logging_mixin.py:188} INFO - [2024-04-06T23:46:21.821+0000] {dag.py:3047} INFO - Sync 1 DAGs
[2024-04-06T23:46:21.846+0000] {logging_mixin.py:188} INFO - [2024-04-06T23:46:21.846+0000] {dag.py:3834} INFO - Setting next_dagrun for example_bash_operator to 2024-04-05 00:00:00+00:00, run_after=2024-04-06 00:00:00+00:00
[2024-04-06T23:46:21.873+0000] {processor.py:183} INFO - Processing /home/malangdataguy/miniconda3/envs/airflow_mdg/lib/python3.8/site-packages/airflow/example_dags/example_bash_operator.py took 0.109 seconds
[2024-04-06T23:47:18.040+0000] {processor.py:161} INFO - Started process (PID=69748) to work on /home/malangdataguy/miniconda3/envs/airflow_mdg/lib/python3.8/site-packages/airflow/example_dags/example_bash_operator.py
[2024-04-06T23:47:18.042+0000] {processor.py:830} INFO - Processing file /home/malangdataguy/miniconda3/envs/airflow_mdg/lib/python3.8/site-packages/airflow/example_dags/example_bash_operator.py for tasks to queue
[2024-04-06T23:47:18.044+0000] {logging_mixin.py:188} INFO - [2024-04-06T23:47:18.043+0000] {dagbag.py:540} INFO - Filling up the DagBag from /home/malangdataguy/miniconda3/envs/airflow_mdg/lib/python3.8/site-packages/airflow/example_dags/example_bash_operator.py
[2024-04-06T23:47:18.060+0000] {processor.py:840} INFO - DAG(s) 'example_bash_operator' retrieved from /home/malangdataguy/miniconda3/envs/airflow_mdg/lib/python3.8/site-packages/airflow/example_dags/example_bash_operator.py
[2024-04-06T23:47:18.091+0000] {logging_mixin.py:188} INFO - [2024-04-06T23:47:18.091+0000] {dag.py:3047} INFO - Sync 1 DAGs
[2024-04-06T23:47:18.118+0000] {logging_mixin.py:188} INFO - [2024-04-06T23:47:18.118+0000] {dag.py:3834} INFO - Setting next_dagrun for example_bash_operator to 2024-04-05 00:00:00+00:00, run_after=2024-04-06 00:00:00+00:00
[2024-04-06T23:47:18.145+0000] {processor.py:183} INFO - Processing /home/malangdataguy/miniconda3/envs/airflow_mdg/lib/python3.8/site-packages/airflow/example_dags/example_bash_operator.py took 0.110 seconds
[2024-04-06T23:48:21.463+0000] {processor.py:161} INFO - Started process (PID=69817) to work on /home/malangdataguy/miniconda3/envs/airflow_mdg/lib/python3.8/site-packages/airflow/example_dags/example_bash_operator.py
[2024-04-06T23:48:21.466+0000] {processor.py:830} INFO - Processing file /home/malangdataguy/miniconda3/envs/airflow_mdg/lib/python3.8/site-packages/airflow/example_dags/example_bash_operator.py for tasks to queue
[2024-04-06T23:48:21.467+0000] {logging_mixin.py:188} INFO - [2024-04-06T23:48:21.467+0000] {dagbag.py:540} INFO - Filling up the DagBag from /home/malangdataguy/miniconda3/envs/airflow_mdg/lib/python3.8/site-packages/airflow/example_dags/example_bash_operator.py
[2024-04-06T23:48:21.484+0000] {processor.py:840} INFO - DAG(s) 'example_bash_operator' retrieved from /home/malangdataguy/miniconda3/envs/airflow_mdg/lib/python3.8/site-packages/airflow/example_dags/example_bash_operator.py
[2024-04-06T23:48:21.515+0000] {logging_mixin.py:188} INFO - [2024-04-06T23:48:21.515+0000] {dag.py:3047} INFO - Sync 1 DAGs
[2024-04-06T23:48:21.541+0000] {logging_mixin.py:188} INFO - [2024-04-06T23:48:21.541+0000] {dag.py:3834} INFO - Setting next_dagrun for example_bash_operator to 2024-04-05 00:00:00+00:00, run_after=2024-04-06 00:00:00+00:00
[2024-04-06T23:48:21.569+0000] {processor.py:183} INFO - Processing /home/malangdataguy/miniconda3/envs/airflow_mdg/lib/python3.8/site-packages/airflow/example_dags/example_bash_operator.py took 0.111 seconds
[2024-04-06T23:49:27.038+0000] {processor.py:161} INFO - Started process (PID=69880) to work on /home/malangdataguy/miniconda3/envs/airflow_mdg/lib/python3.8/site-packages/airflow/example_dags/example_bash_operator.py
[2024-04-06T23:49:27.041+0000] {processor.py:830} INFO - Processing file /home/malangdataguy/miniconda3/envs/airflow_mdg/lib/python3.8/site-packages/airflow/example_dags/example_bash_operator.py for tasks to queue
[2024-04-06T23:49:27.042+0000] {logging_mixin.py:188} INFO - [2024-04-06T23:49:27.042+0000] {dagbag.py:540} INFO - Filling up the DagBag from /home/malangdataguy/miniconda3/envs/airflow_mdg/lib/python3.8/site-packages/airflow/example_dags/example_bash_operator.py
[2024-04-06T23:49:27.062+0000] {processor.py:840} INFO - DAG(s) 'example_bash_operator' retrieved from /home/malangdataguy/miniconda3/envs/airflow_mdg/lib/python3.8/site-packages/airflow/example_dags/example_bash_operator.py
[2024-04-06T23:49:27.096+0000] {logging_mixin.py:188} INFO - [2024-04-06T23:49:27.096+0000] {dag.py:3047} INFO - Sync 1 DAGs
[2024-04-06T23:49:27.123+0000] {logging_mixin.py:188} INFO - [2024-04-06T23:49:27.122+0000] {dag.py:3834} INFO - Setting next_dagrun for example_bash_operator to 2024-04-05 00:00:00+00:00, run_after=2024-04-06 00:00:00+00:00
[2024-04-06T23:49:27.151+0000] {processor.py:183} INFO - Processing /home/malangdataguy/miniconda3/envs/airflow_mdg/lib/python3.8/site-packages/airflow/example_dags/example_bash_operator.py took 0.119 seconds
[2024-04-06T23:50:22.908+0000] {processor.py:161} INFO - Started process (PID=69941) to work on /home/malangdataguy/miniconda3/envs/airflow_mdg/lib/python3.8/site-packages/airflow/example_dags/example_bash_operator.py
[2024-04-06T23:50:22.910+0000] {processor.py:830} INFO - Processing file /home/malangdataguy/miniconda3/envs/airflow_mdg/lib/python3.8/site-packages/airflow/example_dags/example_bash_operator.py for tasks to queue
[2024-04-06T23:50:22.912+0000] {logging_mixin.py:188} INFO - [2024-04-06T23:50:22.911+0000] {dagbag.py:540} INFO - Filling up the DagBag from /home/malangdataguy/miniconda3/envs/airflow_mdg/lib/python3.8/site-packages/airflow/example_dags/example_bash_operator.py
[2024-04-06T23:50:22.931+0000] {processor.py:840} INFO - DAG(s) 'example_bash_operator' retrieved from /home/malangdataguy/miniconda3/envs/airflow_mdg/lib/python3.8/site-packages/airflow/example_dags/example_bash_operator.py
[2024-04-06T23:50:22.966+0000] {logging_mixin.py:188} INFO - [2024-04-06T23:50:22.965+0000] {dag.py:3047} INFO - Sync 1 DAGs
[2024-04-06T23:50:22.995+0000] {logging_mixin.py:188} INFO - [2024-04-06T23:50:22.995+0000] {dag.py:3834} INFO - Setting next_dagrun for example_bash_operator to 2024-04-05 00:00:00+00:00, run_after=2024-04-06 00:00:00+00:00
[2024-04-06T23:50:23.024+0000] {processor.py:183} INFO - Processing /home/malangdataguy/miniconda3/envs/airflow_mdg/lib/python3.8/site-packages/airflow/example_dags/example_bash_operator.py took 0.122 seconds
[2024-04-06T23:51:27.808+0000] {processor.py:161} INFO - Started process (PID=70006) to work on /home/malangdataguy/miniconda3/envs/airflow_mdg/lib/python3.8/site-packages/airflow/example_dags/example_bash_operator.py
[2024-04-06T23:51:27.810+0000] {processor.py:830} INFO - Processing file /home/malangdataguy/miniconda3/envs/airflow_mdg/lib/python3.8/site-packages/airflow/example_dags/example_bash_operator.py for tasks to queue
[2024-04-06T23:51:27.812+0000] {logging_mixin.py:188} INFO - [2024-04-06T23:51:27.811+0000] {dagbag.py:540} INFO - Filling up the DagBag from /home/malangdataguy/miniconda3/envs/airflow_mdg/lib/python3.8/site-packages/airflow/example_dags/example_bash_operator.py
[2024-04-06T23:51:27.829+0000] {processor.py:840} INFO - DAG(s) 'example_bash_operator' retrieved from /home/malangdataguy/miniconda3/envs/airflow_mdg/lib/python3.8/site-packages/airflow/example_dags/example_bash_operator.py
[2024-04-06T23:51:27.868+0000] {logging_mixin.py:188} INFO - [2024-04-06T23:51:27.867+0000] {dag.py:3047} INFO - Sync 1 DAGs
[2024-04-06T23:51:27.895+0000] {logging_mixin.py:188} INFO - [2024-04-06T23:51:27.895+0000] {dag.py:3834} INFO - Setting next_dagrun for example_bash_operator to 2024-04-05 00:00:00+00:00, run_after=2024-04-06 00:00:00+00:00
[2024-04-06T23:51:27.926+0000] {processor.py:183} INFO - Processing /home/malangdataguy/miniconda3/envs/airflow_mdg/lib/python3.8/site-packages/airflow/example_dags/example_bash_operator.py took 0.123 seconds
[2024-04-06T23:52:32.835+0000] {processor.py:161} INFO - Started process (PID=70074) to work on /home/malangdataguy/miniconda3/envs/airflow_mdg/lib/python3.8/site-packages/airflow/example_dags/example_bash_operator.py
[2024-04-06T23:52:32.838+0000] {processor.py:830} INFO - Processing file /home/malangdataguy/miniconda3/envs/airflow_mdg/lib/python3.8/site-packages/airflow/example_dags/example_bash_operator.py for tasks to queue
[2024-04-06T23:52:32.840+0000] {logging_mixin.py:188} INFO - [2024-04-06T23:52:32.839+0000] {dagbag.py:540} INFO - Filling up the DagBag from /home/malangdataguy/miniconda3/envs/airflow_mdg/lib/python3.8/site-packages/airflow/example_dags/example_bash_operator.py
[2024-04-06T23:52:32.859+0000] {processor.py:840} INFO - DAG(s) 'example_bash_operator' retrieved from /home/malangdataguy/miniconda3/envs/airflow_mdg/lib/python3.8/site-packages/airflow/example_dags/example_bash_operator.py
[2024-04-06T23:52:32.898+0000] {logging_mixin.py:188} INFO - [2024-04-06T23:52:32.897+0000] {dag.py:3047} INFO - Sync 1 DAGs
[2024-04-06T23:52:32.928+0000] {logging_mixin.py:188} INFO - [2024-04-06T23:52:32.927+0000] {dag.py:3834} INFO - Setting next_dagrun for example_bash_operator to 2024-04-05 00:00:00+00:00, run_after=2024-04-06 00:00:00+00:00
[2024-04-06T23:52:32.963+0000] {processor.py:183} INFO - Processing /home/malangdataguy/miniconda3/envs/airflow_mdg/lib/python3.8/site-packages/airflow/example_dags/example_bash_operator.py took 0.133 seconds
[2024-04-06T23:53:41.078+0000] {processor.py:161} INFO - Started process (PID=70145) to work on /home/malangdataguy/miniconda3/envs/airflow_mdg/lib/python3.8/site-packages/airflow/example_dags/example_bash_operator.py
[2024-04-06T23:53:41.080+0000] {processor.py:830} INFO - Processing file /home/malangdataguy/miniconda3/envs/airflow_mdg/lib/python3.8/site-packages/airflow/example_dags/example_bash_operator.py for tasks to queue
[2024-04-06T23:53:41.082+0000] {logging_mixin.py:188} INFO - [2024-04-06T23:53:41.081+0000] {dagbag.py:540} INFO - Filling up the DagBag from /home/malangdataguy/miniconda3/envs/airflow_mdg/lib/python3.8/site-packages/airflow/example_dags/example_bash_operator.py
[2024-04-06T23:53:41.101+0000] {processor.py:840} INFO - DAG(s) 'example_bash_operator' retrieved from /home/malangdataguy/miniconda3/envs/airflow_mdg/lib/python3.8/site-packages/airflow/example_dags/example_bash_operator.py
[2024-04-06T23:53:41.134+0000] {logging_mixin.py:188} INFO - [2024-04-06T23:53:41.134+0000] {dag.py:3047} INFO - Sync 1 DAGs
[2024-04-06T23:53:41.160+0000] {logging_mixin.py:188} INFO - [2024-04-06T23:53:41.160+0000] {dag.py:3834} INFO - Setting next_dagrun for example_bash_operator to 2024-04-05 00:00:00+00:00, run_after=2024-04-06 00:00:00+00:00
[2024-04-06T23:53:41.191+0000] {processor.py:183} INFO - Processing /home/malangdataguy/miniconda3/envs/airflow_mdg/lib/python3.8/site-packages/airflow/example_dags/example_bash_operator.py took 0.120 seconds
[2024-04-06T23:54:44.512+0000] {processor.py:161} INFO - Started process (PID=70242) to work on /home/malangdataguy/miniconda3/envs/airflow_mdg/lib/python3.8/site-packages/airflow/example_dags/example_bash_operator.py
[2024-04-06T23:54:44.515+0000] {processor.py:830} INFO - Processing file /home/malangdataguy/miniconda3/envs/airflow_mdg/lib/python3.8/site-packages/airflow/example_dags/example_bash_operator.py for tasks to queue
[2024-04-06T23:54:44.516+0000] {logging_mixin.py:188} INFO - [2024-04-06T23:54:44.516+0000] {dagbag.py:540} INFO - Filling up the DagBag from /home/malangdataguy/miniconda3/envs/airflow_mdg/lib/python3.8/site-packages/airflow/example_dags/example_bash_operator.py
[2024-04-06T23:54:44.535+0000] {processor.py:840} INFO - DAG(s) 'example_bash_operator' retrieved from /home/malangdataguy/miniconda3/envs/airflow_mdg/lib/python3.8/site-packages/airflow/example_dags/example_bash_operator.py
[2024-04-06T23:54:44.572+0000] {logging_mixin.py:188} INFO - [2024-04-06T23:54:44.571+0000] {dag.py:3047} INFO - Sync 1 DAGs
[2024-04-06T23:54:44.601+0000] {logging_mixin.py:188} INFO - [2024-04-06T23:54:44.601+0000] {dag.py:3834} INFO - Setting next_dagrun for example_bash_operator to 2024-04-05 00:00:00+00:00, run_after=2024-04-06 00:00:00+00:00
[2024-04-06T23:54:44.630+0000] {processor.py:183} INFO - Processing /home/malangdataguy/miniconda3/envs/airflow_mdg/lib/python3.8/site-packages/airflow/example_dags/example_bash_operator.py took 0.124 seconds
[2024-04-06T23:55:48.468+0000] {processor.py:161} INFO - Started process (PID=70305) to work on /home/malangdataguy/miniconda3/envs/airflow_mdg/lib/python3.8/site-packages/airflow/example_dags/example_bash_operator.py
[2024-04-06T23:55:48.471+0000] {processor.py:830} INFO - Processing file /home/malangdataguy/miniconda3/envs/airflow_mdg/lib/python3.8/site-packages/airflow/example_dags/example_bash_operator.py for tasks to queue
[2024-04-06T23:55:48.472+0000] {logging_mixin.py:188} INFO - [2024-04-06T23:55:48.471+0000] {dagbag.py:540} INFO - Filling up the DagBag from /home/malangdataguy/miniconda3/envs/airflow_mdg/lib/python3.8/site-packages/airflow/example_dags/example_bash_operator.py
[2024-04-06T23:55:48.491+0000] {processor.py:840} INFO - DAG(s) 'example_bash_operator' retrieved from /home/malangdataguy/miniconda3/envs/airflow_mdg/lib/python3.8/site-packages/airflow/example_dags/example_bash_operator.py
[2024-04-06T23:55:48.527+0000] {logging_mixin.py:188} INFO - [2024-04-06T23:55:48.527+0000] {dag.py:3047} INFO - Sync 1 DAGs
[2024-04-06T23:55:48.560+0000] {logging_mixin.py:188} INFO - [2024-04-06T23:55:48.559+0000] {dag.py:3834} INFO - Setting next_dagrun for example_bash_operator to 2024-04-05 00:00:00+00:00, run_after=2024-04-06 00:00:00+00:00
[2024-04-06T23:55:48.595+0000] {processor.py:183} INFO - Processing /home/malangdataguy/miniconda3/envs/airflow_mdg/lib/python3.8/site-packages/airflow/example_dags/example_bash_operator.py took 0.133 seconds
