[2024-04-06T23:09:52.146+0000] {processor.py:161} INFO - Started process (PID=68401) to work on /home/malangdataguy/miniconda3/envs/airflow_mdg/lib/python3.8/site-packages/airflow/example_dags/example_branch_operator_decorator.py
[2024-04-06T23:09:52.147+0000] {processor.py:830} INFO - Processing file /home/malangdataguy/miniconda3/envs/airflow_mdg/lib/python3.8/site-packages/airflow/example_dags/example_branch_operator_decorator.py for tasks to queue
[2024-04-06T23:09:52.148+0000] {logging_mixin.py:188} INFO - [2024-04-06T23:09:52.148+0000] {dagbag.py:540} INFO - Filling up the DagBag from /home/malangdataguy/miniconda3/envs/airflow_mdg/lib/python3.8/site-packages/airflow/example_dags/example_branch_operator_decorator.py
[2024-04-06T23:09:52.152+0000] {processor.py:842} WARNING - No viable dags retrieved from /home/malangdataguy/miniconda3/envs/airflow_mdg/lib/python3.8/site-packages/airflow/example_dags/example_branch_operator_decorator.py
[2024-04-06T23:09:52.168+0000] {processor.py:183} INFO - Processing /home/malangdataguy/miniconda3/envs/airflow_mdg/lib/python3.8/site-packages/airflow/example_dags/example_branch_operator_decorator.py took 0.026 seconds
[2024-04-06T23:10:59.729+0000] {processor.py:161} INFO - Started process (PID=68478) to work on /home/malangdataguy/miniconda3/envs/airflow_mdg/lib/python3.8/site-packages/airflow/example_dags/example_branch_operator_decorator.py
[2024-04-06T23:10:59.731+0000] {processor.py:830} INFO - Processing file /home/malangdataguy/miniconda3/envs/airflow_mdg/lib/python3.8/site-packages/airflow/example_dags/example_branch_operator_decorator.py for tasks to queue
[2024-04-06T23:10:59.733+0000] {logging_mixin.py:188} INFO - [2024-04-06T23:10:59.732+0000] {dagbag.py:540} INFO - Filling up the DagBag from /home/malangdataguy/miniconda3/envs/airflow_mdg/lib/python3.8/site-packages/airflow/example_dags/example_branch_operator_decorator.py
[2024-04-06T23:10:59.738+0000] {processor.py:842} WARNING - No viable dags retrieved from /home/malangdataguy/miniconda3/envs/airflow_mdg/lib/python3.8/site-packages/airflow/example_dags/example_branch_operator_decorator.py
[2024-04-06T23:10:59.756+0000] {processor.py:183} INFO - Processing /home/malangdataguy/miniconda3/envs/airflow_mdg/lib/python3.8/site-packages/airflow/example_dags/example_branch_operator_decorator.py took 0.033 seconds
[2024-04-06T23:12:01.370+0000] {processor.py:161} INFO - Started process (PID=68539) to work on /home/malangdataguy/miniconda3/envs/airflow_mdg/lib/python3.8/site-packages/airflow/example_dags/example_branch_operator_decorator.py
[2024-04-06T23:12:01.373+0000] {processor.py:830} INFO - Processing file /home/malangdataguy/miniconda3/envs/airflow_mdg/lib/python3.8/site-packages/airflow/example_dags/example_branch_operator_decorator.py for tasks to queue
[2024-04-06T23:12:01.374+0000] {logging_mixin.py:188} INFO - [2024-04-06T23:12:01.374+0000] {dagbag.py:540} INFO - Filling up the DagBag from /home/malangdataguy/miniconda3/envs/airflow_mdg/lib/python3.8/site-packages/airflow/example_dags/example_branch_operator_decorator.py
[2024-04-06T23:12:01.379+0000] {processor.py:842} WARNING - No viable dags retrieved from /home/malangdataguy/miniconda3/envs/airflow_mdg/lib/python3.8/site-packages/airflow/example_dags/example_branch_operator_decorator.py
[2024-04-06T23:12:01.396+0000] {processor.py:183} INFO - Processing /home/malangdataguy/miniconda3/envs/airflow_mdg/lib/python3.8/site-packages/airflow/example_dags/example_branch_operator_decorator.py took 0.031 seconds
[2024-04-06T23:13:04.757+0000] {processor.py:161} INFO - Started process (PID=68604) to work on /home/malangdataguy/miniconda3/envs/airflow_mdg/lib/python3.8/site-packages/airflow/example_dags/example_branch_operator_decorator.py
[2024-04-06T23:13:04.760+0000] {processor.py:830} INFO - Processing file /home/malangdataguy/miniconda3/envs/airflow_mdg/lib/python3.8/site-packages/airflow/example_dags/example_branch_operator_decorator.py for tasks to queue
[2024-04-06T23:13:04.761+0000] {logging_mixin.py:188} INFO - [2024-04-06T23:13:04.760+0000] {dagbag.py:540} INFO - Filling up the DagBag from /home/malangdataguy/miniconda3/envs/airflow_mdg/lib/python3.8/site-packages/airflow/example_dags/example_branch_operator_decorator.py
[2024-04-06T23:13:04.765+0000] {processor.py:842} WARNING - No viable dags retrieved from /home/malangdataguy/miniconda3/envs/airflow_mdg/lib/python3.8/site-packages/airflow/example_dags/example_branch_operator_decorator.py
[2024-04-06T23:13:04.782+0000] {processor.py:183} INFO - Processing /home/malangdataguy/miniconda3/envs/airflow_mdg/lib/python3.8/site-packages/airflow/example_dags/example_branch_operator_decorator.py took 0.029 seconds
[2024-04-06T23:14:06.068+0000] {processor.py:161} INFO - Started process (PID=68667) to work on /home/malangdataguy/miniconda3/envs/airflow_mdg/lib/python3.8/site-packages/airflow/example_dags/example_branch_operator_decorator.py
[2024-04-06T23:14:06.070+0000] {processor.py:830} INFO - Processing file /home/malangdataguy/miniconda3/envs/airflow_mdg/lib/python3.8/site-packages/airflow/example_dags/example_branch_operator_decorator.py for tasks to queue
[2024-04-06T23:14:06.072+0000] {logging_mixin.py:188} INFO - [2024-04-06T23:14:06.071+0000] {dagbag.py:540} INFO - Filling up the DagBag from /home/malangdataguy/miniconda3/envs/airflow_mdg/lib/python3.8/site-packages/airflow/example_dags/example_branch_operator_decorator.py
[2024-04-06T23:14:06.076+0000] {processor.py:842} WARNING - No viable dags retrieved from /home/malangdataguy/miniconda3/envs/airflow_mdg/lib/python3.8/site-packages/airflow/example_dags/example_branch_operator_decorator.py
[2024-04-06T23:14:06.093+0000] {processor.py:183} INFO - Processing /home/malangdataguy/miniconda3/envs/airflow_mdg/lib/python3.8/site-packages/airflow/example_dags/example_branch_operator_decorator.py took 0.030 seconds
[2024-04-06T23:15:08.993+0000] {processor.py:161} INFO - Started process (PID=68731) to work on /home/malangdataguy/miniconda3/envs/airflow_mdg/lib/python3.8/site-packages/airflow/example_dags/example_branch_operator_decorator.py
[2024-04-06T23:15:08.996+0000] {processor.py:830} INFO - Processing file /home/malangdataguy/miniconda3/envs/airflow_mdg/lib/python3.8/site-packages/airflow/example_dags/example_branch_operator_decorator.py for tasks to queue
[2024-04-06T23:15:08.998+0000] {logging_mixin.py:188} INFO - [2024-04-06T23:15:08.997+0000] {dagbag.py:540} INFO - Filling up the DagBag from /home/malangdataguy/miniconda3/envs/airflow_mdg/lib/python3.8/site-packages/airflow/example_dags/example_branch_operator_decorator.py
[2024-04-06T23:15:09.002+0000] {processor.py:842} WARNING - No viable dags retrieved from /home/malangdataguy/miniconda3/envs/airflow_mdg/lib/python3.8/site-packages/airflow/example_dags/example_branch_operator_decorator.py
[2024-04-06T23:15:09.019+0000] {processor.py:183} INFO - Processing /home/malangdataguy/miniconda3/envs/airflow_mdg/lib/python3.8/site-packages/airflow/example_dags/example_branch_operator_decorator.py took 0.030 seconds
[2024-04-06T23:16:06.928+0000] {processor.py:161} INFO - Started process (PID=68791) to work on /home/malangdataguy/miniconda3/envs/airflow_mdg/lib/python3.8/site-packages/airflow/example_dags/example_branch_operator_decorator.py
[2024-04-06T23:16:06.931+0000] {processor.py:830} INFO - Processing file /home/malangdataguy/miniconda3/envs/airflow_mdg/lib/python3.8/site-packages/airflow/example_dags/example_branch_operator_decorator.py for tasks to queue
[2024-04-06T23:16:06.932+0000] {logging_mixin.py:188} INFO - [2024-04-06T23:16:06.931+0000] {dagbag.py:540} INFO - Filling up the DagBag from /home/malangdataguy/miniconda3/envs/airflow_mdg/lib/python3.8/site-packages/airflow/example_dags/example_branch_operator_decorator.py
[2024-04-06T23:16:06.938+0000] {processor.py:842} WARNING - No viable dags retrieved from /home/malangdataguy/miniconda3/envs/airflow_mdg/lib/python3.8/site-packages/airflow/example_dags/example_branch_operator_decorator.py
[2024-04-06T23:16:06.954+0000] {processor.py:183} INFO - Processing /home/malangdataguy/miniconda3/envs/airflow_mdg/lib/python3.8/site-packages/airflow/example_dags/example_branch_operator_decorator.py took 0.031 seconds
[2024-04-06T23:17:02.952+0000] {processor.py:161} INFO - Started process (PID=68853) to work on /home/malangdataguy/miniconda3/envs/airflow_mdg/lib/python3.8/site-packages/airflow/example_dags/example_branch_operator_decorator.py
[2024-04-06T23:17:02.955+0000] {processor.py:830} INFO - Processing file /home/malangdataguy/miniconda3/envs/airflow_mdg/lib/python3.8/site-packages/airflow/example_dags/example_branch_operator_decorator.py for tasks to queue
[2024-04-06T23:17:02.957+0000] {logging_mixin.py:188} INFO - [2024-04-06T23:17:02.956+0000] {dagbag.py:540} INFO - Filling up the DagBag from /home/malangdataguy/miniconda3/envs/airflow_mdg/lib/python3.8/site-packages/airflow/example_dags/example_branch_operator_decorator.py
[2024-04-06T23:17:02.963+0000] {processor.py:842} WARNING - No viable dags retrieved from /home/malangdataguy/miniconda3/envs/airflow_mdg/lib/python3.8/site-packages/airflow/example_dags/example_branch_operator_decorator.py
[2024-04-06T23:17:02.983+0000] {processor.py:183} INFO - Processing /home/malangdataguy/miniconda3/envs/airflow_mdg/lib/python3.8/site-packages/airflow/example_dags/example_branch_operator_decorator.py took 0.036 seconds
[2024-04-06T23:18:08.115+0000] {processor.py:161} INFO - Started process (PID=68922) to work on /home/malangdataguy/miniconda3/envs/airflow_mdg/lib/python3.8/site-packages/airflow/example_dags/example_branch_operator_decorator.py
[2024-04-06T23:18:08.118+0000] {processor.py:830} INFO - Processing file /home/malangdataguy/miniconda3/envs/airflow_mdg/lib/python3.8/site-packages/airflow/example_dags/example_branch_operator_decorator.py for tasks to queue
[2024-04-06T23:18:08.120+0000] {logging_mixin.py:188} INFO - [2024-04-06T23:18:08.119+0000] {dagbag.py:540} INFO - Filling up the DagBag from /home/malangdataguy/miniconda3/envs/airflow_mdg/lib/python3.8/site-packages/airflow/example_dags/example_branch_operator_decorator.py
[2024-04-06T23:18:08.125+0000] {processor.py:842} WARNING - No viable dags retrieved from /home/malangdataguy/miniconda3/envs/airflow_mdg/lib/python3.8/site-packages/airflow/example_dags/example_branch_operator_decorator.py
[2024-04-06T23:18:08.143+0000] {processor.py:183} INFO - Processing /home/malangdataguy/miniconda3/envs/airflow_mdg/lib/python3.8/site-packages/airflow/example_dags/example_branch_operator_decorator.py took 0.034 seconds
[2024-04-06T23:19:08.888+0000] {processor.py:161} INFO - Started process (PID=68985) to work on /home/malangdataguy/miniconda3/envs/airflow_mdg/lib/python3.8/site-packages/airflow/example_dags/example_branch_operator_decorator.py
[2024-04-06T23:19:08.891+0000] {processor.py:830} INFO - Processing file /home/malangdataguy/miniconda3/envs/airflow_mdg/lib/python3.8/site-packages/airflow/example_dags/example_branch_operator_decorator.py for tasks to queue
[2024-04-06T23:19:08.893+0000] {logging_mixin.py:188} INFO - [2024-04-06T23:19:08.892+0000] {dagbag.py:540} INFO - Filling up the DagBag from /home/malangdataguy/miniconda3/envs/airflow_mdg/lib/python3.8/site-packages/airflow/example_dags/example_branch_operator_decorator.py
[2024-04-06T23:19:08.898+0000] {processor.py:842} WARNING - No viable dags retrieved from /home/malangdataguy/miniconda3/envs/airflow_mdg/lib/python3.8/site-packages/airflow/example_dags/example_branch_operator_decorator.py
[2024-04-06T23:19:08.917+0000] {processor.py:183} INFO - Processing /home/malangdataguy/miniconda3/envs/airflow_mdg/lib/python3.8/site-packages/airflow/example_dags/example_branch_operator_decorator.py took 0.034 seconds
[2024-04-06T23:20:18.356+0000] {processor.py:161} INFO - Started process (PID=69051) to work on /home/malangdataguy/miniconda3/envs/airflow_mdg/lib/python3.8/site-packages/airflow/example_dags/example_branch_operator_decorator.py
[2024-04-06T23:20:18.359+0000] {processor.py:830} INFO - Processing file /home/malangdataguy/miniconda3/envs/airflow_mdg/lib/python3.8/site-packages/airflow/example_dags/example_branch_operator_decorator.py for tasks to queue
[2024-04-06T23:20:18.360+0000] {logging_mixin.py:188} INFO - [2024-04-06T23:20:18.360+0000] {dagbag.py:540} INFO - Filling up the DagBag from /home/malangdataguy/miniconda3/envs/airflow_mdg/lib/python3.8/site-packages/airflow/example_dags/example_branch_operator_decorator.py
[2024-04-06T23:20:18.366+0000] {processor.py:842} WARNING - No viable dags retrieved from /home/malangdataguy/miniconda3/envs/airflow_mdg/lib/python3.8/site-packages/airflow/example_dags/example_branch_operator_decorator.py
[2024-04-06T23:20:18.385+0000] {processor.py:183} INFO - Processing /home/malangdataguy/miniconda3/envs/airflow_mdg/lib/python3.8/site-packages/airflow/example_dags/example_branch_operator_decorator.py took 0.034 seconds
[2024-04-06T23:21:21.064+0000] {processor.py:161} INFO - Started process (PID=69117) to work on /home/malangdataguy/miniconda3/envs/airflow_mdg/lib/python3.8/site-packages/airflow/example_dags/example_branch_operator_decorator.py
[2024-04-06T23:21:21.067+0000] {processor.py:830} INFO - Processing file /home/malangdataguy/miniconda3/envs/airflow_mdg/lib/python3.8/site-packages/airflow/example_dags/example_branch_operator_decorator.py for tasks to queue
[2024-04-06T23:21:21.069+0000] {logging_mixin.py:188} INFO - [2024-04-06T23:21:21.068+0000] {dagbag.py:540} INFO - Filling up the DagBag from /home/malangdataguy/miniconda3/envs/airflow_mdg/lib/python3.8/site-packages/airflow/example_dags/example_branch_operator_decorator.py
[2024-04-06T23:21:21.074+0000] {processor.py:842} WARNING - No viable dags retrieved from /home/malangdataguy/miniconda3/envs/airflow_mdg/lib/python3.8/site-packages/airflow/example_dags/example_branch_operator_decorator.py
[2024-04-06T23:21:21.097+0000] {processor.py:183} INFO - Processing /home/malangdataguy/miniconda3/envs/airflow_mdg/lib/python3.8/site-packages/airflow/example_dags/example_branch_operator_decorator.py took 0.039 seconds
[2024-04-06T23:22:24.942+0000] {processor.py:161} INFO - Started process (PID=69178) to work on /home/malangdataguy/miniconda3/envs/airflow_mdg/lib/python3.8/site-packages/airflow/example_dags/example_branch_operator_decorator.py
[2024-04-06T23:22:24.947+0000] {processor.py:830} INFO - Processing file /home/malangdataguy/miniconda3/envs/airflow_mdg/lib/python3.8/site-packages/airflow/example_dags/example_branch_operator_decorator.py for tasks to queue
[2024-04-06T23:22:24.949+0000] {logging_mixin.py:188} INFO - [2024-04-06T23:22:24.948+0000] {dagbag.py:540} INFO - Filling up the DagBag from /home/malangdataguy/miniconda3/envs/airflow_mdg/lib/python3.8/site-packages/airflow/example_dags/example_branch_operator_decorator.py
[2024-04-06T23:22:24.967+0000] {processor.py:842} WARNING - No viable dags retrieved from /home/malangdataguy/miniconda3/envs/airflow_mdg/lib/python3.8/site-packages/airflow/example_dags/example_branch_operator_decorator.py
[2024-04-06T23:22:25.006+0000] {processor.py:183} INFO - Processing /home/malangdataguy/miniconda3/envs/airflow_mdg/lib/python3.8/site-packages/airflow/example_dags/example_branch_operator_decorator.py took 0.087 seconds
[2024-04-06T23:40:58.129+0000] {processor.py:161} INFO - Started process (PID=69314) to work on /home/malangdataguy/miniconda3/envs/airflow_mdg/lib/python3.8/site-packages/airflow/example_dags/example_branch_operator_decorator.py
[2024-04-06T23:40:58.132+0000] {processor.py:830} INFO - Processing file /home/malangdataguy/miniconda3/envs/airflow_mdg/lib/python3.8/site-packages/airflow/example_dags/example_branch_operator_decorator.py for tasks to queue
[2024-04-06T23:40:58.134+0000] {logging_mixin.py:188} INFO - [2024-04-06T23:40:58.133+0000] {dagbag.py:540} INFO - Filling up the DagBag from /home/malangdataguy/miniconda3/envs/airflow_mdg/lib/python3.8/site-packages/airflow/example_dags/example_branch_operator_decorator.py
[2024-04-06T23:40:58.139+0000] {processor.py:842} WARNING - No viable dags retrieved from /home/malangdataguy/miniconda3/envs/airflow_mdg/lib/python3.8/site-packages/airflow/example_dags/example_branch_operator_decorator.py
[2024-04-06T23:40:58.161+0000] {processor.py:183} INFO - Processing /home/malangdataguy/miniconda3/envs/airflow_mdg/lib/python3.8/site-packages/airflow/example_dags/example_branch_operator_decorator.py took 0.037 seconds
[2024-04-06T23:42:05.018+0000] {processor.py:161} INFO - Started process (PID=69379) to work on /home/malangdataguy/miniconda3/envs/airflow_mdg/lib/python3.8/site-packages/airflow/example_dags/example_branch_operator_decorator.py
[2024-04-06T23:42:05.020+0000] {processor.py:830} INFO - Processing file /home/malangdataguy/miniconda3/envs/airflow_mdg/lib/python3.8/site-packages/airflow/example_dags/example_branch_operator_decorator.py for tasks to queue
[2024-04-06T23:42:05.022+0000] {logging_mixin.py:188} INFO - [2024-04-06T23:42:05.021+0000] {dagbag.py:540} INFO - Filling up the DagBag from /home/malangdataguy/miniconda3/envs/airflow_mdg/lib/python3.8/site-packages/airflow/example_dags/example_branch_operator_decorator.py
[2024-04-06T23:42:05.026+0000] {processor.py:842} WARNING - No viable dags retrieved from /home/malangdataguy/miniconda3/envs/airflow_mdg/lib/python3.8/site-packages/airflow/example_dags/example_branch_operator_decorator.py
[2024-04-06T23:42:05.042+0000] {processor.py:183} INFO - Processing /home/malangdataguy/miniconda3/envs/airflow_mdg/lib/python3.8/site-packages/airflow/example_dags/example_branch_operator_decorator.py took 0.029 seconds
[2024-04-06T23:43:09.484+0000] {processor.py:161} INFO - Started process (PID=69444) to work on /home/malangdataguy/miniconda3/envs/airflow_mdg/lib/python3.8/site-packages/airflow/example_dags/example_branch_operator_decorator.py
[2024-04-06T23:43:09.487+0000] {processor.py:830} INFO - Processing file /home/malangdataguy/miniconda3/envs/airflow_mdg/lib/python3.8/site-packages/airflow/example_dags/example_branch_operator_decorator.py for tasks to queue
[2024-04-06T23:43:09.489+0000] {logging_mixin.py:188} INFO - [2024-04-06T23:43:09.488+0000] {dagbag.py:540} INFO - Filling up the DagBag from /home/malangdataguy/miniconda3/envs/airflow_mdg/lib/python3.8/site-packages/airflow/example_dags/example_branch_operator_decorator.py
[2024-04-06T23:43:09.494+0000] {processor.py:842} WARNING - No viable dags retrieved from /home/malangdataguy/miniconda3/envs/airflow_mdg/lib/python3.8/site-packages/airflow/example_dags/example_branch_operator_decorator.py
[2024-04-06T23:43:09.513+0000] {processor.py:183} INFO - Processing /home/malangdataguy/miniconda3/envs/airflow_mdg/lib/python3.8/site-packages/airflow/example_dags/example_branch_operator_decorator.py took 0.035 seconds
[2024-04-06T23:44:17.127+0000] {processor.py:161} INFO - Started process (PID=69526) to work on /home/malangdataguy/miniconda3/envs/airflow_mdg/lib/python3.8/site-packages/airflow/example_dags/example_branch_operator_decorator.py
[2024-04-06T23:44:17.129+0000] {processor.py:830} INFO - Processing file /home/malangdataguy/miniconda3/envs/airflow_mdg/lib/python3.8/site-packages/airflow/example_dags/example_branch_operator_decorator.py for tasks to queue
[2024-04-06T23:44:17.131+0000] {logging_mixin.py:188} INFO - [2024-04-06T23:44:17.130+0000] {dagbag.py:540} INFO - Filling up the DagBag from /home/malangdataguy/miniconda3/envs/airflow_mdg/lib/python3.8/site-packages/airflow/example_dags/example_branch_operator_decorator.py
[2024-04-06T23:44:17.136+0000] {processor.py:842} WARNING - No viable dags retrieved from /home/malangdataguy/miniconda3/envs/airflow_mdg/lib/python3.8/site-packages/airflow/example_dags/example_branch_operator_decorator.py
[2024-04-06T23:44:17.154+0000] {processor.py:183} INFO - Processing /home/malangdataguy/miniconda3/envs/airflow_mdg/lib/python3.8/site-packages/airflow/example_dags/example_branch_operator_decorator.py took 0.033 seconds
[2024-04-06T23:45:20.820+0000] {processor.py:161} INFO - Started process (PID=69594) to work on /home/malangdataguy/miniconda3/envs/airflow_mdg/lib/python3.8/site-packages/airflow/example_dags/example_branch_operator_decorator.py
[2024-04-06T23:45:20.822+0000] {processor.py:830} INFO - Processing file /home/malangdataguy/miniconda3/envs/airflow_mdg/lib/python3.8/site-packages/airflow/example_dags/example_branch_operator_decorator.py for tasks to queue
[2024-04-06T23:45:20.824+0000] {logging_mixin.py:188} INFO - [2024-04-06T23:45:20.823+0000] {dagbag.py:540} INFO - Filling up the DagBag from /home/malangdataguy/miniconda3/envs/airflow_mdg/lib/python3.8/site-packages/airflow/example_dags/example_branch_operator_decorator.py
[2024-04-06T23:45:20.829+0000] {processor.py:842} WARNING - No viable dags retrieved from /home/malangdataguy/miniconda3/envs/airflow_mdg/lib/python3.8/site-packages/airflow/example_dags/example_branch_operator_decorator.py
[2024-04-06T23:45:20.847+0000] {processor.py:183} INFO - Processing /home/malangdataguy/miniconda3/envs/airflow_mdg/lib/python3.8/site-packages/airflow/example_dags/example_branch_operator_decorator.py took 0.032 seconds
[2024-04-06T23:46:23.289+0000] {processor.py:161} INFO - Started process (PID=69660) to work on /home/malangdataguy/miniconda3/envs/airflow_mdg/lib/python3.8/site-packages/airflow/example_dags/example_branch_operator_decorator.py
[2024-04-06T23:46:23.292+0000] {processor.py:830} INFO - Processing file /home/malangdataguy/miniconda3/envs/airflow_mdg/lib/python3.8/site-packages/airflow/example_dags/example_branch_operator_decorator.py for tasks to queue
[2024-04-06T23:46:23.293+0000] {logging_mixin.py:188} INFO - [2024-04-06T23:46:23.293+0000] {dagbag.py:540} INFO - Filling up the DagBag from /home/malangdataguy/miniconda3/envs/airflow_mdg/lib/python3.8/site-packages/airflow/example_dags/example_branch_operator_decorator.py
[2024-04-06T23:46:23.297+0000] {processor.py:842} WARNING - No viable dags retrieved from /home/malangdataguy/miniconda3/envs/airflow_mdg/lib/python3.8/site-packages/airflow/example_dags/example_branch_operator_decorator.py
[2024-04-06T23:46:23.312+0000] {processor.py:183} INFO - Processing /home/malangdataguy/miniconda3/envs/airflow_mdg/lib/python3.8/site-packages/airflow/example_dags/example_branch_operator_decorator.py took 0.027 seconds
[2024-04-06T23:47:20.270+0000] {processor.py:161} INFO - Started process (PID=69750) to work on /home/malangdataguy/miniconda3/envs/airflow_mdg/lib/python3.8/site-packages/airflow/example_dags/example_branch_operator_decorator.py
[2024-04-06T23:47:20.272+0000] {processor.py:830} INFO - Processing file /home/malangdataguy/miniconda3/envs/airflow_mdg/lib/python3.8/site-packages/airflow/example_dags/example_branch_operator_decorator.py for tasks to queue
[2024-04-06T23:47:20.274+0000] {logging_mixin.py:188} INFO - [2024-04-06T23:47:20.273+0000] {dagbag.py:540} INFO - Filling up the DagBag from /home/malangdataguy/miniconda3/envs/airflow_mdg/lib/python3.8/site-packages/airflow/example_dags/example_branch_operator_decorator.py
[2024-04-06T23:47:20.280+0000] {processor.py:842} WARNING - No viable dags retrieved from /home/malangdataguy/miniconda3/envs/airflow_mdg/lib/python3.8/site-packages/airflow/example_dags/example_branch_operator_decorator.py
[2024-04-06T23:47:20.299+0000] {processor.py:183} INFO - Processing /home/malangdataguy/miniconda3/envs/airflow_mdg/lib/python3.8/site-packages/airflow/example_dags/example_branch_operator_decorator.py took 0.035 seconds
[2024-04-06T23:48:23.872+0000] {processor.py:161} INFO - Started process (PID=69819) to work on /home/malangdataguy/miniconda3/envs/airflow_mdg/lib/python3.8/site-packages/airflow/example_dags/example_branch_operator_decorator.py
[2024-04-06T23:48:23.875+0000] {processor.py:830} INFO - Processing file /home/malangdataguy/miniconda3/envs/airflow_mdg/lib/python3.8/site-packages/airflow/example_dags/example_branch_operator_decorator.py for tasks to queue
[2024-04-06T23:48:23.877+0000] {logging_mixin.py:188} INFO - [2024-04-06T23:48:23.876+0000] {dagbag.py:540} INFO - Filling up the DagBag from /home/malangdataguy/miniconda3/envs/airflow_mdg/lib/python3.8/site-packages/airflow/example_dags/example_branch_operator_decorator.py
[2024-04-06T23:48:23.886+0000] {processor.py:842} WARNING - No viable dags retrieved from /home/malangdataguy/miniconda3/envs/airflow_mdg/lib/python3.8/site-packages/airflow/example_dags/example_branch_operator_decorator.py
[2024-04-06T23:48:23.911+0000] {processor.py:183} INFO - Processing /home/malangdataguy/miniconda3/envs/airflow_mdg/lib/python3.8/site-packages/airflow/example_dags/example_branch_operator_decorator.py took 0.044 seconds
[2024-04-06T23:49:28.630+0000] {processor.py:161} INFO - Started process (PID=69882) to work on /home/malangdataguy/miniconda3/envs/airflow_mdg/lib/python3.8/site-packages/airflow/example_dags/example_branch_operator_decorator.py
[2024-04-06T23:49:28.632+0000] {processor.py:830} INFO - Processing file /home/malangdataguy/miniconda3/envs/airflow_mdg/lib/python3.8/site-packages/airflow/example_dags/example_branch_operator_decorator.py for tasks to queue
[2024-04-06T23:49:28.634+0000] {logging_mixin.py:188} INFO - [2024-04-06T23:49:28.633+0000] {dagbag.py:540} INFO - Filling up the DagBag from /home/malangdataguy/miniconda3/envs/airflow_mdg/lib/python3.8/site-packages/airflow/example_dags/example_branch_operator_decorator.py
[2024-04-06T23:49:28.638+0000] {processor.py:842} WARNING - No viable dags retrieved from /home/malangdataguy/miniconda3/envs/airflow_mdg/lib/python3.8/site-packages/airflow/example_dags/example_branch_operator_decorator.py
[2024-04-06T23:49:28.653+0000] {processor.py:183} INFO - Processing /home/malangdataguy/miniconda3/envs/airflow_mdg/lib/python3.8/site-packages/airflow/example_dags/example_branch_operator_decorator.py took 0.027 seconds
[2024-04-06T23:50:25.307+0000] {processor.py:161} INFO - Started process (PID=69943) to work on /home/malangdataguy/miniconda3/envs/airflow_mdg/lib/python3.8/site-packages/airflow/example_dags/example_branch_operator_decorator.py
[2024-04-06T23:50:25.309+0000] {processor.py:830} INFO - Processing file /home/malangdataguy/miniconda3/envs/airflow_mdg/lib/python3.8/site-packages/airflow/example_dags/example_branch_operator_decorator.py for tasks to queue
[2024-04-06T23:50:25.311+0000] {logging_mixin.py:188} INFO - [2024-04-06T23:50:25.310+0000] {dagbag.py:540} INFO - Filling up the DagBag from /home/malangdataguy/miniconda3/envs/airflow_mdg/lib/python3.8/site-packages/airflow/example_dags/example_branch_operator_decorator.py
[2024-04-06T23:50:25.316+0000] {processor.py:842} WARNING - No viable dags retrieved from /home/malangdataguy/miniconda3/envs/airflow_mdg/lib/python3.8/site-packages/airflow/example_dags/example_branch_operator_decorator.py
[2024-04-06T23:50:25.334+0000] {processor.py:183} INFO - Processing /home/malangdataguy/miniconda3/envs/airflow_mdg/lib/python3.8/site-packages/airflow/example_dags/example_branch_operator_decorator.py took 0.032 seconds
[2024-04-06T23:51:29.416+0000] {processor.py:161} INFO - Started process (PID=70008) to work on /home/malangdataguy/miniconda3/envs/airflow_mdg/lib/python3.8/site-packages/airflow/example_dags/example_branch_operator_decorator.py
[2024-04-06T23:51:29.419+0000] {processor.py:830} INFO - Processing file /home/malangdataguy/miniconda3/envs/airflow_mdg/lib/python3.8/site-packages/airflow/example_dags/example_branch_operator_decorator.py for tasks to queue
[2024-04-06T23:51:29.421+0000] {logging_mixin.py:188} INFO - [2024-04-06T23:51:29.420+0000] {dagbag.py:540} INFO - Filling up the DagBag from /home/malangdataguy/miniconda3/envs/airflow_mdg/lib/python3.8/site-packages/airflow/example_dags/example_branch_operator_decorator.py
[2024-04-06T23:51:29.426+0000] {processor.py:842} WARNING - No viable dags retrieved from /home/malangdataguy/miniconda3/envs/airflow_mdg/lib/python3.8/site-packages/airflow/example_dags/example_branch_operator_decorator.py
[2024-04-06T23:51:29.445+0000] {processor.py:183} INFO - Processing /home/malangdataguy/miniconda3/envs/airflow_mdg/lib/python3.8/site-packages/airflow/example_dags/example_branch_operator_decorator.py took 0.035 seconds
[2024-04-06T23:52:35.243+0000] {processor.py:161} INFO - Started process (PID=70076) to work on /home/malangdataguy/miniconda3/envs/airflow_mdg/lib/python3.8/site-packages/airflow/example_dags/example_branch_operator_decorator.py
[2024-04-06T23:52:35.246+0000] {processor.py:830} INFO - Processing file /home/malangdataguy/miniconda3/envs/airflow_mdg/lib/python3.8/site-packages/airflow/example_dags/example_branch_operator_decorator.py for tasks to queue
[2024-04-06T23:52:35.247+0000] {logging_mixin.py:188} INFO - [2024-04-06T23:52:35.247+0000] {dagbag.py:540} INFO - Filling up the DagBag from /home/malangdataguy/miniconda3/envs/airflow_mdg/lib/python3.8/site-packages/airflow/example_dags/example_branch_operator_decorator.py
[2024-04-06T23:52:35.252+0000] {processor.py:842} WARNING - No viable dags retrieved from /home/malangdataguy/miniconda3/envs/airflow_mdg/lib/python3.8/site-packages/airflow/example_dags/example_branch_operator_decorator.py
[2024-04-06T23:52:35.270+0000] {processor.py:183} INFO - Processing /home/malangdataguy/miniconda3/envs/airflow_mdg/lib/python3.8/site-packages/airflow/example_dags/example_branch_operator_decorator.py took 0.032 seconds
[2024-04-06T23:53:43.214+0000] {processor.py:161} INFO - Started process (PID=70147) to work on /home/malangdataguy/miniconda3/envs/airflow_mdg/lib/python3.8/site-packages/airflow/example_dags/example_branch_operator_decorator.py
[2024-04-06T23:53:43.217+0000] {processor.py:830} INFO - Processing file /home/malangdataguy/miniconda3/envs/airflow_mdg/lib/python3.8/site-packages/airflow/example_dags/example_branch_operator_decorator.py for tasks to queue
[2024-04-06T23:53:43.218+0000] {logging_mixin.py:188} INFO - [2024-04-06T23:53:43.218+0000] {dagbag.py:540} INFO - Filling up the DagBag from /home/malangdataguy/miniconda3/envs/airflow_mdg/lib/python3.8/site-packages/airflow/example_dags/example_branch_operator_decorator.py
[2024-04-06T23:53:43.224+0000] {processor.py:842} WARNING - No viable dags retrieved from /home/malangdataguy/miniconda3/envs/airflow_mdg/lib/python3.8/site-packages/airflow/example_dags/example_branch_operator_decorator.py
[2024-04-06T23:53:43.243+0000] {processor.py:183} INFO - Processing /home/malangdataguy/miniconda3/envs/airflow_mdg/lib/python3.8/site-packages/airflow/example_dags/example_branch_operator_decorator.py took 0.035 seconds
[2024-04-06T23:54:46.421+0000] {processor.py:161} INFO - Started process (PID=70244) to work on /home/malangdataguy/miniconda3/envs/airflow_mdg/lib/python3.8/site-packages/airflow/example_dags/example_branch_operator_decorator.py
[2024-04-06T23:54:46.476+0000] {processor.py:830} INFO - Processing file /home/malangdataguy/miniconda3/envs/airflow_mdg/lib/python3.8/site-packages/airflow/example_dags/example_branch_operator_decorator.py for tasks to queue
[2024-04-06T23:54:46.478+0000] {logging_mixin.py:188} INFO - [2024-04-06T23:54:46.477+0000] {dagbag.py:540} INFO - Filling up the DagBag from /home/malangdataguy/miniconda3/envs/airflow_mdg/lib/python3.8/site-packages/airflow/example_dags/example_branch_operator_decorator.py
[2024-04-06T23:54:46.483+0000] {processor.py:842} WARNING - No viable dags retrieved from /home/malangdataguy/miniconda3/envs/airflow_mdg/lib/python3.8/site-packages/airflow/example_dags/example_branch_operator_decorator.py
[2024-04-06T23:54:46.501+0000] {processor.py:183} INFO - Processing /home/malangdataguy/miniconda3/envs/airflow_mdg/lib/python3.8/site-packages/airflow/example_dags/example_branch_operator_decorator.py took 0.086 seconds
[2024-04-06T23:55:49.971+0000] {processor.py:161} INFO - Started process (PID=70307) to work on /home/malangdataguy/miniconda3/envs/airflow_mdg/lib/python3.8/site-packages/airflow/example_dags/example_branch_operator_decorator.py
[2024-04-06T23:55:49.973+0000] {processor.py:830} INFO - Processing file /home/malangdataguy/miniconda3/envs/airflow_mdg/lib/python3.8/site-packages/airflow/example_dags/example_branch_operator_decorator.py for tasks to queue
[2024-04-06T23:55:49.975+0000] {logging_mixin.py:188} INFO - [2024-04-06T23:55:49.974+0000] {dagbag.py:540} INFO - Filling up the DagBag from /home/malangdataguy/miniconda3/envs/airflow_mdg/lib/python3.8/site-packages/airflow/example_dags/example_branch_operator_decorator.py
[2024-04-06T23:55:49.979+0000] {processor.py:842} WARNING - No viable dags retrieved from /home/malangdataguy/miniconda3/envs/airflow_mdg/lib/python3.8/site-packages/airflow/example_dags/example_branch_operator_decorator.py
[2024-04-06T23:55:49.995+0000] {processor.py:183} INFO - Processing /home/malangdataguy/miniconda3/envs/airflow_mdg/lib/python3.8/site-packages/airflow/example_dags/example_branch_operator_decorator.py took 0.029 seconds
