[2024-04-06T23:09:16.730+0000] {processor.py:161} INFO - Started process (PID=68369) to work on /home/malangdataguy/miniconda3/envs/airflow_mdg/lib/python3.8/site-packages/airflow/example_dags/tutorial_taskflow_api.py
[2024-04-06T23:09:16.731+0000] {processor.py:830} INFO - Processing file /home/malangdataguy/miniconda3/envs/airflow_mdg/lib/python3.8/site-packages/airflow/example_dags/tutorial_taskflow_api.py for tasks to queue
[2024-04-06T23:09:16.732+0000] {logging_mixin.py:188} INFO - [2024-04-06T23:09:16.732+0000] {dagbag.py:540} INFO - Filling up the DagBag from /home/malangdataguy/miniconda3/envs/airflow_mdg/lib/python3.8/site-packages/airflow/example_dags/tutorial_taskflow_api.py
[2024-04-06T23:09:16.746+0000] {processor.py:840} INFO - DAG(s) 'tutorial_taskflow_api' retrieved from /home/malangdataguy/miniconda3/envs/airflow_mdg/lib/python3.8/site-packages/airflow/example_dags/tutorial_taskflow_api.py
[2024-04-06T23:09:16.758+0000] {logging_mixin.py:188} INFO - [2024-04-06T23:09:16.758+0000] {dag.py:3047} INFO - Sync 1 DAGs
[2024-04-06T23:09:16.775+0000] {logging_mixin.py:188} INFO - [2024-04-06T23:09:16.774+0000] {dag.py:3834} INFO - Setting next_dagrun for tutorial_taskflow_api to None, run_after=None
[2024-04-06T23:09:16.804+0000] {processor.py:183} INFO - Processing /home/malangdataguy/miniconda3/envs/airflow_mdg/lib/python3.8/site-packages/airflow/example_dags/tutorial_taskflow_api.py took 0.079 seconds
[2024-04-06T23:10:08.986+0000] {processor.py:161} INFO - Started process (PID=68419) to work on /home/malangdataguy/miniconda3/envs/airflow_mdg/lib/python3.8/site-packages/airflow/example_dags/tutorial_taskflow_api.py
[2024-04-06T23:10:08.989+0000] {processor.py:830} INFO - Processing file /home/malangdataguy/miniconda3/envs/airflow_mdg/lib/python3.8/site-packages/airflow/example_dags/tutorial_taskflow_api.py for tasks to queue
[2024-04-06T23:10:08.991+0000] {logging_mixin.py:188} INFO - [2024-04-06T23:10:08.990+0000] {dagbag.py:540} INFO - Filling up the DagBag from /home/malangdataguy/miniconda3/envs/airflow_mdg/lib/python3.8/site-packages/airflow/example_dags/tutorial_taskflow_api.py
[2024-04-06T23:10:09.003+0000] {processor.py:840} INFO - DAG(s) 'tutorial_taskflow_api' retrieved from /home/malangdataguy/miniconda3/envs/airflow_mdg/lib/python3.8/site-packages/airflow/example_dags/tutorial_taskflow_api.py
[2024-04-06T23:10:09.142+0000] {logging_mixin.py:188} INFO - [2024-04-06T23:10:09.142+0000] {dag.py:3047} INFO - Sync 1 DAGs
[2024-04-06T23:10:09.156+0000] {logging_mixin.py:188} INFO - [2024-04-06T23:10:09.156+0000] {dag.py:3834} INFO - Setting next_dagrun for tutorial_taskflow_api to None, run_after=None
[2024-04-06T23:10:09.192+0000] {processor.py:183} INFO - Processing /home/malangdataguy/miniconda3/envs/airflow_mdg/lib/python3.8/site-packages/airflow/example_dags/tutorial_taskflow_api.py took 0.212 seconds
[2024-04-06T23:10:55.728+0000] {processor.py:161} INFO - Started process (PID=68474) to work on /home/malangdataguy/miniconda3/envs/airflow_mdg/lib/python3.8/site-packages/airflow/example_dags/tutorial_taskflow_api.py
[2024-04-06T23:10:55.730+0000] {processor.py:830} INFO - Processing file /home/malangdataguy/miniconda3/envs/airflow_mdg/lib/python3.8/site-packages/airflow/example_dags/tutorial_taskflow_api.py for tasks to queue
[2024-04-06T23:10:55.732+0000] {logging_mixin.py:188} INFO - [2024-04-06T23:10:55.731+0000] {dagbag.py:540} INFO - Filling up the DagBag from /home/malangdataguy/miniconda3/envs/airflow_mdg/lib/python3.8/site-packages/airflow/example_dags/tutorial_taskflow_api.py
[2024-04-06T23:10:55.742+0000] {processor.py:840} INFO - DAG(s) 'tutorial_taskflow_api' retrieved from /home/malangdataguy/miniconda3/envs/airflow_mdg/lib/python3.8/site-packages/airflow/example_dags/tutorial_taskflow_api.py
[2024-04-06T23:10:55.766+0000] {logging_mixin.py:188} INFO - [2024-04-06T23:10:55.766+0000] {dag.py:3047} INFO - Sync 1 DAGs
[2024-04-06T23:10:55.780+0000] {logging_mixin.py:188} INFO - [2024-04-06T23:10:55.779+0000] {dag.py:3834} INFO - Setting next_dagrun for tutorial_taskflow_api to None, run_after=None
[2024-04-06T23:10:55.808+0000] {processor.py:183} INFO - Processing /home/malangdataguy/miniconda3/envs/airflow_mdg/lib/python3.8/site-packages/airflow/example_dags/tutorial_taskflow_api.py took 0.086 seconds
[2024-04-06T23:11:46.848+0000] {processor.py:161} INFO - Started process (PID=68524) to work on /home/malangdataguy/miniconda3/envs/airflow_mdg/lib/python3.8/site-packages/airflow/example_dags/tutorial_taskflow_api.py
[2024-04-06T23:11:46.851+0000] {processor.py:830} INFO - Processing file /home/malangdataguy/miniconda3/envs/airflow_mdg/lib/python3.8/site-packages/airflow/example_dags/tutorial_taskflow_api.py for tasks to queue
[2024-04-06T23:11:46.853+0000] {logging_mixin.py:188} INFO - [2024-04-06T23:11:46.852+0000] {dagbag.py:540} INFO - Filling up the DagBag from /home/malangdataguy/miniconda3/envs/airflow_mdg/lib/python3.8/site-packages/airflow/example_dags/tutorial_taskflow_api.py
[2024-04-06T23:11:46.864+0000] {processor.py:840} INFO - DAG(s) 'tutorial_taskflow_api' retrieved from /home/malangdataguy/miniconda3/envs/airflow_mdg/lib/python3.8/site-packages/airflow/example_dags/tutorial_taskflow_api.py
[2024-04-06T23:11:46.890+0000] {logging_mixin.py:188} INFO - [2024-04-06T23:11:46.890+0000] {dag.py:3047} INFO - Sync 1 DAGs
[2024-04-06T23:11:46.907+0000] {logging_mixin.py:188} INFO - [2024-04-06T23:11:46.906+0000] {dag.py:3834} INFO - Setting next_dagrun for tutorial_taskflow_api to None, run_after=None
[2024-04-06T23:11:46.939+0000] {processor.py:183} INFO - Processing /home/malangdataguy/miniconda3/envs/airflow_mdg/lib/python3.8/site-packages/airflow/example_dags/tutorial_taskflow_api.py took 0.096 seconds
[2024-04-06T23:12:32.082+0000] {processor.py:161} INFO - Started process (PID=68569) to work on /home/malangdataguy/miniconda3/envs/airflow_mdg/lib/python3.8/site-packages/airflow/example_dags/tutorial_taskflow_api.py
[2024-04-06T23:12:32.084+0000] {processor.py:830} INFO - Processing file /home/malangdataguy/miniconda3/envs/airflow_mdg/lib/python3.8/site-packages/airflow/example_dags/tutorial_taskflow_api.py for tasks to queue
[2024-04-06T23:12:32.086+0000] {logging_mixin.py:188} INFO - [2024-04-06T23:12:32.085+0000] {dagbag.py:540} INFO - Filling up the DagBag from /home/malangdataguy/miniconda3/envs/airflow_mdg/lib/python3.8/site-packages/airflow/example_dags/tutorial_taskflow_api.py
[2024-04-06T23:12:32.096+0000] {processor.py:840} INFO - DAG(s) 'tutorial_taskflow_api' retrieved from /home/malangdataguy/miniconda3/envs/airflow_mdg/lib/python3.8/site-packages/airflow/example_dags/tutorial_taskflow_api.py
[2024-04-06T23:12:32.120+0000] {logging_mixin.py:188} INFO - [2024-04-06T23:12:32.120+0000] {dag.py:3047} INFO - Sync 1 DAGs
[2024-04-06T23:12:32.134+0000] {logging_mixin.py:188} INFO - [2024-04-06T23:12:32.134+0000] {dag.py:3834} INFO - Setting next_dagrun for tutorial_taskflow_api to None, run_after=None
[2024-04-06T23:12:32.163+0000] {processor.py:183} INFO - Processing /home/malangdataguy/miniconda3/envs/airflow_mdg/lib/python3.8/site-packages/airflow/example_dags/tutorial_taskflow_api.py took 0.088 seconds
[2024-04-06T23:13:12.590+0000] {processor.py:161} INFO - Started process (PID=68611) to work on /home/malangdataguy/miniconda3/envs/airflow_mdg/lib/python3.8/site-packages/airflow/example_dags/tutorial_taskflow_api.py
[2024-04-06T23:13:12.593+0000] {processor.py:830} INFO - Processing file /home/malangdataguy/miniconda3/envs/airflow_mdg/lib/python3.8/site-packages/airflow/example_dags/tutorial_taskflow_api.py for tasks to queue
[2024-04-06T23:13:12.594+0000] {logging_mixin.py:188} INFO - [2024-04-06T23:13:12.594+0000] {dagbag.py:540} INFO - Filling up the DagBag from /home/malangdataguy/miniconda3/envs/airflow_mdg/lib/python3.8/site-packages/airflow/example_dags/tutorial_taskflow_api.py
[2024-04-06T23:13:12.604+0000] {processor.py:840} INFO - DAG(s) 'tutorial_taskflow_api' retrieved from /home/malangdataguy/miniconda3/envs/airflow_mdg/lib/python3.8/site-packages/airflow/example_dags/tutorial_taskflow_api.py
[2024-04-06T23:13:12.628+0000] {logging_mixin.py:188} INFO - [2024-04-06T23:13:12.628+0000] {dag.py:3047} INFO - Sync 1 DAGs
[2024-04-06T23:13:12.644+0000] {logging_mixin.py:188} INFO - [2024-04-06T23:13:12.644+0000] {dag.py:3834} INFO - Setting next_dagrun for tutorial_taskflow_api to None, run_after=None
[2024-04-06T23:13:12.676+0000] {processor.py:183} INFO - Processing /home/malangdataguy/miniconda3/envs/airflow_mdg/lib/python3.8/site-packages/airflow/example_dags/tutorial_taskflow_api.py took 0.092 seconds
[2024-04-06T23:13:52.821+0000] {processor.py:161} INFO - Started process (PID=68654) to work on /home/malangdataguy/miniconda3/envs/airflow_mdg/lib/python3.8/site-packages/airflow/example_dags/tutorial_taskflow_api.py
[2024-04-06T23:13:52.824+0000] {processor.py:830} INFO - Processing file /home/malangdataguy/miniconda3/envs/airflow_mdg/lib/python3.8/site-packages/airflow/example_dags/tutorial_taskflow_api.py for tasks to queue
[2024-04-06T23:13:52.826+0000] {logging_mixin.py:188} INFO - [2024-04-06T23:13:52.825+0000] {dagbag.py:540} INFO - Filling up the DagBag from /home/malangdataguy/miniconda3/envs/airflow_mdg/lib/python3.8/site-packages/airflow/example_dags/tutorial_taskflow_api.py
[2024-04-06T23:13:52.837+0000] {processor.py:840} INFO - DAG(s) 'tutorial_taskflow_api' retrieved from /home/malangdataguy/miniconda3/envs/airflow_mdg/lib/python3.8/site-packages/airflow/example_dags/tutorial_taskflow_api.py
[2024-04-06T23:13:52.864+0000] {logging_mixin.py:188} INFO - [2024-04-06T23:13:52.864+0000] {dag.py:3047} INFO - Sync 1 DAGs
[2024-04-06T23:13:52.881+0000] {logging_mixin.py:188} INFO - [2024-04-06T23:13:52.880+0000] {dag.py:3834} INFO - Setting next_dagrun for tutorial_taskflow_api to None, run_after=None
[2024-04-06T23:13:52.912+0000] {processor.py:183} INFO - Processing /home/malangdataguy/miniconda3/envs/airflow_mdg/lib/python3.8/site-packages/airflow/example_dags/tutorial_taskflow_api.py took 0.096 seconds
[2024-04-06T23:14:36.144+0000] {processor.py:161} INFO - Started process (PID=68695) to work on /home/malangdataguy/miniconda3/envs/airflow_mdg/lib/python3.8/site-packages/airflow/example_dags/tutorial_taskflow_api.py
[2024-04-06T23:14:36.147+0000] {processor.py:830} INFO - Processing file /home/malangdataguy/miniconda3/envs/airflow_mdg/lib/python3.8/site-packages/airflow/example_dags/tutorial_taskflow_api.py for tasks to queue
[2024-04-06T23:14:36.148+0000] {logging_mixin.py:188} INFO - [2024-04-06T23:14:36.148+0000] {dagbag.py:540} INFO - Filling up the DagBag from /home/malangdataguy/miniconda3/envs/airflow_mdg/lib/python3.8/site-packages/airflow/example_dags/tutorial_taskflow_api.py
[2024-04-06T23:14:36.158+0000] {processor.py:840} INFO - DAG(s) 'tutorial_taskflow_api' retrieved from /home/malangdataguy/miniconda3/envs/airflow_mdg/lib/python3.8/site-packages/airflow/example_dags/tutorial_taskflow_api.py
[2024-04-06T23:14:36.180+0000] {logging_mixin.py:188} INFO - [2024-04-06T23:14:36.179+0000] {dag.py:3047} INFO - Sync 1 DAGs
[2024-04-06T23:14:36.194+0000] {logging_mixin.py:188} INFO - [2024-04-06T23:14:36.194+0000] {dag.py:3834} INFO - Setting next_dagrun for tutorial_taskflow_api to None, run_after=None
[2024-04-06T23:14:36.221+0000] {processor.py:183} INFO - Processing /home/malangdataguy/miniconda3/envs/airflow_mdg/lib/python3.8/site-packages/airflow/example_dags/tutorial_taskflow_api.py took 0.081 seconds
[2024-04-06T23:15:16.685+0000] {processor.py:161} INFO - Started process (PID=68738) to work on /home/malangdataguy/miniconda3/envs/airflow_mdg/lib/python3.8/site-packages/airflow/example_dags/tutorial_taskflow_api.py
[2024-04-06T23:15:16.688+0000] {processor.py:830} INFO - Processing file /home/malangdataguy/miniconda3/envs/airflow_mdg/lib/python3.8/site-packages/airflow/example_dags/tutorial_taskflow_api.py for tasks to queue
[2024-04-06T23:15:16.689+0000] {logging_mixin.py:188} INFO - [2024-04-06T23:15:16.688+0000] {dagbag.py:540} INFO - Filling up the DagBag from /home/malangdataguy/miniconda3/envs/airflow_mdg/lib/python3.8/site-packages/airflow/example_dags/tutorial_taskflow_api.py
[2024-04-06T23:15:16.699+0000] {processor.py:840} INFO - DAG(s) 'tutorial_taskflow_api' retrieved from /home/malangdataguy/miniconda3/envs/airflow_mdg/lib/python3.8/site-packages/airflow/example_dags/tutorial_taskflow_api.py
[2024-04-06T23:15:16.721+0000] {logging_mixin.py:188} INFO - [2024-04-06T23:15:16.721+0000] {dag.py:3047} INFO - Sync 1 DAGs
[2024-04-06T23:15:16.735+0000] {logging_mixin.py:188} INFO - [2024-04-06T23:15:16.735+0000] {dag.py:3834} INFO - Setting next_dagrun for tutorial_taskflow_api to None, run_after=None
[2024-04-06T23:15:16.764+0000] {processor.py:183} INFO - Processing /home/malangdataguy/miniconda3/envs/airflow_mdg/lib/python3.8/site-packages/airflow/example_dags/tutorial_taskflow_api.py took 0.083 seconds
[2024-04-06T23:15:56.508+0000] {processor.py:161} INFO - Started process (PID=68780) to work on /home/malangdataguy/miniconda3/envs/airflow_mdg/lib/python3.8/site-packages/airflow/example_dags/tutorial_taskflow_api.py
[2024-04-06T23:15:56.510+0000] {processor.py:830} INFO - Processing file /home/malangdataguy/miniconda3/envs/airflow_mdg/lib/python3.8/site-packages/airflow/example_dags/tutorial_taskflow_api.py for tasks to queue
[2024-04-06T23:15:56.512+0000] {logging_mixin.py:188} INFO - [2024-04-06T23:15:56.511+0000] {dagbag.py:540} INFO - Filling up the DagBag from /home/malangdataguy/miniconda3/envs/airflow_mdg/lib/python3.8/site-packages/airflow/example_dags/tutorial_taskflow_api.py
[2024-04-06T23:15:56.522+0000] {processor.py:840} INFO - DAG(s) 'tutorial_taskflow_api' retrieved from /home/malangdataguy/miniconda3/envs/airflow_mdg/lib/python3.8/site-packages/airflow/example_dags/tutorial_taskflow_api.py
[2024-04-06T23:15:56.546+0000] {logging_mixin.py:188} INFO - [2024-04-06T23:15:56.546+0000] {dag.py:3047} INFO - Sync 1 DAGs
[2024-04-06T23:15:56.561+0000] {logging_mixin.py:188} INFO - [2024-04-06T23:15:56.561+0000] {dag.py:3834} INFO - Setting next_dagrun for tutorial_taskflow_api to None, run_after=None
[2024-04-06T23:15:56.590+0000] {processor.py:183} INFO - Processing /home/malangdataguy/miniconda3/envs/airflow_mdg/lib/python3.8/site-packages/airflow/example_dags/tutorial_taskflow_api.py took 0.087 seconds
[2024-04-06T23:16:33.523+0000] {processor.py:161} INFO - Started process (PID=68820) to work on /home/malangdataguy/miniconda3/envs/airflow_mdg/lib/python3.8/site-packages/airflow/example_dags/tutorial_taskflow_api.py
[2024-04-06T23:16:33.526+0000] {processor.py:830} INFO - Processing file /home/malangdataguy/miniconda3/envs/airflow_mdg/lib/python3.8/site-packages/airflow/example_dags/tutorial_taskflow_api.py for tasks to queue
[2024-04-06T23:16:33.527+0000] {logging_mixin.py:188} INFO - [2024-04-06T23:16:33.526+0000] {dagbag.py:540} INFO - Filling up the DagBag from /home/malangdataguy/miniconda3/envs/airflow_mdg/lib/python3.8/site-packages/airflow/example_dags/tutorial_taskflow_api.py
[2024-04-06T23:16:33.538+0000] {processor.py:840} INFO - DAG(s) 'tutorial_taskflow_api' retrieved from /home/malangdataguy/miniconda3/envs/airflow_mdg/lib/python3.8/site-packages/airflow/example_dags/tutorial_taskflow_api.py
[2024-04-06T23:16:33.564+0000] {logging_mixin.py:188} INFO - [2024-04-06T23:16:33.564+0000] {dag.py:3047} INFO - Sync 1 DAGs
[2024-04-06T23:16:33.581+0000] {logging_mixin.py:188} INFO - [2024-04-06T23:16:33.581+0000] {dag.py:3834} INFO - Setting next_dagrun for tutorial_taskflow_api to None, run_after=None
[2024-04-06T23:16:33.614+0000] {processor.py:183} INFO - Processing /home/malangdataguy/miniconda3/envs/airflow_mdg/lib/python3.8/site-packages/airflow/example_dags/tutorial_taskflow_api.py took 0.096 seconds
[2024-04-06T23:17:13.229+0000] {processor.py:161} INFO - Started process (PID=68863) to work on /home/malangdataguy/miniconda3/envs/airflow_mdg/lib/python3.8/site-packages/airflow/example_dags/tutorial_taskflow_api.py
[2024-04-06T23:17:13.232+0000] {processor.py:830} INFO - Processing file /home/malangdataguy/miniconda3/envs/airflow_mdg/lib/python3.8/site-packages/airflow/example_dags/tutorial_taskflow_api.py for tasks to queue
[2024-04-06T23:17:13.233+0000] {logging_mixin.py:188} INFO - [2024-04-06T23:17:13.233+0000] {dagbag.py:540} INFO - Filling up the DagBag from /home/malangdataguy/miniconda3/envs/airflow_mdg/lib/python3.8/site-packages/airflow/example_dags/tutorial_taskflow_api.py
[2024-04-06T23:17:13.243+0000] {processor.py:840} INFO - DAG(s) 'tutorial_taskflow_api' retrieved from /home/malangdataguy/miniconda3/envs/airflow_mdg/lib/python3.8/site-packages/airflow/example_dags/tutorial_taskflow_api.py
[2024-04-06T23:17:13.265+0000] {logging_mixin.py:188} INFO - [2024-04-06T23:17:13.264+0000] {dag.py:3047} INFO - Sync 1 DAGs
[2024-04-06T23:17:13.278+0000] {logging_mixin.py:188} INFO - [2024-04-06T23:17:13.278+0000] {dag.py:3834} INFO - Setting next_dagrun for tutorial_taskflow_api to None, run_after=None
[2024-04-06T23:17:13.308+0000] {processor.py:183} INFO - Processing /home/malangdataguy/miniconda3/envs/airflow_mdg/lib/python3.8/site-packages/airflow/example_dags/tutorial_taskflow_api.py took 0.084 seconds
[2024-04-06T23:17:57.165+0000] {processor.py:161} INFO - Started process (PID=68911) to work on /home/malangdataguy/miniconda3/envs/airflow_mdg/lib/python3.8/site-packages/airflow/example_dags/tutorial_taskflow_api.py
[2024-04-06T23:17:57.168+0000] {processor.py:830} INFO - Processing file /home/malangdataguy/miniconda3/envs/airflow_mdg/lib/python3.8/site-packages/airflow/example_dags/tutorial_taskflow_api.py for tasks to queue
[2024-04-06T23:17:57.170+0000] {logging_mixin.py:188} INFO - [2024-04-06T23:17:57.169+0000] {dagbag.py:540} INFO - Filling up the DagBag from /home/malangdataguy/miniconda3/envs/airflow_mdg/lib/python3.8/site-packages/airflow/example_dags/tutorial_taskflow_api.py
[2024-04-06T23:17:57.182+0000] {processor.py:840} INFO - DAG(s) 'tutorial_taskflow_api' retrieved from /home/malangdataguy/miniconda3/envs/airflow_mdg/lib/python3.8/site-packages/airflow/example_dags/tutorial_taskflow_api.py
[2024-04-06T23:17:57.211+0000] {logging_mixin.py:188} INFO - [2024-04-06T23:17:57.210+0000] {dag.py:3047} INFO - Sync 1 DAGs
[2024-04-06T23:17:57.228+0000] {logging_mixin.py:188} INFO - [2024-04-06T23:17:57.227+0000] {dag.py:3834} INFO - Setting next_dagrun for tutorial_taskflow_api to None, run_after=None
[2024-04-06T23:17:57.265+0000] {processor.py:183} INFO - Processing /home/malangdataguy/miniconda3/envs/airflow_mdg/lib/python3.8/site-packages/airflow/example_dags/tutorial_taskflow_api.py took 0.105 seconds
[2024-04-06T23:18:40.311+0000] {processor.py:161} INFO - Started process (PID=68955) to work on /home/malangdataguy/miniconda3/envs/airflow_mdg/lib/python3.8/site-packages/airflow/example_dags/tutorial_taskflow_api.py
[2024-04-06T23:18:40.314+0000] {processor.py:830} INFO - Processing file /home/malangdataguy/miniconda3/envs/airflow_mdg/lib/python3.8/site-packages/airflow/example_dags/tutorial_taskflow_api.py for tasks to queue
[2024-04-06T23:18:40.315+0000] {logging_mixin.py:188} INFO - [2024-04-06T23:18:40.314+0000] {dagbag.py:540} INFO - Filling up the DagBag from /home/malangdataguy/miniconda3/envs/airflow_mdg/lib/python3.8/site-packages/airflow/example_dags/tutorial_taskflow_api.py
[2024-04-06T23:18:40.325+0000] {processor.py:840} INFO - DAG(s) 'tutorial_taskflow_api' retrieved from /home/malangdataguy/miniconda3/envs/airflow_mdg/lib/python3.8/site-packages/airflow/example_dags/tutorial_taskflow_api.py
[2024-04-06T23:18:40.349+0000] {logging_mixin.py:188} INFO - [2024-04-06T23:18:40.349+0000] {dag.py:3047} INFO - Sync 1 DAGs
[2024-04-06T23:18:40.365+0000] {logging_mixin.py:188} INFO - [2024-04-06T23:18:40.365+0000] {dag.py:3834} INFO - Setting next_dagrun for tutorial_taskflow_api to None, run_after=None
[2024-04-06T23:18:40.394+0000] {processor.py:183} INFO - Processing /home/malangdataguy/miniconda3/envs/airflow_mdg/lib/python3.8/site-packages/airflow/example_dags/tutorial_taskflow_api.py took 0.089 seconds
[2024-04-06T23:19:19.293+0000] {processor.py:161} INFO - Started process (PID=68995) to work on /home/malangdataguy/miniconda3/envs/airflow_mdg/lib/python3.8/site-packages/airflow/example_dags/tutorial_taskflow_api.py
[2024-04-06T23:19:19.296+0000] {processor.py:830} INFO - Processing file /home/malangdataguy/miniconda3/envs/airflow_mdg/lib/python3.8/site-packages/airflow/example_dags/tutorial_taskflow_api.py for tasks to queue
[2024-04-06T23:19:19.298+0000] {logging_mixin.py:188} INFO - [2024-04-06T23:19:19.297+0000] {dagbag.py:540} INFO - Filling up the DagBag from /home/malangdataguy/miniconda3/envs/airflow_mdg/lib/python3.8/site-packages/airflow/example_dags/tutorial_taskflow_api.py
[2024-04-06T23:19:19.308+0000] {processor.py:840} INFO - DAG(s) 'tutorial_taskflow_api' retrieved from /home/malangdataguy/miniconda3/envs/airflow_mdg/lib/python3.8/site-packages/airflow/example_dags/tutorial_taskflow_api.py
[2024-04-06T23:19:19.332+0000] {logging_mixin.py:188} INFO - [2024-04-06T23:19:19.332+0000] {dag.py:3047} INFO - Sync 1 DAGs
[2024-04-06T23:19:19.350+0000] {logging_mixin.py:188} INFO - [2024-04-06T23:19:19.349+0000] {dag.py:3834} INFO - Setting next_dagrun for tutorial_taskflow_api to None, run_after=None
[2024-04-06T23:19:19.381+0000] {processor.py:183} INFO - Processing /home/malangdataguy/miniconda3/envs/airflow_mdg/lib/python3.8/site-packages/airflow/example_dags/tutorial_taskflow_api.py took 0.093 seconds
[2024-04-06T23:20:05.522+0000] {processor.py:161} INFO - Started process (PID=69039) to work on /home/malangdataguy/miniconda3/envs/airflow_mdg/lib/python3.8/site-packages/airflow/example_dags/tutorial_taskflow_api.py
[2024-04-06T23:20:05.524+0000] {processor.py:830} INFO - Processing file /home/malangdataguy/miniconda3/envs/airflow_mdg/lib/python3.8/site-packages/airflow/example_dags/tutorial_taskflow_api.py for tasks to queue
[2024-04-06T23:20:05.526+0000] {logging_mixin.py:188} INFO - [2024-04-06T23:20:05.525+0000] {dagbag.py:540} INFO - Filling up the DagBag from /home/malangdataguy/miniconda3/envs/airflow_mdg/lib/python3.8/site-packages/airflow/example_dags/tutorial_taskflow_api.py
[2024-04-06T23:20:05.536+0000] {processor.py:840} INFO - DAG(s) 'tutorial_taskflow_api' retrieved from /home/malangdataguy/miniconda3/envs/airflow_mdg/lib/python3.8/site-packages/airflow/example_dags/tutorial_taskflow_api.py
[2024-04-06T23:20:05.560+0000] {logging_mixin.py:188} INFO - [2024-04-06T23:20:05.559+0000] {dag.py:3047} INFO - Sync 1 DAGs
[2024-04-06T23:20:05.575+0000] {logging_mixin.py:188} INFO - [2024-04-06T23:20:05.575+0000] {dag.py:3834} INFO - Setting next_dagrun for tutorial_taskflow_api to None, run_after=None
[2024-04-06T23:20:05.603+0000] {processor.py:183} INFO - Processing /home/malangdataguy/miniconda3/envs/airflow_mdg/lib/python3.8/site-packages/airflow/example_dags/tutorial_taskflow_api.py took 0.086 seconds
[2024-04-06T23:20:51.826+0000] {processor.py:161} INFO - Started process (PID=69085) to work on /home/malangdataguy/miniconda3/envs/airflow_mdg/lib/python3.8/site-packages/airflow/example_dags/tutorial_taskflow_api.py
[2024-04-06T23:20:51.829+0000] {processor.py:830} INFO - Processing file /home/malangdataguy/miniconda3/envs/airflow_mdg/lib/python3.8/site-packages/airflow/example_dags/tutorial_taskflow_api.py for tasks to queue
[2024-04-06T23:20:51.830+0000] {logging_mixin.py:188} INFO - [2024-04-06T23:20:51.829+0000] {dagbag.py:540} INFO - Filling up the DagBag from /home/malangdataguy/miniconda3/envs/airflow_mdg/lib/python3.8/site-packages/airflow/example_dags/tutorial_taskflow_api.py
[2024-04-06T23:20:51.840+0000] {processor.py:840} INFO - DAG(s) 'tutorial_taskflow_api' retrieved from /home/malangdataguy/miniconda3/envs/airflow_mdg/lib/python3.8/site-packages/airflow/example_dags/tutorial_taskflow_api.py
[2024-04-06T23:20:51.862+0000] {logging_mixin.py:188} INFO - [2024-04-06T23:20:51.862+0000] {dag.py:3047} INFO - Sync 1 DAGs
[2024-04-06T23:20:51.877+0000] {logging_mixin.py:188} INFO - [2024-04-06T23:20:51.876+0000] {dag.py:3834} INFO - Setting next_dagrun for tutorial_taskflow_api to None, run_after=None
[2024-04-06T23:20:51.905+0000] {processor.py:183} INFO - Processing /home/malangdataguy/miniconda3/envs/airflow_mdg/lib/python3.8/site-packages/airflow/example_dags/tutorial_taskflow_api.py took 0.084 seconds
[2024-04-06T23:21:31.482+0000] {processor.py:161} INFO - Started process (PID=69127) to work on /home/malangdataguy/miniconda3/envs/airflow_mdg/lib/python3.8/site-packages/airflow/example_dags/tutorial_taskflow_api.py
[2024-04-06T23:21:31.485+0000] {processor.py:830} INFO - Processing file /home/malangdataguy/miniconda3/envs/airflow_mdg/lib/python3.8/site-packages/airflow/example_dags/tutorial_taskflow_api.py for tasks to queue
[2024-04-06T23:21:31.486+0000] {logging_mixin.py:188} INFO - [2024-04-06T23:21:31.486+0000] {dagbag.py:540} INFO - Filling up the DagBag from /home/malangdataguy/miniconda3/envs/airflow_mdg/lib/python3.8/site-packages/airflow/example_dags/tutorial_taskflow_api.py
[2024-04-06T23:21:31.498+0000] {processor.py:840} INFO - DAG(s) 'tutorial_taskflow_api' retrieved from /home/malangdataguy/miniconda3/envs/airflow_mdg/lib/python3.8/site-packages/airflow/example_dags/tutorial_taskflow_api.py
[2024-04-06T23:21:31.524+0000] {logging_mixin.py:188} INFO - [2024-04-06T23:21:31.524+0000] {dag.py:3047} INFO - Sync 1 DAGs
[2024-04-06T23:21:31.541+0000] {logging_mixin.py:188} INFO - [2024-04-06T23:21:31.540+0000] {dag.py:3834} INFO - Setting next_dagrun for tutorial_taskflow_api to None, run_after=None
[2024-04-06T23:21:31.574+0000] {processor.py:183} INFO - Processing /home/malangdataguy/miniconda3/envs/airflow_mdg/lib/python3.8/site-packages/airflow/example_dags/tutorial_taskflow_api.py took 0.097 seconds
[2024-04-06T23:22:14.760+0000] {processor.py:161} INFO - Started process (PID=69168) to work on /home/malangdataguy/miniconda3/envs/airflow_mdg/lib/python3.8/site-packages/airflow/example_dags/tutorial_taskflow_api.py
[2024-04-06T23:22:14.763+0000] {processor.py:830} INFO - Processing file /home/malangdataguy/miniconda3/envs/airflow_mdg/lib/python3.8/site-packages/airflow/example_dags/tutorial_taskflow_api.py for tasks to queue
[2024-04-06T23:22:14.765+0000] {logging_mixin.py:188} INFO - [2024-04-06T23:22:14.764+0000] {dagbag.py:540} INFO - Filling up the DagBag from /home/malangdataguy/miniconda3/envs/airflow_mdg/lib/python3.8/site-packages/airflow/example_dags/tutorial_taskflow_api.py
[2024-04-06T23:22:14.775+0000] {processor.py:840} INFO - DAG(s) 'tutorial_taskflow_api' retrieved from /home/malangdataguy/miniconda3/envs/airflow_mdg/lib/python3.8/site-packages/airflow/example_dags/tutorial_taskflow_api.py
[2024-04-06T23:22:14.799+0000] {logging_mixin.py:188} INFO - [2024-04-06T23:22:14.798+0000] {dag.py:3047} INFO - Sync 1 DAGs
[2024-04-06T23:22:14.814+0000] {logging_mixin.py:188} INFO - [2024-04-06T23:22:14.813+0000] {dag.py:3834} INFO - Setting next_dagrun for tutorial_taskflow_api to None, run_after=None
[2024-04-06T23:22:14.841+0000] {processor.py:183} INFO - Processing /home/malangdataguy/miniconda3/envs/airflow_mdg/lib/python3.8/site-packages/airflow/example_dags/tutorial_taskflow_api.py took 0.085 seconds
[2024-04-06T23:40:22.432+0000] {processor.py:161} INFO - Started process (PID=69282) to work on /home/malangdataguy/miniconda3/envs/airflow_mdg/lib/python3.8/site-packages/airflow/example_dags/tutorial_taskflow_api.py
[2024-04-06T23:40:22.435+0000] {processor.py:830} INFO - Processing file /home/malangdataguy/miniconda3/envs/airflow_mdg/lib/python3.8/site-packages/airflow/example_dags/tutorial_taskflow_api.py for tasks to queue
[2024-04-06T23:40:22.436+0000] {logging_mixin.py:188} INFO - [2024-04-06T23:40:22.436+0000] {dagbag.py:540} INFO - Filling up the DagBag from /home/malangdataguy/miniconda3/envs/airflow_mdg/lib/python3.8/site-packages/airflow/example_dags/tutorial_taskflow_api.py
[2024-04-06T23:40:22.451+0000] {processor.py:840} INFO - DAG(s) 'tutorial_taskflow_api' retrieved from /home/malangdataguy/miniconda3/envs/airflow_mdg/lib/python3.8/site-packages/airflow/example_dags/tutorial_taskflow_api.py
[2024-04-06T23:40:22.480+0000] {logging_mixin.py:188} INFO - [2024-04-06T23:40:22.479+0000] {dag.py:3047} INFO - Sync 1 DAGs
[2024-04-06T23:40:22.496+0000] {logging_mixin.py:188} INFO - [2024-04-06T23:40:22.495+0000] {dag.py:3834} INFO - Setting next_dagrun for tutorial_taskflow_api to None, run_after=None
[2024-04-06T23:40:22.533+0000] {processor.py:183} INFO - Processing /home/malangdataguy/miniconda3/envs/airflow_mdg/lib/python3.8/site-packages/airflow/example_dags/tutorial_taskflow_api.py took 0.107 seconds
[2024-04-06T23:41:14.749+0000] {processor.py:161} INFO - Started process (PID=69332) to work on /home/malangdataguy/miniconda3/envs/airflow_mdg/lib/python3.8/site-packages/airflow/example_dags/tutorial_taskflow_api.py
[2024-04-06T23:41:14.751+0000] {processor.py:830} INFO - Processing file /home/malangdataguy/miniconda3/envs/airflow_mdg/lib/python3.8/site-packages/airflow/example_dags/tutorial_taskflow_api.py for tasks to queue
[2024-04-06T23:41:14.753+0000] {logging_mixin.py:188} INFO - [2024-04-06T23:41:14.752+0000] {dagbag.py:540} INFO - Filling up the DagBag from /home/malangdataguy/miniconda3/envs/airflow_mdg/lib/python3.8/site-packages/airflow/example_dags/tutorial_taskflow_api.py
[2024-04-06T23:41:14.762+0000] {processor.py:840} INFO - DAG(s) 'tutorial_taskflow_api' retrieved from /home/malangdataguy/miniconda3/envs/airflow_mdg/lib/python3.8/site-packages/airflow/example_dags/tutorial_taskflow_api.py
[2024-04-06T23:41:14.786+0000] {logging_mixin.py:188} INFO - [2024-04-06T23:41:14.786+0000] {dag.py:3047} INFO - Sync 1 DAGs
[2024-04-06T23:41:14.801+0000] {logging_mixin.py:188} INFO - [2024-04-06T23:41:14.800+0000] {dag.py:3834} INFO - Setting next_dagrun for tutorial_taskflow_api to None, run_after=None
[2024-04-06T23:41:14.830+0000] {processor.py:183} INFO - Processing /home/malangdataguy/miniconda3/envs/airflow_mdg/lib/python3.8/site-packages/airflow/example_dags/tutorial_taskflow_api.py took 0.086 seconds
[2024-04-06T23:41:59.051+0000] {processor.py:161} INFO - Started process (PID=69374) to work on /home/malangdataguy/miniconda3/envs/airflow_mdg/lib/python3.8/site-packages/airflow/example_dags/tutorial_taskflow_api.py
[2024-04-06T23:41:59.053+0000] {processor.py:830} INFO - Processing file /home/malangdataguy/miniconda3/envs/airflow_mdg/lib/python3.8/site-packages/airflow/example_dags/tutorial_taskflow_api.py for tasks to queue
[2024-04-06T23:41:59.055+0000] {logging_mixin.py:188} INFO - [2024-04-06T23:41:59.054+0000] {dagbag.py:540} INFO - Filling up the DagBag from /home/malangdataguy/miniconda3/envs/airflow_mdg/lib/python3.8/site-packages/airflow/example_dags/tutorial_taskflow_api.py
[2024-04-06T23:41:59.065+0000] {processor.py:840} INFO - DAG(s) 'tutorial_taskflow_api' retrieved from /home/malangdataguy/miniconda3/envs/airflow_mdg/lib/python3.8/site-packages/airflow/example_dags/tutorial_taskflow_api.py
[2024-04-06T23:41:59.088+0000] {logging_mixin.py:188} INFO - [2024-04-06T23:41:59.088+0000] {dag.py:3047} INFO - Sync 1 DAGs
[2024-04-06T23:41:59.103+0000] {logging_mixin.py:188} INFO - [2024-04-06T23:41:59.102+0000] {dag.py:3834} INFO - Setting next_dagrun for tutorial_taskflow_api to None, run_after=None
[2024-04-06T23:41:59.131+0000] {processor.py:183} INFO - Processing /home/malangdataguy/miniconda3/envs/airflow_mdg/lib/python3.8/site-packages/airflow/example_dags/tutorial_taskflow_api.py took 0.084 seconds
[2024-04-06T23:42:43.486+0000] {processor.py:161} INFO - Started process (PID=69419) to work on /home/malangdataguy/miniconda3/envs/airflow_mdg/lib/python3.8/site-packages/airflow/example_dags/tutorial_taskflow_api.py
[2024-04-06T23:42:43.489+0000] {processor.py:830} INFO - Processing file /home/malangdataguy/miniconda3/envs/airflow_mdg/lib/python3.8/site-packages/airflow/example_dags/tutorial_taskflow_api.py for tasks to queue
[2024-04-06T23:42:43.491+0000] {logging_mixin.py:188} INFO - [2024-04-06T23:42:43.490+0000] {dagbag.py:540} INFO - Filling up the DagBag from /home/malangdataguy/miniconda3/envs/airflow_mdg/lib/python3.8/site-packages/airflow/example_dags/tutorial_taskflow_api.py
[2024-04-06T23:42:43.502+0000] {processor.py:840} INFO - DAG(s) 'tutorial_taskflow_api' retrieved from /home/malangdataguy/miniconda3/envs/airflow_mdg/lib/python3.8/site-packages/airflow/example_dags/tutorial_taskflow_api.py
[2024-04-06T23:42:43.527+0000] {logging_mixin.py:188} INFO - [2024-04-06T23:42:43.526+0000] {dag.py:3047} INFO - Sync 1 DAGs
[2024-04-06T23:42:43.542+0000] {logging_mixin.py:188} INFO - [2024-04-06T23:42:43.542+0000] {dag.py:3834} INFO - Setting next_dagrun for tutorial_taskflow_api to None, run_after=None
[2024-04-06T23:42:43.572+0000] {processor.py:183} INFO - Processing /home/malangdataguy/miniconda3/envs/airflow_mdg/lib/python3.8/site-packages/airflow/example_dags/tutorial_taskflow_api.py took 0.091 seconds
[2024-04-06T23:43:27.476+0000] {processor.py:161} INFO - Started process (PID=69462) to work on /home/malangdataguy/miniconda3/envs/airflow_mdg/lib/python3.8/site-packages/airflow/example_dags/tutorial_taskflow_api.py
[2024-04-06T23:43:27.479+0000] {processor.py:830} INFO - Processing file /home/malangdataguy/miniconda3/envs/airflow_mdg/lib/python3.8/site-packages/airflow/example_dags/tutorial_taskflow_api.py for tasks to queue
[2024-04-06T23:43:27.480+0000] {logging_mixin.py:188} INFO - [2024-04-06T23:43:27.480+0000] {dagbag.py:540} INFO - Filling up the DagBag from /home/malangdataguy/miniconda3/envs/airflow_mdg/lib/python3.8/site-packages/airflow/example_dags/tutorial_taskflow_api.py
[2024-04-06T23:43:27.494+0000] {processor.py:840} INFO - DAG(s) 'tutorial_taskflow_api' retrieved from /home/malangdataguy/miniconda3/envs/airflow_mdg/lib/python3.8/site-packages/airflow/example_dags/tutorial_taskflow_api.py
[2024-04-06T23:43:27.523+0000] {logging_mixin.py:188} INFO - [2024-04-06T23:43:27.523+0000] {dag.py:3047} INFO - Sync 1 DAGs
[2024-04-06T23:43:27.541+0000] {logging_mixin.py:188} INFO - [2024-04-06T23:43:27.540+0000] {dag.py:3834} INFO - Setting next_dagrun for tutorial_taskflow_api to None, run_after=None
[2024-04-06T23:43:27.578+0000] {processor.py:183} INFO - Processing /home/malangdataguy/miniconda3/envs/airflow_mdg/lib/python3.8/site-packages/airflow/example_dags/tutorial_taskflow_api.py took 0.108 seconds
[2024-04-06T23:44:11.957+0000] {processor.py:161} INFO - Started process (PID=69521) to work on /home/malangdataguy/miniconda3/envs/airflow_mdg/lib/python3.8/site-packages/airflow/example_dags/tutorial_taskflow_api.py
[2024-04-06T23:44:11.960+0000] {processor.py:830} INFO - Processing file /home/malangdataguy/miniconda3/envs/airflow_mdg/lib/python3.8/site-packages/airflow/example_dags/tutorial_taskflow_api.py for tasks to queue
[2024-04-06T23:44:11.962+0000] {logging_mixin.py:188} INFO - [2024-04-06T23:44:11.961+0000] {dagbag.py:540} INFO - Filling up the DagBag from /home/malangdataguy/miniconda3/envs/airflow_mdg/lib/python3.8/site-packages/airflow/example_dags/tutorial_taskflow_api.py
[2024-04-06T23:44:11.973+0000] {processor.py:840} INFO - DAG(s) 'tutorial_taskflow_api' retrieved from /home/malangdataguy/miniconda3/envs/airflow_mdg/lib/python3.8/site-packages/airflow/example_dags/tutorial_taskflow_api.py
[2024-04-06T23:44:11.999+0000] {logging_mixin.py:188} INFO - [2024-04-06T23:44:11.999+0000] {dag.py:3047} INFO - Sync 1 DAGs
[2024-04-06T23:44:12.015+0000] {logging_mixin.py:188} INFO - [2024-04-06T23:44:12.014+0000] {dag.py:3834} INFO - Setting next_dagrun for tutorial_taskflow_api to None, run_after=None
[2024-04-06T23:44:12.045+0000] {processor.py:183} INFO - Processing /home/malangdataguy/miniconda3/envs/airflow_mdg/lib/python3.8/site-packages/airflow/example_dags/tutorial_taskflow_api.py took 0.093 seconds
[2024-04-06T23:44:55.857+0000] {processor.py:161} INFO - Started process (PID=69569) to work on /home/malangdataguy/miniconda3/envs/airflow_mdg/lib/python3.8/site-packages/airflow/example_dags/tutorial_taskflow_api.py
[2024-04-06T23:44:55.860+0000] {processor.py:830} INFO - Processing file /home/malangdataguy/miniconda3/envs/airflow_mdg/lib/python3.8/site-packages/airflow/example_dags/tutorial_taskflow_api.py for tasks to queue
[2024-04-06T23:44:55.862+0000] {logging_mixin.py:188} INFO - [2024-04-06T23:44:55.861+0000] {dagbag.py:540} INFO - Filling up the DagBag from /home/malangdataguy/miniconda3/envs/airflow_mdg/lib/python3.8/site-packages/airflow/example_dags/tutorial_taskflow_api.py
[2024-04-06T23:44:55.873+0000] {processor.py:840} INFO - DAG(s) 'tutorial_taskflow_api' retrieved from /home/malangdataguy/miniconda3/envs/airflow_mdg/lib/python3.8/site-packages/airflow/example_dags/tutorial_taskflow_api.py
[2024-04-06T23:44:55.902+0000] {logging_mixin.py:188} INFO - [2024-04-06T23:44:55.902+0000] {dag.py:3047} INFO - Sync 1 DAGs
[2024-04-06T23:44:55.918+0000] {logging_mixin.py:188} INFO - [2024-04-06T23:44:55.917+0000] {dag.py:3834} INFO - Setting next_dagrun for tutorial_taskflow_api to None, run_after=None
[2024-04-06T23:44:55.949+0000] {processor.py:183} INFO - Processing /home/malangdataguy/miniconda3/envs/airflow_mdg/lib/python3.8/site-packages/airflow/example_dags/tutorial_taskflow_api.py took 0.098 seconds
[2024-04-06T23:45:45.797+0000] {processor.py:161} INFO - Started process (PID=69620) to work on /home/malangdataguy/miniconda3/envs/airflow_mdg/lib/python3.8/site-packages/airflow/example_dags/tutorial_taskflow_api.py
[2024-04-06T23:45:45.800+0000] {processor.py:830} INFO - Processing file /home/malangdataguy/miniconda3/envs/airflow_mdg/lib/python3.8/site-packages/airflow/example_dags/tutorial_taskflow_api.py for tasks to queue
[2024-04-06T23:45:45.801+0000] {logging_mixin.py:188} INFO - [2024-04-06T23:45:45.800+0000] {dagbag.py:540} INFO - Filling up the DagBag from /home/malangdataguy/miniconda3/envs/airflow_mdg/lib/python3.8/site-packages/airflow/example_dags/tutorial_taskflow_api.py
[2024-04-06T23:45:45.812+0000] {processor.py:840} INFO - DAG(s) 'tutorial_taskflow_api' retrieved from /home/malangdataguy/miniconda3/envs/airflow_mdg/lib/python3.8/site-packages/airflow/example_dags/tutorial_taskflow_api.py
[2024-04-06T23:45:45.836+0000] {logging_mixin.py:188} INFO - [2024-04-06T23:45:45.835+0000] {dag.py:3047} INFO - Sync 1 DAGs
[2024-04-06T23:45:45.850+0000] {logging_mixin.py:188} INFO - [2024-04-06T23:45:45.850+0000] {dag.py:3834} INFO - Setting next_dagrun for tutorial_taskflow_api to None, run_after=None
[2024-04-06T23:45:45.881+0000] {processor.py:183} INFO - Processing /home/malangdataguy/miniconda3/envs/airflow_mdg/lib/python3.8/site-packages/airflow/example_dags/tutorial_taskflow_api.py took 0.089 seconds
[2024-04-06T23:46:27.268+0000] {processor.py:161} INFO - Started process (PID=69664) to work on /home/malangdataguy/miniconda3/envs/airflow_mdg/lib/python3.8/site-packages/airflow/example_dags/tutorial_taskflow_api.py
[2024-04-06T23:46:27.271+0000] {processor.py:830} INFO - Processing file /home/malangdataguy/miniconda3/envs/airflow_mdg/lib/python3.8/site-packages/airflow/example_dags/tutorial_taskflow_api.py for tasks to queue
[2024-04-06T23:46:27.272+0000] {logging_mixin.py:188} INFO - [2024-04-06T23:46:27.272+0000] {dagbag.py:540} INFO - Filling up the DagBag from /home/malangdataguy/miniconda3/envs/airflow_mdg/lib/python3.8/site-packages/airflow/example_dags/tutorial_taskflow_api.py
[2024-04-06T23:46:27.283+0000] {processor.py:840} INFO - DAG(s) 'tutorial_taskflow_api' retrieved from /home/malangdataguy/miniconda3/envs/airflow_mdg/lib/python3.8/site-packages/airflow/example_dags/tutorial_taskflow_api.py
[2024-04-06T23:46:27.307+0000] {logging_mixin.py:188} INFO - [2024-04-06T23:46:27.306+0000] {dag.py:3047} INFO - Sync 1 DAGs
[2024-04-06T23:46:27.322+0000] {logging_mixin.py:188} INFO - [2024-04-06T23:46:27.321+0000] {dag.py:3834} INFO - Setting next_dagrun for tutorial_taskflow_api to None, run_after=None
[2024-04-06T23:46:27.352+0000] {processor.py:183} INFO - Processing /home/malangdataguy/miniconda3/envs/airflow_mdg/lib/python3.8/site-packages/airflow/example_dags/tutorial_taskflow_api.py took 0.089 seconds
[2024-04-06T23:47:08.688+0000] {processor.py:161} INFO - Started process (PID=69737) to work on /home/malangdataguy/miniconda3/envs/airflow_mdg/lib/python3.8/site-packages/airflow/example_dags/tutorial_taskflow_api.py
[2024-04-06T23:47:08.690+0000] {processor.py:830} INFO - Processing file /home/malangdataguy/miniconda3/envs/airflow_mdg/lib/python3.8/site-packages/airflow/example_dags/tutorial_taskflow_api.py for tasks to queue
[2024-04-06T23:47:08.691+0000] {logging_mixin.py:188} INFO - [2024-04-06T23:47:08.691+0000] {dagbag.py:540} INFO - Filling up the DagBag from /home/malangdataguy/miniconda3/envs/airflow_mdg/lib/python3.8/site-packages/airflow/example_dags/tutorial_taskflow_api.py
[2024-04-06T23:47:08.701+0000] {processor.py:840} INFO - DAG(s) 'tutorial_taskflow_api' retrieved from /home/malangdataguy/miniconda3/envs/airflow_mdg/lib/python3.8/site-packages/airflow/example_dags/tutorial_taskflow_api.py
[2024-04-06T23:47:08.724+0000] {logging_mixin.py:188} INFO - [2024-04-06T23:47:08.723+0000] {dag.py:3047} INFO - Sync 1 DAGs
[2024-04-06T23:47:08.738+0000] {logging_mixin.py:188} INFO - [2024-04-06T23:47:08.738+0000] {dag.py:3834} INFO - Setting next_dagrun for tutorial_taskflow_api to None, run_after=None
[2024-04-06T23:47:08.766+0000] {processor.py:183} INFO - Processing /home/malangdataguy/miniconda3/envs/airflow_mdg/lib/python3.8/site-packages/airflow/example_dags/tutorial_taskflow_api.py took 0.083 seconds
[2024-04-06T23:47:48.734+0000] {processor.py:161} INFO - Started process (PID=69778) to work on /home/malangdataguy/miniconda3/envs/airflow_mdg/lib/python3.8/site-packages/airflow/example_dags/tutorial_taskflow_api.py
[2024-04-06T23:47:48.736+0000] {processor.py:830} INFO - Processing file /home/malangdataguy/miniconda3/envs/airflow_mdg/lib/python3.8/site-packages/airflow/example_dags/tutorial_taskflow_api.py for tasks to queue
[2024-04-06T23:47:48.738+0000] {logging_mixin.py:188} INFO - [2024-04-06T23:47:48.738+0000] {dagbag.py:540} INFO - Filling up the DagBag from /home/malangdataguy/miniconda3/envs/airflow_mdg/lib/python3.8/site-packages/airflow/example_dags/tutorial_taskflow_api.py
[2024-04-06T23:47:48.749+0000] {processor.py:840} INFO - DAG(s) 'tutorial_taskflow_api' retrieved from /home/malangdataguy/miniconda3/envs/airflow_mdg/lib/python3.8/site-packages/airflow/example_dags/tutorial_taskflow_api.py
[2024-04-06T23:47:48.774+0000] {logging_mixin.py:188} INFO - [2024-04-06T23:47:48.774+0000] {dag.py:3047} INFO - Sync 1 DAGs
[2024-04-06T23:47:48.790+0000] {logging_mixin.py:188} INFO - [2024-04-06T23:47:48.790+0000] {dag.py:3834} INFO - Setting next_dagrun for tutorial_taskflow_api to None, run_after=None
[2024-04-06T23:47:48.819+0000] {processor.py:183} INFO - Processing /home/malangdataguy/miniconda3/envs/airflow_mdg/lib/python3.8/site-packages/airflow/example_dags/tutorial_taskflow_api.py took 0.091 seconds
[2024-04-06T23:48:31.650+0000] {processor.py:161} INFO - Started process (PID=69826) to work on /home/malangdataguy/miniconda3/envs/airflow_mdg/lib/python3.8/site-packages/airflow/example_dags/tutorial_taskflow_api.py
[2024-04-06T23:48:31.653+0000] {processor.py:830} INFO - Processing file /home/malangdataguy/miniconda3/envs/airflow_mdg/lib/python3.8/site-packages/airflow/example_dags/tutorial_taskflow_api.py for tasks to queue
[2024-04-06T23:48:31.654+0000] {logging_mixin.py:188} INFO - [2024-04-06T23:48:31.654+0000] {dagbag.py:540} INFO - Filling up the DagBag from /home/malangdataguy/miniconda3/envs/airflow_mdg/lib/python3.8/site-packages/airflow/example_dags/tutorial_taskflow_api.py
[2024-04-06T23:48:31.666+0000] {processor.py:840} INFO - DAG(s) 'tutorial_taskflow_api' retrieved from /home/malangdataguy/miniconda3/envs/airflow_mdg/lib/python3.8/site-packages/airflow/example_dags/tutorial_taskflow_api.py
[2024-04-06T23:48:31.694+0000] {logging_mixin.py:188} INFO - [2024-04-06T23:48:31.694+0000] {dag.py:3047} INFO - Sync 1 DAGs
[2024-04-06T23:48:31.712+0000] {logging_mixin.py:188} INFO - [2024-04-06T23:48:31.712+0000] {dag.py:3834} INFO - Setting next_dagrun for tutorial_taskflow_api to None, run_after=None
[2024-04-06T23:48:31.746+0000] {processor.py:183} INFO - Processing /home/malangdataguy/miniconda3/envs/airflow_mdg/lib/python3.8/site-packages/airflow/example_dags/tutorial_taskflow_api.py took 0.101 seconds
[2024-04-06T23:49:13.130+0000] {processor.py:161} INFO - Started process (PID=69867) to work on /home/malangdataguy/miniconda3/envs/airflow_mdg/lib/python3.8/site-packages/airflow/example_dags/tutorial_taskflow_api.py
[2024-04-06T23:49:13.132+0000] {processor.py:830} INFO - Processing file /home/malangdataguy/miniconda3/envs/airflow_mdg/lib/python3.8/site-packages/airflow/example_dags/tutorial_taskflow_api.py for tasks to queue
[2024-04-06T23:49:13.134+0000] {logging_mixin.py:188} INFO - [2024-04-06T23:49:13.133+0000] {dagbag.py:540} INFO - Filling up the DagBag from /home/malangdataguy/miniconda3/envs/airflow_mdg/lib/python3.8/site-packages/airflow/example_dags/tutorial_taskflow_api.py
[2024-04-06T23:49:13.144+0000] {processor.py:840} INFO - DAG(s) 'tutorial_taskflow_api' retrieved from /home/malangdataguy/miniconda3/envs/airflow_mdg/lib/python3.8/site-packages/airflow/example_dags/tutorial_taskflow_api.py
[2024-04-06T23:49:13.169+0000] {logging_mixin.py:188} INFO - [2024-04-06T23:49:13.168+0000] {dag.py:3047} INFO - Sync 1 DAGs
[2024-04-06T23:49:13.183+0000] {logging_mixin.py:188} INFO - [2024-04-06T23:49:13.182+0000] {dag.py:3834} INFO - Setting next_dagrun for tutorial_taskflow_api to None, run_after=None
[2024-04-06T23:49:13.216+0000] {processor.py:183} INFO - Processing /home/malangdataguy/miniconda3/envs/airflow_mdg/lib/python3.8/site-packages/airflow/example_dags/tutorial_taskflow_api.py took 0.091 seconds
[2024-04-06T23:49:55.782+0000] {processor.py:161} INFO - Started process (PID=69913) to work on /home/malangdataguy/miniconda3/envs/airflow_mdg/lib/python3.8/site-packages/airflow/example_dags/tutorial_taskflow_api.py
[2024-04-06T23:49:55.786+0000] {processor.py:830} INFO - Processing file /home/malangdataguy/miniconda3/envs/airflow_mdg/lib/python3.8/site-packages/airflow/example_dags/tutorial_taskflow_api.py for tasks to queue
[2024-04-06T23:49:55.787+0000] {logging_mixin.py:188} INFO - [2024-04-06T23:49:55.787+0000] {dagbag.py:540} INFO - Filling up the DagBag from /home/malangdataguy/miniconda3/envs/airflow_mdg/lib/python3.8/site-packages/airflow/example_dags/tutorial_taskflow_api.py
[2024-04-06T23:49:55.797+0000] {processor.py:840} INFO - DAG(s) 'tutorial_taskflow_api' retrieved from /home/malangdataguy/miniconda3/envs/airflow_mdg/lib/python3.8/site-packages/airflow/example_dags/tutorial_taskflow_api.py
[2024-04-06T23:49:55.821+0000] {logging_mixin.py:188} INFO - [2024-04-06T23:49:55.820+0000] {dag.py:3047} INFO - Sync 1 DAGs
[2024-04-06T23:49:55.836+0000] {logging_mixin.py:188} INFO - [2024-04-06T23:49:55.835+0000] {dag.py:3834} INFO - Setting next_dagrun for tutorial_taskflow_api to None, run_after=None
[2024-04-06T23:49:55.864+0000] {processor.py:183} INFO - Processing /home/malangdataguy/miniconda3/envs/airflow_mdg/lib/python3.8/site-packages/airflow/example_dags/tutorial_taskflow_api.py took 0.086 seconds
[2024-04-06T23:50:34.922+0000] {processor.py:161} INFO - Started process (PID=69952) to work on /home/malangdataguy/miniconda3/envs/airflow_mdg/lib/python3.8/site-packages/airflow/example_dags/tutorial_taskflow_api.py
[2024-04-06T23:50:34.924+0000] {processor.py:830} INFO - Processing file /home/malangdataguy/miniconda3/envs/airflow_mdg/lib/python3.8/site-packages/airflow/example_dags/tutorial_taskflow_api.py for tasks to queue
[2024-04-06T23:50:34.926+0000] {logging_mixin.py:188} INFO - [2024-04-06T23:50:34.925+0000] {dagbag.py:540} INFO - Filling up the DagBag from /home/malangdataguy/miniconda3/envs/airflow_mdg/lib/python3.8/site-packages/airflow/example_dags/tutorial_taskflow_api.py
[2024-04-06T23:50:34.938+0000] {processor.py:840} INFO - DAG(s) 'tutorial_taskflow_api' retrieved from /home/malangdataguy/miniconda3/envs/airflow_mdg/lib/python3.8/site-packages/airflow/example_dags/tutorial_taskflow_api.py
[2024-04-06T23:50:34.966+0000] {logging_mixin.py:188} INFO - [2024-04-06T23:50:34.965+0000] {dag.py:3047} INFO - Sync 1 DAGs
[2024-04-06T23:50:34.982+0000] {logging_mixin.py:188} INFO - [2024-04-06T23:50:34.982+0000] {dag.py:3834} INFO - Setting next_dagrun for tutorial_taskflow_api to None, run_after=None
[2024-04-06T23:50:35.016+0000] {processor.py:183} INFO - Processing /home/malangdataguy/miniconda3/envs/airflow_mdg/lib/python3.8/site-packages/airflow/example_dags/tutorial_taskflow_api.py took 0.100 seconds
[2024-04-06T23:51:17.831+0000] {processor.py:161} INFO - Started process (PID=69997) to work on /home/malangdataguy/miniconda3/envs/airflow_mdg/lib/python3.8/site-packages/airflow/example_dags/tutorial_taskflow_api.py
[2024-04-06T23:51:17.834+0000] {processor.py:830} INFO - Processing file /home/malangdataguy/miniconda3/envs/airflow_mdg/lib/python3.8/site-packages/airflow/example_dags/tutorial_taskflow_api.py for tasks to queue
[2024-04-06T23:51:17.835+0000] {logging_mixin.py:188} INFO - [2024-04-06T23:51:17.835+0000] {dagbag.py:540} INFO - Filling up the DagBag from /home/malangdataguy/miniconda3/envs/airflow_mdg/lib/python3.8/site-packages/airflow/example_dags/tutorial_taskflow_api.py
[2024-04-06T23:51:17.845+0000] {processor.py:840} INFO - DAG(s) 'tutorial_taskflow_api' retrieved from /home/malangdataguy/miniconda3/envs/airflow_mdg/lib/python3.8/site-packages/airflow/example_dags/tutorial_taskflow_api.py
[2024-04-06T23:51:17.869+0000] {logging_mixin.py:188} INFO - [2024-04-06T23:51:17.868+0000] {dag.py:3047} INFO - Sync 1 DAGs
[2024-04-06T23:51:17.885+0000] {logging_mixin.py:188} INFO - [2024-04-06T23:51:17.885+0000] {dag.py:3834} INFO - Setting next_dagrun for tutorial_taskflow_api to None, run_after=None
[2024-04-06T23:51:17.914+0000] {processor.py:183} INFO - Processing /home/malangdataguy/miniconda3/envs/airflow_mdg/lib/python3.8/site-packages/airflow/example_dags/tutorial_taskflow_api.py took 0.087 seconds
[2024-04-06T23:52:01.285+0000] {processor.py:161} INFO - Started process (PID=70040) to work on /home/malangdataguy/miniconda3/envs/airflow_mdg/lib/python3.8/site-packages/airflow/example_dags/tutorial_taskflow_api.py
[2024-04-06T23:52:01.288+0000] {processor.py:830} INFO - Processing file /home/malangdataguy/miniconda3/envs/airflow_mdg/lib/python3.8/site-packages/airflow/example_dags/tutorial_taskflow_api.py for tasks to queue
[2024-04-06T23:52:01.289+0000] {logging_mixin.py:188} INFO - [2024-04-06T23:52:01.289+0000] {dagbag.py:540} INFO - Filling up the DagBag from /home/malangdataguy/miniconda3/envs/airflow_mdg/lib/python3.8/site-packages/airflow/example_dags/tutorial_taskflow_api.py
[2024-04-06T23:52:01.302+0000] {processor.py:840} INFO - DAG(s) 'tutorial_taskflow_api' retrieved from /home/malangdataguy/miniconda3/envs/airflow_mdg/lib/python3.8/site-packages/airflow/example_dags/tutorial_taskflow_api.py
[2024-04-06T23:52:01.325+0000] {logging_mixin.py:188} INFO - [2024-04-06T23:52:01.324+0000] {dag.py:3047} INFO - Sync 1 DAGs
[2024-04-06T23:52:01.339+0000] {logging_mixin.py:188} INFO - [2024-04-06T23:52:01.339+0000] {dag.py:3834} INFO - Setting next_dagrun for tutorial_taskflow_api to None, run_after=None
[2024-04-06T23:52:01.371+0000] {processor.py:183} INFO - Processing /home/malangdataguy/miniconda3/envs/airflow_mdg/lib/python3.8/site-packages/airflow/example_dags/tutorial_taskflow_api.py took 0.091 seconds
[2024-04-06T23:52:45.273+0000] {processor.py:161} INFO - Started process (PID=70085) to work on /home/malangdataguy/miniconda3/envs/airflow_mdg/lib/python3.8/site-packages/airflow/example_dags/tutorial_taskflow_api.py
[2024-04-06T23:52:45.276+0000] {processor.py:830} INFO - Processing file /home/malangdataguy/miniconda3/envs/airflow_mdg/lib/python3.8/site-packages/airflow/example_dags/tutorial_taskflow_api.py for tasks to queue
[2024-04-06T23:52:45.277+0000] {logging_mixin.py:188} INFO - [2024-04-06T23:52:45.277+0000] {dagbag.py:540} INFO - Filling up the DagBag from /home/malangdataguy/miniconda3/envs/airflow_mdg/lib/python3.8/site-packages/airflow/example_dags/tutorial_taskflow_api.py
[2024-04-06T23:52:45.288+0000] {processor.py:840} INFO - DAG(s) 'tutorial_taskflow_api' retrieved from /home/malangdataguy/miniconda3/envs/airflow_mdg/lib/python3.8/site-packages/airflow/example_dags/tutorial_taskflow_api.py
[2024-04-06T23:52:45.313+0000] {logging_mixin.py:188} INFO - [2024-04-06T23:52:45.312+0000] {dag.py:3047} INFO - Sync 1 DAGs
[2024-04-06T23:52:45.329+0000] {logging_mixin.py:188} INFO - [2024-04-06T23:52:45.328+0000] {dag.py:3834} INFO - Setting next_dagrun for tutorial_taskflow_api to None, run_after=None
[2024-04-06T23:52:45.357+0000] {processor.py:183} INFO - Processing /home/malangdataguy/miniconda3/envs/airflow_mdg/lib/python3.8/site-packages/airflow/example_dags/tutorial_taskflow_api.py took 0.088 seconds
[2024-04-06T23:53:30.656+0000] {processor.py:161} INFO - Started process (PID=70133) to work on /home/malangdataguy/miniconda3/envs/airflow_mdg/lib/python3.8/site-packages/airflow/example_dags/tutorial_taskflow_api.py
[2024-04-06T23:53:30.659+0000] {processor.py:830} INFO - Processing file /home/malangdataguy/miniconda3/envs/airflow_mdg/lib/python3.8/site-packages/airflow/example_dags/tutorial_taskflow_api.py for tasks to queue
[2024-04-06T23:53:30.661+0000] {logging_mixin.py:188} INFO - [2024-04-06T23:53:30.660+0000] {dagbag.py:540} INFO - Filling up the DagBag from /home/malangdataguy/miniconda3/envs/airflow_mdg/lib/python3.8/site-packages/airflow/example_dags/tutorial_taskflow_api.py
[2024-04-06T23:53:30.672+0000] {processor.py:840} INFO - DAG(s) 'tutorial_taskflow_api' retrieved from /home/malangdataguy/miniconda3/envs/airflow_mdg/lib/python3.8/site-packages/airflow/example_dags/tutorial_taskflow_api.py
[2024-04-06T23:53:30.700+0000] {logging_mixin.py:188} INFO - [2024-04-06T23:53:30.700+0000] {dag.py:3047} INFO - Sync 1 DAGs
[2024-04-06T23:53:30.720+0000] {logging_mixin.py:188} INFO - [2024-04-06T23:53:30.719+0000] {dag.py:3834} INFO - Setting next_dagrun for tutorial_taskflow_api to None, run_after=None
[2024-04-06T23:53:30.756+0000] {processor.py:183} INFO - Processing /home/malangdataguy/miniconda3/envs/airflow_mdg/lib/python3.8/site-packages/airflow/example_dags/tutorial_taskflow_api.py took 0.105 seconds
[2024-04-06T23:54:13.863+0000] {processor.py:161} INFO - Started process (PID=70209) to work on /home/malangdataguy/miniconda3/envs/airflow_mdg/lib/python3.8/site-packages/airflow/example_dags/tutorial_taskflow_api.py
[2024-04-06T23:54:13.865+0000] {processor.py:830} INFO - Processing file /home/malangdataguy/miniconda3/envs/airflow_mdg/lib/python3.8/site-packages/airflow/example_dags/tutorial_taskflow_api.py for tasks to queue
[2024-04-06T23:54:13.867+0000] {logging_mixin.py:188} INFO - [2024-04-06T23:54:13.866+0000] {dagbag.py:540} INFO - Filling up the DagBag from /home/malangdataguy/miniconda3/envs/airflow_mdg/lib/python3.8/site-packages/airflow/example_dags/tutorial_taskflow_api.py
[2024-04-06T23:54:13.879+0000] {processor.py:840} INFO - DAG(s) 'tutorial_taskflow_api' retrieved from /home/malangdataguy/miniconda3/envs/airflow_mdg/lib/python3.8/site-packages/airflow/example_dags/tutorial_taskflow_api.py
[2024-04-06T23:54:13.905+0000] {logging_mixin.py:188} INFO - [2024-04-06T23:54:13.905+0000] {dag.py:3047} INFO - Sync 1 DAGs
[2024-04-06T23:54:13.923+0000] {logging_mixin.py:188} INFO - [2024-04-06T23:54:13.922+0000] {dag.py:3834} INFO - Setting next_dagrun for tutorial_taskflow_api to None, run_after=None
[2024-04-06T23:54:13.958+0000] {processor.py:183} INFO - Processing /home/malangdataguy/miniconda3/envs/airflow_mdg/lib/python3.8/site-packages/airflow/example_dags/tutorial_taskflow_api.py took 0.101 seconds
[2024-04-06T23:54:55.924+0000] {processor.py:161} INFO - Started process (PID=70253) to work on /home/malangdataguy/miniconda3/envs/airflow_mdg/lib/python3.8/site-packages/airflow/example_dags/tutorial_taskflow_api.py
[2024-04-06T23:54:55.927+0000] {processor.py:830} INFO - Processing file /home/malangdataguy/miniconda3/envs/airflow_mdg/lib/python3.8/site-packages/airflow/example_dags/tutorial_taskflow_api.py for tasks to queue
[2024-04-06T23:54:55.929+0000] {logging_mixin.py:188} INFO - [2024-04-06T23:54:55.928+0000] {dagbag.py:540} INFO - Filling up the DagBag from /home/malangdataguy/miniconda3/envs/airflow_mdg/lib/python3.8/site-packages/airflow/example_dags/tutorial_taskflow_api.py
[2024-04-06T23:54:55.940+0000] {processor.py:840} INFO - DAG(s) 'tutorial_taskflow_api' retrieved from /home/malangdataguy/miniconda3/envs/airflow_mdg/lib/python3.8/site-packages/airflow/example_dags/tutorial_taskflow_api.py
[2024-04-06T23:54:55.967+0000] {logging_mixin.py:188} INFO - [2024-04-06T23:54:55.967+0000] {dag.py:3047} INFO - Sync 1 DAGs
[2024-04-06T23:54:55.984+0000] {logging_mixin.py:188} INFO - [2024-04-06T23:54:55.983+0000] {dag.py:3834} INFO - Setting next_dagrun for tutorial_taskflow_api to None, run_after=None
[2024-04-06T23:54:56.017+0000] {processor.py:183} INFO - Processing /home/malangdataguy/miniconda3/envs/airflow_mdg/lib/python3.8/site-packages/airflow/example_dags/tutorial_taskflow_api.py took 0.098 seconds
[2024-04-06T23:55:37.455+0000] {processor.py:161} INFO - Started process (PID=70295) to work on /home/malangdataguy/miniconda3/envs/airflow_mdg/lib/python3.8/site-packages/airflow/example_dags/tutorial_taskflow_api.py
[2024-04-06T23:55:37.457+0000] {processor.py:830} INFO - Processing file /home/malangdataguy/miniconda3/envs/airflow_mdg/lib/python3.8/site-packages/airflow/example_dags/tutorial_taskflow_api.py for tasks to queue
[2024-04-06T23:55:37.459+0000] {logging_mixin.py:188} INFO - [2024-04-06T23:55:37.458+0000] {dagbag.py:540} INFO - Filling up the DagBag from /home/malangdataguy/miniconda3/envs/airflow_mdg/lib/python3.8/site-packages/airflow/example_dags/tutorial_taskflow_api.py
[2024-04-06T23:55:37.470+0000] {processor.py:840} INFO - DAG(s) 'tutorial_taskflow_api' retrieved from /home/malangdataguy/miniconda3/envs/airflow_mdg/lib/python3.8/site-packages/airflow/example_dags/tutorial_taskflow_api.py
[2024-04-06T23:55:37.497+0000] {logging_mixin.py:188} INFO - [2024-04-06T23:55:37.497+0000] {dag.py:3047} INFO - Sync 1 DAGs
[2024-04-06T23:55:37.514+0000] {logging_mixin.py:188} INFO - [2024-04-06T23:55:37.513+0000] {dag.py:3834} INFO - Setting next_dagrun for tutorial_taskflow_api to None, run_after=None
[2024-04-06T23:55:37.550+0000] {processor.py:183} INFO - Processing /home/malangdataguy/miniconda3/envs/airflow_mdg/lib/python3.8/site-packages/airflow/example_dags/tutorial_taskflow_api.py took 0.100 seconds
