[2024-04-06T23:09:27.492+0000] {processor.py:161} INFO - Started process (PID=68379) to work on /home/malangdataguy/miniconda3/envs/airflow_mdg/lib/python3.8/site-packages/airflow/example_dags/tutorial_objectstorage.py
[2024-04-06T23:09:27.495+0000] {processor.py:830} INFO - Processing file /home/malangdataguy/miniconda3/envs/airflow_mdg/lib/python3.8/site-packages/airflow/example_dags/tutorial_objectstorage.py for tasks to queue
[2024-04-06T23:09:27.497+0000] {logging_mixin.py:188} INFO - [2024-04-06T23:09:27.496+0000] {dagbag.py:540} INFO - Filling up the DagBag from /home/malangdataguy/miniconda3/envs/airflow_mdg/lib/python3.8/site-packages/airflow/example_dags/tutorial_objectstorage.py
[2024-04-06T23:09:27.509+0000] {processor.py:840} INFO - DAG(s) 'tutorial_objectstorage' retrieved from /home/malangdataguy/miniconda3/envs/airflow_mdg/lib/python3.8/site-packages/airflow/example_dags/tutorial_objectstorage.py
[2024-04-06T23:09:27.625+0000] {logging_mixin.py:188} INFO - [2024-04-06T23:09:27.624+0000] {dag.py:3047} INFO - Sync 1 DAGs
[2024-04-06T23:09:27.636+0000] {logging_mixin.py:188} INFO - [2024-04-06T23:09:27.636+0000] {dag.py:3834} INFO - Setting next_dagrun for tutorial_objectstorage to None, run_after=None
[2024-04-06T23:09:27.666+0000] {processor.py:183} INFO - Processing /home/malangdataguy/miniconda3/envs/airflow_mdg/lib/python3.8/site-packages/airflow/example_dags/tutorial_objectstorage.py took 0.179 seconds
[2024-04-06T23:10:21.494+0000] {processor.py:161} INFO - Started process (PID=68429) to work on /home/malangdataguy/miniconda3/envs/airflow_mdg/lib/python3.8/site-packages/airflow/example_dags/tutorial_objectstorage.py
[2024-04-06T23:10:21.497+0000] {processor.py:830} INFO - Processing file /home/malangdataguy/miniconda3/envs/airflow_mdg/lib/python3.8/site-packages/airflow/example_dags/tutorial_objectstorage.py for tasks to queue
[2024-04-06T23:10:21.499+0000] {logging_mixin.py:188} INFO - [2024-04-06T23:10:21.498+0000] {dagbag.py:540} INFO - Filling up the DagBag from /home/malangdataguy/miniconda3/envs/airflow_mdg/lib/python3.8/site-packages/airflow/example_dags/tutorial_objectstorage.py
[2024-04-06T23:10:21.510+0000] {processor.py:840} INFO - DAG(s) 'tutorial_objectstorage' retrieved from /home/malangdataguy/miniconda3/envs/airflow_mdg/lib/python3.8/site-packages/airflow/example_dags/tutorial_objectstorage.py
[2024-04-06T23:10:21.532+0000] {logging_mixin.py:188} INFO - [2024-04-06T23:10:21.532+0000] {dag.py:3047} INFO - Sync 1 DAGs
[2024-04-06T23:10:21.546+0000] {logging_mixin.py:188} INFO - [2024-04-06T23:10:21.546+0000] {dag.py:3834} INFO - Setting next_dagrun for tutorial_objectstorage to None, run_after=None
[2024-04-06T23:10:21.580+0000] {processor.py:183} INFO - Processing /home/malangdataguy/miniconda3/envs/airflow_mdg/lib/python3.8/site-packages/airflow/example_dags/tutorial_objectstorage.py took 0.090 seconds
[2024-04-06T23:11:10.103+0000] {processor.py:161} INFO - Started process (PID=68489) to work on /home/malangdataguy/miniconda3/envs/airflow_mdg/lib/python3.8/site-packages/airflow/example_dags/tutorial_objectstorage.py
[2024-04-06T23:11:10.107+0000] {processor.py:830} INFO - Processing file /home/malangdataguy/miniconda3/envs/airflow_mdg/lib/python3.8/site-packages/airflow/example_dags/tutorial_objectstorage.py for tasks to queue
[2024-04-06T23:11:10.109+0000] {logging_mixin.py:188} INFO - [2024-04-06T23:11:10.108+0000] {dagbag.py:540} INFO - Filling up the DagBag from /home/malangdataguy/miniconda3/envs/airflow_mdg/lib/python3.8/site-packages/airflow/example_dags/tutorial_objectstorage.py
[2024-04-06T23:11:10.122+0000] {processor.py:840} INFO - DAG(s) 'tutorial_objectstorage' retrieved from /home/malangdataguy/miniconda3/envs/airflow_mdg/lib/python3.8/site-packages/airflow/example_dags/tutorial_objectstorage.py
[2024-04-06T23:11:10.148+0000] {logging_mixin.py:188} INFO - [2024-04-06T23:11:10.148+0000] {dag.py:3047} INFO - Sync 1 DAGs
[2024-04-06T23:11:10.165+0000] {logging_mixin.py:188} INFO - [2024-04-06T23:11:10.165+0000] {dag.py:3834} INFO - Setting next_dagrun for tutorial_objectstorage to None, run_after=None
[2024-04-06T23:11:10.200+0000] {processor.py:183} INFO - Processing /home/malangdataguy/miniconda3/envs/airflow_mdg/lib/python3.8/site-packages/airflow/example_dags/tutorial_objectstorage.py took 0.103 seconds
[2024-04-06T23:11:57.107+0000] {processor.py:161} INFO - Started process (PID=68535) to work on /home/malangdataguy/miniconda3/envs/airflow_mdg/lib/python3.8/site-packages/airflow/example_dags/tutorial_objectstorage.py
[2024-04-06T23:11:57.110+0000] {processor.py:830} INFO - Processing file /home/malangdataguy/miniconda3/envs/airflow_mdg/lib/python3.8/site-packages/airflow/example_dags/tutorial_objectstorage.py for tasks to queue
[2024-04-06T23:11:57.111+0000] {logging_mixin.py:188} INFO - [2024-04-06T23:11:57.111+0000] {dagbag.py:540} INFO - Filling up the DagBag from /home/malangdataguy/miniconda3/envs/airflow_mdg/lib/python3.8/site-packages/airflow/example_dags/tutorial_objectstorage.py
[2024-04-06T23:11:57.124+0000] {processor.py:840} INFO - DAG(s) 'tutorial_objectstorage' retrieved from /home/malangdataguy/miniconda3/envs/airflow_mdg/lib/python3.8/site-packages/airflow/example_dags/tutorial_objectstorage.py
[2024-04-06T23:11:57.151+0000] {logging_mixin.py:188} INFO - [2024-04-06T23:11:57.150+0000] {dag.py:3047} INFO - Sync 1 DAGs
[2024-04-06T23:11:57.166+0000] {logging_mixin.py:188} INFO - [2024-04-06T23:11:57.166+0000] {dag.py:3834} INFO - Setting next_dagrun for tutorial_objectstorage to None, run_after=None
[2024-04-06T23:11:57.201+0000] {processor.py:183} INFO - Processing /home/malangdataguy/miniconda3/envs/airflow_mdg/lib/python3.8/site-packages/airflow/example_dags/tutorial_objectstorage.py took 0.100 seconds
[2024-04-06T23:12:42.223+0000] {processor.py:161} INFO - Started process (PID=68579) to work on /home/malangdataguy/miniconda3/envs/airflow_mdg/lib/python3.8/site-packages/airflow/example_dags/tutorial_objectstorage.py
[2024-04-06T23:12:42.226+0000] {processor.py:830} INFO - Processing file /home/malangdataguy/miniconda3/envs/airflow_mdg/lib/python3.8/site-packages/airflow/example_dags/tutorial_objectstorage.py for tasks to queue
[2024-04-06T23:12:42.227+0000] {logging_mixin.py:188} INFO - [2024-04-06T23:12:42.226+0000] {dagbag.py:540} INFO - Filling up the DagBag from /home/malangdataguy/miniconda3/envs/airflow_mdg/lib/python3.8/site-packages/airflow/example_dags/tutorial_objectstorage.py
[2024-04-06T23:12:42.238+0000] {processor.py:840} INFO - DAG(s) 'tutorial_objectstorage' retrieved from /home/malangdataguy/miniconda3/envs/airflow_mdg/lib/python3.8/site-packages/airflow/example_dags/tutorial_objectstorage.py
[2024-04-06T23:12:42.262+0000] {logging_mixin.py:188} INFO - [2024-04-06T23:12:42.261+0000] {dag.py:3047} INFO - Sync 1 DAGs
[2024-04-06T23:12:42.276+0000] {logging_mixin.py:188} INFO - [2024-04-06T23:12:42.276+0000] {dag.py:3834} INFO - Setting next_dagrun for tutorial_objectstorage to None, run_after=None
[2024-04-06T23:12:42.307+0000] {processor.py:183} INFO - Processing /home/malangdataguy/miniconda3/envs/airflow_mdg/lib/python3.8/site-packages/airflow/example_dags/tutorial_objectstorage.py took 0.089 seconds
[2024-04-06T23:13:40.090+0000] {processor.py:161} INFO - Started process (PID=68642) to work on /home/malangdataguy/miniconda3/envs/airflow_mdg/lib/python3.8/site-packages/airflow/example_dags/tutorial_objectstorage.py
[2024-04-06T23:13:40.093+0000] {processor.py:830} INFO - Processing file /home/malangdataguy/miniconda3/envs/airflow_mdg/lib/python3.8/site-packages/airflow/example_dags/tutorial_objectstorage.py for tasks to queue
[2024-04-06T23:13:40.094+0000] {logging_mixin.py:188} INFO - [2024-04-06T23:13:40.093+0000] {dagbag.py:540} INFO - Filling up the DagBag from /home/malangdataguy/miniconda3/envs/airflow_mdg/lib/python3.8/site-packages/airflow/example_dags/tutorial_objectstorage.py
[2024-04-06T23:13:40.104+0000] {processor.py:840} INFO - DAG(s) 'tutorial_objectstorage' retrieved from /home/malangdataguy/miniconda3/envs/airflow_mdg/lib/python3.8/site-packages/airflow/example_dags/tutorial_objectstorage.py
[2024-04-06T23:13:40.126+0000] {logging_mixin.py:188} INFO - [2024-04-06T23:13:40.126+0000] {dag.py:3047} INFO - Sync 1 DAGs
[2024-04-06T23:13:40.139+0000] {logging_mixin.py:188} INFO - [2024-04-06T23:13:40.139+0000] {dag.py:3834} INFO - Setting next_dagrun for tutorial_objectstorage to None, run_after=None
[2024-04-06T23:13:40.166+0000] {processor.py:183} INFO - Processing /home/malangdataguy/miniconda3/envs/airflow_mdg/lib/python3.8/site-packages/airflow/example_dags/tutorial_objectstorage.py took 0.080 seconds
[2024-04-06T23:14:43.023+0000] {processor.py:161} INFO - Started process (PID=68703) to work on /home/malangdataguy/miniconda3/envs/airflow_mdg/lib/python3.8/site-packages/airflow/example_dags/tutorial_objectstorage.py
[2024-04-06T23:14:43.026+0000] {processor.py:830} INFO - Processing file /home/malangdataguy/miniconda3/envs/airflow_mdg/lib/python3.8/site-packages/airflow/example_dags/tutorial_objectstorage.py for tasks to queue
[2024-04-06T23:14:43.027+0000] {logging_mixin.py:188} INFO - [2024-04-06T23:14:43.027+0000] {dagbag.py:540} INFO - Filling up the DagBag from /home/malangdataguy/miniconda3/envs/airflow_mdg/lib/python3.8/site-packages/airflow/example_dags/tutorial_objectstorage.py
[2024-04-06T23:14:43.038+0000] {processor.py:840} INFO - DAG(s) 'tutorial_objectstorage' retrieved from /home/malangdataguy/miniconda3/envs/airflow_mdg/lib/python3.8/site-packages/airflow/example_dags/tutorial_objectstorage.py
[2024-04-06T23:14:43.060+0000] {logging_mixin.py:188} INFO - [2024-04-06T23:14:43.060+0000] {dag.py:3047} INFO - Sync 1 DAGs
[2024-04-06T23:14:43.074+0000] {logging_mixin.py:188} INFO - [2024-04-06T23:14:43.074+0000] {dag.py:3834} INFO - Setting next_dagrun for tutorial_objectstorage to None, run_after=None
[2024-04-06T23:14:43.101+0000] {processor.py:183} INFO - Processing /home/malangdataguy/miniconda3/envs/airflow_mdg/lib/python3.8/site-packages/airflow/example_dags/tutorial_objectstorage.py took 0.083 seconds
[2024-04-06T23:15:39.647+0000] {processor.py:161} INFO - Started process (PID=68762) to work on /home/malangdataguy/miniconda3/envs/airflow_mdg/lib/python3.8/site-packages/airflow/example_dags/tutorial_objectstorage.py
[2024-04-06T23:15:39.649+0000] {processor.py:830} INFO - Processing file /home/malangdataguy/miniconda3/envs/airflow_mdg/lib/python3.8/site-packages/airflow/example_dags/tutorial_objectstorage.py for tasks to queue
[2024-04-06T23:15:39.651+0000] {logging_mixin.py:188} INFO - [2024-04-06T23:15:39.650+0000] {dagbag.py:540} INFO - Filling up the DagBag from /home/malangdataguy/miniconda3/envs/airflow_mdg/lib/python3.8/site-packages/airflow/example_dags/tutorial_objectstorage.py
[2024-04-06T23:15:39.662+0000] {processor.py:840} INFO - DAG(s) 'tutorial_objectstorage' retrieved from /home/malangdataguy/miniconda3/envs/airflow_mdg/lib/python3.8/site-packages/airflow/example_dags/tutorial_objectstorage.py
[2024-04-06T23:15:39.685+0000] {logging_mixin.py:188} INFO - [2024-04-06T23:15:39.685+0000] {dag.py:3047} INFO - Sync 1 DAGs
[2024-04-06T23:15:39.701+0000] {logging_mixin.py:188} INFO - [2024-04-06T23:15:39.701+0000] {dag.py:3834} INFO - Setting next_dagrun for tutorial_objectstorage to None, run_after=None
[2024-04-06T23:15:39.730+0000] {processor.py:183} INFO - Processing /home/malangdataguy/miniconda3/envs/airflow_mdg/lib/python3.8/site-packages/airflow/example_dags/tutorial_objectstorage.py took 0.088 seconds
[2024-04-06T23:16:21.348+0000] {processor.py:161} INFO - Started process (PID=68807) to work on /home/malangdataguy/miniconda3/envs/airflow_mdg/lib/python3.8/site-packages/airflow/example_dags/tutorial_objectstorage.py
[2024-04-06T23:16:21.351+0000] {processor.py:830} INFO - Processing file /home/malangdataguy/miniconda3/envs/airflow_mdg/lib/python3.8/site-packages/airflow/example_dags/tutorial_objectstorage.py for tasks to queue
[2024-04-06T23:16:21.353+0000] {logging_mixin.py:188} INFO - [2024-04-06T23:16:21.352+0000] {dagbag.py:540} INFO - Filling up the DagBag from /home/malangdataguy/miniconda3/envs/airflow_mdg/lib/python3.8/site-packages/airflow/example_dags/tutorial_objectstorage.py
[2024-04-06T23:16:21.366+0000] {processor.py:840} INFO - DAG(s) 'tutorial_objectstorage' retrieved from /home/malangdataguy/miniconda3/envs/airflow_mdg/lib/python3.8/site-packages/airflow/example_dags/tutorial_objectstorage.py
[2024-04-06T23:16:21.392+0000] {logging_mixin.py:188} INFO - [2024-04-06T23:16:21.392+0000] {dag.py:3047} INFO - Sync 1 DAGs
[2024-04-06T23:16:21.408+0000] {logging_mixin.py:188} INFO - [2024-04-06T23:16:21.407+0000] {dag.py:3834} INFO - Setting next_dagrun for tutorial_objectstorage to None, run_after=None
[2024-04-06T23:16:21.448+0000] {processor.py:183} INFO - Processing /home/malangdataguy/miniconda3/envs/airflow_mdg/lib/python3.8/site-packages/airflow/example_dags/tutorial_objectstorage.py took 0.105 seconds
[2024-04-06T23:17:19.653+0000] {processor.py:161} INFO - Started process (PID=68869) to work on /home/malangdataguy/miniconda3/envs/airflow_mdg/lib/python3.8/site-packages/airflow/example_dags/tutorial_objectstorage.py
[2024-04-06T23:17:19.656+0000] {processor.py:830} INFO - Processing file /home/malangdataguy/miniconda3/envs/airflow_mdg/lib/python3.8/site-packages/airflow/example_dags/tutorial_objectstorage.py for tasks to queue
[2024-04-06T23:17:19.658+0000] {logging_mixin.py:188} INFO - [2024-04-06T23:17:19.657+0000] {dagbag.py:540} INFO - Filling up the DagBag from /home/malangdataguy/miniconda3/envs/airflow_mdg/lib/python3.8/site-packages/airflow/example_dags/tutorial_objectstorage.py
[2024-04-06T23:17:19.672+0000] {processor.py:840} INFO - DAG(s) 'tutorial_objectstorage' retrieved from /home/malangdataguy/miniconda3/envs/airflow_mdg/lib/python3.8/site-packages/airflow/example_dags/tutorial_objectstorage.py
[2024-04-06T23:17:19.699+0000] {logging_mixin.py:188} INFO - [2024-04-06T23:17:19.698+0000] {dag.py:3047} INFO - Sync 1 DAGs
[2024-04-06T23:17:19.716+0000] {logging_mixin.py:188} INFO - [2024-04-06T23:17:19.715+0000] {dag.py:3834} INFO - Setting next_dagrun for tutorial_objectstorage to None, run_after=None
[2024-04-06T23:17:19.748+0000] {processor.py:183} INFO - Processing /home/malangdataguy/miniconda3/envs/airflow_mdg/lib/python3.8/site-packages/airflow/example_dags/tutorial_objectstorage.py took 0.100 seconds
[2024-04-06T23:18:03.880+0000] {processor.py:161} INFO - Started process (PID=68917) to work on /home/malangdataguy/miniconda3/envs/airflow_mdg/lib/python3.8/site-packages/airflow/example_dags/tutorial_objectstorage.py
[2024-04-06T23:18:03.883+0000] {processor.py:830} INFO - Processing file /home/malangdataguy/miniconda3/envs/airflow_mdg/lib/python3.8/site-packages/airflow/example_dags/tutorial_objectstorage.py for tasks to queue
[2024-04-06T23:18:03.885+0000] {logging_mixin.py:188} INFO - [2024-04-06T23:18:03.884+0000] {dagbag.py:540} INFO - Filling up the DagBag from /home/malangdataguy/miniconda3/envs/airflow_mdg/lib/python3.8/site-packages/airflow/example_dags/tutorial_objectstorage.py
[2024-04-06T23:18:03.897+0000] {processor.py:840} INFO - DAG(s) 'tutorial_objectstorage' retrieved from /home/malangdataguy/miniconda3/envs/airflow_mdg/lib/python3.8/site-packages/airflow/example_dags/tutorial_objectstorage.py
[2024-04-06T23:18:03.923+0000] {logging_mixin.py:188} INFO - [2024-04-06T23:18:03.922+0000] {dag.py:3047} INFO - Sync 1 DAGs
[2024-04-06T23:18:03.939+0000] {logging_mixin.py:188} INFO - [2024-04-06T23:18:03.938+0000] {dag.py:3834} INFO - Setting next_dagrun for tutorial_objectstorage to None, run_after=None
[2024-04-06T23:18:03.972+0000] {processor.py:183} INFO - Processing /home/malangdataguy/miniconda3/envs/airflow_mdg/lib/python3.8/site-packages/airflow/example_dags/tutorial_objectstorage.py took 0.097 seconds
[2024-04-06T23:19:04.563+0000] {processor.py:161} INFO - Started process (PID=68980) to work on /home/malangdataguy/miniconda3/envs/airflow_mdg/lib/python3.8/site-packages/airflow/example_dags/tutorial_objectstorage.py
[2024-04-06T23:19:04.566+0000] {processor.py:830} INFO - Processing file /home/malangdataguy/miniconda3/envs/airflow_mdg/lib/python3.8/site-packages/airflow/example_dags/tutorial_objectstorage.py for tasks to queue
[2024-04-06T23:19:04.567+0000] {logging_mixin.py:188} INFO - [2024-04-06T23:19:04.566+0000] {dagbag.py:540} INFO - Filling up the DagBag from /home/malangdataguy/miniconda3/envs/airflow_mdg/lib/python3.8/site-packages/airflow/example_dags/tutorial_objectstorage.py
[2024-04-06T23:19:04.578+0000] {processor.py:840} INFO - DAG(s) 'tutorial_objectstorage' retrieved from /home/malangdataguy/miniconda3/envs/airflow_mdg/lib/python3.8/site-packages/airflow/example_dags/tutorial_objectstorage.py
[2024-04-06T23:19:04.599+0000] {logging_mixin.py:188} INFO - [2024-04-06T23:19:04.599+0000] {dag.py:3047} INFO - Sync 1 DAGs
[2024-04-06T23:19:04.613+0000] {logging_mixin.py:188} INFO - [2024-04-06T23:19:04.613+0000] {dag.py:3834} INFO - Setting next_dagrun for tutorial_objectstorage to None, run_after=None
[2024-04-06T23:19:04.642+0000] {processor.py:183} INFO - Processing /home/malangdataguy/miniconda3/envs/airflow_mdg/lib/python3.8/site-packages/airflow/example_dags/tutorial_objectstorage.py took 0.084 seconds
[2024-04-06T23:19:49.838+0000] {processor.py:161} INFO - Started process (PID=69024) to work on /home/malangdataguy/miniconda3/envs/airflow_mdg/lib/python3.8/site-packages/airflow/example_dags/tutorial_objectstorage.py
[2024-04-06T23:19:49.840+0000] {processor.py:830} INFO - Processing file /home/malangdataguy/miniconda3/envs/airflow_mdg/lib/python3.8/site-packages/airflow/example_dags/tutorial_objectstorage.py for tasks to queue
[2024-04-06T23:19:49.842+0000] {logging_mixin.py:188} INFO - [2024-04-06T23:19:49.841+0000] {dagbag.py:540} INFO - Filling up the DagBag from /home/malangdataguy/miniconda3/envs/airflow_mdg/lib/python3.8/site-packages/airflow/example_dags/tutorial_objectstorage.py
[2024-04-06T23:19:49.853+0000] {processor.py:840} INFO - DAG(s) 'tutorial_objectstorage' retrieved from /home/malangdataguy/miniconda3/envs/airflow_mdg/lib/python3.8/site-packages/airflow/example_dags/tutorial_objectstorage.py
[2024-04-06T23:19:49.874+0000] {logging_mixin.py:188} INFO - [2024-04-06T23:19:49.874+0000] {dag.py:3047} INFO - Sync 1 DAGs
[2024-04-06T23:19:49.888+0000] {logging_mixin.py:188} INFO - [2024-04-06T23:19:49.888+0000] {dag.py:3834} INFO - Setting next_dagrun for tutorial_objectstorage to None, run_after=None
[2024-04-06T23:19:49.917+0000] {processor.py:183} INFO - Processing /home/malangdataguy/miniconda3/envs/airflow_mdg/lib/python3.8/site-packages/airflow/example_dags/tutorial_objectstorage.py took 0.084 seconds
[2024-04-06T23:20:37.702+0000] {processor.py:161} INFO - Started process (PID=69070) to work on /home/malangdataguy/miniconda3/envs/airflow_mdg/lib/python3.8/site-packages/airflow/example_dags/tutorial_objectstorage.py
[2024-04-06T23:20:37.704+0000] {processor.py:830} INFO - Processing file /home/malangdataguy/miniconda3/envs/airflow_mdg/lib/python3.8/site-packages/airflow/example_dags/tutorial_objectstorage.py for tasks to queue
[2024-04-06T23:20:37.706+0000] {logging_mixin.py:188} INFO - [2024-04-06T23:20:37.705+0000] {dagbag.py:540} INFO - Filling up the DagBag from /home/malangdataguy/miniconda3/envs/airflow_mdg/lib/python3.8/site-packages/airflow/example_dags/tutorial_objectstorage.py
[2024-04-06T23:20:37.716+0000] {processor.py:840} INFO - DAG(s) 'tutorial_objectstorage' retrieved from /home/malangdataguy/miniconda3/envs/airflow_mdg/lib/python3.8/site-packages/airflow/example_dags/tutorial_objectstorage.py
[2024-04-06T23:20:37.738+0000] {logging_mixin.py:188} INFO - [2024-04-06T23:20:37.737+0000] {dag.py:3047} INFO - Sync 1 DAGs
[2024-04-06T23:20:37.752+0000] {logging_mixin.py:188} INFO - [2024-04-06T23:20:37.752+0000] {dag.py:3834} INFO - Setting next_dagrun for tutorial_objectstorage to None, run_after=None
[2024-04-06T23:20:37.781+0000] {processor.py:183} INFO - Processing /home/malangdataguy/miniconda3/envs/airflow_mdg/lib/python3.8/site-packages/airflow/example_dags/tutorial_objectstorage.py took 0.084 seconds
[2024-04-06T23:21:36.300+0000] {processor.py:161} INFO - Started process (PID=69131) to work on /home/malangdataguy/miniconda3/envs/airflow_mdg/lib/python3.8/site-packages/airflow/example_dags/tutorial_objectstorage.py
[2024-04-06T23:21:36.303+0000] {processor.py:830} INFO - Processing file /home/malangdataguy/miniconda3/envs/airflow_mdg/lib/python3.8/site-packages/airflow/example_dags/tutorial_objectstorage.py for tasks to queue
[2024-04-06T23:21:36.305+0000] {logging_mixin.py:188} INFO - [2024-04-06T23:21:36.304+0000] {dagbag.py:540} INFO - Filling up the DagBag from /home/malangdataguy/miniconda3/envs/airflow_mdg/lib/python3.8/site-packages/airflow/example_dags/tutorial_objectstorage.py
[2024-04-06T23:21:36.317+0000] {processor.py:840} INFO - DAG(s) 'tutorial_objectstorage' retrieved from /home/malangdataguy/miniconda3/envs/airflow_mdg/lib/python3.8/site-packages/airflow/example_dags/tutorial_objectstorage.py
[2024-04-06T23:21:36.344+0000] {logging_mixin.py:188} INFO - [2024-04-06T23:21:36.344+0000] {dag.py:3047} INFO - Sync 1 DAGs
[2024-04-06T23:21:36.361+0000] {logging_mixin.py:188} INFO - [2024-04-06T23:21:36.360+0000] {dag.py:3834} INFO - Setting next_dagrun for tutorial_objectstorage to None, run_after=None
[2024-04-06T23:21:36.395+0000] {processor.py:183} INFO - Processing /home/malangdataguy/miniconda3/envs/airflow_mdg/lib/python3.8/site-packages/airflow/example_dags/tutorial_objectstorage.py took 0.101 seconds
[2024-04-06T23:22:21.452+0000] {processor.py:161} INFO - Started process (PID=69175) to work on /home/malangdataguy/miniconda3/envs/airflow_mdg/lib/python3.8/site-packages/airflow/example_dags/tutorial_objectstorage.py
[2024-04-06T23:22:21.455+0000] {processor.py:830} INFO - Processing file /home/malangdataguy/miniconda3/envs/airflow_mdg/lib/python3.8/site-packages/airflow/example_dags/tutorial_objectstorage.py for tasks to queue
[2024-04-06T23:22:21.457+0000] {logging_mixin.py:188} INFO - [2024-04-06T23:22:21.456+0000] {dagbag.py:540} INFO - Filling up the DagBag from /home/malangdataguy/miniconda3/envs/airflow_mdg/lib/python3.8/site-packages/airflow/example_dags/tutorial_objectstorage.py
[2024-04-06T23:22:21.470+0000] {processor.py:840} INFO - DAG(s) 'tutorial_objectstorage' retrieved from /home/malangdataguy/miniconda3/envs/airflow_mdg/lib/python3.8/site-packages/airflow/example_dags/tutorial_objectstorage.py
[2024-04-06T23:22:21.496+0000] {logging_mixin.py:188} INFO - [2024-04-06T23:22:21.495+0000] {dag.py:3047} INFO - Sync 1 DAGs
[2024-04-06T23:22:21.514+0000] {logging_mixin.py:188} INFO - [2024-04-06T23:22:21.513+0000] {dag.py:3834} INFO - Setting next_dagrun for tutorial_objectstorage to None, run_after=None
[2024-04-06T23:22:21.546+0000] {processor.py:183} INFO - Processing /home/malangdataguy/miniconda3/envs/airflow_mdg/lib/python3.8/site-packages/airflow/example_dags/tutorial_objectstorage.py took 0.100 seconds
[2024-04-06T23:40:35.053+0000] {processor.py:161} INFO - Started process (PID=69292) to work on /home/malangdataguy/miniconda3/envs/airflow_mdg/lib/python3.8/site-packages/airflow/example_dags/tutorial_objectstorage.py
[2024-04-06T23:40:35.055+0000] {processor.py:830} INFO - Processing file /home/malangdataguy/miniconda3/envs/airflow_mdg/lib/python3.8/site-packages/airflow/example_dags/tutorial_objectstorage.py for tasks to queue
[2024-04-06T23:40:35.057+0000] {logging_mixin.py:188} INFO - [2024-04-06T23:40:35.056+0000] {dagbag.py:540} INFO - Filling up the DagBag from /home/malangdataguy/miniconda3/envs/airflow_mdg/lib/python3.8/site-packages/airflow/example_dags/tutorial_objectstorage.py
[2024-04-06T23:40:35.071+0000] {processor.py:840} INFO - DAG(s) 'tutorial_objectstorage' retrieved from /home/malangdataguy/miniconda3/envs/airflow_mdg/lib/python3.8/site-packages/airflow/example_dags/tutorial_objectstorage.py
[2024-04-06T23:40:35.099+0000] {logging_mixin.py:188} INFO - [2024-04-06T23:40:35.099+0000] {dag.py:3047} INFO - Sync 1 DAGs
[2024-04-06T23:40:35.116+0000] {logging_mixin.py:188} INFO - [2024-04-06T23:40:35.115+0000] {dag.py:3834} INFO - Setting next_dagrun for tutorial_objectstorage to None, run_after=None
[2024-04-06T23:40:35.148+0000] {processor.py:183} INFO - Processing /home/malangdataguy/miniconda3/envs/airflow_mdg/lib/python3.8/site-packages/airflow/example_dags/tutorial_objectstorage.py took 0.101 seconds
[2024-04-06T23:41:25.183+0000] {processor.py:161} INFO - Started process (PID=69342) to work on /home/malangdataguy/miniconda3/envs/airflow_mdg/lib/python3.8/site-packages/airflow/example_dags/tutorial_objectstorage.py
[2024-04-06T23:41:25.186+0000] {processor.py:830} INFO - Processing file /home/malangdataguy/miniconda3/envs/airflow_mdg/lib/python3.8/site-packages/airflow/example_dags/tutorial_objectstorage.py for tasks to queue
[2024-04-06T23:41:25.188+0000] {logging_mixin.py:188} INFO - [2024-04-06T23:41:25.188+0000] {dagbag.py:540} INFO - Filling up the DagBag from /home/malangdataguy/miniconda3/envs/airflow_mdg/lib/python3.8/site-packages/airflow/example_dags/tutorial_objectstorage.py
[2024-04-06T23:41:25.205+0000] {processor.py:840} INFO - DAG(s) 'tutorial_objectstorage' retrieved from /home/malangdataguy/miniconda3/envs/airflow_mdg/lib/python3.8/site-packages/airflow/example_dags/tutorial_objectstorage.py
[2024-04-06T23:41:25.234+0000] {logging_mixin.py:188} INFO - [2024-04-06T23:41:25.234+0000] {dag.py:3047} INFO - Sync 1 DAGs
[2024-04-06T23:41:25.254+0000] {logging_mixin.py:188} INFO - [2024-04-06T23:41:25.253+0000] {dag.py:3834} INFO - Setting next_dagrun for tutorial_objectstorage to None, run_after=None
[2024-04-06T23:41:25.294+0000] {processor.py:183} INFO - Processing /home/malangdataguy/miniconda3/envs/airflow_mdg/lib/python3.8/site-packages/airflow/example_dags/tutorial_objectstorage.py took 0.117 seconds
[2024-04-06T23:42:18.039+0000] {processor.py:161} INFO - Started process (PID=69392) to work on /home/malangdataguy/miniconda3/envs/airflow_mdg/lib/python3.8/site-packages/airflow/example_dags/tutorial_objectstorage.py
[2024-04-06T23:42:18.041+0000] {processor.py:830} INFO - Processing file /home/malangdataguy/miniconda3/envs/airflow_mdg/lib/python3.8/site-packages/airflow/example_dags/tutorial_objectstorage.py for tasks to queue
[2024-04-06T23:42:18.043+0000] {logging_mixin.py:188} INFO - [2024-04-06T23:42:18.042+0000] {dagbag.py:540} INFO - Filling up the DagBag from /home/malangdataguy/miniconda3/envs/airflow_mdg/lib/python3.8/site-packages/airflow/example_dags/tutorial_objectstorage.py
[2024-04-06T23:42:18.054+0000] {processor.py:840} INFO - DAG(s) 'tutorial_objectstorage' retrieved from /home/malangdataguy/miniconda3/envs/airflow_mdg/lib/python3.8/site-packages/airflow/example_dags/tutorial_objectstorage.py
[2024-04-06T23:42:18.076+0000] {logging_mixin.py:188} INFO - [2024-04-06T23:42:18.075+0000] {dag.py:3047} INFO - Sync 1 DAGs
[2024-04-06T23:42:18.090+0000] {logging_mixin.py:188} INFO - [2024-04-06T23:42:18.090+0000] {dag.py:3834} INFO - Setting next_dagrun for tutorial_objectstorage to None, run_after=None
[2024-04-06T23:42:18.118+0000] {processor.py:183} INFO - Processing /home/malangdataguy/miniconda3/envs/airflow_mdg/lib/python3.8/site-packages/airflow/example_dags/tutorial_objectstorage.py took 0.084 seconds
[2024-04-06T23:43:01.239+0000] {processor.py:161} INFO - Started process (PID=69436) to work on /home/malangdataguy/miniconda3/envs/airflow_mdg/lib/python3.8/site-packages/airflow/example_dags/tutorial_objectstorage.py
[2024-04-06T23:43:01.242+0000] {processor.py:830} INFO - Processing file /home/malangdataguy/miniconda3/envs/airflow_mdg/lib/python3.8/site-packages/airflow/example_dags/tutorial_objectstorage.py for tasks to queue
[2024-04-06T23:43:01.243+0000] {logging_mixin.py:188} INFO - [2024-04-06T23:43:01.242+0000] {dagbag.py:540} INFO - Filling up the DagBag from /home/malangdataguy/miniconda3/envs/airflow_mdg/lib/python3.8/site-packages/airflow/example_dags/tutorial_objectstorage.py
[2024-04-06T23:43:01.254+0000] {processor.py:840} INFO - DAG(s) 'tutorial_objectstorage' retrieved from /home/malangdataguy/miniconda3/envs/airflow_mdg/lib/python3.8/site-packages/airflow/example_dags/tutorial_objectstorage.py
[2024-04-06T23:43:01.276+0000] {logging_mixin.py:188} INFO - [2024-04-06T23:43:01.276+0000] {dag.py:3047} INFO - Sync 1 DAGs
[2024-04-06T23:43:01.291+0000] {logging_mixin.py:188} INFO - [2024-04-06T23:43:01.291+0000] {dag.py:3834} INFO - Setting next_dagrun for tutorial_objectstorage to None, run_after=None
[2024-04-06T23:43:01.320+0000] {processor.py:183} INFO - Processing /home/malangdataguy/miniconda3/envs/airflow_mdg/lib/python3.8/site-packages/airflow/example_dags/tutorial_objectstorage.py took 0.085 seconds
[2024-04-06T23:43:46.856+0000] {processor.py:161} INFO - Started process (PID=69491) to work on /home/malangdataguy/miniconda3/envs/airflow_mdg/lib/python3.8/site-packages/airflow/example_dags/tutorial_objectstorage.py
[2024-04-06T23:43:46.858+0000] {processor.py:830} INFO - Processing file /home/malangdataguy/miniconda3/envs/airflow_mdg/lib/python3.8/site-packages/airflow/example_dags/tutorial_objectstorage.py for tasks to queue
[2024-04-06T23:43:46.860+0000] {logging_mixin.py:188} INFO - [2024-04-06T23:43:46.859+0000] {dagbag.py:540} INFO - Filling up the DagBag from /home/malangdataguy/miniconda3/envs/airflow_mdg/lib/python3.8/site-packages/airflow/example_dags/tutorial_objectstorage.py
[2024-04-06T23:43:46.871+0000] {processor.py:840} INFO - DAG(s) 'tutorial_objectstorage' retrieved from /home/malangdataguy/miniconda3/envs/airflow_mdg/lib/python3.8/site-packages/airflow/example_dags/tutorial_objectstorage.py
[2024-04-06T23:43:46.893+0000] {logging_mixin.py:188} INFO - [2024-04-06T23:43:46.893+0000] {dag.py:3047} INFO - Sync 1 DAGs
[2024-04-06T23:43:46.907+0000] {logging_mixin.py:188} INFO - [2024-04-06T23:43:46.907+0000] {dag.py:3834} INFO - Setting next_dagrun for tutorial_objectstorage to None, run_after=None
[2024-04-06T23:43:46.934+0000] {processor.py:183} INFO - Processing /home/malangdataguy/miniconda3/envs/airflow_mdg/lib/python3.8/site-packages/airflow/example_dags/tutorial_objectstorage.py took 0.083 seconds
[2024-04-06T23:44:31.040+0000] {processor.py:161} INFO - Started process (PID=69541) to work on /home/malangdataguy/miniconda3/envs/airflow_mdg/lib/python3.8/site-packages/airflow/example_dags/tutorial_objectstorage.py
[2024-04-06T23:44:31.043+0000] {processor.py:830} INFO - Processing file /home/malangdataguy/miniconda3/envs/airflow_mdg/lib/python3.8/site-packages/airflow/example_dags/tutorial_objectstorage.py for tasks to queue
[2024-04-06T23:44:31.045+0000] {logging_mixin.py:188} INFO - [2024-04-06T23:44:31.044+0000] {dagbag.py:540} INFO - Filling up the DagBag from /home/malangdataguy/miniconda3/envs/airflow_mdg/lib/python3.8/site-packages/airflow/example_dags/tutorial_objectstorage.py
[2024-04-06T23:44:31.058+0000] {processor.py:840} INFO - DAG(s) 'tutorial_objectstorage' retrieved from /home/malangdataguy/miniconda3/envs/airflow_mdg/lib/python3.8/site-packages/airflow/example_dags/tutorial_objectstorage.py
[2024-04-06T23:44:31.084+0000] {logging_mixin.py:188} INFO - [2024-04-06T23:44:31.084+0000] {dag.py:3047} INFO - Sync 1 DAGs
[2024-04-06T23:44:31.101+0000] {logging_mixin.py:188} INFO - [2024-04-06T23:44:31.101+0000] {dag.py:3834} INFO - Setting next_dagrun for tutorial_objectstorage to None, run_after=None
[2024-04-06T23:44:31.137+0000] {processor.py:183} INFO - Processing /home/malangdataguy/miniconda3/envs/airflow_mdg/lib/python3.8/site-packages/airflow/example_dags/tutorial_objectstorage.py took 0.102 seconds
[2024-04-06T23:45:14.128+0000] {processor.py:161} INFO - Started process (PID=69587) to work on /home/malangdataguy/miniconda3/envs/airflow_mdg/lib/python3.8/site-packages/airflow/example_dags/tutorial_objectstorage.py
[2024-04-06T23:45:14.131+0000] {processor.py:830} INFO - Processing file /home/malangdataguy/miniconda3/envs/airflow_mdg/lib/python3.8/site-packages/airflow/example_dags/tutorial_objectstorage.py for tasks to queue
[2024-04-06T23:45:14.132+0000] {logging_mixin.py:188} INFO - [2024-04-06T23:45:14.131+0000] {dagbag.py:540} INFO - Filling up the DagBag from /home/malangdataguy/miniconda3/envs/airflow_mdg/lib/python3.8/site-packages/airflow/example_dags/tutorial_objectstorage.py
[2024-04-06T23:45:14.143+0000] {processor.py:840} INFO - DAG(s) 'tutorial_objectstorage' retrieved from /home/malangdataguy/miniconda3/envs/airflow_mdg/lib/python3.8/site-packages/airflow/example_dags/tutorial_objectstorage.py
[2024-04-06T23:45:14.165+0000] {logging_mixin.py:188} INFO - [2024-04-06T23:45:14.165+0000] {dag.py:3047} INFO - Sync 1 DAGs
[2024-04-06T23:45:14.180+0000] {logging_mixin.py:188} INFO - [2024-04-06T23:45:14.179+0000] {dag.py:3834} INFO - Setting next_dagrun for tutorial_objectstorage to None, run_after=None
[2024-04-06T23:45:14.209+0000] {processor.py:183} INFO - Processing /home/malangdataguy/miniconda3/envs/airflow_mdg/lib/python3.8/site-packages/airflow/example_dags/tutorial_objectstorage.py took 0.086 seconds
[2024-04-06T23:45:57.278+0000] {processor.py:161} INFO - Started process (PID=69632) to work on /home/malangdataguy/miniconda3/envs/airflow_mdg/lib/python3.8/site-packages/airflow/example_dags/tutorial_objectstorage.py
[2024-04-06T23:45:57.280+0000] {processor.py:830} INFO - Processing file /home/malangdataguy/miniconda3/envs/airflow_mdg/lib/python3.8/site-packages/airflow/example_dags/tutorial_objectstorage.py for tasks to queue
[2024-04-06T23:45:57.282+0000] {logging_mixin.py:188} INFO - [2024-04-06T23:45:57.281+0000] {dagbag.py:540} INFO - Filling up the DagBag from /home/malangdataguy/miniconda3/envs/airflow_mdg/lib/python3.8/site-packages/airflow/example_dags/tutorial_objectstorage.py
[2024-04-06T23:45:57.293+0000] {processor.py:840} INFO - DAG(s) 'tutorial_objectstorage' retrieved from /home/malangdataguy/miniconda3/envs/airflow_mdg/lib/python3.8/site-packages/airflow/example_dags/tutorial_objectstorage.py
[2024-04-06T23:45:57.315+0000] {logging_mixin.py:188} INFO - [2024-04-06T23:45:57.315+0000] {dag.py:3047} INFO - Sync 1 DAGs
[2024-04-06T23:45:57.329+0000] {logging_mixin.py:188} INFO - [2024-04-06T23:45:57.329+0000] {dag.py:3834} INFO - Setting next_dagrun for tutorial_objectstorage to None, run_after=None
[2024-04-06T23:45:57.359+0000] {processor.py:183} INFO - Processing /home/malangdataguy/miniconda3/envs/airflow_mdg/lib/python3.8/site-packages/airflow/example_dags/tutorial_objectstorage.py took 0.086 seconds
[2024-04-06T23:46:54.192+0000] {processor.py:161} INFO - Started process (PID=69721) to work on /home/malangdataguy/miniconda3/envs/airflow_mdg/lib/python3.8/site-packages/airflow/example_dags/tutorial_objectstorage.py
[2024-04-06T23:46:54.195+0000] {processor.py:830} INFO - Processing file /home/malangdataguy/miniconda3/envs/airflow_mdg/lib/python3.8/site-packages/airflow/example_dags/tutorial_objectstorage.py for tasks to queue
[2024-04-06T23:46:54.196+0000] {logging_mixin.py:188} INFO - [2024-04-06T23:46:54.196+0000] {dagbag.py:540} INFO - Filling up the DagBag from /home/malangdataguy/miniconda3/envs/airflow_mdg/lib/python3.8/site-packages/airflow/example_dags/tutorial_objectstorage.py
[2024-04-06T23:46:54.207+0000] {processor.py:840} INFO - DAG(s) 'tutorial_objectstorage' retrieved from /home/malangdataguy/miniconda3/envs/airflow_mdg/lib/python3.8/site-packages/airflow/example_dags/tutorial_objectstorage.py
[2024-04-06T23:46:54.229+0000] {logging_mixin.py:188} INFO - [2024-04-06T23:46:54.228+0000] {dag.py:3047} INFO - Sync 1 DAGs
[2024-04-06T23:46:54.243+0000] {logging_mixin.py:188} INFO - [2024-04-06T23:46:54.242+0000] {dag.py:3834} INFO - Setting next_dagrun for tutorial_objectstorage to None, run_after=None
[2024-04-06T23:46:54.271+0000] {processor.py:183} INFO - Processing /home/malangdataguy/miniconda3/envs/airflow_mdg/lib/python3.8/site-packages/airflow/example_dags/tutorial_objectstorage.py took 0.084 seconds
[2024-04-06T23:47:56.649+0000] {processor.py:161} INFO - Started process (PID=69786) to work on /home/malangdataguy/miniconda3/envs/airflow_mdg/lib/python3.8/site-packages/airflow/example_dags/tutorial_objectstorage.py
[2024-04-06T23:47:56.651+0000] {processor.py:830} INFO - Processing file /home/malangdataguy/miniconda3/envs/airflow_mdg/lib/python3.8/site-packages/airflow/example_dags/tutorial_objectstorage.py for tasks to queue
[2024-04-06T23:47:56.653+0000] {logging_mixin.py:188} INFO - [2024-04-06T23:47:56.652+0000] {dagbag.py:540} INFO - Filling up the DagBag from /home/malangdataguy/miniconda3/envs/airflow_mdg/lib/python3.8/site-packages/airflow/example_dags/tutorial_objectstorage.py
[2024-04-06T23:47:56.664+0000] {processor.py:840} INFO - DAG(s) 'tutorial_objectstorage' retrieved from /home/malangdataguy/miniconda3/envs/airflow_mdg/lib/python3.8/site-packages/airflow/example_dags/tutorial_objectstorage.py
[2024-04-06T23:47:56.686+0000] {logging_mixin.py:188} INFO - [2024-04-06T23:47:56.686+0000] {dag.py:3047} INFO - Sync 1 DAGs
[2024-04-06T23:47:56.703+0000] {logging_mixin.py:188} INFO - [2024-04-06T23:47:56.702+0000] {dag.py:3834} INFO - Setting next_dagrun for tutorial_objectstorage to None, run_after=None
[2024-04-06T23:47:56.734+0000] {processor.py:183} INFO - Processing /home/malangdataguy/miniconda3/envs/airflow_mdg/lib/python3.8/site-packages/airflow/example_dags/tutorial_objectstorage.py took 0.090 seconds
[2024-04-06T23:48:39.672+0000] {processor.py:161} INFO - Started process (PID=69835) to work on /home/malangdataguy/miniconda3/envs/airflow_mdg/lib/python3.8/site-packages/airflow/example_dags/tutorial_objectstorage.py
[2024-04-06T23:48:39.675+0000] {processor.py:830} INFO - Processing file /home/malangdataguy/miniconda3/envs/airflow_mdg/lib/python3.8/site-packages/airflow/example_dags/tutorial_objectstorage.py for tasks to queue
[2024-04-06T23:48:39.676+0000] {logging_mixin.py:188} INFO - [2024-04-06T23:48:39.675+0000] {dagbag.py:540} INFO - Filling up the DagBag from /home/malangdataguy/miniconda3/envs/airflow_mdg/lib/python3.8/site-packages/airflow/example_dags/tutorial_objectstorage.py
[2024-04-06T23:48:39.687+0000] {processor.py:840} INFO - DAG(s) 'tutorial_objectstorage' retrieved from /home/malangdataguy/miniconda3/envs/airflow_mdg/lib/python3.8/site-packages/airflow/example_dags/tutorial_objectstorage.py
[2024-04-06T23:48:39.707+0000] {logging_mixin.py:188} INFO - [2024-04-06T23:48:39.707+0000] {dag.py:3047} INFO - Sync 1 DAGs
[2024-04-06T23:48:39.721+0000] {logging_mixin.py:188} INFO - [2024-04-06T23:48:39.721+0000] {dag.py:3834} INFO - Setting next_dagrun for tutorial_objectstorage to None, run_after=None
[2024-04-06T23:48:39.749+0000] {processor.py:183} INFO - Processing /home/malangdataguy/miniconda3/envs/airflow_mdg/lib/python3.8/site-packages/airflow/example_dags/tutorial_objectstorage.py took 0.081 seconds
[2024-04-06T23:49:23.020+0000] {processor.py:161} INFO - Started process (PID=69876) to work on /home/malangdataguy/miniconda3/envs/airflow_mdg/lib/python3.8/site-packages/airflow/example_dags/tutorial_objectstorage.py
[2024-04-06T23:49:23.023+0000] {processor.py:830} INFO - Processing file /home/malangdataguy/miniconda3/envs/airflow_mdg/lib/python3.8/site-packages/airflow/example_dags/tutorial_objectstorage.py for tasks to queue
[2024-04-06T23:49:23.024+0000] {logging_mixin.py:188} INFO - [2024-04-06T23:49:23.024+0000] {dagbag.py:540} INFO - Filling up the DagBag from /home/malangdataguy/miniconda3/envs/airflow_mdg/lib/python3.8/site-packages/airflow/example_dags/tutorial_objectstorage.py
[2024-04-06T23:49:23.038+0000] {processor.py:840} INFO - DAG(s) 'tutorial_objectstorage' retrieved from /home/malangdataguy/miniconda3/envs/airflow_mdg/lib/python3.8/site-packages/airflow/example_dags/tutorial_objectstorage.py
[2024-04-06T23:49:23.063+0000] {logging_mixin.py:188} INFO - [2024-04-06T23:49:23.063+0000] {dag.py:3047} INFO - Sync 1 DAGs
[2024-04-06T23:49:23.080+0000] {logging_mixin.py:188} INFO - [2024-04-06T23:49:23.080+0000] {dag.py:3834} INFO - Setting next_dagrun for tutorial_objectstorage to None, run_after=None
[2024-04-06T23:49:23.116+0000] {processor.py:183} INFO - Processing /home/malangdataguy/miniconda3/envs/airflow_mdg/lib/python3.8/site-packages/airflow/example_dags/tutorial_objectstorage.py took 0.102 seconds
[2024-04-06T23:50:17.998+0000] {processor.py:161} INFO - Started process (PID=69937) to work on /home/malangdataguy/miniconda3/envs/airflow_mdg/lib/python3.8/site-packages/airflow/example_dags/tutorial_objectstorage.py
[2024-04-06T23:50:18.000+0000] {processor.py:830} INFO - Processing file /home/malangdataguy/miniconda3/envs/airflow_mdg/lib/python3.8/site-packages/airflow/example_dags/tutorial_objectstorage.py for tasks to queue
[2024-04-06T23:50:18.002+0000] {logging_mixin.py:188} INFO - [2024-04-06T23:50:18.001+0000] {dagbag.py:540} INFO - Filling up the DagBag from /home/malangdataguy/miniconda3/envs/airflow_mdg/lib/python3.8/site-packages/airflow/example_dags/tutorial_objectstorage.py
[2024-04-06T23:50:18.016+0000] {processor.py:840} INFO - DAG(s) 'tutorial_objectstorage' retrieved from /home/malangdataguy/miniconda3/envs/airflow_mdg/lib/python3.8/site-packages/airflow/example_dags/tutorial_objectstorage.py
[2024-04-06T23:50:18.041+0000] {logging_mixin.py:188} INFO - [2024-04-06T23:50:18.041+0000] {dag.py:3047} INFO - Sync 1 DAGs
[2024-04-06T23:50:18.057+0000] {logging_mixin.py:188} INFO - [2024-04-06T23:50:18.057+0000] {dag.py:3834} INFO - Setting next_dagrun for tutorial_objectstorage to None, run_after=None
[2024-04-06T23:50:18.090+0000] {processor.py:183} INFO - Processing /home/malangdataguy/miniconda3/envs/airflow_mdg/lib/python3.8/site-packages/airflow/example_dags/tutorial_objectstorage.py took 0.098 seconds
[2024-04-06T23:51:03.415+0000] {processor.py:161} INFO - Started process (PID=69981) to work on /home/malangdataguy/miniconda3/envs/airflow_mdg/lib/python3.8/site-packages/airflow/example_dags/tutorial_objectstorage.py
[2024-04-06T23:51:03.418+0000] {processor.py:830} INFO - Processing file /home/malangdataguy/miniconda3/envs/airflow_mdg/lib/python3.8/site-packages/airflow/example_dags/tutorial_objectstorage.py for tasks to queue
[2024-04-06T23:51:03.419+0000] {logging_mixin.py:188} INFO - [2024-04-06T23:51:03.419+0000] {dagbag.py:540} INFO - Filling up the DagBag from /home/malangdataguy/miniconda3/envs/airflow_mdg/lib/python3.8/site-packages/airflow/example_dags/tutorial_objectstorage.py
[2024-04-06T23:51:03.430+0000] {processor.py:840} INFO - DAG(s) 'tutorial_objectstorage' retrieved from /home/malangdataguy/miniconda3/envs/airflow_mdg/lib/python3.8/site-packages/airflow/example_dags/tutorial_objectstorage.py
[2024-04-06T23:51:03.452+0000] {logging_mixin.py:188} INFO - [2024-04-06T23:51:03.452+0000] {dag.py:3047} INFO - Sync 1 DAGs
[2024-04-06T23:51:03.467+0000] {logging_mixin.py:188} INFO - [2024-04-06T23:51:03.466+0000] {dag.py:3834} INFO - Setting next_dagrun for tutorial_objectstorage to None, run_after=None
[2024-04-06T23:51:03.495+0000] {processor.py:183} INFO - Processing /home/malangdataguy/miniconda3/envs/airflow_mdg/lib/python3.8/site-packages/airflow/example_dags/tutorial_objectstorage.py took 0.084 seconds
[2024-04-06T23:52:06.781+0000] {processor.py:161} INFO - Started process (PID=70045) to work on /home/malangdataguy/miniconda3/envs/airflow_mdg/lib/python3.8/site-packages/airflow/example_dags/tutorial_objectstorage.py
[2024-04-06T23:52:06.784+0000] {processor.py:830} INFO - Processing file /home/malangdataguy/miniconda3/envs/airflow_mdg/lib/python3.8/site-packages/airflow/example_dags/tutorial_objectstorage.py for tasks to queue
[2024-04-06T23:52:06.785+0000] {logging_mixin.py:188} INFO - [2024-04-06T23:52:06.785+0000] {dagbag.py:540} INFO - Filling up the DagBag from /home/malangdataguy/miniconda3/envs/airflow_mdg/lib/python3.8/site-packages/airflow/example_dags/tutorial_objectstorage.py
[2024-04-06T23:52:06.797+0000] {processor.py:840} INFO - DAG(s) 'tutorial_objectstorage' retrieved from /home/malangdataguy/miniconda3/envs/airflow_mdg/lib/python3.8/site-packages/airflow/example_dags/tutorial_objectstorage.py
[2024-04-06T23:52:06.819+0000] {logging_mixin.py:188} INFO - [2024-04-06T23:52:06.819+0000] {dag.py:3047} INFO - Sync 1 DAGs
[2024-04-06T23:52:06.834+0000] {logging_mixin.py:188} INFO - [2024-04-06T23:52:06.834+0000] {dag.py:3834} INFO - Setting next_dagrun for tutorial_objectstorage to None, run_after=None
[2024-04-06T23:52:06.865+0000] {processor.py:183} INFO - Processing /home/malangdataguy/miniconda3/envs/airflow_mdg/lib/python3.8/site-packages/airflow/example_dags/tutorial_objectstorage.py took 0.090 seconds
[2024-04-06T23:52:50.434+0000] {processor.py:161} INFO - Started process (PID=70090) to work on /home/malangdataguy/miniconda3/envs/airflow_mdg/lib/python3.8/site-packages/airflow/example_dags/tutorial_objectstorage.py
[2024-04-06T23:52:50.437+0000] {processor.py:830} INFO - Processing file /home/malangdataguy/miniconda3/envs/airflow_mdg/lib/python3.8/site-packages/airflow/example_dags/tutorial_objectstorage.py for tasks to queue
[2024-04-06T23:52:50.438+0000] {logging_mixin.py:188} INFO - [2024-04-06T23:52:50.438+0000] {dagbag.py:540} INFO - Filling up the DagBag from /home/malangdataguy/miniconda3/envs/airflow_mdg/lib/python3.8/site-packages/airflow/example_dags/tutorial_objectstorage.py
[2024-04-06T23:52:50.450+0000] {processor.py:840} INFO - DAG(s) 'tutorial_objectstorage' retrieved from /home/malangdataguy/miniconda3/envs/airflow_mdg/lib/python3.8/site-packages/airflow/example_dags/tutorial_objectstorage.py
[2024-04-06T23:52:50.472+0000] {logging_mixin.py:188} INFO - [2024-04-06T23:52:50.472+0000] {dag.py:3047} INFO - Sync 1 DAGs
[2024-04-06T23:52:50.491+0000] {logging_mixin.py:188} INFO - [2024-04-06T23:52:50.490+0000] {dag.py:3834} INFO - Setting next_dagrun for tutorial_objectstorage to None, run_after=None
[2024-04-06T23:52:50.520+0000] {processor.py:183} INFO - Processing /home/malangdataguy/miniconda3/envs/airflow_mdg/lib/python3.8/site-packages/airflow/example_dags/tutorial_objectstorage.py took 0.091 seconds
[2024-04-06T23:53:35.546+0000] {processor.py:161} INFO - Started process (PID=70138) to work on /home/malangdataguy/miniconda3/envs/airflow_mdg/lib/python3.8/site-packages/airflow/example_dags/tutorial_objectstorage.py
[2024-04-06T23:53:35.548+0000] {processor.py:830} INFO - Processing file /home/malangdataguy/miniconda3/envs/airflow_mdg/lib/python3.8/site-packages/airflow/example_dags/tutorial_objectstorage.py for tasks to queue
[2024-04-06T23:53:35.550+0000] {logging_mixin.py:188} INFO - [2024-04-06T23:53:35.549+0000] {dagbag.py:540} INFO - Filling up the DagBag from /home/malangdataguy/miniconda3/envs/airflow_mdg/lib/python3.8/site-packages/airflow/example_dags/tutorial_objectstorage.py
[2024-04-06T23:53:35.562+0000] {processor.py:840} INFO - DAG(s) 'tutorial_objectstorage' retrieved from /home/malangdataguy/miniconda3/envs/airflow_mdg/lib/python3.8/site-packages/airflow/example_dags/tutorial_objectstorage.py
[2024-04-06T23:53:35.584+0000] {logging_mixin.py:188} INFO - [2024-04-06T23:53:35.584+0000] {dag.py:3047} INFO - Sync 1 DAGs
[2024-04-06T23:53:35.598+0000] {logging_mixin.py:188} INFO - [2024-04-06T23:53:35.598+0000] {dag.py:3834} INFO - Setting next_dagrun for tutorial_objectstorage to None, run_after=None
[2024-04-06T23:53:35.627+0000] {processor.py:183} INFO - Processing /home/malangdataguy/miniconda3/envs/airflow_mdg/lib/python3.8/site-packages/airflow/example_dags/tutorial_objectstorage.py took 0.086 seconds
[2024-04-06T23:54:18.955+0000] {processor.py:161} INFO - Started process (PID=70214) to work on /home/malangdataguy/miniconda3/envs/airflow_mdg/lib/python3.8/site-packages/airflow/example_dags/tutorial_objectstorage.py
[2024-04-06T23:54:18.958+0000] {processor.py:830} INFO - Processing file /home/malangdataguy/miniconda3/envs/airflow_mdg/lib/python3.8/site-packages/airflow/example_dags/tutorial_objectstorage.py for tasks to queue
[2024-04-06T23:54:18.960+0000] {logging_mixin.py:188} INFO - [2024-04-06T23:54:18.959+0000] {dagbag.py:540} INFO - Filling up the DagBag from /home/malangdataguy/miniconda3/envs/airflow_mdg/lib/python3.8/site-packages/airflow/example_dags/tutorial_objectstorage.py
[2024-04-06T23:54:18.974+0000] {processor.py:840} INFO - DAG(s) 'tutorial_objectstorage' retrieved from /home/malangdataguy/miniconda3/envs/airflow_mdg/lib/python3.8/site-packages/airflow/example_dags/tutorial_objectstorage.py
[2024-04-06T23:54:19.000+0000] {logging_mixin.py:188} INFO - [2024-04-06T23:54:19.000+0000] {dag.py:3047} INFO - Sync 1 DAGs
[2024-04-06T23:54:19.018+0000] {logging_mixin.py:188} INFO - [2024-04-06T23:54:19.017+0000] {dag.py:3834} INFO - Setting next_dagrun for tutorial_objectstorage to None, run_after=None
[2024-04-06T23:54:19.051+0000] {processor.py:183} INFO - Processing /home/malangdataguy/miniconda3/envs/airflow_mdg/lib/python3.8/site-packages/airflow/example_dags/tutorial_objectstorage.py took 0.103 seconds
[2024-04-06T23:55:01.553+0000] {processor.py:161} INFO - Started process (PID=70258) to work on /home/malangdataguy/miniconda3/envs/airflow_mdg/lib/python3.8/site-packages/airflow/example_dags/tutorial_objectstorage.py
[2024-04-06T23:55:01.556+0000] {processor.py:830} INFO - Processing file /home/malangdataguy/miniconda3/envs/airflow_mdg/lib/python3.8/site-packages/airflow/example_dags/tutorial_objectstorage.py for tasks to queue
[2024-04-06T23:55:01.558+0000] {logging_mixin.py:188} INFO - [2024-04-06T23:55:01.557+0000] {dagbag.py:540} INFO - Filling up the DagBag from /home/malangdataguy/miniconda3/envs/airflow_mdg/lib/python3.8/site-packages/airflow/example_dags/tutorial_objectstorage.py
[2024-04-06T23:55:01.570+0000] {processor.py:840} INFO - DAG(s) 'tutorial_objectstorage' retrieved from /home/malangdataguy/miniconda3/envs/airflow_mdg/lib/python3.8/site-packages/airflow/example_dags/tutorial_objectstorage.py
[2024-04-06T23:55:01.594+0000] {logging_mixin.py:188} INFO - [2024-04-06T23:55:01.594+0000] {dag.py:3047} INFO - Sync 1 DAGs
[2024-04-06T23:55:01.613+0000] {logging_mixin.py:188} INFO - [2024-04-06T23:55:01.612+0000] {dag.py:3834} INFO - Setting next_dagrun for tutorial_objectstorage to None, run_after=None
[2024-04-06T23:55:01.643+0000] {processor.py:183} INFO - Processing /home/malangdataguy/miniconda3/envs/airflow_mdg/lib/python3.8/site-packages/airflow/example_dags/tutorial_objectstorage.py took 0.095 seconds
[2024-04-06T23:55:44.816+0000] {processor.py:161} INFO - Started process (PID=70302) to work on /home/malangdataguy/miniconda3/envs/airflow_mdg/lib/python3.8/site-packages/airflow/example_dags/tutorial_objectstorage.py
[2024-04-06T23:55:44.818+0000] {processor.py:830} INFO - Processing file /home/malangdataguy/miniconda3/envs/airflow_mdg/lib/python3.8/site-packages/airflow/example_dags/tutorial_objectstorage.py for tasks to queue
[2024-04-06T23:55:44.820+0000] {logging_mixin.py:188} INFO - [2024-04-06T23:55:44.819+0000] {dagbag.py:540} INFO - Filling up the DagBag from /home/malangdataguy/miniconda3/envs/airflow_mdg/lib/python3.8/site-packages/airflow/example_dags/tutorial_objectstorage.py
[2024-04-06T23:55:44.831+0000] {processor.py:840} INFO - DAG(s) 'tutorial_objectstorage' retrieved from /home/malangdataguy/miniconda3/envs/airflow_mdg/lib/python3.8/site-packages/airflow/example_dags/tutorial_objectstorage.py
[2024-04-06T23:55:44.853+0000] {logging_mixin.py:188} INFO - [2024-04-06T23:55:44.853+0000] {dag.py:3047} INFO - Sync 1 DAGs
[2024-04-06T23:55:44.869+0000] {logging_mixin.py:188} INFO - [2024-04-06T23:55:44.869+0000] {dag.py:3834} INFO - Setting next_dagrun for tutorial_objectstorage to None, run_after=None
[2024-04-06T23:55:44.898+0000] {processor.py:183} INFO - Processing /home/malangdataguy/miniconda3/envs/airflow_mdg/lib/python3.8/site-packages/airflow/example_dags/tutorial_objectstorage.py took 0.088 seconds
