[2024-04-06T23:09:19.025+0000] {processor.py:161} INFO - Started process (PID=68371) to work on /home/malangdataguy/miniconda3/envs/airflow_mdg/lib/python3.8/site-packages/airflow/example_dags/tutorial.py
[2024-04-06T23:09:19.027+0000] {processor.py:830} INFO - Processing file /home/malangdataguy/miniconda3/envs/airflow_mdg/lib/python3.8/site-packages/airflow/example_dags/tutorial.py for tasks to queue
[2024-04-06T23:09:19.028+0000] {logging_mixin.py:188} INFO - [2024-04-06T23:09:19.028+0000] {dagbag.py:540} INFO - Filling up the DagBag from /home/malangdataguy/miniconda3/envs/airflow_mdg/lib/python3.8/site-packages/airflow/example_dags/tutorial.py
[2024-04-06T23:09:19.044+0000] {processor.py:840} INFO - DAG(s) 'tutorial' retrieved from /home/malangdataguy/miniconda3/envs/airflow_mdg/lib/python3.8/site-packages/airflow/example_dags/tutorial.py
[2024-04-06T23:09:19.058+0000] {logging_mixin.py:188} INFO - [2024-04-06T23:09:19.058+0000] {dag.py:3047} INFO - Sync 1 DAGs
[2024-04-06T23:09:19.091+0000] {logging_mixin.py:188} INFO - [2024-04-06T23:09:19.090+0000] {dag.py:3834} INFO - Setting next_dagrun for tutorial to 2024-04-05 00:00:00+00:00, run_after=2024-04-06 00:00:00+00:00
[2024-04-06T23:09:19.131+0000] {processor.py:183} INFO - Processing /home/malangdataguy/miniconda3/envs/airflow_mdg/lib/python3.8/site-packages/airflow/example_dags/tutorial.py took 0.112 seconds
[2024-04-06T23:10:11.590+0000] {processor.py:161} INFO - Started process (PID=68421) to work on /home/malangdataguy/miniconda3/envs/airflow_mdg/lib/python3.8/site-packages/airflow/example_dags/tutorial.py
[2024-04-06T23:10:11.593+0000] {processor.py:830} INFO - Processing file /home/malangdataguy/miniconda3/envs/airflow_mdg/lib/python3.8/site-packages/airflow/example_dags/tutorial.py for tasks to queue
[2024-04-06T23:10:11.595+0000] {logging_mixin.py:188} INFO - [2024-04-06T23:10:11.594+0000] {dagbag.py:540} INFO - Filling up the DagBag from /home/malangdataguy/miniconda3/envs/airflow_mdg/lib/python3.8/site-packages/airflow/example_dags/tutorial.py
[2024-04-06T23:10:11.607+0000] {processor.py:840} INFO - DAG(s) 'tutorial' retrieved from /home/malangdataguy/miniconda3/envs/airflow_mdg/lib/python3.8/site-packages/airflow/example_dags/tutorial.py
[2024-04-06T23:10:11.729+0000] {logging_mixin.py:188} INFO - [2024-04-06T23:10:11.728+0000] {dag.py:3047} INFO - Sync 1 DAGs
[2024-04-06T23:10:11.752+0000] {logging_mixin.py:188} INFO - [2024-04-06T23:10:11.752+0000] {dag.py:3834} INFO - Setting next_dagrun for tutorial to 2024-04-05 00:00:00+00:00, run_after=2024-04-06 00:00:00+00:00
[2024-04-06T23:10:11.784+0000] {processor.py:183} INFO - Processing /home/malangdataguy/miniconda3/envs/airflow_mdg/lib/python3.8/site-packages/airflow/example_dags/tutorial.py took 0.201 seconds
[2024-04-06T23:10:57.427+0000] {processor.py:161} INFO - Started process (PID=68476) to work on /home/malangdataguy/miniconda3/envs/airflow_mdg/lib/python3.8/site-packages/airflow/example_dags/tutorial.py
[2024-04-06T23:10:57.429+0000] {processor.py:830} INFO - Processing file /home/malangdataguy/miniconda3/envs/airflow_mdg/lib/python3.8/site-packages/airflow/example_dags/tutorial.py for tasks to queue
[2024-04-06T23:10:57.430+0000] {logging_mixin.py:188} INFO - [2024-04-06T23:10:57.430+0000] {dagbag.py:540} INFO - Filling up the DagBag from /home/malangdataguy/miniconda3/envs/airflow_mdg/lib/python3.8/site-packages/airflow/example_dags/tutorial.py
[2024-04-06T23:10:57.440+0000] {processor.py:840} INFO - DAG(s) 'tutorial' retrieved from /home/malangdataguy/miniconda3/envs/airflow_mdg/lib/python3.8/site-packages/airflow/example_dags/tutorial.py
[2024-04-06T23:10:57.463+0000] {logging_mixin.py:188} INFO - [2024-04-06T23:10:57.463+0000] {dag.py:3047} INFO - Sync 1 DAGs
[2024-04-06T23:10:57.490+0000] {logging_mixin.py:188} INFO - [2024-04-06T23:10:57.490+0000] {dag.py:3834} INFO - Setting next_dagrun for tutorial to 2024-04-05 00:00:00+00:00, run_after=2024-04-06 00:00:00+00:00
[2024-04-06T23:10:57.518+0000] {processor.py:183} INFO - Processing /home/malangdataguy/miniconda3/envs/airflow_mdg/lib/python3.8/site-packages/airflow/example_dags/tutorial.py took 0.096 seconds
[2024-04-06T23:11:49.353+0000] {processor.py:161} INFO - Started process (PID=68526) to work on /home/malangdataguy/miniconda3/envs/airflow_mdg/lib/python3.8/site-packages/airflow/example_dags/tutorial.py
[2024-04-06T23:11:49.356+0000] {processor.py:830} INFO - Processing file /home/malangdataguy/miniconda3/envs/airflow_mdg/lib/python3.8/site-packages/airflow/example_dags/tutorial.py for tasks to queue
[2024-04-06T23:11:49.357+0000] {logging_mixin.py:188} INFO - [2024-04-06T23:11:49.357+0000] {dagbag.py:540} INFO - Filling up the DagBag from /home/malangdataguy/miniconda3/envs/airflow_mdg/lib/python3.8/site-packages/airflow/example_dags/tutorial.py
[2024-04-06T23:11:49.369+0000] {processor.py:840} INFO - DAG(s) 'tutorial' retrieved from /home/malangdataguy/miniconda3/envs/airflow_mdg/lib/python3.8/site-packages/airflow/example_dags/tutorial.py
[2024-04-06T23:11:49.395+0000] {logging_mixin.py:188} INFO - [2024-04-06T23:11:49.394+0000] {dag.py:3047} INFO - Sync 1 DAGs
[2024-04-06T23:11:49.423+0000] {logging_mixin.py:188} INFO - [2024-04-06T23:11:49.423+0000] {dag.py:3834} INFO - Setting next_dagrun for tutorial to 2024-04-05 00:00:00+00:00, run_after=2024-04-06 00:00:00+00:00
[2024-04-06T23:11:49.459+0000] {processor.py:183} INFO - Processing /home/malangdataguy/miniconda3/envs/airflow_mdg/lib/python3.8/site-packages/airflow/example_dags/tutorial.py took 0.111 seconds
[2024-04-06T23:12:33.481+0000] {processor.py:161} INFO - Started process (PID=68571) to work on /home/malangdataguy/miniconda3/envs/airflow_mdg/lib/python3.8/site-packages/airflow/example_dags/tutorial.py
[2024-04-06T23:12:33.484+0000] {processor.py:830} INFO - Processing file /home/malangdataguy/miniconda3/envs/airflow_mdg/lib/python3.8/site-packages/airflow/example_dags/tutorial.py for tasks to queue
[2024-04-06T23:12:33.486+0000] {logging_mixin.py:188} INFO - [2024-04-06T23:12:33.485+0000] {dagbag.py:540} INFO - Filling up the DagBag from /home/malangdataguy/miniconda3/envs/airflow_mdg/lib/python3.8/site-packages/airflow/example_dags/tutorial.py
[2024-04-06T23:12:33.497+0000] {processor.py:840} INFO - DAG(s) 'tutorial' retrieved from /home/malangdataguy/miniconda3/envs/airflow_mdg/lib/python3.8/site-packages/airflow/example_dags/tutorial.py
[2024-04-06T23:12:33.522+0000] {logging_mixin.py:188} INFO - [2024-04-06T23:12:33.522+0000] {dag.py:3047} INFO - Sync 1 DAGs
[2024-04-06T23:12:33.550+0000] {logging_mixin.py:188} INFO - [2024-04-06T23:12:33.549+0000] {dag.py:3834} INFO - Setting next_dagrun for tutorial to 2024-04-05 00:00:00+00:00, run_after=2024-04-06 00:00:00+00:00
[2024-04-06T23:12:33.583+0000] {processor.py:183} INFO - Processing /home/malangdataguy/miniconda3/envs/airflow_mdg/lib/python3.8/site-packages/airflow/example_dags/tutorial.py took 0.108 seconds
[2024-04-06T23:13:14.076+0000] {processor.py:161} INFO - Started process (PID=68613) to work on /home/malangdataguy/miniconda3/envs/airflow_mdg/lib/python3.8/site-packages/airflow/example_dags/tutorial.py
[2024-04-06T23:13:14.079+0000] {processor.py:830} INFO - Processing file /home/malangdataguy/miniconda3/envs/airflow_mdg/lib/python3.8/site-packages/airflow/example_dags/tutorial.py for tasks to queue
[2024-04-06T23:13:14.080+0000] {logging_mixin.py:188} INFO - [2024-04-06T23:13:14.079+0000] {dagbag.py:540} INFO - Filling up the DagBag from /home/malangdataguy/miniconda3/envs/airflow_mdg/lib/python3.8/site-packages/airflow/example_dags/tutorial.py
[2024-04-06T23:13:14.090+0000] {processor.py:840} INFO - DAG(s) 'tutorial' retrieved from /home/malangdataguy/miniconda3/envs/airflow_mdg/lib/python3.8/site-packages/airflow/example_dags/tutorial.py
[2024-04-06T23:13:14.111+0000] {logging_mixin.py:188} INFO - [2024-04-06T23:13:14.111+0000] {dag.py:3047} INFO - Sync 1 DAGs
[2024-04-06T23:13:14.135+0000] {logging_mixin.py:188} INFO - [2024-04-06T23:13:14.135+0000] {dag.py:3834} INFO - Setting next_dagrun for tutorial to 2024-04-05 00:00:00+00:00, run_after=2024-04-06 00:00:00+00:00
[2024-04-06T23:13:14.162+0000] {processor.py:183} INFO - Processing /home/malangdataguy/miniconda3/envs/airflow_mdg/lib/python3.8/site-packages/airflow/example_dags/tutorial.py took 0.091 seconds
[2024-04-06T23:13:55.232+0000] {processor.py:161} INFO - Started process (PID=68656) to work on /home/malangdataguy/miniconda3/envs/airflow_mdg/lib/python3.8/site-packages/airflow/example_dags/tutorial.py
[2024-04-06T23:13:55.235+0000] {processor.py:830} INFO - Processing file /home/malangdataguy/miniconda3/envs/airflow_mdg/lib/python3.8/site-packages/airflow/example_dags/tutorial.py for tasks to queue
[2024-04-06T23:13:55.237+0000] {logging_mixin.py:188} INFO - [2024-04-06T23:13:55.236+0000] {dagbag.py:540} INFO - Filling up the DagBag from /home/malangdataguy/miniconda3/envs/airflow_mdg/lib/python3.8/site-packages/airflow/example_dags/tutorial.py
[2024-04-06T23:13:55.248+0000] {processor.py:840} INFO - DAG(s) 'tutorial' retrieved from /home/malangdataguy/miniconda3/envs/airflow_mdg/lib/python3.8/site-packages/airflow/example_dags/tutorial.py
[2024-04-06T23:13:55.274+0000] {logging_mixin.py:188} INFO - [2024-04-06T23:13:55.273+0000] {dag.py:3047} INFO - Sync 1 DAGs
[2024-04-06T23:13:55.303+0000] {logging_mixin.py:188} INFO - [2024-04-06T23:13:55.302+0000] {dag.py:3834} INFO - Setting next_dagrun for tutorial to 2024-04-05 00:00:00+00:00, run_after=2024-04-06 00:00:00+00:00
[2024-04-06T23:13:55.333+0000] {processor.py:183} INFO - Processing /home/malangdataguy/miniconda3/envs/airflow_mdg/lib/python3.8/site-packages/airflow/example_dags/tutorial.py took 0.106 seconds
[2024-04-06T23:14:37.868+0000] {processor.py:161} INFO - Started process (PID=68697) to work on /home/malangdataguy/miniconda3/envs/airflow_mdg/lib/python3.8/site-packages/airflow/example_dags/tutorial.py
[2024-04-06T23:14:37.871+0000] {processor.py:830} INFO - Processing file /home/malangdataguy/miniconda3/envs/airflow_mdg/lib/python3.8/site-packages/airflow/example_dags/tutorial.py for tasks to queue
[2024-04-06T23:14:37.872+0000] {logging_mixin.py:188} INFO - [2024-04-06T23:14:37.872+0000] {dagbag.py:540} INFO - Filling up the DagBag from /home/malangdataguy/miniconda3/envs/airflow_mdg/lib/python3.8/site-packages/airflow/example_dags/tutorial.py
[2024-04-06T23:14:37.884+0000] {processor.py:840} INFO - DAG(s) 'tutorial' retrieved from /home/malangdataguy/miniconda3/envs/airflow_mdg/lib/python3.8/site-packages/airflow/example_dags/tutorial.py
[2024-04-06T23:14:37.909+0000] {logging_mixin.py:188} INFO - [2024-04-06T23:14:37.909+0000] {dag.py:3047} INFO - Sync 1 DAGs
[2024-04-06T23:14:37.937+0000] {logging_mixin.py:188} INFO - [2024-04-06T23:14:37.936+0000] {dag.py:3834} INFO - Setting next_dagrun for tutorial to 2024-04-05 00:00:00+00:00, run_after=2024-04-06 00:00:00+00:00
[2024-04-06T23:14:37.967+0000] {processor.py:183} INFO - Processing /home/malangdataguy/miniconda3/envs/airflow_mdg/lib/python3.8/site-packages/airflow/example_dags/tutorial.py took 0.105 seconds
[2024-04-06T23:15:18.287+0000] {processor.py:161} INFO - Started process (PID=68740) to work on /home/malangdataguy/miniconda3/envs/airflow_mdg/lib/python3.8/site-packages/airflow/example_dags/tutorial.py
[2024-04-06T23:15:18.290+0000] {processor.py:830} INFO - Processing file /home/malangdataguy/miniconda3/envs/airflow_mdg/lib/python3.8/site-packages/airflow/example_dags/tutorial.py for tasks to queue
[2024-04-06T23:15:18.291+0000] {logging_mixin.py:188} INFO - [2024-04-06T23:15:18.290+0000] {dagbag.py:540} INFO - Filling up the DagBag from /home/malangdataguy/miniconda3/envs/airflow_mdg/lib/python3.8/site-packages/airflow/example_dags/tutorial.py
[2024-04-06T23:15:18.300+0000] {processor.py:840} INFO - DAG(s) 'tutorial' retrieved from /home/malangdataguy/miniconda3/envs/airflow_mdg/lib/python3.8/site-packages/airflow/example_dags/tutorial.py
[2024-04-06T23:15:18.323+0000] {logging_mixin.py:188} INFO - [2024-04-06T23:15:18.323+0000] {dag.py:3047} INFO - Sync 1 DAGs
[2024-04-06T23:15:18.348+0000] {logging_mixin.py:188} INFO - [2024-04-06T23:15:18.348+0000] {dag.py:3834} INFO - Setting next_dagrun for tutorial to 2024-04-05 00:00:00+00:00, run_after=2024-04-06 00:00:00+00:00
[2024-04-06T23:15:18.378+0000] {processor.py:183} INFO - Processing /home/malangdataguy/miniconda3/envs/airflow_mdg/lib/python3.8/site-packages/airflow/example_dags/tutorial.py took 0.096 seconds
[2024-04-06T23:15:58.815+0000] {processor.py:161} INFO - Started process (PID=68782) to work on /home/malangdataguy/miniconda3/envs/airflow_mdg/lib/python3.8/site-packages/airflow/example_dags/tutorial.py
[2024-04-06T23:15:58.817+0000] {processor.py:830} INFO - Processing file /home/malangdataguy/miniconda3/envs/airflow_mdg/lib/python3.8/site-packages/airflow/example_dags/tutorial.py for tasks to queue
[2024-04-06T23:15:58.819+0000] {logging_mixin.py:188} INFO - [2024-04-06T23:15:58.818+0000] {dagbag.py:540} INFO - Filling up the DagBag from /home/malangdataguy/miniconda3/envs/airflow_mdg/lib/python3.8/site-packages/airflow/example_dags/tutorial.py
[2024-04-06T23:15:58.829+0000] {processor.py:840} INFO - DAG(s) 'tutorial' retrieved from /home/malangdataguy/miniconda3/envs/airflow_mdg/lib/python3.8/site-packages/airflow/example_dags/tutorial.py
[2024-04-06T23:15:58.851+0000] {logging_mixin.py:188} INFO - [2024-04-06T23:15:58.851+0000] {dag.py:3047} INFO - Sync 1 DAGs
[2024-04-06T23:15:58.877+0000] {logging_mixin.py:188} INFO - [2024-04-06T23:15:58.877+0000] {dag.py:3834} INFO - Setting next_dagrun for tutorial to 2024-04-05 00:00:00+00:00, run_after=2024-04-06 00:00:00+00:00
[2024-04-06T23:15:58.904+0000] {processor.py:183} INFO - Processing /home/malangdataguy/miniconda3/envs/airflow_mdg/lib/python3.8/site-packages/airflow/example_dags/tutorial.py took 0.094 seconds
[2024-04-06T23:16:35.918+0000] {processor.py:161} INFO - Started process (PID=68822) to work on /home/malangdataguy/miniconda3/envs/airflow_mdg/lib/python3.8/site-packages/airflow/example_dags/tutorial.py
[2024-04-06T23:16:35.921+0000] {processor.py:830} INFO - Processing file /home/malangdataguy/miniconda3/envs/airflow_mdg/lib/python3.8/site-packages/airflow/example_dags/tutorial.py for tasks to queue
[2024-04-06T23:16:35.922+0000] {logging_mixin.py:188} INFO - [2024-04-06T23:16:35.922+0000] {dagbag.py:540} INFO - Filling up the DagBag from /home/malangdataguy/miniconda3/envs/airflow_mdg/lib/python3.8/site-packages/airflow/example_dags/tutorial.py
[2024-04-06T23:16:35.933+0000] {processor.py:840} INFO - DAG(s) 'tutorial' retrieved from /home/malangdataguy/miniconda3/envs/airflow_mdg/lib/python3.8/site-packages/airflow/example_dags/tutorial.py
[2024-04-06T23:16:35.956+0000] {logging_mixin.py:188} INFO - [2024-04-06T23:16:35.955+0000] {dag.py:3047} INFO - Sync 1 DAGs
[2024-04-06T23:16:35.982+0000] {logging_mixin.py:188} INFO - [2024-04-06T23:16:35.982+0000] {dag.py:3834} INFO - Setting next_dagrun for tutorial to 2024-04-05 00:00:00+00:00, run_after=2024-04-06 00:00:00+00:00
[2024-04-06T23:16:36.009+0000] {processor.py:183} INFO - Processing /home/malangdataguy/miniconda3/envs/airflow_mdg/lib/python3.8/site-packages/airflow/example_dags/tutorial.py took 0.095 seconds
[2024-04-06T23:17:15.341+0000] {processor.py:161} INFO - Started process (PID=68865) to work on /home/malangdataguy/miniconda3/envs/airflow_mdg/lib/python3.8/site-packages/airflow/example_dags/tutorial.py
[2024-04-06T23:17:15.343+0000] {processor.py:830} INFO - Processing file /home/malangdataguy/miniconda3/envs/airflow_mdg/lib/python3.8/site-packages/airflow/example_dags/tutorial.py for tasks to queue
[2024-04-06T23:17:15.345+0000] {logging_mixin.py:188} INFO - [2024-04-06T23:17:15.344+0000] {dagbag.py:540} INFO - Filling up the DagBag from /home/malangdataguy/miniconda3/envs/airflow_mdg/lib/python3.8/site-packages/airflow/example_dags/tutorial.py
[2024-04-06T23:17:15.355+0000] {processor.py:840} INFO - DAG(s) 'tutorial' retrieved from /home/malangdataguy/miniconda3/envs/airflow_mdg/lib/python3.8/site-packages/airflow/example_dags/tutorial.py
[2024-04-06T23:17:15.376+0000] {logging_mixin.py:188} INFO - [2024-04-06T23:17:15.376+0000] {dag.py:3047} INFO - Sync 1 DAGs
[2024-04-06T23:17:15.402+0000] {logging_mixin.py:188} INFO - [2024-04-06T23:17:15.402+0000] {dag.py:3834} INFO - Setting next_dagrun for tutorial to 2024-04-05 00:00:00+00:00, run_after=2024-04-06 00:00:00+00:00
[2024-04-06T23:17:15.434+0000] {processor.py:183} INFO - Processing /home/malangdataguy/miniconda3/envs/airflow_mdg/lib/python3.8/site-packages/airflow/example_dags/tutorial.py took 0.098 seconds
[2024-04-06T23:17:59.563+0000] {processor.py:161} INFO - Started process (PID=68913) to work on /home/malangdataguy/miniconda3/envs/airflow_mdg/lib/python3.8/site-packages/airflow/example_dags/tutorial.py
[2024-04-06T23:17:59.566+0000] {processor.py:830} INFO - Processing file /home/malangdataguy/miniconda3/envs/airflow_mdg/lib/python3.8/site-packages/airflow/example_dags/tutorial.py for tasks to queue
[2024-04-06T23:17:59.567+0000] {logging_mixin.py:188} INFO - [2024-04-06T23:17:59.567+0000] {dagbag.py:540} INFO - Filling up the DagBag from /home/malangdataguy/miniconda3/envs/airflow_mdg/lib/python3.8/site-packages/airflow/example_dags/tutorial.py
[2024-04-06T23:17:59.579+0000] {processor.py:840} INFO - DAG(s) 'tutorial' retrieved from /home/malangdataguy/miniconda3/envs/airflow_mdg/lib/python3.8/site-packages/airflow/example_dags/tutorial.py
[2024-04-06T23:17:59.605+0000] {logging_mixin.py:188} INFO - [2024-04-06T23:17:59.604+0000] {dag.py:3047} INFO - Sync 1 DAGs
[2024-04-06T23:17:59.633+0000] {logging_mixin.py:188} INFO - [2024-04-06T23:17:59.632+0000] {dag.py:3834} INFO - Setting next_dagrun for tutorial to 2024-04-05 00:00:00+00:00, run_after=2024-04-06 00:00:00+00:00
[2024-04-06T23:17:59.667+0000] {processor.py:183} INFO - Processing /home/malangdataguy/miniconda3/envs/airflow_mdg/lib/python3.8/site-packages/airflow/example_dags/tutorial.py took 0.110 seconds
[2024-04-06T23:18:41.767+0000] {processor.py:161} INFO - Started process (PID=68957) to work on /home/malangdataguy/miniconda3/envs/airflow_mdg/lib/python3.8/site-packages/airflow/example_dags/tutorial.py
[2024-04-06T23:18:41.769+0000] {processor.py:830} INFO - Processing file /home/malangdataguy/miniconda3/envs/airflow_mdg/lib/python3.8/site-packages/airflow/example_dags/tutorial.py for tasks to queue
[2024-04-06T23:18:41.771+0000] {logging_mixin.py:188} INFO - [2024-04-06T23:18:41.770+0000] {dagbag.py:540} INFO - Filling up the DagBag from /home/malangdataguy/miniconda3/envs/airflow_mdg/lib/python3.8/site-packages/airflow/example_dags/tutorial.py
[2024-04-06T23:18:41.782+0000] {processor.py:840} INFO - DAG(s) 'tutorial' retrieved from /home/malangdataguy/miniconda3/envs/airflow_mdg/lib/python3.8/site-packages/airflow/example_dags/tutorial.py
[2024-04-06T23:18:41.807+0000] {logging_mixin.py:188} INFO - [2024-04-06T23:18:41.807+0000] {dag.py:3047} INFO - Sync 1 DAGs
[2024-04-06T23:18:41.835+0000] {logging_mixin.py:188} INFO - [2024-04-06T23:18:41.835+0000] {dag.py:3834} INFO - Setting next_dagrun for tutorial to 2024-04-05 00:00:00+00:00, run_after=2024-04-06 00:00:00+00:00
[2024-04-06T23:18:41.867+0000] {processor.py:183} INFO - Processing /home/malangdataguy/miniconda3/envs/airflow_mdg/lib/python3.8/site-packages/airflow/example_dags/tutorial.py took 0.105 seconds
[2024-04-06T23:19:21.587+0000] {processor.py:161} INFO - Started process (PID=68997) to work on /home/malangdataguy/miniconda3/envs/airflow_mdg/lib/python3.8/site-packages/airflow/example_dags/tutorial.py
[2024-04-06T23:19:21.590+0000] {processor.py:830} INFO - Processing file /home/malangdataguy/miniconda3/envs/airflow_mdg/lib/python3.8/site-packages/airflow/example_dags/tutorial.py for tasks to queue
[2024-04-06T23:19:21.591+0000] {logging_mixin.py:188} INFO - [2024-04-06T23:19:21.591+0000] {dagbag.py:540} INFO - Filling up the DagBag from /home/malangdataguy/miniconda3/envs/airflow_mdg/lib/python3.8/site-packages/airflow/example_dags/tutorial.py
[2024-04-06T23:19:21.603+0000] {processor.py:840} INFO - DAG(s) 'tutorial' retrieved from /home/malangdataguy/miniconda3/envs/airflow_mdg/lib/python3.8/site-packages/airflow/example_dags/tutorial.py
[2024-04-06T23:19:21.625+0000] {logging_mixin.py:188} INFO - [2024-04-06T23:19:21.625+0000] {dag.py:3047} INFO - Sync 1 DAGs
[2024-04-06T23:19:21.651+0000] {logging_mixin.py:188} INFO - [2024-04-06T23:19:21.651+0000] {dag.py:3834} INFO - Setting next_dagrun for tutorial to 2024-04-05 00:00:00+00:00, run_after=2024-04-06 00:00:00+00:00
[2024-04-06T23:19:21.683+0000] {processor.py:183} INFO - Processing /home/malangdataguy/miniconda3/envs/airflow_mdg/lib/python3.8/site-packages/airflow/example_dags/tutorial.py took 0.101 seconds
[2024-04-06T23:20:07.357+0000] {processor.py:161} INFO - Started process (PID=69041) to work on /home/malangdataguy/miniconda3/envs/airflow_mdg/lib/python3.8/site-packages/airflow/example_dags/tutorial.py
[2024-04-06T23:20:07.360+0000] {processor.py:830} INFO - Processing file /home/malangdataguy/miniconda3/envs/airflow_mdg/lib/python3.8/site-packages/airflow/example_dags/tutorial.py for tasks to queue
[2024-04-06T23:20:07.361+0000] {logging_mixin.py:188} INFO - [2024-04-06T23:20:07.361+0000] {dagbag.py:540} INFO - Filling up the DagBag from /home/malangdataguy/miniconda3/envs/airflow_mdg/lib/python3.8/site-packages/airflow/example_dags/tutorial.py
[2024-04-06T23:20:07.371+0000] {processor.py:840} INFO - DAG(s) 'tutorial' retrieved from /home/malangdataguy/miniconda3/envs/airflow_mdg/lib/python3.8/site-packages/airflow/example_dags/tutorial.py
[2024-04-06T23:20:07.394+0000] {logging_mixin.py:188} INFO - [2024-04-06T23:20:07.393+0000] {dag.py:3047} INFO - Sync 1 DAGs
[2024-04-06T23:20:07.419+0000] {logging_mixin.py:188} INFO - [2024-04-06T23:20:07.419+0000] {dag.py:3834} INFO - Setting next_dagrun for tutorial to 2024-04-05 00:00:00+00:00, run_after=2024-04-06 00:00:00+00:00
[2024-04-06T23:20:07.452+0000] {processor.py:183} INFO - Processing /home/malangdataguy/miniconda3/envs/airflow_mdg/lib/python3.8/site-packages/airflow/example_dags/tutorial.py took 0.099 seconds
[2024-04-06T23:20:53.367+0000] {processor.py:161} INFO - Started process (PID=69087) to work on /home/malangdataguy/miniconda3/envs/airflow_mdg/lib/python3.8/site-packages/airflow/example_dags/tutorial.py
[2024-04-06T23:20:53.370+0000] {processor.py:830} INFO - Processing file /home/malangdataguy/miniconda3/envs/airflow_mdg/lib/python3.8/site-packages/airflow/example_dags/tutorial.py for tasks to queue
[2024-04-06T23:20:53.372+0000] {logging_mixin.py:188} INFO - [2024-04-06T23:20:53.371+0000] {dagbag.py:540} INFO - Filling up the DagBag from /home/malangdataguy/miniconda3/envs/airflow_mdg/lib/python3.8/site-packages/airflow/example_dags/tutorial.py
[2024-04-06T23:20:53.384+0000] {processor.py:840} INFO - DAG(s) 'tutorial' retrieved from /home/malangdataguy/miniconda3/envs/airflow_mdg/lib/python3.8/site-packages/airflow/example_dags/tutorial.py
[2024-04-06T23:20:53.410+0000] {logging_mixin.py:188} INFO - [2024-04-06T23:20:53.410+0000] {dag.py:3047} INFO - Sync 1 DAGs
[2024-04-06T23:20:53.440+0000] {logging_mixin.py:188} INFO - [2024-04-06T23:20:53.439+0000] {dag.py:3834} INFO - Setting next_dagrun for tutorial to 2024-04-05 00:00:00+00:00, run_after=2024-04-06 00:00:00+00:00
[2024-04-06T23:20:53.475+0000] {processor.py:183} INFO - Processing /home/malangdataguy/miniconda3/envs/airflow_mdg/lib/python3.8/site-packages/airflow/example_dags/tutorial.py took 0.113 seconds
[2024-04-06T23:21:33.879+0000] {processor.py:161} INFO - Started process (PID=69129) to work on /home/malangdataguy/miniconda3/envs/airflow_mdg/lib/python3.8/site-packages/airflow/example_dags/tutorial.py
[2024-04-06T23:21:33.882+0000] {processor.py:830} INFO - Processing file /home/malangdataguy/miniconda3/envs/airflow_mdg/lib/python3.8/site-packages/airflow/example_dags/tutorial.py for tasks to queue
[2024-04-06T23:21:33.883+0000] {logging_mixin.py:188} INFO - [2024-04-06T23:21:33.883+0000] {dagbag.py:540} INFO - Filling up the DagBag from /home/malangdataguy/miniconda3/envs/airflow_mdg/lib/python3.8/site-packages/airflow/example_dags/tutorial.py
[2024-04-06T23:21:33.893+0000] {processor.py:840} INFO - DAG(s) 'tutorial' retrieved from /home/malangdataguy/miniconda3/envs/airflow_mdg/lib/python3.8/site-packages/airflow/example_dags/tutorial.py
[2024-04-06T23:21:33.915+0000] {logging_mixin.py:188} INFO - [2024-04-06T23:21:33.915+0000] {dag.py:3047} INFO - Sync 1 DAGs
[2024-04-06T23:21:33.940+0000] {logging_mixin.py:188} INFO - [2024-04-06T23:21:33.939+0000] {dag.py:3834} INFO - Setting next_dagrun for tutorial to 2024-04-05 00:00:00+00:00, run_after=2024-04-06 00:00:00+00:00
[2024-04-06T23:21:33.970+0000] {processor.py:183} INFO - Processing /home/malangdataguy/miniconda3/envs/airflow_mdg/lib/python3.8/site-packages/airflow/example_dags/tutorial.py took 0.095 seconds
[2024-04-06T23:22:15.433+0000] {processor.py:161} INFO - Started process (PID=69170) to work on /home/malangdataguy/miniconda3/envs/airflow_mdg/lib/python3.8/site-packages/airflow/example_dags/tutorial.py
[2024-04-06T23:22:15.435+0000] {processor.py:830} INFO - Processing file /home/malangdataguy/miniconda3/envs/airflow_mdg/lib/python3.8/site-packages/airflow/example_dags/tutorial.py for tasks to queue
[2024-04-06T23:22:15.436+0000] {logging_mixin.py:188} INFO - [2024-04-06T23:22:15.436+0000] {dagbag.py:540} INFO - Filling up the DagBag from /home/malangdataguy/miniconda3/envs/airflow_mdg/lib/python3.8/site-packages/airflow/example_dags/tutorial.py
[2024-04-06T23:22:15.447+0000] {processor.py:840} INFO - DAG(s) 'tutorial' retrieved from /home/malangdataguy/miniconda3/envs/airflow_mdg/lib/python3.8/site-packages/airflow/example_dags/tutorial.py
[2024-04-06T23:22:15.468+0000] {logging_mixin.py:188} INFO - [2024-04-06T23:22:15.468+0000] {dag.py:3047} INFO - Sync 1 DAGs
[2024-04-06T23:22:15.494+0000] {logging_mixin.py:188} INFO - [2024-04-06T23:22:15.493+0000] {dag.py:3834} INFO - Setting next_dagrun for tutorial to 2024-04-05 00:00:00+00:00, run_after=2024-04-06 00:00:00+00:00
[2024-04-06T23:22:15.521+0000] {processor.py:183} INFO - Processing /home/malangdataguy/miniconda3/envs/airflow_mdg/lib/python3.8/site-packages/airflow/example_dags/tutorial.py took 0.093 seconds
[2024-04-06T23:40:24.960+0000] {processor.py:161} INFO - Started process (PID=69284) to work on /home/malangdataguy/miniconda3/envs/airflow_mdg/lib/python3.8/site-packages/airflow/example_dags/tutorial.py
[2024-04-06T23:40:24.963+0000] {processor.py:830} INFO - Processing file /home/malangdataguy/miniconda3/envs/airflow_mdg/lib/python3.8/site-packages/airflow/example_dags/tutorial.py for tasks to queue
[2024-04-06T23:40:24.965+0000] {logging_mixin.py:188} INFO - [2024-04-06T23:40:24.964+0000] {dagbag.py:540} INFO - Filling up the DagBag from /home/malangdataguy/miniconda3/envs/airflow_mdg/lib/python3.8/site-packages/airflow/example_dags/tutorial.py
[2024-04-06T23:40:24.979+0000] {processor.py:840} INFO - DAG(s) 'tutorial' retrieved from /home/malangdataguy/miniconda3/envs/airflow_mdg/lib/python3.8/site-packages/airflow/example_dags/tutorial.py
[2024-04-06T23:40:25.006+0000] {logging_mixin.py:188} INFO - [2024-04-06T23:40:25.005+0000] {dag.py:3047} INFO - Sync 1 DAGs
[2024-04-06T23:40:25.034+0000] {logging_mixin.py:188} INFO - [2024-04-06T23:40:25.033+0000] {dag.py:3834} INFO - Setting next_dagrun for tutorial to 2024-04-05 00:00:00+00:00, run_after=2024-04-06 00:00:00+00:00
[2024-04-06T23:40:25.064+0000] {processor.py:183} INFO - Processing /home/malangdataguy/miniconda3/envs/airflow_mdg/lib/python3.8/site-packages/airflow/example_dags/tutorial.py took 0.108 seconds
[2024-04-06T23:41:17.162+0000] {processor.py:161} INFO - Started process (PID=69334) to work on /home/malangdataguy/miniconda3/envs/airflow_mdg/lib/python3.8/site-packages/airflow/example_dags/tutorial.py
[2024-04-06T23:41:17.165+0000] {processor.py:830} INFO - Processing file /home/malangdataguy/miniconda3/envs/airflow_mdg/lib/python3.8/site-packages/airflow/example_dags/tutorial.py for tasks to queue
[2024-04-06T23:41:17.166+0000] {logging_mixin.py:188} INFO - [2024-04-06T23:41:17.166+0000] {dagbag.py:540} INFO - Filling up the DagBag from /home/malangdataguy/miniconda3/envs/airflow_mdg/lib/python3.8/site-packages/airflow/example_dags/tutorial.py
[2024-04-06T23:41:17.177+0000] {processor.py:840} INFO - DAG(s) 'tutorial' retrieved from /home/malangdataguy/miniconda3/envs/airflow_mdg/lib/python3.8/site-packages/airflow/example_dags/tutorial.py
[2024-04-06T23:41:17.200+0000] {logging_mixin.py:188} INFO - [2024-04-06T23:41:17.200+0000] {dag.py:3047} INFO - Sync 1 DAGs
[2024-04-06T23:41:17.226+0000] {logging_mixin.py:188} INFO - [2024-04-06T23:41:17.226+0000] {dag.py:3834} INFO - Setting next_dagrun for tutorial to 2024-04-05 00:00:00+00:00, run_after=2024-04-06 00:00:00+00:00
[2024-04-06T23:41:17.257+0000] {processor.py:183} INFO - Processing /home/malangdataguy/miniconda3/envs/airflow_mdg/lib/python3.8/site-packages/airflow/example_dags/tutorial.py took 0.100 seconds
[2024-04-06T23:42:08.971+0000] {processor.py:161} INFO - Started process (PID=69384) to work on /home/malangdataguy/miniconda3/envs/airflow_mdg/lib/python3.8/site-packages/airflow/example_dags/tutorial.py
[2024-04-06T23:42:08.973+0000] {processor.py:830} INFO - Processing file /home/malangdataguy/miniconda3/envs/airflow_mdg/lib/python3.8/site-packages/airflow/example_dags/tutorial.py for tasks to queue
[2024-04-06T23:42:08.975+0000] {logging_mixin.py:188} INFO - [2024-04-06T23:42:08.974+0000] {dagbag.py:540} INFO - Filling up the DagBag from /home/malangdataguy/miniconda3/envs/airflow_mdg/lib/python3.8/site-packages/airflow/example_dags/tutorial.py
[2024-04-06T23:42:08.987+0000] {processor.py:840} INFO - DAG(s) 'tutorial' retrieved from /home/malangdataguy/miniconda3/envs/airflow_mdg/lib/python3.8/site-packages/airflow/example_dags/tutorial.py
[2024-04-06T23:42:09.013+0000] {logging_mixin.py:188} INFO - [2024-04-06T23:42:09.013+0000] {dag.py:3047} INFO - Sync 1 DAGs
[2024-04-06T23:42:09.042+0000] {logging_mixin.py:188} INFO - [2024-04-06T23:42:09.042+0000] {dag.py:3834} INFO - Setting next_dagrun for tutorial to 2024-04-05 00:00:00+00:00, run_after=2024-04-06 00:00:00+00:00
[2024-04-06T23:42:09.078+0000] {processor.py:183} INFO - Processing /home/malangdataguy/miniconda3/envs/airflow_mdg/lib/python3.8/site-packages/airflow/example_dags/tutorial.py took 0.112 seconds
[2024-04-06T23:42:53.389+0000] {processor.py:161} INFO - Started process (PID=69428) to work on /home/malangdataguy/miniconda3/envs/airflow_mdg/lib/python3.8/site-packages/airflow/example_dags/tutorial.py
[2024-04-06T23:42:53.391+0000] {processor.py:830} INFO - Processing file /home/malangdataguy/miniconda3/envs/airflow_mdg/lib/python3.8/site-packages/airflow/example_dags/tutorial.py for tasks to queue
[2024-04-06T23:42:53.392+0000] {logging_mixin.py:188} INFO - [2024-04-06T23:42:53.392+0000] {dagbag.py:540} INFO - Filling up the DagBag from /home/malangdataguy/miniconda3/envs/airflow_mdg/lib/python3.8/site-packages/airflow/example_dags/tutorial.py
[2024-04-06T23:42:53.402+0000] {processor.py:840} INFO - DAG(s) 'tutorial' retrieved from /home/malangdataguy/miniconda3/envs/airflow_mdg/lib/python3.8/site-packages/airflow/example_dags/tutorial.py
[2024-04-06T23:42:53.425+0000] {logging_mixin.py:188} INFO - [2024-04-06T23:42:53.425+0000] {dag.py:3047} INFO - Sync 1 DAGs
[2024-04-06T23:42:53.450+0000] {logging_mixin.py:188} INFO - [2024-04-06T23:42:53.449+0000] {dag.py:3834} INFO - Setting next_dagrun for tutorial to 2024-04-05 00:00:00+00:00, run_after=2024-04-06 00:00:00+00:00
[2024-04-06T23:42:53.478+0000] {processor.py:183} INFO - Processing /home/malangdataguy/miniconda3/envs/airflow_mdg/lib/python3.8/site-packages/airflow/example_dags/tutorial.py took 0.094 seconds
[2024-04-06T23:43:37.841+0000] {processor.py:161} INFO - Started process (PID=69482) to work on /home/malangdataguy/miniconda3/envs/airflow_mdg/lib/python3.8/site-packages/airflow/example_dags/tutorial.py
[2024-04-06T23:43:37.843+0000] {processor.py:830} INFO - Processing file /home/malangdataguy/miniconda3/envs/airflow_mdg/lib/python3.8/site-packages/airflow/example_dags/tutorial.py for tasks to queue
[2024-04-06T23:43:37.844+0000] {logging_mixin.py:188} INFO - [2024-04-06T23:43:37.844+0000] {dagbag.py:540} INFO - Filling up the DagBag from /home/malangdataguy/miniconda3/envs/airflow_mdg/lib/python3.8/site-packages/airflow/example_dags/tutorial.py
[2024-04-06T23:43:37.855+0000] {processor.py:840} INFO - DAG(s) 'tutorial' retrieved from /home/malangdataguy/miniconda3/envs/airflow_mdg/lib/python3.8/site-packages/airflow/example_dags/tutorial.py
[2024-04-06T23:43:37.879+0000] {logging_mixin.py:188} INFO - [2024-04-06T23:43:37.878+0000] {dag.py:3047} INFO - Sync 1 DAGs
[2024-04-06T23:43:37.905+0000] {logging_mixin.py:188} INFO - [2024-04-06T23:43:37.904+0000] {dag.py:3834} INFO - Setting next_dagrun for tutorial to 2024-04-05 00:00:00+00:00, run_after=2024-04-06 00:00:00+00:00
[2024-04-06T23:43:37.932+0000] {processor.py:183} INFO - Processing /home/malangdataguy/miniconda3/envs/airflow_mdg/lib/python3.8/site-packages/airflow/example_dags/tutorial.py took 0.096 seconds
[2024-04-06T23:44:22.288+0000] {processor.py:161} INFO - Started process (PID=69533) to work on /home/malangdataguy/miniconda3/envs/airflow_mdg/lib/python3.8/site-packages/airflow/example_dags/tutorial.py
[2024-04-06T23:44:22.290+0000] {processor.py:830} INFO - Processing file /home/malangdataguy/miniconda3/envs/airflow_mdg/lib/python3.8/site-packages/airflow/example_dags/tutorial.py for tasks to queue
[2024-04-06T23:44:22.292+0000] {logging_mixin.py:188} INFO - [2024-04-06T23:44:22.291+0000] {dagbag.py:540} INFO - Filling up the DagBag from /home/malangdataguy/miniconda3/envs/airflow_mdg/lib/python3.8/site-packages/airflow/example_dags/tutorial.py
[2024-04-06T23:44:22.302+0000] {processor.py:840} INFO - DAG(s) 'tutorial' retrieved from /home/malangdataguy/miniconda3/envs/airflow_mdg/lib/python3.8/site-packages/airflow/example_dags/tutorial.py
[2024-04-06T23:44:22.324+0000] {logging_mixin.py:188} INFO - [2024-04-06T23:44:22.323+0000] {dag.py:3047} INFO - Sync 1 DAGs
[2024-04-06T23:44:22.348+0000] {logging_mixin.py:188} INFO - [2024-04-06T23:44:22.348+0000] {dag.py:3834} INFO - Setting next_dagrun for tutorial to 2024-04-05 00:00:00+00:00, run_after=2024-04-06 00:00:00+00:00
[2024-04-06T23:44:22.376+0000] {processor.py:183} INFO - Processing /home/malangdataguy/miniconda3/envs/airflow_mdg/lib/python3.8/site-packages/airflow/example_dags/tutorial.py took 0.093 seconds
[2024-04-06T23:45:05.127+0000] {processor.py:161} INFO - Started process (PID=69578) to work on /home/malangdataguy/miniconda3/envs/airflow_mdg/lib/python3.8/site-packages/airflow/example_dags/tutorial.py
[2024-04-06T23:45:05.130+0000] {processor.py:830} INFO - Processing file /home/malangdataguy/miniconda3/envs/airflow_mdg/lib/python3.8/site-packages/airflow/example_dags/tutorial.py for tasks to queue
[2024-04-06T23:45:05.131+0000] {logging_mixin.py:188} INFO - [2024-04-06T23:45:05.131+0000] {dagbag.py:540} INFO - Filling up the DagBag from /home/malangdataguy/miniconda3/envs/airflow_mdg/lib/python3.8/site-packages/airflow/example_dags/tutorial.py
[2024-04-06T23:45:05.140+0000] {processor.py:840} INFO - DAG(s) 'tutorial' retrieved from /home/malangdataguy/miniconda3/envs/airflow_mdg/lib/python3.8/site-packages/airflow/example_dags/tutorial.py
[2024-04-06T23:45:05.162+0000] {logging_mixin.py:188} INFO - [2024-04-06T23:45:05.162+0000] {dag.py:3047} INFO - Sync 1 DAGs
[2024-04-06T23:45:05.186+0000] {logging_mixin.py:188} INFO - [2024-04-06T23:45:05.186+0000] {dag.py:3834} INFO - Setting next_dagrun for tutorial to 2024-04-05 00:00:00+00:00, run_after=2024-04-06 00:00:00+00:00
[2024-04-06T23:45:05.213+0000] {processor.py:183} INFO - Processing /home/malangdataguy/miniconda3/envs/airflow_mdg/lib/python3.8/site-packages/airflow/example_dags/tutorial.py took 0.090 seconds
[2024-04-06T23:45:48.120+0000] {processor.py:161} INFO - Started process (PID=69622) to work on /home/malangdataguy/miniconda3/envs/airflow_mdg/lib/python3.8/site-packages/airflow/example_dags/tutorial.py
[2024-04-06T23:45:48.124+0000] {processor.py:830} INFO - Processing file /home/malangdataguy/miniconda3/envs/airflow_mdg/lib/python3.8/site-packages/airflow/example_dags/tutorial.py for tasks to queue
[2024-04-06T23:45:48.132+0000] {logging_mixin.py:188} INFO - [2024-04-06T23:45:48.125+0000] {dagbag.py:540} INFO - Filling up the DagBag from /home/malangdataguy/miniconda3/envs/airflow_mdg/lib/python3.8/site-packages/airflow/example_dags/tutorial.py
[2024-04-06T23:45:48.150+0000] {processor.py:840} INFO - DAG(s) 'tutorial' retrieved from /home/malangdataguy/miniconda3/envs/airflow_mdg/lib/python3.8/site-packages/airflow/example_dags/tutorial.py
[2024-04-06T23:45:48.185+0000] {logging_mixin.py:188} INFO - [2024-04-06T23:45:48.184+0000] {dag.py:3047} INFO - Sync 1 DAGs
[2024-04-06T23:45:48.267+0000] {logging_mixin.py:188} INFO - [2024-04-06T23:45:48.266+0000] {dag.py:3834} INFO - Setting next_dagrun for tutorial to 2024-04-05 00:00:00+00:00, run_after=2024-04-06 00:00:00+00:00
[2024-04-06T23:45:48.388+0000] {processor.py:183} INFO - Processing /home/malangdataguy/miniconda3/envs/airflow_mdg/lib/python3.8/site-packages/airflow/example_dags/tutorial.py took 0.274 seconds
[2024-04-06T23:46:29.278+0000] {processor.py:161} INFO - Started process (PID=69666) to work on /home/malangdataguy/miniconda3/envs/airflow_mdg/lib/python3.8/site-packages/airflow/example_dags/tutorial.py
[2024-04-06T23:46:29.281+0000] {processor.py:830} INFO - Processing file /home/malangdataguy/miniconda3/envs/airflow_mdg/lib/python3.8/site-packages/airflow/example_dags/tutorial.py for tasks to queue
[2024-04-06T23:46:29.283+0000] {logging_mixin.py:188} INFO - [2024-04-06T23:46:29.282+0000] {dagbag.py:540} INFO - Filling up the DagBag from /home/malangdataguy/miniconda3/envs/airflow_mdg/lib/python3.8/site-packages/airflow/example_dags/tutorial.py
[2024-04-06T23:46:29.294+0000] {processor.py:840} INFO - DAG(s) 'tutorial' retrieved from /home/malangdataguy/miniconda3/envs/airflow_mdg/lib/python3.8/site-packages/airflow/example_dags/tutorial.py
[2024-04-06T23:46:29.321+0000] {logging_mixin.py:188} INFO - [2024-04-06T23:46:29.321+0000] {dag.py:3047} INFO - Sync 1 DAGs
[2024-04-06T23:46:29.351+0000] {logging_mixin.py:188} INFO - [2024-04-06T23:46:29.350+0000] {dag.py:3834} INFO - Setting next_dagrun for tutorial to 2024-04-05 00:00:00+00:00, run_after=2024-04-06 00:00:00+00:00
[2024-04-06T23:46:29.382+0000] {processor.py:183} INFO - Processing /home/malangdataguy/miniconda3/envs/airflow_mdg/lib/python3.8/site-packages/airflow/example_dags/tutorial.py took 0.110 seconds
[2024-04-06T23:47:10.071+0000] {processor.py:161} INFO - Started process (PID=69739) to work on /home/malangdataguy/miniconda3/envs/airflow_mdg/lib/python3.8/site-packages/airflow/example_dags/tutorial.py
[2024-04-06T23:47:10.074+0000] {processor.py:830} INFO - Processing file /home/malangdataguy/miniconda3/envs/airflow_mdg/lib/python3.8/site-packages/airflow/example_dags/tutorial.py for tasks to queue
[2024-04-06T23:47:10.075+0000] {logging_mixin.py:188} INFO - [2024-04-06T23:47:10.074+0000] {dagbag.py:540} INFO - Filling up the DagBag from /home/malangdataguy/miniconda3/envs/airflow_mdg/lib/python3.8/site-packages/airflow/example_dags/tutorial.py
[2024-04-06T23:47:10.085+0000] {processor.py:840} INFO - DAG(s) 'tutorial' retrieved from /home/malangdataguy/miniconda3/envs/airflow_mdg/lib/python3.8/site-packages/airflow/example_dags/tutorial.py
[2024-04-06T23:47:10.108+0000] {logging_mixin.py:188} INFO - [2024-04-06T23:47:10.107+0000] {dag.py:3047} INFO - Sync 1 DAGs
[2024-04-06T23:47:10.133+0000] {logging_mixin.py:188} INFO - [2024-04-06T23:47:10.132+0000] {dag.py:3834} INFO - Setting next_dagrun for tutorial to 2024-04-05 00:00:00+00:00, run_after=2024-04-06 00:00:00+00:00
[2024-04-06T23:47:10.159+0000] {processor.py:183} INFO - Processing /home/malangdataguy/miniconda3/envs/airflow_mdg/lib/python3.8/site-packages/airflow/example_dags/tutorial.py took 0.093 seconds
[2024-04-06T23:47:50.238+0000] {processor.py:161} INFO - Started process (PID=69780) to work on /home/malangdataguy/miniconda3/envs/airflow_mdg/lib/python3.8/site-packages/airflow/example_dags/tutorial.py
[2024-04-06T23:47:50.241+0000] {processor.py:830} INFO - Processing file /home/malangdataguy/miniconda3/envs/airflow_mdg/lib/python3.8/site-packages/airflow/example_dags/tutorial.py for tasks to queue
[2024-04-06T23:47:50.242+0000] {logging_mixin.py:188} INFO - [2024-04-06T23:47:50.242+0000] {dagbag.py:540} INFO - Filling up the DagBag from /home/malangdataguy/miniconda3/envs/airflow_mdg/lib/python3.8/site-packages/airflow/example_dags/tutorial.py
[2024-04-06T23:47:50.254+0000] {processor.py:840} INFO - DAG(s) 'tutorial' retrieved from /home/malangdataguy/miniconda3/envs/airflow_mdg/lib/python3.8/site-packages/airflow/example_dags/tutorial.py
[2024-04-06T23:47:50.281+0000] {logging_mixin.py:188} INFO - [2024-04-06T23:47:50.280+0000] {dag.py:3047} INFO - Sync 1 DAGs
[2024-04-06T23:47:50.310+0000] {logging_mixin.py:188} INFO - [2024-04-06T23:47:50.309+0000] {dag.py:3834} INFO - Setting next_dagrun for tutorial to 2024-04-05 00:00:00+00:00, run_after=2024-04-06 00:00:00+00:00
[2024-04-06T23:47:50.342+0000] {processor.py:183} INFO - Processing /home/malangdataguy/miniconda3/envs/airflow_mdg/lib/python3.8/site-packages/airflow/example_dags/tutorial.py took 0.110 seconds
[2024-04-06T23:48:33.264+0000] {processor.py:161} INFO - Started process (PID=69828) to work on /home/malangdataguy/miniconda3/envs/airflow_mdg/lib/python3.8/site-packages/airflow/example_dags/tutorial.py
[2024-04-06T23:48:33.267+0000] {processor.py:830} INFO - Processing file /home/malangdataguy/miniconda3/envs/airflow_mdg/lib/python3.8/site-packages/airflow/example_dags/tutorial.py for tasks to queue
[2024-04-06T23:48:33.269+0000] {logging_mixin.py:188} INFO - [2024-04-06T23:48:33.268+0000] {dagbag.py:540} INFO - Filling up the DagBag from /home/malangdataguy/miniconda3/envs/airflow_mdg/lib/python3.8/site-packages/airflow/example_dags/tutorial.py
[2024-04-06T23:48:33.281+0000] {processor.py:840} INFO - DAG(s) 'tutorial' retrieved from /home/malangdataguy/miniconda3/envs/airflow_mdg/lib/python3.8/site-packages/airflow/example_dags/tutorial.py
[2024-04-06T23:48:33.308+0000] {logging_mixin.py:188} INFO - [2024-04-06T23:48:33.308+0000] {dag.py:3047} INFO - Sync 1 DAGs
[2024-04-06T23:48:33.338+0000] {logging_mixin.py:188} INFO - [2024-04-06T23:48:33.338+0000] {dag.py:3834} INFO - Setting next_dagrun for tutorial to 2024-04-05 00:00:00+00:00, run_after=2024-04-06 00:00:00+00:00
[2024-04-06T23:48:33.374+0000] {processor.py:183} INFO - Processing /home/malangdataguy/miniconda3/envs/airflow_mdg/lib/python3.8/site-packages/airflow/example_dags/tutorial.py took 0.116 seconds
[2024-04-06T23:49:15.101+0000] {processor.py:161} INFO - Started process (PID=69869) to work on /home/malangdataguy/miniconda3/envs/airflow_mdg/lib/python3.8/site-packages/airflow/example_dags/tutorial.py
[2024-04-06T23:49:15.103+0000] {processor.py:830} INFO - Processing file /home/malangdataguy/miniconda3/envs/airflow_mdg/lib/python3.8/site-packages/airflow/example_dags/tutorial.py for tasks to queue
[2024-04-06T23:49:15.104+0000] {logging_mixin.py:188} INFO - [2024-04-06T23:49:15.104+0000] {dagbag.py:540} INFO - Filling up the DagBag from /home/malangdataguy/miniconda3/envs/airflow_mdg/lib/python3.8/site-packages/airflow/example_dags/tutorial.py
[2024-04-06T23:49:15.114+0000] {processor.py:840} INFO - DAG(s) 'tutorial' retrieved from /home/malangdataguy/miniconda3/envs/airflow_mdg/lib/python3.8/site-packages/airflow/example_dags/tutorial.py
[2024-04-06T23:49:15.135+0000] {logging_mixin.py:188} INFO - [2024-04-06T23:49:15.135+0000] {dag.py:3047} INFO - Sync 1 DAGs
[2024-04-06T23:49:15.164+0000] {logging_mixin.py:188} INFO - [2024-04-06T23:49:15.163+0000] {dag.py:3834} INFO - Setting next_dagrun for tutorial to 2024-04-05 00:00:00+00:00, run_after=2024-04-06 00:00:00+00:00
[2024-04-06T23:49:15.192+0000] {processor.py:183} INFO - Processing /home/malangdataguy/miniconda3/envs/airflow_mdg/lib/python3.8/site-packages/airflow/example_dags/tutorial.py took 0.096 seconds
[2024-04-06T23:49:57.591+0000] {processor.py:161} INFO - Started process (PID=69915) to work on /home/malangdataguy/miniconda3/envs/airflow_mdg/lib/python3.8/site-packages/airflow/example_dags/tutorial.py
[2024-04-06T23:49:57.594+0000] {processor.py:830} INFO - Processing file /home/malangdataguy/miniconda3/envs/airflow_mdg/lib/python3.8/site-packages/airflow/example_dags/tutorial.py for tasks to queue
[2024-04-06T23:49:57.596+0000] {logging_mixin.py:188} INFO - [2024-04-06T23:49:57.595+0000] {dagbag.py:540} INFO - Filling up the DagBag from /home/malangdataguy/miniconda3/envs/airflow_mdg/lib/python3.8/site-packages/airflow/example_dags/tutorial.py
[2024-04-06T23:49:57.609+0000] {processor.py:840} INFO - DAG(s) 'tutorial' retrieved from /home/malangdataguy/miniconda3/envs/airflow_mdg/lib/python3.8/site-packages/airflow/example_dags/tutorial.py
[2024-04-06T23:49:57.636+0000] {logging_mixin.py:188} INFO - [2024-04-06T23:49:57.635+0000] {dag.py:3047} INFO - Sync 1 DAGs
[2024-04-06T23:49:57.668+0000] {logging_mixin.py:188} INFO - [2024-04-06T23:49:57.668+0000] {dag.py:3834} INFO - Setting next_dagrun for tutorial to 2024-04-05 00:00:00+00:00, run_after=2024-04-06 00:00:00+00:00
[2024-04-06T23:49:57.703+0000] {processor.py:183} INFO - Processing /home/malangdataguy/miniconda3/envs/airflow_mdg/lib/python3.8/site-packages/airflow/example_dags/tutorial.py took 0.117 seconds
[2024-04-06T23:50:37.191+0000] {processor.py:161} INFO - Started process (PID=69954) to work on /home/malangdataguy/miniconda3/envs/airflow_mdg/lib/python3.8/site-packages/airflow/example_dags/tutorial.py
[2024-04-06T23:50:37.194+0000] {processor.py:830} INFO - Processing file /home/malangdataguy/miniconda3/envs/airflow_mdg/lib/python3.8/site-packages/airflow/example_dags/tutorial.py for tasks to queue
[2024-04-06T23:50:37.196+0000] {logging_mixin.py:188} INFO - [2024-04-06T23:50:37.195+0000] {dagbag.py:540} INFO - Filling up the DagBag from /home/malangdataguy/miniconda3/envs/airflow_mdg/lib/python3.8/site-packages/airflow/example_dags/tutorial.py
[2024-04-06T23:50:37.207+0000] {processor.py:840} INFO - DAG(s) 'tutorial' retrieved from /home/malangdataguy/miniconda3/envs/airflow_mdg/lib/python3.8/site-packages/airflow/example_dags/tutorial.py
[2024-04-06T23:50:37.233+0000] {logging_mixin.py:188} INFO - [2024-04-06T23:50:37.233+0000] {dag.py:3047} INFO - Sync 1 DAGs
[2024-04-06T23:50:37.264+0000] {logging_mixin.py:188} INFO - [2024-04-06T23:50:37.264+0000] {dag.py:3834} INFO - Setting next_dagrun for tutorial to 2024-04-05 00:00:00+00:00, run_after=2024-04-06 00:00:00+00:00
[2024-04-06T23:50:37.295+0000] {processor.py:183} INFO - Processing /home/malangdataguy/miniconda3/envs/airflow_mdg/lib/python3.8/site-packages/airflow/example_dags/tutorial.py took 0.110 seconds
[2024-04-06T23:51:19.426+0000] {processor.py:161} INFO - Started process (PID=69999) to work on /home/malangdataguy/miniconda3/envs/airflow_mdg/lib/python3.8/site-packages/airflow/example_dags/tutorial.py
[2024-04-06T23:51:19.429+0000] {processor.py:830} INFO - Processing file /home/malangdataguy/miniconda3/envs/airflow_mdg/lib/python3.8/site-packages/airflow/example_dags/tutorial.py for tasks to queue
[2024-04-06T23:51:19.431+0000] {logging_mixin.py:188} INFO - [2024-04-06T23:51:19.430+0000] {dagbag.py:540} INFO - Filling up the DagBag from /home/malangdataguy/miniconda3/envs/airflow_mdg/lib/python3.8/site-packages/airflow/example_dags/tutorial.py
[2024-04-06T23:51:19.443+0000] {processor.py:840} INFO - DAG(s) 'tutorial' retrieved from /home/malangdataguy/miniconda3/envs/airflow_mdg/lib/python3.8/site-packages/airflow/example_dags/tutorial.py
[2024-04-06T23:51:19.469+0000] {logging_mixin.py:188} INFO - [2024-04-06T23:51:19.469+0000] {dag.py:3047} INFO - Sync 1 DAGs
[2024-04-06T23:51:19.499+0000] {logging_mixin.py:188} INFO - [2024-04-06T23:51:19.498+0000] {dag.py:3834} INFO - Setting next_dagrun for tutorial to 2024-04-05 00:00:00+00:00, run_after=2024-04-06 00:00:00+00:00
[2024-04-06T23:51:19.533+0000] {processor.py:183} INFO - Processing /home/malangdataguy/miniconda3/envs/airflow_mdg/lib/python3.8/site-packages/airflow/example_dags/tutorial.py took 0.112 seconds
[2024-04-06T23:52:03.687+0000] {processor.py:161} INFO - Started process (PID=70042) to work on /home/malangdataguy/miniconda3/envs/airflow_mdg/lib/python3.8/site-packages/airflow/example_dags/tutorial.py
[2024-04-06T23:52:03.690+0000] {processor.py:830} INFO - Processing file /home/malangdataguy/miniconda3/envs/airflow_mdg/lib/python3.8/site-packages/airflow/example_dags/tutorial.py for tasks to queue
[2024-04-06T23:52:03.691+0000] {logging_mixin.py:188} INFO - [2024-04-06T23:52:03.690+0000] {dagbag.py:540} INFO - Filling up the DagBag from /home/malangdataguy/miniconda3/envs/airflow_mdg/lib/python3.8/site-packages/airflow/example_dags/tutorial.py
[2024-04-06T23:52:03.702+0000] {processor.py:840} INFO - DAG(s) 'tutorial' retrieved from /home/malangdataguy/miniconda3/envs/airflow_mdg/lib/python3.8/site-packages/airflow/example_dags/tutorial.py
[2024-04-06T23:52:03.726+0000] {logging_mixin.py:188} INFO - [2024-04-06T23:52:03.726+0000] {dag.py:3047} INFO - Sync 1 DAGs
[2024-04-06T23:52:03.752+0000] {logging_mixin.py:188} INFO - [2024-04-06T23:52:03.752+0000] {dag.py:3834} INFO - Setting next_dagrun for tutorial to 2024-04-05 00:00:00+00:00, run_after=2024-04-06 00:00:00+00:00
[2024-04-06T23:52:03.781+0000] {processor.py:183} INFO - Processing /home/malangdataguy/miniconda3/envs/airflow_mdg/lib/python3.8/site-packages/airflow/example_dags/tutorial.py took 0.100 seconds
[2024-04-06T23:52:46.770+0000] {processor.py:161} INFO - Started process (PID=70087) to work on /home/malangdataguy/miniconda3/envs/airflow_mdg/lib/python3.8/site-packages/airflow/example_dags/tutorial.py
[2024-04-06T23:52:46.772+0000] {processor.py:830} INFO - Processing file /home/malangdataguy/miniconda3/envs/airflow_mdg/lib/python3.8/site-packages/airflow/example_dags/tutorial.py for tasks to queue
[2024-04-06T23:52:46.774+0000] {logging_mixin.py:188} INFO - [2024-04-06T23:52:46.773+0000] {dagbag.py:540} INFO - Filling up the DagBag from /home/malangdataguy/miniconda3/envs/airflow_mdg/lib/python3.8/site-packages/airflow/example_dags/tutorial.py
[2024-04-06T23:52:46.784+0000] {processor.py:840} INFO - DAG(s) 'tutorial' retrieved from /home/malangdataguy/miniconda3/envs/airflow_mdg/lib/python3.8/site-packages/airflow/example_dags/tutorial.py
[2024-04-06T23:52:46.807+0000] {logging_mixin.py:188} INFO - [2024-04-06T23:52:46.807+0000] {dag.py:3047} INFO - Sync 1 DAGs
[2024-04-06T23:52:46.831+0000] {logging_mixin.py:188} INFO - [2024-04-06T23:52:46.831+0000] {dag.py:3834} INFO - Setting next_dagrun for tutorial to 2024-04-05 00:00:00+00:00, run_after=2024-04-06 00:00:00+00:00
[2024-04-06T23:52:46.859+0000] {processor.py:183} INFO - Processing /home/malangdataguy/miniconda3/envs/airflow_mdg/lib/python3.8/site-packages/airflow/example_dags/tutorial.py took 0.093 seconds
[2024-04-06T23:53:33.059+0000] {processor.py:161} INFO - Started process (PID=70135) to work on /home/malangdataguy/miniconda3/envs/airflow_mdg/lib/python3.8/site-packages/airflow/example_dags/tutorial.py
[2024-04-06T23:53:33.062+0000] {processor.py:830} INFO - Processing file /home/malangdataguy/miniconda3/envs/airflow_mdg/lib/python3.8/site-packages/airflow/example_dags/tutorial.py for tasks to queue
[2024-04-06T23:53:33.063+0000] {logging_mixin.py:188} INFO - [2024-04-06T23:53:33.063+0000] {dagbag.py:540} INFO - Filling up the DagBag from /home/malangdataguy/miniconda3/envs/airflow_mdg/lib/python3.8/site-packages/airflow/example_dags/tutorial.py
[2024-04-06T23:53:33.074+0000] {processor.py:840} INFO - DAG(s) 'tutorial' retrieved from /home/malangdataguy/miniconda3/envs/airflow_mdg/lib/python3.8/site-packages/airflow/example_dags/tutorial.py
[2024-04-06T23:53:33.099+0000] {logging_mixin.py:188} INFO - [2024-04-06T23:53:33.099+0000] {dag.py:3047} INFO - Sync 1 DAGs
[2024-04-06T23:53:33.124+0000] {logging_mixin.py:188} INFO - [2024-04-06T23:53:33.124+0000] {dag.py:3834} INFO - Setting next_dagrun for tutorial to 2024-04-05 00:00:00+00:00, run_after=2024-04-06 00:00:00+00:00
[2024-04-06T23:53:33.153+0000] {processor.py:183} INFO - Processing /home/malangdataguy/miniconda3/envs/airflow_mdg/lib/python3.8/site-packages/airflow/example_dags/tutorial.py took 0.098 seconds
[2024-04-06T23:54:15.384+0000] {processor.py:161} INFO - Started process (PID=70211) to work on /home/malangdataguy/miniconda3/envs/airflow_mdg/lib/python3.8/site-packages/airflow/example_dags/tutorial.py
[2024-04-06T23:54:15.386+0000] {processor.py:830} INFO - Processing file /home/malangdataguy/miniconda3/envs/airflow_mdg/lib/python3.8/site-packages/airflow/example_dags/tutorial.py for tasks to queue
[2024-04-06T23:54:15.388+0000] {logging_mixin.py:188} INFO - [2024-04-06T23:54:15.387+0000] {dagbag.py:540} INFO - Filling up the DagBag from /home/malangdataguy/miniconda3/envs/airflow_mdg/lib/python3.8/site-packages/airflow/example_dags/tutorial.py
[2024-04-06T23:54:15.399+0000] {processor.py:840} INFO - DAG(s) 'tutorial' retrieved from /home/malangdataguy/miniconda3/envs/airflow_mdg/lib/python3.8/site-packages/airflow/example_dags/tutorial.py
[2024-04-06T23:54:15.421+0000] {logging_mixin.py:188} INFO - [2024-04-06T23:54:15.421+0000] {dag.py:3047} INFO - Sync 1 DAGs
[2024-04-06T23:54:15.447+0000] {logging_mixin.py:188} INFO - [2024-04-06T23:54:15.446+0000] {dag.py:3834} INFO - Setting next_dagrun for tutorial to 2024-04-05 00:00:00+00:00, run_after=2024-04-06 00:00:00+00:00
[2024-04-06T23:54:15.473+0000] {processor.py:183} INFO - Processing /home/malangdataguy/miniconda3/envs/airflow_mdg/lib/python3.8/site-packages/airflow/example_dags/tutorial.py took 0.094 seconds
[2024-04-06T23:54:57.900+0000] {processor.py:161} INFO - Started process (PID=70255) to work on /home/malangdataguy/miniconda3/envs/airflow_mdg/lib/python3.8/site-packages/airflow/example_dags/tutorial.py
[2024-04-06T23:54:57.902+0000] {processor.py:830} INFO - Processing file /home/malangdataguy/miniconda3/envs/airflow_mdg/lib/python3.8/site-packages/airflow/example_dags/tutorial.py for tasks to queue
[2024-04-06T23:54:57.904+0000] {logging_mixin.py:188} INFO - [2024-04-06T23:54:57.903+0000] {dagbag.py:540} INFO - Filling up the DagBag from /home/malangdataguy/miniconda3/envs/airflow_mdg/lib/python3.8/site-packages/airflow/example_dags/tutorial.py
[2024-04-06T23:54:57.913+0000] {processor.py:840} INFO - DAG(s) 'tutorial' retrieved from /home/malangdataguy/miniconda3/envs/airflow_mdg/lib/python3.8/site-packages/airflow/example_dags/tutorial.py
[2024-04-06T23:54:57.936+0000] {logging_mixin.py:188} INFO - [2024-04-06T23:54:57.935+0000] {dag.py:3047} INFO - Sync 1 DAGs
[2024-04-06T23:54:57.963+0000] {logging_mixin.py:188} INFO - [2024-04-06T23:54:57.963+0000] {dag.py:3834} INFO - Setting next_dagrun for tutorial to 2024-04-05 00:00:00+00:00, run_after=2024-04-06 00:00:00+00:00
[2024-04-06T23:54:57.990+0000] {processor.py:183} INFO - Processing /home/malangdataguy/miniconda3/envs/airflow_mdg/lib/python3.8/site-packages/airflow/example_dags/tutorial.py took 0.095 seconds
[2024-04-06T23:55:39.552+0000] {processor.py:161} INFO - Started process (PID=70297) to work on /home/malangdataguy/miniconda3/envs/airflow_mdg/lib/python3.8/site-packages/airflow/example_dags/tutorial.py
[2024-04-06T23:55:39.554+0000] {processor.py:830} INFO - Processing file /home/malangdataguy/miniconda3/envs/airflow_mdg/lib/python3.8/site-packages/airflow/example_dags/tutorial.py for tasks to queue
[2024-04-06T23:55:39.556+0000] {logging_mixin.py:188} INFO - [2024-04-06T23:55:39.555+0000] {dagbag.py:540} INFO - Filling up the DagBag from /home/malangdataguy/miniconda3/envs/airflow_mdg/lib/python3.8/site-packages/airflow/example_dags/tutorial.py
[2024-04-06T23:55:39.570+0000] {processor.py:840} INFO - DAG(s) 'tutorial' retrieved from /home/malangdataguy/miniconda3/envs/airflow_mdg/lib/python3.8/site-packages/airflow/example_dags/tutorial.py
[2024-04-06T23:55:39.597+0000] {logging_mixin.py:188} INFO - [2024-04-06T23:55:39.597+0000] {dag.py:3047} INFO - Sync 1 DAGs
[2024-04-06T23:55:39.628+0000] {logging_mixin.py:188} INFO - [2024-04-06T23:55:39.627+0000] {dag.py:3834} INFO - Setting next_dagrun for tutorial to 2024-04-05 00:00:00+00:00, run_after=2024-04-06 00:00:00+00:00
[2024-04-06T23:55:39.662+0000] {processor.py:183} INFO - Processing /home/malangdataguy/miniconda3/envs/airflow_mdg/lib/python3.8/site-packages/airflow/example_dags/tutorial.py took 0.116 seconds
