[2024-04-06T23:09:04.322+0000] {processor.py:161} INFO - Started process (PID=68355) to work on /home/malangdataguy/miniconda3/envs/airflow_mdg/lib/python3.8/site-packages/airflow/example_dags/tutorial_taskflow_api_virtualenv.py
[2024-04-06T23:09:04.324+0000] {processor.py:830} INFO - Processing file /home/malangdataguy/miniconda3/envs/airflow_mdg/lib/python3.8/site-packages/airflow/example_dags/tutorial_taskflow_api_virtualenv.py for tasks to queue
[2024-04-06T23:09:04.326+0000] {logging_mixin.py:188} INFO - [2024-04-06T23:09:04.325+0000] {dagbag.py:540} INFO - Filling up the DagBag from /home/malangdataguy/miniconda3/envs/airflow_mdg/lib/python3.8/site-packages/airflow/example_dags/tutorial_taskflow_api_virtualenv.py
[2024-04-06T23:09:04.332+0000] {logging_mixin.py:188} INFO - [2024-04-06T23:09:04.332+0000] {tutorial_taskflow_api_virtualenv.py:29} WARNING - The tutorial_taskflow_api_virtualenv example DAG requires virtualenv, please install it.
[2024-04-06T23:09:04.333+0000] {processor.py:842} WARNING - No viable dags retrieved from /home/malangdataguy/miniconda3/envs/airflow_mdg/lib/python3.8/site-packages/airflow/example_dags/tutorial_taskflow_api_virtualenv.py
[2024-04-06T23:09:04.356+0000] {processor.py:183} INFO - Processing /home/malangdataguy/miniconda3/envs/airflow_mdg/lib/python3.8/site-packages/airflow/example_dags/tutorial_taskflow_api_virtualenv.py took 0.044 seconds
[2024-04-06T23:09:56.150+0000] {processor.py:161} INFO - Started process (PID=68405) to work on /home/malangdataguy/miniconda3/envs/airflow_mdg/lib/python3.8/site-packages/airflow/example_dags/tutorial_taskflow_api_virtualenv.py
[2024-04-06T23:09:56.157+0000] {processor.py:830} INFO - Processing file /home/malangdataguy/miniconda3/envs/airflow_mdg/lib/python3.8/site-packages/airflow/example_dags/tutorial_taskflow_api_virtualenv.py for tasks to queue
[2024-04-06T23:09:56.159+0000] {logging_mixin.py:188} INFO - [2024-04-06T23:09:56.158+0000] {dagbag.py:540} INFO - Filling up the DagBag from /home/malangdataguy/miniconda3/envs/airflow_mdg/lib/python3.8/site-packages/airflow/example_dags/tutorial_taskflow_api_virtualenv.py
[2024-04-06T23:09:56.164+0000] {logging_mixin.py:188} INFO - [2024-04-06T23:09:56.164+0000] {tutorial_taskflow_api_virtualenv.py:29} WARNING - The tutorial_taskflow_api_virtualenv example DAG requires virtualenv, please install it.
[2024-04-06T23:09:56.165+0000] {processor.py:842} WARNING - No viable dags retrieved from /home/malangdataguy/miniconda3/envs/airflow_mdg/lib/python3.8/site-packages/airflow/example_dags/tutorial_taskflow_api_virtualenv.py
[2024-04-06T23:09:56.185+0000] {processor.py:183} INFO - Processing /home/malangdataguy/miniconda3/envs/airflow_mdg/lib/python3.8/site-packages/airflow/example_dags/tutorial_taskflow_api_virtualenv.py took 0.040 seconds
[2024-04-06T23:10:42.894+0000] {processor.py:161} INFO - Started process (PID=68450) to work on /home/malangdataguy/miniconda3/envs/airflow_mdg/lib/python3.8/site-packages/airflow/example_dags/tutorial_taskflow_api_virtualenv.py
[2024-04-06T23:10:42.897+0000] {processor.py:830} INFO - Processing file /home/malangdataguy/miniconda3/envs/airflow_mdg/lib/python3.8/site-packages/airflow/example_dags/tutorial_taskflow_api_virtualenv.py for tasks to queue
[2024-04-06T23:10:42.898+0000] {logging_mixin.py:188} INFO - [2024-04-06T23:10:42.897+0000] {dagbag.py:540} INFO - Filling up the DagBag from /home/malangdataguy/miniconda3/envs/airflow_mdg/lib/python3.8/site-packages/airflow/example_dags/tutorial_taskflow_api_virtualenv.py
[2024-04-06T23:10:42.902+0000] {logging_mixin.py:188} INFO - [2024-04-06T23:10:42.902+0000] {tutorial_taskflow_api_virtualenv.py:29} WARNING - The tutorial_taskflow_api_virtualenv example DAG requires virtualenv, please install it.
[2024-04-06T23:10:42.902+0000] {processor.py:842} WARNING - No viable dags retrieved from /home/malangdataguy/miniconda3/envs/airflow_mdg/lib/python3.8/site-packages/airflow/example_dags/tutorial_taskflow_api_virtualenv.py
[2024-04-06T23:10:42.918+0000] {processor.py:183} INFO - Processing /home/malangdataguy/miniconda3/envs/airflow_mdg/lib/python3.8/site-packages/airflow/example_dags/tutorial_taskflow_api_virtualenv.py took 0.028 seconds
[2024-04-06T23:11:22.221+0000] {processor.py:161} INFO - Started process (PID=68500) to work on /home/malangdataguy/miniconda3/envs/airflow_mdg/lib/python3.8/site-packages/airflow/example_dags/tutorial_taskflow_api_virtualenv.py
[2024-04-06T23:11:22.224+0000] {processor.py:830} INFO - Processing file /home/malangdataguy/miniconda3/envs/airflow_mdg/lib/python3.8/site-packages/airflow/example_dags/tutorial_taskflow_api_virtualenv.py for tasks to queue
[2024-04-06T23:11:22.226+0000] {logging_mixin.py:188} INFO - [2024-04-06T23:11:22.225+0000] {dagbag.py:540} INFO - Filling up the DagBag from /home/malangdataguy/miniconda3/envs/airflow_mdg/lib/python3.8/site-packages/airflow/example_dags/tutorial_taskflow_api_virtualenv.py
[2024-04-06T23:11:22.231+0000] {logging_mixin.py:188} INFO - [2024-04-06T23:11:22.230+0000] {tutorial_taskflow_api_virtualenv.py:29} WARNING - The tutorial_taskflow_api_virtualenv example DAG requires virtualenv, please install it.
[2024-04-06T23:11:22.231+0000] {processor.py:842} WARNING - No viable dags retrieved from /home/malangdataguy/miniconda3/envs/airflow_mdg/lib/python3.8/site-packages/airflow/example_dags/tutorial_taskflow_api_virtualenv.py
[2024-04-06T23:11:22.250+0000] {processor.py:183} INFO - Processing /home/malangdataguy/miniconda3/envs/airflow_mdg/lib/python3.8/site-packages/airflow/example_dags/tutorial_taskflow_api_virtualenv.py took 0.035 seconds
[2024-04-06T23:12:05.766+0000] {processor.py:161} INFO - Started process (PID=68543) to work on /home/malangdataguy/miniconda3/envs/airflow_mdg/lib/python3.8/site-packages/airflow/example_dags/tutorial_taskflow_api_virtualenv.py
[2024-04-06T23:12:05.769+0000] {processor.py:830} INFO - Processing file /home/malangdataguy/miniconda3/envs/airflow_mdg/lib/python3.8/site-packages/airflow/example_dags/tutorial_taskflow_api_virtualenv.py for tasks to queue
[2024-04-06T23:12:05.770+0000] {logging_mixin.py:188} INFO - [2024-04-06T23:12:05.770+0000] {dagbag.py:540} INFO - Filling up the DagBag from /home/malangdataguy/miniconda3/envs/airflow_mdg/lib/python3.8/site-packages/airflow/example_dags/tutorial_taskflow_api_virtualenv.py
[2024-04-06T23:12:05.776+0000] {logging_mixin.py:188} INFO - [2024-04-06T23:12:05.775+0000] {tutorial_taskflow_api_virtualenv.py:29} WARNING - The tutorial_taskflow_api_virtualenv example DAG requires virtualenv, please install it.
[2024-04-06T23:12:05.776+0000] {processor.py:842} WARNING - No viable dags retrieved from /home/malangdataguy/miniconda3/envs/airflow_mdg/lib/python3.8/site-packages/airflow/example_dags/tutorial_taskflow_api_virtualenv.py
[2024-04-06T23:12:05.792+0000] {processor.py:183} INFO - Processing /home/malangdataguy/miniconda3/envs/airflow_mdg/lib/python3.8/site-packages/airflow/example_dags/tutorial_taskflow_api_virtualenv.py took 0.031 seconds
[2024-04-06T23:12:48.723+0000] {processor.py:161} INFO - Started process (PID=68586) to work on /home/malangdataguy/miniconda3/envs/airflow_mdg/lib/python3.8/site-packages/airflow/example_dags/tutorial_taskflow_api_virtualenv.py
[2024-04-06T23:12:48.726+0000] {processor.py:830} INFO - Processing file /home/malangdataguy/miniconda3/envs/airflow_mdg/lib/python3.8/site-packages/airflow/example_dags/tutorial_taskflow_api_virtualenv.py for tasks to queue
[2024-04-06T23:12:48.727+0000] {logging_mixin.py:188} INFO - [2024-04-06T23:12:48.727+0000] {dagbag.py:540} INFO - Filling up the DagBag from /home/malangdataguy/miniconda3/envs/airflow_mdg/lib/python3.8/site-packages/airflow/example_dags/tutorial_taskflow_api_virtualenv.py
[2024-04-06T23:12:48.732+0000] {logging_mixin.py:188} INFO - [2024-04-06T23:12:48.732+0000] {tutorial_taskflow_api_virtualenv.py:29} WARNING - The tutorial_taskflow_api_virtualenv example DAG requires virtualenv, please install it.
[2024-04-06T23:12:48.732+0000] {processor.py:842} WARNING - No viable dags retrieved from /home/malangdataguy/miniconda3/envs/airflow_mdg/lib/python3.8/site-packages/airflow/example_dags/tutorial_taskflow_api_virtualenv.py
[2024-04-06T23:12:48.748+0000] {processor.py:183} INFO - Processing /home/malangdataguy/miniconda3/envs/airflow_mdg/lib/python3.8/site-packages/airflow/example_dags/tutorial_taskflow_api_virtualenv.py took 0.030 seconds
[2024-04-06T23:13:29.153+0000] {processor.py:161} INFO - Started process (PID=68627) to work on /home/malangdataguy/miniconda3/envs/airflow_mdg/lib/python3.8/site-packages/airflow/example_dags/tutorial_taskflow_api_virtualenv.py
[2024-04-06T23:13:29.155+0000] {processor.py:830} INFO - Processing file /home/malangdataguy/miniconda3/envs/airflow_mdg/lib/python3.8/site-packages/airflow/example_dags/tutorial_taskflow_api_virtualenv.py for tasks to queue
[2024-04-06T23:13:29.157+0000] {logging_mixin.py:188} INFO - [2024-04-06T23:13:29.156+0000] {dagbag.py:540} INFO - Filling up the DagBag from /home/malangdataguy/miniconda3/envs/airflow_mdg/lib/python3.8/site-packages/airflow/example_dags/tutorial_taskflow_api_virtualenv.py
[2024-04-06T23:13:29.162+0000] {logging_mixin.py:188} INFO - [2024-04-06T23:13:29.162+0000] {tutorial_taskflow_api_virtualenv.py:29} WARNING - The tutorial_taskflow_api_virtualenv example DAG requires virtualenv, please install it.
[2024-04-06T23:13:29.162+0000] {processor.py:842} WARNING - No viable dags retrieved from /home/malangdataguy/miniconda3/envs/airflow_mdg/lib/python3.8/site-packages/airflow/example_dags/tutorial_taskflow_api_virtualenv.py
[2024-04-06T23:13:29.178+0000] {processor.py:183} INFO - Processing /home/malangdataguy/miniconda3/envs/airflow_mdg/lib/python3.8/site-packages/airflow/example_dags/tutorial_taskflow_api_virtualenv.py took 0.030 seconds
[2024-04-06T23:14:09.953+0000] {processor.py:161} INFO - Started process (PID=68671) to work on /home/malangdataguy/miniconda3/envs/airflow_mdg/lib/python3.8/site-packages/airflow/example_dags/tutorial_taskflow_api_virtualenv.py
[2024-04-06T23:14:09.955+0000] {processor.py:830} INFO - Processing file /home/malangdataguy/miniconda3/envs/airflow_mdg/lib/python3.8/site-packages/airflow/example_dags/tutorial_taskflow_api_virtualenv.py for tasks to queue
[2024-04-06T23:14:09.956+0000] {logging_mixin.py:188} INFO - [2024-04-06T23:14:09.956+0000] {dagbag.py:540} INFO - Filling up the DagBag from /home/malangdataguy/miniconda3/envs/airflow_mdg/lib/python3.8/site-packages/airflow/example_dags/tutorial_taskflow_api_virtualenv.py
[2024-04-06T23:14:09.960+0000] {logging_mixin.py:188} INFO - [2024-04-06T23:14:09.960+0000] {tutorial_taskflow_api_virtualenv.py:29} WARNING - The tutorial_taskflow_api_virtualenv example DAG requires virtualenv, please install it.
[2024-04-06T23:14:09.961+0000] {processor.py:842} WARNING - No viable dags retrieved from /home/malangdataguy/miniconda3/envs/airflow_mdg/lib/python3.8/site-packages/airflow/example_dags/tutorial_taskflow_api_virtualenv.py
[2024-04-06T23:14:09.976+0000] {processor.py:183} INFO - Processing /home/malangdataguy/miniconda3/envs/airflow_mdg/lib/python3.8/site-packages/airflow/example_dags/tutorial_taskflow_api_virtualenv.py took 0.028 seconds
[2024-04-06T23:14:53.836+0000] {processor.py:161} INFO - Started process (PID=68714) to work on /home/malangdataguy/miniconda3/envs/airflow_mdg/lib/python3.8/site-packages/airflow/example_dags/tutorial_taskflow_api_virtualenv.py
[2024-04-06T23:14:53.841+0000] {processor.py:830} INFO - Processing file /home/malangdataguy/miniconda3/envs/airflow_mdg/lib/python3.8/site-packages/airflow/example_dags/tutorial_taskflow_api_virtualenv.py for tasks to queue
[2024-04-06T23:14:53.843+0000] {logging_mixin.py:188} INFO - [2024-04-06T23:14:53.842+0000] {dagbag.py:540} INFO - Filling up the DagBag from /home/malangdataguy/miniconda3/envs/airflow_mdg/lib/python3.8/site-packages/airflow/example_dags/tutorial_taskflow_api_virtualenv.py
[2024-04-06T23:14:53.848+0000] {logging_mixin.py:188} INFO - [2024-04-06T23:14:53.848+0000] {tutorial_taskflow_api_virtualenv.py:29} WARNING - The tutorial_taskflow_api_virtualenv example DAG requires virtualenv, please install it.
[2024-04-06T23:14:53.849+0000] {processor.py:842} WARNING - No viable dags retrieved from /home/malangdataguy/miniconda3/envs/airflow_mdg/lib/python3.8/site-packages/airflow/example_dags/tutorial_taskflow_api_virtualenv.py
[2024-04-06T23:14:53.868+0000] {processor.py:183} INFO - Processing /home/malangdataguy/miniconda3/envs/airflow_mdg/lib/python3.8/site-packages/airflow/example_dags/tutorial_taskflow_api_virtualenv.py took 0.037 seconds
[2024-04-06T23:15:31.614+0000] {processor.py:161} INFO - Started process (PID=68753) to work on /home/malangdataguy/miniconda3/envs/airflow_mdg/lib/python3.8/site-packages/airflow/example_dags/tutorial_taskflow_api_virtualenv.py
[2024-04-06T23:15:31.617+0000] {processor.py:830} INFO - Processing file /home/malangdataguy/miniconda3/envs/airflow_mdg/lib/python3.8/site-packages/airflow/example_dags/tutorial_taskflow_api_virtualenv.py for tasks to queue
[2024-04-06T23:15:31.618+0000] {logging_mixin.py:188} INFO - [2024-04-06T23:15:31.618+0000] {dagbag.py:540} INFO - Filling up the DagBag from /home/malangdataguy/miniconda3/envs/airflow_mdg/lib/python3.8/site-packages/airflow/example_dags/tutorial_taskflow_api_virtualenv.py
[2024-04-06T23:15:31.623+0000] {logging_mixin.py:188} INFO - [2024-04-06T23:15:31.623+0000] {tutorial_taskflow_api_virtualenv.py:29} WARNING - The tutorial_taskflow_api_virtualenv example DAG requires virtualenv, please install it.
[2024-04-06T23:15:31.624+0000] {processor.py:842} WARNING - No viable dags retrieved from /home/malangdataguy/miniconda3/envs/airflow_mdg/lib/python3.8/site-packages/airflow/example_dags/tutorial_taskflow_api_virtualenv.py
[2024-04-06T23:15:31.642+0000] {processor.py:183} INFO - Processing /home/malangdataguy/miniconda3/envs/airflow_mdg/lib/python3.8/site-packages/airflow/example_dags/tutorial_taskflow_api_virtualenv.py took 0.033 seconds
[2024-04-06T23:16:10.927+0000] {processor.py:161} INFO - Started process (PID=68795) to work on /home/malangdataguy/miniconda3/envs/airflow_mdg/lib/python3.8/site-packages/airflow/example_dags/tutorial_taskflow_api_virtualenv.py
[2024-04-06T23:16:10.930+0000] {processor.py:830} INFO - Processing file /home/malangdataguy/miniconda3/envs/airflow_mdg/lib/python3.8/site-packages/airflow/example_dags/tutorial_taskflow_api_virtualenv.py for tasks to queue
[2024-04-06T23:16:10.932+0000] {logging_mixin.py:188} INFO - [2024-04-06T23:16:10.931+0000] {dagbag.py:540} INFO - Filling up the DagBag from /home/malangdataguy/miniconda3/envs/airflow_mdg/lib/python3.8/site-packages/airflow/example_dags/tutorial_taskflow_api_virtualenv.py
[2024-04-06T23:16:10.936+0000] {logging_mixin.py:188} INFO - [2024-04-06T23:16:10.936+0000] {tutorial_taskflow_api_virtualenv.py:29} WARNING - The tutorial_taskflow_api_virtualenv example DAG requires virtualenv, please install it.
[2024-04-06T23:16:10.937+0000] {processor.py:842} WARNING - No viable dags retrieved from /home/malangdataguy/miniconda3/envs/airflow_mdg/lib/python3.8/site-packages/airflow/example_dags/tutorial_taskflow_api_virtualenv.py
[2024-04-06T23:16:10.954+0000] {processor.py:183} INFO - Processing /home/malangdataguy/miniconda3/envs/airflow_mdg/lib/python3.8/site-packages/airflow/example_dags/tutorial_taskflow_api_virtualenv.py took 0.032 seconds
[2024-04-06T23:16:47.424+0000] {processor.py:161} INFO - Started process (PID=68833) to work on /home/malangdataguy/miniconda3/envs/airflow_mdg/lib/python3.8/site-packages/airflow/example_dags/tutorial_taskflow_api_virtualenv.py
[2024-04-06T23:16:47.431+0000] {processor.py:830} INFO - Processing file /home/malangdataguy/miniconda3/envs/airflow_mdg/lib/python3.8/site-packages/airflow/example_dags/tutorial_taskflow_api_virtualenv.py for tasks to queue
[2024-04-06T23:16:47.433+0000] {logging_mixin.py:188} INFO - [2024-04-06T23:16:47.432+0000] {dagbag.py:540} INFO - Filling up the DagBag from /home/malangdataguy/miniconda3/envs/airflow_mdg/lib/python3.8/site-packages/airflow/example_dags/tutorial_taskflow_api_virtualenv.py
[2024-04-06T23:16:47.438+0000] {logging_mixin.py:188} INFO - [2024-04-06T23:16:47.437+0000] {tutorial_taskflow_api_virtualenv.py:29} WARNING - The tutorial_taskflow_api_virtualenv example DAG requires virtualenv, please install it.
[2024-04-06T23:16:47.438+0000] {processor.py:842} WARNING - No viable dags retrieved from /home/malangdataguy/miniconda3/envs/airflow_mdg/lib/python3.8/site-packages/airflow/example_dags/tutorial_taskflow_api_virtualenv.py
[2024-04-06T23:16:47.457+0000] {processor.py:183} INFO - Processing /home/malangdataguy/miniconda3/envs/airflow_mdg/lib/python3.8/site-packages/airflow/example_dags/tutorial_taskflow_api_virtualenv.py took 0.038 seconds
[2024-04-06T23:17:28.872+0000] {processor.py:161} INFO - Started process (PID=68883) to work on /home/malangdataguy/miniconda3/envs/airflow_mdg/lib/python3.8/site-packages/airflow/example_dags/tutorial_taskflow_api_virtualenv.py
[2024-04-06T23:17:28.875+0000] {processor.py:830} INFO - Processing file /home/malangdataguy/miniconda3/envs/airflow_mdg/lib/python3.8/site-packages/airflow/example_dags/tutorial_taskflow_api_virtualenv.py for tasks to queue
[2024-04-06T23:17:28.877+0000] {logging_mixin.py:188} INFO - [2024-04-06T23:17:28.876+0000] {dagbag.py:540} INFO - Filling up the DagBag from /home/malangdataguy/miniconda3/envs/airflow_mdg/lib/python3.8/site-packages/airflow/example_dags/tutorial_taskflow_api_virtualenv.py
[2024-04-06T23:17:28.881+0000] {logging_mixin.py:188} INFO - [2024-04-06T23:17:28.881+0000] {tutorial_taskflow_api_virtualenv.py:29} WARNING - The tutorial_taskflow_api_virtualenv example DAG requires virtualenv, please install it.
[2024-04-06T23:17:28.882+0000] {processor.py:842} WARNING - No viable dags retrieved from /home/malangdataguy/miniconda3/envs/airflow_mdg/lib/python3.8/site-packages/airflow/example_dags/tutorial_taskflow_api_virtualenv.py
[2024-04-06T23:17:28.898+0000] {processor.py:183} INFO - Processing /home/malangdataguy/miniconda3/envs/airflow_mdg/lib/python3.8/site-packages/airflow/example_dags/tutorial_taskflow_api_virtualenv.py took 0.031 seconds
[2024-04-06T23:18:12.416+0000] {processor.py:161} INFO - Started process (PID=68926) to work on /home/malangdataguy/miniconda3/envs/airflow_mdg/lib/python3.8/site-packages/airflow/example_dags/tutorial_taskflow_api_virtualenv.py
[2024-04-06T23:18:12.418+0000] {processor.py:830} INFO - Processing file /home/malangdataguy/miniconda3/envs/airflow_mdg/lib/python3.8/site-packages/airflow/example_dags/tutorial_taskflow_api_virtualenv.py for tasks to queue
[2024-04-06T23:18:12.420+0000] {logging_mixin.py:188} INFO - [2024-04-06T23:18:12.419+0000] {dagbag.py:540} INFO - Filling up the DagBag from /home/malangdataguy/miniconda3/envs/airflow_mdg/lib/python3.8/site-packages/airflow/example_dags/tutorial_taskflow_api_virtualenv.py
[2024-04-06T23:18:12.425+0000] {logging_mixin.py:188} INFO - [2024-04-06T23:18:12.425+0000] {tutorial_taskflow_api_virtualenv.py:29} WARNING - The tutorial_taskflow_api_virtualenv example DAG requires virtualenv, please install it.
[2024-04-06T23:18:12.425+0000] {processor.py:842} WARNING - No viable dags retrieved from /home/malangdataguy/miniconda3/envs/airflow_mdg/lib/python3.8/site-packages/airflow/example_dags/tutorial_taskflow_api_virtualenv.py
[2024-04-06T23:18:12.444+0000] {processor.py:183} INFO - Processing /home/malangdataguy/miniconda3/envs/airflow_mdg/lib/python3.8/site-packages/airflow/example_dags/tutorial_taskflow_api_virtualenv.py took 0.033 seconds
[2024-04-06T23:18:53.549+0000] {processor.py:161} INFO - Started process (PID=68968) to work on /home/malangdataguy/miniconda3/envs/airflow_mdg/lib/python3.8/site-packages/airflow/example_dags/tutorial_taskflow_api_virtualenv.py
[2024-04-06T23:18:53.552+0000] {processor.py:830} INFO - Processing file /home/malangdataguy/miniconda3/envs/airflow_mdg/lib/python3.8/site-packages/airflow/example_dags/tutorial_taskflow_api_virtualenv.py for tasks to queue
[2024-04-06T23:18:53.553+0000] {logging_mixin.py:188} INFO - [2024-04-06T23:18:53.553+0000] {dagbag.py:540} INFO - Filling up the DagBag from /home/malangdataguy/miniconda3/envs/airflow_mdg/lib/python3.8/site-packages/airflow/example_dags/tutorial_taskflow_api_virtualenv.py
[2024-04-06T23:18:53.559+0000] {logging_mixin.py:188} INFO - [2024-04-06T23:18:53.559+0000] {tutorial_taskflow_api_virtualenv.py:29} WARNING - The tutorial_taskflow_api_virtualenv example DAG requires virtualenv, please install it.
[2024-04-06T23:18:53.559+0000] {processor.py:842} WARNING - No viable dags retrieved from /home/malangdataguy/miniconda3/envs/airflow_mdg/lib/python3.8/site-packages/airflow/example_dags/tutorial_taskflow_api_virtualenv.py
[2024-04-06T23:18:53.584+0000] {processor.py:183} INFO - Processing /home/malangdataguy/miniconda3/envs/airflow_mdg/lib/python3.8/site-packages/airflow/example_dags/tutorial_taskflow_api_virtualenv.py took 0.041 seconds
[2024-04-06T23:19:35.384+0000] {processor.py:161} INFO - Started process (PID=69009) to work on /home/malangdataguy/miniconda3/envs/airflow_mdg/lib/python3.8/site-packages/airflow/example_dags/tutorial_taskflow_api_virtualenv.py
[2024-04-06T23:19:35.389+0000] {processor.py:830} INFO - Processing file /home/malangdataguy/miniconda3/envs/airflow_mdg/lib/python3.8/site-packages/airflow/example_dags/tutorial_taskflow_api_virtualenv.py for tasks to queue
[2024-04-06T23:19:35.391+0000] {logging_mixin.py:188} INFO - [2024-04-06T23:19:35.390+0000] {dagbag.py:540} INFO - Filling up the DagBag from /home/malangdataguy/miniconda3/envs/airflow_mdg/lib/python3.8/site-packages/airflow/example_dags/tutorial_taskflow_api_virtualenv.py
[2024-04-06T23:19:35.398+0000] {logging_mixin.py:188} INFO - [2024-04-06T23:19:35.398+0000] {tutorial_taskflow_api_virtualenv.py:29} WARNING - The tutorial_taskflow_api_virtualenv example DAG requires virtualenv, please install it.
[2024-04-06T23:19:35.399+0000] {processor.py:842} WARNING - No viable dags retrieved from /home/malangdataguy/miniconda3/envs/airflow_mdg/lib/python3.8/site-packages/airflow/example_dags/tutorial_taskflow_api_virtualenv.py
[2024-04-06T23:19:35.435+0000] {processor.py:183} INFO - Processing /home/malangdataguy/miniconda3/envs/airflow_mdg/lib/python3.8/site-packages/airflow/example_dags/tutorial_taskflow_api_virtualenv.py took 0.059 seconds
[2024-04-06T23:20:22.443+0000] {processor.py:161} INFO - Started process (PID=69055) to work on /home/malangdataguy/miniconda3/envs/airflow_mdg/lib/python3.8/site-packages/airflow/example_dags/tutorial_taskflow_api_virtualenv.py
[2024-04-06T23:20:22.446+0000] {processor.py:830} INFO - Processing file /home/malangdataguy/miniconda3/envs/airflow_mdg/lib/python3.8/site-packages/airflow/example_dags/tutorial_taskflow_api_virtualenv.py for tasks to queue
[2024-04-06T23:20:22.448+0000] {logging_mixin.py:188} INFO - [2024-04-06T23:20:22.447+0000] {dagbag.py:540} INFO - Filling up the DagBag from /home/malangdataguy/miniconda3/envs/airflow_mdg/lib/python3.8/site-packages/airflow/example_dags/tutorial_taskflow_api_virtualenv.py
[2024-04-06T23:20:22.453+0000] {logging_mixin.py:188} INFO - [2024-04-06T23:20:22.453+0000] {tutorial_taskflow_api_virtualenv.py:29} WARNING - The tutorial_taskflow_api_virtualenv example DAG requires virtualenv, please install it.
[2024-04-06T23:20:22.454+0000] {processor.py:842} WARNING - No viable dags retrieved from /home/malangdataguy/miniconda3/envs/airflow_mdg/lib/python3.8/site-packages/airflow/example_dags/tutorial_taskflow_api_virtualenv.py
[2024-04-06T23:20:22.474+0000] {processor.py:183} INFO - Processing /home/malangdataguy/miniconda3/envs/airflow_mdg/lib/python3.8/site-packages/airflow/example_dags/tutorial_taskflow_api_virtualenv.py took 0.038 seconds
[2024-04-06T23:21:06.354+0000] {processor.py:161} INFO - Started process (PID=69101) to work on /home/malangdataguy/miniconda3/envs/airflow_mdg/lib/python3.8/site-packages/airflow/example_dags/tutorial_taskflow_api_virtualenv.py
[2024-04-06T23:21:06.357+0000] {processor.py:830} INFO - Processing file /home/malangdataguy/miniconda3/envs/airflow_mdg/lib/python3.8/site-packages/airflow/example_dags/tutorial_taskflow_api_virtualenv.py for tasks to queue
[2024-04-06T23:21:06.359+0000] {logging_mixin.py:188} INFO - [2024-04-06T23:21:06.358+0000] {dagbag.py:540} INFO - Filling up the DagBag from /home/malangdataguy/miniconda3/envs/airflow_mdg/lib/python3.8/site-packages/airflow/example_dags/tutorial_taskflow_api_virtualenv.py
[2024-04-06T23:21:06.363+0000] {logging_mixin.py:188} INFO - [2024-04-06T23:21:06.363+0000] {tutorial_taskflow_api_virtualenv.py:29} WARNING - The tutorial_taskflow_api_virtualenv example DAG requires virtualenv, please install it.
[2024-04-06T23:21:06.363+0000] {processor.py:842} WARNING - No viable dags retrieved from /home/malangdataguy/miniconda3/envs/airflow_mdg/lib/python3.8/site-packages/airflow/example_dags/tutorial_taskflow_api_virtualenv.py
[2024-04-06T23:21:06.380+0000] {processor.py:183} INFO - Processing /home/malangdataguy/miniconda3/envs/airflow_mdg/lib/python3.8/site-packages/airflow/example_dags/tutorial_taskflow_api_virtualenv.py took 0.030 seconds
[2024-04-06T23:21:44.927+0000] {processor.py:161} INFO - Started process (PID=69139) to work on /home/malangdataguy/miniconda3/envs/airflow_mdg/lib/python3.8/site-packages/airflow/example_dags/tutorial_taskflow_api_virtualenv.py
[2024-04-06T23:21:44.930+0000] {processor.py:830} INFO - Processing file /home/malangdataguy/miniconda3/envs/airflow_mdg/lib/python3.8/site-packages/airflow/example_dags/tutorial_taskflow_api_virtualenv.py for tasks to queue
[2024-04-06T23:21:44.932+0000] {logging_mixin.py:188} INFO - [2024-04-06T23:21:44.931+0000] {dagbag.py:540} INFO - Filling up the DagBag from /home/malangdataguy/miniconda3/envs/airflow_mdg/lib/python3.8/site-packages/airflow/example_dags/tutorial_taskflow_api_virtualenv.py
[2024-04-06T23:21:44.937+0000] {logging_mixin.py:188} INFO - [2024-04-06T23:21:44.936+0000] {tutorial_taskflow_api_virtualenv.py:29} WARNING - The tutorial_taskflow_api_virtualenv example DAG requires virtualenv, please install it.
[2024-04-06T23:21:44.937+0000] {processor.py:842} WARNING - No viable dags retrieved from /home/malangdataguy/miniconda3/envs/airflow_mdg/lib/python3.8/site-packages/airflow/example_dags/tutorial_taskflow_api_virtualenv.py
[2024-04-06T23:21:44.956+0000] {processor.py:183} INFO - Processing /home/malangdataguy/miniconda3/envs/airflow_mdg/lib/python3.8/site-packages/airflow/example_dags/tutorial_taskflow_api_virtualenv.py took 0.034 seconds
[2024-04-06T23:22:29.474+0000] {processor.py:161} INFO - Started process (PID=69182) to work on /home/malangdataguy/miniconda3/envs/airflow_mdg/lib/python3.8/site-packages/airflow/example_dags/tutorial_taskflow_api_virtualenv.py
[2024-04-06T23:22:29.477+0000] {processor.py:830} INFO - Processing file /home/malangdataguy/miniconda3/envs/airflow_mdg/lib/python3.8/site-packages/airflow/example_dags/tutorial_taskflow_api_virtualenv.py for tasks to queue
[2024-04-06T23:22:29.478+0000] {logging_mixin.py:188} INFO - [2024-04-06T23:22:29.478+0000] {dagbag.py:540} INFO - Filling up the DagBag from /home/malangdataguy/miniconda3/envs/airflow_mdg/lib/python3.8/site-packages/airflow/example_dags/tutorial_taskflow_api_virtualenv.py
[2024-04-06T23:22:29.483+0000] {logging_mixin.py:188} INFO - [2024-04-06T23:22:29.482+0000] {tutorial_taskflow_api_virtualenv.py:29} WARNING - The tutorial_taskflow_api_virtualenv example DAG requires virtualenv, please install it.
[2024-04-06T23:22:29.483+0000] {processor.py:842} WARNING - No viable dags retrieved from /home/malangdataguy/miniconda3/envs/airflow_mdg/lib/python3.8/site-packages/airflow/example_dags/tutorial_taskflow_api_virtualenv.py
[2024-04-06T23:22:29.499+0000] {processor.py:183} INFO - Processing /home/malangdataguy/miniconda3/envs/airflow_mdg/lib/python3.8/site-packages/airflow/example_dags/tutorial_taskflow_api_virtualenv.py took 0.030 seconds
[2024-04-06T23:40:07.626+0000] {processor.py:161} INFO - Started process (PID=69265) to work on /home/malangdataguy/miniconda3/envs/airflow_mdg/lib/python3.8/site-packages/airflow/example_dags/tutorial_taskflow_api_virtualenv.py
[2024-04-06T23:40:07.635+0000] {processor.py:830} INFO - Processing file /home/malangdataguy/miniconda3/envs/airflow_mdg/lib/python3.8/site-packages/airflow/example_dags/tutorial_taskflow_api_virtualenv.py for tasks to queue
[2024-04-06T23:40:07.636+0000] {logging_mixin.py:188} INFO - [2024-04-06T23:40:07.636+0000] {dagbag.py:540} INFO - Filling up the DagBag from /home/malangdataguy/miniconda3/envs/airflow_mdg/lib/python3.8/site-packages/airflow/example_dags/tutorial_taskflow_api_virtualenv.py
[2024-04-06T23:40:07.643+0000] {logging_mixin.py:188} INFO - [2024-04-06T23:40:07.642+0000] {tutorial_taskflow_api_virtualenv.py:29} WARNING - The tutorial_taskflow_api_virtualenv example DAG requires virtualenv, please install it.
[2024-04-06T23:40:07.643+0000] {processor.py:842} WARNING - No viable dags retrieved from /home/malangdataguy/miniconda3/envs/airflow_mdg/lib/python3.8/site-packages/airflow/example_dags/tutorial_taskflow_api_virtualenv.py
[2024-04-06T23:40:07.668+0000] {processor.py:183} INFO - Processing /home/malangdataguy/miniconda3/envs/airflow_mdg/lib/python3.8/site-packages/airflow/example_dags/tutorial_taskflow_api_virtualenv.py took 0.053 seconds
[2024-04-06T23:41:02.420+0000] {processor.py:161} INFO - Started process (PID=69318) to work on /home/malangdataguy/miniconda3/envs/airflow_mdg/lib/python3.8/site-packages/airflow/example_dags/tutorial_taskflow_api_virtualenv.py
[2024-04-06T23:41:02.423+0000] {processor.py:830} INFO - Processing file /home/malangdataguy/miniconda3/envs/airflow_mdg/lib/python3.8/site-packages/airflow/example_dags/tutorial_taskflow_api_virtualenv.py for tasks to queue
[2024-04-06T23:41:02.425+0000] {logging_mixin.py:188} INFO - [2024-04-06T23:41:02.424+0000] {dagbag.py:540} INFO - Filling up the DagBag from /home/malangdataguy/miniconda3/envs/airflow_mdg/lib/python3.8/site-packages/airflow/example_dags/tutorial_taskflow_api_virtualenv.py
[2024-04-06T23:41:02.430+0000] {logging_mixin.py:188} INFO - [2024-04-06T23:41:02.429+0000] {tutorial_taskflow_api_virtualenv.py:29} WARNING - The tutorial_taskflow_api_virtualenv example DAG requires virtualenv, please install it.
[2024-04-06T23:41:02.430+0000] {processor.py:842} WARNING - No viable dags retrieved from /home/malangdataguy/miniconda3/envs/airflow_mdg/lib/python3.8/site-packages/airflow/example_dags/tutorial_taskflow_api_virtualenv.py
[2024-04-06T23:41:02.447+0000] {processor.py:183} INFO - Processing /home/malangdataguy/miniconda3/envs/airflow_mdg/lib/python3.8/site-packages/airflow/example_dags/tutorial_taskflow_api_virtualenv.py took 0.032 seconds
[2024-04-06T23:41:45.844+0000] {processor.py:161} INFO - Started process (PID=69360) to work on /home/malangdataguy/miniconda3/envs/airflow_mdg/lib/python3.8/site-packages/airflow/example_dags/tutorial_taskflow_api_virtualenv.py
[2024-04-06T23:41:45.847+0000] {processor.py:830} INFO - Processing file /home/malangdataguy/miniconda3/envs/airflow_mdg/lib/python3.8/site-packages/airflow/example_dags/tutorial_taskflow_api_virtualenv.py for tasks to queue
[2024-04-06T23:41:45.848+0000] {logging_mixin.py:188} INFO - [2024-04-06T23:41:45.848+0000] {dagbag.py:540} INFO - Filling up the DagBag from /home/malangdataguy/miniconda3/envs/airflow_mdg/lib/python3.8/site-packages/airflow/example_dags/tutorial_taskflow_api_virtualenv.py
[2024-04-06T23:41:45.853+0000] {logging_mixin.py:188} INFO - [2024-04-06T23:41:45.853+0000] {tutorial_taskflow_api_virtualenv.py:29} WARNING - The tutorial_taskflow_api_virtualenv example DAG requires virtualenv, please install it.
[2024-04-06T23:41:45.854+0000] {processor.py:842} WARNING - No viable dags retrieved from /home/malangdataguy/miniconda3/envs/airflow_mdg/lib/python3.8/site-packages/airflow/example_dags/tutorial_taskflow_api_virtualenv.py
[2024-04-06T23:41:45.870+0000] {processor.py:183} INFO - Processing /home/malangdataguy/miniconda3/envs/airflow_mdg/lib/python3.8/site-packages/airflow/example_dags/tutorial_taskflow_api_virtualenv.py took 0.032 seconds
[2024-04-06T23:42:30.690+0000] {processor.py:161} INFO - Started process (PID=69404) to work on /home/malangdataguy/miniconda3/envs/airflow_mdg/lib/python3.8/site-packages/airflow/example_dags/tutorial_taskflow_api_virtualenv.py
[2024-04-06T23:42:30.694+0000] {processor.py:830} INFO - Processing file /home/malangdataguy/miniconda3/envs/airflow_mdg/lib/python3.8/site-packages/airflow/example_dags/tutorial_taskflow_api_virtualenv.py for tasks to queue
[2024-04-06T23:42:30.695+0000] {logging_mixin.py:188} INFO - [2024-04-06T23:42:30.695+0000] {dagbag.py:540} INFO - Filling up the DagBag from /home/malangdataguy/miniconda3/envs/airflow_mdg/lib/python3.8/site-packages/airflow/example_dags/tutorial_taskflow_api_virtualenv.py
[2024-04-06T23:42:30.701+0000] {logging_mixin.py:188} INFO - [2024-04-06T23:42:30.700+0000] {tutorial_taskflow_api_virtualenv.py:29} WARNING - The tutorial_taskflow_api_virtualenv example DAG requires virtualenv, please install it.
[2024-04-06T23:42:30.701+0000] {processor.py:842} WARNING - No viable dags retrieved from /home/malangdataguy/miniconda3/envs/airflow_mdg/lib/python3.8/site-packages/airflow/example_dags/tutorial_taskflow_api_virtualenv.py
[2024-04-06T23:42:30.720+0000] {processor.py:183} INFO - Processing /home/malangdataguy/miniconda3/envs/airflow_mdg/lib/python3.8/site-packages/airflow/example_dags/tutorial_taskflow_api_virtualenv.py took 0.036 seconds
[2024-04-06T23:43:13.749+0000] {processor.py:161} INFO - Started process (PID=69448) to work on /home/malangdataguy/miniconda3/envs/airflow_mdg/lib/python3.8/site-packages/airflow/example_dags/tutorial_taskflow_api_virtualenv.py
[2024-04-06T23:43:13.752+0000] {processor.py:830} INFO - Processing file /home/malangdataguy/miniconda3/envs/airflow_mdg/lib/python3.8/site-packages/airflow/example_dags/tutorial_taskflow_api_virtualenv.py for tasks to queue
[2024-04-06T23:43:13.753+0000] {logging_mixin.py:188} INFO - [2024-04-06T23:43:13.753+0000] {dagbag.py:540} INFO - Filling up the DagBag from /home/malangdataguy/miniconda3/envs/airflow_mdg/lib/python3.8/site-packages/airflow/example_dags/tutorial_taskflow_api_virtualenv.py
[2024-04-06T23:43:13.758+0000] {logging_mixin.py:188} INFO - [2024-04-06T23:43:13.758+0000] {tutorial_taskflow_api_virtualenv.py:29} WARNING - The tutorial_taskflow_api_virtualenv example DAG requires virtualenv, please install it.
[2024-04-06T23:43:13.758+0000] {processor.py:842} WARNING - No viable dags retrieved from /home/malangdataguy/miniconda3/envs/airflow_mdg/lib/python3.8/site-packages/airflow/example_dags/tutorial_taskflow_api_virtualenv.py
[2024-04-06T23:43:13.777+0000] {processor.py:183} INFO - Processing /home/malangdataguy/miniconda3/envs/airflow_mdg/lib/python3.8/site-packages/airflow/example_dags/tutorial_taskflow_api_virtualenv.py took 0.033 seconds
[2024-04-06T23:43:59.679+0000] {processor.py:161} INFO - Started process (PID=69507) to work on /home/malangdataguy/miniconda3/envs/airflow_mdg/lib/python3.8/site-packages/airflow/example_dags/tutorial_taskflow_api_virtualenv.py
[2024-04-06T23:43:59.682+0000] {processor.py:830} INFO - Processing file /home/malangdataguy/miniconda3/envs/airflow_mdg/lib/python3.8/site-packages/airflow/example_dags/tutorial_taskflow_api_virtualenv.py for tasks to queue
[2024-04-06T23:43:59.683+0000] {logging_mixin.py:188} INFO - [2024-04-06T23:43:59.682+0000] {dagbag.py:540} INFO - Filling up the DagBag from /home/malangdataguy/miniconda3/envs/airflow_mdg/lib/python3.8/site-packages/airflow/example_dags/tutorial_taskflow_api_virtualenv.py
[2024-04-06T23:43:59.687+0000] {logging_mixin.py:188} INFO - [2024-04-06T23:43:59.687+0000] {tutorial_taskflow_api_virtualenv.py:29} WARNING - The tutorial_taskflow_api_virtualenv example DAG requires virtualenv, please install it.
[2024-04-06T23:43:59.687+0000] {processor.py:842} WARNING - No viable dags retrieved from /home/malangdataguy/miniconda3/envs/airflow_mdg/lib/python3.8/site-packages/airflow/example_dags/tutorial_taskflow_api_virtualenv.py
[2024-04-06T23:43:59.703+0000] {processor.py:183} INFO - Processing /home/malangdataguy/miniconda3/envs/airflow_mdg/lib/python3.8/site-packages/airflow/example_dags/tutorial_taskflow_api_virtualenv.py took 0.029 seconds
[2024-04-06T23:44:42.374+0000] {processor.py:161} INFO - Started process (PID=69552) to work on /home/malangdataguy/miniconda3/envs/airflow_mdg/lib/python3.8/site-packages/airflow/example_dags/tutorial_taskflow_api_virtualenv.py
[2024-04-06T23:44:42.377+0000] {processor.py:830} INFO - Processing file /home/malangdataguy/miniconda3/envs/airflow_mdg/lib/python3.8/site-packages/airflow/example_dags/tutorial_taskflow_api_virtualenv.py for tasks to queue
[2024-04-06T23:44:42.378+0000] {logging_mixin.py:188} INFO - [2024-04-06T23:44:42.378+0000] {dagbag.py:540} INFO - Filling up the DagBag from /home/malangdataguy/miniconda3/envs/airflow_mdg/lib/python3.8/site-packages/airflow/example_dags/tutorial_taskflow_api_virtualenv.py
[2024-04-06T23:44:42.384+0000] {logging_mixin.py:188} INFO - [2024-04-06T23:44:42.383+0000] {tutorial_taskflow_api_virtualenv.py:29} WARNING - The tutorial_taskflow_api_virtualenv example DAG requires virtualenv, please install it.
[2024-04-06T23:44:42.384+0000] {processor.py:842} WARNING - No viable dags retrieved from /home/malangdataguy/miniconda3/envs/airflow_mdg/lib/python3.8/site-packages/airflow/example_dags/tutorial_taskflow_api_virtualenv.py
[2024-04-06T23:44:42.404+0000] {processor.py:183} INFO - Processing /home/malangdataguy/miniconda3/envs/airflow_mdg/lib/python3.8/site-packages/airflow/example_dags/tutorial_taskflow_api_virtualenv.py took 0.035 seconds
[2024-04-06T23:45:24.817+0000] {processor.py:161} INFO - Started process (PID=69598) to work on /home/malangdataguy/miniconda3/envs/airflow_mdg/lib/python3.8/site-packages/airflow/example_dags/tutorial_taskflow_api_virtualenv.py
[2024-04-06T23:45:24.819+0000] {processor.py:830} INFO - Processing file /home/malangdataguy/miniconda3/envs/airflow_mdg/lib/python3.8/site-packages/airflow/example_dags/tutorial_taskflow_api_virtualenv.py for tasks to queue
[2024-04-06T23:45:24.821+0000] {logging_mixin.py:188} INFO - [2024-04-06T23:45:24.820+0000] {dagbag.py:540} INFO - Filling up the DagBag from /home/malangdataguy/miniconda3/envs/airflow_mdg/lib/python3.8/site-packages/airflow/example_dags/tutorial_taskflow_api_virtualenv.py
[2024-04-06T23:45:24.825+0000] {logging_mixin.py:188} INFO - [2024-04-06T23:45:24.825+0000] {tutorial_taskflow_api_virtualenv.py:29} WARNING - The tutorial_taskflow_api_virtualenv example DAG requires virtualenv, please install it.
[2024-04-06T23:45:24.825+0000] {processor.py:842} WARNING - No viable dags retrieved from /home/malangdataguy/miniconda3/envs/airflow_mdg/lib/python3.8/site-packages/airflow/example_dags/tutorial_taskflow_api_virtualenv.py
[2024-04-06T23:45:24.840+0000] {processor.py:183} INFO - Processing /home/malangdataguy/miniconda3/envs/airflow_mdg/lib/python3.8/site-packages/airflow/example_dags/tutorial_taskflow_api_virtualenv.py took 0.028 seconds
[2024-04-06T23:46:07.717+0000] {processor.py:161} INFO - Started process (PID=69642) to work on /home/malangdataguy/miniconda3/envs/airflow_mdg/lib/python3.8/site-packages/airflow/example_dags/tutorial_taskflow_api_virtualenv.py
[2024-04-06T23:46:07.720+0000] {processor.py:830} INFO - Processing file /home/malangdataguy/miniconda3/envs/airflow_mdg/lib/python3.8/site-packages/airflow/example_dags/tutorial_taskflow_api_virtualenv.py for tasks to queue
[2024-04-06T23:46:07.722+0000] {logging_mixin.py:188} INFO - [2024-04-06T23:46:07.721+0000] {dagbag.py:540} INFO - Filling up the DagBag from /home/malangdataguy/miniconda3/envs/airflow_mdg/lib/python3.8/site-packages/airflow/example_dags/tutorial_taskflow_api_virtualenv.py
[2024-04-06T23:46:07.727+0000] {logging_mixin.py:188} INFO - [2024-04-06T23:46:07.726+0000] {tutorial_taskflow_api_virtualenv.py:29} WARNING - The tutorial_taskflow_api_virtualenv example DAG requires virtualenv, please install it.
[2024-04-06T23:46:07.727+0000] {processor.py:842} WARNING - No viable dags retrieved from /home/malangdataguy/miniconda3/envs/airflow_mdg/lib/python3.8/site-packages/airflow/example_dags/tutorial_taskflow_api_virtualenv.py
[2024-04-06T23:46:07.746+0000] {processor.py:183} INFO - Processing /home/malangdataguy/miniconda3/envs/airflow_mdg/lib/python3.8/site-packages/airflow/example_dags/tutorial_taskflow_api_virtualenv.py took 0.034 seconds
[2024-04-06T23:46:45.196+0000] {processor.py:161} INFO - Started process (PID=69699) to work on /home/malangdataguy/miniconda3/envs/airflow_mdg/lib/python3.8/site-packages/airflow/example_dags/tutorial_taskflow_api_virtualenv.py
[2024-04-06T23:46:45.199+0000] {processor.py:830} INFO - Processing file /home/malangdataguy/miniconda3/envs/airflow_mdg/lib/python3.8/site-packages/airflow/example_dags/tutorial_taskflow_api_virtualenv.py for tasks to queue
[2024-04-06T23:46:45.201+0000] {logging_mixin.py:188} INFO - [2024-04-06T23:46:45.200+0000] {dagbag.py:540} INFO - Filling up the DagBag from /home/malangdataguy/miniconda3/envs/airflow_mdg/lib/python3.8/site-packages/airflow/example_dags/tutorial_taskflow_api_virtualenv.py
[2024-04-06T23:46:45.207+0000] {logging_mixin.py:188} INFO - [2024-04-06T23:46:45.206+0000] {tutorial_taskflow_api_virtualenv.py:29} WARNING - The tutorial_taskflow_api_virtualenv example DAG requires virtualenv, please install it.
[2024-04-06T23:46:45.207+0000] {processor.py:842} WARNING - No viable dags retrieved from /home/malangdataguy/miniconda3/envs/airflow_mdg/lib/python3.8/site-packages/airflow/example_dags/tutorial_taskflow_api_virtualenv.py
[2024-04-06T23:46:45.227+0000] {processor.py:183} INFO - Processing /home/malangdataguy/miniconda3/envs/airflow_mdg/lib/python3.8/site-packages/airflow/example_dags/tutorial_taskflow_api_virtualenv.py took 0.036 seconds
[2024-04-06T23:47:24.268+0000] {processor.py:161} INFO - Started process (PID=69754) to work on /home/malangdataguy/miniconda3/envs/airflow_mdg/lib/python3.8/site-packages/airflow/example_dags/tutorial_taskflow_api_virtualenv.py
[2024-04-06T23:47:24.270+0000] {processor.py:830} INFO - Processing file /home/malangdataguy/miniconda3/envs/airflow_mdg/lib/python3.8/site-packages/airflow/example_dags/tutorial_taskflow_api_virtualenv.py for tasks to queue
[2024-04-06T23:47:24.272+0000] {logging_mixin.py:188} INFO - [2024-04-06T23:47:24.271+0000] {dagbag.py:540} INFO - Filling up the DagBag from /home/malangdataguy/miniconda3/envs/airflow_mdg/lib/python3.8/site-packages/airflow/example_dags/tutorial_taskflow_api_virtualenv.py
[2024-04-06T23:47:24.277+0000] {logging_mixin.py:188} INFO - [2024-04-06T23:47:24.277+0000] {tutorial_taskflow_api_virtualenv.py:29} WARNING - The tutorial_taskflow_api_virtualenv example DAG requires virtualenv, please install it.
[2024-04-06T23:47:24.277+0000] {processor.py:842} WARNING - No viable dags retrieved from /home/malangdataguy/miniconda3/envs/airflow_mdg/lib/python3.8/site-packages/airflow/example_dags/tutorial_taskflow_api_virtualenv.py
[2024-04-06T23:47:24.296+0000] {processor.py:183} INFO - Processing /home/malangdataguy/miniconda3/envs/airflow_mdg/lib/python3.8/site-packages/airflow/example_dags/tutorial_taskflow_api_virtualenv.py took 0.034 seconds
[2024-04-06T23:48:07.072+0000] {processor.py:161} INFO - Started process (PID=69801) to work on /home/malangdataguy/miniconda3/envs/airflow_mdg/lib/python3.8/site-packages/airflow/example_dags/tutorial_taskflow_api_virtualenv.py
[2024-04-06T23:48:07.075+0000] {processor.py:830} INFO - Processing file /home/malangdataguy/miniconda3/envs/airflow_mdg/lib/python3.8/site-packages/airflow/example_dags/tutorial_taskflow_api_virtualenv.py for tasks to queue
[2024-04-06T23:48:07.077+0000] {logging_mixin.py:188} INFO - [2024-04-06T23:48:07.076+0000] {dagbag.py:540} INFO - Filling up the DagBag from /home/malangdataguy/miniconda3/envs/airflow_mdg/lib/python3.8/site-packages/airflow/example_dags/tutorial_taskflow_api_virtualenv.py
[2024-04-06T23:48:07.081+0000] {logging_mixin.py:188} INFO - [2024-04-06T23:48:07.081+0000] {tutorial_taskflow_api_virtualenv.py:29} WARNING - The tutorial_taskflow_api_virtualenv example DAG requires virtualenv, please install it.
[2024-04-06T23:48:07.081+0000] {processor.py:842} WARNING - No viable dags retrieved from /home/malangdataguy/miniconda3/envs/airflow_mdg/lib/python3.8/site-packages/airflow/example_dags/tutorial_taskflow_api_virtualenv.py
[2024-04-06T23:48:07.099+0000] {processor.py:183} INFO - Processing /home/malangdataguy/miniconda3/envs/airflow_mdg/lib/python3.8/site-packages/airflow/example_dags/tutorial_taskflow_api_virtualenv.py took 0.031 seconds
[2024-04-06T23:48:47.598+0000] {processor.py:161} INFO - Started process (PID=69843) to work on /home/malangdataguy/miniconda3/envs/airflow_mdg/lib/python3.8/site-packages/airflow/example_dags/tutorial_taskflow_api_virtualenv.py
[2024-04-06T23:48:47.601+0000] {processor.py:830} INFO - Processing file /home/malangdataguy/miniconda3/envs/airflow_mdg/lib/python3.8/site-packages/airflow/example_dags/tutorial_taskflow_api_virtualenv.py for tasks to queue
[2024-04-06T23:48:47.602+0000] {logging_mixin.py:188} INFO - [2024-04-06T23:48:47.602+0000] {dagbag.py:540} INFO - Filling up the DagBag from /home/malangdataguy/miniconda3/envs/airflow_mdg/lib/python3.8/site-packages/airflow/example_dags/tutorial_taskflow_api_virtualenv.py
[2024-04-06T23:48:47.608+0000] {logging_mixin.py:188} INFO - [2024-04-06T23:48:47.608+0000] {tutorial_taskflow_api_virtualenv.py:29} WARNING - The tutorial_taskflow_api_virtualenv example DAG requires virtualenv, please install it.
[2024-04-06T23:48:47.608+0000] {processor.py:842} WARNING - No viable dags retrieved from /home/malangdataguy/miniconda3/envs/airflow_mdg/lib/python3.8/site-packages/airflow/example_dags/tutorial_taskflow_api_virtualenv.py
[2024-04-06T23:48:47.628+0000] {processor.py:183} INFO - Processing /home/malangdataguy/miniconda3/envs/airflow_mdg/lib/python3.8/site-packages/airflow/example_dags/tutorial_taskflow_api_virtualenv.py took 0.035 seconds
[2024-04-06T23:49:32.856+0000] {processor.py:161} INFO - Started process (PID=69886) to work on /home/malangdataguy/miniconda3/envs/airflow_mdg/lib/python3.8/site-packages/airflow/example_dags/tutorial_taskflow_api_virtualenv.py
[2024-04-06T23:49:32.858+0000] {processor.py:830} INFO - Processing file /home/malangdataguy/miniconda3/envs/airflow_mdg/lib/python3.8/site-packages/airflow/example_dags/tutorial_taskflow_api_virtualenv.py for tasks to queue
[2024-04-06T23:49:32.859+0000] {logging_mixin.py:188} INFO - [2024-04-06T23:49:32.859+0000] {dagbag.py:540} INFO - Filling up the DagBag from /home/malangdataguy/miniconda3/envs/airflow_mdg/lib/python3.8/site-packages/airflow/example_dags/tutorial_taskflow_api_virtualenv.py
[2024-04-06T23:49:32.864+0000] {logging_mixin.py:188} INFO - [2024-04-06T23:49:32.863+0000] {tutorial_taskflow_api_virtualenv.py:29} WARNING - The tutorial_taskflow_api_virtualenv example DAG requires virtualenv, please install it.
[2024-04-06T23:49:32.864+0000] {processor.py:842} WARNING - No viable dags retrieved from /home/malangdataguy/miniconda3/envs/airflow_mdg/lib/python3.8/site-packages/airflow/example_dags/tutorial_taskflow_api_virtualenv.py
[2024-04-06T23:49:32.879+0000] {processor.py:183} INFO - Processing /home/malangdataguy/miniconda3/envs/airflow_mdg/lib/python3.8/site-packages/airflow/example_dags/tutorial_taskflow_api_virtualenv.py took 0.028 seconds
[2024-04-06T23:50:10.291+0000] {processor.py:161} INFO - Started process (PID=69928) to work on /home/malangdataguy/miniconda3/envs/airflow_mdg/lib/python3.8/site-packages/airflow/example_dags/tutorial_taskflow_api_virtualenv.py
[2024-04-06T23:50:10.294+0000] {processor.py:830} INFO - Processing file /home/malangdataguy/miniconda3/envs/airflow_mdg/lib/python3.8/site-packages/airflow/example_dags/tutorial_taskflow_api_virtualenv.py for tasks to queue
[2024-04-06T23:50:10.295+0000] {logging_mixin.py:188} INFO - [2024-04-06T23:50:10.295+0000] {dagbag.py:540} INFO - Filling up the DagBag from /home/malangdataguy/miniconda3/envs/airflow_mdg/lib/python3.8/site-packages/airflow/example_dags/tutorial_taskflow_api_virtualenv.py
[2024-04-06T23:50:10.300+0000] {logging_mixin.py:188} INFO - [2024-04-06T23:50:10.300+0000] {tutorial_taskflow_api_virtualenv.py:29} WARNING - The tutorial_taskflow_api_virtualenv example DAG requires virtualenv, please install it.
[2024-04-06T23:50:10.300+0000] {processor.py:842} WARNING - No viable dags retrieved from /home/malangdataguy/miniconda3/envs/airflow_mdg/lib/python3.8/site-packages/airflow/example_dags/tutorial_taskflow_api_virtualenv.py
[2024-04-06T23:50:10.316+0000] {processor.py:183} INFO - Processing /home/malangdataguy/miniconda3/envs/airflow_mdg/lib/python3.8/site-packages/airflow/example_dags/tutorial_taskflow_api_virtualenv.py took 0.030 seconds
[2024-04-06T23:50:51.175+0000] {processor.py:161} INFO - Started process (PID=69967) to work on /home/malangdataguy/miniconda3/envs/airflow_mdg/lib/python3.8/site-packages/airflow/example_dags/tutorial_taskflow_api_virtualenv.py
[2024-04-06T23:50:51.178+0000] {processor.py:830} INFO - Processing file /home/malangdataguy/miniconda3/envs/airflow_mdg/lib/python3.8/site-packages/airflow/example_dags/tutorial_taskflow_api_virtualenv.py for tasks to queue
[2024-04-06T23:50:51.180+0000] {logging_mixin.py:188} INFO - [2024-04-06T23:50:51.179+0000] {dagbag.py:540} INFO - Filling up the DagBag from /home/malangdataguy/miniconda3/envs/airflow_mdg/lib/python3.8/site-packages/airflow/example_dags/tutorial_taskflow_api_virtualenv.py
[2024-04-06T23:50:51.185+0000] {logging_mixin.py:188} INFO - [2024-04-06T23:50:51.185+0000] {tutorial_taskflow_api_virtualenv.py:29} WARNING - The tutorial_taskflow_api_virtualenv example DAG requires virtualenv, please install it.
[2024-04-06T23:50:51.186+0000] {processor.py:842} WARNING - No viable dags retrieved from /home/malangdataguy/miniconda3/envs/airflow_mdg/lib/python3.8/site-packages/airflow/example_dags/tutorial_taskflow_api_virtualenv.py
[2024-04-06T23:50:51.205+0000] {processor.py:183} INFO - Processing /home/malangdataguy/miniconda3/envs/airflow_mdg/lib/python3.8/site-packages/airflow/example_dags/tutorial_taskflow_api_virtualenv.py took 0.035 seconds
[2024-04-06T23:51:33.382+0000] {processor.py:161} INFO - Started process (PID=70012) to work on /home/malangdataguy/miniconda3/envs/airflow_mdg/lib/python3.8/site-packages/airflow/example_dags/tutorial_taskflow_api_virtualenv.py
[2024-04-06T23:51:33.385+0000] {processor.py:830} INFO - Processing file /home/malangdataguy/miniconda3/envs/airflow_mdg/lib/python3.8/site-packages/airflow/example_dags/tutorial_taskflow_api_virtualenv.py for tasks to queue
[2024-04-06T23:51:33.387+0000] {logging_mixin.py:188} INFO - [2024-04-06T23:51:33.386+0000] {dagbag.py:540} INFO - Filling up the DagBag from /home/malangdataguy/miniconda3/envs/airflow_mdg/lib/python3.8/site-packages/airflow/example_dags/tutorial_taskflow_api_virtualenv.py
[2024-04-06T23:51:33.391+0000] {logging_mixin.py:188} INFO - [2024-04-06T23:51:33.391+0000] {tutorial_taskflow_api_virtualenv.py:29} WARNING - The tutorial_taskflow_api_virtualenv example DAG requires virtualenv, please install it.
[2024-04-06T23:51:33.391+0000] {processor.py:842} WARNING - No viable dags retrieved from /home/malangdataguy/miniconda3/envs/airflow_mdg/lib/python3.8/site-packages/airflow/example_dags/tutorial_taskflow_api_virtualenv.py
[2024-04-06T23:51:33.409+0000] {processor.py:183} INFO - Processing /home/malangdataguy/miniconda3/envs/airflow_mdg/lib/python3.8/site-packages/airflow/example_dags/tutorial_taskflow_api_virtualenv.py took 0.032 seconds
[2024-04-06T23:52:17.685+0000] {processor.py:161} INFO - Started process (PID=70058) to work on /home/malangdataguy/miniconda3/envs/airflow_mdg/lib/python3.8/site-packages/airflow/example_dags/tutorial_taskflow_api_virtualenv.py
[2024-04-06T23:52:17.688+0000] {processor.py:830} INFO - Processing file /home/malangdataguy/miniconda3/envs/airflow_mdg/lib/python3.8/site-packages/airflow/example_dags/tutorial_taskflow_api_virtualenv.py for tasks to queue
[2024-04-06T23:52:17.689+0000] {logging_mixin.py:188} INFO - [2024-04-06T23:52:17.689+0000] {dagbag.py:540} INFO - Filling up the DagBag from /home/malangdataguy/miniconda3/envs/airflow_mdg/lib/python3.8/site-packages/airflow/example_dags/tutorial_taskflow_api_virtualenv.py
[2024-04-06T23:52:17.694+0000] {logging_mixin.py:188} INFO - [2024-04-06T23:52:17.694+0000] {tutorial_taskflow_api_virtualenv.py:29} WARNING - The tutorial_taskflow_api_virtualenv example DAG requires virtualenv, please install it.
[2024-04-06T23:52:17.694+0000] {processor.py:842} WARNING - No viable dags retrieved from /home/malangdataguy/miniconda3/envs/airflow_mdg/lib/python3.8/site-packages/airflow/example_dags/tutorial_taskflow_api_virtualenv.py
[2024-04-06T23:52:17.710+0000] {processor.py:183} INFO - Processing /home/malangdataguy/miniconda3/envs/airflow_mdg/lib/python3.8/site-packages/airflow/example_dags/tutorial_taskflow_api_virtualenv.py took 0.030 seconds
[2024-04-06T23:53:01.385+0000] {processor.py:161} INFO - Started process (PID=70100) to work on /home/malangdataguy/miniconda3/envs/airflow_mdg/lib/python3.8/site-packages/airflow/example_dags/tutorial_taskflow_api_virtualenv.py
[2024-04-06T23:53:01.388+0000] {processor.py:830} INFO - Processing file /home/malangdataguy/miniconda3/envs/airflow_mdg/lib/python3.8/site-packages/airflow/example_dags/tutorial_taskflow_api_virtualenv.py for tasks to queue
[2024-04-06T23:53:01.390+0000] {logging_mixin.py:188} INFO - [2024-04-06T23:53:01.389+0000] {dagbag.py:540} INFO - Filling up the DagBag from /home/malangdataguy/miniconda3/envs/airflow_mdg/lib/python3.8/site-packages/airflow/example_dags/tutorial_taskflow_api_virtualenv.py
[2024-04-06T23:53:01.395+0000] {logging_mixin.py:188} INFO - [2024-04-06T23:53:01.395+0000] {tutorial_taskflow_api_virtualenv.py:29} WARNING - The tutorial_taskflow_api_virtualenv example DAG requires virtualenv, please install it.
[2024-04-06T23:53:01.396+0000] {processor.py:842} WARNING - No viable dags retrieved from /home/malangdataguy/miniconda3/envs/airflow_mdg/lib/python3.8/site-packages/airflow/example_dags/tutorial_taskflow_api_virtualenv.py
[2024-04-06T23:53:01.415+0000] {processor.py:183} INFO - Processing /home/malangdataguy/miniconda3/envs/airflow_mdg/lib/python3.8/site-packages/airflow/example_dags/tutorial_taskflow_api_virtualenv.py took 0.037 seconds
[2024-04-06T23:53:47.597+0000] {processor.py:161} INFO - Started process (PID=70161) to work on /home/malangdataguy/miniconda3/envs/airflow_mdg/lib/python3.8/site-packages/airflow/example_dags/tutorial_taskflow_api_virtualenv.py
[2024-04-06T23:53:47.600+0000] {processor.py:830} INFO - Processing file /home/malangdataguy/miniconda3/envs/airflow_mdg/lib/python3.8/site-packages/airflow/example_dags/tutorial_taskflow_api_virtualenv.py for tasks to queue
[2024-04-06T23:53:47.602+0000] {logging_mixin.py:188} INFO - [2024-04-06T23:53:47.601+0000] {dagbag.py:540} INFO - Filling up the DagBag from /home/malangdataguy/miniconda3/envs/airflow_mdg/lib/python3.8/site-packages/airflow/example_dags/tutorial_taskflow_api_virtualenv.py
[2024-04-06T23:53:47.607+0000] {logging_mixin.py:188} INFO - [2024-04-06T23:53:47.606+0000] {tutorial_taskflow_api_virtualenv.py:29} WARNING - The tutorial_taskflow_api_virtualenv example DAG requires virtualenv, please install it.
[2024-04-06T23:53:47.607+0000] {processor.py:842} WARNING - No viable dags retrieved from /home/malangdataguy/miniconda3/envs/airflow_mdg/lib/python3.8/site-packages/airflow/example_dags/tutorial_taskflow_api_virtualenv.py
[2024-04-06T23:53:47.626+0000] {processor.py:183} INFO - Processing /home/malangdataguy/miniconda3/envs/airflow_mdg/lib/python3.8/site-packages/airflow/example_dags/tutorial_taskflow_api_virtualenv.py took 0.035 seconds
[2024-04-06T23:54:30.730+0000] {processor.py:161} INFO - Started process (PID=70227) to work on /home/malangdataguy/miniconda3/envs/airflow_mdg/lib/python3.8/site-packages/airflow/example_dags/tutorial_taskflow_api_virtualenv.py
[2024-04-06T23:54:30.734+0000] {processor.py:830} INFO - Processing file /home/malangdataguy/miniconda3/envs/airflow_mdg/lib/python3.8/site-packages/airflow/example_dags/tutorial_taskflow_api_virtualenv.py for tasks to queue
[2024-04-06T23:54:30.736+0000] {logging_mixin.py:188} INFO - [2024-04-06T23:54:30.735+0000] {dagbag.py:540} INFO - Filling up the DagBag from /home/malangdataguy/miniconda3/envs/airflow_mdg/lib/python3.8/site-packages/airflow/example_dags/tutorial_taskflow_api_virtualenv.py
[2024-04-06T23:54:30.742+0000] {logging_mixin.py:188} INFO - [2024-04-06T23:54:30.741+0000] {tutorial_taskflow_api_virtualenv.py:29} WARNING - The tutorial_taskflow_api_virtualenv example DAG requires virtualenv, please install it.
[2024-04-06T23:54:30.742+0000] {processor.py:842} WARNING - No viable dags retrieved from /home/malangdataguy/miniconda3/envs/airflow_mdg/lib/python3.8/site-packages/airflow/example_dags/tutorial_taskflow_api_virtualenv.py
[2024-04-06T23:54:30.764+0000] {processor.py:183} INFO - Processing /home/malangdataguy/miniconda3/envs/airflow_mdg/lib/python3.8/site-packages/airflow/example_dags/tutorial_taskflow_api_virtualenv.py took 0.040 seconds
[2024-04-06T23:55:11.336+0000] {processor.py:161} INFO - Started process (PID=70268) to work on /home/malangdataguy/miniconda3/envs/airflow_mdg/lib/python3.8/site-packages/airflow/example_dags/tutorial_taskflow_api_virtualenv.py
[2024-04-06T23:55:11.339+0000] {processor.py:830} INFO - Processing file /home/malangdataguy/miniconda3/envs/airflow_mdg/lib/python3.8/site-packages/airflow/example_dags/tutorial_taskflow_api_virtualenv.py for tasks to queue
[2024-04-06T23:55:11.340+0000] {logging_mixin.py:188} INFO - [2024-04-06T23:55:11.339+0000] {dagbag.py:540} INFO - Filling up the DagBag from /home/malangdataguy/miniconda3/envs/airflow_mdg/lib/python3.8/site-packages/airflow/example_dags/tutorial_taskflow_api_virtualenv.py
[2024-04-06T23:55:11.345+0000] {logging_mixin.py:188} INFO - [2024-04-06T23:55:11.344+0000] {tutorial_taskflow_api_virtualenv.py:29} WARNING - The tutorial_taskflow_api_virtualenv example DAG requires virtualenv, please install it.
[2024-04-06T23:55:11.345+0000] {processor.py:842} WARNING - No viable dags retrieved from /home/malangdataguy/miniconda3/envs/airflow_mdg/lib/python3.8/site-packages/airflow/example_dags/tutorial_taskflow_api_virtualenv.py
[2024-04-06T23:55:11.363+0000] {processor.py:183} INFO - Processing /home/malangdataguy/miniconda3/envs/airflow_mdg/lib/python3.8/site-packages/airflow/example_dags/tutorial_taskflow_api_virtualenv.py took 0.031 seconds
[2024-04-06T23:55:53.844+0000] {processor.py:161} INFO - Started process (PID=70311) to work on /home/malangdataguy/miniconda3/envs/airflow_mdg/lib/python3.8/site-packages/airflow/example_dags/tutorial_taskflow_api_virtualenv.py
[2024-04-06T23:55:53.847+0000] {processor.py:830} INFO - Processing file /home/malangdataguy/miniconda3/envs/airflow_mdg/lib/python3.8/site-packages/airflow/example_dags/tutorial_taskflow_api_virtualenv.py for tasks to queue
[2024-04-06T23:55:53.849+0000] {logging_mixin.py:188} INFO - [2024-04-06T23:55:53.848+0000] {dagbag.py:540} INFO - Filling up the DagBag from /home/malangdataguy/miniconda3/envs/airflow_mdg/lib/python3.8/site-packages/airflow/example_dags/tutorial_taskflow_api_virtualenv.py
[2024-04-06T23:55:53.853+0000] {logging_mixin.py:188} INFO - [2024-04-06T23:55:53.853+0000] {tutorial_taskflow_api_virtualenv.py:29} WARNING - The tutorial_taskflow_api_virtualenv example DAG requires virtualenv, please install it.
[2024-04-06T23:55:53.853+0000] {processor.py:842} WARNING - No viable dags retrieved from /home/malangdataguy/miniconda3/envs/airflow_mdg/lib/python3.8/site-packages/airflow/example_dags/tutorial_taskflow_api_virtualenv.py
[2024-04-06T23:55:53.873+0000] {processor.py:183} INFO - Processing /home/malangdataguy/miniconda3/envs/airflow_mdg/lib/python3.8/site-packages/airflow/example_dags/tutorial_taskflow_api_virtualenv.py took 0.033 seconds
