[2024-04-06T23:09:15.580+0000] {processor.py:161} INFO - Started process (PID=68368) to work on /home/malangdataguy/miniconda3/envs/airflow_mdg/lib/python3.8/site-packages/airflow/example_dags/tutorial_dag.py
[2024-04-06T23:09:15.582+0000] {processor.py:830} INFO - Processing file /home/malangdataguy/miniconda3/envs/airflow_mdg/lib/python3.8/site-packages/airflow/example_dags/tutorial_dag.py for tasks to queue
[2024-04-06T23:09:15.583+0000] {logging_mixin.py:188} INFO - [2024-04-06T23:09:15.583+0000] {dagbag.py:540} INFO - Filling up the DagBag from /home/malangdataguy/miniconda3/envs/airflow_mdg/lib/python3.8/site-packages/airflow/example_dags/tutorial_dag.py
[2024-04-06T23:09:15.596+0000] {processor.py:840} INFO - DAG(s) 'tutorial_dag' retrieved from /home/malangdataguy/miniconda3/envs/airflow_mdg/lib/python3.8/site-packages/airflow/example_dags/tutorial_dag.py
[2024-04-06T23:09:15.611+0000] {logging_mixin.py:188} INFO - [2024-04-06T23:09:15.610+0000] {dag.py:3047} INFO - Sync 1 DAGs
[2024-04-06T23:09:15.629+0000] {logging_mixin.py:188} INFO - [2024-04-06T23:09:15.629+0000] {dag.py:3834} INFO - Setting next_dagrun for tutorial_dag to None, run_after=None
[2024-04-06T23:09:15.662+0000] {processor.py:183} INFO - Processing /home/malangdataguy/miniconda3/envs/airflow_mdg/lib/python3.8/site-packages/airflow/example_dags/tutorial_dag.py took 0.087 seconds
[2024-04-06T23:10:07.735+0000] {processor.py:161} INFO - Started process (PID=68418) to work on /home/malangdataguy/miniconda3/envs/airflow_mdg/lib/python3.8/site-packages/airflow/example_dags/tutorial_dag.py
[2024-04-06T23:10:07.737+0000] {processor.py:830} INFO - Processing file /home/malangdataguy/miniconda3/envs/airflow_mdg/lib/python3.8/site-packages/airflow/example_dags/tutorial_dag.py for tasks to queue
[2024-04-06T23:10:07.739+0000] {logging_mixin.py:188} INFO - [2024-04-06T23:10:07.738+0000] {dagbag.py:540} INFO - Filling up the DagBag from /home/malangdataguy/miniconda3/envs/airflow_mdg/lib/python3.8/site-packages/airflow/example_dags/tutorial_dag.py
[2024-04-06T23:10:07.748+0000] {processor.py:840} INFO - DAG(s) 'tutorial_dag' retrieved from /home/malangdataguy/miniconda3/envs/airflow_mdg/lib/python3.8/site-packages/airflow/example_dags/tutorial_dag.py
[2024-04-06T23:10:07.864+0000] {logging_mixin.py:188} INFO - [2024-04-06T23:10:07.864+0000] {dag.py:3047} INFO - Sync 1 DAGs
[2024-04-06T23:10:07.876+0000] {logging_mixin.py:188} INFO - [2024-04-06T23:10:07.875+0000] {dag.py:3834} INFO - Setting next_dagrun for tutorial_dag to None, run_after=None
[2024-04-06T23:10:07.904+0000] {processor.py:183} INFO - Processing /home/malangdataguy/miniconda3/envs/airflow_mdg/lib/python3.8/site-packages/airflow/example_dags/tutorial_dag.py took 0.174 seconds
[2024-04-06T23:10:54.571+0000] {processor.py:161} INFO - Started process (PID=68473) to work on /home/malangdataguy/miniconda3/envs/airflow_mdg/lib/python3.8/site-packages/airflow/example_dags/tutorial_dag.py
[2024-04-06T23:10:54.574+0000] {processor.py:830} INFO - Processing file /home/malangdataguy/miniconda3/envs/airflow_mdg/lib/python3.8/site-packages/airflow/example_dags/tutorial_dag.py for tasks to queue
[2024-04-06T23:10:54.575+0000] {logging_mixin.py:188} INFO - [2024-04-06T23:10:54.574+0000] {dagbag.py:540} INFO - Filling up the DagBag from /home/malangdataguy/miniconda3/envs/airflow_mdg/lib/python3.8/site-packages/airflow/example_dags/tutorial_dag.py
[2024-04-06T23:10:54.585+0000] {processor.py:840} INFO - DAG(s) 'tutorial_dag' retrieved from /home/malangdataguy/miniconda3/envs/airflow_mdg/lib/python3.8/site-packages/airflow/example_dags/tutorial_dag.py
[2024-04-06T23:10:54.611+0000] {logging_mixin.py:188} INFO - [2024-04-06T23:10:54.610+0000] {dag.py:3047} INFO - Sync 1 DAGs
[2024-04-06T23:10:54.627+0000] {logging_mixin.py:188} INFO - [2024-04-06T23:10:54.626+0000] {dag.py:3834} INFO - Setting next_dagrun for tutorial_dag to None, run_after=None
[2024-04-06T23:10:54.660+0000] {processor.py:183} INFO - Processing /home/malangdataguy/miniconda3/envs/airflow_mdg/lib/python3.8/site-packages/airflow/example_dags/tutorial_dag.py took 0.094 seconds
[2024-04-06T23:11:45.587+0000] {processor.py:161} INFO - Started process (PID=68523) to work on /home/malangdataguy/miniconda3/envs/airflow_mdg/lib/python3.8/site-packages/airflow/example_dags/tutorial_dag.py
[2024-04-06T23:11:45.590+0000] {processor.py:830} INFO - Processing file /home/malangdataguy/miniconda3/envs/airflow_mdg/lib/python3.8/site-packages/airflow/example_dags/tutorial_dag.py for tasks to queue
[2024-04-06T23:11:45.592+0000] {logging_mixin.py:188} INFO - [2024-04-06T23:11:45.592+0000] {dagbag.py:540} INFO - Filling up the DagBag from /home/malangdataguy/miniconda3/envs/airflow_mdg/lib/python3.8/site-packages/airflow/example_dags/tutorial_dag.py
[2024-04-06T23:11:45.602+0000] {processor.py:840} INFO - DAG(s) 'tutorial_dag' retrieved from /home/malangdataguy/miniconda3/envs/airflow_mdg/lib/python3.8/site-packages/airflow/example_dags/tutorial_dag.py
[2024-04-06T23:11:45.631+0000] {logging_mixin.py:188} INFO - [2024-04-06T23:11:45.630+0000] {dag.py:3047} INFO - Sync 1 DAGs
[2024-04-06T23:11:45.648+0000] {logging_mixin.py:188} INFO - [2024-04-06T23:11:45.647+0000] {dag.py:3834} INFO - Setting next_dagrun for tutorial_dag to None, run_after=None
[2024-04-06T23:11:45.685+0000] {processor.py:183} INFO - Processing /home/malangdataguy/miniconda3/envs/airflow_mdg/lib/python3.8/site-packages/airflow/example_dags/tutorial_dag.py took 0.103 seconds
[2024-04-06T23:12:30.832+0000] {processor.py:161} INFO - Started process (PID=68568) to work on /home/malangdataguy/miniconda3/envs/airflow_mdg/lib/python3.8/site-packages/airflow/example_dags/tutorial_dag.py
[2024-04-06T23:12:30.835+0000] {processor.py:830} INFO - Processing file /home/malangdataguy/miniconda3/envs/airflow_mdg/lib/python3.8/site-packages/airflow/example_dags/tutorial_dag.py for tasks to queue
[2024-04-06T23:12:30.837+0000] {logging_mixin.py:188} INFO - [2024-04-06T23:12:30.836+0000] {dagbag.py:540} INFO - Filling up the DagBag from /home/malangdataguy/miniconda3/envs/airflow_mdg/lib/python3.8/site-packages/airflow/example_dags/tutorial_dag.py
[2024-04-06T23:12:30.846+0000] {processor.py:840} INFO - DAG(s) 'tutorial_dag' retrieved from /home/malangdataguy/miniconda3/envs/airflow_mdg/lib/python3.8/site-packages/airflow/example_dags/tutorial_dag.py
[2024-04-06T23:12:30.877+0000] {logging_mixin.py:188} INFO - [2024-04-06T23:12:30.877+0000] {dag.py:3047} INFO - Sync 1 DAGs
[2024-04-06T23:12:30.893+0000] {logging_mixin.py:188} INFO - [2024-04-06T23:12:30.893+0000] {dag.py:3834} INFO - Setting next_dagrun for tutorial_dag to None, run_after=None
[2024-04-06T23:12:30.929+0000] {processor.py:183} INFO - Processing /home/malangdataguy/miniconda3/envs/airflow_mdg/lib/python3.8/site-packages/airflow/example_dags/tutorial_dag.py took 0.104 seconds
[2024-04-06T23:13:11.339+0000] {processor.py:161} INFO - Started process (PID=68610) to work on /home/malangdataguy/miniconda3/envs/airflow_mdg/lib/python3.8/site-packages/airflow/example_dags/tutorial_dag.py
[2024-04-06T23:13:11.342+0000] {processor.py:830} INFO - Processing file /home/malangdataguy/miniconda3/envs/airflow_mdg/lib/python3.8/site-packages/airflow/example_dags/tutorial_dag.py for tasks to queue
[2024-04-06T23:13:11.343+0000] {logging_mixin.py:188} INFO - [2024-04-06T23:13:11.343+0000] {dagbag.py:540} INFO - Filling up the DagBag from /home/malangdataguy/miniconda3/envs/airflow_mdg/lib/python3.8/site-packages/airflow/example_dags/tutorial_dag.py
[2024-04-06T23:13:11.353+0000] {processor.py:840} INFO - DAG(s) 'tutorial_dag' retrieved from /home/malangdataguy/miniconda3/envs/airflow_mdg/lib/python3.8/site-packages/airflow/example_dags/tutorial_dag.py
[2024-04-06T23:13:11.380+0000] {logging_mixin.py:188} INFO - [2024-04-06T23:13:11.380+0000] {dag.py:3047} INFO - Sync 1 DAGs
[2024-04-06T23:13:11.396+0000] {logging_mixin.py:188} INFO - [2024-04-06T23:13:11.396+0000] {dag.py:3834} INFO - Setting next_dagrun for tutorial_dag to None, run_after=None
[2024-04-06T23:13:11.432+0000] {processor.py:183} INFO - Processing /home/malangdataguy/miniconda3/envs/airflow_mdg/lib/python3.8/site-packages/airflow/example_dags/tutorial_dag.py took 0.098 seconds
[2024-04-06T23:13:51.666+0000] {processor.py:161} INFO - Started process (PID=68653) to work on /home/malangdataguy/miniconda3/envs/airflow_mdg/lib/python3.8/site-packages/airflow/example_dags/tutorial_dag.py
[2024-04-06T23:13:51.669+0000] {processor.py:830} INFO - Processing file /home/malangdataguy/miniconda3/envs/airflow_mdg/lib/python3.8/site-packages/airflow/example_dags/tutorial_dag.py for tasks to queue
[2024-04-06T23:13:51.670+0000] {logging_mixin.py:188} INFO - [2024-04-06T23:13:51.670+0000] {dagbag.py:540} INFO - Filling up the DagBag from /home/malangdataguy/miniconda3/envs/airflow_mdg/lib/python3.8/site-packages/airflow/example_dags/tutorial_dag.py
[2024-04-06T23:13:51.679+0000] {processor.py:840} INFO - DAG(s) 'tutorial_dag' retrieved from /home/malangdataguy/miniconda3/envs/airflow_mdg/lib/python3.8/site-packages/airflow/example_dags/tutorial_dag.py
[2024-04-06T23:13:51.706+0000] {logging_mixin.py:188} INFO - [2024-04-06T23:13:51.706+0000] {dag.py:3047} INFO - Sync 1 DAGs
[2024-04-06T23:13:51.722+0000] {logging_mixin.py:188} INFO - [2024-04-06T23:13:51.722+0000] {dag.py:3834} INFO - Setting next_dagrun for tutorial_dag to None, run_after=None
[2024-04-06T23:13:51.755+0000] {processor.py:183} INFO - Processing /home/malangdataguy/miniconda3/envs/airflow_mdg/lib/python3.8/site-packages/airflow/example_dags/tutorial_dag.py took 0.095 seconds
[2024-04-06T23:14:35.001+0000] {processor.py:161} INFO - Started process (PID=68694) to work on /home/malangdataguy/miniconda3/envs/airflow_mdg/lib/python3.8/site-packages/airflow/example_dags/tutorial_dag.py
[2024-04-06T23:14:35.003+0000] {processor.py:830} INFO - Processing file /home/malangdataguy/miniconda3/envs/airflow_mdg/lib/python3.8/site-packages/airflow/example_dags/tutorial_dag.py for tasks to queue
[2024-04-06T23:14:35.005+0000] {logging_mixin.py:188} INFO - [2024-04-06T23:14:35.004+0000] {dagbag.py:540} INFO - Filling up the DagBag from /home/malangdataguy/miniconda3/envs/airflow_mdg/lib/python3.8/site-packages/airflow/example_dags/tutorial_dag.py
[2024-04-06T23:14:35.012+0000] {processor.py:840} INFO - DAG(s) 'tutorial_dag' retrieved from /home/malangdataguy/miniconda3/envs/airflow_mdg/lib/python3.8/site-packages/airflow/example_dags/tutorial_dag.py
[2024-04-06T23:14:35.036+0000] {logging_mixin.py:188} INFO - [2024-04-06T23:14:35.036+0000] {dag.py:3047} INFO - Sync 1 DAGs
[2024-04-06T23:14:35.050+0000] {logging_mixin.py:188} INFO - [2024-04-06T23:14:35.050+0000] {dag.py:3834} INFO - Setting next_dagrun for tutorial_dag to None, run_after=None
[2024-04-06T23:14:35.081+0000] {processor.py:183} INFO - Processing /home/malangdataguy/miniconda3/envs/airflow_mdg/lib/python3.8/site-packages/airflow/example_dags/tutorial_dag.py took 0.084 seconds
[2024-04-06T23:15:15.541+0000] {processor.py:161} INFO - Started process (PID=68737) to work on /home/malangdataguy/miniconda3/envs/airflow_mdg/lib/python3.8/site-packages/airflow/example_dags/tutorial_dag.py
[2024-04-06T23:15:15.543+0000] {processor.py:830} INFO - Processing file /home/malangdataguy/miniconda3/envs/airflow_mdg/lib/python3.8/site-packages/airflow/example_dags/tutorial_dag.py for tasks to queue
[2024-04-06T23:15:15.545+0000] {logging_mixin.py:188} INFO - [2024-04-06T23:15:15.544+0000] {dagbag.py:540} INFO - Filling up the DagBag from /home/malangdataguy/miniconda3/envs/airflow_mdg/lib/python3.8/site-packages/airflow/example_dags/tutorial_dag.py
[2024-04-06T23:15:15.554+0000] {processor.py:840} INFO - DAG(s) 'tutorial_dag' retrieved from /home/malangdataguy/miniconda3/envs/airflow_mdg/lib/python3.8/site-packages/airflow/example_dags/tutorial_dag.py
[2024-04-06T23:15:15.577+0000] {logging_mixin.py:188} INFO - [2024-04-06T23:15:15.576+0000] {dag.py:3047} INFO - Sync 1 DAGs
[2024-04-06T23:15:15.592+0000] {logging_mixin.py:188} INFO - [2024-04-06T23:15:15.592+0000] {dag.py:3834} INFO - Setting next_dagrun for tutorial_dag to None, run_after=None
[2024-04-06T23:15:15.620+0000] {processor.py:183} INFO - Processing /home/malangdataguy/miniconda3/envs/airflow_mdg/lib/python3.8/site-packages/airflow/example_dags/tutorial_dag.py took 0.084 seconds
[2024-04-06T23:15:55.344+0000] {processor.py:161} INFO - Started process (PID=68779) to work on /home/malangdataguy/miniconda3/envs/airflow_mdg/lib/python3.8/site-packages/airflow/example_dags/tutorial_dag.py
[2024-04-06T23:15:55.347+0000] {processor.py:830} INFO - Processing file /home/malangdataguy/miniconda3/envs/airflow_mdg/lib/python3.8/site-packages/airflow/example_dags/tutorial_dag.py for tasks to queue
[2024-04-06T23:15:55.348+0000] {logging_mixin.py:188} INFO - [2024-04-06T23:15:55.348+0000] {dagbag.py:540} INFO - Filling up the DagBag from /home/malangdataguy/miniconda3/envs/airflow_mdg/lib/python3.8/site-packages/airflow/example_dags/tutorial_dag.py
[2024-04-06T23:15:55.358+0000] {processor.py:840} INFO - DAG(s) 'tutorial_dag' retrieved from /home/malangdataguy/miniconda3/envs/airflow_mdg/lib/python3.8/site-packages/airflow/example_dags/tutorial_dag.py
[2024-04-06T23:15:55.383+0000] {logging_mixin.py:188} INFO - [2024-04-06T23:15:55.383+0000] {dag.py:3047} INFO - Sync 1 DAGs
[2024-04-06T23:15:55.402+0000] {logging_mixin.py:188} INFO - [2024-04-06T23:15:55.402+0000] {dag.py:3834} INFO - Setting next_dagrun for tutorial_dag to None, run_after=None
[2024-04-06T23:15:55.432+0000] {processor.py:183} INFO - Processing /home/malangdataguy/miniconda3/envs/airflow_mdg/lib/python3.8/site-packages/airflow/example_dags/tutorial_dag.py took 0.094 seconds
[2024-04-06T23:16:33.042+0000] {processor.py:161} INFO - Started process (PID=68819) to work on /home/malangdataguy/miniconda3/envs/airflow_mdg/lib/python3.8/site-packages/airflow/example_dags/tutorial_dag.py
[2024-04-06T23:16:33.044+0000] {processor.py:830} INFO - Processing file /home/malangdataguy/miniconda3/envs/airflow_mdg/lib/python3.8/site-packages/airflow/example_dags/tutorial_dag.py for tasks to queue
[2024-04-06T23:16:33.046+0000] {logging_mixin.py:188} INFO - [2024-04-06T23:16:33.045+0000] {dagbag.py:540} INFO - Filling up the DagBag from /home/malangdataguy/miniconda3/envs/airflow_mdg/lib/python3.8/site-packages/airflow/example_dags/tutorial_dag.py
[2024-04-06T23:16:33.055+0000] {processor.py:840} INFO - DAG(s) 'tutorial_dag' retrieved from /home/malangdataguy/miniconda3/envs/airflow_mdg/lib/python3.8/site-packages/airflow/example_dags/tutorial_dag.py
[2024-04-06T23:16:33.079+0000] {logging_mixin.py:188} INFO - [2024-04-06T23:16:33.079+0000] {dag.py:3047} INFO - Sync 1 DAGs
[2024-04-06T23:16:33.095+0000] {logging_mixin.py:188} INFO - [2024-04-06T23:16:33.095+0000] {dag.py:3834} INFO - Setting next_dagrun for tutorial_dag to None, run_after=None
[2024-04-06T23:16:33.138+0000] {processor.py:183} INFO - Processing /home/malangdataguy/miniconda3/envs/airflow_mdg/lib/python3.8/site-packages/airflow/example_dags/tutorial_dag.py took 0.101 seconds
[2024-04-06T23:17:12.887+0000] {processor.py:161} INFO - Started process (PID=68862) to work on /home/malangdataguy/miniconda3/envs/airflow_mdg/lib/python3.8/site-packages/airflow/example_dags/tutorial_dag.py
[2024-04-06T23:17:12.890+0000] {processor.py:830} INFO - Processing file /home/malangdataguy/miniconda3/envs/airflow_mdg/lib/python3.8/site-packages/airflow/example_dags/tutorial_dag.py for tasks to queue
[2024-04-06T23:17:12.892+0000] {logging_mixin.py:188} INFO - [2024-04-06T23:17:12.891+0000] {dagbag.py:540} INFO - Filling up the DagBag from /home/malangdataguy/miniconda3/envs/airflow_mdg/lib/python3.8/site-packages/airflow/example_dags/tutorial_dag.py
[2024-04-06T23:17:12.902+0000] {processor.py:840} INFO - DAG(s) 'tutorial_dag' retrieved from /home/malangdataguy/miniconda3/envs/airflow_mdg/lib/python3.8/site-packages/airflow/example_dags/tutorial_dag.py
[2024-04-06T23:17:12.927+0000] {logging_mixin.py:188} INFO - [2024-04-06T23:17:12.926+0000] {dag.py:3047} INFO - Sync 1 DAGs
[2024-04-06T23:17:12.941+0000] {logging_mixin.py:188} INFO - [2024-04-06T23:17:12.941+0000] {dag.py:3834} INFO - Setting next_dagrun for tutorial_dag to None, run_after=None
[2024-04-06T23:17:12.977+0000] {processor.py:183} INFO - Processing /home/malangdataguy/miniconda3/envs/airflow_mdg/lib/python3.8/site-packages/airflow/example_dags/tutorial_dag.py took 0.095 seconds
[2024-04-06T23:17:55.911+0000] {processor.py:161} INFO - Started process (PID=68910) to work on /home/malangdataguy/miniconda3/envs/airflow_mdg/lib/python3.8/site-packages/airflow/example_dags/tutorial_dag.py
[2024-04-06T23:17:55.914+0000] {processor.py:830} INFO - Processing file /home/malangdataguy/miniconda3/envs/airflow_mdg/lib/python3.8/site-packages/airflow/example_dags/tutorial_dag.py for tasks to queue
[2024-04-06T23:17:55.916+0000] {logging_mixin.py:188} INFO - [2024-04-06T23:17:55.915+0000] {dagbag.py:540} INFO - Filling up the DagBag from /home/malangdataguy/miniconda3/envs/airflow_mdg/lib/python3.8/site-packages/airflow/example_dags/tutorial_dag.py
[2024-04-06T23:17:55.925+0000] {processor.py:840} INFO - DAG(s) 'tutorial_dag' retrieved from /home/malangdataguy/miniconda3/envs/airflow_mdg/lib/python3.8/site-packages/airflow/example_dags/tutorial_dag.py
[2024-04-06T23:17:55.953+0000] {logging_mixin.py:188} INFO - [2024-04-06T23:17:55.952+0000] {dag.py:3047} INFO - Sync 1 DAGs
[2024-04-06T23:17:55.969+0000] {logging_mixin.py:188} INFO - [2024-04-06T23:17:55.968+0000] {dag.py:3834} INFO - Setting next_dagrun for tutorial_dag to None, run_after=None
[2024-04-06T23:17:56.002+0000] {processor.py:183} INFO - Processing /home/malangdataguy/miniconda3/envs/airflow_mdg/lib/python3.8/site-packages/airflow/example_dags/tutorial_dag.py took 0.096 seconds
[2024-04-06T23:18:39.157+0000] {processor.py:161} INFO - Started process (PID=68954) to work on /home/malangdataguy/miniconda3/envs/airflow_mdg/lib/python3.8/site-packages/airflow/example_dags/tutorial_dag.py
[2024-04-06T23:18:39.160+0000] {processor.py:830} INFO - Processing file /home/malangdataguy/miniconda3/envs/airflow_mdg/lib/python3.8/site-packages/airflow/example_dags/tutorial_dag.py for tasks to queue
[2024-04-06T23:18:39.161+0000] {logging_mixin.py:188} INFO - [2024-04-06T23:18:39.161+0000] {dagbag.py:540} INFO - Filling up the DagBag from /home/malangdataguy/miniconda3/envs/airflow_mdg/lib/python3.8/site-packages/airflow/example_dags/tutorial_dag.py
[2024-04-06T23:18:39.171+0000] {processor.py:840} INFO - DAG(s) 'tutorial_dag' retrieved from /home/malangdataguy/miniconda3/envs/airflow_mdg/lib/python3.8/site-packages/airflow/example_dags/tutorial_dag.py
[2024-04-06T23:18:39.198+0000] {logging_mixin.py:188} INFO - [2024-04-06T23:18:39.197+0000] {dag.py:3047} INFO - Sync 1 DAGs
[2024-04-06T23:18:39.214+0000] {logging_mixin.py:188} INFO - [2024-04-06T23:18:39.214+0000] {dag.py:3834} INFO - Setting next_dagrun for tutorial_dag to None, run_after=None
[2024-04-06T23:18:39.247+0000] {processor.py:183} INFO - Processing /home/malangdataguy/miniconda3/envs/airflow_mdg/lib/python3.8/site-packages/airflow/example_dags/tutorial_dag.py took 0.095 seconds
[2024-04-06T23:19:18.137+0000] {processor.py:161} INFO - Started process (PID=68994) to work on /home/malangdataguy/miniconda3/envs/airflow_mdg/lib/python3.8/site-packages/airflow/example_dags/tutorial_dag.py
[2024-04-06T23:19:18.140+0000] {processor.py:830} INFO - Processing file /home/malangdataguy/miniconda3/envs/airflow_mdg/lib/python3.8/site-packages/airflow/example_dags/tutorial_dag.py for tasks to queue
[2024-04-06T23:19:18.141+0000] {logging_mixin.py:188} INFO - [2024-04-06T23:19:18.141+0000] {dagbag.py:540} INFO - Filling up the DagBag from /home/malangdataguy/miniconda3/envs/airflow_mdg/lib/python3.8/site-packages/airflow/example_dags/tutorial_dag.py
[2024-04-06T23:19:18.150+0000] {processor.py:840} INFO - DAG(s) 'tutorial_dag' retrieved from /home/malangdataguy/miniconda3/envs/airflow_mdg/lib/python3.8/site-packages/airflow/example_dags/tutorial_dag.py
[2024-04-06T23:19:18.172+0000] {logging_mixin.py:188} INFO - [2024-04-06T23:19:18.172+0000] {dag.py:3047} INFO - Sync 1 DAGs
[2024-04-06T23:19:18.186+0000] {logging_mixin.py:188} INFO - [2024-04-06T23:19:18.186+0000] {dag.py:3834} INFO - Setting next_dagrun for tutorial_dag to None, run_after=None
[2024-04-06T23:19:18.215+0000] {processor.py:183} INFO - Processing /home/malangdataguy/miniconda3/envs/airflow_mdg/lib/python3.8/site-packages/airflow/example_dags/tutorial_dag.py took 0.082 seconds
[2024-04-06T23:20:05.274+0000] {processor.py:161} INFO - Started process (PID=69038) to work on /home/malangdataguy/miniconda3/envs/airflow_mdg/lib/python3.8/site-packages/airflow/example_dags/tutorial_dag.py
[2024-04-06T23:20:05.277+0000] {processor.py:830} INFO - Processing file /home/malangdataguy/miniconda3/envs/airflow_mdg/lib/python3.8/site-packages/airflow/example_dags/tutorial_dag.py for tasks to queue
[2024-04-06T23:20:05.278+0000] {logging_mixin.py:188} INFO - [2024-04-06T23:20:05.277+0000] {dagbag.py:540} INFO - Filling up the DagBag from /home/malangdataguy/miniconda3/envs/airflow_mdg/lib/python3.8/site-packages/airflow/example_dags/tutorial_dag.py
[2024-04-06T23:20:05.287+0000] {processor.py:840} INFO - DAG(s) 'tutorial_dag' retrieved from /home/malangdataguy/miniconda3/envs/airflow_mdg/lib/python3.8/site-packages/airflow/example_dags/tutorial_dag.py
[2024-04-06T23:20:05.314+0000] {logging_mixin.py:188} INFO - [2024-04-06T23:20:05.313+0000] {dag.py:3047} INFO - Sync 1 DAGs
[2024-04-06T23:20:05.330+0000] {logging_mixin.py:188} INFO - [2024-04-06T23:20:05.330+0000] {dag.py:3834} INFO - Setting next_dagrun for tutorial_dag to None, run_after=None
[2024-04-06T23:20:05.364+0000] {processor.py:183} INFO - Processing /home/malangdataguy/miniconda3/envs/airflow_mdg/lib/python3.8/site-packages/airflow/example_dags/tutorial_dag.py took 0.095 seconds
[2024-04-06T23:20:50.679+0000] {processor.py:161} INFO - Started process (PID=69084) to work on /home/malangdataguy/miniconda3/envs/airflow_mdg/lib/python3.8/site-packages/airflow/example_dags/tutorial_dag.py
[2024-04-06T23:20:50.682+0000] {processor.py:830} INFO - Processing file /home/malangdataguy/miniconda3/envs/airflow_mdg/lib/python3.8/site-packages/airflow/example_dags/tutorial_dag.py for tasks to queue
[2024-04-06T23:20:50.684+0000] {logging_mixin.py:188} INFO - [2024-04-06T23:20:50.683+0000] {dagbag.py:540} INFO - Filling up the DagBag from /home/malangdataguy/miniconda3/envs/airflow_mdg/lib/python3.8/site-packages/airflow/example_dags/tutorial_dag.py
[2024-04-06T23:20:50.693+0000] {processor.py:840} INFO - DAG(s) 'tutorial_dag' retrieved from /home/malangdataguy/miniconda3/envs/airflow_mdg/lib/python3.8/site-packages/airflow/example_dags/tutorial_dag.py
[2024-04-06T23:20:50.718+0000] {logging_mixin.py:188} INFO - [2024-04-06T23:20:50.717+0000] {dag.py:3047} INFO - Sync 1 DAGs
[2024-04-06T23:20:50.732+0000] {logging_mixin.py:188} INFO - [2024-04-06T23:20:50.732+0000] {dag.py:3834} INFO - Setting next_dagrun for tutorial_dag to None, run_after=None
[2024-04-06T23:20:50.762+0000] {processor.py:183} INFO - Processing /home/malangdataguy/miniconda3/envs/airflow_mdg/lib/python3.8/site-packages/airflow/example_dags/tutorial_dag.py took 0.087 seconds
[2024-04-06T23:21:30.923+0000] {processor.py:161} INFO - Started process (PID=69126) to work on /home/malangdataguy/miniconda3/envs/airflow_mdg/lib/python3.8/site-packages/airflow/example_dags/tutorial_dag.py
[2024-04-06T23:21:30.926+0000] {processor.py:830} INFO - Processing file /home/malangdataguy/miniconda3/envs/airflow_mdg/lib/python3.8/site-packages/airflow/example_dags/tutorial_dag.py for tasks to queue
[2024-04-06T23:21:30.927+0000] {logging_mixin.py:188} INFO - [2024-04-06T23:21:30.926+0000] {dagbag.py:540} INFO - Filling up the DagBag from /home/malangdataguy/miniconda3/envs/airflow_mdg/lib/python3.8/site-packages/airflow/example_dags/tutorial_dag.py
[2024-04-06T23:21:30.936+0000] {processor.py:840} INFO - DAG(s) 'tutorial_dag' retrieved from /home/malangdataguy/miniconda3/envs/airflow_mdg/lib/python3.8/site-packages/airflow/example_dags/tutorial_dag.py
[2024-04-06T23:21:30.962+0000] {logging_mixin.py:188} INFO - [2024-04-06T23:21:30.962+0000] {dag.py:3047} INFO - Sync 1 DAGs
[2024-04-06T23:21:30.977+0000] {logging_mixin.py:188} INFO - [2024-04-06T23:21:30.977+0000] {dag.py:3834} INFO - Setting next_dagrun for tutorial_dag to None, run_after=None
[2024-04-06T23:21:31.007+0000] {processor.py:183} INFO - Processing /home/malangdataguy/miniconda3/envs/airflow_mdg/lib/python3.8/site-packages/airflow/example_dags/tutorial_dag.py took 0.089 seconds
[2024-04-06T23:22:13.514+0000] {processor.py:161} INFO - Started process (PID=69167) to work on /home/malangdataguy/miniconda3/envs/airflow_mdg/lib/python3.8/site-packages/airflow/example_dags/tutorial_dag.py
[2024-04-06T23:22:13.517+0000] {processor.py:830} INFO - Processing file /home/malangdataguy/miniconda3/envs/airflow_mdg/lib/python3.8/site-packages/airflow/example_dags/tutorial_dag.py for tasks to queue
[2024-04-06T23:22:13.519+0000] {logging_mixin.py:188} INFO - [2024-04-06T23:22:13.519+0000] {dagbag.py:540} INFO - Filling up the DagBag from /home/malangdataguy/miniconda3/envs/airflow_mdg/lib/python3.8/site-packages/airflow/example_dags/tutorial_dag.py
[2024-04-06T23:22:13.529+0000] {processor.py:840} INFO - DAG(s) 'tutorial_dag' retrieved from /home/malangdataguy/miniconda3/envs/airflow_mdg/lib/python3.8/site-packages/airflow/example_dags/tutorial_dag.py
[2024-04-06T23:22:13.558+0000] {logging_mixin.py:188} INFO - [2024-04-06T23:22:13.557+0000] {dag.py:3047} INFO - Sync 1 DAGs
[2024-04-06T23:22:13.575+0000] {logging_mixin.py:188} INFO - [2024-04-06T23:22:13.575+0000] {dag.py:3834} INFO - Setting next_dagrun for tutorial_dag to None, run_after=None
[2024-04-06T23:22:13.609+0000] {processor.py:183} INFO - Processing /home/malangdataguy/miniconda3/envs/airflow_mdg/lib/python3.8/site-packages/airflow/example_dags/tutorial_dag.py took 0.101 seconds
[2024-04-06T23:40:21.176+0000] {processor.py:161} INFO - Started process (PID=69281) to work on /home/malangdataguy/miniconda3/envs/airflow_mdg/lib/python3.8/site-packages/airflow/example_dags/tutorial_dag.py
[2024-04-06T23:40:21.178+0000] {processor.py:830} INFO - Processing file /home/malangdataguy/miniconda3/envs/airflow_mdg/lib/python3.8/site-packages/airflow/example_dags/tutorial_dag.py for tasks to queue
[2024-04-06T23:40:21.181+0000] {logging_mixin.py:188} INFO - [2024-04-06T23:40:21.180+0000] {dagbag.py:540} INFO - Filling up the DagBag from /home/malangdataguy/miniconda3/envs/airflow_mdg/lib/python3.8/site-packages/airflow/example_dags/tutorial_dag.py
[2024-04-06T23:40:21.195+0000] {processor.py:840} INFO - DAG(s) 'tutorial_dag' retrieved from /home/malangdataguy/miniconda3/envs/airflow_mdg/lib/python3.8/site-packages/airflow/example_dags/tutorial_dag.py
[2024-04-06T23:40:21.229+0000] {logging_mixin.py:188} INFO - [2024-04-06T23:40:21.229+0000] {dag.py:3047} INFO - Sync 1 DAGs
[2024-04-06T23:40:21.249+0000] {logging_mixin.py:188} INFO - [2024-04-06T23:40:21.248+0000] {dag.py:3834} INFO - Setting next_dagrun for tutorial_dag to None, run_after=None
[2024-04-06T23:40:21.289+0000] {processor.py:183} INFO - Processing /home/malangdataguy/miniconda3/envs/airflow_mdg/lib/python3.8/site-packages/airflow/example_dags/tutorial_dag.py took 0.119 seconds
[2024-04-06T23:41:14.501+0000] {processor.py:161} INFO - Started process (PID=69331) to work on /home/malangdataguy/miniconda3/envs/airflow_mdg/lib/python3.8/site-packages/airflow/example_dags/tutorial_dag.py
[2024-04-06T23:41:14.503+0000] {processor.py:830} INFO - Processing file /home/malangdataguy/miniconda3/envs/airflow_mdg/lib/python3.8/site-packages/airflow/example_dags/tutorial_dag.py for tasks to queue
[2024-04-06T23:41:14.505+0000] {logging_mixin.py:188} INFO - [2024-04-06T23:41:14.504+0000] {dagbag.py:540} INFO - Filling up the DagBag from /home/malangdataguy/miniconda3/envs/airflow_mdg/lib/python3.8/site-packages/airflow/example_dags/tutorial_dag.py
[2024-04-06T23:41:14.514+0000] {processor.py:840} INFO - DAG(s) 'tutorial_dag' retrieved from /home/malangdataguy/miniconda3/envs/airflow_mdg/lib/python3.8/site-packages/airflow/example_dags/tutorial_dag.py
[2024-04-06T23:41:14.539+0000] {logging_mixin.py:188} INFO - [2024-04-06T23:41:14.539+0000] {dag.py:3047} INFO - Sync 1 DAGs
[2024-04-06T23:41:14.553+0000] {logging_mixin.py:188} INFO - [2024-04-06T23:41:14.553+0000] {dag.py:3834} INFO - Setting next_dagrun for tutorial_dag to None, run_after=None
[2024-04-06T23:41:14.584+0000] {processor.py:183} INFO - Processing /home/malangdataguy/miniconda3/envs/airflow_mdg/lib/python3.8/site-packages/airflow/example_dags/tutorial_dag.py took 0.088 seconds
[2024-04-06T23:41:58.737+0000] {processor.py:161} INFO - Started process (PID=69373) to work on /home/malangdataguy/miniconda3/envs/airflow_mdg/lib/python3.8/site-packages/airflow/example_dags/tutorial_dag.py
[2024-04-06T23:41:58.739+0000] {processor.py:830} INFO - Processing file /home/malangdataguy/miniconda3/envs/airflow_mdg/lib/python3.8/site-packages/airflow/example_dags/tutorial_dag.py for tasks to queue
[2024-04-06T23:41:58.741+0000] {logging_mixin.py:188} INFO - [2024-04-06T23:41:58.740+0000] {dagbag.py:540} INFO - Filling up the DagBag from /home/malangdataguy/miniconda3/envs/airflow_mdg/lib/python3.8/site-packages/airflow/example_dags/tutorial_dag.py
[2024-04-06T23:41:58.750+0000] {processor.py:840} INFO - DAG(s) 'tutorial_dag' retrieved from /home/malangdataguy/miniconda3/envs/airflow_mdg/lib/python3.8/site-packages/airflow/example_dags/tutorial_dag.py
[2024-04-06T23:41:58.774+0000] {logging_mixin.py:188} INFO - [2024-04-06T23:41:58.774+0000] {dag.py:3047} INFO - Sync 1 DAGs
[2024-04-06T23:41:58.788+0000] {logging_mixin.py:188} INFO - [2024-04-06T23:41:58.788+0000] {dag.py:3834} INFO - Setting next_dagrun for tutorial_dag to None, run_after=None
[2024-04-06T23:41:58.816+0000] {processor.py:183} INFO - Processing /home/malangdataguy/miniconda3/envs/airflow_mdg/lib/python3.8/site-packages/airflow/example_dags/tutorial_dag.py took 0.084 seconds
[2024-04-06T23:42:43.240+0000] {processor.py:161} INFO - Started process (PID=69418) to work on /home/malangdataguy/miniconda3/envs/airflow_mdg/lib/python3.8/site-packages/airflow/example_dags/tutorial_dag.py
[2024-04-06T23:42:43.243+0000] {processor.py:830} INFO - Processing file /home/malangdataguy/miniconda3/envs/airflow_mdg/lib/python3.8/site-packages/airflow/example_dags/tutorial_dag.py for tasks to queue
[2024-04-06T23:42:43.244+0000] {logging_mixin.py:188} INFO - [2024-04-06T23:42:43.244+0000] {dagbag.py:540} INFO - Filling up the DagBag from /home/malangdataguy/miniconda3/envs/airflow_mdg/lib/python3.8/site-packages/airflow/example_dags/tutorial_dag.py
[2024-04-06T23:42:43.253+0000] {processor.py:840} INFO - DAG(s) 'tutorial_dag' retrieved from /home/malangdataguy/miniconda3/envs/airflow_mdg/lib/python3.8/site-packages/airflow/example_dags/tutorial_dag.py
[2024-04-06T23:42:43.276+0000] {logging_mixin.py:188} INFO - [2024-04-06T23:42:43.276+0000] {dag.py:3047} INFO - Sync 1 DAGs
[2024-04-06T23:42:43.291+0000] {logging_mixin.py:188} INFO - [2024-04-06T23:42:43.291+0000] {dag.py:3834} INFO - Setting next_dagrun for tutorial_dag to None, run_after=None
[2024-04-06T23:42:43.318+0000] {processor.py:183} INFO - Processing /home/malangdataguy/miniconda3/envs/airflow_mdg/lib/python3.8/site-packages/airflow/example_dags/tutorial_dag.py took 0.082 seconds
[2024-04-06T23:43:26.324+0000] {processor.py:161} INFO - Started process (PID=69461) to work on /home/malangdataguy/miniconda3/envs/airflow_mdg/lib/python3.8/site-packages/airflow/example_dags/tutorial_dag.py
[2024-04-06T23:43:26.327+0000] {processor.py:830} INFO - Processing file /home/malangdataguy/miniconda3/envs/airflow_mdg/lib/python3.8/site-packages/airflow/example_dags/tutorial_dag.py for tasks to queue
[2024-04-06T23:43:26.328+0000] {logging_mixin.py:188} INFO - [2024-04-06T23:43:26.328+0000] {dagbag.py:540} INFO - Filling up the DagBag from /home/malangdataguy/miniconda3/envs/airflow_mdg/lib/python3.8/site-packages/airflow/example_dags/tutorial_dag.py
[2024-04-06T23:43:26.338+0000] {processor.py:840} INFO - DAG(s) 'tutorial_dag' retrieved from /home/malangdataguy/miniconda3/envs/airflow_mdg/lib/python3.8/site-packages/airflow/example_dags/tutorial_dag.py
[2024-04-06T23:43:26.361+0000] {logging_mixin.py:188} INFO - [2024-04-06T23:43:26.361+0000] {dag.py:3047} INFO - Sync 1 DAGs
[2024-04-06T23:43:26.376+0000] {logging_mixin.py:188} INFO - [2024-04-06T23:43:26.376+0000] {dag.py:3834} INFO - Setting next_dagrun for tutorial_dag to None, run_after=None
[2024-04-06T23:43:26.405+0000] {processor.py:183} INFO - Processing /home/malangdataguy/miniconda3/envs/airflow_mdg/lib/python3.8/site-packages/airflow/example_dags/tutorial_dag.py took 0.085 seconds
[2024-04-06T23:44:10.797+0000] {processor.py:161} INFO - Started process (PID=69520) to work on /home/malangdataguy/miniconda3/envs/airflow_mdg/lib/python3.8/site-packages/airflow/example_dags/tutorial_dag.py
[2024-04-06T23:44:10.799+0000] {processor.py:830} INFO - Processing file /home/malangdataguy/miniconda3/envs/airflow_mdg/lib/python3.8/site-packages/airflow/example_dags/tutorial_dag.py for tasks to queue
[2024-04-06T23:44:10.801+0000] {logging_mixin.py:188} INFO - [2024-04-06T23:44:10.800+0000] {dagbag.py:540} INFO - Filling up the DagBag from /home/malangdataguy/miniconda3/envs/airflow_mdg/lib/python3.8/site-packages/airflow/example_dags/tutorial_dag.py
[2024-04-06T23:44:10.809+0000] {processor.py:840} INFO - DAG(s) 'tutorial_dag' retrieved from /home/malangdataguy/miniconda3/envs/airflow_mdg/lib/python3.8/site-packages/airflow/example_dags/tutorial_dag.py
[2024-04-06T23:44:10.832+0000] {logging_mixin.py:188} INFO - [2024-04-06T23:44:10.831+0000] {dag.py:3047} INFO - Sync 1 DAGs
[2024-04-06T23:44:10.846+0000] {logging_mixin.py:188} INFO - [2024-04-06T23:44:10.845+0000] {dag.py:3834} INFO - Setting next_dagrun for tutorial_dag to None, run_after=None
[2024-04-06T23:44:10.874+0000] {processor.py:183} INFO - Processing /home/malangdataguy/miniconda3/envs/airflow_mdg/lib/python3.8/site-packages/airflow/example_dags/tutorial_dag.py took 0.082 seconds
[2024-04-06T23:44:54.708+0000] {processor.py:161} INFO - Started process (PID=69568) to work on /home/malangdataguy/miniconda3/envs/airflow_mdg/lib/python3.8/site-packages/airflow/example_dags/tutorial_dag.py
[2024-04-06T23:44:54.710+0000] {processor.py:830} INFO - Processing file /home/malangdataguy/miniconda3/envs/airflow_mdg/lib/python3.8/site-packages/airflow/example_dags/tutorial_dag.py for tasks to queue
[2024-04-06T23:44:54.711+0000] {logging_mixin.py:188} INFO - [2024-04-06T23:44:54.711+0000] {dagbag.py:540} INFO - Filling up the DagBag from /home/malangdataguy/miniconda3/envs/airflow_mdg/lib/python3.8/site-packages/airflow/example_dags/tutorial_dag.py
[2024-04-06T23:44:54.719+0000] {processor.py:840} INFO - DAG(s) 'tutorial_dag' retrieved from /home/malangdataguy/miniconda3/envs/airflow_mdg/lib/python3.8/site-packages/airflow/example_dags/tutorial_dag.py
[2024-04-06T23:44:54.741+0000] {logging_mixin.py:188} INFO - [2024-04-06T23:44:54.741+0000] {dag.py:3047} INFO - Sync 1 DAGs
[2024-04-06T23:44:54.755+0000] {logging_mixin.py:188} INFO - [2024-04-06T23:44:54.754+0000] {dag.py:3834} INFO - Setting next_dagrun for tutorial_dag to None, run_after=None
[2024-04-06T23:44:54.781+0000] {processor.py:183} INFO - Processing /home/malangdataguy/miniconda3/envs/airflow_mdg/lib/python3.8/site-packages/airflow/example_dags/tutorial_dag.py took 0.079 seconds
[2024-04-06T23:45:36.542+0000] {processor.py:161} INFO - Started process (PID=69611) to work on /home/malangdataguy/miniconda3/envs/airflow_mdg/lib/python3.8/site-packages/airflow/example_dags/tutorial_dag.py
[2024-04-06T23:45:36.545+0000] {processor.py:830} INFO - Processing file /home/malangdataguy/miniconda3/envs/airflow_mdg/lib/python3.8/site-packages/airflow/example_dags/tutorial_dag.py for tasks to queue
[2024-04-06T23:45:36.547+0000] {logging_mixin.py:188} INFO - [2024-04-06T23:45:36.546+0000] {dagbag.py:540} INFO - Filling up the DagBag from /home/malangdataguy/miniconda3/envs/airflow_mdg/lib/python3.8/site-packages/airflow/example_dags/tutorial_dag.py
[2024-04-06T23:45:36.557+0000] {processor.py:840} INFO - DAG(s) 'tutorial_dag' retrieved from /home/malangdataguy/miniconda3/envs/airflow_mdg/lib/python3.8/site-packages/airflow/example_dags/tutorial_dag.py
[2024-04-06T23:45:36.585+0000] {logging_mixin.py:188} INFO - [2024-04-06T23:45:36.585+0000] {dag.py:3047} INFO - Sync 1 DAGs
[2024-04-06T23:45:36.602+0000] {logging_mixin.py:188} INFO - [2024-04-06T23:45:36.602+0000] {dag.py:3834} INFO - Setting next_dagrun for tutorial_dag to None, run_after=None
[2024-04-06T23:45:36.634+0000] {processor.py:183} INFO - Processing /home/malangdataguy/miniconda3/envs/airflow_mdg/lib/python3.8/site-packages/airflow/example_dags/tutorial_dag.py took 0.097 seconds
[2024-04-06T23:46:18.133+0000] {processor.py:161} INFO - Started process (PID=69655) to work on /home/malangdataguy/miniconda3/envs/airflow_mdg/lib/python3.8/site-packages/airflow/example_dags/tutorial_dag.py
[2024-04-06T23:46:18.135+0000] {processor.py:830} INFO - Processing file /home/malangdataguy/miniconda3/envs/airflow_mdg/lib/python3.8/site-packages/airflow/example_dags/tutorial_dag.py for tasks to queue
[2024-04-06T23:46:18.137+0000] {logging_mixin.py:188} INFO - [2024-04-06T23:46:18.136+0000] {dagbag.py:540} INFO - Filling up the DagBag from /home/malangdataguy/miniconda3/envs/airflow_mdg/lib/python3.8/site-packages/airflow/example_dags/tutorial_dag.py
[2024-04-06T23:46:18.146+0000] {processor.py:840} INFO - DAG(s) 'tutorial_dag' retrieved from /home/malangdataguy/miniconda3/envs/airflow_mdg/lib/python3.8/site-packages/airflow/example_dags/tutorial_dag.py
[2024-04-06T23:46:18.170+0000] {logging_mixin.py:188} INFO - [2024-04-06T23:46:18.169+0000] {dag.py:3047} INFO - Sync 1 DAGs
[2024-04-06T23:46:18.185+0000] {logging_mixin.py:188} INFO - [2024-04-06T23:46:18.185+0000] {dag.py:3834} INFO - Setting next_dagrun for tutorial_dag to None, run_after=None
[2024-04-06T23:46:18.216+0000] {processor.py:183} INFO - Processing /home/malangdataguy/miniconda3/envs/airflow_mdg/lib/python3.8/site-packages/airflow/example_dags/tutorial_dag.py took 0.088 seconds
[2024-04-06T23:47:07.998+0000] {processor.py:161} INFO - Started process (PID=69736) to work on /home/malangdataguy/miniconda3/envs/airflow_mdg/lib/python3.8/site-packages/airflow/example_dags/tutorial_dag.py
[2024-04-06T23:47:08.001+0000] {processor.py:830} INFO - Processing file /home/malangdataguy/miniconda3/envs/airflow_mdg/lib/python3.8/site-packages/airflow/example_dags/tutorial_dag.py for tasks to queue
[2024-04-06T23:47:08.002+0000] {logging_mixin.py:188} INFO - [2024-04-06T23:47:08.002+0000] {dagbag.py:540} INFO - Filling up the DagBag from /home/malangdataguy/miniconda3/envs/airflow_mdg/lib/python3.8/site-packages/airflow/example_dags/tutorial_dag.py
[2024-04-06T23:47:08.011+0000] {processor.py:840} INFO - DAG(s) 'tutorial_dag' retrieved from /home/malangdataguy/miniconda3/envs/airflow_mdg/lib/python3.8/site-packages/airflow/example_dags/tutorial_dag.py
[2024-04-06T23:47:08.035+0000] {logging_mixin.py:188} INFO - [2024-04-06T23:47:08.035+0000] {dag.py:3047} INFO - Sync 1 DAGs
[2024-04-06T23:47:08.049+0000] {logging_mixin.py:188} INFO - [2024-04-06T23:47:08.049+0000] {dag.py:3834} INFO - Setting next_dagrun for tutorial_dag to None, run_after=None
[2024-04-06T23:47:08.081+0000] {processor.py:183} INFO - Processing /home/malangdataguy/miniconda3/envs/airflow_mdg/lib/python3.8/site-packages/airflow/example_dags/tutorial_dag.py took 0.088 seconds
[2024-04-06T23:47:47.487+0000] {processor.py:161} INFO - Started process (PID=69777) to work on /home/malangdataguy/miniconda3/envs/airflow_mdg/lib/python3.8/site-packages/airflow/example_dags/tutorial_dag.py
[2024-04-06T23:47:47.490+0000] {processor.py:830} INFO - Processing file /home/malangdataguy/miniconda3/envs/airflow_mdg/lib/python3.8/site-packages/airflow/example_dags/tutorial_dag.py for tasks to queue
[2024-04-06T23:47:47.492+0000] {logging_mixin.py:188} INFO - [2024-04-06T23:47:47.491+0000] {dagbag.py:540} INFO - Filling up the DagBag from /home/malangdataguy/miniconda3/envs/airflow_mdg/lib/python3.8/site-packages/airflow/example_dags/tutorial_dag.py
[2024-04-06T23:47:47.502+0000] {processor.py:840} INFO - DAG(s) 'tutorial_dag' retrieved from /home/malangdataguy/miniconda3/envs/airflow_mdg/lib/python3.8/site-packages/airflow/example_dags/tutorial_dag.py
[2024-04-06T23:47:47.529+0000] {logging_mixin.py:188} INFO - [2024-04-06T23:47:47.528+0000] {dag.py:3047} INFO - Sync 1 DAGs
[2024-04-06T23:47:47.545+0000] {logging_mixin.py:188} INFO - [2024-04-06T23:47:47.545+0000] {dag.py:3834} INFO - Setting next_dagrun for tutorial_dag to None, run_after=None
[2024-04-06T23:47:47.577+0000] {processor.py:183} INFO - Processing /home/malangdataguy/miniconda3/envs/airflow_mdg/lib/python3.8/site-packages/airflow/example_dags/tutorial_dag.py took 0.096 seconds
[2024-04-06T23:48:30.501+0000] {processor.py:161} INFO - Started process (PID=69825) to work on /home/malangdataguy/miniconda3/envs/airflow_mdg/lib/python3.8/site-packages/airflow/example_dags/tutorial_dag.py
[2024-04-06T23:48:30.504+0000] {processor.py:830} INFO - Processing file /home/malangdataguy/miniconda3/envs/airflow_mdg/lib/python3.8/site-packages/airflow/example_dags/tutorial_dag.py for tasks to queue
[2024-04-06T23:48:30.505+0000] {logging_mixin.py:188} INFO - [2024-04-06T23:48:30.505+0000] {dagbag.py:540} INFO - Filling up the DagBag from /home/malangdataguy/miniconda3/envs/airflow_mdg/lib/python3.8/site-packages/airflow/example_dags/tutorial_dag.py
[2024-04-06T23:48:30.516+0000] {processor.py:840} INFO - DAG(s) 'tutorial_dag' retrieved from /home/malangdataguy/miniconda3/envs/airflow_mdg/lib/python3.8/site-packages/airflow/example_dags/tutorial_dag.py
[2024-04-06T23:48:30.540+0000] {logging_mixin.py:188} INFO - [2024-04-06T23:48:30.540+0000] {dag.py:3047} INFO - Sync 1 DAGs
[2024-04-06T23:48:30.555+0000] {logging_mixin.py:188} INFO - [2024-04-06T23:48:30.555+0000] {dag.py:3834} INFO - Setting next_dagrun for tutorial_dag to None, run_after=None
[2024-04-06T23:48:30.585+0000] {processor.py:183} INFO - Processing /home/malangdataguy/miniconda3/envs/airflow_mdg/lib/python3.8/site-packages/airflow/example_dags/tutorial_dag.py took 0.090 seconds
[2024-04-06T23:49:12.539+0000] {processor.py:161} INFO - Started process (PID=69866) to work on /home/malangdataguy/miniconda3/envs/airflow_mdg/lib/python3.8/site-packages/airflow/example_dags/tutorial_dag.py
[2024-04-06T23:49:12.541+0000] {processor.py:830} INFO - Processing file /home/malangdataguy/miniconda3/envs/airflow_mdg/lib/python3.8/site-packages/airflow/example_dags/tutorial_dag.py for tasks to queue
[2024-04-06T23:49:12.542+0000] {logging_mixin.py:188} INFO - [2024-04-06T23:49:12.542+0000] {dagbag.py:540} INFO - Filling up the DagBag from /home/malangdataguy/miniconda3/envs/airflow_mdg/lib/python3.8/site-packages/airflow/example_dags/tutorial_dag.py
[2024-04-06T23:49:12.550+0000] {processor.py:840} INFO - DAG(s) 'tutorial_dag' retrieved from /home/malangdataguy/miniconda3/envs/airflow_mdg/lib/python3.8/site-packages/airflow/example_dags/tutorial_dag.py
[2024-04-06T23:49:12.575+0000] {logging_mixin.py:188} INFO - [2024-04-06T23:49:12.574+0000] {dag.py:3047} INFO - Sync 1 DAGs
[2024-04-06T23:49:12.589+0000] {logging_mixin.py:188} INFO - [2024-04-06T23:49:12.589+0000] {dag.py:3834} INFO - Setting next_dagrun for tutorial_dag to None, run_after=None
[2024-04-06T23:49:12.620+0000] {processor.py:183} INFO - Processing /home/malangdataguy/miniconda3/envs/airflow_mdg/lib/python3.8/site-packages/airflow/example_dags/tutorial_dag.py took 0.086 seconds
[2024-04-06T23:49:54.627+0000] {processor.py:161} INFO - Started process (PID=69912) to work on /home/malangdataguy/miniconda3/envs/airflow_mdg/lib/python3.8/site-packages/airflow/example_dags/tutorial_dag.py
[2024-04-06T23:49:54.630+0000] {processor.py:830} INFO - Processing file /home/malangdataguy/miniconda3/envs/airflow_mdg/lib/python3.8/site-packages/airflow/example_dags/tutorial_dag.py for tasks to queue
[2024-04-06T23:49:54.631+0000] {logging_mixin.py:188} INFO - [2024-04-06T23:49:54.631+0000] {dagbag.py:540} INFO - Filling up the DagBag from /home/malangdataguy/miniconda3/envs/airflow_mdg/lib/python3.8/site-packages/airflow/example_dags/tutorial_dag.py
[2024-04-06T23:49:54.640+0000] {processor.py:840} INFO - DAG(s) 'tutorial_dag' retrieved from /home/malangdataguy/miniconda3/envs/airflow_mdg/lib/python3.8/site-packages/airflow/example_dags/tutorial_dag.py
[2024-04-06T23:49:54.663+0000] {logging_mixin.py:188} INFO - [2024-04-06T23:49:54.663+0000] {dag.py:3047} INFO - Sync 1 DAGs
[2024-04-06T23:49:54.679+0000] {logging_mixin.py:188} INFO - [2024-04-06T23:49:54.678+0000] {dag.py:3834} INFO - Setting next_dagrun for tutorial_dag to None, run_after=None
[2024-04-06T23:49:54.707+0000] {processor.py:183} INFO - Processing /home/malangdataguy/miniconda3/envs/airflow_mdg/lib/python3.8/site-packages/airflow/example_dags/tutorial_dag.py took 0.085 seconds
[2024-04-06T23:50:33.772+0000] {processor.py:161} INFO - Started process (PID=69951) to work on /home/malangdataguy/miniconda3/envs/airflow_mdg/lib/python3.8/site-packages/airflow/example_dags/tutorial_dag.py
[2024-04-06T23:50:33.775+0000] {processor.py:830} INFO - Processing file /home/malangdataguy/miniconda3/envs/airflow_mdg/lib/python3.8/site-packages/airflow/example_dags/tutorial_dag.py for tasks to queue
[2024-04-06T23:50:33.776+0000] {logging_mixin.py:188} INFO - [2024-04-06T23:50:33.775+0000] {dagbag.py:540} INFO - Filling up the DagBag from /home/malangdataguy/miniconda3/envs/airflow_mdg/lib/python3.8/site-packages/airflow/example_dags/tutorial_dag.py
[2024-04-06T23:50:33.784+0000] {processor.py:840} INFO - DAG(s) 'tutorial_dag' retrieved from /home/malangdataguy/miniconda3/envs/airflow_mdg/lib/python3.8/site-packages/airflow/example_dags/tutorial_dag.py
[2024-04-06T23:50:33.806+0000] {logging_mixin.py:188} INFO - [2024-04-06T23:50:33.806+0000] {dag.py:3047} INFO - Sync 1 DAGs
[2024-04-06T23:50:33.821+0000] {logging_mixin.py:188} INFO - [2024-04-06T23:50:33.820+0000] {dag.py:3834} INFO - Setting next_dagrun for tutorial_dag to None, run_after=None
[2024-04-06T23:50:33.848+0000] {processor.py:183} INFO - Processing /home/malangdataguy/miniconda3/envs/airflow_mdg/lib/python3.8/site-packages/airflow/example_dags/tutorial_dag.py took 0.080 seconds
[2024-04-06T23:51:16.971+0000] {processor.py:161} INFO - Started process (PID=69996) to work on /home/malangdataguy/miniconda3/envs/airflow_mdg/lib/python3.8/site-packages/airflow/example_dags/tutorial_dag.py
[2024-04-06T23:51:16.974+0000] {processor.py:830} INFO - Processing file /home/malangdataguy/miniconda3/envs/airflow_mdg/lib/python3.8/site-packages/airflow/example_dags/tutorial_dag.py for tasks to queue
[2024-04-06T23:51:16.975+0000] {logging_mixin.py:188} INFO - [2024-04-06T23:51:16.974+0000] {dagbag.py:540} INFO - Filling up the DagBag from /home/malangdataguy/miniconda3/envs/airflow_mdg/lib/python3.8/site-packages/airflow/example_dags/tutorial_dag.py
[2024-04-06T23:51:16.983+0000] {processor.py:840} INFO - DAG(s) 'tutorial_dag' retrieved from /home/malangdataguy/miniconda3/envs/airflow_mdg/lib/python3.8/site-packages/airflow/example_dags/tutorial_dag.py
[2024-04-06T23:51:17.008+0000] {logging_mixin.py:188} INFO - [2024-04-06T23:51:17.008+0000] {dag.py:3047} INFO - Sync 1 DAGs
[2024-04-06T23:51:17.023+0000] {logging_mixin.py:188} INFO - [2024-04-06T23:51:17.023+0000] {dag.py:3834} INFO - Setting next_dagrun for tutorial_dag to None, run_after=None
[2024-04-06T23:51:17.056+0000] {processor.py:183} INFO - Processing /home/malangdataguy/miniconda3/envs/airflow_mdg/lib/python3.8/site-packages/airflow/example_dags/tutorial_dag.py took 0.090 seconds
[2024-04-06T23:52:00.133+0000] {processor.py:161} INFO - Started process (PID=70039) to work on /home/malangdataguy/miniconda3/envs/airflow_mdg/lib/python3.8/site-packages/airflow/example_dags/tutorial_dag.py
[2024-04-06T23:52:00.135+0000] {processor.py:830} INFO - Processing file /home/malangdataguy/miniconda3/envs/airflow_mdg/lib/python3.8/site-packages/airflow/example_dags/tutorial_dag.py for tasks to queue
[2024-04-06T23:52:00.137+0000] {logging_mixin.py:188} INFO - [2024-04-06T23:52:00.136+0000] {dagbag.py:540} INFO - Filling up the DagBag from /home/malangdataguy/miniconda3/envs/airflow_mdg/lib/python3.8/site-packages/airflow/example_dags/tutorial_dag.py
[2024-04-06T23:52:00.146+0000] {processor.py:840} INFO - DAG(s) 'tutorial_dag' retrieved from /home/malangdataguy/miniconda3/envs/airflow_mdg/lib/python3.8/site-packages/airflow/example_dags/tutorial_dag.py
[2024-04-06T23:52:00.170+0000] {logging_mixin.py:188} INFO - [2024-04-06T23:52:00.170+0000] {dag.py:3047} INFO - Sync 1 DAGs
[2024-04-06T23:52:00.184+0000] {logging_mixin.py:188} INFO - [2024-04-06T23:52:00.184+0000] {dag.py:3834} INFO - Setting next_dagrun for tutorial_dag to None, run_after=None
[2024-04-06T23:52:00.215+0000] {processor.py:183} INFO - Processing /home/malangdataguy/miniconda3/envs/airflow_mdg/lib/python3.8/site-packages/airflow/example_dags/tutorial_dag.py took 0.087 seconds
[2024-04-06T23:52:44.023+0000] {processor.py:161} INFO - Started process (PID=70084) to work on /home/malangdataguy/miniconda3/envs/airflow_mdg/lib/python3.8/site-packages/airflow/example_dags/tutorial_dag.py
[2024-04-06T23:52:44.026+0000] {processor.py:830} INFO - Processing file /home/malangdataguy/miniconda3/envs/airflow_mdg/lib/python3.8/site-packages/airflow/example_dags/tutorial_dag.py for tasks to queue
[2024-04-06T23:52:44.028+0000] {logging_mixin.py:188} INFO - [2024-04-06T23:52:44.027+0000] {dagbag.py:540} INFO - Filling up the DagBag from /home/malangdataguy/miniconda3/envs/airflow_mdg/lib/python3.8/site-packages/airflow/example_dags/tutorial_dag.py
[2024-04-06T23:52:44.037+0000] {processor.py:840} INFO - DAG(s) 'tutorial_dag' retrieved from /home/malangdataguy/miniconda3/envs/airflow_mdg/lib/python3.8/site-packages/airflow/example_dags/tutorial_dag.py
[2024-04-06T23:52:44.065+0000] {logging_mixin.py:188} INFO - [2024-04-06T23:52:44.064+0000] {dag.py:3047} INFO - Sync 1 DAGs
[2024-04-06T23:52:44.082+0000] {logging_mixin.py:188} INFO - [2024-04-06T23:52:44.082+0000] {dag.py:3834} INFO - Setting next_dagrun for tutorial_dag to None, run_after=None
[2024-04-06T23:52:44.115+0000] {processor.py:183} INFO - Processing /home/malangdataguy/miniconda3/envs/airflow_mdg/lib/python3.8/site-packages/airflow/example_dags/tutorial_dag.py took 0.097 seconds
[2024-04-06T23:53:29.408+0000] {processor.py:161} INFO - Started process (PID=70131) to work on /home/malangdataguy/miniconda3/envs/airflow_mdg/lib/python3.8/site-packages/airflow/example_dags/tutorial_dag.py
[2024-04-06T23:53:29.410+0000] {processor.py:830} INFO - Processing file /home/malangdataguy/miniconda3/envs/airflow_mdg/lib/python3.8/site-packages/airflow/example_dags/tutorial_dag.py for tasks to queue
[2024-04-06T23:53:29.412+0000] {logging_mixin.py:188} INFO - [2024-04-06T23:53:29.411+0000] {dagbag.py:540} INFO - Filling up the DagBag from /home/malangdataguy/miniconda3/envs/airflow_mdg/lib/python3.8/site-packages/airflow/example_dags/tutorial_dag.py
[2024-04-06T23:53:29.422+0000] {processor.py:840} INFO - DAG(s) 'tutorial_dag' retrieved from /home/malangdataguy/miniconda3/envs/airflow_mdg/lib/python3.8/site-packages/airflow/example_dags/tutorial_dag.py
[2024-04-06T23:53:29.450+0000] {logging_mixin.py:188} INFO - [2024-04-06T23:53:29.450+0000] {dag.py:3047} INFO - Sync 1 DAGs
[2024-04-06T23:53:29.467+0000] {logging_mixin.py:188} INFO - [2024-04-06T23:53:29.467+0000] {dag.py:3834} INFO - Setting next_dagrun for tutorial_dag to None, run_after=None
[2024-04-06T23:53:29.500+0000] {processor.py:183} INFO - Processing /home/malangdataguy/miniconda3/envs/airflow_mdg/lib/python3.8/site-packages/airflow/example_dags/tutorial_dag.py took 0.098 seconds
[2024-04-06T23:54:12.711+0000] {processor.py:161} INFO - Started process (PID=70208) to work on /home/malangdataguy/miniconda3/envs/airflow_mdg/lib/python3.8/site-packages/airflow/example_dags/tutorial_dag.py
[2024-04-06T23:54:12.714+0000] {processor.py:830} INFO - Processing file /home/malangdataguy/miniconda3/envs/airflow_mdg/lib/python3.8/site-packages/airflow/example_dags/tutorial_dag.py for tasks to queue
[2024-04-06T23:54:12.715+0000] {logging_mixin.py:188} INFO - [2024-04-06T23:54:12.714+0000] {dagbag.py:540} INFO - Filling up the DagBag from /home/malangdataguy/miniconda3/envs/airflow_mdg/lib/python3.8/site-packages/airflow/example_dags/tutorial_dag.py
[2024-04-06T23:54:12.724+0000] {processor.py:840} INFO - DAG(s) 'tutorial_dag' retrieved from /home/malangdataguy/miniconda3/envs/airflow_mdg/lib/python3.8/site-packages/airflow/example_dags/tutorial_dag.py
[2024-04-06T23:54:12.747+0000] {logging_mixin.py:188} INFO - [2024-04-06T23:54:12.746+0000] {dag.py:3047} INFO - Sync 1 DAGs
[2024-04-06T23:54:12.761+0000] {logging_mixin.py:188} INFO - [2024-04-06T23:54:12.760+0000] {dag.py:3834} INFO - Setting next_dagrun for tutorial_dag to None, run_after=None
[2024-04-06T23:54:12.790+0000] {processor.py:183} INFO - Processing /home/malangdataguy/miniconda3/envs/airflow_mdg/lib/python3.8/site-packages/airflow/example_dags/tutorial_dag.py took 0.084 seconds
[2024-04-06T23:54:54.765+0000] {processor.py:161} INFO - Started process (PID=70252) to work on /home/malangdataguy/miniconda3/envs/airflow_mdg/lib/python3.8/site-packages/airflow/example_dags/tutorial_dag.py
[2024-04-06T23:54:54.768+0000] {processor.py:830} INFO - Processing file /home/malangdataguy/miniconda3/envs/airflow_mdg/lib/python3.8/site-packages/airflow/example_dags/tutorial_dag.py for tasks to queue
[2024-04-06T23:54:54.769+0000] {logging_mixin.py:188} INFO - [2024-04-06T23:54:54.769+0000] {dagbag.py:540} INFO - Filling up the DagBag from /home/malangdataguy/miniconda3/envs/airflow_mdg/lib/python3.8/site-packages/airflow/example_dags/tutorial_dag.py
[2024-04-06T23:54:54.779+0000] {processor.py:840} INFO - DAG(s) 'tutorial_dag' retrieved from /home/malangdataguy/miniconda3/envs/airflow_mdg/lib/python3.8/site-packages/airflow/example_dags/tutorial_dag.py
[2024-04-06T23:54:54.806+0000] {logging_mixin.py:188} INFO - [2024-04-06T23:54:54.806+0000] {dag.py:3047} INFO - Sync 1 DAGs
[2024-04-06T23:54:54.822+0000] {logging_mixin.py:188} INFO - [2024-04-06T23:54:54.822+0000] {dag.py:3834} INFO - Setting next_dagrun for tutorial_dag to None, run_after=None
[2024-04-06T23:54:54.855+0000] {processor.py:183} INFO - Processing /home/malangdataguy/miniconda3/envs/airflow_mdg/lib/python3.8/site-packages/airflow/example_dags/tutorial_dag.py took 0.095 seconds
[2024-04-06T23:55:36.303+0000] {processor.py:161} INFO - Started process (PID=70294) to work on /home/malangdataguy/miniconda3/envs/airflow_mdg/lib/python3.8/site-packages/airflow/example_dags/tutorial_dag.py
[2024-04-06T23:55:36.306+0000] {processor.py:830} INFO - Processing file /home/malangdataguy/miniconda3/envs/airflow_mdg/lib/python3.8/site-packages/airflow/example_dags/tutorial_dag.py for tasks to queue
[2024-04-06T23:55:36.307+0000] {logging_mixin.py:188} INFO - [2024-04-06T23:55:36.307+0000] {dagbag.py:540} INFO - Filling up the DagBag from /home/malangdataguy/miniconda3/envs/airflow_mdg/lib/python3.8/site-packages/airflow/example_dags/tutorial_dag.py
[2024-04-06T23:55:36.316+0000] {processor.py:840} INFO - DAG(s) 'tutorial_dag' retrieved from /home/malangdataguy/miniconda3/envs/airflow_mdg/lib/python3.8/site-packages/airflow/example_dags/tutorial_dag.py
[2024-04-06T23:55:36.339+0000] {logging_mixin.py:188} INFO - [2024-04-06T23:55:36.339+0000] {dag.py:3047} INFO - Sync 1 DAGs
[2024-04-06T23:55:36.353+0000] {logging_mixin.py:188} INFO - [2024-04-06T23:55:36.353+0000] {dag.py:3834} INFO - Setting next_dagrun for tutorial_dag to None, run_after=None
[2024-04-06T23:55:36.382+0000] {processor.py:183} INFO - Processing /home/malangdataguy/miniconda3/envs/airflow_mdg/lib/python3.8/site-packages/airflow/example_dags/tutorial_dag.py took 0.083 seconds
