[2024-04-06T23:09:09.243+0000] {processor.py:161} INFO - Started process (PID=68361) to work on /home/malangdataguy/miniconda3/envs/airflow_mdg/lib/python3.8/site-packages/airflow/example_dags/plugins/listener_plugin.py
[2024-04-06T23:09:09.245+0000] {processor.py:830} INFO - Processing file /home/malangdataguy/miniconda3/envs/airflow_mdg/lib/python3.8/site-packages/airflow/example_dags/plugins/listener_plugin.py for tasks to queue
[2024-04-06T23:09:09.246+0000] {logging_mixin.py:188} INFO - [2024-04-06T23:09:09.246+0000] {dagbag.py:540} INFO - Filling up the DagBag from /home/malangdataguy/miniconda3/envs/airflow_mdg/lib/python3.8/site-packages/airflow/example_dags/plugins/listener_plugin.py
[2024-04-06T23:09:09.251+0000] {processor.py:842} WARNING - No viable dags retrieved from /home/malangdataguy/miniconda3/envs/airflow_mdg/lib/python3.8/site-packages/airflow/example_dags/plugins/listener_plugin.py
[2024-04-06T23:09:09.270+0000] {processor.py:183} INFO - Processing /home/malangdataguy/miniconda3/envs/airflow_mdg/lib/python3.8/site-packages/airflow/example_dags/plugins/listener_plugin.py took 0.032 seconds
[2024-04-06T23:10:01.314+0000] {processor.py:161} INFO - Started process (PID=68411) to work on /home/malangdataguy/miniconda3/envs/airflow_mdg/lib/python3.8/site-packages/airflow/example_dags/plugins/listener_plugin.py
[2024-04-06T23:10:01.317+0000] {processor.py:830} INFO - Processing file /home/malangdataguy/miniconda3/envs/airflow_mdg/lib/python3.8/site-packages/airflow/example_dags/plugins/listener_plugin.py for tasks to queue
[2024-04-06T23:10:01.319+0000] {logging_mixin.py:188} INFO - [2024-04-06T23:10:01.319+0000] {dagbag.py:540} INFO - Filling up the DagBag from /home/malangdataguy/miniconda3/envs/airflow_mdg/lib/python3.8/site-packages/airflow/example_dags/plugins/listener_plugin.py
[2024-04-06T23:10:01.324+0000] {processor.py:842} WARNING - No viable dags retrieved from /home/malangdataguy/miniconda3/envs/airflow_mdg/lib/python3.8/site-packages/airflow/example_dags/plugins/listener_plugin.py
[2024-04-06T23:10:01.342+0000] {processor.py:183} INFO - Processing /home/malangdataguy/miniconda3/envs/airflow_mdg/lib/python3.8/site-packages/airflow/example_dags/plugins/listener_plugin.py took 0.034 seconds
[2024-04-06T23:10:47.278+0000] {processor.py:161} INFO - Started process (PID=68456) to work on /home/malangdataguy/miniconda3/envs/airflow_mdg/lib/python3.8/site-packages/airflow/example_dags/plugins/listener_plugin.py
[2024-04-06T23:10:47.280+0000] {processor.py:830} INFO - Processing file /home/malangdataguy/miniconda3/envs/airflow_mdg/lib/python3.8/site-packages/airflow/example_dags/plugins/listener_plugin.py for tasks to queue
[2024-04-06T23:10:47.282+0000] {logging_mixin.py:188} INFO - [2024-04-06T23:10:47.281+0000] {dagbag.py:540} INFO - Filling up the DagBag from /home/malangdataguy/miniconda3/envs/airflow_mdg/lib/python3.8/site-packages/airflow/example_dags/plugins/listener_plugin.py
[2024-04-06T23:10:47.286+0000] {processor.py:842} WARNING - No viable dags retrieved from /home/malangdataguy/miniconda3/envs/airflow_mdg/lib/python3.8/site-packages/airflow/example_dags/plugins/listener_plugin.py
[2024-04-06T23:10:47.301+0000] {processor.py:183} INFO - Processing /home/malangdataguy/miniconda3/envs/airflow_mdg/lib/python3.8/site-packages/airflow/example_dags/plugins/listener_plugin.py took 0.028 seconds
[2024-04-06T23:11:26.766+0000] {processor.py:161} INFO - Started process (PID=68506) to work on /home/malangdataguy/miniconda3/envs/airflow_mdg/lib/python3.8/site-packages/airflow/example_dags/plugins/listener_plugin.py
[2024-04-06T23:11:26.769+0000] {processor.py:830} INFO - Processing file /home/malangdataguy/miniconda3/envs/airflow_mdg/lib/python3.8/site-packages/airflow/example_dags/plugins/listener_plugin.py for tasks to queue
[2024-04-06T23:11:26.770+0000] {logging_mixin.py:188} INFO - [2024-04-06T23:11:26.770+0000] {dagbag.py:540} INFO - Filling up the DagBag from /home/malangdataguy/miniconda3/envs/airflow_mdg/lib/python3.8/site-packages/airflow/example_dags/plugins/listener_plugin.py
[2024-04-06T23:11:26.774+0000] {processor.py:842} WARNING - No viable dags retrieved from /home/malangdataguy/miniconda3/envs/airflow_mdg/lib/python3.8/site-packages/airflow/example_dags/plugins/listener_plugin.py
[2024-04-06T23:11:26.790+0000] {processor.py:183} INFO - Processing /home/malangdataguy/miniconda3/envs/airflow_mdg/lib/python3.8/site-packages/airflow/example_dags/plugins/listener_plugin.py took 0.028 seconds
[2024-04-06T23:12:10.370+0000] {processor.py:161} INFO - Started process (PID=68549) to work on /home/malangdataguy/miniconda3/envs/airflow_mdg/lib/python3.8/site-packages/airflow/example_dags/plugins/listener_plugin.py
[2024-04-06T23:12:10.373+0000] {processor.py:830} INFO - Processing file /home/malangdataguy/miniconda3/envs/airflow_mdg/lib/python3.8/site-packages/airflow/example_dags/plugins/listener_plugin.py for tasks to queue
[2024-04-06T23:12:10.375+0000] {logging_mixin.py:188} INFO - [2024-04-06T23:12:10.374+0000] {dagbag.py:540} INFO - Filling up the DagBag from /home/malangdataguy/miniconda3/envs/airflow_mdg/lib/python3.8/site-packages/airflow/example_dags/plugins/listener_plugin.py
[2024-04-06T23:12:10.379+0000] {processor.py:842} WARNING - No viable dags retrieved from /home/malangdataguy/miniconda3/envs/airflow_mdg/lib/python3.8/site-packages/airflow/example_dags/plugins/listener_plugin.py
[2024-04-06T23:12:10.398+0000] {processor.py:183} INFO - Processing /home/malangdataguy/miniconda3/envs/airflow_mdg/lib/python3.8/site-packages/airflow/example_dags/plugins/listener_plugin.py took 0.034 seconds
[2024-04-06T23:12:53.251+0000] {processor.py:161} INFO - Started process (PID=68592) to work on /home/malangdataguy/miniconda3/envs/airflow_mdg/lib/python3.8/site-packages/airflow/example_dags/plugins/listener_plugin.py
[2024-04-06T23:12:53.254+0000] {processor.py:830} INFO - Processing file /home/malangdataguy/miniconda3/envs/airflow_mdg/lib/python3.8/site-packages/airflow/example_dags/plugins/listener_plugin.py for tasks to queue
[2024-04-06T23:12:53.256+0000] {logging_mixin.py:188} INFO - [2024-04-06T23:12:53.256+0000] {dagbag.py:540} INFO - Filling up the DagBag from /home/malangdataguy/miniconda3/envs/airflow_mdg/lib/python3.8/site-packages/airflow/example_dags/plugins/listener_plugin.py
[2024-04-06T23:12:53.260+0000] {processor.py:842} WARNING - No viable dags retrieved from /home/malangdataguy/miniconda3/envs/airflow_mdg/lib/python3.8/site-packages/airflow/example_dags/plugins/listener_plugin.py
[2024-04-06T23:12:53.276+0000] {processor.py:183} INFO - Processing /home/malangdataguy/miniconda3/envs/airflow_mdg/lib/python3.8/site-packages/airflow/example_dags/plugins/listener_plugin.py took 0.029 seconds
[2024-04-06T23:13:33.822+0000] {processor.py:161} INFO - Started process (PID=68633) to work on /home/malangdataguy/miniconda3/envs/airflow_mdg/lib/python3.8/site-packages/airflow/example_dags/plugins/listener_plugin.py
[2024-04-06T23:13:33.825+0000] {processor.py:830} INFO - Processing file /home/malangdataguy/miniconda3/envs/airflow_mdg/lib/python3.8/site-packages/airflow/example_dags/plugins/listener_plugin.py for tasks to queue
[2024-04-06T23:13:33.826+0000] {logging_mixin.py:188} INFO - [2024-04-06T23:13:33.825+0000] {dagbag.py:540} INFO - Filling up the DagBag from /home/malangdataguy/miniconda3/envs/airflow_mdg/lib/python3.8/site-packages/airflow/example_dags/plugins/listener_plugin.py
[2024-04-06T23:13:33.830+0000] {processor.py:842} WARNING - No viable dags retrieved from /home/malangdataguy/miniconda3/envs/airflow_mdg/lib/python3.8/site-packages/airflow/example_dags/plugins/listener_plugin.py
[2024-04-06T23:13:33.846+0000] {processor.py:183} INFO - Processing /home/malangdataguy/miniconda3/envs/airflow_mdg/lib/python3.8/site-packages/airflow/example_dags/plugins/listener_plugin.py took 0.028 seconds
[2024-04-06T23:14:15.159+0000] {processor.py:161} INFO - Started process (PID=68677) to work on /home/malangdataguy/miniconda3/envs/airflow_mdg/lib/python3.8/site-packages/airflow/example_dags/plugins/listener_plugin.py
[2024-04-06T23:14:15.161+0000] {processor.py:830} INFO - Processing file /home/malangdataguy/miniconda3/envs/airflow_mdg/lib/python3.8/site-packages/airflow/example_dags/plugins/listener_plugin.py for tasks to queue
[2024-04-06T23:14:15.163+0000] {logging_mixin.py:188} INFO - [2024-04-06T23:14:15.162+0000] {dagbag.py:540} INFO - Filling up the DagBag from /home/malangdataguy/miniconda3/envs/airflow_mdg/lib/python3.8/site-packages/airflow/example_dags/plugins/listener_plugin.py
[2024-04-06T23:14:15.167+0000] {processor.py:842} WARNING - No viable dags retrieved from /home/malangdataguy/miniconda3/envs/airflow_mdg/lib/python3.8/site-packages/airflow/example_dags/plugins/listener_plugin.py
[2024-04-06T23:14:15.185+0000] {processor.py:183} INFO - Processing /home/malangdataguy/miniconda3/envs/airflow_mdg/lib/python3.8/site-packages/airflow/example_dags/plugins/listener_plugin.py took 0.031 seconds
[2024-04-06T23:14:58.599+0000] {processor.py:161} INFO - Started process (PID=68720) to work on /home/malangdataguy/miniconda3/envs/airflow_mdg/lib/python3.8/site-packages/airflow/example_dags/plugins/listener_plugin.py
[2024-04-06T23:14:58.602+0000] {processor.py:830} INFO - Processing file /home/malangdataguy/miniconda3/envs/airflow_mdg/lib/python3.8/site-packages/airflow/example_dags/plugins/listener_plugin.py for tasks to queue
[2024-04-06T23:14:58.603+0000] {logging_mixin.py:188} INFO - [2024-04-06T23:14:58.603+0000] {dagbag.py:540} INFO - Filling up the DagBag from /home/malangdataguy/miniconda3/envs/airflow_mdg/lib/python3.8/site-packages/airflow/example_dags/plugins/listener_plugin.py
[2024-04-06T23:14:58.608+0000] {processor.py:842} WARNING - No viable dags retrieved from /home/malangdataguy/miniconda3/envs/airflow_mdg/lib/python3.8/site-packages/airflow/example_dags/plugins/listener_plugin.py
[2024-04-06T23:14:58.624+0000] {processor.py:183} INFO - Processing /home/malangdataguy/miniconda3/envs/airflow_mdg/lib/python3.8/site-packages/airflow/example_dags/plugins/listener_plugin.py took 0.029 seconds
[2024-04-06T23:15:36.792+0000] {processor.py:161} INFO - Started process (PID=68759) to work on /home/malangdataguy/miniconda3/envs/airflow_mdg/lib/python3.8/site-packages/airflow/example_dags/plugins/listener_plugin.py
[2024-04-06T23:15:36.795+0000] {processor.py:830} INFO - Processing file /home/malangdataguy/miniconda3/envs/airflow_mdg/lib/python3.8/site-packages/airflow/example_dags/plugins/listener_plugin.py for tasks to queue
[2024-04-06T23:15:36.796+0000] {logging_mixin.py:188} INFO - [2024-04-06T23:15:36.795+0000] {dagbag.py:540} INFO - Filling up the DagBag from /home/malangdataguy/miniconda3/envs/airflow_mdg/lib/python3.8/site-packages/airflow/example_dags/plugins/listener_plugin.py
[2024-04-06T23:15:36.801+0000] {processor.py:842} WARNING - No viable dags retrieved from /home/malangdataguy/miniconda3/envs/airflow_mdg/lib/python3.8/site-packages/airflow/example_dags/plugins/listener_plugin.py
[2024-04-06T23:15:36.817+0000] {processor.py:183} INFO - Processing /home/malangdataguy/miniconda3/envs/airflow_mdg/lib/python3.8/site-packages/airflow/example_dags/plugins/listener_plugin.py took 0.029 seconds
[2024-04-06T23:16:15.322+0000] {processor.py:161} INFO - Started process (PID=68801) to work on /home/malangdataguy/miniconda3/envs/airflow_mdg/lib/python3.8/site-packages/airflow/example_dags/plugins/listener_plugin.py
[2024-04-06T23:16:15.325+0000] {processor.py:830} INFO - Processing file /home/malangdataguy/miniconda3/envs/airflow_mdg/lib/python3.8/site-packages/airflow/example_dags/plugins/listener_plugin.py for tasks to queue
[2024-04-06T23:16:15.327+0000] {logging_mixin.py:188} INFO - [2024-04-06T23:16:15.326+0000] {dagbag.py:540} INFO - Filling up the DagBag from /home/malangdataguy/miniconda3/envs/airflow_mdg/lib/python3.8/site-packages/airflow/example_dags/plugins/listener_plugin.py
[2024-04-06T23:16:15.331+0000] {processor.py:842} WARNING - No viable dags retrieved from /home/malangdataguy/miniconda3/envs/airflow_mdg/lib/python3.8/site-packages/airflow/example_dags/plugins/listener_plugin.py
[2024-04-06T23:16:15.347+0000] {processor.py:183} INFO - Processing /home/malangdataguy/miniconda3/envs/airflow_mdg/lib/python3.8/site-packages/airflow/example_dags/plugins/listener_plugin.py took 0.030 seconds
[2024-04-06T23:16:52.533+0000] {processor.py:161} INFO - Started process (PID=68840) to work on /home/malangdataguy/miniconda3/envs/airflow_mdg/lib/python3.8/site-packages/airflow/example_dags/plugins/listener_plugin.py
[2024-04-06T23:16:52.536+0000] {processor.py:830} INFO - Processing file /home/malangdataguy/miniconda3/envs/airflow_mdg/lib/python3.8/site-packages/airflow/example_dags/plugins/listener_plugin.py for tasks to queue
[2024-04-06T23:16:52.537+0000] {logging_mixin.py:188} INFO - [2024-04-06T23:16:52.537+0000] {dagbag.py:540} INFO - Filling up the DagBag from /home/malangdataguy/miniconda3/envs/airflow_mdg/lib/python3.8/site-packages/airflow/example_dags/plugins/listener_plugin.py
[2024-04-06T23:16:52.541+0000] {processor.py:842} WARNING - No viable dags retrieved from /home/malangdataguy/miniconda3/envs/airflow_mdg/lib/python3.8/site-packages/airflow/example_dags/plugins/listener_plugin.py
[2024-04-06T23:16:52.558+0000] {processor.py:183} INFO - Processing /home/malangdataguy/miniconda3/envs/airflow_mdg/lib/python3.8/site-packages/airflow/example_dags/plugins/listener_plugin.py took 0.030 seconds
[2024-04-06T23:17:33.971+0000] {processor.py:161} INFO - Started process (PID=68889) to work on /home/malangdataguy/miniconda3/envs/airflow_mdg/lib/python3.8/site-packages/airflow/example_dags/plugins/listener_plugin.py
[2024-04-06T23:17:33.974+0000] {processor.py:830} INFO - Processing file /home/malangdataguy/miniconda3/envs/airflow_mdg/lib/python3.8/site-packages/airflow/example_dags/plugins/listener_plugin.py for tasks to queue
[2024-04-06T23:17:33.975+0000] {logging_mixin.py:188} INFO - [2024-04-06T23:17:33.975+0000] {dagbag.py:540} INFO - Filling up the DagBag from /home/malangdataguy/miniconda3/envs/airflow_mdg/lib/python3.8/site-packages/airflow/example_dags/plugins/listener_plugin.py
[2024-04-06T23:17:33.980+0000] {processor.py:842} WARNING - No viable dags retrieved from /home/malangdataguy/miniconda3/envs/airflow_mdg/lib/python3.8/site-packages/airflow/example_dags/plugins/listener_plugin.py
[2024-04-06T23:17:33.998+0000] {processor.py:183} INFO - Processing /home/malangdataguy/miniconda3/envs/airflow_mdg/lib/python3.8/site-packages/airflow/example_dags/plugins/listener_plugin.py took 0.033 seconds
[2024-04-06T23:18:16.840+0000] {processor.py:161} INFO - Started process (PID=68932) to work on /home/malangdataguy/miniconda3/envs/airflow_mdg/lib/python3.8/site-packages/airflow/example_dags/plugins/listener_plugin.py
[2024-04-06T23:18:16.842+0000] {processor.py:830} INFO - Processing file /home/malangdataguy/miniconda3/envs/airflow_mdg/lib/python3.8/site-packages/airflow/example_dags/plugins/listener_plugin.py for tasks to queue
[2024-04-06T23:18:16.844+0000] {logging_mixin.py:188} INFO - [2024-04-06T23:18:16.843+0000] {dagbag.py:540} INFO - Filling up the DagBag from /home/malangdataguy/miniconda3/envs/airflow_mdg/lib/python3.8/site-packages/airflow/example_dags/plugins/listener_plugin.py
[2024-04-06T23:18:16.848+0000] {processor.py:842} WARNING - No viable dags retrieved from /home/malangdataguy/miniconda3/envs/airflow_mdg/lib/python3.8/site-packages/airflow/example_dags/plugins/listener_plugin.py
[2024-04-06T23:18:16.863+0000] {processor.py:183} INFO - Processing /home/malangdataguy/miniconda3/envs/airflow_mdg/lib/python3.8/site-packages/airflow/example_dags/plugins/listener_plugin.py took 0.027 seconds
[2024-04-06T23:18:57.542+0000] {processor.py:161} INFO - Started process (PID=68974) to work on /home/malangdataguy/miniconda3/envs/airflow_mdg/lib/python3.8/site-packages/airflow/example_dags/plugins/listener_plugin.py
[2024-04-06T23:18:57.545+0000] {processor.py:830} INFO - Processing file /home/malangdataguy/miniconda3/envs/airflow_mdg/lib/python3.8/site-packages/airflow/example_dags/plugins/listener_plugin.py for tasks to queue
[2024-04-06T23:18:57.547+0000] {logging_mixin.py:188} INFO - [2024-04-06T23:18:57.547+0000] {dagbag.py:540} INFO - Filling up the DagBag from /home/malangdataguy/miniconda3/envs/airflow_mdg/lib/python3.8/site-packages/airflow/example_dags/plugins/listener_plugin.py
[2024-04-06T23:18:57.551+0000] {processor.py:842} WARNING - No viable dags retrieved from /home/malangdataguy/miniconda3/envs/airflow_mdg/lib/python3.8/site-packages/airflow/example_dags/plugins/listener_plugin.py
[2024-04-06T23:18:57.568+0000] {processor.py:183} INFO - Processing /home/malangdataguy/miniconda3/envs/airflow_mdg/lib/python3.8/site-packages/airflow/example_dags/plugins/listener_plugin.py took 0.030 seconds
[2024-04-06T23:19:40.607+0000] {processor.py:161} INFO - Started process (PID=69015) to work on /home/malangdataguy/miniconda3/envs/airflow_mdg/lib/python3.8/site-packages/airflow/example_dags/plugins/listener_plugin.py
[2024-04-06T23:19:40.613+0000] {processor.py:830} INFO - Processing file /home/malangdataguy/miniconda3/envs/airflow_mdg/lib/python3.8/site-packages/airflow/example_dags/plugins/listener_plugin.py for tasks to queue
[2024-04-06T23:19:40.617+0000] {logging_mixin.py:188} INFO - [2024-04-06T23:19:40.615+0000] {dagbag.py:540} INFO - Filling up the DagBag from /home/malangdataguy/miniconda3/envs/airflow_mdg/lib/python3.8/site-packages/airflow/example_dags/plugins/listener_plugin.py
[2024-04-06T23:19:40.630+0000] {processor.py:842} WARNING - No viable dags retrieved from /home/malangdataguy/miniconda3/envs/airflow_mdg/lib/python3.8/site-packages/airflow/example_dags/plugins/listener_plugin.py
[2024-04-06T23:19:40.673+0000] {processor.py:183} INFO - Processing /home/malangdataguy/miniconda3/envs/airflow_mdg/lib/python3.8/site-packages/airflow/example_dags/plugins/listener_plugin.py took 0.087 seconds
[2024-04-06T23:20:27.608+0000] {processor.py:161} INFO - Started process (PID=69061) to work on /home/malangdataguy/miniconda3/envs/airflow_mdg/lib/python3.8/site-packages/airflow/example_dags/plugins/listener_plugin.py
[2024-04-06T23:20:27.611+0000] {processor.py:830} INFO - Processing file /home/malangdataguy/miniconda3/envs/airflow_mdg/lib/python3.8/site-packages/airflow/example_dags/plugins/listener_plugin.py for tasks to queue
[2024-04-06T23:20:27.612+0000] {logging_mixin.py:188} INFO - [2024-04-06T23:20:27.612+0000] {dagbag.py:540} INFO - Filling up the DagBag from /home/malangdataguy/miniconda3/envs/airflow_mdg/lib/python3.8/site-packages/airflow/example_dags/plugins/listener_plugin.py
[2024-04-06T23:20:27.617+0000] {processor.py:842} WARNING - No viable dags retrieved from /home/malangdataguy/miniconda3/envs/airflow_mdg/lib/python3.8/site-packages/airflow/example_dags/plugins/listener_plugin.py
[2024-04-06T23:20:27.636+0000] {processor.py:183} INFO - Processing /home/malangdataguy/miniconda3/envs/airflow_mdg/lib/python3.8/site-packages/airflow/example_dags/plugins/listener_plugin.py took 0.034 seconds
[2024-04-06T23:21:10.685+0000] {processor.py:161} INFO - Started process (PID=69107) to work on /home/malangdataguy/miniconda3/envs/airflow_mdg/lib/python3.8/site-packages/airflow/example_dags/plugins/listener_plugin.py
[2024-04-06T23:21:10.688+0000] {processor.py:830} INFO - Processing file /home/malangdataguy/miniconda3/envs/airflow_mdg/lib/python3.8/site-packages/airflow/example_dags/plugins/listener_plugin.py for tasks to queue
[2024-04-06T23:21:10.689+0000] {logging_mixin.py:188} INFO - [2024-04-06T23:21:10.688+0000] {dagbag.py:540} INFO - Filling up the DagBag from /home/malangdataguy/miniconda3/envs/airflow_mdg/lib/python3.8/site-packages/airflow/example_dags/plugins/listener_plugin.py
[2024-04-06T23:21:10.693+0000] {processor.py:842} WARNING - No viable dags retrieved from /home/malangdataguy/miniconda3/envs/airflow_mdg/lib/python3.8/site-packages/airflow/example_dags/plugins/listener_plugin.py
[2024-04-06T23:21:10.709+0000] {processor.py:183} INFO - Processing /home/malangdataguy/miniconda3/envs/airflow_mdg/lib/python3.8/site-packages/airflow/example_dags/plugins/listener_plugin.py took 0.029 seconds
[2024-04-06T23:21:49.332+0000] {processor.py:161} INFO - Started process (PID=69145) to work on /home/malangdataguy/miniconda3/envs/airflow_mdg/lib/python3.8/site-packages/airflow/example_dags/plugins/listener_plugin.py
[2024-04-06T23:21:49.336+0000] {processor.py:830} INFO - Processing file /home/malangdataguy/miniconda3/envs/airflow_mdg/lib/python3.8/site-packages/airflow/example_dags/plugins/listener_plugin.py for tasks to queue
[2024-04-06T23:21:49.338+0000] {logging_mixin.py:188} INFO - [2024-04-06T23:21:49.337+0000] {dagbag.py:540} INFO - Filling up the DagBag from /home/malangdataguy/miniconda3/envs/airflow_mdg/lib/python3.8/site-packages/airflow/example_dags/plugins/listener_plugin.py
[2024-04-06T23:21:49.343+0000] {processor.py:842} WARNING - No viable dags retrieved from /home/malangdataguy/miniconda3/envs/airflow_mdg/lib/python3.8/site-packages/airflow/example_dags/plugins/listener_plugin.py
[2024-04-06T23:21:49.362+0000] {processor.py:183} INFO - Processing /home/malangdataguy/miniconda3/envs/airflow_mdg/lib/python3.8/site-packages/airflow/example_dags/plugins/listener_plugin.py took 0.035 seconds
[2024-04-06T23:40:12.471+0000] {processor.py:161} INFO - Started process (PID=69274) to work on /home/malangdataguy/miniconda3/envs/airflow_mdg/lib/python3.8/site-packages/airflow/example_dags/plugins/listener_plugin.py
[2024-04-06T23:40:12.474+0000] {processor.py:830} INFO - Processing file /home/malangdataguy/miniconda3/envs/airflow_mdg/lib/python3.8/site-packages/airflow/example_dags/plugins/listener_plugin.py for tasks to queue
[2024-04-06T23:40:12.475+0000] {logging_mixin.py:188} INFO - [2024-04-06T23:40:12.475+0000] {dagbag.py:540} INFO - Filling up the DagBag from /home/malangdataguy/miniconda3/envs/airflow_mdg/lib/python3.8/site-packages/airflow/example_dags/plugins/listener_plugin.py
[2024-04-06T23:40:12.479+0000] {processor.py:842} WARNING - No viable dags retrieved from /home/malangdataguy/miniconda3/envs/airflow_mdg/lib/python3.8/site-packages/airflow/example_dags/plugins/listener_plugin.py
[2024-04-06T23:40:12.495+0000] {processor.py:183} INFO - Processing /home/malangdataguy/miniconda3/envs/airflow_mdg/lib/python3.8/site-packages/airflow/example_dags/plugins/listener_plugin.py took 0.029 seconds
[2024-04-06T23:41:06.829+0000] {processor.py:161} INFO - Started process (PID=69324) to work on /home/malangdataguy/miniconda3/envs/airflow_mdg/lib/python3.8/site-packages/airflow/example_dags/plugins/listener_plugin.py
[2024-04-06T23:41:06.832+0000] {processor.py:830} INFO - Processing file /home/malangdataguy/miniconda3/envs/airflow_mdg/lib/python3.8/site-packages/airflow/example_dags/plugins/listener_plugin.py for tasks to queue
[2024-04-06T23:41:06.834+0000] {logging_mixin.py:188} INFO - [2024-04-06T23:41:06.834+0000] {dagbag.py:540} INFO - Filling up the DagBag from /home/malangdataguy/miniconda3/envs/airflow_mdg/lib/python3.8/site-packages/airflow/example_dags/plugins/listener_plugin.py
[2024-04-06T23:41:06.840+0000] {processor.py:842} WARNING - No viable dags retrieved from /home/malangdataguy/miniconda3/envs/airflow_mdg/lib/python3.8/site-packages/airflow/example_dags/plugins/listener_plugin.py
[2024-04-06T23:41:06.860+0000] {processor.py:183} INFO - Processing /home/malangdataguy/miniconda3/envs/airflow_mdg/lib/python3.8/site-packages/airflow/example_dags/plugins/listener_plugin.py took 0.037 seconds
[2024-04-06T23:41:50.057+0000] {processor.py:161} INFO - Started process (PID=69366) to work on /home/malangdataguy/miniconda3/envs/airflow_mdg/lib/python3.8/site-packages/airflow/example_dags/plugins/listener_plugin.py
[2024-04-06T23:41:50.061+0000] {processor.py:830} INFO - Processing file /home/malangdataguy/miniconda3/envs/airflow_mdg/lib/python3.8/site-packages/airflow/example_dags/plugins/listener_plugin.py for tasks to queue
[2024-04-06T23:41:50.063+0000] {logging_mixin.py:188} INFO - [2024-04-06T23:41:50.062+0000] {dagbag.py:540} INFO - Filling up the DagBag from /home/malangdataguy/miniconda3/envs/airflow_mdg/lib/python3.8/site-packages/airflow/example_dags/plugins/listener_plugin.py
[2024-04-06T23:41:50.068+0000] {processor.py:842} WARNING - No viable dags retrieved from /home/malangdataguy/miniconda3/envs/airflow_mdg/lib/python3.8/site-packages/airflow/example_dags/plugins/listener_plugin.py
[2024-04-06T23:41:50.091+0000] {processor.py:183} INFO - Processing /home/malangdataguy/miniconda3/envs/airflow_mdg/lib/python3.8/site-packages/airflow/example_dags/plugins/listener_plugin.py took 0.039 seconds
[2024-04-06T23:42:35.483+0000] {processor.py:161} INFO - Started process (PID=69410) to work on /home/malangdataguy/miniconda3/envs/airflow_mdg/lib/python3.8/site-packages/airflow/example_dags/plugins/listener_plugin.py
[2024-04-06T23:42:35.487+0000] {processor.py:830} INFO - Processing file /home/malangdataguy/miniconda3/envs/airflow_mdg/lib/python3.8/site-packages/airflow/example_dags/plugins/listener_plugin.py for tasks to queue
[2024-04-06T23:42:35.488+0000] {logging_mixin.py:188} INFO - [2024-04-06T23:42:35.488+0000] {dagbag.py:540} INFO - Filling up the DagBag from /home/malangdataguy/miniconda3/envs/airflow_mdg/lib/python3.8/site-packages/airflow/example_dags/plugins/listener_plugin.py
[2024-04-06T23:42:35.493+0000] {processor.py:842} WARNING - No viable dags retrieved from /home/malangdataguy/miniconda3/envs/airflow_mdg/lib/python3.8/site-packages/airflow/example_dags/plugins/listener_plugin.py
[2024-04-06T23:42:35.513+0000] {processor.py:183} INFO - Processing /home/malangdataguy/miniconda3/envs/airflow_mdg/lib/python3.8/site-packages/airflow/example_dags/plugins/listener_plugin.py took 0.035 seconds
[2024-04-06T23:43:18.701+0000] {processor.py:161} INFO - Started process (PID=69454) to work on /home/malangdataguy/miniconda3/envs/airflow_mdg/lib/python3.8/site-packages/airflow/example_dags/plugins/listener_plugin.py
[2024-04-06T23:43:18.703+0000] {processor.py:830} INFO - Processing file /home/malangdataguy/miniconda3/envs/airflow_mdg/lib/python3.8/site-packages/airflow/example_dags/plugins/listener_plugin.py for tasks to queue
[2024-04-06T23:43:18.705+0000] {logging_mixin.py:188} INFO - [2024-04-06T23:43:18.704+0000] {dagbag.py:540} INFO - Filling up the DagBag from /home/malangdataguy/miniconda3/envs/airflow_mdg/lib/python3.8/site-packages/airflow/example_dags/plugins/listener_plugin.py
[2024-04-06T23:43:18.709+0000] {processor.py:842} WARNING - No viable dags retrieved from /home/malangdataguy/miniconda3/envs/airflow_mdg/lib/python3.8/site-packages/airflow/example_dags/plugins/listener_plugin.py
[2024-04-06T23:43:18.725+0000] {processor.py:183} INFO - Processing /home/malangdataguy/miniconda3/envs/airflow_mdg/lib/python3.8/site-packages/airflow/example_dags/plugins/listener_plugin.py took 0.029 seconds
[2024-04-06T23:44:04.106+0000] {processor.py:161} INFO - Started process (PID=69513) to work on /home/malangdataguy/miniconda3/envs/airflow_mdg/lib/python3.8/site-packages/airflow/example_dags/plugins/listener_plugin.py
[2024-04-06T23:44:04.109+0000] {processor.py:830} INFO - Processing file /home/malangdataguy/miniconda3/envs/airflow_mdg/lib/python3.8/site-packages/airflow/example_dags/plugins/listener_plugin.py for tasks to queue
[2024-04-06T23:44:04.110+0000] {logging_mixin.py:188} INFO - [2024-04-06T23:44:04.109+0000] {dagbag.py:540} INFO - Filling up the DagBag from /home/malangdataguy/miniconda3/envs/airflow_mdg/lib/python3.8/site-packages/airflow/example_dags/plugins/listener_plugin.py
[2024-04-06T23:44:04.114+0000] {processor.py:842} WARNING - No viable dags retrieved from /home/malangdataguy/miniconda3/envs/airflow_mdg/lib/python3.8/site-packages/airflow/example_dags/plugins/listener_plugin.py
[2024-04-06T23:44:04.130+0000] {processor.py:183} INFO - Processing /home/malangdataguy/miniconda3/envs/airflow_mdg/lib/python3.8/site-packages/airflow/example_dags/plugins/listener_plugin.py took 0.029 seconds
[2024-04-06T23:44:47.109+0000] {processor.py:161} INFO - Started process (PID=69558) to work on /home/malangdataguy/miniconda3/envs/airflow_mdg/lib/python3.8/site-packages/airflow/example_dags/plugins/listener_plugin.py
[2024-04-06T23:44:47.112+0000] {processor.py:830} INFO - Processing file /home/malangdataguy/miniconda3/envs/airflow_mdg/lib/python3.8/site-packages/airflow/example_dags/plugins/listener_plugin.py for tasks to queue
[2024-04-06T23:44:47.114+0000] {logging_mixin.py:188} INFO - [2024-04-06T23:44:47.113+0000] {dagbag.py:540} INFO - Filling up the DagBag from /home/malangdataguy/miniconda3/envs/airflow_mdg/lib/python3.8/site-packages/airflow/example_dags/plugins/listener_plugin.py
[2024-04-06T23:44:47.118+0000] {processor.py:842} WARNING - No viable dags retrieved from /home/malangdataguy/miniconda3/envs/airflow_mdg/lib/python3.8/site-packages/airflow/example_dags/plugins/listener_plugin.py
[2024-04-06T23:44:47.135+0000] {processor.py:183} INFO - Processing /home/malangdataguy/miniconda3/envs/airflow_mdg/lib/python3.8/site-packages/airflow/example_dags/plugins/listener_plugin.py took 0.030 seconds
[2024-04-06T23:45:29.780+0000] {processor.py:161} INFO - Started process (PID=69604) to work on /home/malangdataguy/miniconda3/envs/airflow_mdg/lib/python3.8/site-packages/airflow/example_dags/plugins/listener_plugin.py
[2024-04-06T23:45:29.783+0000] {processor.py:830} INFO - Processing file /home/malangdataguy/miniconda3/envs/airflow_mdg/lib/python3.8/site-packages/airflow/example_dags/plugins/listener_plugin.py for tasks to queue
[2024-04-06T23:45:29.785+0000] {logging_mixin.py:188} INFO - [2024-04-06T23:45:29.784+0000] {dagbag.py:540} INFO - Filling up the DagBag from /home/malangdataguy/miniconda3/envs/airflow_mdg/lib/python3.8/site-packages/airflow/example_dags/plugins/listener_plugin.py
[2024-04-06T23:45:29.791+0000] {processor.py:842} WARNING - No viable dags retrieved from /home/malangdataguy/miniconda3/envs/airflow_mdg/lib/python3.8/site-packages/airflow/example_dags/plugins/listener_plugin.py
[2024-04-06T23:45:29.813+0000] {processor.py:183} INFO - Processing /home/malangdataguy/miniconda3/envs/airflow_mdg/lib/python3.8/site-packages/airflow/example_dags/plugins/listener_plugin.py took 0.041 seconds
[2024-04-06T23:46:11.079+0000] {processor.py:161} INFO - Started process (PID=69648) to work on /home/malangdataguy/miniconda3/envs/airflow_mdg/lib/python3.8/site-packages/airflow/example_dags/plugins/listener_plugin.py
[2024-04-06T23:46:11.082+0000] {processor.py:830} INFO - Processing file /home/malangdataguy/miniconda3/envs/airflow_mdg/lib/python3.8/site-packages/airflow/example_dags/plugins/listener_plugin.py for tasks to queue
[2024-04-06T23:46:11.083+0000] {logging_mixin.py:188} INFO - [2024-04-06T23:46:11.083+0000] {dagbag.py:540} INFO - Filling up the DagBag from /home/malangdataguy/miniconda3/envs/airflow_mdg/lib/python3.8/site-packages/airflow/example_dags/plugins/listener_plugin.py
[2024-04-06T23:46:11.088+0000] {processor.py:842} WARNING - No viable dags retrieved from /home/malangdataguy/miniconda3/envs/airflow_mdg/lib/python3.8/site-packages/airflow/example_dags/plugins/listener_plugin.py
[2024-04-06T23:46:11.104+0000] {processor.py:183} INFO - Processing /home/malangdataguy/miniconda3/envs/airflow_mdg/lib/python3.8/site-packages/airflow/example_dags/plugins/listener_plugin.py took 0.030 seconds
[2024-04-06T23:46:49.367+0000] {processor.py:161} INFO - Started process (PID=69706) to work on /home/malangdataguy/miniconda3/envs/airflow_mdg/lib/python3.8/site-packages/airflow/example_dags/plugins/listener_plugin.py
[2024-04-06T23:46:49.370+0000] {processor.py:830} INFO - Processing file /home/malangdataguy/miniconda3/envs/airflow_mdg/lib/python3.8/site-packages/airflow/example_dags/plugins/listener_plugin.py for tasks to queue
[2024-04-06T23:46:49.371+0000] {logging_mixin.py:188} INFO - [2024-04-06T23:46:49.371+0000] {dagbag.py:540} INFO - Filling up the DagBag from /home/malangdataguy/miniconda3/envs/airflow_mdg/lib/python3.8/site-packages/airflow/example_dags/plugins/listener_plugin.py
[2024-04-06T23:46:49.375+0000] {processor.py:842} WARNING - No viable dags retrieved from /home/malangdataguy/miniconda3/envs/airflow_mdg/lib/python3.8/site-packages/airflow/example_dags/plugins/listener_plugin.py
[2024-04-06T23:46:49.391+0000] {processor.py:183} INFO - Processing /home/malangdataguy/miniconda3/envs/airflow_mdg/lib/python3.8/site-packages/airflow/example_dags/plugins/listener_plugin.py took 0.029 seconds
[2024-04-06T23:47:28.763+0000] {processor.py:161} INFO - Started process (PID=69760) to work on /home/malangdataguy/miniconda3/envs/airflow_mdg/lib/python3.8/site-packages/airflow/example_dags/plugins/listener_plugin.py
[2024-04-06T23:47:28.765+0000] {processor.py:830} INFO - Processing file /home/malangdataguy/miniconda3/envs/airflow_mdg/lib/python3.8/site-packages/airflow/example_dags/plugins/listener_plugin.py for tasks to queue
[2024-04-06T23:47:28.766+0000] {logging_mixin.py:188} INFO - [2024-04-06T23:47:28.766+0000] {dagbag.py:540} INFO - Filling up the DagBag from /home/malangdataguy/miniconda3/envs/airflow_mdg/lib/python3.8/site-packages/airflow/example_dags/plugins/listener_plugin.py
[2024-04-06T23:47:28.770+0000] {processor.py:842} WARNING - No viable dags retrieved from /home/malangdataguy/miniconda3/envs/airflow_mdg/lib/python3.8/site-packages/airflow/example_dags/plugins/listener_plugin.py
[2024-04-06T23:47:28.785+0000] {processor.py:183} INFO - Processing /home/malangdataguy/miniconda3/envs/airflow_mdg/lib/python3.8/site-packages/airflow/example_dags/plugins/listener_plugin.py took 0.027 seconds
[2024-04-06T23:48:12.202+0000] {processor.py:161} INFO - Started process (PID=69807) to work on /home/malangdataguy/miniconda3/envs/airflow_mdg/lib/python3.8/site-packages/airflow/example_dags/plugins/listener_plugin.py
[2024-04-06T23:48:12.205+0000] {processor.py:830} INFO - Processing file /home/malangdataguy/miniconda3/envs/airflow_mdg/lib/python3.8/site-packages/airflow/example_dags/plugins/listener_plugin.py for tasks to queue
[2024-04-06T23:48:12.206+0000] {logging_mixin.py:188} INFO - [2024-04-06T23:48:12.205+0000] {dagbag.py:540} INFO - Filling up the DagBag from /home/malangdataguy/miniconda3/envs/airflow_mdg/lib/python3.8/site-packages/airflow/example_dags/plugins/listener_plugin.py
[2024-04-06T23:48:12.210+0000] {processor.py:842} WARNING - No viable dags retrieved from /home/malangdataguy/miniconda3/envs/airflow_mdg/lib/python3.8/site-packages/airflow/example_dags/plugins/listener_plugin.py
[2024-04-06T23:48:12.226+0000] {processor.py:183} INFO - Processing /home/malangdataguy/miniconda3/envs/airflow_mdg/lib/python3.8/site-packages/airflow/example_dags/plugins/listener_plugin.py took 0.029 seconds
[2024-04-06T23:48:52.762+0000] {processor.py:161} INFO - Started process (PID=69849) to work on /home/malangdataguy/miniconda3/envs/airflow_mdg/lib/python3.8/site-packages/airflow/example_dags/plugins/listener_plugin.py
[2024-04-06T23:48:52.766+0000] {processor.py:830} INFO - Processing file /home/malangdataguy/miniconda3/envs/airflow_mdg/lib/python3.8/site-packages/airflow/example_dags/plugins/listener_plugin.py for tasks to queue
[2024-04-06T23:48:52.767+0000] {logging_mixin.py:188} INFO - [2024-04-06T23:48:52.767+0000] {dagbag.py:540} INFO - Filling up the DagBag from /home/malangdataguy/miniconda3/envs/airflow_mdg/lib/python3.8/site-packages/airflow/example_dags/plugins/listener_plugin.py
[2024-04-06T23:48:52.772+0000] {processor.py:842} WARNING - No viable dags retrieved from /home/malangdataguy/miniconda3/envs/airflow_mdg/lib/python3.8/site-packages/airflow/example_dags/plugins/listener_plugin.py
[2024-04-06T23:48:52.791+0000] {processor.py:183} INFO - Processing /home/malangdataguy/miniconda3/envs/airflow_mdg/lib/python3.8/site-packages/airflow/example_dags/plugins/listener_plugin.py took 0.035 seconds
[2024-04-06T23:49:37.286+0000] {processor.py:161} INFO - Started process (PID=69892) to work on /home/malangdataguy/miniconda3/envs/airflow_mdg/lib/python3.8/site-packages/airflow/example_dags/plugins/listener_plugin.py
[2024-04-06T23:49:37.289+0000] {processor.py:830} INFO - Processing file /home/malangdataguy/miniconda3/envs/airflow_mdg/lib/python3.8/site-packages/airflow/example_dags/plugins/listener_plugin.py for tasks to queue
[2024-04-06T23:49:37.290+0000] {logging_mixin.py:188} INFO - [2024-04-06T23:49:37.290+0000] {dagbag.py:540} INFO - Filling up the DagBag from /home/malangdataguy/miniconda3/envs/airflow_mdg/lib/python3.8/site-packages/airflow/example_dags/plugins/listener_plugin.py
[2024-04-06T23:49:37.294+0000] {processor.py:842} WARNING - No viable dags retrieved from /home/malangdataguy/miniconda3/envs/airflow_mdg/lib/python3.8/site-packages/airflow/example_dags/plugins/listener_plugin.py
[2024-04-06T23:49:37.311+0000] {processor.py:183} INFO - Processing /home/malangdataguy/miniconda3/envs/airflow_mdg/lib/python3.8/site-packages/airflow/example_dags/plugins/listener_plugin.py took 0.029 seconds
[2024-04-06T23:50:15.459+0000] {processor.py:161} INFO - Started process (PID=69934) to work on /home/malangdataguy/miniconda3/envs/airflow_mdg/lib/python3.8/site-packages/airflow/example_dags/plugins/listener_plugin.py
[2024-04-06T23:50:15.462+0000] {processor.py:830} INFO - Processing file /home/malangdataguy/miniconda3/envs/airflow_mdg/lib/python3.8/site-packages/airflow/example_dags/plugins/listener_plugin.py for tasks to queue
[2024-04-06T23:50:15.464+0000] {logging_mixin.py:188} INFO - [2024-04-06T23:50:15.463+0000] {dagbag.py:540} INFO - Filling up the DagBag from /home/malangdataguy/miniconda3/envs/airflow_mdg/lib/python3.8/site-packages/airflow/example_dags/plugins/listener_plugin.py
[2024-04-06T23:50:15.468+0000] {processor.py:842} WARNING - No viable dags retrieved from /home/malangdataguy/miniconda3/envs/airflow_mdg/lib/python3.8/site-packages/airflow/example_dags/plugins/listener_plugin.py
[2024-04-06T23:50:15.487+0000] {processor.py:183} INFO - Processing /home/malangdataguy/miniconda3/envs/airflow_mdg/lib/python3.8/site-packages/airflow/example_dags/plugins/listener_plugin.py took 0.033 seconds
[2024-04-06T23:50:55.891+0000] {processor.py:161} INFO - Started process (PID=69973) to work on /home/malangdataguy/miniconda3/envs/airflow_mdg/lib/python3.8/site-packages/airflow/example_dags/plugins/listener_plugin.py
[2024-04-06T23:50:55.894+0000] {processor.py:830} INFO - Processing file /home/malangdataguy/miniconda3/envs/airflow_mdg/lib/python3.8/site-packages/airflow/example_dags/plugins/listener_plugin.py for tasks to queue
[2024-04-06T23:50:55.895+0000] {logging_mixin.py:188} INFO - [2024-04-06T23:50:55.895+0000] {dagbag.py:540} INFO - Filling up the DagBag from /home/malangdataguy/miniconda3/envs/airflow_mdg/lib/python3.8/site-packages/airflow/example_dags/plugins/listener_plugin.py
[2024-04-06T23:50:55.900+0000] {processor.py:842} WARNING - No viable dags retrieved from /home/malangdataguy/miniconda3/envs/airflow_mdg/lib/python3.8/site-packages/airflow/example_dags/plugins/listener_plugin.py
[2024-04-06T23:50:55.918+0000] {processor.py:183} INFO - Processing /home/malangdataguy/miniconda3/envs/airflow_mdg/lib/python3.8/site-packages/airflow/example_dags/plugins/listener_plugin.py took 0.032 seconds
[2024-04-06T23:51:38.547+0000] {processor.py:161} INFO - Started process (PID=70018) to work on /home/malangdataguy/miniconda3/envs/airflow_mdg/lib/python3.8/site-packages/airflow/example_dags/plugins/listener_plugin.py
[2024-04-06T23:51:38.551+0000] {processor.py:830} INFO - Processing file /home/malangdataguy/miniconda3/envs/airflow_mdg/lib/python3.8/site-packages/airflow/example_dags/plugins/listener_plugin.py for tasks to queue
[2024-04-06T23:51:38.553+0000] {logging_mixin.py:188} INFO - [2024-04-06T23:51:38.552+0000] {dagbag.py:540} INFO - Filling up the DagBag from /home/malangdataguy/miniconda3/envs/airflow_mdg/lib/python3.8/site-packages/airflow/example_dags/plugins/listener_plugin.py
[2024-04-06T23:51:38.558+0000] {processor.py:842} WARNING - No viable dags retrieved from /home/malangdataguy/miniconda3/envs/airflow_mdg/lib/python3.8/site-packages/airflow/example_dags/plugins/listener_plugin.py
[2024-04-06T23:51:38.578+0000] {processor.py:183} INFO - Processing /home/malangdataguy/miniconda3/envs/airflow_mdg/lib/python3.8/site-packages/airflow/example_dags/plugins/listener_plugin.py took 0.036 seconds
[2024-04-06T23:52:22.874+0000] {processor.py:161} INFO - Started process (PID=70064) to work on /home/malangdataguy/miniconda3/envs/airflow_mdg/lib/python3.8/site-packages/airflow/example_dags/plugins/listener_plugin.py
[2024-04-06T23:52:22.877+0000] {processor.py:830} INFO - Processing file /home/malangdataguy/miniconda3/envs/airflow_mdg/lib/python3.8/site-packages/airflow/example_dags/plugins/listener_plugin.py for tasks to queue
[2024-04-06T23:52:22.878+0000] {logging_mixin.py:188} INFO - [2024-04-06T23:52:22.878+0000] {dagbag.py:540} INFO - Filling up the DagBag from /home/malangdataguy/miniconda3/envs/airflow_mdg/lib/python3.8/site-packages/airflow/example_dags/plugins/listener_plugin.py
[2024-04-06T23:52:22.883+0000] {processor.py:842} WARNING - No viable dags retrieved from /home/malangdataguy/miniconda3/envs/airflow_mdg/lib/python3.8/site-packages/airflow/example_dags/plugins/listener_plugin.py
[2024-04-06T23:52:22.903+0000] {processor.py:183} INFO - Processing /home/malangdataguy/miniconda3/envs/airflow_mdg/lib/python3.8/site-packages/airflow/example_dags/plugins/listener_plugin.py took 0.035 seconds
[2024-04-06T23:53:06.192+0000] {processor.py:161} INFO - Started process (PID=70106) to work on /home/malangdataguy/miniconda3/envs/airflow_mdg/lib/python3.8/site-packages/airflow/example_dags/plugins/listener_plugin.py
[2024-04-06T23:53:06.194+0000] {processor.py:830} INFO - Processing file /home/malangdataguy/miniconda3/envs/airflow_mdg/lib/python3.8/site-packages/airflow/example_dags/plugins/listener_plugin.py for tasks to queue
[2024-04-06T23:53:06.196+0000] {logging_mixin.py:188} INFO - [2024-04-06T23:53:06.195+0000] {dagbag.py:540} INFO - Filling up the DagBag from /home/malangdataguy/miniconda3/envs/airflow_mdg/lib/python3.8/site-packages/airflow/example_dags/plugins/listener_plugin.py
[2024-04-06T23:53:06.200+0000] {processor.py:842} WARNING - No viable dags retrieved from /home/malangdataguy/miniconda3/envs/airflow_mdg/lib/python3.8/site-packages/airflow/example_dags/plugins/listener_plugin.py
[2024-04-06T23:53:06.217+0000] {processor.py:183} INFO - Processing /home/malangdataguy/miniconda3/envs/airflow_mdg/lib/python3.8/site-packages/airflow/example_dags/plugins/listener_plugin.py took 0.030 seconds
[2024-04-06T23:53:52.003+0000] {processor.py:161} INFO - Started process (PID=70167) to work on /home/malangdataguy/miniconda3/envs/airflow_mdg/lib/python3.8/site-packages/airflow/example_dags/plugins/listener_plugin.py
[2024-04-06T23:53:52.006+0000] {processor.py:830} INFO - Processing file /home/malangdataguy/miniconda3/envs/airflow_mdg/lib/python3.8/site-packages/airflow/example_dags/plugins/listener_plugin.py for tasks to queue
[2024-04-06T23:53:52.007+0000] {logging_mixin.py:188} INFO - [2024-04-06T23:53:52.007+0000] {dagbag.py:540} INFO - Filling up the DagBag from /home/malangdataguy/miniconda3/envs/airflow_mdg/lib/python3.8/site-packages/airflow/example_dags/plugins/listener_plugin.py
[2024-04-06T23:53:52.012+0000] {processor.py:842} WARNING - No viable dags retrieved from /home/malangdataguy/miniconda3/envs/airflow_mdg/lib/python3.8/site-packages/airflow/example_dags/plugins/listener_plugin.py
[2024-04-06T23:53:52.031+0000] {processor.py:183} INFO - Processing /home/malangdataguy/miniconda3/envs/airflow_mdg/lib/python3.8/site-packages/airflow/example_dags/plugins/listener_plugin.py took 0.033 seconds
[2024-04-06T23:54:34.265+0000] {processor.py:161} INFO - Started process (PID=70233) to work on /home/malangdataguy/miniconda3/envs/airflow_mdg/lib/python3.8/site-packages/airflow/example_dags/plugins/listener_plugin.py
[2024-04-06T23:54:34.268+0000] {processor.py:830} INFO - Processing file /home/malangdataguy/miniconda3/envs/airflow_mdg/lib/python3.8/site-packages/airflow/example_dags/plugins/listener_plugin.py for tasks to queue
[2024-04-06T23:54:34.270+0000] {logging_mixin.py:188} INFO - [2024-04-06T23:54:34.270+0000] {dagbag.py:540} INFO - Filling up the DagBag from /home/malangdataguy/miniconda3/envs/airflow_mdg/lib/python3.8/site-packages/airflow/example_dags/plugins/listener_plugin.py
[2024-04-06T23:54:34.275+0000] {processor.py:842} WARNING - No viable dags retrieved from /home/malangdataguy/miniconda3/envs/airflow_mdg/lib/python3.8/site-packages/airflow/example_dags/plugins/listener_plugin.py
[2024-04-06T23:54:34.294+0000] {processor.py:183} INFO - Processing /home/malangdataguy/miniconda3/envs/airflow_mdg/lib/python3.8/site-packages/airflow/example_dags/plugins/listener_plugin.py took 0.036 seconds
[2024-04-06T23:55:16.490+0000] {processor.py:161} INFO - Started process (PID=70274) to work on /home/malangdataguy/miniconda3/envs/airflow_mdg/lib/python3.8/site-packages/airflow/example_dags/plugins/listener_plugin.py
[2024-04-06T23:55:16.493+0000] {processor.py:830} INFO - Processing file /home/malangdataguy/miniconda3/envs/airflow_mdg/lib/python3.8/site-packages/airflow/example_dags/plugins/listener_plugin.py for tasks to queue
[2024-04-06T23:55:16.495+0000] {logging_mixin.py:188} INFO - [2024-04-06T23:55:16.494+0000] {dagbag.py:540} INFO - Filling up the DagBag from /home/malangdataguy/miniconda3/envs/airflow_mdg/lib/python3.8/site-packages/airflow/example_dags/plugins/listener_plugin.py
[2024-04-06T23:55:16.500+0000] {processor.py:842} WARNING - No viable dags retrieved from /home/malangdataguy/miniconda3/envs/airflow_mdg/lib/python3.8/site-packages/airflow/example_dags/plugins/listener_plugin.py
[2024-04-06T23:55:16.519+0000] {processor.py:183} INFO - Processing /home/malangdataguy/miniconda3/envs/airflow_mdg/lib/python3.8/site-packages/airflow/example_dags/plugins/listener_plugin.py took 0.035 seconds
[2024-04-06T23:55:59.005+0000] {processor.py:161} INFO - Started process (PID=70317) to work on /home/malangdataguy/miniconda3/envs/airflow_mdg/lib/python3.8/site-packages/airflow/example_dags/plugins/listener_plugin.py
[2024-04-06T23:55:59.009+0000] {processor.py:830} INFO - Processing file /home/malangdataguy/miniconda3/envs/airflow_mdg/lib/python3.8/site-packages/airflow/example_dags/plugins/listener_plugin.py for tasks to queue
[2024-04-06T23:55:59.011+0000] {logging_mixin.py:188} INFO - [2024-04-06T23:55:59.010+0000] {dagbag.py:540} INFO - Filling up the DagBag from /home/malangdataguy/miniconda3/envs/airflow_mdg/lib/python3.8/site-packages/airflow/example_dags/plugins/listener_plugin.py
[2024-04-06T23:55:59.015+0000] {processor.py:842} WARNING - No viable dags retrieved from /home/malangdataguy/miniconda3/envs/airflow_mdg/lib/python3.8/site-packages/airflow/example_dags/plugins/listener_plugin.py
[2024-04-06T23:55:59.034+0000] {processor.py:183} INFO - Processing /home/malangdataguy/miniconda3/envs/airflow_mdg/lib/python3.8/site-packages/airflow/example_dags/plugins/listener_plugin.py took 0.034 seconds
