[2024-04-06T23:09:06.662+0000] {processor.py:161} INFO - Started process (PID=68357) to work on /home/malangdataguy/miniconda3/envs/airflow_mdg/lib/python3.8/site-packages/airflow/example_dags/plugins/workday.py
[2024-04-06T23:09:06.665+0000] {processor.py:830} INFO - Processing file /home/malangdataguy/miniconda3/envs/airflow_mdg/lib/python3.8/site-packages/airflow/example_dags/plugins/workday.py for tasks to queue
[2024-04-06T23:09:06.667+0000] {logging_mixin.py:188} INFO - [2024-04-06T23:09:06.666+0000] {dagbag.py:540} INFO - Filling up the DagBag from /home/malangdataguy/miniconda3/envs/airflow_mdg/lib/python3.8/site-packages/airflow/example_dags/plugins/workday.py
[2024-04-06T23:09:07.176+0000] {processor.py:842} WARNING - No viable dags retrieved from /home/malangdataguy/miniconda3/envs/airflow_mdg/lib/python3.8/site-packages/airflow/example_dags/plugins/workday.py
[2024-04-06T23:09:07.193+0000] {processor.py:183} INFO - Processing /home/malangdataguy/miniconda3/envs/airflow_mdg/lib/python3.8/site-packages/airflow/example_dags/plugins/workday.py took 0.539 seconds
[2024-04-06T23:09:58.457+0000] {processor.py:161} INFO - Started process (PID=68407) to work on /home/malangdataguy/miniconda3/envs/airflow_mdg/lib/python3.8/site-packages/airflow/example_dags/plugins/workday.py
[2024-04-06T23:09:58.465+0000] {processor.py:830} INFO - Processing file /home/malangdataguy/miniconda3/envs/airflow_mdg/lib/python3.8/site-packages/airflow/example_dags/plugins/workday.py for tasks to queue
[2024-04-06T23:09:58.467+0000] {logging_mixin.py:188} INFO - [2024-04-06T23:09:58.466+0000] {dagbag.py:540} INFO - Filling up the DagBag from /home/malangdataguy/miniconda3/envs/airflow_mdg/lib/python3.8/site-packages/airflow/example_dags/plugins/workday.py
[2024-04-06T23:09:59.062+0000] {processor.py:842} WARNING - No viable dags retrieved from /home/malangdataguy/miniconda3/envs/airflow_mdg/lib/python3.8/site-packages/airflow/example_dags/plugins/workday.py
[2024-04-06T23:09:59.073+0000] {processor.py:183} INFO - Processing /home/malangdataguy/miniconda3/envs/airflow_mdg/lib/python3.8/site-packages/airflow/example_dags/plugins/workday.py took 0.621 seconds
[2024-04-06T23:10:45.199+0000] {processor.py:161} INFO - Started process (PID=68452) to work on /home/malangdataguy/miniconda3/envs/airflow_mdg/lib/python3.8/site-packages/airflow/example_dags/plugins/workday.py
[2024-04-06T23:10:45.209+0000] {processor.py:830} INFO - Processing file /home/malangdataguy/miniconda3/envs/airflow_mdg/lib/python3.8/site-packages/airflow/example_dags/plugins/workday.py for tasks to queue
[2024-04-06T23:10:45.210+0000] {logging_mixin.py:188} INFO - [2024-04-06T23:10:45.209+0000] {dagbag.py:540} INFO - Filling up the DagBag from /home/malangdataguy/miniconda3/envs/airflow_mdg/lib/python3.8/site-packages/airflow/example_dags/plugins/workday.py
[2024-04-06T23:10:45.796+0000] {processor.py:842} WARNING - No viable dags retrieved from /home/malangdataguy/miniconda3/envs/airflow_mdg/lib/python3.8/site-packages/airflow/example_dags/plugins/workday.py
[2024-04-06T23:10:45.807+0000] {processor.py:183} INFO - Processing /home/malangdataguy/miniconda3/envs/airflow_mdg/lib/python3.8/site-packages/airflow/example_dags/plugins/workday.py took 0.612 seconds
[2024-04-06T23:11:24.291+0000] {processor.py:161} INFO - Started process (PID=68502) to work on /home/malangdataguy/miniconda3/envs/airflow_mdg/lib/python3.8/site-packages/airflow/example_dags/plugins/workday.py
[2024-04-06T23:11:24.294+0000] {processor.py:830} INFO - Processing file /home/malangdataguy/miniconda3/envs/airflow_mdg/lib/python3.8/site-packages/airflow/example_dags/plugins/workday.py for tasks to queue
[2024-04-06T23:11:24.296+0000] {logging_mixin.py:188} INFO - [2024-04-06T23:11:24.295+0000] {dagbag.py:540} INFO - Filling up the DagBag from /home/malangdataguy/miniconda3/envs/airflow_mdg/lib/python3.8/site-packages/airflow/example_dags/plugins/workday.py
[2024-04-06T23:11:25.013+0000] {processor.py:842} WARNING - No viable dags retrieved from /home/malangdataguy/miniconda3/envs/airflow_mdg/lib/python3.8/site-packages/airflow/example_dags/plugins/workday.py
[2024-04-06T23:11:25.024+0000] {processor.py:183} INFO - Processing /home/malangdataguy/miniconda3/envs/airflow_mdg/lib/python3.8/site-packages/airflow/example_dags/plugins/workday.py took 0.738 seconds
[2024-04-06T23:12:07.362+0000] {processor.py:161} INFO - Started process (PID=68545) to work on /home/malangdataguy/miniconda3/envs/airflow_mdg/lib/python3.8/site-packages/airflow/example_dags/plugins/workday.py
[2024-04-06T23:12:07.366+0000] {processor.py:830} INFO - Processing file /home/malangdataguy/miniconda3/envs/airflow_mdg/lib/python3.8/site-packages/airflow/example_dags/plugins/workday.py for tasks to queue
[2024-04-06T23:12:07.367+0000] {logging_mixin.py:188} INFO - [2024-04-06T23:12:07.367+0000] {dagbag.py:540} INFO - Filling up the DagBag from /home/malangdataguy/miniconda3/envs/airflow_mdg/lib/python3.8/site-packages/airflow/example_dags/plugins/workday.py
[2024-04-06T23:12:08.067+0000] {processor.py:842} WARNING - No viable dags retrieved from /home/malangdataguy/miniconda3/envs/airflow_mdg/lib/python3.8/site-packages/airflow/example_dags/plugins/workday.py
[2024-04-06T23:12:08.078+0000] {processor.py:183} INFO - Processing /home/malangdataguy/miniconda3/envs/airflow_mdg/lib/python3.8/site-packages/airflow/example_dags/plugins/workday.py took 0.722 seconds
[2024-04-06T23:12:51.028+0000] {processor.py:161} INFO - Started process (PID=68588) to work on /home/malangdataguy/miniconda3/envs/airflow_mdg/lib/python3.8/site-packages/airflow/example_dags/plugins/workday.py
[2024-04-06T23:12:51.030+0000] {processor.py:830} INFO - Processing file /home/malangdataguy/miniconda3/envs/airflow_mdg/lib/python3.8/site-packages/airflow/example_dags/plugins/workday.py for tasks to queue
[2024-04-06T23:12:51.032+0000] {logging_mixin.py:188} INFO - [2024-04-06T23:12:51.031+0000] {dagbag.py:540} INFO - Filling up the DagBag from /home/malangdataguy/miniconda3/envs/airflow_mdg/lib/python3.8/site-packages/airflow/example_dags/plugins/workday.py
[2024-04-06T23:12:51.638+0000] {processor.py:842} WARNING - No viable dags retrieved from /home/malangdataguy/miniconda3/envs/airflow_mdg/lib/python3.8/site-packages/airflow/example_dags/plugins/workday.py
[2024-04-06T23:12:51.646+0000] {processor.py:183} INFO - Processing /home/malangdataguy/miniconda3/envs/airflow_mdg/lib/python3.8/site-packages/airflow/example_dags/plugins/workday.py took 0.625 seconds
[2024-04-06T23:13:30.933+0000] {processor.py:161} INFO - Started process (PID=68629) to work on /home/malangdataguy/miniconda3/envs/airflow_mdg/lib/python3.8/site-packages/airflow/example_dags/plugins/workday.py
[2024-04-06T23:13:30.936+0000] {processor.py:830} INFO - Processing file /home/malangdataguy/miniconda3/envs/airflow_mdg/lib/python3.8/site-packages/airflow/example_dags/plugins/workday.py for tasks to queue
[2024-04-06T23:13:30.938+0000] {logging_mixin.py:188} INFO - [2024-04-06T23:13:30.937+0000] {dagbag.py:540} INFO - Filling up the DagBag from /home/malangdataguy/miniconda3/envs/airflow_mdg/lib/python3.8/site-packages/airflow/example_dags/plugins/workday.py
[2024-04-06T23:13:31.551+0000] {processor.py:842} WARNING - No viable dags retrieved from /home/malangdataguy/miniconda3/envs/airflow_mdg/lib/python3.8/site-packages/airflow/example_dags/plugins/workday.py
[2024-04-06T23:13:31.560+0000] {processor.py:183} INFO - Processing /home/malangdataguy/miniconda3/envs/airflow_mdg/lib/python3.8/site-packages/airflow/example_dags/plugins/workday.py took 0.632 seconds
[2024-04-06T23:14:12.259+0000] {processor.py:161} INFO - Started process (PID=68673) to work on /home/malangdataguy/miniconda3/envs/airflow_mdg/lib/python3.8/site-packages/airflow/example_dags/plugins/workday.py
[2024-04-06T23:14:12.261+0000] {processor.py:830} INFO - Processing file /home/malangdataguy/miniconda3/envs/airflow_mdg/lib/python3.8/site-packages/airflow/example_dags/plugins/workday.py for tasks to queue
[2024-04-06T23:14:12.263+0000] {logging_mixin.py:188} INFO - [2024-04-06T23:14:12.262+0000] {dagbag.py:540} INFO - Filling up the DagBag from /home/malangdataguy/miniconda3/envs/airflow_mdg/lib/python3.8/site-packages/airflow/example_dags/plugins/workday.py
[2024-04-06T23:14:12.851+0000] {processor.py:842} WARNING - No viable dags retrieved from /home/malangdataguy/miniconda3/envs/airflow_mdg/lib/python3.8/site-packages/airflow/example_dags/plugins/workday.py
[2024-04-06T23:14:12.860+0000] {processor.py:183} INFO - Processing /home/malangdataguy/miniconda3/envs/airflow_mdg/lib/python3.8/site-packages/airflow/example_dags/plugins/workday.py took 0.606 seconds
[2024-04-06T23:14:56.142+0000] {processor.py:161} INFO - Started process (PID=68716) to work on /home/malangdataguy/miniconda3/envs/airflow_mdg/lib/python3.8/site-packages/airflow/example_dags/plugins/workday.py
[2024-04-06T23:14:56.144+0000] {processor.py:830} INFO - Processing file /home/malangdataguy/miniconda3/envs/airflow_mdg/lib/python3.8/site-packages/airflow/example_dags/plugins/workday.py for tasks to queue
[2024-04-06T23:14:56.146+0000] {logging_mixin.py:188} INFO - [2024-04-06T23:14:56.145+0000] {dagbag.py:540} INFO - Filling up the DagBag from /home/malangdataguy/miniconda3/envs/airflow_mdg/lib/python3.8/site-packages/airflow/example_dags/plugins/workday.py
[2024-04-06T23:14:56.718+0000] {processor.py:842} WARNING - No viable dags retrieved from /home/malangdataguy/miniconda3/envs/airflow_mdg/lib/python3.8/site-packages/airflow/example_dags/plugins/workday.py
[2024-04-06T23:14:56.727+0000] {processor.py:183} INFO - Processing /home/malangdataguy/miniconda3/envs/airflow_mdg/lib/python3.8/site-packages/airflow/example_dags/plugins/workday.py took 0.590 seconds
[2024-04-06T23:15:33.890+0000] {processor.py:161} INFO - Started process (PID=68755) to work on /home/malangdataguy/miniconda3/envs/airflow_mdg/lib/python3.8/site-packages/airflow/example_dags/plugins/workday.py
[2024-04-06T23:15:33.893+0000] {processor.py:830} INFO - Processing file /home/malangdataguy/miniconda3/envs/airflow_mdg/lib/python3.8/site-packages/airflow/example_dags/plugins/workday.py for tasks to queue
[2024-04-06T23:15:33.895+0000] {logging_mixin.py:188} INFO - [2024-04-06T23:15:33.894+0000] {dagbag.py:540} INFO - Filling up the DagBag from /home/malangdataguy/miniconda3/envs/airflow_mdg/lib/python3.8/site-packages/airflow/example_dags/plugins/workday.py
[2024-04-06T23:15:34.498+0000] {processor.py:842} WARNING - No viable dags retrieved from /home/malangdataguy/miniconda3/envs/airflow_mdg/lib/python3.8/site-packages/airflow/example_dags/plugins/workday.py
[2024-04-06T23:15:34.507+0000] {processor.py:183} INFO - Processing /home/malangdataguy/miniconda3/envs/airflow_mdg/lib/python3.8/site-packages/airflow/example_dags/plugins/workday.py took 0.623 seconds
[2024-04-06T23:16:12.420+0000] {processor.py:161} INFO - Started process (PID=68797) to work on /home/malangdataguy/miniconda3/envs/airflow_mdg/lib/python3.8/site-packages/airflow/example_dags/plugins/workday.py
[2024-04-06T23:16:12.423+0000] {processor.py:830} INFO - Processing file /home/malangdataguy/miniconda3/envs/airflow_mdg/lib/python3.8/site-packages/airflow/example_dags/plugins/workday.py for tasks to queue
[2024-04-06T23:16:12.424+0000] {logging_mixin.py:188} INFO - [2024-04-06T23:16:12.424+0000] {dagbag.py:540} INFO - Filling up the DagBag from /home/malangdataguy/miniconda3/envs/airflow_mdg/lib/python3.8/site-packages/airflow/example_dags/plugins/workday.py
[2024-04-06T23:16:13.067+0000] {processor.py:842} WARNING - No viable dags retrieved from /home/malangdataguy/miniconda3/envs/airflow_mdg/lib/python3.8/site-packages/airflow/example_dags/plugins/workday.py
[2024-04-06T23:16:13.076+0000] {processor.py:183} INFO - Processing /home/malangdataguy/miniconda3/envs/airflow_mdg/lib/python3.8/site-packages/airflow/example_dags/plugins/workday.py took 0.661 seconds
[2024-04-06T23:16:49.730+0000] {processor.py:161} INFO - Started process (PID=68835) to work on /home/malangdataguy/miniconda3/envs/airflow_mdg/lib/python3.8/site-packages/airflow/example_dags/plugins/workday.py
[2024-04-06T23:16:49.733+0000] {processor.py:830} INFO - Processing file /home/malangdataguy/miniconda3/envs/airflow_mdg/lib/python3.8/site-packages/airflow/example_dags/plugins/workday.py for tasks to queue
[2024-04-06T23:16:49.734+0000] {logging_mixin.py:188} INFO - [2024-04-06T23:16:49.733+0000] {dagbag.py:540} INFO - Filling up the DagBag from /home/malangdataguy/miniconda3/envs/airflow_mdg/lib/python3.8/site-packages/airflow/example_dags/plugins/workday.py
[2024-04-06T23:16:50.308+0000] {processor.py:842} WARNING - No viable dags retrieved from /home/malangdataguy/miniconda3/envs/airflow_mdg/lib/python3.8/site-packages/airflow/example_dags/plugins/workday.py
[2024-04-06T23:16:50.317+0000] {processor.py:183} INFO - Processing /home/malangdataguy/miniconda3/envs/airflow_mdg/lib/python3.8/site-packages/airflow/example_dags/plugins/workday.py took 0.591 seconds
[2024-04-06T23:17:31.172+0000] {processor.py:161} INFO - Started process (PID=68885) to work on /home/malangdataguy/miniconda3/envs/airflow_mdg/lib/python3.8/site-packages/airflow/example_dags/plugins/workday.py
[2024-04-06T23:17:31.174+0000] {processor.py:830} INFO - Processing file /home/malangdataguy/miniconda3/envs/airflow_mdg/lib/python3.8/site-packages/airflow/example_dags/plugins/workday.py for tasks to queue
[2024-04-06T23:17:31.176+0000] {logging_mixin.py:188} INFO - [2024-04-06T23:17:31.175+0000] {dagbag.py:540} INFO - Filling up the DagBag from /home/malangdataguy/miniconda3/envs/airflow_mdg/lib/python3.8/site-packages/airflow/example_dags/plugins/workday.py
[2024-04-06T23:17:31.743+0000] {processor.py:842} WARNING - No viable dags retrieved from /home/malangdataguy/miniconda3/envs/airflow_mdg/lib/python3.8/site-packages/airflow/example_dags/plugins/workday.py
[2024-04-06T23:17:31.751+0000] {processor.py:183} INFO - Processing /home/malangdataguy/miniconda3/envs/airflow_mdg/lib/python3.8/site-packages/airflow/example_dags/plugins/workday.py took 0.584 seconds
[2024-04-06T23:18:14.715+0000] {processor.py:161} INFO - Started process (PID=68928) to work on /home/malangdataguy/miniconda3/envs/airflow_mdg/lib/python3.8/site-packages/airflow/example_dags/plugins/workday.py
[2024-04-06T23:18:14.717+0000] {processor.py:830} INFO - Processing file /home/malangdataguy/miniconda3/envs/airflow_mdg/lib/python3.8/site-packages/airflow/example_dags/plugins/workday.py for tasks to queue
[2024-04-06T23:18:14.719+0000] {logging_mixin.py:188} INFO - [2024-04-06T23:18:14.718+0000] {dagbag.py:540} INFO - Filling up the DagBag from /home/malangdataguy/miniconda3/envs/airflow_mdg/lib/python3.8/site-packages/airflow/example_dags/plugins/workday.py
[2024-04-06T23:18:15.311+0000] {processor.py:842} WARNING - No viable dags retrieved from /home/malangdataguy/miniconda3/envs/airflow_mdg/lib/python3.8/site-packages/airflow/example_dags/plugins/workday.py
[2024-04-06T23:18:15.323+0000] {processor.py:183} INFO - Processing /home/malangdataguy/miniconda3/envs/airflow_mdg/lib/python3.8/site-packages/airflow/example_dags/plugins/workday.py took 0.613 seconds
[2024-04-06T23:18:55.847+0000] {processor.py:161} INFO - Started process (PID=68970) to work on /home/malangdataguy/miniconda3/envs/airflow_mdg/lib/python3.8/site-packages/airflow/example_dags/plugins/workday.py
[2024-04-06T23:18:55.851+0000] {processor.py:830} INFO - Processing file /home/malangdataguy/miniconda3/envs/airflow_mdg/lib/python3.8/site-packages/airflow/example_dags/plugins/workday.py for tasks to queue
[2024-04-06T23:18:55.852+0000] {logging_mixin.py:188} INFO - [2024-04-06T23:18:55.852+0000] {dagbag.py:540} INFO - Filling up the DagBag from /home/malangdataguy/miniconda3/envs/airflow_mdg/lib/python3.8/site-packages/airflow/example_dags/plugins/workday.py
[2024-04-06T23:18:56.559+0000] {processor.py:842} WARNING - No viable dags retrieved from /home/malangdataguy/miniconda3/envs/airflow_mdg/lib/python3.8/site-packages/airflow/example_dags/plugins/workday.py
[2024-04-06T23:18:56.571+0000] {processor.py:183} INFO - Processing /home/malangdataguy/miniconda3/envs/airflow_mdg/lib/python3.8/site-packages/airflow/example_dags/plugins/workday.py took 0.729 seconds
[2024-04-06T23:19:37.755+0000] {processor.py:161} INFO - Started process (PID=69011) to work on /home/malangdataguy/miniconda3/envs/airflow_mdg/lib/python3.8/site-packages/airflow/example_dags/plugins/workday.py
[2024-04-06T23:19:37.760+0000] {processor.py:830} INFO - Processing file /home/malangdataguy/miniconda3/envs/airflow_mdg/lib/python3.8/site-packages/airflow/example_dags/plugins/workday.py for tasks to queue
[2024-04-06T23:19:37.763+0000] {logging_mixin.py:188} INFO - [2024-04-06T23:19:37.762+0000] {dagbag.py:540} INFO - Filling up the DagBag from /home/malangdataguy/miniconda3/envs/airflow_mdg/lib/python3.8/site-packages/airflow/example_dags/plugins/workday.py
[2024-04-06T23:19:39.204+0000] {processor.py:842} WARNING - No viable dags retrieved from /home/malangdataguy/miniconda3/envs/airflow_mdg/lib/python3.8/site-packages/airflow/example_dags/plugins/workday.py
[2024-04-06T23:19:39.228+0000] {processor.py:183} INFO - Processing /home/malangdataguy/miniconda3/envs/airflow_mdg/lib/python3.8/site-packages/airflow/example_dags/plugins/workday.py took 1.482 seconds
[2024-04-06T23:20:24.735+0000] {processor.py:161} INFO - Started process (PID=69057) to work on /home/malangdataguy/miniconda3/envs/airflow_mdg/lib/python3.8/site-packages/airflow/example_dags/plugins/workday.py
[2024-04-06T23:20:24.738+0000] {processor.py:830} INFO - Processing file /home/malangdataguy/miniconda3/envs/airflow_mdg/lib/python3.8/site-packages/airflow/example_dags/plugins/workday.py for tasks to queue
[2024-04-06T23:20:24.739+0000] {logging_mixin.py:188} INFO - [2024-04-06T23:20:24.738+0000] {dagbag.py:540} INFO - Filling up the DagBag from /home/malangdataguy/miniconda3/envs/airflow_mdg/lib/python3.8/site-packages/airflow/example_dags/plugins/workday.py
[2024-04-06T23:20:25.426+0000] {processor.py:842} WARNING - No viable dags retrieved from /home/malangdataguy/miniconda3/envs/airflow_mdg/lib/python3.8/site-packages/airflow/example_dags/plugins/workday.py
[2024-04-06T23:20:25.439+0000] {processor.py:183} INFO - Processing /home/malangdataguy/miniconda3/envs/airflow_mdg/lib/python3.8/site-packages/airflow/example_dags/plugins/workday.py took 0.709 seconds
[2024-04-06T23:21:07.781+0000] {processor.py:161} INFO - Started process (PID=69103) to work on /home/malangdataguy/miniconda3/envs/airflow_mdg/lib/python3.8/site-packages/airflow/example_dags/plugins/workday.py
[2024-04-06T23:21:07.784+0000] {processor.py:830} INFO - Processing file /home/malangdataguy/miniconda3/envs/airflow_mdg/lib/python3.8/site-packages/airflow/example_dags/plugins/workday.py for tasks to queue
[2024-04-06T23:21:07.786+0000] {logging_mixin.py:188} INFO - [2024-04-06T23:21:07.785+0000] {dagbag.py:540} INFO - Filling up the DagBag from /home/malangdataguy/miniconda3/envs/airflow_mdg/lib/python3.8/site-packages/airflow/example_dags/plugins/workday.py
[2024-04-06T23:21:08.387+0000] {processor.py:842} WARNING - No viable dags retrieved from /home/malangdataguy/miniconda3/envs/airflow_mdg/lib/python3.8/site-packages/airflow/example_dags/plugins/workday.py
[2024-04-06T23:21:08.397+0000] {processor.py:183} INFO - Processing /home/malangdataguy/miniconda3/envs/airflow_mdg/lib/python3.8/site-packages/airflow/example_dags/plugins/workday.py took 0.621 seconds
[2024-04-06T23:21:47.244+0000] {processor.py:161} INFO - Started process (PID=69141) to work on /home/malangdataguy/miniconda3/envs/airflow_mdg/lib/python3.8/site-packages/airflow/example_dags/plugins/workday.py
[2024-04-06T23:21:47.247+0000] {processor.py:830} INFO - Processing file /home/malangdataguy/miniconda3/envs/airflow_mdg/lib/python3.8/site-packages/airflow/example_dags/plugins/workday.py for tasks to queue
[2024-04-06T23:21:47.248+0000] {logging_mixin.py:188} INFO - [2024-04-06T23:21:47.247+0000] {dagbag.py:540} INFO - Filling up the DagBag from /home/malangdataguy/miniconda3/envs/airflow_mdg/lib/python3.8/site-packages/airflow/example_dags/plugins/workday.py
[2024-04-06T23:21:47.923+0000] {processor.py:842} WARNING - No viable dags retrieved from /home/malangdataguy/miniconda3/envs/airflow_mdg/lib/python3.8/site-packages/airflow/example_dags/plugins/workday.py
[2024-04-06T23:21:47.932+0000] {processor.py:183} INFO - Processing /home/malangdataguy/miniconda3/envs/airflow_mdg/lib/python3.8/site-packages/airflow/example_dags/plugins/workday.py took 0.694 seconds
[2024-04-06T23:40:09.986+0000] {processor.py:161} INFO - Started process (PID=69270) to work on /home/malangdataguy/miniconda3/envs/airflow_mdg/lib/python3.8/site-packages/airflow/example_dags/plugins/workday.py
[2024-04-06T23:40:10.001+0000] {processor.py:830} INFO - Processing file /home/malangdataguy/miniconda3/envs/airflow_mdg/lib/python3.8/site-packages/airflow/example_dags/plugins/workday.py for tasks to queue
[2024-04-06T23:40:10.003+0000] {logging_mixin.py:188} INFO - [2024-04-06T23:40:10.002+0000] {dagbag.py:540} INFO - Filling up the DagBag from /home/malangdataguy/miniconda3/envs/airflow_mdg/lib/python3.8/site-packages/airflow/example_dags/plugins/workday.py
[2024-04-06T23:40:10.549+0000] {processor.py:842} WARNING - No viable dags retrieved from /home/malangdataguy/miniconda3/envs/airflow_mdg/lib/python3.8/site-packages/airflow/example_dags/plugins/workday.py
[2024-04-06T23:40:10.568+0000] {processor.py:183} INFO - Processing /home/malangdataguy/miniconda3/envs/airflow_mdg/lib/python3.8/site-packages/airflow/example_dags/plugins/workday.py took 0.591 seconds
[2024-04-06T23:41:03.914+0000] {processor.py:161} INFO - Started process (PID=69320) to work on /home/malangdataguy/miniconda3/envs/airflow_mdg/lib/python3.8/site-packages/airflow/example_dags/plugins/workday.py
[2024-04-06T23:41:03.916+0000] {processor.py:830} INFO - Processing file /home/malangdataguy/miniconda3/envs/airflow_mdg/lib/python3.8/site-packages/airflow/example_dags/plugins/workday.py for tasks to queue
[2024-04-06T23:41:03.918+0000] {logging_mixin.py:188} INFO - [2024-04-06T23:41:03.917+0000] {dagbag.py:540} INFO - Filling up the DagBag from /home/malangdataguy/miniconda3/envs/airflow_mdg/lib/python3.8/site-packages/airflow/example_dags/plugins/workday.py
[2024-04-06T23:41:04.556+0000] {processor.py:842} WARNING - No viable dags retrieved from /home/malangdataguy/miniconda3/envs/airflow_mdg/lib/python3.8/site-packages/airflow/example_dags/plugins/workday.py
[2024-04-06T23:41:04.567+0000] {processor.py:183} INFO - Processing /home/malangdataguy/miniconda3/envs/airflow_mdg/lib/python3.8/site-packages/airflow/example_dags/plugins/workday.py took 0.658 seconds
[2024-04-06T23:41:47.248+0000] {processor.py:161} INFO - Started process (PID=69362) to work on /home/malangdataguy/miniconda3/envs/airflow_mdg/lib/python3.8/site-packages/airflow/example_dags/plugins/workday.py
[2024-04-06T23:41:47.250+0000] {processor.py:830} INFO - Processing file /home/malangdataguy/miniconda3/envs/airflow_mdg/lib/python3.8/site-packages/airflow/example_dags/plugins/workday.py for tasks to queue
[2024-04-06T23:41:47.252+0000] {logging_mixin.py:188} INFO - [2024-04-06T23:41:47.251+0000] {dagbag.py:540} INFO - Filling up the DagBag from /home/malangdataguy/miniconda3/envs/airflow_mdg/lib/python3.8/site-packages/airflow/example_dags/plugins/workday.py
[2024-04-06T23:41:47.855+0000] {processor.py:842} WARNING - No viable dags retrieved from /home/malangdataguy/miniconda3/envs/airflow_mdg/lib/python3.8/site-packages/airflow/example_dags/plugins/workday.py
[2024-04-06T23:41:47.866+0000] {processor.py:183} INFO - Processing /home/malangdataguy/miniconda3/envs/airflow_mdg/lib/python3.8/site-packages/airflow/example_dags/plugins/workday.py took 0.623 seconds
[2024-04-06T23:42:32.569+0000] {processor.py:161} INFO - Started process (PID=69406) to work on /home/malangdataguy/miniconda3/envs/airflow_mdg/lib/python3.8/site-packages/airflow/example_dags/plugins/workday.py
[2024-04-06T23:42:32.572+0000] {processor.py:830} INFO - Processing file /home/malangdataguy/miniconda3/envs/airflow_mdg/lib/python3.8/site-packages/airflow/example_dags/plugins/workday.py for tasks to queue
[2024-04-06T23:42:32.573+0000] {logging_mixin.py:188} INFO - [2024-04-06T23:42:32.573+0000] {dagbag.py:540} INFO - Filling up the DagBag from /home/malangdataguy/miniconda3/envs/airflow_mdg/lib/python3.8/site-packages/airflow/example_dags/plugins/workday.py
[2024-04-06T23:42:33.168+0000] {processor.py:842} WARNING - No viable dags retrieved from /home/malangdataguy/miniconda3/envs/airflow_mdg/lib/python3.8/site-packages/airflow/example_dags/plugins/workday.py
[2024-04-06T23:42:33.177+0000] {processor.py:183} INFO - Processing /home/malangdataguy/miniconda3/envs/airflow_mdg/lib/python3.8/site-packages/airflow/example_dags/plugins/workday.py took 0.613 seconds
[2024-04-06T23:43:15.811+0000] {processor.py:161} INFO - Started process (PID=69450) to work on /home/malangdataguy/miniconda3/envs/airflow_mdg/lib/python3.8/site-packages/airflow/example_dags/plugins/workday.py
[2024-04-06T23:43:15.813+0000] {processor.py:830} INFO - Processing file /home/malangdataguy/miniconda3/envs/airflow_mdg/lib/python3.8/site-packages/airflow/example_dags/plugins/workday.py for tasks to queue
[2024-04-06T23:43:15.815+0000] {logging_mixin.py:188} INFO - [2024-04-06T23:43:15.814+0000] {dagbag.py:540} INFO - Filling up the DagBag from /home/malangdataguy/miniconda3/envs/airflow_mdg/lib/python3.8/site-packages/airflow/example_dags/plugins/workday.py
[2024-04-06T23:43:16.419+0000] {processor.py:842} WARNING - No viable dags retrieved from /home/malangdataguy/miniconda3/envs/airflow_mdg/lib/python3.8/site-packages/airflow/example_dags/plugins/workday.py
[2024-04-06T23:43:16.428+0000] {processor.py:183} INFO - Processing /home/malangdataguy/miniconda3/envs/airflow_mdg/lib/python3.8/site-packages/airflow/example_dags/plugins/workday.py took 0.622 seconds
[2024-04-06T23:44:01.183+0000] {processor.py:161} INFO - Started process (PID=69509) to work on /home/malangdataguy/miniconda3/envs/airflow_mdg/lib/python3.8/site-packages/airflow/example_dags/plugins/workday.py
[2024-04-06T23:44:01.186+0000] {processor.py:830} INFO - Processing file /home/malangdataguy/miniconda3/envs/airflow_mdg/lib/python3.8/site-packages/airflow/example_dags/plugins/workday.py for tasks to queue
[2024-04-06T23:44:01.187+0000] {logging_mixin.py:188} INFO - [2024-04-06T23:44:01.186+0000] {dagbag.py:540} INFO - Filling up the DagBag from /home/malangdataguy/miniconda3/envs/airflow_mdg/lib/python3.8/site-packages/airflow/example_dags/plugins/workday.py
[2024-04-06T23:44:01.863+0000] {processor.py:842} WARNING - No viable dags retrieved from /home/malangdataguy/miniconda3/envs/airflow_mdg/lib/python3.8/site-packages/airflow/example_dags/plugins/workday.py
[2024-04-06T23:44:01.874+0000] {processor.py:183} INFO - Processing /home/malangdataguy/miniconda3/envs/airflow_mdg/lib/python3.8/site-packages/airflow/example_dags/plugins/workday.py took 0.696 seconds
[2024-04-06T23:44:44.197+0000] {processor.py:161} INFO - Started process (PID=69554) to work on /home/malangdataguy/miniconda3/envs/airflow_mdg/lib/python3.8/site-packages/airflow/example_dags/plugins/workday.py
[2024-04-06T23:44:44.200+0000] {processor.py:830} INFO - Processing file /home/malangdataguy/miniconda3/envs/airflow_mdg/lib/python3.8/site-packages/airflow/example_dags/plugins/workday.py for tasks to queue
[2024-04-06T23:44:44.201+0000] {logging_mixin.py:188} INFO - [2024-04-06T23:44:44.201+0000] {dagbag.py:540} INFO - Filling up the DagBag from /home/malangdataguy/miniconda3/envs/airflow_mdg/lib/python3.8/site-packages/airflow/example_dags/plugins/workday.py
[2024-04-06T23:44:44.873+0000] {processor.py:842} WARNING - No viable dags retrieved from /home/malangdataguy/miniconda3/envs/airflow_mdg/lib/python3.8/site-packages/airflow/example_dags/plugins/workday.py
[2024-04-06T23:44:44.884+0000] {processor.py:183} INFO - Processing /home/malangdataguy/miniconda3/envs/airflow_mdg/lib/python3.8/site-packages/airflow/example_dags/plugins/workday.py took 0.692 seconds
[2024-04-06T23:45:26.874+0000] {processor.py:161} INFO - Started process (PID=69600) to work on /home/malangdataguy/miniconda3/envs/airflow_mdg/lib/python3.8/site-packages/airflow/example_dags/plugins/workday.py
[2024-04-06T23:45:26.876+0000] {processor.py:830} INFO - Processing file /home/malangdataguy/miniconda3/envs/airflow_mdg/lib/python3.8/site-packages/airflow/example_dags/plugins/workday.py for tasks to queue
[2024-04-06T23:45:26.878+0000] {logging_mixin.py:188} INFO - [2024-04-06T23:45:26.877+0000] {dagbag.py:540} INFO - Filling up the DagBag from /home/malangdataguy/miniconda3/envs/airflow_mdg/lib/python3.8/site-packages/airflow/example_dags/plugins/workday.py
[2024-04-06T23:45:27.480+0000] {processor.py:842} WARNING - No viable dags retrieved from /home/malangdataguy/miniconda3/envs/airflow_mdg/lib/python3.8/site-packages/airflow/example_dags/plugins/workday.py
[2024-04-06T23:45:27.491+0000] {processor.py:183} INFO - Processing /home/malangdataguy/miniconda3/envs/airflow_mdg/lib/python3.8/site-packages/airflow/example_dags/plugins/workday.py took 0.622 seconds
[2024-04-06T23:46:08.169+0000] {processor.py:161} INFO - Started process (PID=69644) to work on /home/malangdataguy/miniconda3/envs/airflow_mdg/lib/python3.8/site-packages/airflow/example_dags/plugins/workday.py
[2024-04-06T23:46:08.172+0000] {processor.py:830} INFO - Processing file /home/malangdataguy/miniconda3/envs/airflow_mdg/lib/python3.8/site-packages/airflow/example_dags/plugins/workday.py for tasks to queue
[2024-04-06T23:46:08.173+0000] {logging_mixin.py:188} INFO - [2024-04-06T23:46:08.173+0000] {dagbag.py:540} INFO - Filling up the DagBag from /home/malangdataguy/miniconda3/envs/airflow_mdg/lib/python3.8/site-packages/airflow/example_dags/plugins/workday.py
[2024-04-06T23:46:08.819+0000] {processor.py:842} WARNING - No viable dags retrieved from /home/malangdataguy/miniconda3/envs/airflow_mdg/lib/python3.8/site-packages/airflow/example_dags/plugins/workday.py
[2024-04-06T23:46:08.830+0000] {processor.py:183} INFO - Processing /home/malangdataguy/miniconda3/envs/airflow_mdg/lib/python3.8/site-packages/airflow/example_dags/plugins/workday.py took 0.665 seconds
[2024-04-06T23:46:47.488+0000] {processor.py:161} INFO - Started process (PID=69701) to work on /home/malangdataguy/miniconda3/envs/airflow_mdg/lib/python3.8/site-packages/airflow/example_dags/plugins/workday.py
[2024-04-06T23:46:47.491+0000] {processor.py:830} INFO - Processing file /home/malangdataguy/miniconda3/envs/airflow_mdg/lib/python3.8/site-packages/airflow/example_dags/plugins/workday.py for tasks to queue
[2024-04-06T23:46:47.492+0000] {logging_mixin.py:188} INFO - [2024-04-06T23:46:47.491+0000] {dagbag.py:540} INFO - Filling up the DagBag from /home/malangdataguy/miniconda3/envs/airflow_mdg/lib/python3.8/site-packages/airflow/example_dags/plugins/workday.py
[2024-04-06T23:46:48.068+0000] {processor.py:842} WARNING - No viable dags retrieved from /home/malangdataguy/miniconda3/envs/airflow_mdg/lib/python3.8/site-packages/airflow/example_dags/plugins/workday.py
[2024-04-06T23:46:48.078+0000] {processor.py:183} INFO - Processing /home/malangdataguy/miniconda3/envs/airflow_mdg/lib/python3.8/site-packages/airflow/example_dags/plugins/workday.py took 0.595 seconds
[2024-04-06T23:47:25.799+0000] {processor.py:161} INFO - Started process (PID=69756) to work on /home/malangdataguy/miniconda3/envs/airflow_mdg/lib/python3.8/site-packages/airflow/example_dags/plugins/workday.py
[2024-04-06T23:47:25.801+0000] {processor.py:830} INFO - Processing file /home/malangdataguy/miniconda3/envs/airflow_mdg/lib/python3.8/site-packages/airflow/example_dags/plugins/workday.py for tasks to queue
[2024-04-06T23:47:25.803+0000] {logging_mixin.py:188} INFO - [2024-04-06T23:47:25.802+0000] {dagbag.py:540} INFO - Filling up the DagBag from /home/malangdataguy/miniconda3/envs/airflow_mdg/lib/python3.8/site-packages/airflow/example_dags/plugins/workday.py
[2024-04-06T23:47:26.495+0000] {processor.py:842} WARNING - No viable dags retrieved from /home/malangdataguy/miniconda3/envs/airflow_mdg/lib/python3.8/site-packages/airflow/example_dags/plugins/workday.py
[2024-04-06T23:47:26.531+0000] {processor.py:183} INFO - Processing /home/malangdataguy/miniconda3/envs/airflow_mdg/lib/python3.8/site-packages/airflow/example_dags/plugins/workday.py took 0.737 seconds
[2024-04-06T23:48:09.075+0000] {processor.py:161} INFO - Started process (PID=69803) to work on /home/malangdataguy/miniconda3/envs/airflow_mdg/lib/python3.8/site-packages/airflow/example_dags/plugins/workday.py
[2024-04-06T23:48:09.078+0000] {processor.py:830} INFO - Processing file /home/malangdataguy/miniconda3/envs/airflow_mdg/lib/python3.8/site-packages/airflow/example_dags/plugins/workday.py for tasks to queue
[2024-04-06T23:48:09.079+0000] {logging_mixin.py:188} INFO - [2024-04-06T23:48:09.079+0000] {dagbag.py:540} INFO - Filling up the DagBag from /home/malangdataguy/miniconda3/envs/airflow_mdg/lib/python3.8/site-packages/airflow/example_dags/plugins/workday.py
[2024-04-06T23:48:09.882+0000] {processor.py:842} WARNING - No viable dags retrieved from /home/malangdataguy/miniconda3/envs/airflow_mdg/lib/python3.8/site-packages/airflow/example_dags/plugins/workday.py
[2024-04-06T23:48:09.894+0000] {processor.py:183} INFO - Processing /home/malangdataguy/miniconda3/envs/airflow_mdg/lib/python3.8/site-packages/airflow/example_dags/plugins/workday.py took 0.825 seconds
[2024-04-06T23:48:49.905+0000] {processor.py:161} INFO - Started process (PID=69845) to work on /home/malangdataguy/miniconda3/envs/airflow_mdg/lib/python3.8/site-packages/airflow/example_dags/plugins/workday.py
[2024-04-06T23:48:49.908+0000] {processor.py:830} INFO - Processing file /home/malangdataguy/miniconda3/envs/airflow_mdg/lib/python3.8/site-packages/airflow/example_dags/plugins/workday.py for tasks to queue
[2024-04-06T23:48:49.910+0000] {logging_mixin.py:188} INFO - [2024-04-06T23:48:49.909+0000] {dagbag.py:540} INFO - Filling up the DagBag from /home/malangdataguy/miniconda3/envs/airflow_mdg/lib/python3.8/site-packages/airflow/example_dags/plugins/workday.py
[2024-04-06T23:48:50.504+0000] {processor.py:842} WARNING - No viable dags retrieved from /home/malangdataguy/miniconda3/envs/airflow_mdg/lib/python3.8/site-packages/airflow/example_dags/plugins/workday.py
[2024-04-06T23:48:50.513+0000] {processor.py:183} INFO - Processing /home/malangdataguy/miniconda3/envs/airflow_mdg/lib/python3.8/site-packages/airflow/example_dags/plugins/workday.py took 0.612 seconds
[2024-04-06T23:49:34.953+0000] {processor.py:161} INFO - Started process (PID=69888) to work on /home/malangdataguy/miniconda3/envs/airflow_mdg/lib/python3.8/site-packages/airflow/example_dags/plugins/workday.py
[2024-04-06T23:49:34.956+0000] {processor.py:830} INFO - Processing file /home/malangdataguy/miniconda3/envs/airflow_mdg/lib/python3.8/site-packages/airflow/example_dags/plugins/workday.py for tasks to queue
[2024-04-06T23:49:34.957+0000] {logging_mixin.py:188} INFO - [2024-04-06T23:49:34.957+0000] {dagbag.py:540} INFO - Filling up the DagBag from /home/malangdataguy/miniconda3/envs/airflow_mdg/lib/python3.8/site-packages/airflow/example_dags/plugins/workday.py
[2024-04-06T23:49:35.637+0000] {processor.py:842} WARNING - No viable dags retrieved from /home/malangdataguy/miniconda3/envs/airflow_mdg/lib/python3.8/site-packages/airflow/example_dags/plugins/workday.py
[2024-04-06T23:49:35.647+0000] {processor.py:183} INFO - Processing /home/malangdataguy/miniconda3/envs/airflow_mdg/lib/python3.8/site-packages/airflow/example_dags/plugins/workday.py took 0.699 seconds
[2024-04-06T23:50:12.603+0000] {processor.py:161} INFO - Started process (PID=69930) to work on /home/malangdataguy/miniconda3/envs/airflow_mdg/lib/python3.8/site-packages/airflow/example_dags/plugins/workday.py
[2024-04-06T23:50:12.606+0000] {processor.py:830} INFO - Processing file /home/malangdataguy/miniconda3/envs/airflow_mdg/lib/python3.8/site-packages/airflow/example_dags/plugins/workday.py for tasks to queue
[2024-04-06T23:50:12.607+0000] {logging_mixin.py:188} INFO - [2024-04-06T23:50:12.606+0000] {dagbag.py:540} INFO - Filling up the DagBag from /home/malangdataguy/miniconda3/envs/airflow_mdg/lib/python3.8/site-packages/airflow/example_dags/plugins/workday.py
[2024-04-06T23:50:13.206+0000] {processor.py:842} WARNING - No viable dags retrieved from /home/malangdataguy/miniconda3/envs/airflow_mdg/lib/python3.8/site-packages/airflow/example_dags/plugins/workday.py
[2024-04-06T23:50:13.215+0000] {processor.py:183} INFO - Processing /home/malangdataguy/miniconda3/envs/airflow_mdg/lib/python3.8/site-packages/airflow/example_dags/plugins/workday.py took 0.616 seconds
[2024-04-06T23:50:52.892+0000] {processor.py:161} INFO - Started process (PID=69969) to work on /home/malangdataguy/miniconda3/envs/airflow_mdg/lib/python3.8/site-packages/airflow/example_dags/plugins/workday.py
[2024-04-06T23:50:52.895+0000] {processor.py:830} INFO - Processing file /home/malangdataguy/miniconda3/envs/airflow_mdg/lib/python3.8/site-packages/airflow/example_dags/plugins/workday.py for tasks to queue
[2024-04-06T23:50:52.897+0000] {logging_mixin.py:188} INFO - [2024-04-06T23:50:52.896+0000] {dagbag.py:540} INFO - Filling up the DagBag from /home/malangdataguy/miniconda3/envs/airflow_mdg/lib/python3.8/site-packages/airflow/example_dags/plugins/workday.py
[2024-04-06T23:50:53.572+0000] {processor.py:842} WARNING - No viable dags retrieved from /home/malangdataguy/miniconda3/envs/airflow_mdg/lib/python3.8/site-packages/airflow/example_dags/plugins/workday.py
[2024-04-06T23:50:53.586+0000] {processor.py:183} INFO - Processing /home/malangdataguy/miniconda3/envs/airflow_mdg/lib/python3.8/site-packages/airflow/example_dags/plugins/workday.py took 0.699 seconds
[2024-04-06T23:51:35.698+0000] {processor.py:161} INFO - Started process (PID=70014) to work on /home/malangdataguy/miniconda3/envs/airflow_mdg/lib/python3.8/site-packages/airflow/example_dags/plugins/workday.py
[2024-04-06T23:51:35.701+0000] {processor.py:830} INFO - Processing file /home/malangdataguy/miniconda3/envs/airflow_mdg/lib/python3.8/site-packages/airflow/example_dags/plugins/workday.py for tasks to queue
[2024-04-06T23:51:35.702+0000] {logging_mixin.py:188} INFO - [2024-04-06T23:51:35.702+0000] {dagbag.py:540} INFO - Filling up the DagBag from /home/malangdataguy/miniconda3/envs/airflow_mdg/lib/python3.8/site-packages/airflow/example_dags/plugins/workday.py
[2024-04-06T23:51:36.297+0000] {processor.py:842} WARNING - No viable dags retrieved from /home/malangdataguy/miniconda3/envs/airflow_mdg/lib/python3.8/site-packages/airflow/example_dags/plugins/workday.py
[2024-04-06T23:51:36.305+0000] {processor.py:183} INFO - Processing /home/malangdataguy/miniconda3/envs/airflow_mdg/lib/python3.8/site-packages/airflow/example_dags/plugins/workday.py took 0.612 seconds
[2024-04-06T23:52:19.959+0000] {processor.py:161} INFO - Started process (PID=70060) to work on /home/malangdataguy/miniconda3/envs/airflow_mdg/lib/python3.8/site-packages/airflow/example_dags/plugins/workday.py
[2024-04-06T23:52:19.961+0000] {processor.py:830} INFO - Processing file /home/malangdataguy/miniconda3/envs/airflow_mdg/lib/python3.8/site-packages/airflow/example_dags/plugins/workday.py for tasks to queue
[2024-04-06T23:52:19.963+0000] {logging_mixin.py:188} INFO - [2024-04-06T23:52:19.962+0000] {dagbag.py:540} INFO - Filling up the DagBag from /home/malangdataguy/miniconda3/envs/airflow_mdg/lib/python3.8/site-packages/airflow/example_dags/plugins/workday.py
[2024-04-06T23:52:20.581+0000] {processor.py:842} WARNING - No viable dags retrieved from /home/malangdataguy/miniconda3/envs/airflow_mdg/lib/python3.8/site-packages/airflow/example_dags/plugins/workday.py
[2024-04-06T23:52:20.590+0000] {processor.py:183} INFO - Processing /home/malangdataguy/miniconda3/envs/airflow_mdg/lib/python3.8/site-packages/airflow/example_dags/plugins/workday.py took 0.636 seconds
[2024-04-06T23:53:03.193+0000] {processor.py:161} INFO - Started process (PID=70102) to work on /home/malangdataguy/miniconda3/envs/airflow_mdg/lib/python3.8/site-packages/airflow/example_dags/plugins/workday.py
[2024-04-06T23:53:03.196+0000] {processor.py:830} INFO - Processing file /home/malangdataguy/miniconda3/envs/airflow_mdg/lib/python3.8/site-packages/airflow/example_dags/plugins/workday.py for tasks to queue
[2024-04-06T23:53:03.197+0000] {logging_mixin.py:188} INFO - [2024-04-06T23:53:03.197+0000] {dagbag.py:540} INFO - Filling up the DagBag from /home/malangdataguy/miniconda3/envs/airflow_mdg/lib/python3.8/site-packages/airflow/example_dags/plugins/workday.py
[2024-04-06T23:53:03.886+0000] {processor.py:842} WARNING - No viable dags retrieved from /home/malangdataguy/miniconda3/envs/airflow_mdg/lib/python3.8/site-packages/airflow/example_dags/plugins/workday.py
[2024-04-06T23:53:03.895+0000] {processor.py:183} INFO - Processing /home/malangdataguy/miniconda3/envs/airflow_mdg/lib/python3.8/site-packages/airflow/example_dags/plugins/workday.py took 0.708 seconds
[2024-04-06T23:53:49.089+0000] {processor.py:161} INFO - Started process (PID=70163) to work on /home/malangdataguy/miniconda3/envs/airflow_mdg/lib/python3.8/site-packages/airflow/example_dags/plugins/workday.py
[2024-04-06T23:53:49.092+0000] {processor.py:830} INFO - Processing file /home/malangdataguy/miniconda3/envs/airflow_mdg/lib/python3.8/site-packages/airflow/example_dags/plugins/workday.py for tasks to queue
[2024-04-06T23:53:49.093+0000] {logging_mixin.py:188} INFO - [2024-04-06T23:53:49.093+0000] {dagbag.py:540} INFO - Filling up the DagBag from /home/malangdataguy/miniconda3/envs/airflow_mdg/lib/python3.8/site-packages/airflow/example_dags/plugins/workday.py
[2024-04-06T23:53:49.714+0000] {processor.py:842} WARNING - No viable dags retrieved from /home/malangdataguy/miniconda3/envs/airflow_mdg/lib/python3.8/site-packages/airflow/example_dags/plugins/workday.py
[2024-04-06T23:53:49.723+0000] {processor.py:183} INFO - Processing /home/malangdataguy/miniconda3/envs/airflow_mdg/lib/python3.8/site-packages/airflow/example_dags/plugins/workday.py took 0.638 seconds
[2024-04-06T23:54:32.141+0000] {processor.py:161} INFO - Started process (PID=70229) to work on /home/malangdataguy/miniconda3/envs/airflow_mdg/lib/python3.8/site-packages/airflow/example_dags/plugins/workday.py
[2024-04-06T23:54:32.144+0000] {processor.py:830} INFO - Processing file /home/malangdataguy/miniconda3/envs/airflow_mdg/lib/python3.8/site-packages/airflow/example_dags/plugins/workday.py for tasks to queue
[2024-04-06T23:54:32.146+0000] {logging_mixin.py:188} INFO - [2024-04-06T23:54:32.145+0000] {dagbag.py:540} INFO - Filling up the DagBag from /home/malangdataguy/miniconda3/envs/airflow_mdg/lib/python3.8/site-packages/airflow/example_dags/plugins/workday.py
[2024-04-06T23:54:32.829+0000] {processor.py:842} WARNING - No viable dags retrieved from /home/malangdataguy/miniconda3/envs/airflow_mdg/lib/python3.8/site-packages/airflow/example_dags/plugins/workday.py
[2024-04-06T23:54:32.840+0000] {processor.py:183} INFO - Processing /home/malangdataguy/miniconda3/envs/airflow_mdg/lib/python3.8/site-packages/airflow/example_dags/plugins/workday.py took 0.704 seconds
[2024-04-06T23:55:13.581+0000] {processor.py:161} INFO - Started process (PID=70270) to work on /home/malangdataguy/miniconda3/envs/airflow_mdg/lib/python3.8/site-packages/airflow/example_dags/plugins/workday.py
[2024-04-06T23:55:13.584+0000] {processor.py:830} INFO - Processing file /home/malangdataguy/miniconda3/envs/airflow_mdg/lib/python3.8/site-packages/airflow/example_dags/plugins/workday.py for tasks to queue
[2024-04-06T23:55:13.586+0000] {logging_mixin.py:188} INFO - [2024-04-06T23:55:13.585+0000] {dagbag.py:540} INFO - Filling up the DagBag from /home/malangdataguy/miniconda3/envs/airflow_mdg/lib/python3.8/site-packages/airflow/example_dags/plugins/workday.py
[2024-04-06T23:55:14.224+0000] {processor.py:842} WARNING - No viable dags retrieved from /home/malangdataguy/miniconda3/envs/airflow_mdg/lib/python3.8/site-packages/airflow/example_dags/plugins/workday.py
[2024-04-06T23:55:14.233+0000] {processor.py:183} INFO - Processing /home/malangdataguy/miniconda3/envs/airflow_mdg/lib/python3.8/site-packages/airflow/example_dags/plugins/workday.py took 0.657 seconds
[2024-04-06T23:55:56.111+0000] {processor.py:161} INFO - Started process (PID=70313) to work on /home/malangdataguy/miniconda3/envs/airflow_mdg/lib/python3.8/site-packages/airflow/example_dags/plugins/workday.py
[2024-04-06T23:55:56.113+0000] {processor.py:830} INFO - Processing file /home/malangdataguy/miniconda3/envs/airflow_mdg/lib/python3.8/site-packages/airflow/example_dags/plugins/workday.py for tasks to queue
[2024-04-06T23:55:56.115+0000] {logging_mixin.py:188} INFO - [2024-04-06T23:55:56.114+0000] {dagbag.py:540} INFO - Filling up the DagBag from /home/malangdataguy/miniconda3/envs/airflow_mdg/lib/python3.8/site-packages/airflow/example_dags/plugins/workday.py
[2024-04-06T23:55:56.701+0000] {processor.py:842} WARNING - No viable dags retrieved from /home/malangdataguy/miniconda3/envs/airflow_mdg/lib/python3.8/site-packages/airflow/example_dags/plugins/workday.py
[2024-04-06T23:55:56.710+0000] {processor.py:183} INFO - Processing /home/malangdataguy/miniconda3/envs/airflow_mdg/lib/python3.8/site-packages/airflow/example_dags/plugins/workday.py took 0.604 seconds
